[2024-09-01T04:29:16.870+0000] {processor.py:186} INFO - Started process (PID=2189) to work on /home/ubuntu/airflow_snow/lib/python3.12/site-packages/airflow/example_dags/example_dag_decorator.py
[2024-09-01T04:29:16.870+0000] {processor.py:914} INFO - Processing file /home/ubuntu/airflow_snow/lib/python3.12/site-packages/airflow/example_dags/example_dag_decorator.py for tasks to queue
[2024-09-01T04:29:16.873+0000] {logging_mixin.py:190} INFO - [2024-09-01T04:29:16.871+0000] {dagbag.py:587} INFO - Filling up the DagBag from /home/ubuntu/airflow_snow/lib/python3.12/site-packages/airflow/example_dags/example_dag_decorator.py
[2024-09-01T04:29:16.883+0000] {processor.py:925} INFO - DAG(s) 'example_dag_decorator' retrieved from /home/ubuntu/airflow_snow/lib/python3.12/site-packages/airflow/example_dags/example_dag_decorator.py
[2024-09-01T04:29:16.989+0000] {logging_mixin.py:190} INFO - [2024-09-01T04:29:16.989+0000] {override.py:1900} INFO - Created Permission View: can delete on DAG:example_dag_decorator
[2024-09-01T04:29:17.002+0000] {logging_mixin.py:190} INFO - [2024-09-01T04:29:17.002+0000] {override.py:1900} INFO - Created Permission View: can read on DAG:example_dag_decorator
[2024-09-01T04:29:17.013+0000] {logging_mixin.py:190} INFO - [2024-09-01T04:29:17.013+0000] {override.py:1900} INFO - Created Permission View: can edit on DAG:example_dag_decorator
[2024-09-01T04:29:17.033+0000] {logging_mixin.py:190} INFO - [2024-09-01T04:29:17.032+0000] {override.py:1900} INFO - Created Permission View: menu access on DAG Run:example_dag_decorator
[2024-09-01T04:29:17.044+0000] {logging_mixin.py:190} INFO - [2024-09-01T04:29:17.044+0000] {override.py:1900} INFO - Created Permission View: can create on DAG Run:example_dag_decorator
[2024-09-01T04:29:17.056+0000] {logging_mixin.py:190} INFO - [2024-09-01T04:29:17.056+0000] {override.py:1900} INFO - Created Permission View: can read on DAG Run:example_dag_decorator
[2024-09-01T04:29:17.068+0000] {logging_mixin.py:190} INFO - [2024-09-01T04:29:17.068+0000] {override.py:1900} INFO - Created Permission View: can delete on DAG Run:example_dag_decorator
[2024-09-01T04:29:17.068+0000] {logging_mixin.py:190} INFO - [2024-09-01T04:29:17.068+0000] {dag.py:3211} INFO - Sync 1 DAGs
[2024-09-01T04:29:17.078+0000] {logging_mixin.py:190} INFO - [2024-09-01T04:29:17.078+0000] {dag.py:3234} INFO - Creating ORM DAG for example_dag_decorator
[2024-09-01T04:29:17.079+0000] {logging_mixin.py:190} INFO - [2024-09-01T04:29:17.079+0000] {dag.py:4138} INFO - Setting next_dagrun for example_dag_decorator to None, run_after=None
[2024-09-01T04:29:17.100+0000] {processor.py:208} INFO - Processing /home/ubuntu/airflow_snow/lib/python3.12/site-packages/airflow/example_dags/example_dag_decorator.py took 0.235 seconds
[2024-09-01T04:30:14.727+0000] {processor.py:186} INFO - Started process (PID=2247) to work on /home/ubuntu/airflow_snow/lib/python3.12/site-packages/airflow/example_dags/example_dag_decorator.py
[2024-09-01T04:30:14.729+0000] {processor.py:914} INFO - Processing file /home/ubuntu/airflow_snow/lib/python3.12/site-packages/airflow/example_dags/example_dag_decorator.py for tasks to queue
[2024-09-01T04:30:14.731+0000] {logging_mixin.py:190} INFO - [2024-09-01T04:30:14.730+0000] {dagbag.py:587} INFO - Filling up the DagBag from /home/ubuntu/airflow_snow/lib/python3.12/site-packages/airflow/example_dags/example_dag_decorator.py
[2024-09-01T04:30:14.742+0000] {processor.py:925} INFO - DAG(s) 'example_dag_decorator' retrieved from /home/ubuntu/airflow_snow/lib/python3.12/site-packages/airflow/example_dags/example_dag_decorator.py
[2024-09-01T04:30:14.833+0000] {logging_mixin.py:190} INFO - [2024-09-01T04:30:14.833+0000] {dag.py:3211} INFO - Sync 1 DAGs
[2024-09-01T04:30:14.842+0000] {logging_mixin.py:190} INFO - [2024-09-01T04:30:14.842+0000] {dag.py:4138} INFO - Setting next_dagrun for example_dag_decorator to None, run_after=None
[2024-09-01T04:30:14.864+0000] {processor.py:208} INFO - Processing /home/ubuntu/airflow_snow/lib/python3.12/site-packages/airflow/example_dags/example_dag_decorator.py took 0.142 seconds
[2024-09-01T04:31:10.072+0000] {processor.py:186} INFO - Started process (PID=2308) to work on /home/ubuntu/airflow_snow/lib/python3.12/site-packages/airflow/example_dags/example_dag_decorator.py
[2024-09-01T04:31:10.073+0000] {processor.py:914} INFO - Processing file /home/ubuntu/airflow_snow/lib/python3.12/site-packages/airflow/example_dags/example_dag_decorator.py for tasks to queue
[2024-09-01T04:31:10.075+0000] {logging_mixin.py:190} INFO - [2024-09-01T04:31:10.074+0000] {dagbag.py:587} INFO - Filling up the DagBag from /home/ubuntu/airflow_snow/lib/python3.12/site-packages/airflow/example_dags/example_dag_decorator.py
[2024-09-01T04:31:10.086+0000] {processor.py:925} INFO - DAG(s) 'example_dag_decorator' retrieved from /home/ubuntu/airflow_snow/lib/python3.12/site-packages/airflow/example_dags/example_dag_decorator.py
[2024-09-01T04:31:10.175+0000] {logging_mixin.py:190} INFO - [2024-09-01T04:31:10.175+0000] {dag.py:3211} INFO - Sync 1 DAGs
[2024-09-01T04:31:10.184+0000] {logging_mixin.py:190} INFO - [2024-09-01T04:31:10.184+0000] {dag.py:4138} INFO - Setting next_dagrun for example_dag_decorator to None, run_after=None
[2024-09-01T04:31:10.205+0000] {processor.py:208} INFO - Processing /home/ubuntu/airflow_snow/lib/python3.12/site-packages/airflow/example_dags/example_dag_decorator.py took 0.138 seconds
[2024-09-01T04:32:20.940+0000] {processor.py:186} INFO - Started process (PID=2383) to work on /home/ubuntu/airflow_snow/lib/python3.12/site-packages/airflow/example_dags/example_dag_decorator.py
[2024-09-01T04:32:20.942+0000] {processor.py:914} INFO - Processing file /home/ubuntu/airflow_snow/lib/python3.12/site-packages/airflow/example_dags/example_dag_decorator.py for tasks to queue
[2024-09-01T04:32:20.943+0000] {logging_mixin.py:190} INFO - [2024-09-01T04:32:20.943+0000] {dagbag.py:587} INFO - Filling up the DagBag from /home/ubuntu/airflow_snow/lib/python3.12/site-packages/airflow/example_dags/example_dag_decorator.py
[2024-09-01T04:32:20.954+0000] {processor.py:925} INFO - DAG(s) 'example_dag_decorator' retrieved from /home/ubuntu/airflow_snow/lib/python3.12/site-packages/airflow/example_dags/example_dag_decorator.py
[2024-09-01T04:32:21.043+0000] {logging_mixin.py:190} INFO - [2024-09-01T04:32:21.043+0000] {dag.py:3211} INFO - Sync 1 DAGs
[2024-09-01T04:32:21.053+0000] {logging_mixin.py:190} INFO - [2024-09-01T04:32:21.052+0000] {dag.py:4138} INFO - Setting next_dagrun for example_dag_decorator to None, run_after=None
[2024-09-01T04:32:21.074+0000] {processor.py:208} INFO - Processing /home/ubuntu/airflow_snow/lib/python3.12/site-packages/airflow/example_dags/example_dag_decorator.py took 0.140 seconds
[2024-09-01T04:33:34.657+0000] {processor.py:186} INFO - Started process (PID=2458) to work on /home/ubuntu/airflow_snow/lib/python3.12/site-packages/airflow/example_dags/example_dag_decorator.py
[2024-09-01T04:33:34.659+0000] {processor.py:914} INFO - Processing file /home/ubuntu/airflow_snow/lib/python3.12/site-packages/airflow/example_dags/example_dag_decorator.py for tasks to queue
[2024-09-01T04:33:34.661+0000] {logging_mixin.py:190} INFO - [2024-09-01T04:33:34.661+0000] {dagbag.py:587} INFO - Filling up the DagBag from /home/ubuntu/airflow_snow/lib/python3.12/site-packages/airflow/example_dags/example_dag_decorator.py
[2024-09-01T04:33:34.672+0000] {processor.py:925} INFO - DAG(s) 'example_dag_decorator' retrieved from /home/ubuntu/airflow_snow/lib/python3.12/site-packages/airflow/example_dags/example_dag_decorator.py
[2024-09-01T04:33:34.761+0000] {logging_mixin.py:190} INFO - [2024-09-01T04:33:34.760+0000] {dag.py:3211} INFO - Sync 1 DAGs
[2024-09-01T04:33:34.771+0000] {logging_mixin.py:190} INFO - [2024-09-01T04:33:34.771+0000] {dag.py:4138} INFO - Setting next_dagrun for example_dag_decorator to None, run_after=None
[2024-09-01T04:33:34.795+0000] {processor.py:208} INFO - Processing /home/ubuntu/airflow_snow/lib/python3.12/site-packages/airflow/example_dags/example_dag_decorator.py took 0.144 seconds
[2024-09-01T04:34:28.814+0000] {processor.py:186} INFO - Started process (PID=2515) to work on /home/ubuntu/airflow_snow/lib/python3.12/site-packages/airflow/example_dags/example_dag_decorator.py
[2024-09-01T04:34:28.815+0000] {processor.py:914} INFO - Processing file /home/ubuntu/airflow_snow/lib/python3.12/site-packages/airflow/example_dags/example_dag_decorator.py for tasks to queue
[2024-09-01T04:34:28.817+0000] {logging_mixin.py:190} INFO - [2024-09-01T04:34:28.817+0000] {dagbag.py:587} INFO - Filling up the DagBag from /home/ubuntu/airflow_snow/lib/python3.12/site-packages/airflow/example_dags/example_dag_decorator.py
[2024-09-01T04:34:28.829+0000] {processor.py:925} INFO - DAG(s) 'example_dag_decorator' retrieved from /home/ubuntu/airflow_snow/lib/python3.12/site-packages/airflow/example_dags/example_dag_decorator.py
[2024-09-01T04:34:28.919+0000] {logging_mixin.py:190} INFO - [2024-09-01T04:34:28.919+0000] {dag.py:3211} INFO - Sync 1 DAGs
[2024-09-01T04:34:28.929+0000] {logging_mixin.py:190} INFO - [2024-09-01T04:34:28.929+0000] {dag.py:4138} INFO - Setting next_dagrun for example_dag_decorator to None, run_after=None
[2024-09-01T04:34:28.951+0000] {processor.py:208} INFO - Processing /home/ubuntu/airflow_snow/lib/python3.12/site-packages/airflow/example_dags/example_dag_decorator.py took 0.142 seconds
[2024-09-01T04:35:41.309+0000] {processor.py:186} INFO - Started process (PID=2594) to work on /home/ubuntu/airflow_snow/lib/python3.12/site-packages/airflow/example_dags/example_dag_decorator.py
[2024-09-01T04:35:41.311+0000] {processor.py:914} INFO - Processing file /home/ubuntu/airflow_snow/lib/python3.12/site-packages/airflow/example_dags/example_dag_decorator.py for tasks to queue
[2024-09-01T04:35:41.313+0000] {logging_mixin.py:190} INFO - [2024-09-01T04:35:41.313+0000] {dagbag.py:587} INFO - Filling up the DagBag from /home/ubuntu/airflow_snow/lib/python3.12/site-packages/airflow/example_dags/example_dag_decorator.py
[2024-09-01T04:35:41.324+0000] {processor.py:925} INFO - DAG(s) 'example_dag_decorator' retrieved from /home/ubuntu/airflow_snow/lib/python3.12/site-packages/airflow/example_dags/example_dag_decorator.py
[2024-09-01T04:35:41.414+0000] {logging_mixin.py:190} INFO - [2024-09-01T04:35:41.414+0000] {dag.py:3211} INFO - Sync 1 DAGs
[2024-09-01T04:35:41.423+0000] {logging_mixin.py:190} INFO - [2024-09-01T04:35:41.423+0000] {dag.py:4138} INFO - Setting next_dagrun for example_dag_decorator to None, run_after=None
[2024-09-01T04:35:41.446+0000] {processor.py:208} INFO - Processing /home/ubuntu/airflow_snow/lib/python3.12/site-packages/airflow/example_dags/example_dag_decorator.py took 0.142 seconds
[2024-09-01T04:36:58.241+0000] {processor.py:186} INFO - Started process (PID=2671) to work on /home/ubuntu/airflow_snow/lib/python3.12/site-packages/airflow/example_dags/example_dag_decorator.py
[2024-09-01T04:36:58.242+0000] {processor.py:914} INFO - Processing file /home/ubuntu/airflow_snow/lib/python3.12/site-packages/airflow/example_dags/example_dag_decorator.py for tasks to queue
[2024-09-01T04:36:58.246+0000] {logging_mixin.py:190} INFO - [2024-09-01T04:36:58.244+0000] {dagbag.py:587} INFO - Filling up the DagBag from /home/ubuntu/airflow_snow/lib/python3.12/site-packages/airflow/example_dags/example_dag_decorator.py
[2024-09-01T04:36:58.256+0000] {processor.py:925} INFO - DAG(s) 'example_dag_decorator' retrieved from /home/ubuntu/airflow_snow/lib/python3.12/site-packages/airflow/example_dags/example_dag_decorator.py
[2024-09-01T04:36:58.346+0000] {logging_mixin.py:190} INFO - [2024-09-01T04:36:58.346+0000] {dag.py:3211} INFO - Sync 1 DAGs
[2024-09-01T04:36:58.355+0000] {logging_mixin.py:190} INFO - [2024-09-01T04:36:58.355+0000] {dag.py:4138} INFO - Setting next_dagrun for example_dag_decorator to None, run_after=None
[2024-09-01T04:36:58.379+0000] {processor.py:208} INFO - Processing /home/ubuntu/airflow_snow/lib/python3.12/site-packages/airflow/example_dags/example_dag_decorator.py took 0.143 seconds
[2024-09-01T04:37:49.915+0000] {processor.py:186} INFO - Started process (PID=2724) to work on /home/ubuntu/airflow_snow/lib/python3.12/site-packages/airflow/example_dags/example_dag_decorator.py
[2024-09-01T04:37:49.917+0000] {processor.py:914} INFO - Processing file /home/ubuntu/airflow_snow/lib/python3.12/site-packages/airflow/example_dags/example_dag_decorator.py for tasks to queue
[2024-09-01T04:37:49.919+0000] {logging_mixin.py:190} INFO - [2024-09-01T04:37:49.918+0000] {dagbag.py:587} INFO - Filling up the DagBag from /home/ubuntu/airflow_snow/lib/python3.12/site-packages/airflow/example_dags/example_dag_decorator.py
[2024-09-01T04:37:49.930+0000] {processor.py:925} INFO - DAG(s) 'example_dag_decorator' retrieved from /home/ubuntu/airflow_snow/lib/python3.12/site-packages/airflow/example_dags/example_dag_decorator.py
[2024-09-01T04:37:49.948+0000] {logging_mixin.py:190} INFO - [2024-09-01T04:37:49.948+0000] {dag.py:3211} INFO - Sync 1 DAGs
[2024-09-01T04:37:49.959+0000] {logging_mixin.py:190} INFO - [2024-09-01T04:37:49.959+0000] {dag.py:4138} INFO - Setting next_dagrun for example_dag_decorator to None, run_after=None
[2024-09-01T04:37:49.983+0000] {processor.py:208} INFO - Processing /home/ubuntu/airflow_snow/lib/python3.12/site-packages/airflow/example_dags/example_dag_decorator.py took 0.074 seconds
[2024-09-01T04:39:07.183+0000] {processor.py:186} INFO - Started process (PID=2801) to work on /home/ubuntu/airflow_snow/lib/python3.12/site-packages/airflow/example_dags/example_dag_decorator.py
[2024-09-01T04:39:07.186+0000] {processor.py:914} INFO - Processing file /home/ubuntu/airflow_snow/lib/python3.12/site-packages/airflow/example_dags/example_dag_decorator.py for tasks to queue
[2024-09-01T04:39:07.187+0000] {logging_mixin.py:190} INFO - [2024-09-01T04:39:07.187+0000] {dagbag.py:587} INFO - Filling up the DagBag from /home/ubuntu/airflow_snow/lib/python3.12/site-packages/airflow/example_dags/example_dag_decorator.py
[2024-09-01T04:39:07.199+0000] {processor.py:925} INFO - DAG(s) 'example_dag_decorator' retrieved from /home/ubuntu/airflow_snow/lib/python3.12/site-packages/airflow/example_dags/example_dag_decorator.py
[2024-09-01T04:39:07.291+0000] {logging_mixin.py:190} INFO - [2024-09-01T04:39:07.290+0000] {dag.py:3211} INFO - Sync 1 DAGs
[2024-09-01T04:39:07.300+0000] {logging_mixin.py:190} INFO - [2024-09-01T04:39:07.299+0000] {dag.py:4138} INFO - Setting next_dagrun for example_dag_decorator to None, run_after=None
[2024-09-01T04:39:07.326+0000] {processor.py:208} INFO - Processing /home/ubuntu/airflow_snow/lib/python3.12/site-packages/airflow/example_dags/example_dag_decorator.py took 0.148 seconds
[2024-09-01T04:39:58.719+0000] {processor.py:186} INFO - Started process (PID=2855) to work on /home/ubuntu/airflow_snow/lib/python3.12/site-packages/airflow/example_dags/example_dag_decorator.py
[2024-09-01T04:39:58.721+0000] {processor.py:914} INFO - Processing file /home/ubuntu/airflow_snow/lib/python3.12/site-packages/airflow/example_dags/example_dag_decorator.py for tasks to queue
[2024-09-01T04:39:58.723+0000] {logging_mixin.py:190} INFO - [2024-09-01T04:39:58.722+0000] {dagbag.py:587} INFO - Filling up the DagBag from /home/ubuntu/airflow_snow/lib/python3.12/site-packages/airflow/example_dags/example_dag_decorator.py
[2024-09-01T04:39:58.734+0000] {processor.py:925} INFO - DAG(s) 'example_dag_decorator' retrieved from /home/ubuntu/airflow_snow/lib/python3.12/site-packages/airflow/example_dags/example_dag_decorator.py
[2024-09-01T04:39:58.825+0000] {logging_mixin.py:190} INFO - [2024-09-01T04:39:58.825+0000] {dag.py:3211} INFO - Sync 1 DAGs
[2024-09-01T04:39:58.833+0000] {logging_mixin.py:190} INFO - [2024-09-01T04:39:58.833+0000] {dag.py:4138} INFO - Setting next_dagrun for example_dag_decorator to None, run_after=None
[2024-09-01T04:39:58.855+0000] {processor.py:208} INFO - Processing /home/ubuntu/airflow_snow/lib/python3.12/site-packages/airflow/example_dags/example_dag_decorator.py took 0.141 seconds
[2024-09-01T04:41:17.127+0000] {processor.py:186} INFO - Started process (PID=2938) to work on /home/ubuntu/airflow_snow/lib/python3.12/site-packages/airflow/example_dags/example_dag_decorator.py
[2024-09-01T04:41:17.129+0000] {processor.py:914} INFO - Processing file /home/ubuntu/airflow_snow/lib/python3.12/site-packages/airflow/example_dags/example_dag_decorator.py for tasks to queue
[2024-09-01T04:41:17.131+0000] {logging_mixin.py:190} INFO - [2024-09-01T04:41:17.131+0000] {dagbag.py:587} INFO - Filling up the DagBag from /home/ubuntu/airflow_snow/lib/python3.12/site-packages/airflow/example_dags/example_dag_decorator.py
[2024-09-01T04:41:17.143+0000] {processor.py:925} INFO - DAG(s) 'example_dag_decorator' retrieved from /home/ubuntu/airflow_snow/lib/python3.12/site-packages/airflow/example_dags/example_dag_decorator.py
[2024-09-01T04:41:17.236+0000] {logging_mixin.py:190} INFO - [2024-09-01T04:41:17.236+0000] {dag.py:3211} INFO - Sync 1 DAGs
[2024-09-01T04:41:17.246+0000] {logging_mixin.py:190} INFO - [2024-09-01T04:41:17.246+0000] {dag.py:4138} INFO - Setting next_dagrun for example_dag_decorator to None, run_after=None
[2024-09-01T04:41:17.270+0000] {processor.py:208} INFO - Processing /home/ubuntu/airflow_snow/lib/python3.12/site-packages/airflow/example_dags/example_dag_decorator.py took 0.148 seconds
[2024-09-01T04:42:31.490+0000] {processor.py:186} INFO - Started process (PID=3014) to work on /home/ubuntu/airflow_snow/lib/python3.12/site-packages/airflow/example_dags/example_dag_decorator.py
[2024-09-01T04:42:31.493+0000] {processor.py:914} INFO - Processing file /home/ubuntu/airflow_snow/lib/python3.12/site-packages/airflow/example_dags/example_dag_decorator.py for tasks to queue
[2024-09-01T04:42:31.494+0000] {logging_mixin.py:190} INFO - [2024-09-01T04:42:31.494+0000] {dagbag.py:587} INFO - Filling up the DagBag from /home/ubuntu/airflow_snow/lib/python3.12/site-packages/airflow/example_dags/example_dag_decorator.py
[2024-09-01T04:42:31.505+0000] {processor.py:925} INFO - DAG(s) 'example_dag_decorator' retrieved from /home/ubuntu/airflow_snow/lib/python3.12/site-packages/airflow/example_dags/example_dag_decorator.py
[2024-09-01T04:42:31.594+0000] {logging_mixin.py:190} INFO - [2024-09-01T04:42:31.594+0000] {dag.py:3211} INFO - Sync 1 DAGs
[2024-09-01T04:42:31.603+0000] {logging_mixin.py:190} INFO - [2024-09-01T04:42:31.603+0000] {dag.py:4138} INFO - Setting next_dagrun for example_dag_decorator to None, run_after=None
[2024-09-01T04:42:31.624+0000] {processor.py:208} INFO - Processing /home/ubuntu/airflow_snow/lib/python3.12/site-packages/airflow/example_dags/example_dag_decorator.py took 0.140 seconds
[2024-09-01T04:43:44.387+0000] {processor.py:186} INFO - Started process (PID=3089) to work on /home/ubuntu/airflow_snow/lib/python3.12/site-packages/airflow/example_dags/example_dag_decorator.py
[2024-09-01T04:43:44.391+0000] {processor.py:914} INFO - Processing file /home/ubuntu/airflow_snow/lib/python3.12/site-packages/airflow/example_dags/example_dag_decorator.py for tasks to queue
[2024-09-01T04:43:44.393+0000] {logging_mixin.py:190} INFO - [2024-09-01T04:43:44.392+0000] {dagbag.py:587} INFO - Filling up the DagBag from /home/ubuntu/airflow_snow/lib/python3.12/site-packages/airflow/example_dags/example_dag_decorator.py
[2024-09-01T04:43:44.403+0000] {processor.py:925} INFO - DAG(s) 'example_dag_decorator' retrieved from /home/ubuntu/airflow_snow/lib/python3.12/site-packages/airflow/example_dags/example_dag_decorator.py
[2024-09-01T04:43:44.494+0000] {logging_mixin.py:190} INFO - [2024-09-01T04:43:44.494+0000] {dag.py:3211} INFO - Sync 1 DAGs
[2024-09-01T04:43:44.504+0000] {logging_mixin.py:190} INFO - [2024-09-01T04:43:44.504+0000] {dag.py:4138} INFO - Setting next_dagrun for example_dag_decorator to None, run_after=None
[2024-09-01T04:43:44.527+0000] {processor.py:208} INFO - Processing /home/ubuntu/airflow_snow/lib/python3.12/site-packages/airflow/example_dags/example_dag_decorator.py took 0.144 seconds
[2024-09-01T04:44:34.212+0000] {processor.py:186} INFO - Started process (PID=3144) to work on /home/ubuntu/airflow_snow/lib/python3.12/site-packages/airflow/example_dags/example_dag_decorator.py
[2024-09-01T04:44:34.213+0000] {processor.py:914} INFO - Processing file /home/ubuntu/airflow_snow/lib/python3.12/site-packages/airflow/example_dags/example_dag_decorator.py for tasks to queue
[2024-09-01T04:44:34.215+0000] {logging_mixin.py:190} INFO - [2024-09-01T04:44:34.215+0000] {dagbag.py:587} INFO - Filling up the DagBag from /home/ubuntu/airflow_snow/lib/python3.12/site-packages/airflow/example_dags/example_dag_decorator.py
[2024-09-01T04:44:34.226+0000] {processor.py:925} INFO - DAG(s) 'example_dag_decorator' retrieved from /home/ubuntu/airflow_snow/lib/python3.12/site-packages/airflow/example_dags/example_dag_decorator.py
[2024-09-01T04:44:34.316+0000] {logging_mixin.py:190} INFO - [2024-09-01T04:44:34.316+0000] {dag.py:3211} INFO - Sync 1 DAGs
[2024-09-01T04:44:34.325+0000] {logging_mixin.py:190} INFO - [2024-09-01T04:44:34.325+0000] {dag.py:4138} INFO - Setting next_dagrun for example_dag_decorator to None, run_after=None
[2024-09-01T04:44:34.350+0000] {processor.py:208} INFO - Processing /home/ubuntu/airflow_snow/lib/python3.12/site-packages/airflow/example_dags/example_dag_decorator.py took 0.143 seconds
[2024-09-01T04:45:43.226+0000] {processor.py:186} INFO - Started process (PID=3222) to work on /home/ubuntu/airflow_snow/lib/python3.12/site-packages/airflow/example_dags/example_dag_decorator.py
[2024-09-01T04:45:43.228+0000] {processor.py:914} INFO - Processing file /home/ubuntu/airflow_snow/lib/python3.12/site-packages/airflow/example_dags/example_dag_decorator.py for tasks to queue
[2024-09-01T04:45:43.230+0000] {logging_mixin.py:190} INFO - [2024-09-01T04:45:43.229+0000] {dagbag.py:587} INFO - Filling up the DagBag from /home/ubuntu/airflow_snow/lib/python3.12/site-packages/airflow/example_dags/example_dag_decorator.py
[2024-09-01T04:45:43.241+0000] {processor.py:925} INFO - DAG(s) 'example_dag_decorator' retrieved from /home/ubuntu/airflow_snow/lib/python3.12/site-packages/airflow/example_dags/example_dag_decorator.py
[2024-09-01T04:45:43.330+0000] {logging_mixin.py:190} INFO - [2024-09-01T04:45:43.330+0000] {dag.py:3211} INFO - Sync 1 DAGs
[2024-09-01T04:45:43.339+0000] {logging_mixin.py:190} INFO - [2024-09-01T04:45:43.339+0000] {dag.py:4138} INFO - Setting next_dagrun for example_dag_decorator to None, run_after=None
[2024-09-01T04:45:43.361+0000] {processor.py:208} INFO - Processing /home/ubuntu/airflow_snow/lib/python3.12/site-packages/airflow/example_dags/example_dag_decorator.py took 0.141 seconds
[2024-09-01T04:46:55.628+0000] {processor.py:186} INFO - Started process (PID=3297) to work on /home/ubuntu/airflow_snow/lib/python3.12/site-packages/airflow/example_dags/example_dag_decorator.py
[2024-09-01T04:46:55.630+0000] {processor.py:914} INFO - Processing file /home/ubuntu/airflow_snow/lib/python3.12/site-packages/airflow/example_dags/example_dag_decorator.py for tasks to queue
[2024-09-01T04:46:55.632+0000] {logging_mixin.py:190} INFO - [2024-09-01T04:46:55.631+0000] {dagbag.py:587} INFO - Filling up the DagBag from /home/ubuntu/airflow_snow/lib/python3.12/site-packages/airflow/example_dags/example_dag_decorator.py
[2024-09-01T04:46:55.643+0000] {processor.py:925} INFO - DAG(s) 'example_dag_decorator' retrieved from /home/ubuntu/airflow_snow/lib/python3.12/site-packages/airflow/example_dags/example_dag_decorator.py
[2024-09-01T04:46:55.733+0000] {logging_mixin.py:190} INFO - [2024-09-01T04:46:55.732+0000] {dag.py:3211} INFO - Sync 1 DAGs
[2024-09-01T04:46:55.742+0000] {logging_mixin.py:190} INFO - [2024-09-01T04:46:55.742+0000] {dag.py:4138} INFO - Setting next_dagrun for example_dag_decorator to None, run_after=None
[2024-09-01T04:46:55.765+0000] {processor.py:208} INFO - Processing /home/ubuntu/airflow_snow/lib/python3.12/site-packages/airflow/example_dags/example_dag_decorator.py took 0.142 seconds
[2024-09-01T04:48:09.146+0000] {processor.py:186} INFO - Started process (PID=3372) to work on /home/ubuntu/airflow_snow/lib/python3.12/site-packages/airflow/example_dags/example_dag_decorator.py
[2024-09-01T04:48:09.147+0000] {processor.py:914} INFO - Processing file /home/ubuntu/airflow_snow/lib/python3.12/site-packages/airflow/example_dags/example_dag_decorator.py for tasks to queue
[2024-09-01T04:48:09.150+0000] {logging_mixin.py:190} INFO - [2024-09-01T04:48:09.150+0000] {dagbag.py:587} INFO - Filling up the DagBag from /home/ubuntu/airflow_snow/lib/python3.12/site-packages/airflow/example_dags/example_dag_decorator.py
[2024-09-01T04:48:09.161+0000] {processor.py:925} INFO - DAG(s) 'example_dag_decorator' retrieved from /home/ubuntu/airflow_snow/lib/python3.12/site-packages/airflow/example_dags/example_dag_decorator.py
[2024-09-01T04:48:09.254+0000] {logging_mixin.py:190} INFO - [2024-09-01T04:48:09.254+0000] {dag.py:3211} INFO - Sync 1 DAGs
[2024-09-01T04:48:09.263+0000] {logging_mixin.py:190} INFO - [2024-09-01T04:48:09.263+0000] {dag.py:4138} INFO - Setting next_dagrun for example_dag_decorator to None, run_after=None
[2024-09-01T04:48:09.287+0000] {processor.py:208} INFO - Processing /home/ubuntu/airflow_snow/lib/python3.12/site-packages/airflow/example_dags/example_dag_decorator.py took 0.147 seconds
[2024-09-01T04:49:23.508+0000] {processor.py:186} INFO - Started process (PID=3449) to work on /home/ubuntu/airflow_snow/lib/python3.12/site-packages/airflow/example_dags/example_dag_decorator.py
[2024-09-01T04:49:23.511+0000] {processor.py:914} INFO - Processing file /home/ubuntu/airflow_snow/lib/python3.12/site-packages/airflow/example_dags/example_dag_decorator.py for tasks to queue
[2024-09-01T04:49:23.512+0000] {logging_mixin.py:190} INFO - [2024-09-01T04:49:23.512+0000] {dagbag.py:587} INFO - Filling up the DagBag from /home/ubuntu/airflow_snow/lib/python3.12/site-packages/airflow/example_dags/example_dag_decorator.py
[2024-09-01T04:49:23.523+0000] {processor.py:925} INFO - DAG(s) 'example_dag_decorator' retrieved from /home/ubuntu/airflow_snow/lib/python3.12/site-packages/airflow/example_dags/example_dag_decorator.py
[2024-09-01T04:49:23.615+0000] {logging_mixin.py:190} INFO - [2024-09-01T04:49:23.615+0000] {dag.py:3211} INFO - Sync 1 DAGs
[2024-09-01T04:49:23.626+0000] {logging_mixin.py:190} INFO - [2024-09-01T04:49:23.626+0000] {dag.py:4138} INFO - Setting next_dagrun for example_dag_decorator to None, run_after=None
[2024-09-01T04:49:23.648+0000] {processor.py:208} INFO - Processing /home/ubuntu/airflow_snow/lib/python3.12/site-packages/airflow/example_dags/example_dag_decorator.py took 0.145 seconds
[2024-09-01T04:50:28.983+0000] {processor.py:186} INFO - Started process (PID=3522) to work on /home/ubuntu/airflow_snow/lib/python3.12/site-packages/airflow/example_dags/example_dag_decorator.py
[2024-09-01T04:50:28.985+0000] {processor.py:914} INFO - Processing file /home/ubuntu/airflow_snow/lib/python3.12/site-packages/airflow/example_dags/example_dag_decorator.py for tasks to queue
[2024-09-01T04:50:28.987+0000] {logging_mixin.py:190} INFO - [2024-09-01T04:50:28.987+0000] {dagbag.py:587} INFO - Filling up the DagBag from /home/ubuntu/airflow_snow/lib/python3.12/site-packages/airflow/example_dags/example_dag_decorator.py
[2024-09-01T04:50:28.999+0000] {processor.py:925} INFO - DAG(s) 'example_dag_decorator' retrieved from /home/ubuntu/airflow_snow/lib/python3.12/site-packages/airflow/example_dags/example_dag_decorator.py
[2024-09-01T04:50:29.091+0000] {logging_mixin.py:190} INFO - [2024-09-01T04:50:29.091+0000] {dag.py:3211} INFO - Sync 1 DAGs
[2024-09-01T04:50:29.102+0000] {logging_mixin.py:190} INFO - [2024-09-01T04:50:29.102+0000] {dag.py:4138} INFO - Setting next_dagrun for example_dag_decorator to None, run_after=None
[2024-09-01T04:50:29.127+0000] {processor.py:208} INFO - Processing /home/ubuntu/airflow_snow/lib/python3.12/site-packages/airflow/example_dags/example_dag_decorator.py took 0.149 seconds
[2024-09-01T04:51:43.238+0000] {processor.py:186} INFO - Started process (PID=3602) to work on /home/ubuntu/airflow_snow/lib/python3.12/site-packages/airflow/example_dags/example_dag_decorator.py
[2024-09-01T04:51:43.240+0000] {processor.py:914} INFO - Processing file /home/ubuntu/airflow_snow/lib/python3.12/site-packages/airflow/example_dags/example_dag_decorator.py for tasks to queue
[2024-09-01T04:51:43.242+0000] {logging_mixin.py:190} INFO - [2024-09-01T04:51:43.242+0000] {dagbag.py:587} INFO - Filling up the DagBag from /home/ubuntu/airflow_snow/lib/python3.12/site-packages/airflow/example_dags/example_dag_decorator.py
[2024-09-01T04:51:43.254+0000] {processor.py:925} INFO - DAG(s) 'example_dag_decorator' retrieved from /home/ubuntu/airflow_snow/lib/python3.12/site-packages/airflow/example_dags/example_dag_decorator.py
[2024-09-01T04:51:43.345+0000] {logging_mixin.py:190} INFO - [2024-09-01T04:51:43.345+0000] {dag.py:3211} INFO - Sync 1 DAGs
[2024-09-01T04:51:43.355+0000] {logging_mixin.py:190} INFO - [2024-09-01T04:51:43.355+0000] {dag.py:4138} INFO - Setting next_dagrun for example_dag_decorator to None, run_after=None
[2024-09-01T04:51:43.379+0000] {processor.py:208} INFO - Processing /home/ubuntu/airflow_snow/lib/python3.12/site-packages/airflow/example_dags/example_dag_decorator.py took 0.146 seconds
[2024-09-01T04:52:57.019+0000] {processor.py:186} INFO - Started process (PID=3678) to work on /home/ubuntu/airflow_snow/lib/python3.12/site-packages/airflow/example_dags/example_dag_decorator.py
[2024-09-01T04:52:57.021+0000] {processor.py:914} INFO - Processing file /home/ubuntu/airflow_snow/lib/python3.12/site-packages/airflow/example_dags/example_dag_decorator.py for tasks to queue
[2024-09-01T04:52:57.022+0000] {logging_mixin.py:190} INFO - [2024-09-01T04:52:57.022+0000] {dagbag.py:587} INFO - Filling up the DagBag from /home/ubuntu/airflow_snow/lib/python3.12/site-packages/airflow/example_dags/example_dag_decorator.py
[2024-09-01T04:52:57.034+0000] {processor.py:925} INFO - DAG(s) 'example_dag_decorator' retrieved from /home/ubuntu/airflow_snow/lib/python3.12/site-packages/airflow/example_dags/example_dag_decorator.py
[2024-09-01T04:52:57.125+0000] {logging_mixin.py:190} INFO - [2024-09-01T04:52:57.124+0000] {dag.py:3211} INFO - Sync 1 DAGs
[2024-09-01T04:52:57.134+0000] {logging_mixin.py:190} INFO - [2024-09-01T04:52:57.134+0000] {dag.py:4138} INFO - Setting next_dagrun for example_dag_decorator to None, run_after=None
[2024-09-01T04:52:57.157+0000] {processor.py:208} INFO - Processing /home/ubuntu/airflow_snow/lib/python3.12/site-packages/airflow/example_dags/example_dag_decorator.py took 0.144 seconds
