[2024-09-01T04:28:45.180+0000] {processor.py:186} INFO - Started process (PID=2164) to work on /home/ubuntu/airflow_snow/lib/python3.12/site-packages/airflow/example_dags/example_task_group_decorator.py
[2024-09-01T04:28:45.181+0000] {processor.py:914} INFO - Processing file /home/ubuntu/airflow_snow/lib/python3.12/site-packages/airflow/example_dags/example_task_group_decorator.py for tasks to queue
[2024-09-01T04:28:45.183+0000] {logging_mixin.py:190} INFO - [2024-09-01T04:28:45.183+0000] {dagbag.py:587} INFO - Filling up the DagBag from /home/ubuntu/airflow_snow/lib/python3.12/site-packages/airflow/example_dags/example_task_group_decorator.py
[2024-09-01T04:28:45.196+0000] {processor.py:925} INFO - DAG(s) 'example_task_group_decorator' retrieved from /home/ubuntu/airflow_snow/lib/python3.12/site-packages/airflow/example_dags/example_task_group_decorator.py
[2024-09-01T04:28:45.313+0000] {logging_mixin.py:190} INFO - [2024-09-01T04:28:45.311+0000] {override.py:1900} INFO - Created Permission View: can delete on DAG:example_task_group_decorator
[2024-09-01T04:28:45.330+0000] {logging_mixin.py:190} INFO - [2024-09-01T04:28:45.329+0000] {override.py:1900} INFO - Created Permission View: can read on DAG:example_task_group_decorator
[2024-09-01T04:28:45.344+0000] {logging_mixin.py:190} INFO - [2024-09-01T04:28:45.344+0000] {override.py:1900} INFO - Created Permission View: can edit on DAG:example_task_group_decorator
[2024-09-01T04:28:45.365+0000] {logging_mixin.py:190} INFO - [2024-09-01T04:28:45.365+0000] {override.py:1900} INFO - Created Permission View: menu access on DAG Run:example_task_group_decorator
[2024-09-01T04:28:45.380+0000] {logging_mixin.py:190} INFO - [2024-09-01T04:28:45.380+0000] {override.py:1900} INFO - Created Permission View: can create on DAG Run:example_task_group_decorator
[2024-09-01T04:28:45.393+0000] {logging_mixin.py:190} INFO - [2024-09-01T04:28:45.393+0000] {override.py:1900} INFO - Created Permission View: can read on DAG Run:example_task_group_decorator
[2024-09-01T04:28:45.405+0000] {logging_mixin.py:190} INFO - [2024-09-01T04:28:45.405+0000] {override.py:1900} INFO - Created Permission View: can delete on DAG Run:example_task_group_decorator
[2024-09-01T04:28:45.405+0000] {logging_mixin.py:190} INFO - [2024-09-01T04:28:45.405+0000] {dag.py:3211} INFO - Sync 1 DAGs
[2024-09-01T04:28:45.414+0000] {logging_mixin.py:190} INFO - [2024-09-01T04:28:45.414+0000] {dag.py:3234} INFO - Creating ORM DAG for example_task_group_decorator
[2024-09-01T04:28:45.422+0000] {logging_mixin.py:190} INFO - [2024-09-01T04:28:45.421+0000] {dag.py:4138} INFO - Setting next_dagrun for example_task_group_decorator to 2024-08-31 00:00:00+00:00, run_after=2024-09-01 00:00:00+00:00
[2024-09-01T04:28:45.444+0000] {processor.py:208} INFO - Processing /home/ubuntu/airflow_snow/lib/python3.12/site-packages/airflow/example_dags/example_task_group_decorator.py took 0.270 seconds
[2024-09-01T04:29:49.501+0000] {processor.py:186} INFO - Started process (PID=2220) to work on /home/ubuntu/airflow_snow/lib/python3.12/site-packages/airflow/example_dags/example_task_group_decorator.py
[2024-09-01T04:29:49.503+0000] {processor.py:914} INFO - Processing file /home/ubuntu/airflow_snow/lib/python3.12/site-packages/airflow/example_dags/example_task_group_decorator.py for tasks to queue
[2024-09-01T04:29:49.506+0000] {logging_mixin.py:190} INFO - [2024-09-01T04:29:49.506+0000] {dagbag.py:587} INFO - Filling up the DagBag from /home/ubuntu/airflow_snow/lib/python3.12/site-packages/airflow/example_dags/example_task_group_decorator.py
[2024-09-01T04:29:49.519+0000] {processor.py:925} INFO - DAG(s) 'example_task_group_decorator' retrieved from /home/ubuntu/airflow_snow/lib/python3.12/site-packages/airflow/example_dags/example_task_group_decorator.py
[2024-09-01T04:29:49.537+0000] {logging_mixin.py:190} INFO - [2024-09-01T04:29:49.537+0000] {dag.py:3211} INFO - Sync 1 DAGs
[2024-09-01T04:29:49.555+0000] {logging_mixin.py:190} INFO - [2024-09-01T04:29:49.555+0000] {dag.py:4138} INFO - Setting next_dagrun for example_task_group_decorator to 2024-08-31 00:00:00+00:00, run_after=2024-09-01 00:00:00+00:00
[2024-09-01T04:29:49.576+0000] {processor.py:208} INFO - Processing /home/ubuntu/airflow_snow/lib/python3.12/site-packages/airflow/example_dags/example_task_group_decorator.py took 0.083 seconds
[2024-09-01T04:30:43.327+0000] {processor.py:186} INFO - Started process (PID=2281) to work on /home/ubuntu/airflow_snow/lib/python3.12/site-packages/airflow/example_dags/example_task_group_decorator.py
[2024-09-01T04:30:43.329+0000] {processor.py:914} INFO - Processing file /home/ubuntu/airflow_snow/lib/python3.12/site-packages/airflow/example_dags/example_task_group_decorator.py for tasks to queue
[2024-09-01T04:30:43.331+0000] {logging_mixin.py:190} INFO - [2024-09-01T04:30:43.330+0000] {dagbag.py:587} INFO - Filling up the DagBag from /home/ubuntu/airflow_snow/lib/python3.12/site-packages/airflow/example_dags/example_task_group_decorator.py
[2024-09-01T04:30:43.345+0000] {processor.py:925} INFO - DAG(s) 'example_task_group_decorator' retrieved from /home/ubuntu/airflow_snow/lib/python3.12/site-packages/airflow/example_dags/example_task_group_decorator.py
[2024-09-01T04:30:43.363+0000] {logging_mixin.py:190} INFO - [2024-09-01T04:30:43.363+0000] {dag.py:3211} INFO - Sync 1 DAGs
[2024-09-01T04:30:43.382+0000] {logging_mixin.py:190} INFO - [2024-09-01T04:30:43.382+0000] {dag.py:4138} INFO - Setting next_dagrun for example_task_group_decorator to 2024-08-31 00:00:00+00:00, run_after=2024-09-01 00:00:00+00:00
[2024-09-01T04:30:43.404+0000] {processor.py:208} INFO - Processing /home/ubuntu/airflow_snow/lib/python3.12/site-packages/airflow/example_dags/example_task_group_decorator.py took 0.082 seconds
[2024-09-01T04:31:31.798+0000] {processor.py:186} INFO - Started process (PID=2332) to work on /home/ubuntu/airflow_snow/lib/python3.12/site-packages/airflow/example_dags/example_task_group_decorator.py
[2024-09-01T04:31:31.800+0000] {processor.py:914} INFO - Processing file /home/ubuntu/airflow_snow/lib/python3.12/site-packages/airflow/example_dags/example_task_group_decorator.py for tasks to queue
[2024-09-01T04:31:31.801+0000] {logging_mixin.py:190} INFO - [2024-09-01T04:31:31.801+0000] {dagbag.py:587} INFO - Filling up the DagBag from /home/ubuntu/airflow_snow/lib/python3.12/site-packages/airflow/example_dags/example_task_group_decorator.py
[2024-09-01T04:31:31.815+0000] {processor.py:925} INFO - DAG(s) 'example_task_group_decorator' retrieved from /home/ubuntu/airflow_snow/lib/python3.12/site-packages/airflow/example_dags/example_task_group_decorator.py
[2024-09-01T04:31:31.834+0000] {logging_mixin.py:190} INFO - [2024-09-01T04:31:31.834+0000] {dag.py:3211} INFO - Sync 1 DAGs
[2024-09-01T04:31:31.851+0000] {logging_mixin.py:190} INFO - [2024-09-01T04:31:31.851+0000] {dag.py:4138} INFO - Setting next_dagrun for example_task_group_decorator to 2024-08-31 00:00:00+00:00, run_after=2024-09-01 00:00:00+00:00
[2024-09-01T04:31:31.878+0000] {processor.py:208} INFO - Processing /home/ubuntu/airflow_snow/lib/python3.12/site-packages/airflow/example_dags/example_task_group_decorator.py took 0.086 seconds
[2024-09-01T04:32:18.902+0000] {processor.py:186} INFO - Started process (PID=2381) to work on /home/ubuntu/airflow_snow/lib/python3.12/site-packages/airflow/example_dags/example_task_group_decorator.py
[2024-09-01T04:32:18.903+0000] {processor.py:914} INFO - Processing file /home/ubuntu/airflow_snow/lib/python3.12/site-packages/airflow/example_dags/example_task_group_decorator.py for tasks to queue
[2024-09-01T04:32:18.906+0000] {logging_mixin.py:190} INFO - [2024-09-01T04:32:18.904+0000] {dagbag.py:587} INFO - Filling up the DagBag from /home/ubuntu/airflow_snow/lib/python3.12/site-packages/airflow/example_dags/example_task_group_decorator.py
[2024-09-01T04:32:18.919+0000] {processor.py:925} INFO - DAG(s) 'example_task_group_decorator' retrieved from /home/ubuntu/airflow_snow/lib/python3.12/site-packages/airflow/example_dags/example_task_group_decorator.py
[2024-09-01T04:32:18.938+0000] {logging_mixin.py:190} INFO - [2024-09-01T04:32:18.938+0000] {dag.py:3211} INFO - Sync 1 DAGs
[2024-09-01T04:32:18.955+0000] {logging_mixin.py:190} INFO - [2024-09-01T04:32:18.955+0000] {dag.py:4138} INFO - Setting next_dagrun for example_task_group_decorator to 2024-08-31 00:00:00+00:00, run_after=2024-09-01 00:00:00+00:00
[2024-09-01T04:32:18.979+0000] {processor.py:208} INFO - Processing /home/ubuntu/airflow_snow/lib/python3.12/site-packages/airflow/example_dags/example_task_group_decorator.py took 0.083 seconds
[2024-09-01T04:33:08.523+0000] {processor.py:186} INFO - Started process (PID=2431) to work on /home/ubuntu/airflow_snow/lib/python3.12/site-packages/airflow/example_dags/example_task_group_decorator.py
[2024-09-01T04:33:08.525+0000] {processor.py:914} INFO - Processing file /home/ubuntu/airflow_snow/lib/python3.12/site-packages/airflow/example_dags/example_task_group_decorator.py for tasks to queue
[2024-09-01T04:33:08.527+0000] {logging_mixin.py:190} INFO - [2024-09-01T04:33:08.527+0000] {dagbag.py:587} INFO - Filling up the DagBag from /home/ubuntu/airflow_snow/lib/python3.12/site-packages/airflow/example_dags/example_task_group_decorator.py
[2024-09-01T04:33:08.541+0000] {processor.py:925} INFO - DAG(s) 'example_task_group_decorator' retrieved from /home/ubuntu/airflow_snow/lib/python3.12/site-packages/airflow/example_dags/example_task_group_decorator.py
[2024-09-01T04:33:08.560+0000] {logging_mixin.py:190} INFO - [2024-09-01T04:33:08.560+0000] {dag.py:3211} INFO - Sync 1 DAGs
[2024-09-01T04:33:08.578+0000] {logging_mixin.py:190} INFO - [2024-09-01T04:33:08.578+0000] {dag.py:4138} INFO - Setting next_dagrun for example_task_group_decorator to 2024-08-31 00:00:00+00:00, run_after=2024-09-01 00:00:00+00:00
[2024-09-01T04:33:08.601+0000] {processor.py:208} INFO - Processing /home/ubuntu/airflow_snow/lib/python3.12/site-packages/airflow/example_dags/example_task_group_decorator.py took 0.082 seconds
[2024-09-01T04:33:58.714+0000] {processor.py:186} INFO - Started process (PID=2484) to work on /home/ubuntu/airflow_snow/lib/python3.12/site-packages/airflow/example_dags/example_task_group_decorator.py
[2024-09-01T04:33:58.717+0000] {processor.py:914} INFO - Processing file /home/ubuntu/airflow_snow/lib/python3.12/site-packages/airflow/example_dags/example_task_group_decorator.py for tasks to queue
[2024-09-01T04:33:58.719+0000] {logging_mixin.py:190} INFO - [2024-09-01T04:33:58.718+0000] {dagbag.py:587} INFO - Filling up the DagBag from /home/ubuntu/airflow_snow/lib/python3.12/site-packages/airflow/example_dags/example_task_group_decorator.py
[2024-09-01T04:33:58.732+0000] {processor.py:925} INFO - DAG(s) 'example_task_group_decorator' retrieved from /home/ubuntu/airflow_snow/lib/python3.12/site-packages/airflow/example_dags/example_task_group_decorator.py
[2024-09-01T04:33:58.750+0000] {logging_mixin.py:190} INFO - [2024-09-01T04:33:58.750+0000] {dag.py:3211} INFO - Sync 1 DAGs
[2024-09-01T04:33:58.768+0000] {logging_mixin.py:190} INFO - [2024-09-01T04:33:58.767+0000] {dag.py:4138} INFO - Setting next_dagrun for example_task_group_decorator to 2024-08-31 00:00:00+00:00, run_after=2024-09-01 00:00:00+00:00
[2024-09-01T04:33:58.790+0000] {processor.py:208} INFO - Processing /home/ubuntu/airflow_snow/lib/python3.12/site-packages/airflow/example_dags/example_task_group_decorator.py took 0.082 seconds
[2024-09-01T04:34:48.181+0000] {processor.py:186} INFO - Started process (PID=2536) to work on /home/ubuntu/airflow_snow/lib/python3.12/site-packages/airflow/example_dags/example_task_group_decorator.py
[2024-09-01T04:34:48.185+0000] {processor.py:914} INFO - Processing file /home/ubuntu/airflow_snow/lib/python3.12/site-packages/airflow/example_dags/example_task_group_decorator.py for tasks to queue
[2024-09-01T04:34:48.186+0000] {logging_mixin.py:190} INFO - [2024-09-01T04:34:48.186+0000] {dagbag.py:587} INFO - Filling up the DagBag from /home/ubuntu/airflow_snow/lib/python3.12/site-packages/airflow/example_dags/example_task_group_decorator.py
[2024-09-01T04:34:48.201+0000] {processor.py:925} INFO - DAG(s) 'example_task_group_decorator' retrieved from /home/ubuntu/airflow_snow/lib/python3.12/site-packages/airflow/example_dags/example_task_group_decorator.py
[2024-09-01T04:34:48.219+0000] {logging_mixin.py:190} INFO - [2024-09-01T04:34:48.219+0000] {dag.py:3211} INFO - Sync 1 DAGs
[2024-09-01T04:34:48.237+0000] {logging_mixin.py:190} INFO - [2024-09-01T04:34:48.237+0000] {dag.py:4138} INFO - Setting next_dagrun for example_task_group_decorator to 2024-08-31 00:00:00+00:00, run_after=2024-09-01 00:00:00+00:00
[2024-09-01T04:34:48.259+0000] {processor.py:208} INFO - Processing /home/ubuntu/airflow_snow/lib/python3.12/site-packages/airflow/example_dags/example_task_group_decorator.py took 0.082 seconds
[2024-09-01T04:35:37.389+0000] {processor.py:186} INFO - Started process (PID=2590) to work on /home/ubuntu/airflow_snow/lib/python3.12/site-packages/airflow/example_dags/example_task_group_decorator.py
[2024-09-01T04:35:37.391+0000] {processor.py:914} INFO - Processing file /home/ubuntu/airflow_snow/lib/python3.12/site-packages/airflow/example_dags/example_task_group_decorator.py for tasks to queue
[2024-09-01T04:35:37.393+0000] {logging_mixin.py:190} INFO - [2024-09-01T04:35:37.392+0000] {dagbag.py:587} INFO - Filling up the DagBag from /home/ubuntu/airflow_snow/lib/python3.12/site-packages/airflow/example_dags/example_task_group_decorator.py
[2024-09-01T04:35:37.406+0000] {processor.py:925} INFO - DAG(s) 'example_task_group_decorator' retrieved from /home/ubuntu/airflow_snow/lib/python3.12/site-packages/airflow/example_dags/example_task_group_decorator.py
[2024-09-01T04:35:37.423+0000] {logging_mixin.py:190} INFO - [2024-09-01T04:35:37.423+0000] {dag.py:3211} INFO - Sync 1 DAGs
[2024-09-01T04:35:37.441+0000] {logging_mixin.py:190} INFO - [2024-09-01T04:35:37.441+0000] {dag.py:4138} INFO - Setting next_dagrun for example_task_group_decorator to 2024-08-31 00:00:00+00:00, run_after=2024-09-01 00:00:00+00:00
[2024-09-01T04:35:37.463+0000] {processor.py:208} INFO - Processing /home/ubuntu/airflow_snow/lib/python3.12/site-packages/airflow/example_dags/example_task_group_decorator.py took 0.080 seconds
[2024-09-01T04:36:28.879+0000] {processor.py:186} INFO - Started process (PID=2641) to work on /home/ubuntu/airflow_snow/lib/python3.12/site-packages/airflow/example_dags/example_task_group_decorator.py
[2024-09-01T04:36:28.881+0000] {processor.py:914} INFO - Processing file /home/ubuntu/airflow_snow/lib/python3.12/site-packages/airflow/example_dags/example_task_group_decorator.py for tasks to queue
[2024-09-01T04:36:28.882+0000] {logging_mixin.py:190} INFO - [2024-09-01T04:36:28.882+0000] {dagbag.py:587} INFO - Filling up the DagBag from /home/ubuntu/airflow_snow/lib/python3.12/site-packages/airflow/example_dags/example_task_group_decorator.py
[2024-09-01T04:36:28.897+0000] {processor.py:925} INFO - DAG(s) 'example_task_group_decorator' retrieved from /home/ubuntu/airflow_snow/lib/python3.12/site-packages/airflow/example_dags/example_task_group_decorator.py
[2024-09-01T04:36:28.915+0000] {logging_mixin.py:190} INFO - [2024-09-01T04:36:28.915+0000] {dag.py:3211} INFO - Sync 1 DAGs
[2024-09-01T04:36:28.932+0000] {logging_mixin.py:190} INFO - [2024-09-01T04:36:28.932+0000] {dag.py:4138} INFO - Setting next_dagrun for example_task_group_decorator to 2024-08-31 00:00:00+00:00, run_after=2024-09-01 00:00:00+00:00
[2024-09-01T04:36:28.955+0000] {processor.py:208} INFO - Processing /home/ubuntu/airflow_snow/lib/python3.12/site-packages/airflow/example_dags/example_task_group_decorator.py took 0.081 seconds
[2024-09-01T04:37:21.897+0000] {processor.py:186} INFO - Started process (PID=2695) to work on /home/ubuntu/airflow_snow/lib/python3.12/site-packages/airflow/example_dags/example_task_group_decorator.py
[2024-09-01T04:37:21.900+0000] {processor.py:914} INFO - Processing file /home/ubuntu/airflow_snow/lib/python3.12/site-packages/airflow/example_dags/example_task_group_decorator.py for tasks to queue
[2024-09-01T04:37:21.902+0000] {logging_mixin.py:190} INFO - [2024-09-01T04:37:21.901+0000] {dagbag.py:587} INFO - Filling up the DagBag from /home/ubuntu/airflow_snow/lib/python3.12/site-packages/airflow/example_dags/example_task_group_decorator.py
[2024-09-01T04:37:21.915+0000] {processor.py:925} INFO - DAG(s) 'example_task_group_decorator' retrieved from /home/ubuntu/airflow_snow/lib/python3.12/site-packages/airflow/example_dags/example_task_group_decorator.py
[2024-09-01T04:37:21.935+0000] {logging_mixin.py:190} INFO - [2024-09-01T04:37:21.935+0000] {dag.py:3211} INFO - Sync 1 DAGs
[2024-09-01T04:37:21.953+0000] {logging_mixin.py:190} INFO - [2024-09-01T04:37:21.953+0000] {dag.py:4138} INFO - Setting next_dagrun for example_task_group_decorator to 2024-08-31 00:00:00+00:00, run_after=2024-09-01 00:00:00+00:00
[2024-09-01T04:37:21.979+0000] {processor.py:208} INFO - Processing /home/ubuntu/airflow_snow/lib/python3.12/site-packages/airflow/example_dags/example_task_group_decorator.py took 0.088 seconds
[2024-09-01T04:38:11.658+0000] {processor.py:186} INFO - Started process (PID=2746) to work on /home/ubuntu/airflow_snow/lib/python3.12/site-packages/airflow/example_dags/example_task_group_decorator.py
[2024-09-01T04:38:11.660+0000] {processor.py:914} INFO - Processing file /home/ubuntu/airflow_snow/lib/python3.12/site-packages/airflow/example_dags/example_task_group_decorator.py for tasks to queue
[2024-09-01T04:38:11.662+0000] {logging_mixin.py:190} INFO - [2024-09-01T04:38:11.661+0000] {dagbag.py:587} INFO - Filling up the DagBag from /home/ubuntu/airflow_snow/lib/python3.12/site-packages/airflow/example_dags/example_task_group_decorator.py
[2024-09-01T04:38:11.677+0000] {processor.py:925} INFO - DAG(s) 'example_task_group_decorator' retrieved from /home/ubuntu/airflow_snow/lib/python3.12/site-packages/airflow/example_dags/example_task_group_decorator.py
[2024-09-01T04:38:11.694+0000] {logging_mixin.py:190} INFO - [2024-09-01T04:38:11.694+0000] {dag.py:3211} INFO - Sync 1 DAGs
[2024-09-01T04:38:11.712+0000] {logging_mixin.py:190} INFO - [2024-09-01T04:38:11.712+0000] {dag.py:4138} INFO - Setting next_dagrun for example_task_group_decorator to 2024-08-31 00:00:00+00:00, run_after=2024-09-01 00:00:00+00:00
[2024-09-01T04:38:11.734+0000] {processor.py:208} INFO - Processing /home/ubuntu/airflow_snow/lib/python3.12/site-packages/airflow/example_dags/example_task_group_decorator.py took 0.083 seconds
[2024-09-01T04:39:03.185+0000] {processor.py:186} INFO - Started process (PID=2797) to work on /home/ubuntu/airflow_snow/lib/python3.12/site-packages/airflow/example_dags/example_task_group_decorator.py
[2024-09-01T04:39:03.187+0000] {processor.py:914} INFO - Processing file /home/ubuntu/airflow_snow/lib/python3.12/site-packages/airflow/example_dags/example_task_group_decorator.py for tasks to queue
[2024-09-01T04:39:03.189+0000] {logging_mixin.py:190} INFO - [2024-09-01T04:39:03.189+0000] {dagbag.py:587} INFO - Filling up the DagBag from /home/ubuntu/airflow_snow/lib/python3.12/site-packages/airflow/example_dags/example_task_group_decorator.py
[2024-09-01T04:39:03.203+0000] {processor.py:925} INFO - DAG(s) 'example_task_group_decorator' retrieved from /home/ubuntu/airflow_snow/lib/python3.12/site-packages/airflow/example_dags/example_task_group_decorator.py
[2024-09-01T04:39:03.222+0000] {logging_mixin.py:190} INFO - [2024-09-01T04:39:03.221+0000] {dag.py:3211} INFO - Sync 1 DAGs
[2024-09-01T04:39:03.239+0000] {logging_mixin.py:190} INFO - [2024-09-01T04:39:03.239+0000] {dag.py:4138} INFO - Setting next_dagrun for example_task_group_decorator to 2024-08-31 00:00:00+00:00, run_after=2024-09-01 00:00:00+00:00
[2024-09-01T04:39:03.262+0000] {processor.py:208} INFO - Processing /home/ubuntu/airflow_snow/lib/python3.12/site-packages/airflow/example_dags/example_task_group_decorator.py took 0.084 seconds
[2024-09-01T04:39:54.721+0000] {processor.py:186} INFO - Started process (PID=2850) to work on /home/ubuntu/airflow_snow/lib/python3.12/site-packages/airflow/example_dags/example_task_group_decorator.py
[2024-09-01T04:39:54.722+0000] {processor.py:914} INFO - Processing file /home/ubuntu/airflow_snow/lib/python3.12/site-packages/airflow/example_dags/example_task_group_decorator.py for tasks to queue
[2024-09-01T04:39:54.724+0000] {logging_mixin.py:190} INFO - [2024-09-01T04:39:54.724+0000] {dagbag.py:587} INFO - Filling up the DagBag from /home/ubuntu/airflow_snow/lib/python3.12/site-packages/airflow/example_dags/example_task_group_decorator.py
[2024-09-01T04:39:54.738+0000] {processor.py:925} INFO - DAG(s) 'example_task_group_decorator' retrieved from /home/ubuntu/airflow_snow/lib/python3.12/site-packages/airflow/example_dags/example_task_group_decorator.py
[2024-09-01T04:39:54.757+0000] {logging_mixin.py:190} INFO - [2024-09-01T04:39:54.757+0000] {dag.py:3211} INFO - Sync 1 DAGs
[2024-09-01T04:39:54.775+0000] {logging_mixin.py:190} INFO - [2024-09-01T04:39:54.775+0000] {dag.py:4138} INFO - Setting next_dagrun for example_task_group_decorator to 2024-08-31 00:00:00+00:00, run_after=2024-09-01 00:00:00+00:00
[2024-09-01T04:39:54.797+0000] {processor.py:208} INFO - Processing /home/ubuntu/airflow_snow/lib/python3.12/site-packages/airflow/example_dags/example_task_group_decorator.py took 0.082 seconds
[2024-09-01T04:40:46.316+0000] {processor.py:186} INFO - Started process (PID=2906) to work on /home/ubuntu/airflow_snow/lib/python3.12/site-packages/airflow/example_dags/example_task_group_decorator.py
[2024-09-01T04:40:46.318+0000] {processor.py:914} INFO - Processing file /home/ubuntu/airflow_snow/lib/python3.12/site-packages/airflow/example_dags/example_task_group_decorator.py for tasks to queue
[2024-09-01T04:40:46.319+0000] {logging_mixin.py:190} INFO - [2024-09-01T04:40:46.319+0000] {dagbag.py:587} INFO - Filling up the DagBag from /home/ubuntu/airflow_snow/lib/python3.12/site-packages/airflow/example_dags/example_task_group_decorator.py
[2024-09-01T04:40:46.334+0000] {processor.py:925} INFO - DAG(s) 'example_task_group_decorator' retrieved from /home/ubuntu/airflow_snow/lib/python3.12/site-packages/airflow/example_dags/example_task_group_decorator.py
[2024-09-01T04:40:46.353+0000] {logging_mixin.py:190} INFO - [2024-09-01T04:40:46.353+0000] {dag.py:3211} INFO - Sync 1 DAGs
[2024-09-01T04:40:46.371+0000] {logging_mixin.py:190} INFO - [2024-09-01T04:40:46.371+0000] {dag.py:4138} INFO - Setting next_dagrun for example_task_group_decorator to 2024-08-31 00:00:00+00:00, run_after=2024-09-01 00:00:00+00:00
[2024-09-01T04:40:46.392+0000] {processor.py:208} INFO - Processing /home/ubuntu/airflow_snow/lib/python3.12/site-packages/airflow/example_dags/example_task_group_decorator.py took 0.082 seconds
[2024-09-01T04:41:38.851+0000] {processor.py:186} INFO - Started process (PID=2960) to work on /home/ubuntu/airflow_snow/lib/python3.12/site-packages/airflow/example_dags/example_task_group_decorator.py
[2024-09-01T04:41:38.854+0000] {processor.py:914} INFO - Processing file /home/ubuntu/airflow_snow/lib/python3.12/site-packages/airflow/example_dags/example_task_group_decorator.py for tasks to queue
[2024-09-01T04:41:38.856+0000] {logging_mixin.py:190} INFO - [2024-09-01T04:41:38.855+0000] {dagbag.py:587} INFO - Filling up the DagBag from /home/ubuntu/airflow_snow/lib/python3.12/site-packages/airflow/example_dags/example_task_group_decorator.py
[2024-09-01T04:41:38.871+0000] {processor.py:925} INFO - DAG(s) 'example_task_group_decorator' retrieved from /home/ubuntu/airflow_snow/lib/python3.12/site-packages/airflow/example_dags/example_task_group_decorator.py
[2024-09-01T04:41:38.890+0000] {logging_mixin.py:190} INFO - [2024-09-01T04:41:38.889+0000] {dag.py:3211} INFO - Sync 1 DAGs
[2024-09-01T04:41:38.907+0000] {logging_mixin.py:190} INFO - [2024-09-01T04:41:38.907+0000] {dag.py:4138} INFO - Setting next_dagrun for example_task_group_decorator to 2024-08-31 00:00:00+00:00, run_after=2024-09-01 00:00:00+00:00
[2024-09-01T04:41:38.927+0000] {processor.py:208} INFO - Processing /home/ubuntu/airflow_snow/lib/python3.12/site-packages/airflow/example_dags/example_task_group_decorator.py took 0.081 seconds
[2024-09-01T04:42:27.458+0000] {processor.py:186} INFO - Started process (PID=3010) to work on /home/ubuntu/airflow_snow/lib/python3.12/site-packages/airflow/example_dags/example_task_group_decorator.py
[2024-09-01T04:42:27.459+0000] {processor.py:914} INFO - Processing file /home/ubuntu/airflow_snow/lib/python3.12/site-packages/airflow/example_dags/example_task_group_decorator.py for tasks to queue
[2024-09-01T04:42:27.461+0000] {logging_mixin.py:190} INFO - [2024-09-01T04:42:27.461+0000] {dagbag.py:587} INFO - Filling up the DagBag from /home/ubuntu/airflow_snow/lib/python3.12/site-packages/airflow/example_dags/example_task_group_decorator.py
[2024-09-01T04:42:27.475+0000] {processor.py:925} INFO - DAG(s) 'example_task_group_decorator' retrieved from /home/ubuntu/airflow_snow/lib/python3.12/site-packages/airflow/example_dags/example_task_group_decorator.py
[2024-09-01T04:42:27.494+0000] {logging_mixin.py:190} INFO - [2024-09-01T04:42:27.494+0000] {dag.py:3211} INFO - Sync 1 DAGs
[2024-09-01T04:42:27.511+0000] {logging_mixin.py:190} INFO - [2024-09-01T04:42:27.511+0000] {dag.py:4138} INFO - Setting next_dagrun for example_task_group_decorator to 2024-08-31 00:00:00+00:00, run_after=2024-09-01 00:00:00+00:00
[2024-09-01T04:42:27.538+0000] {processor.py:208} INFO - Processing /home/ubuntu/airflow_snow/lib/python3.12/site-packages/airflow/example_dags/example_task_group_decorator.py took 0.088 seconds
[2024-09-01T04:43:17.891+0000] {processor.py:186} INFO - Started process (PID=3061) to work on /home/ubuntu/airflow_snow/lib/python3.12/site-packages/airflow/example_dags/example_task_group_decorator.py
[2024-09-01T04:43:17.892+0000] {processor.py:914} INFO - Processing file /home/ubuntu/airflow_snow/lib/python3.12/site-packages/airflow/example_dags/example_task_group_decorator.py for tasks to queue
[2024-09-01T04:43:17.894+0000] {logging_mixin.py:190} INFO - [2024-09-01T04:43:17.894+0000] {dagbag.py:587} INFO - Filling up the DagBag from /home/ubuntu/airflow_snow/lib/python3.12/site-packages/airflow/example_dags/example_task_group_decorator.py
[2024-09-01T04:43:17.909+0000] {processor.py:925} INFO - DAG(s) 'example_task_group_decorator' retrieved from /home/ubuntu/airflow_snow/lib/python3.12/site-packages/airflow/example_dags/example_task_group_decorator.py
[2024-09-01T04:43:17.926+0000] {logging_mixin.py:190} INFO - [2024-09-01T04:43:17.926+0000] {dag.py:3211} INFO - Sync 1 DAGs
[2024-09-01T04:43:17.944+0000] {logging_mixin.py:190} INFO - [2024-09-01T04:43:17.943+0000] {dag.py:4138} INFO - Setting next_dagrun for example_task_group_decorator to 2024-08-31 00:00:00+00:00, run_after=2024-09-01 00:00:00+00:00
[2024-09-01T04:43:17.967+0000] {processor.py:208} INFO - Processing /home/ubuntu/airflow_snow/lib/python3.12/site-packages/airflow/example_dags/example_task_group_decorator.py took 0.081 seconds
[2024-09-01T04:44:07.058+0000] {processor.py:186} INFO - Started process (PID=3111) to work on /home/ubuntu/airflow_snow/lib/python3.12/site-packages/airflow/example_dags/example_task_group_decorator.py
[2024-09-01T04:44:07.060+0000] {processor.py:914} INFO - Processing file /home/ubuntu/airflow_snow/lib/python3.12/site-packages/airflow/example_dags/example_task_group_decorator.py for tasks to queue
[2024-09-01T04:44:07.062+0000] {logging_mixin.py:190} INFO - [2024-09-01T04:44:07.061+0000] {dagbag.py:587} INFO - Filling up the DagBag from /home/ubuntu/airflow_snow/lib/python3.12/site-packages/airflow/example_dags/example_task_group_decorator.py
[2024-09-01T04:44:07.076+0000] {processor.py:925} INFO - DAG(s) 'example_task_group_decorator' retrieved from /home/ubuntu/airflow_snow/lib/python3.12/site-packages/airflow/example_dags/example_task_group_decorator.py
[2024-09-01T04:44:07.094+0000] {logging_mixin.py:190} INFO - [2024-09-01T04:44:07.094+0000] {dag.py:3211} INFO - Sync 1 DAGs
[2024-09-01T04:44:07.111+0000] {logging_mixin.py:190} INFO - [2024-09-01T04:44:07.111+0000] {dag.py:4138} INFO - Setting next_dagrun for example_task_group_decorator to 2024-08-31 00:00:00+00:00, run_after=2024-09-01 00:00:00+00:00
[2024-09-01T04:44:07.133+0000] {processor.py:208} INFO - Processing /home/ubuntu/airflow_snow/lib/python3.12/site-packages/airflow/example_dags/example_task_group_decorator.py took 0.081 seconds
[2024-09-01T04:44:57.246+0000] {processor.py:186} INFO - Started process (PID=3167) to work on /home/ubuntu/airflow_snow/lib/python3.12/site-packages/airflow/example_dags/example_task_group_decorator.py
[2024-09-01T04:44:57.248+0000] {processor.py:914} INFO - Processing file /home/ubuntu/airflow_snow/lib/python3.12/site-packages/airflow/example_dags/example_task_group_decorator.py for tasks to queue
[2024-09-01T04:44:57.250+0000] {logging_mixin.py:190} INFO - [2024-09-01T04:44:57.250+0000] {dagbag.py:587} INFO - Filling up the DagBag from /home/ubuntu/airflow_snow/lib/python3.12/site-packages/airflow/example_dags/example_task_group_decorator.py
[2024-09-01T04:44:57.266+0000] {processor.py:925} INFO - DAG(s) 'example_task_group_decorator' retrieved from /home/ubuntu/airflow_snow/lib/python3.12/site-packages/airflow/example_dags/example_task_group_decorator.py
[2024-09-01T04:44:57.284+0000] {logging_mixin.py:190} INFO - [2024-09-01T04:44:57.284+0000] {dag.py:3211} INFO - Sync 1 DAGs
[2024-09-01T04:44:57.302+0000] {logging_mixin.py:190} INFO - [2024-09-01T04:44:57.302+0000] {dag.py:4138} INFO - Setting next_dagrun for example_task_group_decorator to 2024-08-31 00:00:00+00:00, run_after=2024-09-01 00:00:00+00:00
[2024-09-01T04:44:57.323+0000] {processor.py:208} INFO - Processing /home/ubuntu/airflow_snow/lib/python3.12/site-packages/airflow/example_dags/example_task_group_decorator.py took 0.083 seconds
[2024-09-01T04:45:51.146+0000] {processor.py:186} INFO - Started process (PID=3230) to work on /home/ubuntu/airflow_snow/lib/python3.12/site-packages/airflow/example_dags/example_task_group_decorator.py
[2024-09-01T04:45:51.148+0000] {processor.py:914} INFO - Processing file /home/ubuntu/airflow_snow/lib/python3.12/site-packages/airflow/example_dags/example_task_group_decorator.py for tasks to queue
[2024-09-01T04:45:51.150+0000] {logging_mixin.py:190} INFO - [2024-09-01T04:45:51.150+0000] {dagbag.py:587} INFO - Filling up the DagBag from /home/ubuntu/airflow_snow/lib/python3.12/site-packages/airflow/example_dags/example_task_group_decorator.py
[2024-09-01T04:45:51.164+0000] {processor.py:925} INFO - DAG(s) 'example_task_group_decorator' retrieved from /home/ubuntu/airflow_snow/lib/python3.12/site-packages/airflow/example_dags/example_task_group_decorator.py
[2024-09-01T04:45:51.183+0000] {logging_mixin.py:190} INFO - [2024-09-01T04:45:51.183+0000] {dag.py:3211} INFO - Sync 1 DAGs
[2024-09-01T04:45:51.202+0000] {logging_mixin.py:190} INFO - [2024-09-01T04:45:51.201+0000] {dag.py:4138} INFO - Setting next_dagrun for example_task_group_decorator to 2024-08-31 00:00:00+00:00, run_after=2024-09-01 00:00:00+00:00
[2024-09-01T04:45:51.222+0000] {processor.py:208} INFO - Processing /home/ubuntu/airflow_snow/lib/python3.12/site-packages/airflow/example_dags/example_task_group_decorator.py took 0.081 seconds
[2024-09-01T04:46:40.181+0000] {processor.py:186} INFO - Started process (PID=3281) to work on /home/ubuntu/airflow_snow/lib/python3.12/site-packages/airflow/example_dags/example_task_group_decorator.py
[2024-09-01T04:46:40.183+0000] {processor.py:914} INFO - Processing file /home/ubuntu/airflow_snow/lib/python3.12/site-packages/airflow/example_dags/example_task_group_decorator.py for tasks to queue
[2024-09-01T04:46:40.185+0000] {logging_mixin.py:190} INFO - [2024-09-01T04:46:40.185+0000] {dagbag.py:587} INFO - Filling up the DagBag from /home/ubuntu/airflow_snow/lib/python3.12/site-packages/airflow/example_dags/example_task_group_decorator.py
[2024-09-01T04:46:40.200+0000] {processor.py:925} INFO - DAG(s) 'example_task_group_decorator' retrieved from /home/ubuntu/airflow_snow/lib/python3.12/site-packages/airflow/example_dags/example_task_group_decorator.py
[2024-09-01T04:46:40.219+0000] {logging_mixin.py:190} INFO - [2024-09-01T04:46:40.219+0000] {dag.py:3211} INFO - Sync 1 DAGs
[2024-09-01T04:46:40.237+0000] {logging_mixin.py:190} INFO - [2024-09-01T04:46:40.237+0000] {dag.py:4138} INFO - Setting next_dagrun for example_task_group_decorator to 2024-08-31 00:00:00+00:00, run_after=2024-09-01 00:00:00+00:00
[2024-09-01T04:46:40.260+0000] {processor.py:208} INFO - Processing /home/ubuntu/airflow_snow/lib/python3.12/site-packages/airflow/example_dags/example_task_group_decorator.py took 0.084 seconds
[2024-09-01T04:47:27.866+0000] {processor.py:186} INFO - Started process (PID=3330) to work on /home/ubuntu/airflow_snow/lib/python3.12/site-packages/airflow/example_dags/example_task_group_decorator.py
[2024-09-01T04:47:27.869+0000] {processor.py:914} INFO - Processing file /home/ubuntu/airflow_snow/lib/python3.12/site-packages/airflow/example_dags/example_task_group_decorator.py for tasks to queue
[2024-09-01T04:47:27.871+0000] {logging_mixin.py:190} INFO - [2024-09-01T04:47:27.870+0000] {dagbag.py:587} INFO - Filling up the DagBag from /home/ubuntu/airflow_snow/lib/python3.12/site-packages/airflow/example_dags/example_task_group_decorator.py
[2024-09-01T04:47:27.886+0000] {processor.py:925} INFO - DAG(s) 'example_task_group_decorator' retrieved from /home/ubuntu/airflow_snow/lib/python3.12/site-packages/airflow/example_dags/example_task_group_decorator.py
[2024-09-01T04:47:27.905+0000] {logging_mixin.py:190} INFO - [2024-09-01T04:47:27.905+0000] {dag.py:3211} INFO - Sync 1 DAGs
[2024-09-01T04:47:27.923+0000] {logging_mixin.py:190} INFO - [2024-09-01T04:47:27.923+0000] {dag.py:4138} INFO - Setting next_dagrun for example_task_group_decorator to 2024-08-31 00:00:00+00:00, run_after=2024-09-01 00:00:00+00:00
[2024-09-01T04:47:27.944+0000] {processor.py:208} INFO - Processing /home/ubuntu/airflow_snow/lib/python3.12/site-packages/airflow/example_dags/example_task_group_decorator.py took 0.082 seconds
[2024-09-01T04:48:17.079+0000] {processor.py:186} INFO - Started process (PID=3380) to work on /home/ubuntu/airflow_snow/lib/python3.12/site-packages/airflow/example_dags/example_task_group_decorator.py
[2024-09-01T04:48:17.082+0000] {processor.py:914} INFO - Processing file /home/ubuntu/airflow_snow/lib/python3.12/site-packages/airflow/example_dags/example_task_group_decorator.py for tasks to queue
[2024-09-01T04:48:17.084+0000] {logging_mixin.py:190} INFO - [2024-09-01T04:48:17.083+0000] {dagbag.py:587} INFO - Filling up the DagBag from /home/ubuntu/airflow_snow/lib/python3.12/site-packages/airflow/example_dags/example_task_group_decorator.py
[2024-09-01T04:48:17.098+0000] {processor.py:925} INFO - DAG(s) 'example_task_group_decorator' retrieved from /home/ubuntu/airflow_snow/lib/python3.12/site-packages/airflow/example_dags/example_task_group_decorator.py
[2024-09-01T04:48:17.115+0000] {logging_mixin.py:190} INFO - [2024-09-01T04:48:17.115+0000] {dag.py:3211} INFO - Sync 1 DAGs
[2024-09-01T04:48:17.134+0000] {logging_mixin.py:190} INFO - [2024-09-01T04:48:17.134+0000] {dag.py:4138} INFO - Setting next_dagrun for example_task_group_decorator to 2024-08-31 00:00:00+00:00, run_after=2024-09-01 00:00:00+00:00
[2024-09-01T04:48:17.159+0000] {processor.py:208} INFO - Processing /home/ubuntu/airflow_snow/lib/python3.12/site-packages/airflow/example_dags/example_task_group_decorator.py took 0.084 seconds
[2024-09-01T04:49:05.360+0000] {processor.py:186} INFO - Started process (PID=3431) to work on /home/ubuntu/airflow_snow/lib/python3.12/site-packages/airflow/example_dags/example_task_group_decorator.py
[2024-09-01T04:49:05.361+0000] {processor.py:914} INFO - Processing file /home/ubuntu/airflow_snow/lib/python3.12/site-packages/airflow/example_dags/example_task_group_decorator.py for tasks to queue
[2024-09-01T04:49:05.363+0000] {logging_mixin.py:190} INFO - [2024-09-01T04:49:05.363+0000] {dagbag.py:587} INFO - Filling up the DagBag from /home/ubuntu/airflow_snow/lib/python3.12/site-packages/airflow/example_dags/example_task_group_decorator.py
[2024-09-01T04:49:05.379+0000] {processor.py:925} INFO - DAG(s) 'example_task_group_decorator' retrieved from /home/ubuntu/airflow_snow/lib/python3.12/site-packages/airflow/example_dags/example_task_group_decorator.py
[2024-09-01T04:49:05.397+0000] {logging_mixin.py:190} INFO - [2024-09-01T04:49:05.396+0000] {dag.py:3211} INFO - Sync 1 DAGs
[2024-09-01T04:49:05.415+0000] {logging_mixin.py:190} INFO - [2024-09-01T04:49:05.415+0000] {dag.py:4138} INFO - Setting next_dagrun for example_task_group_decorator to 2024-08-31 00:00:00+00:00, run_after=2024-09-01 00:00:00+00:00
[2024-09-01T04:49:05.438+0000] {processor.py:208} INFO - Processing /home/ubuntu/airflow_snow/lib/python3.12/site-packages/airflow/example_dags/example_task_group_decorator.py took 0.083 seconds
[2024-09-01T04:49:54.210+0000] {processor.py:186} INFO - Started process (PID=3483) to work on /home/ubuntu/airflow_snow/lib/python3.12/site-packages/airflow/example_dags/example_task_group_decorator.py
[2024-09-01T04:49:54.212+0000] {processor.py:914} INFO - Processing file /home/ubuntu/airflow_snow/lib/python3.12/site-packages/airflow/example_dags/example_task_group_decorator.py for tasks to queue
[2024-09-01T04:49:54.214+0000] {logging_mixin.py:190} INFO - [2024-09-01T04:49:54.214+0000] {dagbag.py:587} INFO - Filling up the DagBag from /home/ubuntu/airflow_snow/lib/python3.12/site-packages/airflow/example_dags/example_task_group_decorator.py
[2024-09-01T04:49:54.228+0000] {processor.py:925} INFO - DAG(s) 'example_task_group_decorator' retrieved from /home/ubuntu/airflow_snow/lib/python3.12/site-packages/airflow/example_dags/example_task_group_decorator.py
[2024-09-01T04:49:54.246+0000] {logging_mixin.py:190} INFO - [2024-09-01T04:49:54.246+0000] {dag.py:3211} INFO - Sync 1 DAGs
[2024-09-01T04:49:54.263+0000] {logging_mixin.py:190} INFO - [2024-09-01T04:49:54.263+0000] {dag.py:4138} INFO - Setting next_dagrun for example_task_group_decorator to 2024-08-31 00:00:00+00:00, run_after=2024-09-01 00:00:00+00:00
[2024-09-01T04:49:54.287+0000] {processor.py:208} INFO - Processing /home/ubuntu/airflow_snow/lib/python3.12/site-packages/airflow/example_dags/example_task_group_decorator.py took 0.082 seconds
[2024-09-01T04:50:36.991+0000] {processor.py:186} INFO - Started process (PID=3534) to work on /home/ubuntu/airflow_snow/lib/python3.12/site-packages/airflow/example_dags/example_task_group_decorator.py
[2024-09-01T04:50:36.994+0000] {processor.py:914} INFO - Processing file /home/ubuntu/airflow_snow/lib/python3.12/site-packages/airflow/example_dags/example_task_group_decorator.py for tasks to queue
[2024-09-01T04:50:36.995+0000] {logging_mixin.py:190} INFO - [2024-09-01T04:50:36.995+0000] {dagbag.py:587} INFO - Filling up the DagBag from /home/ubuntu/airflow_snow/lib/python3.12/site-packages/airflow/example_dags/example_task_group_decorator.py
[2024-09-01T04:50:37.010+0000] {processor.py:925} INFO - DAG(s) 'example_task_group_decorator' retrieved from /home/ubuntu/airflow_snow/lib/python3.12/site-packages/airflow/example_dags/example_task_group_decorator.py
[2024-09-01T04:50:37.030+0000] {logging_mixin.py:190} INFO - [2024-09-01T04:50:37.030+0000] {dag.py:3211} INFO - Sync 1 DAGs
[2024-09-01T04:50:37.047+0000] {logging_mixin.py:190} INFO - [2024-09-01T04:50:37.047+0000] {dag.py:4138} INFO - Setting next_dagrun for example_task_group_decorator to 2024-08-31 00:00:00+00:00, run_after=2024-09-01 00:00:00+00:00
[2024-09-01T04:50:37.070+0000] {processor.py:208} INFO - Processing /home/ubuntu/airflow_snow/lib/python3.12/site-packages/airflow/example_dags/example_task_group_decorator.py took 0.084 seconds
[2024-09-01T04:51:25.523+0000] {processor.py:186} INFO - Started process (PID=3583) to work on /home/ubuntu/airflow_snow/lib/python3.12/site-packages/airflow/example_dags/example_task_group_decorator.py
[2024-09-01T04:51:25.525+0000] {processor.py:914} INFO - Processing file /home/ubuntu/airflow_snow/lib/python3.12/site-packages/airflow/example_dags/example_task_group_decorator.py for tasks to queue
[2024-09-01T04:51:25.526+0000] {logging_mixin.py:190} INFO - [2024-09-01T04:51:25.526+0000] {dagbag.py:587} INFO - Filling up the DagBag from /home/ubuntu/airflow_snow/lib/python3.12/site-packages/airflow/example_dags/example_task_group_decorator.py
[2024-09-01T04:51:25.541+0000] {processor.py:925} INFO - DAG(s) 'example_task_group_decorator' retrieved from /home/ubuntu/airflow_snow/lib/python3.12/site-packages/airflow/example_dags/example_task_group_decorator.py
[2024-09-01T04:51:25.559+0000] {logging_mixin.py:190} INFO - [2024-09-01T04:51:25.559+0000] {dag.py:3211} INFO - Sync 1 DAGs
[2024-09-01T04:51:25.576+0000] {logging_mixin.py:190} INFO - [2024-09-01T04:51:25.576+0000] {dag.py:4138} INFO - Setting next_dagrun for example_task_group_decorator to 2024-08-31 00:00:00+00:00, run_after=2024-09-01 00:00:00+00:00
[2024-09-01T04:51:25.602+0000] {processor.py:208} INFO - Processing /home/ubuntu/airflow_snow/lib/python3.12/site-packages/airflow/example_dags/example_task_group_decorator.py took 0.084 seconds
[2024-09-01T04:52:14.723+0000] {processor.py:186} INFO - Started process (PID=3635) to work on /home/ubuntu/airflow_snow/lib/python3.12/site-packages/airflow/example_dags/example_task_group_decorator.py
[2024-09-01T04:52:14.725+0000] {processor.py:914} INFO - Processing file /home/ubuntu/airflow_snow/lib/python3.12/site-packages/airflow/example_dags/example_task_group_decorator.py for tasks to queue
[2024-09-01T04:52:14.727+0000] {logging_mixin.py:190} INFO - [2024-09-01T04:52:14.727+0000] {dagbag.py:587} INFO - Filling up the DagBag from /home/ubuntu/airflow_snow/lib/python3.12/site-packages/airflow/example_dags/example_task_group_decorator.py
[2024-09-01T04:52:14.742+0000] {processor.py:925} INFO - DAG(s) 'example_task_group_decorator' retrieved from /home/ubuntu/airflow_snow/lib/python3.12/site-packages/airflow/example_dags/example_task_group_decorator.py
[2024-09-01T04:52:14.759+0000] {logging_mixin.py:190} INFO - [2024-09-01T04:52:14.759+0000] {dag.py:3211} INFO - Sync 1 DAGs
[2024-09-01T04:52:14.777+0000] {logging_mixin.py:190} INFO - [2024-09-01T04:52:14.777+0000] {dag.py:4138} INFO - Setting next_dagrun for example_task_group_decorator to 2024-08-31 00:00:00+00:00, run_after=2024-09-01 00:00:00+00:00
[2024-09-01T04:52:14.800+0000] {processor.py:208} INFO - Processing /home/ubuntu/airflow_snow/lib/python3.12/site-packages/airflow/example_dags/example_task_group_decorator.py took 0.082 seconds
[2024-09-01T04:53:03.559+0000] {processor.py:186} INFO - Started process (PID=3686) to work on /home/ubuntu/airflow_snow/lib/python3.12/site-packages/airflow/example_dags/example_task_group_decorator.py
[2024-09-01T04:53:03.560+0000] {processor.py:914} INFO - Processing file /home/ubuntu/airflow_snow/lib/python3.12/site-packages/airflow/example_dags/example_task_group_decorator.py for tasks to queue
[2024-09-01T04:53:03.563+0000] {logging_mixin.py:190} INFO - [2024-09-01T04:53:03.562+0000] {dagbag.py:587} INFO - Filling up the DagBag from /home/ubuntu/airflow_snow/lib/python3.12/site-packages/airflow/example_dags/example_task_group_decorator.py
[2024-09-01T04:53:03.578+0000] {processor.py:925} INFO - DAG(s) 'example_task_group_decorator' retrieved from /home/ubuntu/airflow_snow/lib/python3.12/site-packages/airflow/example_dags/example_task_group_decorator.py
[2024-09-01T04:53:03.596+0000] {logging_mixin.py:190} INFO - [2024-09-01T04:53:03.596+0000] {dag.py:3211} INFO - Sync 1 DAGs
[2024-09-01T04:53:03.614+0000] {logging_mixin.py:190} INFO - [2024-09-01T04:53:03.614+0000] {dag.py:4138} INFO - Setting next_dagrun for example_task_group_decorator to 2024-08-31 00:00:00+00:00, run_after=2024-09-01 00:00:00+00:00
[2024-09-01T04:53:03.667+0000] {processor.py:208} INFO - Processing /home/ubuntu/airflow_snow/lib/python3.12/site-packages/airflow/example_dags/example_task_group_decorator.py took 0.114 seconds
