[2024-09-01T04:29:13.054+0000] {processor.py:186} INFO - Started process (PID=2186) to work on /home/ubuntu/airflow_snow/lib/python3.12/site-packages/airflow/example_dags/example_dataset_alias.py
[2024-09-01T04:29:13.055+0000] {processor.py:914} INFO - Processing file /home/ubuntu/airflow_snow/lib/python3.12/site-packages/airflow/example_dags/example_dataset_alias.py for tasks to queue
[2024-09-01T04:29:13.058+0000] {logging_mixin.py:190} INFO - [2024-09-01T04:29:13.058+0000] {dagbag.py:587} INFO - Filling up the DagBag from /home/ubuntu/airflow_snow/lib/python3.12/site-packages/airflow/example_dags/example_dataset_alias.py
[2024-09-01T04:29:13.074+0000] {processor.py:925} INFO - DAG(s) 'dataset_s3_bucket_consumer', 'dataset_s3_bucket_producer', 'dataset_alias_example_alias_consumer', 'dataset_alias_example_alias_producer' retrieved from /home/ubuntu/airflow_snow/lib/python3.12/site-packages/airflow/example_dags/example_dataset_alias.py
[2024-09-01T04:29:13.172+0000] {logging_mixin.py:190} INFO - [2024-09-01T04:29:13.172+0000] {override.py:1900} INFO - Created Permission View: can delete on DAG:dataset_s3_bucket_consumer
[2024-09-01T04:29:13.187+0000] {logging_mixin.py:190} INFO - [2024-09-01T04:29:13.187+0000] {override.py:1900} INFO - Created Permission View: can read on DAG:dataset_s3_bucket_consumer
[2024-09-01T04:29:13.198+0000] {logging_mixin.py:190} INFO - [2024-09-01T04:29:13.197+0000] {override.py:1900} INFO - Created Permission View: can edit on DAG:dataset_s3_bucket_consumer
[2024-09-01T04:29:13.216+0000] {logging_mixin.py:190} INFO - [2024-09-01T04:29:13.215+0000] {override.py:1900} INFO - Created Permission View: menu access on DAG Run:dataset_s3_bucket_consumer
[2024-09-01T04:29:13.224+0000] {logging_mixin.py:190} INFO - [2024-09-01T04:29:13.224+0000] {override.py:1900} INFO - Created Permission View: can create on DAG Run:dataset_s3_bucket_consumer
[2024-09-01T04:29:13.233+0000] {logging_mixin.py:190} INFO - [2024-09-01T04:29:13.233+0000] {override.py:1900} INFO - Created Permission View: can read on DAG Run:dataset_s3_bucket_consumer
[2024-09-01T04:29:13.244+0000] {logging_mixin.py:190} INFO - [2024-09-01T04:29:13.244+0000] {override.py:1900} INFO - Created Permission View: can delete on DAG Run:dataset_s3_bucket_consumer
[2024-09-01T04:29:13.268+0000] {logging_mixin.py:190} INFO - [2024-09-01T04:29:13.268+0000] {override.py:1900} INFO - Created Permission View: can delete on DAG:dataset_s3_bucket_producer
[2024-09-01T04:29:13.278+0000] {logging_mixin.py:190} INFO - [2024-09-01T04:29:13.278+0000] {override.py:1900} INFO - Created Permission View: can read on DAG:dataset_s3_bucket_producer
[2024-09-01T04:29:13.289+0000] {logging_mixin.py:190} INFO - [2024-09-01T04:29:13.289+0000] {override.py:1900} INFO - Created Permission View: can edit on DAG:dataset_s3_bucket_producer
[2024-09-01T04:29:13.306+0000] {logging_mixin.py:190} INFO - [2024-09-01T04:29:13.306+0000] {override.py:1900} INFO - Created Permission View: menu access on DAG Run:dataset_s3_bucket_producer
[2024-09-01T04:29:13.317+0000] {logging_mixin.py:190} INFO - [2024-09-01T04:29:13.317+0000] {override.py:1900} INFO - Created Permission View: can create on DAG Run:dataset_s3_bucket_producer
[2024-09-01T04:29:13.328+0000] {logging_mixin.py:190} INFO - [2024-09-01T04:29:13.328+0000] {override.py:1900} INFO - Created Permission View: can read on DAG Run:dataset_s3_bucket_producer
[2024-09-01T04:29:13.339+0000] {logging_mixin.py:190} INFO - [2024-09-01T04:29:13.339+0000] {override.py:1900} INFO - Created Permission View: can delete on DAG Run:dataset_s3_bucket_producer
[2024-09-01T04:29:13.366+0000] {logging_mixin.py:190} INFO - [2024-09-01T04:29:13.366+0000] {override.py:1900} INFO - Created Permission View: can delete on DAG:dataset_alias_example_alias_consumer
[2024-09-01T04:29:13.377+0000] {logging_mixin.py:190} INFO - [2024-09-01T04:29:13.377+0000] {override.py:1900} INFO - Created Permission View: can read on DAG:dataset_alias_example_alias_consumer
[2024-09-01T04:29:13.387+0000] {logging_mixin.py:190} INFO - [2024-09-01T04:29:13.387+0000] {override.py:1900} INFO - Created Permission View: can edit on DAG:dataset_alias_example_alias_consumer
[2024-09-01T04:29:13.405+0000] {logging_mixin.py:190} INFO - [2024-09-01T04:29:13.405+0000] {override.py:1900} INFO - Created Permission View: menu access on DAG Run:dataset_alias_example_alias_consumer
[2024-09-01T04:29:13.416+0000] {logging_mixin.py:190} INFO - [2024-09-01T04:29:13.416+0000] {override.py:1900} INFO - Created Permission View: can create on DAG Run:dataset_alias_example_alias_consumer
[2024-09-01T04:29:13.427+0000] {logging_mixin.py:190} INFO - [2024-09-01T04:29:13.427+0000] {override.py:1900} INFO - Created Permission View: can read on DAG Run:dataset_alias_example_alias_consumer
[2024-09-01T04:29:13.437+0000] {logging_mixin.py:190} INFO - [2024-09-01T04:29:13.437+0000] {override.py:1900} INFO - Created Permission View: can delete on DAG Run:dataset_alias_example_alias_consumer
[2024-09-01T04:29:13.463+0000] {logging_mixin.py:190} INFO - [2024-09-01T04:29:13.463+0000] {override.py:1900} INFO - Created Permission View: can delete on DAG:dataset_alias_example_alias_producer
[2024-09-01T04:29:13.473+0000] {logging_mixin.py:190} INFO - [2024-09-01T04:29:13.473+0000] {override.py:1900} INFO - Created Permission View: can read on DAG:dataset_alias_example_alias_producer
[2024-09-01T04:29:13.484+0000] {logging_mixin.py:190} INFO - [2024-09-01T04:29:13.484+0000] {override.py:1900} INFO - Created Permission View: can edit on DAG:dataset_alias_example_alias_producer
[2024-09-01T04:29:13.500+0000] {logging_mixin.py:190} INFO - [2024-09-01T04:29:13.499+0000] {override.py:1900} INFO - Created Permission View: menu access on DAG Run:dataset_alias_example_alias_producer
[2024-09-01T04:29:13.509+0000] {logging_mixin.py:190} INFO - [2024-09-01T04:29:13.509+0000] {override.py:1900} INFO - Created Permission View: can create on DAG Run:dataset_alias_example_alias_producer
[2024-09-01T04:29:13.519+0000] {logging_mixin.py:190} INFO - [2024-09-01T04:29:13.518+0000] {override.py:1900} INFO - Created Permission View: can read on DAG Run:dataset_alias_example_alias_producer
[2024-09-01T04:29:13.529+0000] {logging_mixin.py:190} INFO - [2024-09-01T04:29:13.529+0000] {override.py:1900} INFO - Created Permission View: can delete on DAG Run:dataset_alias_example_alias_producer
[2024-09-01T04:29:13.529+0000] {logging_mixin.py:190} INFO - [2024-09-01T04:29:13.529+0000] {dag.py:3211} INFO - Sync 4 DAGs
[2024-09-01T04:29:13.539+0000] {logging_mixin.py:190} INFO - [2024-09-01T04:29:13.539+0000] {dag.py:3234} INFO - Creating ORM DAG for dataset_s3_bucket_consumer
[2024-09-01T04:29:13.540+0000] {logging_mixin.py:190} INFO - [2024-09-01T04:29:13.540+0000] {dag.py:3234} INFO - Creating ORM DAG for dataset_alias_example_alias_consumer
[2024-09-01T04:29:13.541+0000] {logging_mixin.py:190} INFO - [2024-09-01T04:29:13.541+0000] {dag.py:3234} INFO - Creating ORM DAG for dataset_alias_example_alias_producer
[2024-09-01T04:29:13.541+0000] {logging_mixin.py:190} INFO - [2024-09-01T04:29:13.541+0000] {dag.py:3234} INFO - Creating ORM DAG for dataset_s3_bucket_producer
[2024-09-01T04:29:13.549+0000] {logging_mixin.py:190} INFO - [2024-09-01T04:29:13.549+0000] {dag.py:4138} INFO - Setting next_dagrun for dataset_alias_example_alias_consumer to None, run_after=None
[2024-09-01T04:29:13.550+0000] {logging_mixin.py:190} INFO - [2024-09-01T04:29:13.549+0000] {dag.py:4138} INFO - Setting next_dagrun for dataset_alias_example_alias_producer to None, run_after=None
[2024-09-01T04:29:13.550+0000] {logging_mixin.py:190} INFO - [2024-09-01T04:29:13.550+0000] {dag.py:4138} INFO - Setting next_dagrun for dataset_s3_bucket_consumer to None, run_after=None
[2024-09-01T04:29:13.550+0000] {logging_mixin.py:190} INFO - [2024-09-01T04:29:13.550+0000] {dag.py:4138} INFO - Setting next_dagrun for dataset_s3_bucket_producer to None, run_after=None
[2024-09-01T04:29:13.579+0000] {processor.py:208} INFO - Processing /home/ubuntu/airflow_snow/lib/python3.12/site-packages/airflow/example_dags/example_dataset_alias.py took 0.529 seconds
[2024-09-01T04:30:11.850+0000] {processor.py:186} INFO - Started process (PID=2244) to work on /home/ubuntu/airflow_snow/lib/python3.12/site-packages/airflow/example_dags/example_dataset_alias.py
[2024-09-01T04:30:11.852+0000] {processor.py:914} INFO - Processing file /home/ubuntu/airflow_snow/lib/python3.12/site-packages/airflow/example_dags/example_dataset_alias.py for tasks to queue
[2024-09-01T04:30:11.854+0000] {logging_mixin.py:190} INFO - [2024-09-01T04:30:11.854+0000] {dagbag.py:587} INFO - Filling up the DagBag from /home/ubuntu/airflow_snow/lib/python3.12/site-packages/airflow/example_dags/example_dataset_alias.py
[2024-09-01T04:30:11.876+0000] {processor.py:925} INFO - DAG(s) 'dataset_s3_bucket_producer', 'dataset_alias_example_alias_consumer', 'dataset_alias_example_alias_producer', 'dataset_s3_bucket_consumer' retrieved from /home/ubuntu/airflow_snow/lib/python3.12/site-packages/airflow/example_dags/example_dataset_alias.py
[2024-09-01T04:30:11.894+0000] {logging_mixin.py:190} INFO - [2024-09-01T04:30:11.893+0000] {dag.py:3211} INFO - Sync 4 DAGs
[2024-09-01T04:30:11.910+0000] {logging_mixin.py:190} INFO - [2024-09-01T04:30:11.910+0000] {dag.py:4138} INFO - Setting next_dagrun for dataset_alias_example_alias_consumer to None, run_after=None
[2024-09-01T04:30:11.912+0000] {logging_mixin.py:190} INFO - [2024-09-01T04:30:11.912+0000] {dag.py:4138} INFO - Setting next_dagrun for dataset_alias_example_alias_producer to None, run_after=None
[2024-09-01T04:30:11.914+0000] {logging_mixin.py:190} INFO - [2024-09-01T04:30:11.913+0000] {dag.py:4138} INFO - Setting next_dagrun for dataset_s3_bucket_consumer to None, run_after=None
[2024-09-01T04:30:11.914+0000] {logging_mixin.py:190} INFO - [2024-09-01T04:30:11.914+0000] {dag.py:4138} INFO - Setting next_dagrun for dataset_s3_bucket_producer to None, run_after=None
[2024-09-01T04:30:11.935+0000] {processor.py:208} INFO - Processing /home/ubuntu/airflow_snow/lib/python3.12/site-packages/airflow/example_dags/example_dataset_alias.py took 0.090 seconds
[2024-09-01T04:31:07.559+0000] {processor.py:186} INFO - Started process (PID=2305) to work on /home/ubuntu/airflow_snow/lib/python3.12/site-packages/airflow/example_dags/example_dataset_alias.py
[2024-09-01T04:31:07.561+0000] {processor.py:914} INFO - Processing file /home/ubuntu/airflow_snow/lib/python3.12/site-packages/airflow/example_dags/example_dataset_alias.py for tasks to queue
[2024-09-01T04:31:07.563+0000] {logging_mixin.py:190} INFO - [2024-09-01T04:31:07.562+0000] {dagbag.py:587} INFO - Filling up the DagBag from /home/ubuntu/airflow_snow/lib/python3.12/site-packages/airflow/example_dags/example_dataset_alias.py
[2024-09-01T04:31:07.585+0000] {processor.py:925} INFO - DAG(s) 'dataset_alias_example_alias_consumer', 'dataset_s3_bucket_consumer', 'dataset_s3_bucket_producer', 'dataset_alias_example_alias_producer' retrieved from /home/ubuntu/airflow_snow/lib/python3.12/site-packages/airflow/example_dags/example_dataset_alias.py
[2024-09-01T04:31:07.602+0000] {logging_mixin.py:190} INFO - [2024-09-01T04:31:07.602+0000] {dag.py:3211} INFO - Sync 4 DAGs
[2024-09-01T04:31:07.619+0000] {logging_mixin.py:190} INFO - [2024-09-01T04:31:07.619+0000] {dag.py:4138} INFO - Setting next_dagrun for dataset_alias_example_alias_consumer to None, run_after=None
[2024-09-01T04:31:07.621+0000] {logging_mixin.py:190} INFO - [2024-09-01T04:31:07.620+0000] {dag.py:4138} INFO - Setting next_dagrun for dataset_alias_example_alias_producer to None, run_after=None
[2024-09-01T04:31:07.622+0000] {logging_mixin.py:190} INFO - [2024-09-01T04:31:07.622+0000] {dag.py:4138} INFO - Setting next_dagrun for dataset_s3_bucket_consumer to None, run_after=None
[2024-09-01T04:31:07.622+0000] {logging_mixin.py:190} INFO - [2024-09-01T04:31:07.622+0000] {dag.py:4138} INFO - Setting next_dagrun for dataset_s3_bucket_producer to None, run_after=None
[2024-09-01T04:31:07.643+0000] {processor.py:208} INFO - Processing /home/ubuntu/airflow_snow/lib/python3.12/site-packages/airflow/example_dags/example_dataset_alias.py took 0.089 seconds
[2024-09-01T04:32:00.502+0000] {processor.py:186} INFO - Started process (PID=2361) to work on /home/ubuntu/airflow_snow/lib/python3.12/site-packages/airflow/example_dags/example_dataset_alias.py
[2024-09-01T04:32:00.505+0000] {processor.py:914} INFO - Processing file /home/ubuntu/airflow_snow/lib/python3.12/site-packages/airflow/example_dags/example_dataset_alias.py for tasks to queue
[2024-09-01T04:32:00.506+0000] {logging_mixin.py:190} INFO - [2024-09-01T04:32:00.506+0000] {dagbag.py:587} INFO - Filling up the DagBag from /home/ubuntu/airflow_snow/lib/python3.12/site-packages/airflow/example_dags/example_dataset_alias.py
[2024-09-01T04:32:00.528+0000] {processor.py:925} INFO - DAG(s) 'dataset_s3_bucket_consumer', 'dataset_alias_example_alias_consumer', 'dataset_s3_bucket_producer', 'dataset_alias_example_alias_producer' retrieved from /home/ubuntu/airflow_snow/lib/python3.12/site-packages/airflow/example_dags/example_dataset_alias.py
[2024-09-01T04:32:00.545+0000] {logging_mixin.py:190} INFO - [2024-09-01T04:32:00.545+0000] {dag.py:3211} INFO - Sync 4 DAGs
[2024-09-01T04:32:00.562+0000] {logging_mixin.py:190} INFO - [2024-09-01T04:32:00.562+0000] {dag.py:4138} INFO - Setting next_dagrun for dataset_alias_example_alias_consumer to None, run_after=None
[2024-09-01T04:32:00.563+0000] {logging_mixin.py:190} INFO - [2024-09-01T04:32:00.563+0000] {dag.py:4138} INFO - Setting next_dagrun for dataset_alias_example_alias_producer to None, run_after=None
[2024-09-01T04:32:00.565+0000] {logging_mixin.py:190} INFO - [2024-09-01T04:32:00.565+0000] {dag.py:4138} INFO - Setting next_dagrun for dataset_s3_bucket_consumer to None, run_after=None
[2024-09-01T04:32:00.566+0000] {logging_mixin.py:190} INFO - [2024-09-01T04:32:00.565+0000] {dag.py:4138} INFO - Setting next_dagrun for dataset_s3_bucket_producer to None, run_after=None
[2024-09-01T04:32:00.591+0000] {processor.py:208} INFO - Processing /home/ubuntu/airflow_snow/lib/python3.12/site-packages/airflow/example_dags/example_dataset_alias.py took 0.093 seconds
[2024-09-01T04:33:13.140+0000] {processor.py:186} INFO - Started process (PID=2436) to work on /home/ubuntu/airflow_snow/lib/python3.12/site-packages/airflow/example_dags/example_dataset_alias.py
[2024-09-01T04:33:13.142+0000] {processor.py:914} INFO - Processing file /home/ubuntu/airflow_snow/lib/python3.12/site-packages/airflow/example_dags/example_dataset_alias.py for tasks to queue
[2024-09-01T04:33:13.144+0000] {logging_mixin.py:190} INFO - [2024-09-01T04:33:13.144+0000] {dagbag.py:587} INFO - Filling up the DagBag from /home/ubuntu/airflow_snow/lib/python3.12/site-packages/airflow/example_dags/example_dataset_alias.py
[2024-09-01T04:33:13.166+0000] {processor.py:925} INFO - DAG(s) 'dataset_alias_example_alias_producer', 'dataset_s3_bucket_producer', 'dataset_alias_example_alias_consumer', 'dataset_s3_bucket_consumer' retrieved from /home/ubuntu/airflow_snow/lib/python3.12/site-packages/airflow/example_dags/example_dataset_alias.py
[2024-09-01T04:33:13.183+0000] {logging_mixin.py:190} INFO - [2024-09-01T04:33:13.183+0000] {dag.py:3211} INFO - Sync 4 DAGs
[2024-09-01T04:33:13.200+0000] {logging_mixin.py:190} INFO - [2024-09-01T04:33:13.200+0000] {dag.py:4138} INFO - Setting next_dagrun for dataset_alias_example_alias_consumer to None, run_after=None
[2024-09-01T04:33:13.202+0000] {logging_mixin.py:190} INFO - [2024-09-01T04:33:13.202+0000] {dag.py:4138} INFO - Setting next_dagrun for dataset_alias_example_alias_producer to None, run_after=None
[2024-09-01T04:33:13.203+0000] {logging_mixin.py:190} INFO - [2024-09-01T04:33:13.203+0000] {dag.py:4138} INFO - Setting next_dagrun for dataset_s3_bucket_consumer to None, run_after=None
[2024-09-01T04:33:13.204+0000] {logging_mixin.py:190} INFO - [2024-09-01T04:33:13.204+0000] {dag.py:4138} INFO - Setting next_dagrun for dataset_s3_bucket_producer to None, run_after=None
[2024-09-01T04:33:13.231+0000] {processor.py:208} INFO - Processing /home/ubuntu/airflow_snow/lib/python3.12/site-packages/airflow/example_dags/example_dataset_alias.py took 0.096 seconds
[2024-09-01T04:34:25.404+0000] {processor.py:186} INFO - Started process (PID=2512) to work on /home/ubuntu/airflow_snow/lib/python3.12/site-packages/airflow/example_dags/example_dataset_alias.py
[2024-09-01T04:34:25.407+0000] {processor.py:914} INFO - Processing file /home/ubuntu/airflow_snow/lib/python3.12/site-packages/airflow/example_dags/example_dataset_alias.py for tasks to queue
[2024-09-01T04:34:25.410+0000] {logging_mixin.py:190} INFO - [2024-09-01T04:34:25.409+0000] {dagbag.py:587} INFO - Filling up the DagBag from /home/ubuntu/airflow_snow/lib/python3.12/site-packages/airflow/example_dags/example_dataset_alias.py
[2024-09-01T04:34:25.431+0000] {processor.py:925} INFO - DAG(s) 'dataset_alias_example_alias_producer', 'dataset_s3_bucket_producer', 'dataset_alias_example_alias_consumer', 'dataset_s3_bucket_consumer' retrieved from /home/ubuntu/airflow_snow/lib/python3.12/site-packages/airflow/example_dags/example_dataset_alias.py
[2024-09-01T04:34:25.448+0000] {logging_mixin.py:190} INFO - [2024-09-01T04:34:25.448+0000] {dag.py:3211} INFO - Sync 4 DAGs
[2024-09-01T04:34:25.465+0000] {logging_mixin.py:190} INFO - [2024-09-01T04:34:25.465+0000] {dag.py:4138} INFO - Setting next_dagrun for dataset_alias_example_alias_consumer to None, run_after=None
[2024-09-01T04:34:25.467+0000] {logging_mixin.py:190} INFO - [2024-09-01T04:34:25.467+0000] {dag.py:4138} INFO - Setting next_dagrun for dataset_alias_example_alias_producer to None, run_after=None
[2024-09-01T04:34:25.468+0000] {logging_mixin.py:190} INFO - [2024-09-01T04:34:25.468+0000] {dag.py:4138} INFO - Setting next_dagrun for dataset_s3_bucket_consumer to None, run_after=None
[2024-09-01T04:34:25.469+0000] {logging_mixin.py:190} INFO - [2024-09-01T04:34:25.469+0000] {dag.py:4138} INFO - Setting next_dagrun for dataset_s3_bucket_producer to None, run_after=None
[2024-09-01T04:34:25.495+0000] {processor.py:208} INFO - Processing /home/ubuntu/airflow_snow/lib/python3.12/site-packages/airflow/example_dags/example_dataset_alias.py took 0.096 seconds
[2024-09-01T04:35:37.901+0000] {processor.py:186} INFO - Started process (PID=2591) to work on /home/ubuntu/airflow_snow/lib/python3.12/site-packages/airflow/example_dags/example_dataset_alias.py
[2024-09-01T04:35:37.903+0000] {processor.py:914} INFO - Processing file /home/ubuntu/airflow_snow/lib/python3.12/site-packages/airflow/example_dags/example_dataset_alias.py for tasks to queue
[2024-09-01T04:35:37.905+0000] {logging_mixin.py:190} INFO - [2024-09-01T04:35:37.905+0000] {dagbag.py:587} INFO - Filling up the DagBag from /home/ubuntu/airflow_snow/lib/python3.12/site-packages/airflow/example_dags/example_dataset_alias.py
[2024-09-01T04:35:37.926+0000] {processor.py:925} INFO - DAG(s) 'dataset_alias_example_alias_producer', 'dataset_s3_bucket_producer', 'dataset_s3_bucket_consumer', 'dataset_alias_example_alias_consumer' retrieved from /home/ubuntu/airflow_snow/lib/python3.12/site-packages/airflow/example_dags/example_dataset_alias.py
[2024-09-01T04:35:37.943+0000] {logging_mixin.py:190} INFO - [2024-09-01T04:35:37.942+0000] {dag.py:3211} INFO - Sync 4 DAGs
[2024-09-01T04:35:37.960+0000] {logging_mixin.py:190} INFO - [2024-09-01T04:35:37.959+0000] {dag.py:4138} INFO - Setting next_dagrun for dataset_alias_example_alias_consumer to None, run_after=None
[2024-09-01T04:35:37.962+0000] {logging_mixin.py:190} INFO - [2024-09-01T04:35:37.962+0000] {dag.py:4138} INFO - Setting next_dagrun for dataset_alias_example_alias_producer to None, run_after=None
[2024-09-01T04:35:37.963+0000] {logging_mixin.py:190} INFO - [2024-09-01T04:35:37.963+0000] {dag.py:4138} INFO - Setting next_dagrun for dataset_s3_bucket_consumer to None, run_after=None
[2024-09-01T04:35:37.963+0000] {logging_mixin.py:190} INFO - [2024-09-01T04:35:37.963+0000] {dag.py:4138} INFO - Setting next_dagrun for dataset_s3_bucket_producer to None, run_after=None
[2024-09-01T04:35:37.987+0000] {processor.py:208} INFO - Processing /home/ubuntu/airflow_snow/lib/python3.12/site-packages/airflow/example_dags/example_dataset_alias.py took 0.092 seconds
[2024-09-01T04:36:32.287+0000] {processor.py:186} INFO - Started process (PID=2644) to work on /home/ubuntu/airflow_snow/lib/python3.12/site-packages/airflow/example_dags/example_dataset_alias.py
[2024-09-01T04:36:32.289+0000] {processor.py:914} INFO - Processing file /home/ubuntu/airflow_snow/lib/python3.12/site-packages/airflow/example_dags/example_dataset_alias.py for tasks to queue
[2024-09-01T04:36:32.290+0000] {logging_mixin.py:190} INFO - [2024-09-01T04:36:32.290+0000] {dagbag.py:587} INFO - Filling up the DagBag from /home/ubuntu/airflow_snow/lib/python3.12/site-packages/airflow/example_dags/example_dataset_alias.py
[2024-09-01T04:36:32.313+0000] {processor.py:925} INFO - DAG(s) 'dataset_s3_bucket_consumer', 'dataset_s3_bucket_producer', 'dataset_alias_example_alias_producer', 'dataset_alias_example_alias_consumer' retrieved from /home/ubuntu/airflow_snow/lib/python3.12/site-packages/airflow/example_dags/example_dataset_alias.py
[2024-09-01T04:36:32.330+0000] {logging_mixin.py:190} INFO - [2024-09-01T04:36:32.330+0000] {dag.py:3211} INFO - Sync 4 DAGs
[2024-09-01T04:36:32.347+0000] {logging_mixin.py:190} INFO - [2024-09-01T04:36:32.346+0000] {dag.py:4138} INFO - Setting next_dagrun for dataset_alias_example_alias_consumer to None, run_after=None
[2024-09-01T04:36:32.349+0000] {logging_mixin.py:190} INFO - [2024-09-01T04:36:32.349+0000] {dag.py:4138} INFO - Setting next_dagrun for dataset_alias_example_alias_producer to None, run_after=None
[2024-09-01T04:36:32.350+0000] {logging_mixin.py:190} INFO - [2024-09-01T04:36:32.349+0000] {dag.py:4138} INFO - Setting next_dagrun for dataset_s3_bucket_consumer to None, run_after=None
[2024-09-01T04:36:32.350+0000] {logging_mixin.py:190} INFO - [2024-09-01T04:36:32.350+0000] {dag.py:4138} INFO - Setting next_dagrun for dataset_s3_bucket_producer to None, run_after=None
[2024-09-01T04:36:32.374+0000] {processor.py:208} INFO - Processing /home/ubuntu/airflow_snow/lib/python3.12/site-packages/airflow/example_dags/example_dataset_alias.py took 0.092 seconds
[2024-09-01T04:37:24.177+0000] {processor.py:186} INFO - Started process (PID=2698) to work on /home/ubuntu/airflow_snow/lib/python3.12/site-packages/airflow/example_dags/example_dataset_alias.py
[2024-09-01T04:37:24.179+0000] {processor.py:914} INFO - Processing file /home/ubuntu/airflow_snow/lib/python3.12/site-packages/airflow/example_dags/example_dataset_alias.py for tasks to queue
[2024-09-01T04:37:24.181+0000] {logging_mixin.py:190} INFO - [2024-09-01T04:37:24.181+0000] {dagbag.py:587} INFO - Filling up the DagBag from /home/ubuntu/airflow_snow/lib/python3.12/site-packages/airflow/example_dags/example_dataset_alias.py
[2024-09-01T04:37:24.202+0000] {processor.py:925} INFO - DAG(s) 'dataset_s3_bucket_consumer', 'dataset_s3_bucket_producer', 'dataset_alias_example_alias_consumer', 'dataset_alias_example_alias_producer' retrieved from /home/ubuntu/airflow_snow/lib/python3.12/site-packages/airflow/example_dags/example_dataset_alias.py
[2024-09-01T04:37:24.221+0000] {logging_mixin.py:190} INFO - [2024-09-01T04:37:24.220+0000] {dag.py:3211} INFO - Sync 4 DAGs
[2024-09-01T04:37:24.237+0000] {logging_mixin.py:190} INFO - [2024-09-01T04:37:24.237+0000] {dag.py:4138} INFO - Setting next_dagrun for dataset_alias_example_alias_consumer to None, run_after=None
[2024-09-01T04:37:24.238+0000] {logging_mixin.py:190} INFO - [2024-09-01T04:37:24.238+0000] {dag.py:4138} INFO - Setting next_dagrun for dataset_alias_example_alias_producer to None, run_after=None
[2024-09-01T04:37:24.239+0000] {logging_mixin.py:190} INFO - [2024-09-01T04:37:24.239+0000] {dag.py:4138} INFO - Setting next_dagrun for dataset_s3_bucket_consumer to None, run_after=None
[2024-09-01T04:37:24.239+0000] {logging_mixin.py:190} INFO - [2024-09-01T04:37:24.239+0000] {dag.py:4138} INFO - Setting next_dagrun for dataset_s3_bucket_producer to None, run_after=None
[2024-09-01T04:37:24.264+0000] {processor.py:208} INFO - Processing /home/ubuntu/airflow_snow/lib/python3.12/site-packages/airflow/example_dags/example_dataset_alias.py took 0.092 seconds
[2024-09-01T04:38:39.370+0000] {processor.py:186} INFO - Started process (PID=2774) to work on /home/ubuntu/airflow_snow/lib/python3.12/site-packages/airflow/example_dags/example_dataset_alias.py
[2024-09-01T04:38:39.373+0000] {processor.py:914} INFO - Processing file /home/ubuntu/airflow_snow/lib/python3.12/site-packages/airflow/example_dags/example_dataset_alias.py for tasks to queue
[2024-09-01T04:38:39.374+0000] {logging_mixin.py:190} INFO - [2024-09-01T04:38:39.374+0000] {dagbag.py:587} INFO - Filling up the DagBag from /home/ubuntu/airflow_snow/lib/python3.12/site-packages/airflow/example_dags/example_dataset_alias.py
[2024-09-01T04:38:39.395+0000] {processor.py:925} INFO - DAG(s) 'dataset_alias_example_alias_producer', 'dataset_s3_bucket_consumer', 'dataset_alias_example_alias_consumer', 'dataset_s3_bucket_producer' retrieved from /home/ubuntu/airflow_snow/lib/python3.12/site-packages/airflow/example_dags/example_dataset_alias.py
[2024-09-01T04:38:39.412+0000] {logging_mixin.py:190} INFO - [2024-09-01T04:38:39.412+0000] {dag.py:3211} INFO - Sync 4 DAGs
[2024-09-01T04:38:39.429+0000] {logging_mixin.py:190} INFO - [2024-09-01T04:38:39.429+0000] {dag.py:4138} INFO - Setting next_dagrun for dataset_alias_example_alias_consumer to None, run_after=None
[2024-09-01T04:38:39.431+0000] {logging_mixin.py:190} INFO - [2024-09-01T04:38:39.431+0000] {dag.py:4138} INFO - Setting next_dagrun for dataset_alias_example_alias_producer to None, run_after=None
[2024-09-01T04:38:39.432+0000] {logging_mixin.py:190} INFO - [2024-09-01T04:38:39.432+0000] {dag.py:4138} INFO - Setting next_dagrun for dataset_s3_bucket_consumer to None, run_after=None
[2024-09-01T04:38:39.433+0000] {logging_mixin.py:190} INFO - [2024-09-01T04:38:39.433+0000] {dag.py:4138} INFO - Setting next_dagrun for dataset_s3_bucket_producer to None, run_after=None
[2024-09-01T04:38:39.455+0000] {processor.py:208} INFO - Processing /home/ubuntu/airflow_snow/lib/python3.12/site-packages/airflow/example_dags/example_dataset_alias.py took 0.090 seconds
[2024-09-01T04:39:30.255+0000] {processor.py:186} INFO - Started process (PID=2825) to work on /home/ubuntu/airflow_snow/lib/python3.12/site-packages/airflow/example_dags/example_dataset_alias.py
[2024-09-01T04:39:30.256+0000] {processor.py:914} INFO - Processing file /home/ubuntu/airflow_snow/lib/python3.12/site-packages/airflow/example_dags/example_dataset_alias.py for tasks to queue
[2024-09-01T04:39:30.258+0000] {logging_mixin.py:190} INFO - [2024-09-01T04:39:30.258+0000] {dagbag.py:587} INFO - Filling up the DagBag from /home/ubuntu/airflow_snow/lib/python3.12/site-packages/airflow/example_dags/example_dataset_alias.py
[2024-09-01T04:39:30.279+0000] {processor.py:925} INFO - DAG(s) 'dataset_alias_example_alias_producer', 'dataset_s3_bucket_consumer', 'dataset_s3_bucket_producer', 'dataset_alias_example_alias_consumer' retrieved from /home/ubuntu/airflow_snow/lib/python3.12/site-packages/airflow/example_dags/example_dataset_alias.py
[2024-09-01T04:39:30.295+0000] {logging_mixin.py:190} INFO - [2024-09-01T04:39:30.295+0000] {dag.py:3211} INFO - Sync 4 DAGs
[2024-09-01T04:39:30.314+0000] {logging_mixin.py:190} INFO - [2024-09-01T04:39:30.313+0000] {dag.py:4138} INFO - Setting next_dagrun for dataset_alias_example_alias_consumer to None, run_after=None
[2024-09-01T04:39:30.315+0000] {logging_mixin.py:190} INFO - [2024-09-01T04:39:30.315+0000] {dag.py:4138} INFO - Setting next_dagrun for dataset_alias_example_alias_producer to None, run_after=None
[2024-09-01T04:39:30.317+0000] {logging_mixin.py:190} INFO - [2024-09-01T04:39:30.317+0000] {dag.py:4138} INFO - Setting next_dagrun for dataset_s3_bucket_consumer to None, run_after=None
[2024-09-01T04:39:30.317+0000] {logging_mixin.py:190} INFO - [2024-09-01T04:39:30.317+0000] {dag.py:4138} INFO - Setting next_dagrun for dataset_s3_bucket_producer to None, run_after=None
[2024-09-01T04:39:30.342+0000] {processor.py:208} INFO - Processing /home/ubuntu/airflow_snow/lib/python3.12/site-packages/airflow/example_dags/example_dataset_alias.py took 0.092 seconds
[2024-09-01T04:40:22.422+0000] {processor.py:186} INFO - Started process (PID=2879) to work on /home/ubuntu/airflow_snow/lib/python3.12/site-packages/airflow/example_dags/example_dataset_alias.py
[2024-09-01T04:40:22.424+0000] {processor.py:914} INFO - Processing file /home/ubuntu/airflow_snow/lib/python3.12/site-packages/airflow/example_dags/example_dataset_alias.py for tasks to queue
[2024-09-01T04:40:22.426+0000] {logging_mixin.py:190} INFO - [2024-09-01T04:40:22.425+0000] {dagbag.py:587} INFO - Filling up the DagBag from /home/ubuntu/airflow_snow/lib/python3.12/site-packages/airflow/example_dags/example_dataset_alias.py
[2024-09-01T04:40:22.447+0000] {processor.py:925} INFO - DAG(s) 'dataset_s3_bucket_consumer', 'dataset_alias_example_alias_producer', 'dataset_s3_bucket_producer', 'dataset_alias_example_alias_consumer' retrieved from /home/ubuntu/airflow_snow/lib/python3.12/site-packages/airflow/example_dags/example_dataset_alias.py
[2024-09-01T04:40:22.466+0000] {logging_mixin.py:190} INFO - [2024-09-01T04:40:22.465+0000] {dag.py:3211} INFO - Sync 4 DAGs
[2024-09-01T04:40:22.483+0000] {logging_mixin.py:190} INFO - [2024-09-01T04:40:22.483+0000] {dag.py:4138} INFO - Setting next_dagrun for dataset_alias_example_alias_consumer to None, run_after=None
[2024-09-01T04:40:22.486+0000] {logging_mixin.py:190} INFO - [2024-09-01T04:40:22.486+0000] {dag.py:4138} INFO - Setting next_dagrun for dataset_alias_example_alias_producer to None, run_after=None
[2024-09-01T04:40:22.487+0000] {logging_mixin.py:190} INFO - [2024-09-01T04:40:22.487+0000] {dag.py:4138} INFO - Setting next_dagrun for dataset_s3_bucket_consumer to None, run_after=None
[2024-09-01T04:40:22.487+0000] {logging_mixin.py:190} INFO - [2024-09-01T04:40:22.487+0000] {dag.py:4138} INFO - Setting next_dagrun for dataset_s3_bucket_producer to None, run_after=None
[2024-09-01T04:40:22.511+0000] {processor.py:208} INFO - Processing /home/ubuntu/airflow_snow/lib/python3.12/site-packages/airflow/example_dags/example_dataset_alias.py took 0.094 seconds
[2024-09-01T04:41:14.347+0000] {processor.py:186} INFO - Started process (PID=2935) to work on /home/ubuntu/airflow_snow/lib/python3.12/site-packages/airflow/example_dags/example_dataset_alias.py
[2024-09-01T04:41:14.349+0000] {processor.py:914} INFO - Processing file /home/ubuntu/airflow_snow/lib/python3.12/site-packages/airflow/example_dags/example_dataset_alias.py for tasks to queue
[2024-09-01T04:41:14.351+0000] {logging_mixin.py:190} INFO - [2024-09-01T04:41:14.350+0000] {dagbag.py:587} INFO - Filling up the DagBag from /home/ubuntu/airflow_snow/lib/python3.12/site-packages/airflow/example_dags/example_dataset_alias.py
[2024-09-01T04:41:14.373+0000] {processor.py:925} INFO - DAG(s) 'dataset_s3_bucket_producer', 'dataset_alias_example_alias_consumer', 'dataset_s3_bucket_consumer', 'dataset_alias_example_alias_producer' retrieved from /home/ubuntu/airflow_snow/lib/python3.12/site-packages/airflow/example_dags/example_dataset_alias.py
[2024-09-01T04:41:14.391+0000] {logging_mixin.py:190} INFO - [2024-09-01T04:41:14.390+0000] {dag.py:3211} INFO - Sync 4 DAGs
[2024-09-01T04:41:14.407+0000] {logging_mixin.py:190} INFO - [2024-09-01T04:41:14.407+0000] {dag.py:4138} INFO - Setting next_dagrun for dataset_alias_example_alias_consumer to None, run_after=None
[2024-09-01T04:41:14.409+0000] {logging_mixin.py:190} INFO - [2024-09-01T04:41:14.409+0000] {dag.py:4138} INFO - Setting next_dagrun for dataset_alias_example_alias_producer to None, run_after=None
[2024-09-01T04:41:14.410+0000] {logging_mixin.py:190} INFO - [2024-09-01T04:41:14.410+0000] {dag.py:4138} INFO - Setting next_dagrun for dataset_s3_bucket_consumer to None, run_after=None
[2024-09-01T04:41:14.411+0000] {logging_mixin.py:190} INFO - [2024-09-01T04:41:14.410+0000] {dag.py:4138} INFO - Setting next_dagrun for dataset_s3_bucket_producer to None, run_after=None
[2024-09-01T04:41:14.435+0000] {processor.py:208} INFO - Processing /home/ubuntu/airflow_snow/lib/python3.12/site-packages/airflow/example_dags/example_dataset_alias.py took 0.093 seconds
[2024-09-01T04:42:05.819+0000] {processor.py:186} INFO - Started process (PID=2987) to work on /home/ubuntu/airflow_snow/lib/python3.12/site-packages/airflow/example_dags/example_dataset_alias.py
[2024-09-01T04:42:05.822+0000] {processor.py:914} INFO - Processing file /home/ubuntu/airflow_snow/lib/python3.12/site-packages/airflow/example_dags/example_dataset_alias.py for tasks to queue
[2024-09-01T04:42:05.823+0000] {logging_mixin.py:190} INFO - [2024-09-01T04:42:05.823+0000] {dagbag.py:587} INFO - Filling up the DagBag from /home/ubuntu/airflow_snow/lib/python3.12/site-packages/airflow/example_dags/example_dataset_alias.py
[2024-09-01T04:42:05.844+0000] {processor.py:925} INFO - DAG(s) 'dataset_alias_example_alias_consumer', 'dataset_s3_bucket_consumer', 'dataset_alias_example_alias_producer', 'dataset_s3_bucket_producer' retrieved from /home/ubuntu/airflow_snow/lib/python3.12/site-packages/airflow/example_dags/example_dataset_alias.py
[2024-09-01T04:42:05.862+0000] {logging_mixin.py:190} INFO - [2024-09-01T04:42:05.861+0000] {dag.py:3211} INFO - Sync 4 DAGs
[2024-09-01T04:42:05.878+0000] {logging_mixin.py:190} INFO - [2024-09-01T04:42:05.878+0000] {dag.py:4138} INFO - Setting next_dagrun for dataset_alias_example_alias_consumer to None, run_after=None
[2024-09-01T04:42:05.880+0000] {logging_mixin.py:190} INFO - [2024-09-01T04:42:05.880+0000] {dag.py:4138} INFO - Setting next_dagrun for dataset_alias_example_alias_producer to None, run_after=None
[2024-09-01T04:42:05.881+0000] {logging_mixin.py:190} INFO - [2024-09-01T04:42:05.881+0000] {dag.py:4138} INFO - Setting next_dagrun for dataset_s3_bucket_consumer to None, run_after=None
[2024-09-01T04:42:05.882+0000] {logging_mixin.py:190} INFO - [2024-09-01T04:42:05.882+0000] {dag.py:4138} INFO - Setting next_dagrun for dataset_s3_bucket_producer to None, run_after=None
[2024-09-01T04:42:05.905+0000] {processor.py:208} INFO - Processing /home/ubuntu/airflow_snow/lib/python3.12/site-packages/airflow/example_dags/example_dataset_alias.py took 0.091 seconds
[2024-09-01T04:43:19.503+0000] {processor.py:186} INFO - Started process (PID=3063) to work on /home/ubuntu/airflow_snow/lib/python3.12/site-packages/airflow/example_dags/example_dataset_alias.py
[2024-09-01T04:43:19.506+0000] {processor.py:914} INFO - Processing file /home/ubuntu/airflow_snow/lib/python3.12/site-packages/airflow/example_dags/example_dataset_alias.py for tasks to queue
[2024-09-01T04:43:19.509+0000] {logging_mixin.py:190} INFO - [2024-09-01T04:43:19.509+0000] {dagbag.py:587} INFO - Filling up the DagBag from /home/ubuntu/airflow_snow/lib/python3.12/site-packages/airflow/example_dags/example_dataset_alias.py
[2024-09-01T04:43:19.529+0000] {processor.py:925} INFO - DAG(s) 'dataset_alias_example_alias_producer', 'dataset_s3_bucket_consumer', 'dataset_s3_bucket_producer', 'dataset_alias_example_alias_consumer' retrieved from /home/ubuntu/airflow_snow/lib/python3.12/site-packages/airflow/example_dags/example_dataset_alias.py
[2024-09-01T04:43:19.546+0000] {logging_mixin.py:190} INFO - [2024-09-01T04:43:19.546+0000] {dag.py:3211} INFO - Sync 4 DAGs
[2024-09-01T04:43:19.563+0000] {logging_mixin.py:190} INFO - [2024-09-01T04:43:19.563+0000] {dag.py:4138} INFO - Setting next_dagrun for dataset_alias_example_alias_consumer to None, run_after=None
[2024-09-01T04:43:19.565+0000] {logging_mixin.py:190} INFO - [2024-09-01T04:43:19.565+0000] {dag.py:4138} INFO - Setting next_dagrun for dataset_alias_example_alias_producer to None, run_after=None
[2024-09-01T04:43:19.566+0000] {logging_mixin.py:190} INFO - [2024-09-01T04:43:19.566+0000] {dag.py:4138} INFO - Setting next_dagrun for dataset_s3_bucket_consumer to None, run_after=None
[2024-09-01T04:43:19.566+0000] {logging_mixin.py:190} INFO - [2024-09-01T04:43:19.566+0000] {dag.py:4138} INFO - Setting next_dagrun for dataset_s3_bucket_producer to None, run_after=None
[2024-09-01T04:43:19.591+0000] {processor.py:208} INFO - Processing /home/ubuntu/airflow_snow/lib/python3.12/site-packages/airflow/example_dags/example_dataset_alias.py took 0.092 seconds
[2024-09-01T04:44:31.650+0000] {processor.py:186} INFO - Started process (PID=3141) to work on /home/ubuntu/airflow_snow/lib/python3.12/site-packages/airflow/example_dags/example_dataset_alias.py
[2024-09-01T04:44:31.652+0000] {processor.py:914} INFO - Processing file /home/ubuntu/airflow_snow/lib/python3.12/site-packages/airflow/example_dags/example_dataset_alias.py for tasks to queue
[2024-09-01T04:44:31.654+0000] {logging_mixin.py:190} INFO - [2024-09-01T04:44:31.654+0000] {dagbag.py:587} INFO - Filling up the DagBag from /home/ubuntu/airflow_snow/lib/python3.12/site-packages/airflow/example_dags/example_dataset_alias.py
[2024-09-01T04:44:31.675+0000] {processor.py:925} INFO - DAG(s) 'dataset_s3_bucket_producer', 'dataset_alias_example_alias_producer', 'dataset_alias_example_alias_consumer', 'dataset_s3_bucket_consumer' retrieved from /home/ubuntu/airflow_snow/lib/python3.12/site-packages/airflow/example_dags/example_dataset_alias.py
[2024-09-01T04:44:31.693+0000] {logging_mixin.py:190} INFO - [2024-09-01T04:44:31.693+0000] {dag.py:3211} INFO - Sync 4 DAGs
[2024-09-01T04:44:31.710+0000] {logging_mixin.py:190} INFO - [2024-09-01T04:44:31.710+0000] {dag.py:4138} INFO - Setting next_dagrun for dataset_alias_example_alias_consumer to None, run_after=None
[2024-09-01T04:44:31.713+0000] {logging_mixin.py:190} INFO - [2024-09-01T04:44:31.713+0000] {dag.py:4138} INFO - Setting next_dagrun for dataset_alias_example_alias_producer to None, run_after=None
[2024-09-01T04:44:31.713+0000] {logging_mixin.py:190} INFO - [2024-09-01T04:44:31.713+0000] {dag.py:4138} INFO - Setting next_dagrun for dataset_s3_bucket_consumer to None, run_after=None
[2024-09-01T04:44:31.714+0000] {logging_mixin.py:190} INFO - [2024-09-01T04:44:31.714+0000] {dag.py:4138} INFO - Setting next_dagrun for dataset_s3_bucket_producer to None, run_after=None
[2024-09-01T04:44:31.737+0000] {processor.py:208} INFO - Processing /home/ubuntu/airflow_snow/lib/python3.12/site-packages/airflow/example_dags/example_dataset_alias.py took 0.093 seconds
[2024-09-01T04:45:21.879+0000] {processor.py:186} INFO - Started process (PID=3198) to work on /home/ubuntu/airflow_snow/lib/python3.12/site-packages/airflow/example_dags/example_dataset_alias.py
[2024-09-01T04:45:21.880+0000] {processor.py:914} INFO - Processing file /home/ubuntu/airflow_snow/lib/python3.12/site-packages/airflow/example_dags/example_dataset_alias.py for tasks to queue
[2024-09-01T04:45:21.882+0000] {logging_mixin.py:190} INFO - [2024-09-01T04:45:21.882+0000] {dagbag.py:587} INFO - Filling up the DagBag from /home/ubuntu/airflow_snow/lib/python3.12/site-packages/airflow/example_dags/example_dataset_alias.py
[2024-09-01T04:45:21.903+0000] {processor.py:925} INFO - DAG(s) 'dataset_s3_bucket_consumer', 'dataset_s3_bucket_producer', 'dataset_alias_example_alias_producer', 'dataset_alias_example_alias_consumer' retrieved from /home/ubuntu/airflow_snow/lib/python3.12/site-packages/airflow/example_dags/example_dataset_alias.py
[2024-09-01T04:45:21.923+0000] {logging_mixin.py:190} INFO - [2024-09-01T04:45:21.923+0000] {dag.py:3211} INFO - Sync 4 DAGs
[2024-09-01T04:45:21.940+0000] {logging_mixin.py:190} INFO - [2024-09-01T04:45:21.940+0000] {dag.py:4138} INFO - Setting next_dagrun for dataset_alias_example_alias_consumer to None, run_after=None
[2024-09-01T04:45:21.942+0000] {logging_mixin.py:190} INFO - [2024-09-01T04:45:21.942+0000] {dag.py:4138} INFO - Setting next_dagrun for dataset_alias_example_alias_producer to None, run_after=None
[2024-09-01T04:45:21.942+0000] {logging_mixin.py:190} INFO - [2024-09-01T04:45:21.942+0000] {dag.py:4138} INFO - Setting next_dagrun for dataset_s3_bucket_consumer to None, run_after=None
[2024-09-01T04:45:21.943+0000] {logging_mixin.py:190} INFO - [2024-09-01T04:45:21.943+0000] {dag.py:4138} INFO - Setting next_dagrun for dataset_s3_bucket_producer to None, run_after=None
[2024-09-01T04:45:21.967+0000] {processor.py:208} INFO - Processing /home/ubuntu/airflow_snow/lib/python3.12/site-packages/airflow/example_dags/example_dataset_alias.py took 0.092 seconds
[2024-09-01T04:46:32.166+0000] {processor.py:186} INFO - Started process (PID=3272) to work on /home/ubuntu/airflow_snow/lib/python3.12/site-packages/airflow/example_dags/example_dataset_alias.py
[2024-09-01T04:46:32.168+0000] {processor.py:914} INFO - Processing file /home/ubuntu/airflow_snow/lib/python3.12/site-packages/airflow/example_dags/example_dataset_alias.py for tasks to queue
[2024-09-01T04:46:32.170+0000] {logging_mixin.py:190} INFO - [2024-09-01T04:46:32.169+0000] {dagbag.py:587} INFO - Filling up the DagBag from /home/ubuntu/airflow_snow/lib/python3.12/site-packages/airflow/example_dags/example_dataset_alias.py
[2024-09-01T04:46:32.191+0000] {processor.py:925} INFO - DAG(s) 'dataset_s3_bucket_consumer', 'dataset_alias_example_alias_consumer', 'dataset_s3_bucket_producer', 'dataset_alias_example_alias_producer' retrieved from /home/ubuntu/airflow_snow/lib/python3.12/site-packages/airflow/example_dags/example_dataset_alias.py
[2024-09-01T04:46:32.209+0000] {logging_mixin.py:190} INFO - [2024-09-01T04:46:32.209+0000] {dag.py:3211} INFO - Sync 4 DAGs
[2024-09-01T04:46:32.226+0000] {logging_mixin.py:190} INFO - [2024-09-01T04:46:32.226+0000] {dag.py:4138} INFO - Setting next_dagrun for dataset_alias_example_alias_consumer to None, run_after=None
[2024-09-01T04:46:32.228+0000] {logging_mixin.py:190} INFO - [2024-09-01T04:46:32.227+0000] {dag.py:4138} INFO - Setting next_dagrun for dataset_alias_example_alias_producer to None, run_after=None
[2024-09-01T04:46:32.229+0000] {logging_mixin.py:190} INFO - [2024-09-01T04:46:32.229+0000] {dag.py:4138} INFO - Setting next_dagrun for dataset_s3_bucket_consumer to None, run_after=None
[2024-09-01T04:46:32.230+0000] {logging_mixin.py:190} INFO - [2024-09-01T04:46:32.230+0000] {dag.py:4138} INFO - Setting next_dagrun for dataset_s3_bucket_producer to None, run_after=None
[2024-09-01T04:46:32.254+0000] {processor.py:208} INFO - Processing /home/ubuntu/airflow_snow/lib/python3.12/site-packages/airflow/example_dags/example_dataset_alias.py took 0.094 seconds
[2024-09-01T04:47:43.308+0000] {processor.py:186} INFO - Started process (PID=3347) to work on /home/ubuntu/airflow_snow/lib/python3.12/site-packages/airflow/example_dags/example_dataset_alias.py
[2024-09-01T04:47:43.310+0000] {processor.py:914} INFO - Processing file /home/ubuntu/airflow_snow/lib/python3.12/site-packages/airflow/example_dags/example_dataset_alias.py for tasks to queue
[2024-09-01T04:47:43.312+0000] {logging_mixin.py:190} INFO - [2024-09-01T04:47:43.312+0000] {dagbag.py:587} INFO - Filling up the DagBag from /home/ubuntu/airflow_snow/lib/python3.12/site-packages/airflow/example_dags/example_dataset_alias.py
[2024-09-01T04:47:43.333+0000] {processor.py:925} INFO - DAG(s) 'dataset_s3_bucket_consumer', 'dataset_s3_bucket_producer', 'dataset_alias_example_alias_producer', 'dataset_alias_example_alias_consumer' retrieved from /home/ubuntu/airflow_snow/lib/python3.12/site-packages/airflow/example_dags/example_dataset_alias.py
[2024-09-01T04:47:43.351+0000] {logging_mixin.py:190} INFO - [2024-09-01T04:47:43.350+0000] {dag.py:3211} INFO - Sync 4 DAGs
[2024-09-01T04:47:43.367+0000] {logging_mixin.py:190} INFO - [2024-09-01T04:47:43.367+0000] {dag.py:4138} INFO - Setting next_dagrun for dataset_alias_example_alias_consumer to None, run_after=None
[2024-09-01T04:47:43.370+0000] {logging_mixin.py:190} INFO - [2024-09-01T04:47:43.370+0000] {dag.py:4138} INFO - Setting next_dagrun for dataset_alias_example_alias_producer to None, run_after=None
[2024-09-01T04:47:43.370+0000] {logging_mixin.py:190} INFO - [2024-09-01T04:47:43.370+0000] {dag.py:4138} INFO - Setting next_dagrun for dataset_s3_bucket_consumer to None, run_after=None
[2024-09-01T04:47:43.371+0000] {logging_mixin.py:190} INFO - [2024-09-01T04:47:43.371+0000] {dag.py:4138} INFO - Setting next_dagrun for dataset_s3_bucket_producer to None, run_after=None
[2024-09-01T04:47:43.394+0000] {processor.py:208} INFO - Processing /home/ubuntu/airflow_snow/lib/python3.12/site-packages/airflow/example_dags/example_dataset_alias.py took 0.091 seconds
[2024-09-01T04:48:34.809+0000] {processor.py:186} INFO - Started process (PID=3400) to work on /home/ubuntu/airflow_snow/lib/python3.12/site-packages/airflow/example_dags/example_dataset_alias.py
[2024-09-01T04:48:34.813+0000] {processor.py:914} INFO - Processing file /home/ubuntu/airflow_snow/lib/python3.12/site-packages/airflow/example_dags/example_dataset_alias.py for tasks to queue
[2024-09-01T04:48:34.814+0000] {logging_mixin.py:190} INFO - [2024-09-01T04:48:34.814+0000] {dagbag.py:587} INFO - Filling up the DagBag from /home/ubuntu/airflow_snow/lib/python3.12/site-packages/airflow/example_dags/example_dataset_alias.py
[2024-09-01T04:48:34.835+0000] {processor.py:925} INFO - DAG(s) 'dataset_s3_bucket_producer', 'dataset_s3_bucket_consumer', 'dataset_alias_example_alias_consumer', 'dataset_alias_example_alias_producer' retrieved from /home/ubuntu/airflow_snow/lib/python3.12/site-packages/airflow/example_dags/example_dataset_alias.py
[2024-09-01T04:48:34.853+0000] {logging_mixin.py:190} INFO - [2024-09-01T04:48:34.853+0000] {dag.py:3211} INFO - Sync 4 DAGs
[2024-09-01T04:48:34.871+0000] {logging_mixin.py:190} INFO - [2024-09-01T04:48:34.871+0000] {dag.py:4138} INFO - Setting next_dagrun for dataset_alias_example_alias_consumer to None, run_after=None
[2024-09-01T04:48:34.873+0000] {logging_mixin.py:190} INFO - [2024-09-01T04:48:34.873+0000] {dag.py:4138} INFO - Setting next_dagrun for dataset_alias_example_alias_producer to None, run_after=None
[2024-09-01T04:48:34.874+0000] {logging_mixin.py:190} INFO - [2024-09-01T04:48:34.873+0000] {dag.py:4138} INFO - Setting next_dagrun for dataset_s3_bucket_consumer to None, run_after=None
[2024-09-01T04:48:34.874+0000] {logging_mixin.py:190} INFO - [2024-09-01T04:48:34.874+0000] {dag.py:4138} INFO - Setting next_dagrun for dataset_s3_bucket_producer to None, run_after=None
[2024-09-01T04:48:34.900+0000] {processor.py:208} INFO - Processing /home/ubuntu/airflow_snow/lib/python3.12/site-packages/airflow/example_dags/example_dataset_alias.py took 0.096 seconds
[2024-09-01T04:49:45.877+0000] {processor.py:186} INFO - Started process (PID=3475) to work on /home/ubuntu/airflow_snow/lib/python3.12/site-packages/airflow/example_dags/example_dataset_alias.py
[2024-09-01T04:49:45.879+0000] {processor.py:914} INFO - Processing file /home/ubuntu/airflow_snow/lib/python3.12/site-packages/airflow/example_dags/example_dataset_alias.py for tasks to queue
[2024-09-01T04:49:45.881+0000] {logging_mixin.py:190} INFO - [2024-09-01T04:49:45.881+0000] {dagbag.py:587} INFO - Filling up the DagBag from /home/ubuntu/airflow_snow/lib/python3.12/site-packages/airflow/example_dags/example_dataset_alias.py
[2024-09-01T04:49:45.903+0000] {processor.py:925} INFO - DAG(s) 'dataset_alias_example_alias_consumer', 'dataset_alias_example_alias_producer', 'dataset_s3_bucket_consumer', 'dataset_s3_bucket_producer' retrieved from /home/ubuntu/airflow_snow/lib/python3.12/site-packages/airflow/example_dags/example_dataset_alias.py
[2024-09-01T04:49:45.920+0000] {logging_mixin.py:190} INFO - [2024-09-01T04:49:45.920+0000] {dag.py:3211} INFO - Sync 4 DAGs
[2024-09-01T04:49:45.937+0000] {logging_mixin.py:190} INFO - [2024-09-01T04:49:45.936+0000] {dag.py:4138} INFO - Setting next_dagrun for dataset_alias_example_alias_consumer to None, run_after=None
[2024-09-01T04:49:45.939+0000] {logging_mixin.py:190} INFO - [2024-09-01T04:49:45.939+0000] {dag.py:4138} INFO - Setting next_dagrun for dataset_alias_example_alias_producer to None, run_after=None
[2024-09-01T04:49:45.939+0000] {logging_mixin.py:190} INFO - [2024-09-01T04:49:45.939+0000] {dag.py:4138} INFO - Setting next_dagrun for dataset_s3_bucket_consumer to None, run_after=None
[2024-09-01T04:49:45.940+0000] {logging_mixin.py:190} INFO - [2024-09-01T04:49:45.940+0000] {dag.py:4138} INFO - Setting next_dagrun for dataset_s3_bucket_producer to None, run_after=None
[2024-09-01T04:49:45.964+0000] {processor.py:208} INFO - Processing /home/ubuntu/airflow_snow/lib/python3.12/site-packages/airflow/example_dags/example_dataset_alias.py took 0.092 seconds
[2024-09-01T04:50:51.945+0000] {processor.py:186} INFO - Started process (PID=3549) to work on /home/ubuntu/airflow_snow/lib/python3.12/site-packages/airflow/example_dags/example_dataset_alias.py
[2024-09-01T04:50:51.947+0000] {processor.py:914} INFO - Processing file /home/ubuntu/airflow_snow/lib/python3.12/site-packages/airflow/example_dags/example_dataset_alias.py for tasks to queue
[2024-09-01T04:50:51.949+0000] {logging_mixin.py:190} INFO - [2024-09-01T04:50:51.948+0000] {dagbag.py:587} INFO - Filling up the DagBag from /home/ubuntu/airflow_snow/lib/python3.12/site-packages/airflow/example_dags/example_dataset_alias.py
[2024-09-01T04:50:51.970+0000] {processor.py:925} INFO - DAG(s) 'dataset_alias_example_alias_consumer', 'dataset_s3_bucket_producer', 'dataset_s3_bucket_consumer', 'dataset_alias_example_alias_producer' retrieved from /home/ubuntu/airflow_snow/lib/python3.12/site-packages/airflow/example_dags/example_dataset_alias.py
[2024-09-01T04:50:51.988+0000] {logging_mixin.py:190} INFO - [2024-09-01T04:50:51.988+0000] {dag.py:3211} INFO - Sync 4 DAGs
[2024-09-01T04:50:52.005+0000] {logging_mixin.py:190} INFO - [2024-09-01T04:50:52.005+0000] {dag.py:4138} INFO - Setting next_dagrun for dataset_alias_example_alias_consumer to None, run_after=None
[2024-09-01T04:50:52.007+0000] {logging_mixin.py:190} INFO - [2024-09-01T04:50:52.007+0000] {dag.py:4138} INFO - Setting next_dagrun for dataset_alias_example_alias_producer to None, run_after=None
[2024-09-01T04:50:52.008+0000] {logging_mixin.py:190} INFO - [2024-09-01T04:50:52.007+0000] {dag.py:4138} INFO - Setting next_dagrun for dataset_s3_bucket_consumer to None, run_after=None
[2024-09-01T04:50:52.008+0000] {logging_mixin.py:190} INFO - [2024-09-01T04:50:52.008+0000] {dag.py:4138} INFO - Setting next_dagrun for dataset_s3_bucket_producer to None, run_after=None
[2024-09-01T04:50:52.034+0000] {processor.py:208} INFO - Processing /home/ubuntu/airflow_snow/lib/python3.12/site-packages/airflow/example_dags/example_dataset_alias.py took 0.095 seconds
[2024-09-01T04:51:40.967+0000] {processor.py:186} INFO - Started process (PID=3600) to work on /home/ubuntu/airflow_snow/lib/python3.12/site-packages/airflow/example_dags/example_dataset_alias.py
[2024-09-01T04:51:40.969+0000] {processor.py:914} INFO - Processing file /home/ubuntu/airflow_snow/lib/python3.12/site-packages/airflow/example_dags/example_dataset_alias.py for tasks to queue
[2024-09-01T04:51:40.971+0000] {logging_mixin.py:190} INFO - [2024-09-01T04:51:40.971+0000] {dagbag.py:587} INFO - Filling up the DagBag from /home/ubuntu/airflow_snow/lib/python3.12/site-packages/airflow/example_dags/example_dataset_alias.py
[2024-09-01T04:51:40.993+0000] {processor.py:925} INFO - DAG(s) 'dataset_alias_example_alias_producer', 'dataset_s3_bucket_producer', 'dataset_alias_example_alias_consumer', 'dataset_s3_bucket_consumer' retrieved from /home/ubuntu/airflow_snow/lib/python3.12/site-packages/airflow/example_dags/example_dataset_alias.py
[2024-09-01T04:51:41.010+0000] {logging_mixin.py:190} INFO - [2024-09-01T04:51:41.010+0000] {dag.py:3211} INFO - Sync 4 DAGs
[2024-09-01T04:51:41.029+0000] {logging_mixin.py:190} INFO - [2024-09-01T04:51:41.029+0000] {dag.py:4138} INFO - Setting next_dagrun for dataset_alias_example_alias_consumer to None, run_after=None
[2024-09-01T04:51:41.031+0000] {logging_mixin.py:190} INFO - [2024-09-01T04:51:41.031+0000] {dag.py:4138} INFO - Setting next_dagrun for dataset_alias_example_alias_producer to None, run_after=None
[2024-09-01T04:51:41.032+0000] {logging_mixin.py:190} INFO - [2024-09-01T04:51:41.031+0000] {dag.py:4138} INFO - Setting next_dagrun for dataset_s3_bucket_consumer to None, run_after=None
[2024-09-01T04:51:41.032+0000] {logging_mixin.py:190} INFO - [2024-09-01T04:51:41.032+0000] {dag.py:4138} INFO - Setting next_dagrun for dataset_s3_bucket_producer to None, run_after=None
[2024-09-01T04:51:41.056+0000] {processor.py:208} INFO - Processing /home/ubuntu/airflow_snow/lib/python3.12/site-packages/airflow/example_dags/example_dataset_alias.py took 0.094 seconds
[2024-09-01T04:52:31.351+0000] {processor.py:186} INFO - Started process (PID=3652) to work on /home/ubuntu/airflow_snow/lib/python3.12/site-packages/airflow/example_dags/example_dataset_alias.py
[2024-09-01T04:52:31.353+0000] {processor.py:914} INFO - Processing file /home/ubuntu/airflow_snow/lib/python3.12/site-packages/airflow/example_dags/example_dataset_alias.py for tasks to queue
[2024-09-01T04:52:31.355+0000] {logging_mixin.py:190} INFO - [2024-09-01T04:52:31.355+0000] {dagbag.py:587} INFO - Filling up the DagBag from /home/ubuntu/airflow_snow/lib/python3.12/site-packages/airflow/example_dags/example_dataset_alias.py
[2024-09-01T04:52:31.376+0000] {processor.py:925} INFO - DAG(s) 'dataset_s3_bucket_consumer', 'dataset_s3_bucket_producer', 'dataset_alias_example_alias_consumer', 'dataset_alias_example_alias_producer' retrieved from /home/ubuntu/airflow_snow/lib/python3.12/site-packages/airflow/example_dags/example_dataset_alias.py
[2024-09-01T04:52:31.395+0000] {logging_mixin.py:190} INFO - [2024-09-01T04:52:31.394+0000] {dag.py:3211} INFO - Sync 4 DAGs
[2024-09-01T04:52:31.411+0000] {logging_mixin.py:190} INFO - [2024-09-01T04:52:31.411+0000] {dag.py:4138} INFO - Setting next_dagrun for dataset_alias_example_alias_consumer to None, run_after=None
[2024-09-01T04:52:31.414+0000] {logging_mixin.py:190} INFO - [2024-09-01T04:52:31.414+0000] {dag.py:4138} INFO - Setting next_dagrun for dataset_alias_example_alias_producer to None, run_after=None
[2024-09-01T04:52:31.415+0000] {logging_mixin.py:190} INFO - [2024-09-01T04:52:31.414+0000] {dag.py:4138} INFO - Setting next_dagrun for dataset_s3_bucket_consumer to None, run_after=None
[2024-09-01T04:52:31.415+0000] {logging_mixin.py:190} INFO - [2024-09-01T04:52:31.415+0000] {dag.py:4138} INFO - Setting next_dagrun for dataset_s3_bucket_producer to None, run_after=None
[2024-09-01T04:52:31.439+0000] {processor.py:208} INFO - Processing /home/ubuntu/airflow_snow/lib/python3.12/site-packages/airflow/example_dags/example_dataset_alias.py took 0.094 seconds
