[2024-09-01T04:29:09.223+0000] {processor.py:186} INFO - Started process (PID=2183) to work on /home/ubuntu/airflow_snow/lib/python3.12/site-packages/airflow/example_dags/example_dataset_alias_with_no_taskflow.py
[2024-09-01T04:29:09.225+0000] {processor.py:914} INFO - Processing file /home/ubuntu/airflow_snow/lib/python3.12/site-packages/airflow/example_dags/example_dataset_alias_with_no_taskflow.py for tasks to queue
[2024-09-01T04:29:09.227+0000] {logging_mixin.py:190} INFO - [2024-09-01T04:29:09.226+0000] {dagbag.py:587} INFO - Filling up the DagBag from /home/ubuntu/airflow_snow/lib/python3.12/site-packages/airflow/example_dags/example_dataset_alias_with_no_taskflow.py
[2024-09-01T04:29:09.243+0000] {processor.py:925} INFO - DAG(s) 'dataset_s3_bucket_producer_with_no_taskflow', 'dataset_alias_example_alias_producer_with_no_taskflow', 'dataset_alias_example_alias_consumer_with_no_taskflow', 'dataset_s3_bucket_consumer_with_no_taskflow' retrieved from /home/ubuntu/airflow_snow/lib/python3.12/site-packages/airflow/example_dags/example_dataset_alias_with_no_taskflow.py
[2024-09-01T04:29:09.340+0000] {logging_mixin.py:190} INFO - [2024-09-01T04:29:09.339+0000] {override.py:1900} INFO - Created Permission View: can delete on DAG:dataset_s3_bucket_producer_with_no_taskflow
[2024-09-01T04:29:09.354+0000] {logging_mixin.py:190} INFO - [2024-09-01T04:29:09.354+0000] {override.py:1900} INFO - Created Permission View: can read on DAG:dataset_s3_bucket_producer_with_no_taskflow
[2024-09-01T04:29:09.369+0000] {logging_mixin.py:190} INFO - [2024-09-01T04:29:09.369+0000] {override.py:1900} INFO - Created Permission View: can edit on DAG:dataset_s3_bucket_producer_with_no_taskflow
[2024-09-01T04:29:09.386+0000] {logging_mixin.py:190} INFO - [2024-09-01T04:29:09.386+0000] {override.py:1900} INFO - Created Permission View: menu access on DAG Run:dataset_s3_bucket_producer_with_no_taskflow
[2024-09-01T04:29:09.399+0000] {logging_mixin.py:190} INFO - [2024-09-01T04:29:09.399+0000] {override.py:1900} INFO - Created Permission View: can create on DAG Run:dataset_s3_bucket_producer_with_no_taskflow
[2024-09-01T04:29:09.411+0000] {logging_mixin.py:190} INFO - [2024-09-01T04:29:09.410+0000] {override.py:1900} INFO - Created Permission View: can read on DAG Run:dataset_s3_bucket_producer_with_no_taskflow
[2024-09-01T04:29:09.423+0000] {logging_mixin.py:190} INFO - [2024-09-01T04:29:09.423+0000] {override.py:1900} INFO - Created Permission View: can delete on DAG Run:dataset_s3_bucket_producer_with_no_taskflow
[2024-09-01T04:29:09.451+0000] {logging_mixin.py:190} INFO - [2024-09-01T04:29:09.451+0000] {override.py:1900} INFO - Created Permission View: can delete on DAG:dataset_alias_example_alias_producer_with_no_taskflow
[2024-09-01T04:29:09.465+0000] {logging_mixin.py:190} INFO - [2024-09-01T04:29:09.465+0000] {override.py:1900} INFO - Created Permission View: can read on DAG:dataset_alias_example_alias_producer_with_no_taskflow
[2024-09-01T04:29:09.475+0000] {logging_mixin.py:190} INFO - [2024-09-01T04:29:09.475+0000] {override.py:1900} INFO - Created Permission View: can edit on DAG:dataset_alias_example_alias_producer_with_no_taskflow
[2024-09-01T04:29:09.494+0000] {logging_mixin.py:190} INFO - [2024-09-01T04:29:09.494+0000] {override.py:1900} INFO - Created Permission View: menu access on DAG Run:dataset_alias_example_alias_producer_with_no_taskflow
[2024-09-01T04:29:09.503+0000] {logging_mixin.py:190} INFO - [2024-09-01T04:29:09.503+0000] {override.py:1900} INFO - Created Permission View: can create on DAG Run:dataset_alias_example_alias_producer_with_no_taskflow
[2024-09-01T04:29:09.516+0000] {logging_mixin.py:190} INFO - [2024-09-01T04:29:09.515+0000] {override.py:1900} INFO - Created Permission View: can read on DAG Run:dataset_alias_example_alias_producer_with_no_taskflow
[2024-09-01T04:29:09.528+0000] {logging_mixin.py:190} INFO - [2024-09-01T04:29:09.528+0000] {override.py:1900} INFO - Created Permission View: can delete on DAG Run:dataset_alias_example_alias_producer_with_no_taskflow
[2024-09-01T04:29:09.556+0000] {logging_mixin.py:190} INFO - [2024-09-01T04:29:09.556+0000] {override.py:1900} INFO - Created Permission View: can delete on DAG:dataset_alias_example_alias_consumer_with_no_taskflow
[2024-09-01T04:29:09.566+0000] {logging_mixin.py:190} INFO - [2024-09-01T04:29:09.566+0000] {override.py:1900} INFO - Created Permission View: can read on DAG:dataset_alias_example_alias_consumer_with_no_taskflow
[2024-09-01T04:29:09.578+0000] {logging_mixin.py:190} INFO - [2024-09-01T04:29:09.578+0000] {override.py:1900} INFO - Created Permission View: can edit on DAG:dataset_alias_example_alias_consumer_with_no_taskflow
[2024-09-01T04:29:09.598+0000] {logging_mixin.py:190} INFO - [2024-09-01T04:29:09.598+0000] {override.py:1900} INFO - Created Permission View: menu access on DAG Run:dataset_alias_example_alias_consumer_with_no_taskflow
[2024-09-01T04:29:09.611+0000] {logging_mixin.py:190} INFO - [2024-09-01T04:29:09.611+0000] {override.py:1900} INFO - Created Permission View: can create on DAG Run:dataset_alias_example_alias_consumer_with_no_taskflow
[2024-09-01T04:29:09.623+0000] {logging_mixin.py:190} INFO - [2024-09-01T04:29:09.622+0000] {override.py:1900} INFO - Created Permission View: can read on DAG Run:dataset_alias_example_alias_consumer_with_no_taskflow
[2024-09-01T04:29:09.635+0000] {logging_mixin.py:190} INFO - [2024-09-01T04:29:09.635+0000] {override.py:1900} INFO - Created Permission View: can delete on DAG Run:dataset_alias_example_alias_consumer_with_no_taskflow
[2024-09-01T04:29:09.660+0000] {logging_mixin.py:190} INFO - [2024-09-01T04:29:09.659+0000] {override.py:1900} INFO - Created Permission View: can delete on DAG:dataset_s3_bucket_consumer_with_no_taskflow
[2024-09-01T04:29:09.671+0000] {logging_mixin.py:190} INFO - [2024-09-01T04:29:09.671+0000] {override.py:1900} INFO - Created Permission View: can read on DAG:dataset_s3_bucket_consumer_with_no_taskflow
[2024-09-01T04:29:09.681+0000] {logging_mixin.py:190} INFO - [2024-09-01T04:29:09.681+0000] {override.py:1900} INFO - Created Permission View: can edit on DAG:dataset_s3_bucket_consumer_with_no_taskflow
[2024-09-01T04:29:09.700+0000] {logging_mixin.py:190} INFO - [2024-09-01T04:29:09.700+0000] {override.py:1900} INFO - Created Permission View: menu access on DAG Run:dataset_s3_bucket_consumer_with_no_taskflow
[2024-09-01T04:29:09.711+0000] {logging_mixin.py:190} INFO - [2024-09-01T04:29:09.711+0000] {override.py:1900} INFO - Created Permission View: can create on DAG Run:dataset_s3_bucket_consumer_with_no_taskflow
[2024-09-01T04:29:09.722+0000] {logging_mixin.py:190} INFO - [2024-09-01T04:29:09.722+0000] {override.py:1900} INFO - Created Permission View: can read on DAG Run:dataset_s3_bucket_consumer_with_no_taskflow
[2024-09-01T04:29:09.732+0000] {logging_mixin.py:190} INFO - [2024-09-01T04:29:09.732+0000] {override.py:1900} INFO - Created Permission View: can delete on DAG Run:dataset_s3_bucket_consumer_with_no_taskflow
[2024-09-01T04:29:09.732+0000] {logging_mixin.py:190} INFO - [2024-09-01T04:29:09.732+0000] {dag.py:3211} INFO - Sync 4 DAGs
[2024-09-01T04:29:09.742+0000] {logging_mixin.py:190} INFO - [2024-09-01T04:29:09.742+0000] {dag.py:3234} INFO - Creating ORM DAG for dataset_alias_example_alias_producer_with_no_taskflow
[2024-09-01T04:29:09.743+0000] {logging_mixin.py:190} INFO - [2024-09-01T04:29:09.743+0000] {dag.py:3234} INFO - Creating ORM DAG for dataset_s3_bucket_producer_with_no_taskflow
[2024-09-01T04:29:09.743+0000] {logging_mixin.py:190} INFO - [2024-09-01T04:29:09.743+0000] {dag.py:3234} INFO - Creating ORM DAG for dataset_alias_example_alias_consumer_with_no_taskflow
[2024-09-01T04:29:09.743+0000] {logging_mixin.py:190} INFO - [2024-09-01T04:29:09.743+0000] {dag.py:3234} INFO - Creating ORM DAG for dataset_s3_bucket_consumer_with_no_taskflow
[2024-09-01T04:29:09.750+0000] {logging_mixin.py:190} INFO - [2024-09-01T04:29:09.750+0000] {dag.py:4138} INFO - Setting next_dagrun for dataset_alias_example_alias_consumer_with_no_taskflow to None, run_after=None
[2024-09-01T04:29:09.751+0000] {logging_mixin.py:190} INFO - [2024-09-01T04:29:09.751+0000] {dag.py:4138} INFO - Setting next_dagrun for dataset_alias_example_alias_producer_with_no_taskflow to None, run_after=None
[2024-09-01T04:29:09.751+0000] {logging_mixin.py:190} INFO - [2024-09-01T04:29:09.751+0000] {dag.py:4138} INFO - Setting next_dagrun for dataset_s3_bucket_consumer_with_no_taskflow to None, run_after=None
[2024-09-01T04:29:09.751+0000] {logging_mixin.py:190} INFO - [2024-09-01T04:29:09.751+0000] {dag.py:4138} INFO - Setting next_dagrun for dataset_s3_bucket_producer_with_no_taskflow to None, run_after=None
[2024-09-01T04:29:09.783+0000] {processor.py:208} INFO - Processing /home/ubuntu/airflow_snow/lib/python3.12/site-packages/airflow/example_dags/example_dataset_alias_with_no_taskflow.py took 0.565 seconds
[2024-09-01T04:30:08.443+0000] {processor.py:186} INFO - Started process (PID=2241) to work on /home/ubuntu/airflow_snow/lib/python3.12/site-packages/airflow/example_dags/example_dataset_alias_with_no_taskflow.py
[2024-09-01T04:30:08.445+0000] {processor.py:914} INFO - Processing file /home/ubuntu/airflow_snow/lib/python3.12/site-packages/airflow/example_dags/example_dataset_alias_with_no_taskflow.py for tasks to queue
[2024-09-01T04:30:08.447+0000] {logging_mixin.py:190} INFO - [2024-09-01T04:30:08.446+0000] {dagbag.py:587} INFO - Filling up the DagBag from /home/ubuntu/airflow_snow/lib/python3.12/site-packages/airflow/example_dags/example_dataset_alias_with_no_taskflow.py
[2024-09-01T04:30:08.468+0000] {processor.py:925} INFO - DAG(s) 'dataset_alias_example_alias_consumer_with_no_taskflow', 'dataset_s3_bucket_consumer_with_no_taskflow', 'dataset_alias_example_alias_producer_with_no_taskflow', 'dataset_s3_bucket_producer_with_no_taskflow' retrieved from /home/ubuntu/airflow_snow/lib/python3.12/site-packages/airflow/example_dags/example_dataset_alias_with_no_taskflow.py
[2024-09-01T04:30:08.486+0000] {logging_mixin.py:190} INFO - [2024-09-01T04:30:08.486+0000] {dag.py:3211} INFO - Sync 4 DAGs
[2024-09-01T04:30:08.503+0000] {logging_mixin.py:190} INFO - [2024-09-01T04:30:08.503+0000] {dag.py:4138} INFO - Setting next_dagrun for dataset_alias_example_alias_consumer_with_no_taskflow to None, run_after=None
[2024-09-01T04:30:08.505+0000] {logging_mixin.py:190} INFO - [2024-09-01T04:30:08.505+0000] {dag.py:4138} INFO - Setting next_dagrun for dataset_alias_example_alias_producer_with_no_taskflow to None, run_after=None
[2024-09-01T04:30:08.506+0000] {logging_mixin.py:190} INFO - [2024-09-01T04:30:08.506+0000] {dag.py:4138} INFO - Setting next_dagrun for dataset_s3_bucket_consumer_with_no_taskflow to None, run_after=None
[2024-09-01T04:30:08.507+0000] {logging_mixin.py:190} INFO - [2024-09-01T04:30:08.507+0000] {dag.py:4138} INFO - Setting next_dagrun for dataset_s3_bucket_producer_with_no_taskflow to None, run_after=None
[2024-09-01T04:30:08.529+0000] {processor.py:208} INFO - Processing /home/ubuntu/airflow_snow/lib/python3.12/site-packages/airflow/example_dags/example_dataset_alias_with_no_taskflow.py took 0.092 seconds
[2024-09-01T04:31:04.925+0000] {processor.py:186} INFO - Started process (PID=2302) to work on /home/ubuntu/airflow_snow/lib/python3.12/site-packages/airflow/example_dags/example_dataset_alias_with_no_taskflow.py
[2024-09-01T04:31:04.927+0000] {processor.py:914} INFO - Processing file /home/ubuntu/airflow_snow/lib/python3.12/site-packages/airflow/example_dags/example_dataset_alias_with_no_taskflow.py for tasks to queue
[2024-09-01T04:31:04.929+0000] {logging_mixin.py:190} INFO - [2024-09-01T04:31:04.928+0000] {dagbag.py:587} INFO - Filling up the DagBag from /home/ubuntu/airflow_snow/lib/python3.12/site-packages/airflow/example_dags/example_dataset_alias_with_no_taskflow.py
[2024-09-01T04:31:04.948+0000] {processor.py:925} INFO - DAG(s) 'dataset_alias_example_alias_producer_with_no_taskflow', 'dataset_s3_bucket_producer_with_no_taskflow', 'dataset_alias_example_alias_consumer_with_no_taskflow', 'dataset_s3_bucket_consumer_with_no_taskflow' retrieved from /home/ubuntu/airflow_snow/lib/python3.12/site-packages/airflow/example_dags/example_dataset_alias_with_no_taskflow.py
[2024-09-01T04:31:04.966+0000] {logging_mixin.py:190} INFO - [2024-09-01T04:31:04.966+0000] {dag.py:3211} INFO - Sync 4 DAGs
[2024-09-01T04:31:04.983+0000] {logging_mixin.py:190} INFO - [2024-09-01T04:31:04.982+0000] {dag.py:4138} INFO - Setting next_dagrun for dataset_alias_example_alias_consumer_with_no_taskflow to None, run_after=None
[2024-09-01T04:31:04.984+0000] {logging_mixin.py:190} INFO - [2024-09-01T04:31:04.984+0000] {dag.py:4138} INFO - Setting next_dagrun for dataset_alias_example_alias_producer_with_no_taskflow to None, run_after=None
[2024-09-01T04:31:04.985+0000] {logging_mixin.py:190} INFO - [2024-09-01T04:31:04.985+0000] {dag.py:4138} INFO - Setting next_dagrun for dataset_s3_bucket_consumer_with_no_taskflow to None, run_after=None
[2024-09-01T04:31:04.986+0000] {logging_mixin.py:190} INFO - [2024-09-01T04:31:04.986+0000] {dag.py:4138} INFO - Setting next_dagrun for dataset_s3_bucket_producer_with_no_taskflow to None, run_after=None
[2024-09-01T04:31:05.011+0000] {processor.py:208} INFO - Processing /home/ubuntu/airflow_snow/lib/python3.12/site-packages/airflow/example_dags/example_dataset_alias_with_no_taskflow.py took 0.092 seconds
[2024-09-01T04:31:57.638+0000] {processor.py:186} INFO - Started process (PID=2358) to work on /home/ubuntu/airflow_snow/lib/python3.12/site-packages/airflow/example_dags/example_dataset_alias_with_no_taskflow.py
[2024-09-01T04:31:57.641+0000] {processor.py:914} INFO - Processing file /home/ubuntu/airflow_snow/lib/python3.12/site-packages/airflow/example_dags/example_dataset_alias_with_no_taskflow.py for tasks to queue
[2024-09-01T04:31:57.643+0000] {logging_mixin.py:190} INFO - [2024-09-01T04:31:57.642+0000] {dagbag.py:587} INFO - Filling up the DagBag from /home/ubuntu/airflow_snow/lib/python3.12/site-packages/airflow/example_dags/example_dataset_alias_with_no_taskflow.py
[2024-09-01T04:31:57.663+0000] {processor.py:925} INFO - DAG(s) 'dataset_s3_bucket_producer_with_no_taskflow', 'dataset_alias_example_alias_consumer_with_no_taskflow', 'dataset_s3_bucket_consumer_with_no_taskflow', 'dataset_alias_example_alias_producer_with_no_taskflow' retrieved from /home/ubuntu/airflow_snow/lib/python3.12/site-packages/airflow/example_dags/example_dataset_alias_with_no_taskflow.py
[2024-09-01T04:31:57.680+0000] {logging_mixin.py:190} INFO - [2024-09-01T04:31:57.679+0000] {dag.py:3211} INFO - Sync 4 DAGs
[2024-09-01T04:31:57.697+0000] {logging_mixin.py:190} INFO - [2024-09-01T04:31:57.697+0000] {dag.py:4138} INFO - Setting next_dagrun for dataset_alias_example_alias_consumer_with_no_taskflow to None, run_after=None
[2024-09-01T04:31:57.698+0000] {logging_mixin.py:190} INFO - [2024-09-01T04:31:57.698+0000] {dag.py:4138} INFO - Setting next_dagrun for dataset_alias_example_alias_producer_with_no_taskflow to None, run_after=None
[2024-09-01T04:31:57.699+0000] {logging_mixin.py:190} INFO - [2024-09-01T04:31:57.699+0000] {dag.py:4138} INFO - Setting next_dagrun for dataset_s3_bucket_consumer_with_no_taskflow to None, run_after=None
[2024-09-01T04:31:57.700+0000] {logging_mixin.py:190} INFO - [2024-09-01T04:31:57.699+0000] {dag.py:4138} INFO - Setting next_dagrun for dataset_s3_bucket_producer_with_no_taskflow to None, run_after=None
[2024-09-01T04:31:57.723+0000] {processor.py:208} INFO - Processing /home/ubuntu/airflow_snow/lib/python3.12/site-packages/airflow/example_dags/example_dataset_alias_with_no_taskflow.py took 0.089 seconds
[2024-09-01T04:33:10.795+0000] {processor.py:186} INFO - Started process (PID=2433) to work on /home/ubuntu/airflow_snow/lib/python3.12/site-packages/airflow/example_dags/example_dataset_alias_with_no_taskflow.py
[2024-09-01T04:33:10.797+0000] {processor.py:914} INFO - Processing file /home/ubuntu/airflow_snow/lib/python3.12/site-packages/airflow/example_dags/example_dataset_alias_with_no_taskflow.py for tasks to queue
[2024-09-01T04:33:10.799+0000] {logging_mixin.py:190} INFO - [2024-09-01T04:33:10.798+0000] {dagbag.py:587} INFO - Filling up the DagBag from /home/ubuntu/airflow_snow/lib/python3.12/site-packages/airflow/example_dags/example_dataset_alias_with_no_taskflow.py
[2024-09-01T04:33:10.818+0000] {processor.py:925} INFO - DAG(s) 'dataset_alias_example_alias_producer_with_no_taskflow', 'dataset_alias_example_alias_consumer_with_no_taskflow', 'dataset_s3_bucket_producer_with_no_taskflow', 'dataset_s3_bucket_consumer_with_no_taskflow' retrieved from /home/ubuntu/airflow_snow/lib/python3.12/site-packages/airflow/example_dags/example_dataset_alias_with_no_taskflow.py
[2024-09-01T04:33:10.835+0000] {logging_mixin.py:190} INFO - [2024-09-01T04:33:10.835+0000] {dag.py:3211} INFO - Sync 4 DAGs
[2024-09-01T04:33:10.852+0000] {logging_mixin.py:190} INFO - [2024-09-01T04:33:10.852+0000] {dag.py:4138} INFO - Setting next_dagrun for dataset_alias_example_alias_consumer_with_no_taskflow to None, run_after=None
[2024-09-01T04:33:10.854+0000] {logging_mixin.py:190} INFO - [2024-09-01T04:33:10.854+0000] {dag.py:4138} INFO - Setting next_dagrun for dataset_alias_example_alias_producer_with_no_taskflow to None, run_after=None
[2024-09-01T04:33:10.855+0000] {logging_mixin.py:190} INFO - [2024-09-01T04:33:10.855+0000] {dag.py:4138} INFO - Setting next_dagrun for dataset_s3_bucket_consumer_with_no_taskflow to None, run_after=None
[2024-09-01T04:33:10.856+0000] {logging_mixin.py:190} INFO - [2024-09-01T04:33:10.856+0000] {dag.py:4138} INFO - Setting next_dagrun for dataset_s3_bucket_producer_with_no_taskflow to None, run_after=None
[2024-09-01T04:33:10.882+0000] {processor.py:208} INFO - Processing /home/ubuntu/airflow_snow/lib/python3.12/site-packages/airflow/example_dags/example_dataset_alias_with_no_taskflow.py took 0.092 seconds
[2024-09-01T04:34:00.998+0000] {processor.py:186} INFO - Started process (PID=2486) to work on /home/ubuntu/airflow_snow/lib/python3.12/site-packages/airflow/example_dags/example_dataset_alias_with_no_taskflow.py
[2024-09-01T04:34:00.999+0000] {processor.py:914} INFO - Processing file /home/ubuntu/airflow_snow/lib/python3.12/site-packages/airflow/example_dags/example_dataset_alias_with_no_taskflow.py for tasks to queue
[2024-09-01T04:34:01.001+0000] {logging_mixin.py:190} INFO - [2024-09-01T04:34:01.001+0000] {dagbag.py:587} INFO - Filling up the DagBag from /home/ubuntu/airflow_snow/lib/python3.12/site-packages/airflow/example_dags/example_dataset_alias_with_no_taskflow.py
[2024-09-01T04:34:01.023+0000] {processor.py:925} INFO - DAG(s) 'dataset_s3_bucket_producer_with_no_taskflow', 'dataset_alias_example_alias_consumer_with_no_taskflow', 'dataset_alias_example_alias_producer_with_no_taskflow', 'dataset_s3_bucket_consumer_with_no_taskflow' retrieved from /home/ubuntu/airflow_snow/lib/python3.12/site-packages/airflow/example_dags/example_dataset_alias_with_no_taskflow.py
[2024-09-01T04:34:01.042+0000] {logging_mixin.py:190} INFO - [2024-09-01T04:34:01.042+0000] {dag.py:3211} INFO - Sync 4 DAGs
[2024-09-01T04:34:01.061+0000] {logging_mixin.py:190} INFO - [2024-09-01T04:34:01.060+0000] {dag.py:4138} INFO - Setting next_dagrun for dataset_alias_example_alias_consumer_with_no_taskflow to None, run_after=None
[2024-09-01T04:34:01.062+0000] {logging_mixin.py:190} INFO - [2024-09-01T04:34:01.062+0000] {dag.py:4138} INFO - Setting next_dagrun for dataset_alias_example_alias_producer_with_no_taskflow to None, run_after=None
[2024-09-01T04:34:01.063+0000] {logging_mixin.py:190} INFO - [2024-09-01T04:34:01.063+0000] {dag.py:4138} INFO - Setting next_dagrun for dataset_s3_bucket_consumer_with_no_taskflow to None, run_after=None
[2024-09-01T04:34:01.063+0000] {logging_mixin.py:190} INFO - [2024-09-01T04:34:01.063+0000] {dag.py:4138} INFO - Setting next_dagrun for dataset_s3_bucket_producer_with_no_taskflow to None, run_after=None
[2024-09-01T04:34:01.087+0000] {processor.py:208} INFO - Processing /home/ubuntu/airflow_snow/lib/python3.12/site-packages/airflow/example_dags/example_dataset_alias_with_no_taskflow.py took 0.095 seconds
[2024-09-01T04:34:49.914+0000] {processor.py:186} INFO - Started process (PID=2538) to work on /home/ubuntu/airflow_snow/lib/python3.12/site-packages/airflow/example_dags/example_dataset_alias_with_no_taskflow.py
[2024-09-01T04:34:49.917+0000] {processor.py:914} INFO - Processing file /home/ubuntu/airflow_snow/lib/python3.12/site-packages/airflow/example_dags/example_dataset_alias_with_no_taskflow.py for tasks to queue
[2024-09-01T04:34:49.918+0000] {logging_mixin.py:190} INFO - [2024-09-01T04:34:49.918+0000] {dagbag.py:587} INFO - Filling up the DagBag from /home/ubuntu/airflow_snow/lib/python3.12/site-packages/airflow/example_dags/example_dataset_alias_with_no_taskflow.py
[2024-09-01T04:34:49.939+0000] {processor.py:925} INFO - DAG(s) 'dataset_alias_example_alias_consumer_with_no_taskflow', 'dataset_s3_bucket_consumer_with_no_taskflow', 'dataset_s3_bucket_producer_with_no_taskflow', 'dataset_alias_example_alias_producer_with_no_taskflow' retrieved from /home/ubuntu/airflow_snow/lib/python3.12/site-packages/airflow/example_dags/example_dataset_alias_with_no_taskflow.py
[2024-09-01T04:34:49.955+0000] {logging_mixin.py:190} INFO - [2024-09-01T04:34:49.955+0000] {dag.py:3211} INFO - Sync 4 DAGs
[2024-09-01T04:34:49.973+0000] {logging_mixin.py:190} INFO - [2024-09-01T04:34:49.973+0000] {dag.py:4138} INFO - Setting next_dagrun for dataset_alias_example_alias_consumer_with_no_taskflow to None, run_after=None
[2024-09-01T04:34:49.974+0000] {logging_mixin.py:190} INFO - [2024-09-01T04:34:49.974+0000] {dag.py:4138} INFO - Setting next_dagrun for dataset_alias_example_alias_producer_with_no_taskflow to None, run_after=None
[2024-09-01T04:34:49.975+0000] {logging_mixin.py:190} INFO - [2024-09-01T04:34:49.975+0000] {dag.py:4138} INFO - Setting next_dagrun for dataset_s3_bucket_consumer_with_no_taskflow to None, run_after=None
[2024-09-01T04:34:49.976+0000] {logging_mixin.py:190} INFO - [2024-09-01T04:34:49.976+0000] {dag.py:4138} INFO - Setting next_dagrun for dataset_s3_bucket_producer_with_no_taskflow to None, run_after=None
[2024-09-01T04:34:50.002+0000] {processor.py:208} INFO - Processing /home/ubuntu/airflow_snow/lib/python3.12/site-packages/airflow/example_dags/example_dataset_alias_with_no_taskflow.py took 0.092 seconds
[2024-09-01T04:36:04.274+0000] {processor.py:186} INFO - Started process (PID=2617) to work on /home/ubuntu/airflow_snow/lib/python3.12/site-packages/airflow/example_dags/example_dataset_alias_with_no_taskflow.py
[2024-09-01T04:36:04.277+0000] {processor.py:914} INFO - Processing file /home/ubuntu/airflow_snow/lib/python3.12/site-packages/airflow/example_dags/example_dataset_alias_with_no_taskflow.py for tasks to queue
[2024-09-01T04:36:04.279+0000] {logging_mixin.py:190} INFO - [2024-09-01T04:36:04.278+0000] {dagbag.py:587} INFO - Filling up the DagBag from /home/ubuntu/airflow_snow/lib/python3.12/site-packages/airflow/example_dags/example_dataset_alias_with_no_taskflow.py
[2024-09-01T04:36:04.299+0000] {processor.py:925} INFO - DAG(s) 'dataset_s3_bucket_consumer_with_no_taskflow', 'dataset_alias_example_alias_producer_with_no_taskflow', 'dataset_s3_bucket_producer_with_no_taskflow', 'dataset_alias_example_alias_consumer_with_no_taskflow' retrieved from /home/ubuntu/airflow_snow/lib/python3.12/site-packages/airflow/example_dags/example_dataset_alias_with_no_taskflow.py
[2024-09-01T04:36:04.316+0000] {logging_mixin.py:190} INFO - [2024-09-01T04:36:04.316+0000] {dag.py:3211} INFO - Sync 4 DAGs
[2024-09-01T04:36:04.334+0000] {logging_mixin.py:190} INFO - [2024-09-01T04:36:04.334+0000] {dag.py:4138} INFO - Setting next_dagrun for dataset_alias_example_alias_consumer_with_no_taskflow to None, run_after=None
[2024-09-01T04:36:04.335+0000] {logging_mixin.py:190} INFO - [2024-09-01T04:36:04.335+0000] {dag.py:4138} INFO - Setting next_dagrun for dataset_alias_example_alias_producer_with_no_taskflow to None, run_after=None
[2024-09-01T04:36:04.336+0000] {logging_mixin.py:190} INFO - [2024-09-01T04:36:04.336+0000] {dag.py:4138} INFO - Setting next_dagrun for dataset_s3_bucket_consumer_with_no_taskflow to None, run_after=None
[2024-09-01T04:36:04.338+0000] {logging_mixin.py:190} INFO - [2024-09-01T04:36:04.337+0000] {dag.py:4138} INFO - Setting next_dagrun for dataset_s3_bucket_producer_with_no_taskflow to None, run_after=None
[2024-09-01T04:36:04.360+0000] {processor.py:208} INFO - Processing /home/ubuntu/airflow_snow/lib/python3.12/site-packages/airflow/example_dags/example_dataset_alias_with_no_taskflow.py took 0.090 seconds
[2024-09-01T04:36:57.107+0000] {processor.py:186} INFO - Started process (PID=2670) to work on /home/ubuntu/airflow_snow/lib/python3.12/site-packages/airflow/example_dags/example_dataset_alias_with_no_taskflow.py
[2024-09-01T04:36:57.109+0000] {processor.py:914} INFO - Processing file /home/ubuntu/airflow_snow/lib/python3.12/site-packages/airflow/example_dags/example_dataset_alias_with_no_taskflow.py for tasks to queue
[2024-09-01T04:36:57.110+0000] {logging_mixin.py:190} INFO - [2024-09-01T04:36:57.110+0000] {dagbag.py:587} INFO - Filling up the DagBag from /home/ubuntu/airflow_snow/lib/python3.12/site-packages/airflow/example_dags/example_dataset_alias_with_no_taskflow.py
[2024-09-01T04:36:57.130+0000] {processor.py:925} INFO - DAG(s) 'dataset_s3_bucket_producer_with_no_taskflow', 'dataset_alias_example_alias_consumer_with_no_taskflow', 'dataset_alias_example_alias_producer_with_no_taskflow', 'dataset_s3_bucket_consumer_with_no_taskflow' retrieved from /home/ubuntu/airflow_snow/lib/python3.12/site-packages/airflow/example_dags/example_dataset_alias_with_no_taskflow.py
[2024-09-01T04:36:57.147+0000] {logging_mixin.py:190} INFO - [2024-09-01T04:36:57.147+0000] {dag.py:3211} INFO - Sync 4 DAGs
[2024-09-01T04:36:57.166+0000] {logging_mixin.py:190} INFO - [2024-09-01T04:36:57.165+0000] {dag.py:4138} INFO - Setting next_dagrun for dataset_alias_example_alias_consumer_with_no_taskflow to None, run_after=None
[2024-09-01T04:36:57.167+0000] {logging_mixin.py:190} INFO - [2024-09-01T04:36:57.167+0000] {dag.py:4138} INFO - Setting next_dagrun for dataset_alias_example_alias_producer_with_no_taskflow to None, run_after=None
[2024-09-01T04:36:57.168+0000] {logging_mixin.py:190} INFO - [2024-09-01T04:36:57.168+0000] {dag.py:4138} INFO - Setting next_dagrun for dataset_s3_bucket_consumer_with_no_taskflow to None, run_after=None
[2024-09-01T04:36:57.169+0000] {logging_mixin.py:190} INFO - [2024-09-01T04:36:57.169+0000] {dag.py:4138} INFO - Setting next_dagrun for dataset_s3_bucket_producer_with_no_taskflow to None, run_after=None
[2024-09-01T04:36:57.193+0000] {processor.py:208} INFO - Processing /home/ubuntu/airflow_snow/lib/python3.12/site-packages/airflow/example_dags/example_dataset_alias_with_no_taskflow.py took 0.091 seconds
[2024-09-01T04:37:48.948+0000] {processor.py:186} INFO - Started process (PID=2723) to work on /home/ubuntu/airflow_snow/lib/python3.12/site-packages/airflow/example_dags/example_dataset_alias_with_no_taskflow.py
[2024-09-01T04:37:48.949+0000] {processor.py:914} INFO - Processing file /home/ubuntu/airflow_snow/lib/python3.12/site-packages/airflow/example_dags/example_dataset_alias_with_no_taskflow.py for tasks to queue
[2024-09-01T04:37:48.951+0000] {logging_mixin.py:190} INFO - [2024-09-01T04:37:48.951+0000] {dagbag.py:587} INFO - Filling up the DagBag from /home/ubuntu/airflow_snow/lib/python3.12/site-packages/airflow/example_dags/example_dataset_alias_with_no_taskflow.py
[2024-09-01T04:37:48.972+0000] {processor.py:925} INFO - DAG(s) 'dataset_alias_example_alias_producer_with_no_taskflow', 'dataset_s3_bucket_consumer_with_no_taskflow', 'dataset_alias_example_alias_consumer_with_no_taskflow', 'dataset_s3_bucket_producer_with_no_taskflow' retrieved from /home/ubuntu/airflow_snow/lib/python3.12/site-packages/airflow/example_dags/example_dataset_alias_with_no_taskflow.py
[2024-09-01T04:37:48.990+0000] {logging_mixin.py:190} INFO - [2024-09-01T04:37:48.990+0000] {dag.py:3211} INFO - Sync 4 DAGs
[2024-09-01T04:37:49.008+0000] {logging_mixin.py:190} INFO - [2024-09-01T04:37:49.007+0000] {dag.py:4138} INFO - Setting next_dagrun for dataset_alias_example_alias_consumer_with_no_taskflow to None, run_after=None
[2024-09-01T04:37:49.010+0000] {logging_mixin.py:190} INFO - [2024-09-01T04:37:49.010+0000] {dag.py:4138} INFO - Setting next_dagrun for dataset_alias_example_alias_producer_with_no_taskflow to None, run_after=None
[2024-09-01T04:37:49.011+0000] {logging_mixin.py:190} INFO - [2024-09-01T04:37:49.011+0000] {dag.py:4138} INFO - Setting next_dagrun for dataset_s3_bucket_consumer_with_no_taskflow to None, run_after=None
[2024-09-01T04:37:49.011+0000] {logging_mixin.py:190} INFO - [2024-09-01T04:37:49.011+0000] {dag.py:4138} INFO - Setting next_dagrun for dataset_s3_bucket_producer_with_no_taskflow to None, run_after=None
[2024-09-01T04:37:49.037+0000] {processor.py:208} INFO - Processing /home/ubuntu/airflow_snow/lib/python3.12/site-packages/airflow/example_dags/example_dataset_alias_with_no_taskflow.py took 0.094 seconds
[2024-09-01T04:39:04.319+0000] {processor.py:186} INFO - Started process (PID=2798) to work on /home/ubuntu/airflow_snow/lib/python3.12/site-packages/airflow/example_dags/example_dataset_alias_with_no_taskflow.py
[2024-09-01T04:39:04.321+0000] {processor.py:914} INFO - Processing file /home/ubuntu/airflow_snow/lib/python3.12/site-packages/airflow/example_dags/example_dataset_alias_with_no_taskflow.py for tasks to queue
[2024-09-01T04:39:04.323+0000] {logging_mixin.py:190} INFO - [2024-09-01T04:39:04.323+0000] {dagbag.py:587} INFO - Filling up the DagBag from /home/ubuntu/airflow_snow/lib/python3.12/site-packages/airflow/example_dags/example_dataset_alias_with_no_taskflow.py
[2024-09-01T04:39:04.343+0000] {processor.py:925} INFO - DAG(s) 'dataset_alias_example_alias_consumer_with_no_taskflow', 'dataset_s3_bucket_producer_with_no_taskflow', 'dataset_s3_bucket_consumer_with_no_taskflow', 'dataset_alias_example_alias_producer_with_no_taskflow' retrieved from /home/ubuntu/airflow_snow/lib/python3.12/site-packages/airflow/example_dags/example_dataset_alias_with_no_taskflow.py
[2024-09-01T04:39:04.362+0000] {logging_mixin.py:190} INFO - [2024-09-01T04:39:04.362+0000] {dag.py:3211} INFO - Sync 4 DAGs
[2024-09-01T04:39:04.379+0000] {logging_mixin.py:190} INFO - [2024-09-01T04:39:04.379+0000] {dag.py:4138} INFO - Setting next_dagrun for dataset_alias_example_alias_consumer_with_no_taskflow to None, run_after=None
[2024-09-01T04:39:04.382+0000] {logging_mixin.py:190} INFO - [2024-09-01T04:39:04.381+0000] {dag.py:4138} INFO - Setting next_dagrun for dataset_alias_example_alias_producer_with_no_taskflow to None, run_after=None
[2024-09-01T04:39:04.382+0000] {logging_mixin.py:190} INFO - [2024-09-01T04:39:04.382+0000] {dag.py:4138} INFO - Setting next_dagrun for dataset_s3_bucket_consumer_with_no_taskflow to None, run_after=None
[2024-09-01T04:39:04.383+0000] {logging_mixin.py:190} INFO - [2024-09-01T04:39:04.383+0000] {dag.py:4138} INFO - Setting next_dagrun for dataset_s3_bucket_producer_with_no_taskflow to None, run_after=None
[2024-09-01T04:39:04.409+0000] {processor.py:208} INFO - Processing /home/ubuntu/airflow_snow/lib/python3.12/site-packages/airflow/example_dags/example_dataset_alias_with_no_taskflow.py took 0.095 seconds
[2024-09-01T04:39:55.170+0000] {processor.py:186} INFO - Started process (PID=2851) to work on /home/ubuntu/airflow_snow/lib/python3.12/site-packages/airflow/example_dags/example_dataset_alias_with_no_taskflow.py
[2024-09-01T04:39:55.172+0000] {processor.py:914} INFO - Processing file /home/ubuntu/airflow_snow/lib/python3.12/site-packages/airflow/example_dags/example_dataset_alias_with_no_taskflow.py for tasks to queue
[2024-09-01T04:39:55.174+0000] {logging_mixin.py:190} INFO - [2024-09-01T04:39:55.174+0000] {dagbag.py:587} INFO - Filling up the DagBag from /home/ubuntu/airflow_snow/lib/python3.12/site-packages/airflow/example_dags/example_dataset_alias_with_no_taskflow.py
[2024-09-01T04:39:55.195+0000] {processor.py:925} INFO - DAG(s) 'dataset_s3_bucket_producer_with_no_taskflow', 'dataset_s3_bucket_consumer_with_no_taskflow', 'dataset_alias_example_alias_consumer_with_no_taskflow', 'dataset_alias_example_alias_producer_with_no_taskflow' retrieved from /home/ubuntu/airflow_snow/lib/python3.12/site-packages/airflow/example_dags/example_dataset_alias_with_no_taskflow.py
[2024-09-01T04:39:55.213+0000] {logging_mixin.py:190} INFO - [2024-09-01T04:39:55.212+0000] {dag.py:3211} INFO - Sync 4 DAGs
[2024-09-01T04:39:55.230+0000] {logging_mixin.py:190} INFO - [2024-09-01T04:39:55.230+0000] {dag.py:4138} INFO - Setting next_dagrun for dataset_alias_example_alias_consumer_with_no_taskflow to None, run_after=None
[2024-09-01T04:39:55.232+0000] {logging_mixin.py:190} INFO - [2024-09-01T04:39:55.231+0000] {dag.py:4138} INFO - Setting next_dagrun for dataset_alias_example_alias_producer_with_no_taskflow to None, run_after=None
[2024-09-01T04:39:55.233+0000] {logging_mixin.py:190} INFO - [2024-09-01T04:39:55.233+0000] {dag.py:4138} INFO - Setting next_dagrun for dataset_s3_bucket_consumer_with_no_taskflow to None, run_after=None
[2024-09-01T04:39:55.234+0000] {logging_mixin.py:190} INFO - [2024-09-01T04:39:55.234+0000] {dag.py:4138} INFO - Setting next_dagrun for dataset_s3_bucket_producer_with_no_taskflow to None, run_after=None
[2024-09-01T04:39:55.262+0000] {processor.py:208} INFO - Processing /home/ubuntu/airflow_snow/lib/python3.12/site-packages/airflow/example_dags/example_dataset_alias_with_no_taskflow.py took 0.097 seconds
[2024-09-01T04:40:47.451+0000] {processor.py:186} INFO - Started process (PID=2907) to work on /home/ubuntu/airflow_snow/lib/python3.12/site-packages/airflow/example_dags/example_dataset_alias_with_no_taskflow.py
[2024-09-01T04:40:47.453+0000] {processor.py:914} INFO - Processing file /home/ubuntu/airflow_snow/lib/python3.12/site-packages/airflow/example_dags/example_dataset_alias_with_no_taskflow.py for tasks to queue
[2024-09-01T04:40:47.454+0000] {logging_mixin.py:190} INFO - [2024-09-01T04:40:47.454+0000] {dagbag.py:587} INFO - Filling up the DagBag from /home/ubuntu/airflow_snow/lib/python3.12/site-packages/airflow/example_dags/example_dataset_alias_with_no_taskflow.py
[2024-09-01T04:40:47.476+0000] {processor.py:925} INFO - DAG(s) 'dataset_alias_example_alias_producer_with_no_taskflow', 'dataset_s3_bucket_producer_with_no_taskflow', 'dataset_alias_example_alias_consumer_with_no_taskflow', 'dataset_s3_bucket_consumer_with_no_taskflow' retrieved from /home/ubuntu/airflow_snow/lib/python3.12/site-packages/airflow/example_dags/example_dataset_alias_with_no_taskflow.py
[2024-09-01T04:40:47.493+0000] {logging_mixin.py:190} INFO - [2024-09-01T04:40:47.493+0000] {dag.py:3211} INFO - Sync 4 DAGs
[2024-09-01T04:40:47.511+0000] {logging_mixin.py:190} INFO - [2024-09-01T04:40:47.511+0000] {dag.py:4138} INFO - Setting next_dagrun for dataset_alias_example_alias_consumer_with_no_taskflow to None, run_after=None
[2024-09-01T04:40:47.513+0000] {logging_mixin.py:190} INFO - [2024-09-01T04:40:47.513+0000] {dag.py:4138} INFO - Setting next_dagrun for dataset_alias_example_alias_producer_with_no_taskflow to None, run_after=None
[2024-09-01T04:40:47.514+0000] {logging_mixin.py:190} INFO - [2024-09-01T04:40:47.514+0000] {dag.py:4138} INFO - Setting next_dagrun for dataset_s3_bucket_consumer_with_no_taskflow to None, run_after=None
[2024-09-01T04:40:47.514+0000] {logging_mixin.py:190} INFO - [2024-09-01T04:40:47.514+0000] {dag.py:4138} INFO - Setting next_dagrun for dataset_s3_bucket_producer_with_no_taskflow to None, run_after=None
[2024-09-01T04:40:47.539+0000] {processor.py:208} INFO - Processing /home/ubuntu/airflow_snow/lib/python3.12/site-packages/airflow/example_dags/example_dataset_alias_with_no_taskflow.py took 0.093 seconds
[2024-09-01T04:41:39.750+0000] {processor.py:186} INFO - Started process (PID=2961) to work on /home/ubuntu/airflow_snow/lib/python3.12/site-packages/airflow/example_dags/example_dataset_alias_with_no_taskflow.py
[2024-09-01T04:41:39.752+0000] {processor.py:914} INFO - Processing file /home/ubuntu/airflow_snow/lib/python3.12/site-packages/airflow/example_dags/example_dataset_alias_with_no_taskflow.py for tasks to queue
[2024-09-01T04:41:39.754+0000] {logging_mixin.py:190} INFO - [2024-09-01T04:41:39.754+0000] {dagbag.py:587} INFO - Filling up the DagBag from /home/ubuntu/airflow_snow/lib/python3.12/site-packages/airflow/example_dags/example_dataset_alias_with_no_taskflow.py
[2024-09-01T04:41:39.774+0000] {processor.py:925} INFO - DAG(s) 'dataset_s3_bucket_consumer_with_no_taskflow', 'dataset_alias_example_alias_consumer_with_no_taskflow', 'dataset_s3_bucket_producer_with_no_taskflow', 'dataset_alias_example_alias_producer_with_no_taskflow' retrieved from /home/ubuntu/airflow_snow/lib/python3.12/site-packages/airflow/example_dags/example_dataset_alias_with_no_taskflow.py
[2024-09-01T04:41:39.793+0000] {logging_mixin.py:190} INFO - [2024-09-01T04:41:39.793+0000] {dag.py:3211} INFO - Sync 4 DAGs
[2024-09-01T04:41:39.810+0000] {logging_mixin.py:190} INFO - [2024-09-01T04:41:39.810+0000] {dag.py:4138} INFO - Setting next_dagrun for dataset_alias_example_alias_consumer_with_no_taskflow to None, run_after=None
[2024-09-01T04:41:39.813+0000] {logging_mixin.py:190} INFO - [2024-09-01T04:41:39.811+0000] {dag.py:4138} INFO - Setting next_dagrun for dataset_alias_example_alias_producer_with_no_taskflow to None, run_after=None
[2024-09-01T04:41:39.813+0000] {logging_mixin.py:190} INFO - [2024-09-01T04:41:39.813+0000] {dag.py:4138} INFO - Setting next_dagrun for dataset_s3_bucket_consumer_with_no_taskflow to None, run_after=None
[2024-09-01T04:41:39.814+0000] {logging_mixin.py:190} INFO - [2024-09-01T04:41:39.814+0000] {dag.py:4138} INFO - Setting next_dagrun for dataset_s3_bucket_producer_with_no_taskflow to None, run_after=None
[2024-09-01T04:41:39.838+0000] {processor.py:208} INFO - Processing /home/ubuntu/airflow_snow/lib/python3.12/site-packages/airflow/example_dags/example_dataset_alias_with_no_taskflow.py took 0.093 seconds
[2024-09-01T04:42:28.047+0000] {processor.py:186} INFO - Started process (PID=3011) to work on /home/ubuntu/airflow_snow/lib/python3.12/site-packages/airflow/example_dags/example_dataset_alias_with_no_taskflow.py
[2024-09-01T04:42:28.049+0000] {processor.py:914} INFO - Processing file /home/ubuntu/airflow_snow/lib/python3.12/site-packages/airflow/example_dags/example_dataset_alias_with_no_taskflow.py for tasks to queue
[2024-09-01T04:42:28.050+0000] {logging_mixin.py:190} INFO - [2024-09-01T04:42:28.050+0000] {dagbag.py:587} INFO - Filling up the DagBag from /home/ubuntu/airflow_snow/lib/python3.12/site-packages/airflow/example_dags/example_dataset_alias_with_no_taskflow.py
[2024-09-01T04:42:28.070+0000] {processor.py:925} INFO - DAG(s) 'dataset_alias_example_alias_consumer_with_no_taskflow', 'dataset_alias_example_alias_producer_with_no_taskflow', 'dataset_s3_bucket_producer_with_no_taskflow', 'dataset_s3_bucket_consumer_with_no_taskflow' retrieved from /home/ubuntu/airflow_snow/lib/python3.12/site-packages/airflow/example_dags/example_dataset_alias_with_no_taskflow.py
[2024-09-01T04:42:28.087+0000] {logging_mixin.py:190} INFO - [2024-09-01T04:42:28.087+0000] {dag.py:3211} INFO - Sync 4 DAGs
[2024-09-01T04:42:28.103+0000] {logging_mixin.py:190} INFO - [2024-09-01T04:42:28.103+0000] {dag.py:4138} INFO - Setting next_dagrun for dataset_alias_example_alias_consumer_with_no_taskflow to None, run_after=None
[2024-09-01T04:42:28.106+0000] {logging_mixin.py:190} INFO - [2024-09-01T04:42:28.105+0000] {dag.py:4138} INFO - Setting next_dagrun for dataset_alias_example_alias_producer_with_no_taskflow to None, run_after=None
[2024-09-01T04:42:28.107+0000] {logging_mixin.py:190} INFO - [2024-09-01T04:42:28.107+0000] {dag.py:4138} INFO - Setting next_dagrun for dataset_s3_bucket_consumer_with_no_taskflow to None, run_after=None
[2024-09-01T04:42:28.108+0000] {logging_mixin.py:190} INFO - [2024-09-01T04:42:28.108+0000] {dag.py:4138} INFO - Setting next_dagrun for dataset_s3_bucket_producer_with_no_taskflow to None, run_after=None
[2024-09-01T04:42:28.135+0000] {processor.py:208} INFO - Processing /home/ubuntu/airflow_snow/lib/python3.12/site-packages/airflow/example_dags/example_dataset_alias_with_no_taskflow.py took 0.093 seconds
[2024-09-01T04:43:18.366+0000] {processor.py:186} INFO - Started process (PID=3062) to work on /home/ubuntu/airflow_snow/lib/python3.12/site-packages/airflow/example_dags/example_dataset_alias_with_no_taskflow.py
[2024-09-01T04:43:18.369+0000] {processor.py:914} INFO - Processing file /home/ubuntu/airflow_snow/lib/python3.12/site-packages/airflow/example_dags/example_dataset_alias_with_no_taskflow.py for tasks to queue
[2024-09-01T04:43:18.370+0000] {logging_mixin.py:190} INFO - [2024-09-01T04:43:18.370+0000] {dagbag.py:587} INFO - Filling up the DagBag from /home/ubuntu/airflow_snow/lib/python3.12/site-packages/airflow/example_dags/example_dataset_alias_with_no_taskflow.py
[2024-09-01T04:43:18.391+0000] {processor.py:925} INFO - DAG(s) 'dataset_s3_bucket_consumer_with_no_taskflow', 'dataset_alias_example_alias_producer_with_no_taskflow', 'dataset_s3_bucket_producer_with_no_taskflow', 'dataset_alias_example_alias_consumer_with_no_taskflow' retrieved from /home/ubuntu/airflow_snow/lib/python3.12/site-packages/airflow/example_dags/example_dataset_alias_with_no_taskflow.py
[2024-09-01T04:43:18.409+0000] {logging_mixin.py:190} INFO - [2024-09-01T04:43:18.409+0000] {dag.py:3211} INFO - Sync 4 DAGs
[2024-09-01T04:43:18.425+0000] {logging_mixin.py:190} INFO - [2024-09-01T04:43:18.425+0000] {dag.py:4138} INFO - Setting next_dagrun for dataset_alias_example_alias_consumer_with_no_taskflow to None, run_after=None
[2024-09-01T04:43:18.427+0000] {logging_mixin.py:190} INFO - [2024-09-01T04:43:18.426+0000] {dag.py:4138} INFO - Setting next_dagrun for dataset_alias_example_alias_producer_with_no_taskflow to None, run_after=None
[2024-09-01T04:43:18.427+0000] {logging_mixin.py:190} INFO - [2024-09-01T04:43:18.427+0000] {dag.py:4138} INFO - Setting next_dagrun for dataset_s3_bucket_consumer_with_no_taskflow to None, run_after=None
[2024-09-01T04:43:18.429+0000] {logging_mixin.py:190} INFO - [2024-09-01T04:43:18.429+0000] {dag.py:4138} INFO - Setting next_dagrun for dataset_s3_bucket_producer_with_no_taskflow to None, run_after=None
[2024-09-01T04:43:18.450+0000] {processor.py:208} INFO - Processing /home/ubuntu/airflow_snow/lib/python3.12/site-packages/airflow/example_dags/example_dataset_alias_with_no_taskflow.py took 0.089 seconds
[2024-09-01T04:44:09.330+0000] {processor.py:186} INFO - Started process (PID=3113) to work on /home/ubuntu/airflow_snow/lib/python3.12/site-packages/airflow/example_dags/example_dataset_alias_with_no_taskflow.py
[2024-09-01T04:44:09.332+0000] {processor.py:914} INFO - Processing file /home/ubuntu/airflow_snow/lib/python3.12/site-packages/airflow/example_dags/example_dataset_alias_with_no_taskflow.py for tasks to queue
[2024-09-01T04:44:09.333+0000] {logging_mixin.py:190} INFO - [2024-09-01T04:44:09.333+0000] {dagbag.py:587} INFO - Filling up the DagBag from /home/ubuntu/airflow_snow/lib/python3.12/site-packages/airflow/example_dags/example_dataset_alias_with_no_taskflow.py
[2024-09-01T04:44:09.354+0000] {processor.py:925} INFO - DAG(s) 'dataset_alias_example_alias_producer_with_no_taskflow', 'dataset_s3_bucket_producer_with_no_taskflow', 'dataset_s3_bucket_consumer_with_no_taskflow', 'dataset_alias_example_alias_consumer_with_no_taskflow' retrieved from /home/ubuntu/airflow_snow/lib/python3.12/site-packages/airflow/example_dags/example_dataset_alias_with_no_taskflow.py
[2024-09-01T04:44:09.371+0000] {logging_mixin.py:190} INFO - [2024-09-01T04:44:09.370+0000] {dag.py:3211} INFO - Sync 4 DAGs
[2024-09-01T04:44:09.387+0000] {logging_mixin.py:190} INFO - [2024-09-01T04:44:09.387+0000] {dag.py:4138} INFO - Setting next_dagrun for dataset_alias_example_alias_consumer_with_no_taskflow to None, run_after=None
[2024-09-01T04:44:09.389+0000] {logging_mixin.py:190} INFO - [2024-09-01T04:44:09.389+0000] {dag.py:4138} INFO - Setting next_dagrun for dataset_alias_example_alias_producer_with_no_taskflow to None, run_after=None
[2024-09-01T04:44:09.390+0000] {logging_mixin.py:190} INFO - [2024-09-01T04:44:09.390+0000] {dag.py:4138} INFO - Setting next_dagrun for dataset_s3_bucket_consumer_with_no_taskflow to None, run_after=None
[2024-09-01T04:44:09.390+0000] {logging_mixin.py:190} INFO - [2024-09-01T04:44:09.390+0000] {dag.py:4138} INFO - Setting next_dagrun for dataset_s3_bucket_producer_with_no_taskflow to None, run_after=None
[2024-09-01T04:44:09.413+0000] {processor.py:208} INFO - Processing /home/ubuntu/airflow_snow/lib/python3.12/site-packages/airflow/example_dags/example_dataset_alias_with_no_taskflow.py took 0.089 seconds
[2024-09-01T04:45:19.087+0000] {processor.py:186} INFO - Started process (PID=3195) to work on /home/ubuntu/airflow_snow/lib/python3.12/site-packages/airflow/example_dags/example_dataset_alias_with_no_taskflow.py
[2024-09-01T04:45:19.090+0000] {processor.py:914} INFO - Processing file /home/ubuntu/airflow_snow/lib/python3.12/site-packages/airflow/example_dags/example_dataset_alias_with_no_taskflow.py for tasks to queue
[2024-09-01T04:45:19.092+0000] {logging_mixin.py:190} INFO - [2024-09-01T04:45:19.091+0000] {dagbag.py:587} INFO - Filling up the DagBag from /home/ubuntu/airflow_snow/lib/python3.12/site-packages/airflow/example_dags/example_dataset_alias_with_no_taskflow.py
[2024-09-01T04:45:19.113+0000] {processor.py:925} INFO - DAG(s) 'dataset_alias_example_alias_producer_with_no_taskflow', 'dataset_s3_bucket_producer_with_no_taskflow', 'dataset_s3_bucket_consumer_with_no_taskflow', 'dataset_alias_example_alias_consumer_with_no_taskflow' retrieved from /home/ubuntu/airflow_snow/lib/python3.12/site-packages/airflow/example_dags/example_dataset_alias_with_no_taskflow.py
[2024-09-01T04:45:19.130+0000] {logging_mixin.py:190} INFO - [2024-09-01T04:45:19.130+0000] {dag.py:3211} INFO - Sync 4 DAGs
[2024-09-01T04:45:19.147+0000] {logging_mixin.py:190} INFO - [2024-09-01T04:45:19.147+0000] {dag.py:4138} INFO - Setting next_dagrun for dataset_alias_example_alias_consumer_with_no_taskflow to None, run_after=None
[2024-09-01T04:45:19.149+0000] {logging_mixin.py:190} INFO - [2024-09-01T04:45:19.149+0000] {dag.py:4138} INFO - Setting next_dagrun for dataset_alias_example_alias_producer_with_no_taskflow to None, run_after=None
[2024-09-01T04:45:19.150+0000] {logging_mixin.py:190} INFO - [2024-09-01T04:45:19.150+0000] {dag.py:4138} INFO - Setting next_dagrun for dataset_s3_bucket_consumer_with_no_taskflow to None, run_after=None
[2024-09-01T04:45:19.151+0000] {logging_mixin.py:190} INFO - [2024-09-01T04:45:19.151+0000] {dag.py:4138} INFO - Setting next_dagrun for dataset_s3_bucket_producer_with_no_taskflow to None, run_after=None
[2024-09-01T04:45:19.173+0000] {processor.py:208} INFO - Processing /home/ubuntu/airflow_snow/lib/python3.12/site-packages/airflow/example_dags/example_dataset_alias_with_no_taskflow.py took 0.091 seconds
[2024-09-01T04:46:28.743+0000] {processor.py:186} INFO - Started process (PID=3269) to work on /home/ubuntu/airflow_snow/lib/python3.12/site-packages/airflow/example_dags/example_dataset_alias_with_no_taskflow.py
[2024-09-01T04:46:28.745+0000] {processor.py:914} INFO - Processing file /home/ubuntu/airflow_snow/lib/python3.12/site-packages/airflow/example_dags/example_dataset_alias_with_no_taskflow.py for tasks to queue
[2024-09-01T04:46:28.747+0000] {logging_mixin.py:190} INFO - [2024-09-01T04:46:28.746+0000] {dagbag.py:587} INFO - Filling up the DagBag from /home/ubuntu/airflow_snow/lib/python3.12/site-packages/airflow/example_dags/example_dataset_alias_with_no_taskflow.py
[2024-09-01T04:46:28.767+0000] {processor.py:925} INFO - DAG(s) 'dataset_s3_bucket_producer_with_no_taskflow', 'dataset_alias_example_alias_producer_with_no_taskflow', 'dataset_s3_bucket_consumer_with_no_taskflow', 'dataset_alias_example_alias_consumer_with_no_taskflow' retrieved from /home/ubuntu/airflow_snow/lib/python3.12/site-packages/airflow/example_dags/example_dataset_alias_with_no_taskflow.py
[2024-09-01T04:46:28.786+0000] {logging_mixin.py:190} INFO - [2024-09-01T04:46:28.786+0000] {dag.py:3211} INFO - Sync 4 DAGs
[2024-09-01T04:46:28.803+0000] {logging_mixin.py:190} INFO - [2024-09-01T04:46:28.803+0000] {dag.py:4138} INFO - Setting next_dagrun for dataset_alias_example_alias_consumer_with_no_taskflow to None, run_after=None
[2024-09-01T04:46:28.805+0000] {logging_mixin.py:190} INFO - [2024-09-01T04:46:28.805+0000] {dag.py:4138} INFO - Setting next_dagrun for dataset_alias_example_alias_producer_with_no_taskflow to None, run_after=None
[2024-09-01T04:46:28.806+0000] {logging_mixin.py:190} INFO - [2024-09-01T04:46:28.806+0000] {dag.py:4138} INFO - Setting next_dagrun for dataset_s3_bucket_consumer_with_no_taskflow to None, run_after=None
[2024-09-01T04:46:28.806+0000] {logging_mixin.py:190} INFO - [2024-09-01T04:46:28.806+0000] {dag.py:4138} INFO - Setting next_dagrun for dataset_s3_bucket_producer_with_no_taskflow to None, run_after=None
[2024-09-01T04:46:28.830+0000] {processor.py:208} INFO - Processing /home/ubuntu/airflow_snow/lib/python3.12/site-packages/airflow/example_dags/example_dataset_alias_with_no_taskflow.py took 0.092 seconds
[2024-09-01T04:47:20.938+0000] {processor.py:186} INFO - Started process (PID=3322) to work on /home/ubuntu/airflow_snow/lib/python3.12/site-packages/airflow/example_dags/example_dataset_alias_with_no_taskflow.py
[2024-09-01T04:47:20.941+0000] {processor.py:914} INFO - Processing file /home/ubuntu/airflow_snow/lib/python3.12/site-packages/airflow/example_dags/example_dataset_alias_with_no_taskflow.py for tasks to queue
[2024-09-01T04:47:20.942+0000] {logging_mixin.py:190} INFO - [2024-09-01T04:47:20.942+0000] {dagbag.py:587} INFO - Filling up the DagBag from /home/ubuntu/airflow_snow/lib/python3.12/site-packages/airflow/example_dags/example_dataset_alias_with_no_taskflow.py
[2024-09-01T04:47:20.962+0000] {processor.py:925} INFO - DAG(s) 'dataset_alias_example_alias_producer_with_no_taskflow', 'dataset_alias_example_alias_consumer_with_no_taskflow', 'dataset_s3_bucket_consumer_with_no_taskflow', 'dataset_s3_bucket_producer_with_no_taskflow' retrieved from /home/ubuntu/airflow_snow/lib/python3.12/site-packages/airflow/example_dags/example_dataset_alias_with_no_taskflow.py
[2024-09-01T04:47:20.979+0000] {logging_mixin.py:190} INFO - [2024-09-01T04:47:20.979+0000] {dag.py:3211} INFO - Sync 4 DAGs
[2024-09-01T04:47:20.996+0000] {logging_mixin.py:190} INFO - [2024-09-01T04:47:20.995+0000] {dag.py:4138} INFO - Setting next_dagrun for dataset_alias_example_alias_consumer_with_no_taskflow to None, run_after=None
[2024-09-01T04:47:20.998+0000] {logging_mixin.py:190} INFO - [2024-09-01T04:47:20.998+0000] {dag.py:4138} INFO - Setting next_dagrun for dataset_alias_example_alias_producer_with_no_taskflow to None, run_after=None
[2024-09-01T04:47:20.999+0000] {logging_mixin.py:190} INFO - [2024-09-01T04:47:20.999+0000] {dag.py:4138} INFO - Setting next_dagrun for dataset_s3_bucket_consumer_with_no_taskflow to None, run_after=None
[2024-09-01T04:47:20.999+0000] {logging_mixin.py:190} INFO - [2024-09-01T04:47:20.999+0000] {dag.py:4138} INFO - Setting next_dagrun for dataset_s3_bucket_producer_with_no_taskflow to None, run_after=None
[2024-09-01T04:47:21.023+0000] {processor.py:208} INFO - Processing /home/ubuntu/airflow_snow/lib/python3.12/site-packages/airflow/example_dags/example_dataset_alias_with_no_taskflow.py took 0.092 seconds
[2024-09-01T04:48:32.220+0000] {processor.py:186} INFO - Started process (PID=3397) to work on /home/ubuntu/airflow_snow/lib/python3.12/site-packages/airflow/example_dags/example_dataset_alias_with_no_taskflow.py
[2024-09-01T04:48:32.221+0000] {processor.py:914} INFO - Processing file /home/ubuntu/airflow_snow/lib/python3.12/site-packages/airflow/example_dags/example_dataset_alias_with_no_taskflow.py for tasks to queue
[2024-09-01T04:48:32.224+0000] {logging_mixin.py:190} INFO - [2024-09-01T04:48:32.223+0000] {dagbag.py:587} INFO - Filling up the DagBag from /home/ubuntu/airflow_snow/lib/python3.12/site-packages/airflow/example_dags/example_dataset_alias_with_no_taskflow.py
[2024-09-01T04:48:32.243+0000] {processor.py:925} INFO - DAG(s) 'dataset_alias_example_alias_producer_with_no_taskflow', 'dataset_s3_bucket_consumer_with_no_taskflow', 'dataset_s3_bucket_producer_with_no_taskflow', 'dataset_alias_example_alias_consumer_with_no_taskflow' retrieved from /home/ubuntu/airflow_snow/lib/python3.12/site-packages/airflow/example_dags/example_dataset_alias_with_no_taskflow.py
[2024-09-01T04:48:32.261+0000] {logging_mixin.py:190} INFO - [2024-09-01T04:48:32.261+0000] {dag.py:3211} INFO - Sync 4 DAGs
[2024-09-01T04:48:32.278+0000] {logging_mixin.py:190} INFO - [2024-09-01T04:48:32.278+0000] {dag.py:4138} INFO - Setting next_dagrun for dataset_alias_example_alias_consumer_with_no_taskflow to None, run_after=None
[2024-09-01T04:48:32.280+0000] {logging_mixin.py:190} INFO - [2024-09-01T04:48:32.280+0000] {dag.py:4138} INFO - Setting next_dagrun for dataset_alias_example_alias_producer_with_no_taskflow to None, run_after=None
[2024-09-01T04:48:32.281+0000] {logging_mixin.py:190} INFO - [2024-09-01T04:48:32.281+0000] {dag.py:4138} INFO - Setting next_dagrun for dataset_s3_bucket_consumer_with_no_taskflow to None, run_after=None
[2024-09-01T04:48:32.282+0000] {logging_mixin.py:190} INFO - [2024-09-01T04:48:32.282+0000] {dag.py:4138} INFO - Setting next_dagrun for dataset_s3_bucket_producer_with_no_taskflow to None, run_after=None
[2024-09-01T04:48:32.309+0000] {processor.py:208} INFO - Processing /home/ubuntu/airflow_snow/lib/python3.12/site-packages/airflow/example_dags/example_dataset_alias_with_no_taskflow.py took 0.096 seconds
[2024-09-01T04:49:22.373+0000] {processor.py:186} INFO - Started process (PID=3448) to work on /home/ubuntu/airflow_snow/lib/python3.12/site-packages/airflow/example_dags/example_dataset_alias_with_no_taskflow.py
[2024-09-01T04:49:22.375+0000] {processor.py:914} INFO - Processing file /home/ubuntu/airflow_snow/lib/python3.12/site-packages/airflow/example_dags/example_dataset_alias_with_no_taskflow.py for tasks to queue
[2024-09-01T04:49:22.376+0000] {logging_mixin.py:190} INFO - [2024-09-01T04:49:22.376+0000] {dagbag.py:587} INFO - Filling up the DagBag from /home/ubuntu/airflow_snow/lib/python3.12/site-packages/airflow/example_dags/example_dataset_alias_with_no_taskflow.py
[2024-09-01T04:49:22.397+0000] {processor.py:925} INFO - DAG(s) 'dataset_alias_example_alias_producer_with_no_taskflow', 'dataset_s3_bucket_consumer_with_no_taskflow', 'dataset_alias_example_alias_consumer_with_no_taskflow', 'dataset_s3_bucket_producer_with_no_taskflow' retrieved from /home/ubuntu/airflow_snow/lib/python3.12/site-packages/airflow/example_dags/example_dataset_alias_with_no_taskflow.py
[2024-09-01T04:49:22.414+0000] {logging_mixin.py:190} INFO - [2024-09-01T04:49:22.414+0000] {dag.py:3211} INFO - Sync 4 DAGs
[2024-09-01T04:49:22.433+0000] {logging_mixin.py:190} INFO - [2024-09-01T04:49:22.432+0000] {dag.py:4138} INFO - Setting next_dagrun for dataset_alias_example_alias_consumer_with_no_taskflow to None, run_after=None
[2024-09-01T04:49:22.434+0000] {logging_mixin.py:190} INFO - [2024-09-01T04:49:22.434+0000] {dag.py:4138} INFO - Setting next_dagrun for dataset_alias_example_alias_producer_with_no_taskflow to None, run_after=None
[2024-09-01T04:49:22.435+0000] {logging_mixin.py:190} INFO - [2024-09-01T04:49:22.435+0000] {dag.py:4138} INFO - Setting next_dagrun for dataset_s3_bucket_consumer_with_no_taskflow to None, run_after=None
[2024-09-01T04:49:22.435+0000] {logging_mixin.py:190} INFO - [2024-09-01T04:49:22.435+0000] {dag.py:4138} INFO - Setting next_dagrun for dataset_s3_bucket_producer_with_no_taskflow to None, run_after=None
[2024-09-01T04:49:22.458+0000] {processor.py:208} INFO - Processing /home/ubuntu/airflow_snow/lib/python3.12/site-packages/airflow/example_dags/example_dataset_alias_with_no_taskflow.py took 0.091 seconds
[2024-09-01T04:50:27.843+0000] {processor.py:186} INFO - Started process (PID=3521) to work on /home/ubuntu/airflow_snow/lib/python3.12/site-packages/airflow/example_dags/example_dataset_alias_with_no_taskflow.py
[2024-09-01T04:50:27.845+0000] {processor.py:914} INFO - Processing file /home/ubuntu/airflow_snow/lib/python3.12/site-packages/airflow/example_dags/example_dataset_alias_with_no_taskflow.py for tasks to queue
[2024-09-01T04:50:27.847+0000] {logging_mixin.py:190} INFO - [2024-09-01T04:50:27.846+0000] {dagbag.py:587} INFO - Filling up the DagBag from /home/ubuntu/airflow_snow/lib/python3.12/site-packages/airflow/example_dags/example_dataset_alias_with_no_taskflow.py
[2024-09-01T04:50:27.866+0000] {processor.py:925} INFO - DAG(s) 'dataset_s3_bucket_consumer_with_no_taskflow', 'dataset_alias_example_alias_consumer_with_no_taskflow', 'dataset_alias_example_alias_producer_with_no_taskflow', 'dataset_s3_bucket_producer_with_no_taskflow' retrieved from /home/ubuntu/airflow_snow/lib/python3.12/site-packages/airflow/example_dags/example_dataset_alias_with_no_taskflow.py
[2024-09-01T04:50:27.883+0000] {logging_mixin.py:190} INFO - [2024-09-01T04:50:27.883+0000] {dag.py:3211} INFO - Sync 4 DAGs
[2024-09-01T04:50:27.902+0000] {logging_mixin.py:190} INFO - [2024-09-01T04:50:27.902+0000] {dag.py:4138} INFO - Setting next_dagrun for dataset_alias_example_alias_consumer_with_no_taskflow to None, run_after=None
[2024-09-01T04:50:27.904+0000] {logging_mixin.py:190} INFO - [2024-09-01T04:50:27.903+0000] {dag.py:4138} INFO - Setting next_dagrun for dataset_alias_example_alias_producer_with_no_taskflow to None, run_after=None
[2024-09-01T04:50:27.905+0000] {logging_mixin.py:190} INFO - [2024-09-01T04:50:27.904+0000] {dag.py:4138} INFO - Setting next_dagrun for dataset_s3_bucket_consumer_with_no_taskflow to None, run_after=None
[2024-09-01T04:50:27.906+0000] {logging_mixin.py:190} INFO - [2024-09-01T04:50:27.906+0000] {dag.py:4138} INFO - Setting next_dagrun for dataset_s3_bucket_producer_with_no_taskflow to None, run_after=None
[2024-09-01T04:50:27.932+0000] {processor.py:208} INFO - Processing /home/ubuntu/airflow_snow/lib/python3.12/site-packages/airflow/example_dags/example_dataset_alias_with_no_taskflow.py took 0.093 seconds
[2024-09-01T04:51:38.364+0000] {processor.py:186} INFO - Started process (PID=3597) to work on /home/ubuntu/airflow_snow/lib/python3.12/site-packages/airflow/example_dags/example_dataset_alias_with_no_taskflow.py
[2024-09-01T04:51:38.366+0000] {processor.py:914} INFO - Processing file /home/ubuntu/airflow_snow/lib/python3.12/site-packages/airflow/example_dags/example_dataset_alias_with_no_taskflow.py for tasks to queue
[2024-09-01T04:51:38.367+0000] {logging_mixin.py:190} INFO - [2024-09-01T04:51:38.367+0000] {dagbag.py:587} INFO - Filling up the DagBag from /home/ubuntu/airflow_snow/lib/python3.12/site-packages/airflow/example_dags/example_dataset_alias_with_no_taskflow.py
[2024-09-01T04:51:38.387+0000] {processor.py:925} INFO - DAG(s) 'dataset_alias_example_alias_consumer_with_no_taskflow', 'dataset_alias_example_alias_producer_with_no_taskflow', 'dataset_s3_bucket_producer_with_no_taskflow', 'dataset_s3_bucket_consumer_with_no_taskflow' retrieved from /home/ubuntu/airflow_snow/lib/python3.12/site-packages/airflow/example_dags/example_dataset_alias_with_no_taskflow.py
[2024-09-01T04:51:38.405+0000] {logging_mixin.py:190} INFO - [2024-09-01T04:51:38.405+0000] {dag.py:3211} INFO - Sync 4 DAGs
[2024-09-01T04:51:38.423+0000] {logging_mixin.py:190} INFO - [2024-09-01T04:51:38.423+0000] {dag.py:4138} INFO - Setting next_dagrun for dataset_alias_example_alias_consumer_with_no_taskflow to None, run_after=None
[2024-09-01T04:51:38.424+0000] {logging_mixin.py:190} INFO - [2024-09-01T04:51:38.424+0000] {dag.py:4138} INFO - Setting next_dagrun for dataset_alias_example_alias_producer_with_no_taskflow to None, run_after=None
[2024-09-01T04:51:38.426+0000] {logging_mixin.py:190} INFO - [2024-09-01T04:51:38.426+0000] {dag.py:4138} INFO - Setting next_dagrun for dataset_s3_bucket_consumer_with_no_taskflow to None, run_after=None
[2024-09-01T04:51:38.427+0000] {logging_mixin.py:190} INFO - [2024-09-01T04:51:38.427+0000] {dag.py:4138} INFO - Setting next_dagrun for dataset_s3_bucket_producer_with_no_taskflow to None, run_after=None
[2024-09-01T04:51:38.450+0000] {processor.py:208} INFO - Processing /home/ubuntu/airflow_snow/lib/python3.12/site-packages/airflow/example_dags/example_dataset_alias_with_no_taskflow.py took 0.092 seconds
[2024-09-01T04:52:28.015+0000] {processor.py:186} INFO - Started process (PID=3649) to work on /home/ubuntu/airflow_snow/lib/python3.12/site-packages/airflow/example_dags/example_dataset_alias_with_no_taskflow.py
[2024-09-01T04:52:28.017+0000] {processor.py:914} INFO - Processing file /home/ubuntu/airflow_snow/lib/python3.12/site-packages/airflow/example_dags/example_dataset_alias_with_no_taskflow.py for tasks to queue
[2024-09-01T04:52:28.019+0000] {logging_mixin.py:190} INFO - [2024-09-01T04:52:28.019+0000] {dagbag.py:587} INFO - Filling up the DagBag from /home/ubuntu/airflow_snow/lib/python3.12/site-packages/airflow/example_dags/example_dataset_alias_with_no_taskflow.py
[2024-09-01T04:52:28.039+0000] {processor.py:925} INFO - DAG(s) 'dataset_s3_bucket_producer_with_no_taskflow', 'dataset_s3_bucket_consumer_with_no_taskflow', 'dataset_alias_example_alias_producer_with_no_taskflow', 'dataset_alias_example_alias_consumer_with_no_taskflow' retrieved from /home/ubuntu/airflow_snow/lib/python3.12/site-packages/airflow/example_dags/example_dataset_alias_with_no_taskflow.py
[2024-09-01T04:52:28.056+0000] {logging_mixin.py:190} INFO - [2024-09-01T04:52:28.055+0000] {dag.py:3211} INFO - Sync 4 DAGs
[2024-09-01T04:52:28.072+0000] {logging_mixin.py:190} INFO - [2024-09-01T04:52:28.072+0000] {dag.py:4138} INFO - Setting next_dagrun for dataset_alias_example_alias_consumer_with_no_taskflow to None, run_after=None
[2024-09-01T04:52:28.074+0000] {logging_mixin.py:190} INFO - [2024-09-01T04:52:28.074+0000] {dag.py:4138} INFO - Setting next_dagrun for dataset_alias_example_alias_producer_with_no_taskflow to None, run_after=None
[2024-09-01T04:52:28.075+0000] {logging_mixin.py:190} INFO - [2024-09-01T04:52:28.075+0000] {dag.py:4138} INFO - Setting next_dagrun for dataset_s3_bucket_consumer_with_no_taskflow to None, run_after=None
[2024-09-01T04:52:28.076+0000] {logging_mixin.py:190} INFO - [2024-09-01T04:52:28.076+0000] {dag.py:4138} INFO - Setting next_dagrun for dataset_s3_bucket_producer_with_no_taskflow to None, run_after=None
[2024-09-01T04:52:28.100+0000] {processor.py:208} INFO - Processing /home/ubuntu/airflow_snow/lib/python3.12/site-packages/airflow/example_dags/example_dataset_alias_with_no_taskflow.py took 0.089 seconds
