[2024-09-01T04:28:46.515+0000] {processor.py:186} INFO - Started process (PID=2165) to work on /home/ubuntu/airflow_snow/lib/python3.12/site-packages/airflow/example_dags/example_sensors.py
[2024-09-01T04:28:46.517+0000] {processor.py:914} INFO - Processing file /home/ubuntu/airflow_snow/lib/python3.12/site-packages/airflow/example_dags/example_sensors.py for tasks to queue
[2024-09-01T04:28:46.518+0000] {logging_mixin.py:190} INFO - [2024-09-01T04:28:46.518+0000] {dagbag.py:587} INFO - Filling up the DagBag from /home/ubuntu/airflow_snow/lib/python3.12/site-packages/airflow/example_dags/example_sensors.py
[2024-09-01T04:28:46.528+0000] {processor.py:925} INFO - DAG(s) 'example_sensors' retrieved from /home/ubuntu/airflow_snow/lib/python3.12/site-packages/airflow/example_dags/example_sensors.py
[2024-09-01T04:28:46.637+0000] {logging_mixin.py:190} INFO - [2024-09-01T04:28:46.636+0000] {override.py:1900} INFO - Created Permission View: can delete on DAG:example_sensors
[2024-09-01T04:28:46.651+0000] {logging_mixin.py:190} INFO - [2024-09-01T04:28:46.651+0000] {override.py:1900} INFO - Created Permission View: can read on DAG:example_sensors
[2024-09-01T04:28:46.662+0000] {logging_mixin.py:190} INFO - [2024-09-01T04:28:46.662+0000] {override.py:1900} INFO - Created Permission View: can edit on DAG:example_sensors
[2024-09-01T04:28:46.683+0000] {logging_mixin.py:190} INFO - [2024-09-01T04:28:46.683+0000] {override.py:1900} INFO - Created Permission View: menu access on DAG Run:example_sensors
[2024-09-01T04:28:46.693+0000] {logging_mixin.py:190} INFO - [2024-09-01T04:28:46.693+0000] {override.py:1900} INFO - Created Permission View: can create on DAG Run:example_sensors
[2024-09-01T04:28:46.705+0000] {logging_mixin.py:190} INFO - [2024-09-01T04:28:46.705+0000] {override.py:1900} INFO - Created Permission View: can read on DAG Run:example_sensors
[2024-09-01T04:28:46.717+0000] {logging_mixin.py:190} INFO - [2024-09-01T04:28:46.717+0000] {override.py:1900} INFO - Created Permission View: can delete on DAG Run:example_sensors
[2024-09-01T04:28:46.717+0000] {logging_mixin.py:190} INFO - [2024-09-01T04:28:46.717+0000] {dag.py:3211} INFO - Sync 1 DAGs
[2024-09-01T04:28:46.725+0000] {logging_mixin.py:190} INFO - [2024-09-01T04:28:46.725+0000] {dag.py:3234} INFO - Creating ORM DAG for example_sensors
[2024-09-01T04:28:46.725+0000] {logging_mixin.py:190} INFO - [2024-09-01T04:28:46.725+0000] {dag.py:4138} INFO - Setting next_dagrun for example_sensors to None, run_after=None
[2024-09-01T04:28:46.745+0000] {processor.py:208} INFO - Processing /home/ubuntu/airflow_snow/lib/python3.12/site-packages/airflow/example_dags/example_sensors.py took 0.234 seconds
[2024-09-01T04:29:50.477+0000] {processor.py:186} INFO - Started process (PID=2221) to work on /home/ubuntu/airflow_snow/lib/python3.12/site-packages/airflow/example_dags/example_sensors.py
[2024-09-01T04:29:50.479+0000] {processor.py:914} INFO - Processing file /home/ubuntu/airflow_snow/lib/python3.12/site-packages/airflow/example_dags/example_sensors.py for tasks to queue
[2024-09-01T04:29:50.481+0000] {logging_mixin.py:190} INFO - [2024-09-01T04:29:50.481+0000] {dagbag.py:587} INFO - Filling up the DagBag from /home/ubuntu/airflow_snow/lib/python3.12/site-packages/airflow/example_dags/example_sensors.py
[2024-09-01T04:29:50.491+0000] {processor.py:925} INFO - DAG(s) 'example_sensors' retrieved from /home/ubuntu/airflow_snow/lib/python3.12/site-packages/airflow/example_dags/example_sensors.py
[2024-09-01T04:29:50.510+0000] {logging_mixin.py:190} INFO - [2024-09-01T04:29:50.510+0000] {dag.py:3211} INFO - Sync 1 DAGs
[2024-09-01T04:29:50.521+0000] {logging_mixin.py:190} INFO - [2024-09-01T04:29:50.521+0000] {dag.py:4138} INFO - Setting next_dagrun for example_sensors to None, run_after=None
[2024-09-01T04:29:50.541+0000] {processor.py:208} INFO - Processing /home/ubuntu/airflow_snow/lib/python3.12/site-packages/airflow/example_dags/example_sensors.py took 0.070 seconds
[2024-09-01T04:30:44.474+0000] {processor.py:186} INFO - Started process (PID=2282) to work on /home/ubuntu/airflow_snow/lib/python3.12/site-packages/airflow/example_dags/example_sensors.py
[2024-09-01T04:30:44.476+0000] {processor.py:914} INFO - Processing file /home/ubuntu/airflow_snow/lib/python3.12/site-packages/airflow/example_dags/example_sensors.py for tasks to queue
[2024-09-01T04:30:44.478+0000] {logging_mixin.py:190} INFO - [2024-09-01T04:30:44.477+0000] {dagbag.py:587} INFO - Filling up the DagBag from /home/ubuntu/airflow_snow/lib/python3.12/site-packages/airflow/example_dags/example_sensors.py
[2024-09-01T04:30:44.487+0000] {processor.py:925} INFO - DAG(s) 'example_sensors' retrieved from /home/ubuntu/airflow_snow/lib/python3.12/site-packages/airflow/example_dags/example_sensors.py
[2024-09-01T04:30:44.507+0000] {logging_mixin.py:190} INFO - [2024-09-01T04:30:44.507+0000] {dag.py:3211} INFO - Sync 1 DAGs
[2024-09-01T04:30:44.519+0000] {logging_mixin.py:190} INFO - [2024-09-01T04:30:44.518+0000] {dag.py:4138} INFO - Setting next_dagrun for example_sensors to None, run_after=None
[2024-09-01T04:30:44.541+0000] {processor.py:208} INFO - Processing /home/ubuntu/airflow_snow/lib/python3.12/site-packages/airflow/example_dags/example_sensors.py took 0.072 seconds
[2024-09-01T04:31:32.935+0000] {processor.py:186} INFO - Started process (PID=2333) to work on /home/ubuntu/airflow_snow/lib/python3.12/site-packages/airflow/example_dags/example_sensors.py
[2024-09-01T04:31:32.938+0000] {processor.py:914} INFO - Processing file /home/ubuntu/airflow_snow/lib/python3.12/site-packages/airflow/example_dags/example_sensors.py for tasks to queue
[2024-09-01T04:31:32.939+0000] {logging_mixin.py:190} INFO - [2024-09-01T04:31:32.939+0000] {dagbag.py:587} INFO - Filling up the DagBag from /home/ubuntu/airflow_snow/lib/python3.12/site-packages/airflow/example_dags/example_sensors.py
[2024-09-01T04:31:32.950+0000] {processor.py:925} INFO - DAG(s) 'example_sensors' retrieved from /home/ubuntu/airflow_snow/lib/python3.12/site-packages/airflow/example_dags/example_sensors.py
[2024-09-01T04:31:32.969+0000] {logging_mixin.py:190} INFO - [2024-09-01T04:31:32.969+0000] {dag.py:3211} INFO - Sync 1 DAGs
[2024-09-01T04:31:32.981+0000] {logging_mixin.py:190} INFO - [2024-09-01T04:31:32.981+0000] {dag.py:4138} INFO - Setting next_dagrun for example_sensors to None, run_after=None
[2024-09-01T04:31:33.006+0000] {processor.py:208} INFO - Processing /home/ubuntu/airflow_snow/lib/python3.12/site-packages/airflow/example_dags/example_sensors.py took 0.076 seconds
[2024-09-01T04:32:28.478+0000] {processor.py:186} INFO - Started process (PID=2391) to work on /home/ubuntu/airflow_snow/lib/python3.12/site-packages/airflow/example_dags/example_sensors.py
[2024-09-01T04:32:28.481+0000] {processor.py:914} INFO - Processing file /home/ubuntu/airflow_snow/lib/python3.12/site-packages/airflow/example_dags/example_sensors.py for tasks to queue
[2024-09-01T04:32:28.483+0000] {logging_mixin.py:190} INFO - [2024-09-01T04:32:28.483+0000] {dagbag.py:587} INFO - Filling up the DagBag from /home/ubuntu/airflow_snow/lib/python3.12/site-packages/airflow/example_dags/example_sensors.py
[2024-09-01T04:32:28.493+0000] {processor.py:925} INFO - DAG(s) 'example_sensors' retrieved from /home/ubuntu/airflow_snow/lib/python3.12/site-packages/airflow/example_dags/example_sensors.py
[2024-09-01T04:32:28.512+0000] {logging_mixin.py:190} INFO - [2024-09-01T04:32:28.512+0000] {dag.py:3211} INFO - Sync 1 DAGs
[2024-09-01T04:32:28.523+0000] {logging_mixin.py:190} INFO - [2024-09-01T04:32:28.523+0000] {dag.py:4138} INFO - Setting next_dagrun for example_sensors to None, run_after=None
[2024-09-01T04:32:28.546+0000] {processor.py:208} INFO - Processing /home/ubuntu/airflow_snow/lib/python3.12/site-packages/airflow/example_dags/example_sensors.py took 0.073 seconds
[2024-09-01T04:33:18.184+0000] {processor.py:186} INFO - Started process (PID=2441) to work on /home/ubuntu/airflow_snow/lib/python3.12/site-packages/airflow/example_dags/example_sensors.py
[2024-09-01T04:33:18.188+0000] {processor.py:914} INFO - Processing file /home/ubuntu/airflow_snow/lib/python3.12/site-packages/airflow/example_dags/example_sensors.py for tasks to queue
[2024-09-01T04:33:18.190+0000] {logging_mixin.py:190} INFO - [2024-09-01T04:33:18.189+0000] {dagbag.py:587} INFO - Filling up the DagBag from /home/ubuntu/airflow_snow/lib/python3.12/site-packages/airflow/example_dags/example_sensors.py
[2024-09-01T04:33:18.200+0000] {processor.py:925} INFO - DAG(s) 'example_sensors' retrieved from /home/ubuntu/airflow_snow/lib/python3.12/site-packages/airflow/example_dags/example_sensors.py
[2024-09-01T04:33:18.219+0000] {logging_mixin.py:190} INFO - [2024-09-01T04:33:18.219+0000] {dag.py:3211} INFO - Sync 1 DAGs
[2024-09-01T04:33:18.231+0000] {logging_mixin.py:190} INFO - [2024-09-01T04:33:18.231+0000] {dag.py:4138} INFO - Setting next_dagrun for example_sensors to None, run_after=None
[2024-09-01T04:33:18.254+0000] {processor.py:208} INFO - Processing /home/ubuntu/airflow_snow/lib/python3.12/site-packages/airflow/example_dags/example_sensors.py took 0.074 seconds
[2024-09-01T04:34:09.014+0000] {processor.py:186} INFO - Started process (PID=2494) to work on /home/ubuntu/airflow_snow/lib/python3.12/site-packages/airflow/example_dags/example_sensors.py
[2024-09-01T04:34:09.015+0000] {processor.py:914} INFO - Processing file /home/ubuntu/airflow_snow/lib/python3.12/site-packages/airflow/example_dags/example_sensors.py for tasks to queue
[2024-09-01T04:34:09.017+0000] {logging_mixin.py:190} INFO - [2024-09-01T04:34:09.017+0000] {dagbag.py:587} INFO - Filling up the DagBag from /home/ubuntu/airflow_snow/lib/python3.12/site-packages/airflow/example_dags/example_sensors.py
[2024-09-01T04:34:09.028+0000] {processor.py:925} INFO - DAG(s) 'example_sensors' retrieved from /home/ubuntu/airflow_snow/lib/python3.12/site-packages/airflow/example_dags/example_sensors.py
[2024-09-01T04:34:09.047+0000] {logging_mixin.py:190} INFO - [2024-09-01T04:34:09.047+0000] {dag.py:3211} INFO - Sync 1 DAGs
[2024-09-01T04:34:09.058+0000] {logging_mixin.py:190} INFO - [2024-09-01T04:34:09.058+0000] {dag.py:4138} INFO - Setting next_dagrun for example_sensors to None, run_after=None
[2024-09-01T04:34:09.083+0000] {processor.py:208} INFO - Processing /home/ubuntu/airflow_snow/lib/python3.12/site-packages/airflow/example_dags/example_sensors.py took 0.075 seconds
[2024-09-01T04:34:57.349+0000] {processor.py:186} INFO - Started process (PID=2547) to work on /home/ubuntu/airflow_snow/lib/python3.12/site-packages/airflow/example_dags/example_sensors.py
[2024-09-01T04:34:57.351+0000] {processor.py:914} INFO - Processing file /home/ubuntu/airflow_snow/lib/python3.12/site-packages/airflow/example_dags/example_sensors.py for tasks to queue
[2024-09-01T04:34:57.354+0000] {logging_mixin.py:190} INFO - [2024-09-01T04:34:57.353+0000] {dagbag.py:587} INFO - Filling up the DagBag from /home/ubuntu/airflow_snow/lib/python3.12/site-packages/airflow/example_dags/example_sensors.py
[2024-09-01T04:34:57.363+0000] {processor.py:925} INFO - DAG(s) 'example_sensors' retrieved from /home/ubuntu/airflow_snow/lib/python3.12/site-packages/airflow/example_dags/example_sensors.py
[2024-09-01T04:34:57.382+0000] {logging_mixin.py:190} INFO - [2024-09-01T04:34:57.382+0000] {dag.py:3211} INFO - Sync 1 DAGs
[2024-09-01T04:34:57.394+0000] {logging_mixin.py:190} INFO - [2024-09-01T04:34:57.393+0000] {dag.py:4138} INFO - Setting next_dagrun for example_sensors to None, run_after=None
[2024-09-01T04:34:57.415+0000] {processor.py:208} INFO - Processing /home/ubuntu/airflow_snow/lib/python3.12/site-packages/airflow/example_dags/example_sensors.py took 0.072 seconds
[2024-09-01T04:35:46.449+0000] {processor.py:186} INFO - Started process (PID=2599) to work on /home/ubuntu/airflow_snow/lib/python3.12/site-packages/airflow/example_dags/example_sensors.py
[2024-09-01T04:35:46.451+0000] {processor.py:914} INFO - Processing file /home/ubuntu/airflow_snow/lib/python3.12/site-packages/airflow/example_dags/example_sensors.py for tasks to queue
[2024-09-01T04:35:46.453+0000] {logging_mixin.py:190} INFO - [2024-09-01T04:35:46.453+0000] {dagbag.py:587} INFO - Filling up the DagBag from /home/ubuntu/airflow_snow/lib/python3.12/site-packages/airflow/example_dags/example_sensors.py
[2024-09-01T04:35:46.463+0000] {processor.py:925} INFO - DAG(s) 'example_sensors' retrieved from /home/ubuntu/airflow_snow/lib/python3.12/site-packages/airflow/example_dags/example_sensors.py
[2024-09-01T04:35:46.482+0000] {logging_mixin.py:190} INFO - [2024-09-01T04:35:46.482+0000] {dag.py:3211} INFO - Sync 1 DAGs
[2024-09-01T04:35:46.493+0000] {logging_mixin.py:190} INFO - [2024-09-01T04:35:46.493+0000] {dag.py:4138} INFO - Setting next_dagrun for example_sensors to None, run_after=None
[2024-09-01T04:35:46.516+0000] {processor.py:208} INFO - Processing /home/ubuntu/airflow_snow/lib/python3.12/site-packages/airflow/example_dags/example_sensors.py took 0.072 seconds
[2024-09-01T04:36:39.594+0000] {processor.py:186} INFO - Started process (PID=2652) to work on /home/ubuntu/airflow_snow/lib/python3.12/site-packages/airflow/example_dags/example_sensors.py
[2024-09-01T04:36:39.597+0000] {processor.py:914} INFO - Processing file /home/ubuntu/airflow_snow/lib/python3.12/site-packages/airflow/example_dags/example_sensors.py for tasks to queue
[2024-09-01T04:36:39.598+0000] {logging_mixin.py:190} INFO - [2024-09-01T04:36:39.598+0000] {dagbag.py:587} INFO - Filling up the DagBag from /home/ubuntu/airflow_snow/lib/python3.12/site-packages/airflow/example_dags/example_sensors.py
[2024-09-01T04:36:39.607+0000] {processor.py:925} INFO - DAG(s) 'example_sensors' retrieved from /home/ubuntu/airflow_snow/lib/python3.12/site-packages/airflow/example_dags/example_sensors.py
[2024-09-01T04:36:39.627+0000] {logging_mixin.py:190} INFO - [2024-09-01T04:36:39.626+0000] {dag.py:3211} INFO - Sync 1 DAGs
[2024-09-01T04:36:39.638+0000] {logging_mixin.py:190} INFO - [2024-09-01T04:36:39.637+0000] {dag.py:4138} INFO - Setting next_dagrun for example_sensors to None, run_after=None
[2024-09-01T04:36:39.669+0000] {processor.py:208} INFO - Processing /home/ubuntu/airflow_snow/lib/python3.12/site-packages/airflow/example_dags/example_sensors.py took 0.080 seconds
[2024-09-01T04:37:31.607+0000] {processor.py:186} INFO - Started process (PID=2705) to work on /home/ubuntu/airflow_snow/lib/python3.12/site-packages/airflow/example_dags/example_sensors.py
[2024-09-01T04:37:31.609+0000] {processor.py:914} INFO - Processing file /home/ubuntu/airflow_snow/lib/python3.12/site-packages/airflow/example_dags/example_sensors.py for tasks to queue
[2024-09-01T04:37:31.611+0000] {logging_mixin.py:190} INFO - [2024-09-01T04:37:31.611+0000] {dagbag.py:587} INFO - Filling up the DagBag from /home/ubuntu/airflow_snow/lib/python3.12/site-packages/airflow/example_dags/example_sensors.py
[2024-09-01T04:37:31.621+0000] {processor.py:925} INFO - DAG(s) 'example_sensors' retrieved from /home/ubuntu/airflow_snow/lib/python3.12/site-packages/airflow/example_dags/example_sensors.py
[2024-09-01T04:37:31.641+0000] {logging_mixin.py:190} INFO - [2024-09-01T04:37:31.640+0000] {dag.py:3211} INFO - Sync 1 DAGs
[2024-09-01T04:37:31.651+0000] {logging_mixin.py:190} INFO - [2024-09-01T04:37:31.651+0000] {dag.py:4138} INFO - Setting next_dagrun for example_sensors to None, run_after=None
[2024-09-01T04:37:31.674+0000] {processor.py:208} INFO - Processing /home/ubuntu/airflow_snow/lib/python3.12/site-packages/airflow/example_dags/example_sensors.py took 0.071 seconds
[2024-09-01T04:38:20.806+0000] {processor.py:186} INFO - Started process (PID=2756) to work on /home/ubuntu/airflow_snow/lib/python3.12/site-packages/airflow/example_dags/example_sensors.py
[2024-09-01T04:38:20.809+0000] {processor.py:914} INFO - Processing file /home/ubuntu/airflow_snow/lib/python3.12/site-packages/airflow/example_dags/example_sensors.py for tasks to queue
[2024-09-01T04:38:20.810+0000] {logging_mixin.py:190} INFO - [2024-09-01T04:38:20.810+0000] {dagbag.py:587} INFO - Filling up the DagBag from /home/ubuntu/airflow_snow/lib/python3.12/site-packages/airflow/example_dags/example_sensors.py
[2024-09-01T04:38:20.821+0000] {processor.py:925} INFO - DAG(s) 'example_sensors' retrieved from /home/ubuntu/airflow_snow/lib/python3.12/site-packages/airflow/example_dags/example_sensors.py
[2024-09-01T04:38:20.841+0000] {logging_mixin.py:190} INFO - [2024-09-01T04:38:20.840+0000] {dag.py:3211} INFO - Sync 1 DAGs
[2024-09-01T04:38:20.853+0000] {logging_mixin.py:190} INFO - [2024-09-01T04:38:20.852+0000] {dag.py:4138} INFO - Setting next_dagrun for example_sensors to None, run_after=None
[2024-09-01T04:38:20.875+0000] {processor.py:208} INFO - Processing /home/ubuntu/airflow_snow/lib/python3.12/site-packages/airflow/example_dags/example_sensors.py took 0.074 seconds
[2024-09-01T04:39:12.432+0000] {processor.py:186} INFO - Started process (PID=2807) to work on /home/ubuntu/airflow_snow/lib/python3.12/site-packages/airflow/example_dags/example_sensors.py
[2024-09-01T04:39:12.434+0000] {processor.py:914} INFO - Processing file /home/ubuntu/airflow_snow/lib/python3.12/site-packages/airflow/example_dags/example_sensors.py for tasks to queue
[2024-09-01T04:39:12.435+0000] {logging_mixin.py:190} INFO - [2024-09-01T04:39:12.435+0000] {dagbag.py:587} INFO - Filling up the DagBag from /home/ubuntu/airflow_snow/lib/python3.12/site-packages/airflow/example_dags/example_sensors.py
[2024-09-01T04:39:12.446+0000] {processor.py:925} INFO - DAG(s) 'example_sensors' retrieved from /home/ubuntu/airflow_snow/lib/python3.12/site-packages/airflow/example_dags/example_sensors.py
[2024-09-01T04:39:12.465+0000] {logging_mixin.py:190} INFO - [2024-09-01T04:39:12.465+0000] {dag.py:3211} INFO - Sync 1 DAGs
[2024-09-01T04:39:12.475+0000] {logging_mixin.py:190} INFO - [2024-09-01T04:39:12.475+0000] {dag.py:4138} INFO - Setting next_dagrun for example_sensors to None, run_after=None
[2024-09-01T04:39:12.498+0000] {processor.py:208} INFO - Processing /home/ubuntu/airflow_snow/lib/python3.12/site-packages/airflow/example_dags/example_sensors.py took 0.071 seconds
[2024-09-01T04:40:03.967+0000] {processor.py:186} INFO - Started process (PID=2861) to work on /home/ubuntu/airflow_snow/lib/python3.12/site-packages/airflow/example_dags/example_sensors.py
[2024-09-01T04:40:03.969+0000] {processor.py:914} INFO - Processing file /home/ubuntu/airflow_snow/lib/python3.12/site-packages/airflow/example_dags/example_sensors.py for tasks to queue
[2024-09-01T04:40:03.971+0000] {logging_mixin.py:190} INFO - [2024-09-01T04:40:03.970+0000] {dagbag.py:587} INFO - Filling up the DagBag from /home/ubuntu/airflow_snow/lib/python3.12/site-packages/airflow/example_dags/example_sensors.py
[2024-09-01T04:40:03.981+0000] {processor.py:925} INFO - DAG(s) 'example_sensors' retrieved from /home/ubuntu/airflow_snow/lib/python3.12/site-packages/airflow/example_dags/example_sensors.py
[2024-09-01T04:40:04.001+0000] {logging_mixin.py:190} INFO - [2024-09-01T04:40:04.001+0000] {dag.py:3211} INFO - Sync 1 DAGs
[2024-09-01T04:40:04.013+0000] {logging_mixin.py:190} INFO - [2024-09-01T04:40:04.013+0000] {dag.py:4138} INFO - Setting next_dagrun for example_sensors to None, run_after=None
[2024-09-01T04:40:04.035+0000] {processor.py:208} INFO - Processing /home/ubuntu/airflow_snow/lib/python3.12/site-packages/airflow/example_dags/example_sensors.py took 0.073 seconds
[2024-09-01T04:40:56.925+0000] {processor.py:186} INFO - Started process (PID=2917) to work on /home/ubuntu/airflow_snow/lib/python3.12/site-packages/airflow/example_dags/example_sensors.py
[2024-09-01T04:40:56.928+0000] {processor.py:914} INFO - Processing file /home/ubuntu/airflow_snow/lib/python3.12/site-packages/airflow/example_dags/example_sensors.py for tasks to queue
[2024-09-01T04:40:56.929+0000] {logging_mixin.py:190} INFO - [2024-09-01T04:40:56.929+0000] {dagbag.py:587} INFO - Filling up the DagBag from /home/ubuntu/airflow_snow/lib/python3.12/site-packages/airflow/example_dags/example_sensors.py
[2024-09-01T04:40:56.940+0000] {processor.py:925} INFO - DAG(s) 'example_sensors' retrieved from /home/ubuntu/airflow_snow/lib/python3.12/site-packages/airflow/example_dags/example_sensors.py
[2024-09-01T04:40:56.959+0000] {logging_mixin.py:190} INFO - [2024-09-01T04:40:56.959+0000] {dag.py:3211} INFO - Sync 1 DAGs
[2024-09-01T04:40:56.971+0000] {logging_mixin.py:190} INFO - [2024-09-01T04:40:56.970+0000] {dag.py:4138} INFO - Setting next_dagrun for example_sensors to None, run_after=None
[2024-09-01T04:40:56.994+0000] {processor.py:208} INFO - Processing /home/ubuntu/airflow_snow/lib/python3.12/site-packages/airflow/example_dags/example_sensors.py took 0.073 seconds
[2024-09-01T04:41:46.864+0000] {processor.py:186} INFO - Started process (PID=2969) to work on /home/ubuntu/airflow_snow/lib/python3.12/site-packages/airflow/example_dags/example_sensors.py
[2024-09-01T04:41:46.866+0000] {processor.py:914} INFO - Processing file /home/ubuntu/airflow_snow/lib/python3.12/site-packages/airflow/example_dags/example_sensors.py for tasks to queue
[2024-09-01T04:41:46.867+0000] {logging_mixin.py:190} INFO - [2024-09-01T04:41:46.867+0000] {dagbag.py:587} INFO - Filling up the DagBag from /home/ubuntu/airflow_snow/lib/python3.12/site-packages/airflow/example_dags/example_sensors.py
[2024-09-01T04:41:46.878+0000] {processor.py:925} INFO - DAG(s) 'example_sensors' retrieved from /home/ubuntu/airflow_snow/lib/python3.12/site-packages/airflow/example_dags/example_sensors.py
[2024-09-01T04:41:46.897+0000] {logging_mixin.py:190} INFO - [2024-09-01T04:41:46.897+0000] {dag.py:3211} INFO - Sync 1 DAGs
[2024-09-01T04:41:46.908+0000] {logging_mixin.py:190} INFO - [2024-09-01T04:41:46.908+0000] {dag.py:4138} INFO - Setting next_dagrun for example_sensors to None, run_after=None
[2024-09-01T04:41:46.931+0000] {processor.py:208} INFO - Processing /home/ubuntu/airflow_snow/lib/python3.12/site-packages/airflow/example_dags/example_sensors.py took 0.072 seconds
[2024-09-01T04:42:37.780+0000] {processor.py:186} INFO - Started process (PID=3020) to work on /home/ubuntu/airflow_snow/lib/python3.12/site-packages/airflow/example_dags/example_sensors.py
[2024-09-01T04:42:37.781+0000] {processor.py:914} INFO - Processing file /home/ubuntu/airflow_snow/lib/python3.12/site-packages/airflow/example_dags/example_sensors.py for tasks to queue
[2024-09-01T04:42:37.783+0000] {logging_mixin.py:190} INFO - [2024-09-01T04:42:37.782+0000] {dagbag.py:587} INFO - Filling up the DagBag from /home/ubuntu/airflow_snow/lib/python3.12/site-packages/airflow/example_dags/example_sensors.py
[2024-09-01T04:42:37.793+0000] {processor.py:925} INFO - DAG(s) 'example_sensors' retrieved from /home/ubuntu/airflow_snow/lib/python3.12/site-packages/airflow/example_dags/example_sensors.py
[2024-09-01T04:42:37.811+0000] {logging_mixin.py:190} INFO - [2024-09-01T04:42:37.811+0000] {dag.py:3211} INFO - Sync 1 DAGs
[2024-09-01T04:42:37.824+0000] {logging_mixin.py:190} INFO - [2024-09-01T04:42:37.824+0000] {dag.py:4138} INFO - Setting next_dagrun for example_sensors to None, run_after=None
[2024-09-01T04:42:37.847+0000] {processor.py:208} INFO - Processing /home/ubuntu/airflow_snow/lib/python3.12/site-packages/airflow/example_dags/example_sensors.py took 0.072 seconds
[2024-09-01T04:43:26.874+0000] {processor.py:186} INFO - Started process (PID=3071) to work on /home/ubuntu/airflow_snow/lib/python3.12/site-packages/airflow/example_dags/example_sensors.py
[2024-09-01T04:43:26.878+0000] {processor.py:914} INFO - Processing file /home/ubuntu/airflow_snow/lib/python3.12/site-packages/airflow/example_dags/example_sensors.py for tasks to queue
[2024-09-01T04:43:26.879+0000] {logging_mixin.py:190} INFO - [2024-09-01T04:43:26.879+0000] {dagbag.py:587} INFO - Filling up the DagBag from /home/ubuntu/airflow_snow/lib/python3.12/site-packages/airflow/example_dags/example_sensors.py
[2024-09-01T04:43:26.888+0000] {processor.py:925} INFO - DAG(s) 'example_sensors' retrieved from /home/ubuntu/airflow_snow/lib/python3.12/site-packages/airflow/example_dags/example_sensors.py
[2024-09-01T04:43:26.907+0000] {logging_mixin.py:190} INFO - [2024-09-01T04:43:26.906+0000] {dag.py:3211} INFO - Sync 1 DAGs
[2024-09-01T04:43:26.918+0000] {logging_mixin.py:190} INFO - [2024-09-01T04:43:26.918+0000] {dag.py:4138} INFO - Setting next_dagrun for example_sensors to None, run_after=None
[2024-09-01T04:43:26.949+0000] {processor.py:208} INFO - Processing /home/ubuntu/airflow_snow/lib/python3.12/site-packages/airflow/example_dags/example_sensors.py took 0.080 seconds
[2024-09-01T04:44:16.204+0000] {processor.py:186} INFO - Started process (PID=3122) to work on /home/ubuntu/airflow_snow/lib/python3.12/site-packages/airflow/example_dags/example_sensors.py
[2024-09-01T04:44:16.206+0000] {processor.py:914} INFO - Processing file /home/ubuntu/airflow_snow/lib/python3.12/site-packages/airflow/example_dags/example_sensors.py for tasks to queue
[2024-09-01T04:44:16.209+0000] {logging_mixin.py:190} INFO - [2024-09-01T04:44:16.208+0000] {dagbag.py:587} INFO - Filling up the DagBag from /home/ubuntu/airflow_snow/lib/python3.12/site-packages/airflow/example_dags/example_sensors.py
[2024-09-01T04:44:16.219+0000] {processor.py:925} INFO - DAG(s) 'example_sensors' retrieved from /home/ubuntu/airflow_snow/lib/python3.12/site-packages/airflow/example_dags/example_sensors.py
[2024-09-01T04:44:16.238+0000] {logging_mixin.py:190} INFO - [2024-09-01T04:44:16.238+0000] {dag.py:3211} INFO - Sync 1 DAGs
[2024-09-01T04:44:16.249+0000] {logging_mixin.py:190} INFO - [2024-09-01T04:44:16.249+0000] {dag.py:4138} INFO - Setting next_dagrun for example_sensors to None, run_after=None
[2024-09-01T04:44:16.270+0000] {processor.py:208} INFO - Processing /home/ubuntu/airflow_snow/lib/python3.12/site-packages/airflow/example_dags/example_sensors.py took 0.071 seconds
[2024-09-01T04:45:03.546+0000] {processor.py:186} INFO - Started process (PID=3177) to work on /home/ubuntu/airflow_snow/lib/python3.12/site-packages/airflow/example_dags/example_sensors.py
[2024-09-01T04:45:03.549+0000] {processor.py:914} INFO - Processing file /home/ubuntu/airflow_snow/lib/python3.12/site-packages/airflow/example_dags/example_sensors.py for tasks to queue
[2024-09-01T04:45:03.551+0000] {logging_mixin.py:190} INFO - [2024-09-01T04:45:03.550+0000] {dagbag.py:587} INFO - Filling up the DagBag from /home/ubuntu/airflow_snow/lib/python3.12/site-packages/airflow/example_dags/example_sensors.py
[2024-09-01T04:45:03.562+0000] {processor.py:925} INFO - DAG(s) 'example_sensors' retrieved from /home/ubuntu/airflow_snow/lib/python3.12/site-packages/airflow/example_dags/example_sensors.py
[2024-09-01T04:45:03.581+0000] {logging_mixin.py:190} INFO - [2024-09-01T04:45:03.581+0000] {dag.py:3211} INFO - Sync 1 DAGs
[2024-09-01T04:45:03.592+0000] {logging_mixin.py:190} INFO - [2024-09-01T04:45:03.592+0000] {dag.py:4138} INFO - Setting next_dagrun for example_sensors to None, run_after=None
[2024-09-01T04:45:03.615+0000] {processor.py:208} INFO - Processing /home/ubuntu/airflow_snow/lib/python3.12/site-packages/airflow/example_dags/example_sensors.py took 0.074 seconds
[2024-09-01T04:45:52.282+0000] {processor.py:186} INFO - Started process (PID=3231) to work on /home/ubuntu/airflow_snow/lib/python3.12/site-packages/airflow/example_dags/example_sensors.py
[2024-09-01T04:45:52.284+0000] {processor.py:914} INFO - Processing file /home/ubuntu/airflow_snow/lib/python3.12/site-packages/airflow/example_dags/example_sensors.py for tasks to queue
[2024-09-01T04:45:52.286+0000] {logging_mixin.py:190} INFO - [2024-09-01T04:45:52.286+0000] {dagbag.py:587} INFO - Filling up the DagBag from /home/ubuntu/airflow_snow/lib/python3.12/site-packages/airflow/example_dags/example_sensors.py
[2024-09-01T04:45:52.296+0000] {processor.py:925} INFO - DAG(s) 'example_sensors' retrieved from /home/ubuntu/airflow_snow/lib/python3.12/site-packages/airflow/example_dags/example_sensors.py
[2024-09-01T04:45:52.317+0000] {logging_mixin.py:190} INFO - [2024-09-01T04:45:52.316+0000] {dag.py:3211} INFO - Sync 1 DAGs
[2024-09-01T04:45:52.327+0000] {logging_mixin.py:190} INFO - [2024-09-01T04:45:52.327+0000] {dag.py:4138} INFO - Setting next_dagrun for example_sensors to None, run_after=None
[2024-09-01T04:45:52.350+0000] {processor.py:208} INFO - Processing /home/ubuntu/airflow_snow/lib/python3.12/site-packages/airflow/example_dags/example_sensors.py took 0.073 seconds
[2024-09-01T04:46:41.330+0000] {processor.py:186} INFO - Started process (PID=3282) to work on /home/ubuntu/airflow_snow/lib/python3.12/site-packages/airflow/example_dags/example_sensors.py
[2024-09-01T04:46:41.333+0000] {processor.py:914} INFO - Processing file /home/ubuntu/airflow_snow/lib/python3.12/site-packages/airflow/example_dags/example_sensors.py for tasks to queue
[2024-09-01T04:46:41.334+0000] {logging_mixin.py:190} INFO - [2024-09-01T04:46:41.334+0000] {dagbag.py:587} INFO - Filling up the DagBag from /home/ubuntu/airflow_snow/lib/python3.12/site-packages/airflow/example_dags/example_sensors.py
[2024-09-01T04:46:41.345+0000] {processor.py:925} INFO - DAG(s) 'example_sensors' retrieved from /home/ubuntu/airflow_snow/lib/python3.12/site-packages/airflow/example_dags/example_sensors.py
[2024-09-01T04:46:41.365+0000] {logging_mixin.py:190} INFO - [2024-09-01T04:46:41.365+0000] {dag.py:3211} INFO - Sync 1 DAGs
[2024-09-01T04:46:41.375+0000] {logging_mixin.py:190} INFO - [2024-09-01T04:46:41.375+0000] {dag.py:4138} INFO - Setting next_dagrun for example_sensors to None, run_after=None
[2024-09-01T04:46:41.398+0000] {processor.py:208} INFO - Processing /home/ubuntu/airflow_snow/lib/python3.12/site-packages/airflow/example_dags/example_sensors.py took 0.072 seconds
[2024-09-01T04:47:29.002+0000] {processor.py:186} INFO - Started process (PID=3331) to work on /home/ubuntu/airflow_snow/lib/python3.12/site-packages/airflow/example_dags/example_sensors.py
[2024-09-01T04:47:29.003+0000] {processor.py:914} INFO - Processing file /home/ubuntu/airflow_snow/lib/python3.12/site-packages/airflow/example_dags/example_sensors.py for tasks to queue
[2024-09-01T04:47:29.006+0000] {logging_mixin.py:190} INFO - [2024-09-01T04:47:29.006+0000] {dagbag.py:587} INFO - Filling up the DagBag from /home/ubuntu/airflow_snow/lib/python3.12/site-packages/airflow/example_dags/example_sensors.py
[2024-09-01T04:47:29.015+0000] {processor.py:925} INFO - DAG(s) 'example_sensors' retrieved from /home/ubuntu/airflow_snow/lib/python3.12/site-packages/airflow/example_dags/example_sensors.py
[2024-09-01T04:47:29.035+0000] {logging_mixin.py:190} INFO - [2024-09-01T04:47:29.035+0000] {dag.py:3211} INFO - Sync 1 DAGs
[2024-09-01T04:47:29.046+0000] {logging_mixin.py:190} INFO - [2024-09-01T04:47:29.046+0000] {dag.py:4138} INFO - Setting next_dagrun for example_sensors to None, run_after=None
[2024-09-01T04:47:29.067+0000] {processor.py:208} INFO - Processing /home/ubuntu/airflow_snow/lib/python3.12/site-packages/airflow/example_dags/example_sensors.py took 0.070 seconds
[2024-09-01T04:48:18.218+0000] {processor.py:186} INFO - Started process (PID=3381) to work on /home/ubuntu/airflow_snow/lib/python3.12/site-packages/airflow/example_dags/example_sensors.py
[2024-09-01T04:48:18.220+0000] {processor.py:914} INFO - Processing file /home/ubuntu/airflow_snow/lib/python3.12/site-packages/airflow/example_dags/example_sensors.py for tasks to queue
[2024-09-01T04:48:18.222+0000] {logging_mixin.py:190} INFO - [2024-09-01T04:48:18.222+0000] {dagbag.py:587} INFO - Filling up the DagBag from /home/ubuntu/airflow_snow/lib/python3.12/site-packages/airflow/example_dags/example_sensors.py
[2024-09-01T04:48:18.233+0000] {processor.py:925} INFO - DAG(s) 'example_sensors' retrieved from /home/ubuntu/airflow_snow/lib/python3.12/site-packages/airflow/example_dags/example_sensors.py
[2024-09-01T04:48:18.251+0000] {logging_mixin.py:190} INFO - [2024-09-01T04:48:18.251+0000] {dag.py:3211} INFO - Sync 1 DAGs
[2024-09-01T04:48:18.263+0000] {logging_mixin.py:190} INFO - [2024-09-01T04:48:18.263+0000] {dag.py:4138} INFO - Setting next_dagrun for example_sensors to None, run_after=None
[2024-09-01T04:48:18.285+0000] {processor.py:208} INFO - Processing /home/ubuntu/airflow_snow/lib/python3.12/site-packages/airflow/example_dags/example_sensors.py took 0.073 seconds
[2024-09-01T04:49:06.498+0000] {processor.py:186} INFO - Started process (PID=3432) to work on /home/ubuntu/airflow_snow/lib/python3.12/site-packages/airflow/example_dags/example_sensors.py
[2024-09-01T04:49:06.501+0000] {processor.py:914} INFO - Processing file /home/ubuntu/airflow_snow/lib/python3.12/site-packages/airflow/example_dags/example_sensors.py for tasks to queue
[2024-09-01T04:49:06.503+0000] {logging_mixin.py:190} INFO - [2024-09-01T04:49:06.502+0000] {dagbag.py:587} INFO - Filling up the DagBag from /home/ubuntu/airflow_snow/lib/python3.12/site-packages/airflow/example_dags/example_sensors.py
[2024-09-01T04:49:06.512+0000] {processor.py:925} INFO - DAG(s) 'example_sensors' retrieved from /home/ubuntu/airflow_snow/lib/python3.12/site-packages/airflow/example_dags/example_sensors.py
[2024-09-01T04:49:06.532+0000] {logging_mixin.py:190} INFO - [2024-09-01T04:49:06.532+0000] {dag.py:3211} INFO - Sync 1 DAGs
[2024-09-01T04:49:06.544+0000] {logging_mixin.py:190} INFO - [2024-09-01T04:49:06.544+0000] {dag.py:4138} INFO - Setting next_dagrun for example_sensors to None, run_after=None
[2024-09-01T04:49:06.565+0000] {processor.py:208} INFO - Processing /home/ubuntu/airflow_snow/lib/python3.12/site-packages/airflow/example_dags/example_sensors.py took 0.073 seconds
[2024-09-01T04:49:55.348+0000] {processor.py:186} INFO - Started process (PID=3484) to work on /home/ubuntu/airflow_snow/lib/python3.12/site-packages/airflow/example_dags/example_sensors.py
[2024-09-01T04:49:55.350+0000] {processor.py:914} INFO - Processing file /home/ubuntu/airflow_snow/lib/python3.12/site-packages/airflow/example_dags/example_sensors.py for tasks to queue
[2024-09-01T04:49:55.351+0000] {logging_mixin.py:190} INFO - [2024-09-01T04:49:55.351+0000] {dagbag.py:587} INFO - Filling up the DagBag from /home/ubuntu/airflow_snow/lib/python3.12/site-packages/airflow/example_dags/example_sensors.py
[2024-09-01T04:49:55.363+0000] {processor.py:925} INFO - DAG(s) 'example_sensors' retrieved from /home/ubuntu/airflow_snow/lib/python3.12/site-packages/airflow/example_dags/example_sensors.py
[2024-09-01T04:49:55.380+0000] {logging_mixin.py:190} INFO - [2024-09-01T04:49:55.380+0000] {dag.py:3211} INFO - Sync 1 DAGs
[2024-09-01T04:49:55.391+0000] {logging_mixin.py:190} INFO - [2024-09-01T04:49:55.391+0000] {dag.py:4138} INFO - Setting next_dagrun for example_sensors to None, run_after=None
[2024-09-01T04:49:55.415+0000] {processor.py:208} INFO - Processing /home/ubuntu/airflow_snow/lib/python3.12/site-packages/airflow/example_dags/example_sensors.py took 0.072 seconds
[2024-09-01T04:50:38.143+0000] {processor.py:186} INFO - Started process (PID=3535) to work on /home/ubuntu/airflow_snow/lib/python3.12/site-packages/airflow/example_dags/example_sensors.py
[2024-09-01T04:50:38.145+0000] {processor.py:914} INFO - Processing file /home/ubuntu/airflow_snow/lib/python3.12/site-packages/airflow/example_dags/example_sensors.py for tasks to queue
[2024-09-01T04:50:38.146+0000] {logging_mixin.py:190} INFO - [2024-09-01T04:50:38.146+0000] {dagbag.py:587} INFO - Filling up the DagBag from /home/ubuntu/airflow_snow/lib/python3.12/site-packages/airflow/example_dags/example_sensors.py
[2024-09-01T04:50:38.156+0000] {processor.py:925} INFO - DAG(s) 'example_sensors' retrieved from /home/ubuntu/airflow_snow/lib/python3.12/site-packages/airflow/example_dags/example_sensors.py
[2024-09-01T04:50:38.176+0000] {logging_mixin.py:190} INFO - [2024-09-01T04:50:38.175+0000] {dag.py:3211} INFO - Sync 1 DAGs
[2024-09-01T04:50:38.186+0000] {logging_mixin.py:190} INFO - [2024-09-01T04:50:38.186+0000] {dag.py:4138} INFO - Setting next_dagrun for example_sensors to None, run_after=None
[2024-09-01T04:50:38.210+0000] {processor.py:208} INFO - Processing /home/ubuntu/airflow_snow/lib/python3.12/site-packages/airflow/example_dags/example_sensors.py took 0.071 seconds
[2024-09-01T04:51:26.659+0000] {processor.py:186} INFO - Started process (PID=3584) to work on /home/ubuntu/airflow_snow/lib/python3.12/site-packages/airflow/example_dags/example_sensors.py
[2024-09-01T04:51:26.661+0000] {processor.py:914} INFO - Processing file /home/ubuntu/airflow_snow/lib/python3.12/site-packages/airflow/example_dags/example_sensors.py for tasks to queue
[2024-09-01T04:51:26.663+0000] {logging_mixin.py:190} INFO - [2024-09-01T04:51:26.662+0000] {dagbag.py:587} INFO - Filling up the DagBag from /home/ubuntu/airflow_snow/lib/python3.12/site-packages/airflow/example_dags/example_sensors.py
[2024-09-01T04:51:26.674+0000] {processor.py:925} INFO - DAG(s) 'example_sensors' retrieved from /home/ubuntu/airflow_snow/lib/python3.12/site-packages/airflow/example_dags/example_sensors.py
[2024-09-01T04:51:26.692+0000] {logging_mixin.py:190} INFO - [2024-09-01T04:51:26.692+0000] {dag.py:3211} INFO - Sync 1 DAGs
[2024-09-01T04:51:26.704+0000] {logging_mixin.py:190} INFO - [2024-09-01T04:51:26.704+0000] {dag.py:4138} INFO - Setting next_dagrun for example_sensors to None, run_after=None
[2024-09-01T04:51:26.728+0000] {processor.py:208} INFO - Processing /home/ubuntu/airflow_snow/lib/python3.12/site-packages/airflow/example_dags/example_sensors.py took 0.074 seconds
[2024-09-01T04:52:15.870+0000] {processor.py:186} INFO - Started process (PID=3636) to work on /home/ubuntu/airflow_snow/lib/python3.12/site-packages/airflow/example_dags/example_sensors.py
[2024-09-01T04:52:15.873+0000] {processor.py:914} INFO - Processing file /home/ubuntu/airflow_snow/lib/python3.12/site-packages/airflow/example_dags/example_sensors.py for tasks to queue
[2024-09-01T04:52:15.874+0000] {logging_mixin.py:190} INFO - [2024-09-01T04:52:15.874+0000] {dagbag.py:587} INFO - Filling up the DagBag from /home/ubuntu/airflow_snow/lib/python3.12/site-packages/airflow/example_dags/example_sensors.py
[2024-09-01T04:52:15.884+0000] {processor.py:925} INFO - DAG(s) 'example_sensors' retrieved from /home/ubuntu/airflow_snow/lib/python3.12/site-packages/airflow/example_dags/example_sensors.py
[2024-09-01T04:52:15.905+0000] {logging_mixin.py:190} INFO - [2024-09-01T04:52:15.904+0000] {dag.py:3211} INFO - Sync 1 DAGs
[2024-09-01T04:52:15.916+0000] {logging_mixin.py:190} INFO - [2024-09-01T04:52:15.916+0000] {dag.py:4138} INFO - Setting next_dagrun for example_sensors to None, run_after=None
[2024-09-01T04:52:15.939+0000] {processor.py:208} INFO - Processing /home/ubuntu/airflow_snow/lib/python3.12/site-packages/airflow/example_dags/example_sensors.py took 0.074 seconds
[2024-09-01T04:53:04.795+0000] {processor.py:186} INFO - Started process (PID=3687) to work on /home/ubuntu/airflow_snow/lib/python3.12/site-packages/airflow/example_dags/example_sensors.py
[2024-09-01T04:53:04.797+0000] {processor.py:914} INFO - Processing file /home/ubuntu/airflow_snow/lib/python3.12/site-packages/airflow/example_dags/example_sensors.py for tasks to queue
[2024-09-01T04:53:04.799+0000] {logging_mixin.py:190} INFO - [2024-09-01T04:53:04.798+0000] {dagbag.py:587} INFO - Filling up the DagBag from /home/ubuntu/airflow_snow/lib/python3.12/site-packages/airflow/example_dags/example_sensors.py
[2024-09-01T04:53:04.809+0000] {processor.py:925} INFO - DAG(s) 'example_sensors' retrieved from /home/ubuntu/airflow_snow/lib/python3.12/site-packages/airflow/example_dags/example_sensors.py
[2024-09-01T04:53:04.827+0000] {logging_mixin.py:190} INFO - [2024-09-01T04:53:04.827+0000] {dag.py:3211} INFO - Sync 1 DAGs
[2024-09-01T04:53:04.839+0000] {logging_mixin.py:190} INFO - [2024-09-01T04:53:04.839+0000] {dag.py:4138} INFO - Setting next_dagrun for example_sensors to None, run_after=None
[2024-09-01T04:53:04.864+0000] {processor.py:208} INFO - Processing /home/ubuntu/airflow_snow/lib/python3.12/site-packages/airflow/example_dags/example_sensors.py took 0.073 seconds
