[2024-09-01T04:29:10.370+0000] {processor.py:186} INFO - Started process (PID=2184) to work on /home/ubuntu/airflow_snow/lib/python3.12/site-packages/airflow/example_dags/example_display_name.py
[2024-09-01T04:29:10.371+0000] {processor.py:914} INFO - Processing file /home/ubuntu/airflow_snow/lib/python3.12/site-packages/airflow/example_dags/example_display_name.py for tasks to queue
[2024-09-01T04:29:10.372+0000] {logging_mixin.py:190} INFO - [2024-09-01T04:29:10.372+0000] {dagbag.py:587} INFO - Filling up the DagBag from /home/ubuntu/airflow_snow/lib/python3.12/site-packages/airflow/example_dags/example_display_name.py
[2024-09-01T04:29:10.381+0000] {processor.py:925} INFO - DAG(s) 'example_display_name' retrieved from /home/ubuntu/airflow_snow/lib/python3.12/site-packages/airflow/example_dags/example_display_name.py
[2024-09-01T04:29:10.480+0000] {logging_mixin.py:190} INFO - [2024-09-01T04:29:10.480+0000] {override.py:1900} INFO - Created Permission View: can delete on DAG:example_display_name
[2024-09-01T04:29:10.495+0000] {logging_mixin.py:190} INFO - [2024-09-01T04:29:10.495+0000] {override.py:1900} INFO - Created Permission View: can read on DAG:example_display_name
[2024-09-01T04:29:10.506+0000] {logging_mixin.py:190} INFO - [2024-09-01T04:29:10.506+0000] {override.py:1900} INFO - Created Permission View: can edit on DAG:example_display_name
[2024-09-01T04:29:10.524+0000] {logging_mixin.py:190} INFO - [2024-09-01T04:29:10.524+0000] {override.py:1900} INFO - Created Permission View: menu access on DAG Run:example_display_name
[2024-09-01T04:29:10.535+0000] {logging_mixin.py:190} INFO - [2024-09-01T04:29:10.535+0000] {override.py:1900} INFO - Created Permission View: can create on DAG Run:example_display_name
[2024-09-01T04:29:10.545+0000] {logging_mixin.py:190} INFO - [2024-09-01T04:29:10.545+0000] {override.py:1900} INFO - Created Permission View: can read on DAG Run:example_display_name
[2024-09-01T04:29:10.558+0000] {logging_mixin.py:190} INFO - [2024-09-01T04:29:10.557+0000] {override.py:1900} INFO - Created Permission View: can delete on DAG Run:example_display_name
[2024-09-01T04:29:10.558+0000] {logging_mixin.py:190} INFO - [2024-09-01T04:29:10.558+0000] {dag.py:3211} INFO - Sync 1 DAGs
[2024-09-01T04:29:10.568+0000] {logging_mixin.py:190} INFO - [2024-09-01T04:29:10.567+0000] {dag.py:3234} INFO - Creating ORM DAG for example_display_name
[2024-09-01T04:29:10.569+0000] {logging_mixin.py:190} INFO - [2024-09-01T04:29:10.569+0000] {dag.py:4138} INFO - Setting next_dagrun for example_display_name to None, run_after=None
[2024-09-01T04:29:10.588+0000] {processor.py:208} INFO - Processing /home/ubuntu/airflow_snow/lib/python3.12/site-packages/airflow/example_dags/example_display_name.py took 0.224 seconds
[2024-09-01T04:30:09.578+0000] {processor.py:186} INFO - Started process (PID=2242) to work on /home/ubuntu/airflow_snow/lib/python3.12/site-packages/airflow/example_dags/example_display_name.py
[2024-09-01T04:30:09.579+0000] {processor.py:914} INFO - Processing file /home/ubuntu/airflow_snow/lib/python3.12/site-packages/airflow/example_dags/example_display_name.py for tasks to queue
[2024-09-01T04:30:09.582+0000] {logging_mixin.py:190} INFO - [2024-09-01T04:30:09.581+0000] {dagbag.py:587} INFO - Filling up the DagBag from /home/ubuntu/airflow_snow/lib/python3.12/site-packages/airflow/example_dags/example_display_name.py
[2024-09-01T04:30:09.589+0000] {processor.py:925} INFO - DAG(s) 'example_display_name' retrieved from /home/ubuntu/airflow_snow/lib/python3.12/site-packages/airflow/example_dags/example_display_name.py
[2024-09-01T04:30:09.602+0000] {logging_mixin.py:190} INFO - [2024-09-01T04:30:09.602+0000] {dag.py:3211} INFO - Sync 1 DAGs
[2024-09-01T04:30:09.613+0000] {logging_mixin.py:190} INFO - [2024-09-01T04:30:09.613+0000] {dag.py:4138} INFO - Setting next_dagrun for example_display_name to None, run_after=None
[2024-09-01T04:30:09.635+0000] {processor.py:208} INFO - Processing /home/ubuntu/airflow_snow/lib/python3.12/site-packages/airflow/example_dags/example_display_name.py took 0.063 seconds
[2024-09-01T04:31:05.288+0000] {processor.py:186} INFO - Started process (PID=2303) to work on /home/ubuntu/airflow_snow/lib/python3.12/site-packages/airflow/example_dags/example_display_name.py
[2024-09-01T04:31:05.290+0000] {processor.py:914} INFO - Processing file /home/ubuntu/airflow_snow/lib/python3.12/site-packages/airflow/example_dags/example_display_name.py for tasks to queue
[2024-09-01T04:31:05.291+0000] {logging_mixin.py:190} INFO - [2024-09-01T04:31:05.291+0000] {dagbag.py:587} INFO - Filling up the DagBag from /home/ubuntu/airflow_snow/lib/python3.12/site-packages/airflow/example_dags/example_display_name.py
[2024-09-01T04:31:05.299+0000] {processor.py:925} INFO - DAG(s) 'example_display_name' retrieved from /home/ubuntu/airflow_snow/lib/python3.12/site-packages/airflow/example_dags/example_display_name.py
[2024-09-01T04:31:05.312+0000] {logging_mixin.py:190} INFO - [2024-09-01T04:31:05.312+0000] {dag.py:3211} INFO - Sync 1 DAGs
[2024-09-01T04:31:05.322+0000] {logging_mixin.py:190} INFO - [2024-09-01T04:31:05.322+0000] {dag.py:4138} INFO - Setting next_dagrun for example_display_name to None, run_after=None
[2024-09-01T04:31:05.345+0000] {processor.py:208} INFO - Processing /home/ubuntu/airflow_snow/lib/python3.12/site-packages/airflow/example_dags/example_display_name.py took 0.063 seconds
[2024-09-01T04:31:58.775+0000] {processor.py:186} INFO - Started process (PID=2359) to work on /home/ubuntu/airflow_snow/lib/python3.12/site-packages/airflow/example_dags/example_display_name.py
[2024-09-01T04:31:58.778+0000] {processor.py:914} INFO - Processing file /home/ubuntu/airflow_snow/lib/python3.12/site-packages/airflow/example_dags/example_display_name.py for tasks to queue
[2024-09-01T04:31:58.779+0000] {logging_mixin.py:190} INFO - [2024-09-01T04:31:58.779+0000] {dagbag.py:587} INFO - Filling up the DagBag from /home/ubuntu/airflow_snow/lib/python3.12/site-packages/airflow/example_dags/example_display_name.py
[2024-09-01T04:31:58.787+0000] {processor.py:925} INFO - DAG(s) 'example_display_name' retrieved from /home/ubuntu/airflow_snow/lib/python3.12/site-packages/airflow/example_dags/example_display_name.py
[2024-09-01T04:31:58.800+0000] {logging_mixin.py:190} INFO - [2024-09-01T04:31:58.800+0000] {dag.py:3211} INFO - Sync 1 DAGs
[2024-09-01T04:31:58.811+0000] {logging_mixin.py:190} INFO - [2024-09-01T04:31:58.811+0000] {dag.py:4138} INFO - Setting next_dagrun for example_display_name to None, run_after=None
[2024-09-01T04:31:58.831+0000] {processor.py:208} INFO - Processing /home/ubuntu/airflow_snow/lib/python3.12/site-packages/airflow/example_dags/example_display_name.py took 0.062 seconds
[2024-09-01T04:33:11.930+0000] {processor.py:186} INFO - Started process (PID=2434) to work on /home/ubuntu/airflow_snow/lib/python3.12/site-packages/airflow/example_dags/example_display_name.py
[2024-09-01T04:33:11.933+0000] {processor.py:914} INFO - Processing file /home/ubuntu/airflow_snow/lib/python3.12/site-packages/airflow/example_dags/example_display_name.py for tasks to queue
[2024-09-01T04:33:11.934+0000] {logging_mixin.py:190} INFO - [2024-09-01T04:33:11.934+0000] {dagbag.py:587} INFO - Filling up the DagBag from /home/ubuntu/airflow_snow/lib/python3.12/site-packages/airflow/example_dags/example_display_name.py
[2024-09-01T04:33:11.942+0000] {processor.py:925} INFO - DAG(s) 'example_display_name' retrieved from /home/ubuntu/airflow_snow/lib/python3.12/site-packages/airflow/example_dags/example_display_name.py
[2024-09-01T04:33:11.955+0000] {logging_mixin.py:190} INFO - [2024-09-01T04:33:11.955+0000] {dag.py:3211} INFO - Sync 1 DAGs
[2024-09-01T04:33:11.966+0000] {logging_mixin.py:190} INFO - [2024-09-01T04:33:11.966+0000] {dag.py:4138} INFO - Setting next_dagrun for example_display_name to None, run_after=None
[2024-09-01T04:33:12.045+0000] {processor.py:208} INFO - Processing /home/ubuntu/airflow_snow/lib/python3.12/site-packages/airflow/example_dags/example_display_name.py took 0.120 seconds
[2024-09-01T04:34:02.140+0000] {processor.py:186} INFO - Started process (PID=2487) to work on /home/ubuntu/airflow_snow/lib/python3.12/site-packages/airflow/example_dags/example_display_name.py
[2024-09-01T04:34:02.142+0000] {processor.py:914} INFO - Processing file /home/ubuntu/airflow_snow/lib/python3.12/site-packages/airflow/example_dags/example_display_name.py for tasks to queue
[2024-09-01T04:34:02.144+0000] {logging_mixin.py:190} INFO - [2024-09-01T04:34:02.143+0000] {dagbag.py:587} INFO - Filling up the DagBag from /home/ubuntu/airflow_snow/lib/python3.12/site-packages/airflow/example_dags/example_display_name.py
[2024-09-01T04:34:02.154+0000] {processor.py:925} INFO - DAG(s) 'example_display_name' retrieved from /home/ubuntu/airflow_snow/lib/python3.12/site-packages/airflow/example_dags/example_display_name.py
[2024-09-01T04:34:02.167+0000] {logging_mixin.py:190} INFO - [2024-09-01T04:34:02.167+0000] {dag.py:3211} INFO - Sync 1 DAGs
[2024-09-01T04:34:02.180+0000] {logging_mixin.py:190} INFO - [2024-09-01T04:34:02.179+0000] {dag.py:4138} INFO - Setting next_dagrun for example_display_name to None, run_after=None
[2024-09-01T04:34:02.205+0000] {processor.py:208} INFO - Processing /home/ubuntu/airflow_snow/lib/python3.12/site-packages/airflow/example_dags/example_display_name.py took 0.072 seconds
[2024-09-01T04:35:14.910+0000] {processor.py:186} INFO - Started process (PID=2567) to work on /home/ubuntu/airflow_snow/lib/python3.12/site-packages/airflow/example_dags/example_display_name.py
[2024-09-01T04:35:14.912+0000] {processor.py:914} INFO - Processing file /home/ubuntu/airflow_snow/lib/python3.12/site-packages/airflow/example_dags/example_display_name.py for tasks to queue
[2024-09-01T04:35:14.914+0000] {logging_mixin.py:190} INFO - [2024-09-01T04:35:14.914+0000] {dagbag.py:587} INFO - Filling up the DagBag from /home/ubuntu/airflow_snow/lib/python3.12/site-packages/airflow/example_dags/example_display_name.py
[2024-09-01T04:35:14.921+0000] {processor.py:925} INFO - DAG(s) 'example_display_name' retrieved from /home/ubuntu/airflow_snow/lib/python3.12/site-packages/airflow/example_dags/example_display_name.py
[2024-09-01T04:35:14.935+0000] {logging_mixin.py:190} INFO - [2024-09-01T04:35:14.935+0000] {dag.py:3211} INFO - Sync 1 DAGs
[2024-09-01T04:35:14.946+0000] {logging_mixin.py:190} INFO - [2024-09-01T04:35:14.946+0000] {dag.py:4138} INFO - Setting next_dagrun for example_display_name to None, run_after=None
[2024-09-01T04:35:14.968+0000] {processor.py:208} INFO - Processing /home/ubuntu/airflow_snow/lib/python3.12/site-packages/airflow/example_dags/example_display_name.py took 0.063 seconds
[2024-09-01T04:36:30.017+0000] {processor.py:186} INFO - Started process (PID=2642) to work on /home/ubuntu/airflow_snow/lib/python3.12/site-packages/airflow/example_dags/example_display_name.py
[2024-09-01T04:36:30.018+0000] {processor.py:914} INFO - Processing file /home/ubuntu/airflow_snow/lib/python3.12/site-packages/airflow/example_dags/example_display_name.py for tasks to queue
[2024-09-01T04:36:30.021+0000] {logging_mixin.py:190} INFO - [2024-09-01T04:36:30.020+0000] {dagbag.py:587} INFO - Filling up the DagBag from /home/ubuntu/airflow_snow/lib/python3.12/site-packages/airflow/example_dags/example_display_name.py
[2024-09-01T04:36:30.027+0000] {processor.py:925} INFO - DAG(s) 'example_display_name' retrieved from /home/ubuntu/airflow_snow/lib/python3.12/site-packages/airflow/example_dags/example_display_name.py
[2024-09-01T04:36:30.042+0000] {logging_mixin.py:190} INFO - [2024-09-01T04:36:30.041+0000] {dag.py:3211} INFO - Sync 1 DAGs
[2024-09-01T04:36:30.052+0000] {logging_mixin.py:190} INFO - [2024-09-01T04:36:30.052+0000] {dag.py:4138} INFO - Setting next_dagrun for example_display_name to None, run_after=None
[2024-09-01T04:36:30.074+0000] {processor.py:208} INFO - Processing /home/ubuntu/airflow_snow/lib/python3.12/site-packages/airflow/example_dags/example_display_name.py took 0.063 seconds
[2024-09-01T04:37:23.036+0000] {processor.py:186} INFO - Started process (PID=2696) to work on /home/ubuntu/airflow_snow/lib/python3.12/site-packages/airflow/example_dags/example_display_name.py
[2024-09-01T04:37:23.038+0000] {processor.py:914} INFO - Processing file /home/ubuntu/airflow_snow/lib/python3.12/site-packages/airflow/example_dags/example_display_name.py for tasks to queue
[2024-09-01T04:37:23.040+0000] {logging_mixin.py:190} INFO - [2024-09-01T04:37:23.040+0000] {dagbag.py:587} INFO - Filling up the DagBag from /home/ubuntu/airflow_snow/lib/python3.12/site-packages/airflow/example_dags/example_display_name.py
[2024-09-01T04:37:23.047+0000] {processor.py:925} INFO - DAG(s) 'example_display_name' retrieved from /home/ubuntu/airflow_snow/lib/python3.12/site-packages/airflow/example_dags/example_display_name.py
[2024-09-01T04:37:23.060+0000] {logging_mixin.py:190} INFO - [2024-09-01T04:37:23.060+0000] {dag.py:3211} INFO - Sync 1 DAGs
[2024-09-01T04:37:23.072+0000] {logging_mixin.py:190} INFO - [2024-09-01T04:37:23.071+0000] {dag.py:4138} INFO - Setting next_dagrun for example_display_name to None, run_after=None
[2024-09-01T04:37:23.094+0000] {processor.py:208} INFO - Processing /home/ubuntu/airflow_snow/lib/python3.12/site-packages/airflow/example_dags/example_display_name.py took 0.063 seconds
[2024-09-01T04:38:12.792+0000] {processor.py:186} INFO - Started process (PID=2747) to work on /home/ubuntu/airflow_snow/lib/python3.12/site-packages/airflow/example_dags/example_display_name.py
[2024-09-01T04:38:12.794+0000] {processor.py:914} INFO - Processing file /home/ubuntu/airflow_snow/lib/python3.12/site-packages/airflow/example_dags/example_display_name.py for tasks to queue
[2024-09-01T04:38:12.795+0000] {logging_mixin.py:190} INFO - [2024-09-01T04:38:12.795+0000] {dagbag.py:587} INFO - Filling up the DagBag from /home/ubuntu/airflow_snow/lib/python3.12/site-packages/airflow/example_dags/example_display_name.py
[2024-09-01T04:38:12.803+0000] {processor.py:925} INFO - DAG(s) 'example_display_name' retrieved from /home/ubuntu/airflow_snow/lib/python3.12/site-packages/airflow/example_dags/example_display_name.py
[2024-09-01T04:38:12.817+0000] {logging_mixin.py:190} INFO - [2024-09-01T04:38:12.817+0000] {dag.py:3211} INFO - Sync 1 DAGs
[2024-09-01T04:38:12.828+0000] {logging_mixin.py:190} INFO - [2024-09-01T04:38:12.828+0000] {dag.py:4138} INFO - Setting next_dagrun for example_display_name to None, run_after=None
[2024-09-01T04:38:12.850+0000] {processor.py:208} INFO - Processing /home/ubuntu/airflow_snow/lib/python3.12/site-packages/airflow/example_dags/example_display_name.py took 0.063 seconds
[2024-09-01T04:39:05.456+0000] {processor.py:186} INFO - Started process (PID=2799) to work on /home/ubuntu/airflow_snow/lib/python3.12/site-packages/airflow/example_dags/example_display_name.py
[2024-09-01T04:39:05.458+0000] {processor.py:914} INFO - Processing file /home/ubuntu/airflow_snow/lib/python3.12/site-packages/airflow/example_dags/example_display_name.py for tasks to queue
[2024-09-01T04:39:05.459+0000] {logging_mixin.py:190} INFO - [2024-09-01T04:39:05.459+0000] {dagbag.py:587} INFO - Filling up the DagBag from /home/ubuntu/airflow_snow/lib/python3.12/site-packages/airflow/example_dags/example_display_name.py
[2024-09-01T04:39:05.467+0000] {processor.py:925} INFO - DAG(s) 'example_display_name' retrieved from /home/ubuntu/airflow_snow/lib/python3.12/site-packages/airflow/example_dags/example_display_name.py
[2024-09-01T04:39:05.480+0000] {logging_mixin.py:190} INFO - [2024-09-01T04:39:05.480+0000] {dag.py:3211} INFO - Sync 1 DAGs
[2024-09-01T04:39:05.492+0000] {logging_mixin.py:190} INFO - [2024-09-01T04:39:05.491+0000] {dag.py:4138} INFO - Setting next_dagrun for example_display_name to None, run_after=None
[2024-09-01T04:39:05.515+0000] {processor.py:208} INFO - Processing /home/ubuntu/airflow_snow/lib/python3.12/site-packages/airflow/example_dags/example_display_name.py took 0.064 seconds
[2024-09-01T04:39:56.315+0000] {processor.py:186} INFO - Started process (PID=2852) to work on /home/ubuntu/airflow_snow/lib/python3.12/site-packages/airflow/example_dags/example_display_name.py
[2024-09-01T04:39:56.318+0000] {processor.py:914} INFO - Processing file /home/ubuntu/airflow_snow/lib/python3.12/site-packages/airflow/example_dags/example_display_name.py for tasks to queue
[2024-09-01T04:39:56.319+0000] {logging_mixin.py:190} INFO - [2024-09-01T04:39:56.319+0000] {dagbag.py:587} INFO - Filling up the DagBag from /home/ubuntu/airflow_snow/lib/python3.12/site-packages/airflow/example_dags/example_display_name.py
[2024-09-01T04:39:56.327+0000] {processor.py:925} INFO - DAG(s) 'example_display_name' retrieved from /home/ubuntu/airflow_snow/lib/python3.12/site-packages/airflow/example_dags/example_display_name.py
[2024-09-01T04:39:56.341+0000] {logging_mixin.py:190} INFO - [2024-09-01T04:39:56.341+0000] {dag.py:3211} INFO - Sync 1 DAGs
[2024-09-01T04:39:56.351+0000] {logging_mixin.py:190} INFO - [2024-09-01T04:39:56.351+0000] {dag.py:4138} INFO - Setting next_dagrun for example_display_name to None, run_after=None
[2024-09-01T04:39:56.393+0000] {processor.py:208} INFO - Processing /home/ubuntu/airflow_snow/lib/python3.12/site-packages/airflow/example_dags/example_display_name.py took 0.083 seconds
[2024-09-01T04:40:48.587+0000] {processor.py:186} INFO - Started process (PID=2908) to work on /home/ubuntu/airflow_snow/lib/python3.12/site-packages/airflow/example_dags/example_display_name.py
[2024-09-01T04:40:48.590+0000] {processor.py:914} INFO - Processing file /home/ubuntu/airflow_snow/lib/python3.12/site-packages/airflow/example_dags/example_display_name.py for tasks to queue
[2024-09-01T04:40:48.592+0000] {logging_mixin.py:190} INFO - [2024-09-01T04:40:48.592+0000] {dagbag.py:587} INFO - Filling up the DagBag from /home/ubuntu/airflow_snow/lib/python3.12/site-packages/airflow/example_dags/example_display_name.py
[2024-09-01T04:40:48.599+0000] {processor.py:925} INFO - DAG(s) 'example_display_name' retrieved from /home/ubuntu/airflow_snow/lib/python3.12/site-packages/airflow/example_dags/example_display_name.py
[2024-09-01T04:40:48.613+0000] {logging_mixin.py:190} INFO - [2024-09-01T04:40:48.613+0000] {dag.py:3211} INFO - Sync 1 DAGs
[2024-09-01T04:40:48.625+0000] {logging_mixin.py:190} INFO - [2024-09-01T04:40:48.625+0000] {dag.py:4138} INFO - Setting next_dagrun for example_display_name to None, run_after=None
[2024-09-01T04:40:48.650+0000] {processor.py:208} INFO - Processing /home/ubuntu/airflow_snow/lib/python3.12/site-packages/airflow/example_dags/example_display_name.py took 0.067 seconds
[2024-09-01T04:41:40.887+0000] {processor.py:186} INFO - Started process (PID=2962) to work on /home/ubuntu/airflow_snow/lib/python3.12/site-packages/airflow/example_dags/example_display_name.py
[2024-09-01T04:41:40.889+0000] {processor.py:914} INFO - Processing file /home/ubuntu/airflow_snow/lib/python3.12/site-packages/airflow/example_dags/example_display_name.py for tasks to queue
[2024-09-01T04:41:40.890+0000] {logging_mixin.py:190} INFO - [2024-09-01T04:41:40.890+0000] {dagbag.py:587} INFO - Filling up the DagBag from /home/ubuntu/airflow_snow/lib/python3.12/site-packages/airflow/example_dags/example_display_name.py
[2024-09-01T04:41:40.898+0000] {processor.py:925} INFO - DAG(s) 'example_display_name' retrieved from /home/ubuntu/airflow_snow/lib/python3.12/site-packages/airflow/example_dags/example_display_name.py
[2024-09-01T04:41:40.911+0000] {logging_mixin.py:190} INFO - [2024-09-01T04:41:40.911+0000] {dag.py:3211} INFO - Sync 1 DAGs
[2024-09-01T04:41:40.923+0000] {logging_mixin.py:190} INFO - [2024-09-01T04:41:40.922+0000] {dag.py:4138} INFO - Setting next_dagrun for example_display_name to None, run_after=None
[2024-09-01T04:41:40.945+0000] {processor.py:208} INFO - Processing /home/ubuntu/airflow_snow/lib/python3.12/site-packages/airflow/example_dags/example_display_name.py took 0.064 seconds
[2024-09-01T04:42:56.200+0000] {processor.py:186} INFO - Started process (PID=3038) to work on /home/ubuntu/airflow_snow/lib/python3.12/site-packages/airflow/example_dags/example_display_name.py
[2024-09-01T04:42:56.203+0000] {processor.py:914} INFO - Processing file /home/ubuntu/airflow_snow/lib/python3.12/site-packages/airflow/example_dags/example_display_name.py for tasks to queue
[2024-09-01T04:42:56.204+0000] {logging_mixin.py:190} INFO - [2024-09-01T04:42:56.204+0000] {dagbag.py:587} INFO - Filling up the DagBag from /home/ubuntu/airflow_snow/lib/python3.12/site-packages/airflow/example_dags/example_display_name.py
[2024-09-01T04:42:56.211+0000] {processor.py:925} INFO - DAG(s) 'example_display_name' retrieved from /home/ubuntu/airflow_snow/lib/python3.12/site-packages/airflow/example_dags/example_display_name.py
[2024-09-01T04:42:56.226+0000] {logging_mixin.py:190} INFO - [2024-09-01T04:42:56.225+0000] {dag.py:3211} INFO - Sync 1 DAGs
[2024-09-01T04:42:56.236+0000] {logging_mixin.py:190} INFO - [2024-09-01T04:42:56.236+0000] {dag.py:4138} INFO - Setting next_dagrun for example_display_name to None, run_after=None
[2024-09-01T04:42:56.258+0000] {processor.py:208} INFO - Processing /home/ubuntu/airflow_snow/lib/python3.12/site-packages/airflow/example_dags/example_display_name.py took 0.064 seconds
[2024-09-01T04:44:10.470+0000] {processor.py:186} INFO - Started process (PID=3114) to work on /home/ubuntu/airflow_snow/lib/python3.12/site-packages/airflow/example_dags/example_display_name.py
[2024-09-01T04:44:10.472+0000] {processor.py:914} INFO - Processing file /home/ubuntu/airflow_snow/lib/python3.12/site-packages/airflow/example_dags/example_display_name.py for tasks to queue
[2024-09-01T04:44:10.473+0000] {logging_mixin.py:190} INFO - [2024-09-01T04:44:10.473+0000] {dagbag.py:587} INFO - Filling up the DagBag from /home/ubuntu/airflow_snow/lib/python3.12/site-packages/airflow/example_dags/example_display_name.py
[2024-09-01T04:44:10.480+0000] {processor.py:925} INFO - DAG(s) 'example_display_name' retrieved from /home/ubuntu/airflow_snow/lib/python3.12/site-packages/airflow/example_dags/example_display_name.py
[2024-09-01T04:44:10.494+0000] {logging_mixin.py:190} INFO - [2024-09-01T04:44:10.494+0000] {dag.py:3211} INFO - Sync 1 DAGs
[2024-09-01T04:44:10.504+0000] {logging_mixin.py:190} INFO - [2024-09-01T04:44:10.504+0000] {dag.py:4138} INFO - Setting next_dagrun for example_display_name to None, run_after=None
[2024-09-01T04:44:10.527+0000] {processor.py:208} INFO - Processing /home/ubuntu/airflow_snow/lib/python3.12/site-packages/airflow/example_dags/example_display_name.py took 0.063 seconds
[2024-09-01T04:45:20.223+0000] {processor.py:186} INFO - Started process (PID=3196) to work on /home/ubuntu/airflow_snow/lib/python3.12/site-packages/airflow/example_dags/example_display_name.py
[2024-09-01T04:45:20.225+0000] {processor.py:914} INFO - Processing file /home/ubuntu/airflow_snow/lib/python3.12/site-packages/airflow/example_dags/example_display_name.py for tasks to queue
[2024-09-01T04:45:20.227+0000] {logging_mixin.py:190} INFO - [2024-09-01T04:45:20.226+0000] {dagbag.py:587} INFO - Filling up the DagBag from /home/ubuntu/airflow_snow/lib/python3.12/site-packages/airflow/example_dags/example_display_name.py
[2024-09-01T04:45:20.234+0000] {processor.py:925} INFO - DAG(s) 'example_display_name' retrieved from /home/ubuntu/airflow_snow/lib/python3.12/site-packages/airflow/example_dags/example_display_name.py
[2024-09-01T04:45:20.249+0000] {logging_mixin.py:190} INFO - [2024-09-01T04:45:20.249+0000] {dag.py:3211} INFO - Sync 1 DAGs
[2024-09-01T04:45:20.260+0000] {logging_mixin.py:190} INFO - [2024-09-01T04:45:20.259+0000] {dag.py:4138} INFO - Setting next_dagrun for example_display_name to None, run_after=None
[2024-09-01T04:45:20.281+0000] {processor.py:208} INFO - Processing /home/ubuntu/airflow_snow/lib/python3.12/site-packages/airflow/example_dags/example_display_name.py took 0.062 seconds
[2024-09-01T04:46:29.882+0000] {processor.py:186} INFO - Started process (PID=3270) to work on /home/ubuntu/airflow_snow/lib/python3.12/site-packages/airflow/example_dags/example_display_name.py
[2024-09-01T04:46:29.884+0000] {processor.py:914} INFO - Processing file /home/ubuntu/airflow_snow/lib/python3.12/site-packages/airflow/example_dags/example_display_name.py for tasks to queue
[2024-09-01T04:46:29.886+0000] {logging_mixin.py:190} INFO - [2024-09-01T04:46:29.885+0000] {dagbag.py:587} INFO - Filling up the DagBag from /home/ubuntu/airflow_snow/lib/python3.12/site-packages/airflow/example_dags/example_display_name.py
[2024-09-01T04:46:29.894+0000] {processor.py:925} INFO - DAG(s) 'example_display_name' retrieved from /home/ubuntu/airflow_snow/lib/python3.12/site-packages/airflow/example_dags/example_display_name.py
[2024-09-01T04:46:29.907+0000] {logging_mixin.py:190} INFO - [2024-09-01T04:46:29.907+0000] {dag.py:3211} INFO - Sync 1 DAGs
[2024-09-01T04:46:29.918+0000] {logging_mixin.py:190} INFO - [2024-09-01T04:46:29.918+0000] {dag.py:4138} INFO - Setting next_dagrun for example_display_name to None, run_after=None
[2024-09-01T04:46:29.938+0000] {processor.py:208} INFO - Processing /home/ubuntu/airflow_snow/lib/python3.12/site-packages/airflow/example_dags/example_display_name.py took 0.062 seconds
[2024-09-01T04:47:21.570+0000] {processor.py:186} INFO - Started process (PID=3323) to work on /home/ubuntu/airflow_snow/lib/python3.12/site-packages/airflow/example_dags/example_display_name.py
[2024-09-01T04:47:21.573+0000] {processor.py:914} INFO - Processing file /home/ubuntu/airflow_snow/lib/python3.12/site-packages/airflow/example_dags/example_display_name.py for tasks to queue
[2024-09-01T04:47:21.574+0000] {logging_mixin.py:190} INFO - [2024-09-01T04:47:21.574+0000] {dagbag.py:587} INFO - Filling up the DagBag from /home/ubuntu/airflow_snow/lib/python3.12/site-packages/airflow/example_dags/example_display_name.py
[2024-09-01T04:47:21.582+0000] {processor.py:925} INFO - DAG(s) 'example_display_name' retrieved from /home/ubuntu/airflow_snow/lib/python3.12/site-packages/airflow/example_dags/example_display_name.py
[2024-09-01T04:47:21.595+0000] {logging_mixin.py:190} INFO - [2024-09-01T04:47:21.595+0000] {dag.py:3211} INFO - Sync 1 DAGs
[2024-09-01T04:47:21.607+0000] {logging_mixin.py:190} INFO - [2024-09-01T04:47:21.607+0000] {dag.py:4138} INFO - Setting next_dagrun for example_display_name to None, run_after=None
[2024-09-01T04:47:21.629+0000] {processor.py:208} INFO - Processing /home/ubuntu/airflow_snow/lib/python3.12/site-packages/airflow/example_dags/example_display_name.py took 0.063 seconds
[2024-09-01T04:48:33.358+0000] {processor.py:186} INFO - Started process (PID=3398) to work on /home/ubuntu/airflow_snow/lib/python3.12/site-packages/airflow/example_dags/example_display_name.py
[2024-09-01T04:48:33.360+0000] {processor.py:914} INFO - Processing file /home/ubuntu/airflow_snow/lib/python3.12/site-packages/airflow/example_dags/example_display_name.py for tasks to queue
[2024-09-01T04:48:33.362+0000] {logging_mixin.py:190} INFO - [2024-09-01T04:48:33.361+0000] {dagbag.py:587} INFO - Filling up the DagBag from /home/ubuntu/airflow_snow/lib/python3.12/site-packages/airflow/example_dags/example_display_name.py
[2024-09-01T04:48:33.369+0000] {processor.py:925} INFO - DAG(s) 'example_display_name' retrieved from /home/ubuntu/airflow_snow/lib/python3.12/site-packages/airflow/example_dags/example_display_name.py
[2024-09-01T04:48:33.382+0000] {logging_mixin.py:190} INFO - [2024-09-01T04:48:33.382+0000] {dag.py:3211} INFO - Sync 1 DAGs
[2024-09-01T04:48:33.393+0000] {logging_mixin.py:190} INFO - [2024-09-01T04:48:33.393+0000] {dag.py:4138} INFO - Setting next_dagrun for example_display_name to None, run_after=None
[2024-09-01T04:48:33.417+0000] {processor.py:208} INFO - Processing /home/ubuntu/airflow_snow/lib/python3.12/site-packages/airflow/example_dags/example_display_name.py took 0.064 seconds
[2024-09-01T04:49:45.150+0000] {processor.py:186} INFO - Started process (PID=3473) to work on /home/ubuntu/airflow_snow/lib/python3.12/site-packages/airflow/example_dags/example_display_name.py
[2024-09-01T04:49:45.153+0000] {processor.py:914} INFO - Processing file /home/ubuntu/airflow_snow/lib/python3.12/site-packages/airflow/example_dags/example_display_name.py for tasks to queue
[2024-09-01T04:49:45.154+0000] {logging_mixin.py:190} INFO - [2024-09-01T04:49:45.154+0000] {dagbag.py:587} INFO - Filling up the DagBag from /home/ubuntu/airflow_snow/lib/python3.12/site-packages/airflow/example_dags/example_display_name.py
[2024-09-01T04:49:45.162+0000] {processor.py:925} INFO - DAG(s) 'example_display_name' retrieved from /home/ubuntu/airflow_snow/lib/python3.12/site-packages/airflow/example_dags/example_display_name.py
[2024-09-01T04:49:45.175+0000] {logging_mixin.py:190} INFO - [2024-09-01T04:49:45.175+0000] {dag.py:3211} INFO - Sync 1 DAGs
[2024-09-01T04:49:45.187+0000] {logging_mixin.py:190} INFO - [2024-09-01T04:49:45.187+0000] {dag.py:4138} INFO - Setting next_dagrun for example_display_name to None, run_after=None
[2024-09-01T04:49:45.211+0000] {processor.py:208} INFO - Processing /home/ubuntu/airflow_snow/lib/python3.12/site-packages/airflow/example_dags/example_display_name.py took 0.066 seconds
[2024-09-01T04:50:49.675+0000] {processor.py:186} INFO - Started process (PID=3547) to work on /home/ubuntu/airflow_snow/lib/python3.12/site-packages/airflow/example_dags/example_display_name.py
[2024-09-01T04:50:49.678+0000] {processor.py:914} INFO - Processing file /home/ubuntu/airflow_snow/lib/python3.12/site-packages/airflow/example_dags/example_display_name.py for tasks to queue
[2024-09-01T04:50:49.680+0000] {logging_mixin.py:190} INFO - [2024-09-01T04:50:49.679+0000] {dagbag.py:587} INFO - Filling up the DagBag from /home/ubuntu/airflow_snow/lib/python3.12/site-packages/airflow/example_dags/example_display_name.py
[2024-09-01T04:50:49.687+0000] {processor.py:925} INFO - DAG(s) 'example_display_name' retrieved from /home/ubuntu/airflow_snow/lib/python3.12/site-packages/airflow/example_dags/example_display_name.py
[2024-09-01T04:50:49.700+0000] {logging_mixin.py:190} INFO - [2024-09-01T04:50:49.700+0000] {dag.py:3211} INFO - Sync 1 DAGs
[2024-09-01T04:50:49.711+0000] {logging_mixin.py:190} INFO - [2024-09-01T04:50:49.711+0000] {dag.py:4138} INFO - Setting next_dagrun for example_display_name to None, run_after=None
[2024-09-01T04:50:49.734+0000] {processor.py:208} INFO - Processing /home/ubuntu/airflow_snow/lib/python3.12/site-packages/airflow/example_dags/example_display_name.py took 0.064 seconds
[2024-09-01T04:51:38.685+0000] {processor.py:186} INFO - Started process (PID=3598) to work on /home/ubuntu/airflow_snow/lib/python3.12/site-packages/airflow/example_dags/example_display_name.py
[2024-09-01T04:51:38.687+0000] {processor.py:914} INFO - Processing file /home/ubuntu/airflow_snow/lib/python3.12/site-packages/airflow/example_dags/example_display_name.py for tasks to queue
[2024-09-01T04:51:38.689+0000] {logging_mixin.py:190} INFO - [2024-09-01T04:51:38.688+0000] {dagbag.py:587} INFO - Filling up the DagBag from /home/ubuntu/airflow_snow/lib/python3.12/site-packages/airflow/example_dags/example_display_name.py
[2024-09-01T04:51:38.696+0000] {processor.py:925} INFO - DAG(s) 'example_display_name' retrieved from /home/ubuntu/airflow_snow/lib/python3.12/site-packages/airflow/example_dags/example_display_name.py
[2024-09-01T04:51:38.710+0000] {logging_mixin.py:190} INFO - [2024-09-01T04:51:38.710+0000] {dag.py:3211} INFO - Sync 1 DAGs
[2024-09-01T04:51:38.720+0000] {logging_mixin.py:190} INFO - [2024-09-01T04:51:38.720+0000] {dag.py:4138} INFO - Setting next_dagrun for example_display_name to None, run_after=None
[2024-09-01T04:51:38.744+0000] {processor.py:208} INFO - Processing /home/ubuntu/airflow_snow/lib/python3.12/site-packages/airflow/example_dags/example_display_name.py took 0.065 seconds
[2024-09-01T04:52:29.151+0000] {processor.py:186} INFO - Started process (PID=3650) to work on /home/ubuntu/airflow_snow/lib/python3.12/site-packages/airflow/example_dags/example_display_name.py
[2024-09-01T04:52:29.154+0000] {processor.py:914} INFO - Processing file /home/ubuntu/airflow_snow/lib/python3.12/site-packages/airflow/example_dags/example_display_name.py for tasks to queue
[2024-09-01T04:52:29.156+0000] {logging_mixin.py:190} INFO - [2024-09-01T04:52:29.155+0000] {dagbag.py:587} INFO - Filling up the DagBag from /home/ubuntu/airflow_snow/lib/python3.12/site-packages/airflow/example_dags/example_display_name.py
[2024-09-01T04:52:29.163+0000] {processor.py:925} INFO - DAG(s) 'example_display_name' retrieved from /home/ubuntu/airflow_snow/lib/python3.12/site-packages/airflow/example_dags/example_display_name.py
[2024-09-01T04:52:29.177+0000] {logging_mixin.py:190} INFO - [2024-09-01T04:52:29.177+0000] {dag.py:3211} INFO - Sync 1 DAGs
[2024-09-01T04:52:29.188+0000] {logging_mixin.py:190} INFO - [2024-09-01T04:52:29.188+0000] {dag.py:4138} INFO - Setting next_dagrun for example_display_name to None, run_after=None
[2024-09-01T04:52:29.210+0000] {processor.py:208} INFO - Processing /home/ubuntu/airflow_snow/lib/python3.12/site-packages/airflow/example_dags/example_display_name.py took 0.064 seconds
