[2024-09-01T04:29:15.719+0000] {processor.py:186} INFO - Started process (PID=2188) to work on /home/ubuntu/airflow_snow/lib/python3.12/site-packages/airflow/example_dags/example_kubernetes_executor.py
[2024-09-01T04:29:15.721+0000] {processor.py:914} INFO - Processing file /home/ubuntu/airflow_snow/lib/python3.12/site-packages/airflow/example_dags/example_kubernetes_executor.py for tasks to queue
[2024-09-01T04:29:15.722+0000] {logging_mixin.py:190} INFO - [2024-09-01T04:29:15.722+0000] {dagbag.py:587} INFO - Filling up the DagBag from /home/ubuntu/airflow_snow/lib/python3.12/site-packages/airflow/example_dags/example_kubernetes_executor.py
[2024-09-01T04:29:15.725+0000] {logging_mixin.py:190} INFO - [2024-09-01T04:29:15.725+0000] {example_kubernetes_executor.py:39} WARNING - The example_kubernetes_executor example DAG requires the kubernetes provider. Please install it with: pip install apache-airflow[cncf.kubernetes]
[2024-09-01T04:29:15.726+0000] {processor.py:927} WARNING - No viable dags retrieved from /home/ubuntu/airflow_snow/lib/python3.12/site-packages/airflow/example_dags/example_kubernetes_executor.py
[2024-09-01T04:29:15.735+0000] {processor.py:208} INFO - Processing /home/ubuntu/airflow_snow/lib/python3.12/site-packages/airflow/example_dags/example_kubernetes_executor.py took 0.020 seconds
[2024-09-01T04:30:13.592+0000] {processor.py:186} INFO - Started process (PID=2246) to work on /home/ubuntu/airflow_snow/lib/python3.12/site-packages/airflow/example_dags/example_kubernetes_executor.py
[2024-09-01T04:30:13.597+0000] {processor.py:914} INFO - Processing file /home/ubuntu/airflow_snow/lib/python3.12/site-packages/airflow/example_dags/example_kubernetes_executor.py for tasks to queue
[2024-09-01T04:30:13.598+0000] {logging_mixin.py:190} INFO - [2024-09-01T04:30:13.598+0000] {dagbag.py:587} INFO - Filling up the DagBag from /home/ubuntu/airflow_snow/lib/python3.12/site-packages/airflow/example_dags/example_kubernetes_executor.py
[2024-09-01T04:30:13.600+0000] {logging_mixin.py:190} INFO - [2024-09-01T04:30:13.600+0000] {example_kubernetes_executor.py:39} WARNING - The example_kubernetes_executor example DAG requires the kubernetes provider. Please install it with: pip install apache-airflow[cncf.kubernetes]
[2024-09-01T04:30:13.601+0000] {processor.py:927} WARNING - No viable dags retrieved from /home/ubuntu/airflow_snow/lib/python3.12/site-packages/airflow/example_dags/example_kubernetes_executor.py
[2024-09-01T04:30:13.610+0000] {processor.py:208} INFO - Processing /home/ubuntu/airflow_snow/lib/python3.12/site-packages/airflow/example_dags/example_kubernetes_executor.py took 0.023 seconds
[2024-09-01T04:31:08.927+0000] {processor.py:186} INFO - Started process (PID=2307) to work on /home/ubuntu/airflow_snow/lib/python3.12/site-packages/airflow/example_dags/example_kubernetes_executor.py
[2024-09-01T04:31:08.929+0000] {processor.py:914} INFO - Processing file /home/ubuntu/airflow_snow/lib/python3.12/site-packages/airflow/example_dags/example_kubernetes_executor.py for tasks to queue
[2024-09-01T04:31:08.931+0000] {logging_mixin.py:190} INFO - [2024-09-01T04:31:08.931+0000] {dagbag.py:587} INFO - Filling up the DagBag from /home/ubuntu/airflow_snow/lib/python3.12/site-packages/airflow/example_dags/example_kubernetes_executor.py
[2024-09-01T04:31:08.934+0000] {logging_mixin.py:190} INFO - [2024-09-01T04:31:08.933+0000] {example_kubernetes_executor.py:39} WARNING - The example_kubernetes_executor example DAG requires the kubernetes provider. Please install it with: pip install apache-airflow[cncf.kubernetes]
[2024-09-01T04:31:08.934+0000] {processor.py:927} WARNING - No viable dags retrieved from /home/ubuntu/airflow_snow/lib/python3.12/site-packages/airflow/example_dags/example_kubernetes_executor.py
[2024-09-01T04:31:08.943+0000] {processor.py:208} INFO - Processing /home/ubuntu/airflow_snow/lib/python3.12/site-packages/airflow/example_dags/example_kubernetes_executor.py took 0.021 seconds
[2024-09-01T04:32:20.042+0000] {processor.py:186} INFO - Started process (PID=2382) to work on /home/ubuntu/airflow_snow/lib/python3.12/site-packages/airflow/example_dags/example_kubernetes_executor.py
[2024-09-01T04:32:20.044+0000] {processor.py:914} INFO - Processing file /home/ubuntu/airflow_snow/lib/python3.12/site-packages/airflow/example_dags/example_kubernetes_executor.py for tasks to queue
[2024-09-01T04:32:20.046+0000] {logging_mixin.py:190} INFO - [2024-09-01T04:32:20.046+0000] {dagbag.py:587} INFO - Filling up the DagBag from /home/ubuntu/airflow_snow/lib/python3.12/site-packages/airflow/example_dags/example_kubernetes_executor.py
[2024-09-01T04:32:20.049+0000] {logging_mixin.py:190} INFO - [2024-09-01T04:32:20.048+0000] {example_kubernetes_executor.py:39} WARNING - The example_kubernetes_executor example DAG requires the kubernetes provider. Please install it with: pip install apache-airflow[cncf.kubernetes]
[2024-09-01T04:32:20.049+0000] {processor.py:927} WARNING - No viable dags retrieved from /home/ubuntu/airflow_snow/lib/python3.12/site-packages/airflow/example_dags/example_kubernetes_executor.py
[2024-09-01T04:32:20.059+0000] {processor.py:208} INFO - Processing /home/ubuntu/airflow_snow/lib/python3.12/site-packages/airflow/example_dags/example_kubernetes_executor.py took 0.021 seconds
[2024-09-01T04:33:15.418+0000] {processor.py:186} INFO - Started process (PID=2438) to work on /home/ubuntu/airflow_snow/lib/python3.12/site-packages/airflow/example_dags/example_kubernetes_executor.py
[2024-09-01T04:33:15.420+0000] {processor.py:914} INFO - Processing file /home/ubuntu/airflow_snow/lib/python3.12/site-packages/airflow/example_dags/example_kubernetes_executor.py for tasks to queue
[2024-09-01T04:33:15.422+0000] {logging_mixin.py:190} INFO - [2024-09-01T04:33:15.422+0000] {dagbag.py:587} INFO - Filling up the DagBag from /home/ubuntu/airflow_snow/lib/python3.12/site-packages/airflow/example_dags/example_kubernetes_executor.py
[2024-09-01T04:33:15.425+0000] {logging_mixin.py:190} INFO - [2024-09-01T04:33:15.425+0000] {example_kubernetes_executor.py:39} WARNING - The example_kubernetes_executor example DAG requires the kubernetes provider. Please install it with: pip install apache-airflow[cncf.kubernetes]
[2024-09-01T04:33:15.425+0000] {processor.py:927} WARNING - No viable dags retrieved from /home/ubuntu/airflow_snow/lib/python3.12/site-packages/airflow/example_dags/example_kubernetes_executor.py
[2024-09-01T04:33:15.434+0000] {processor.py:208} INFO - Processing /home/ubuntu/airflow_snow/lib/python3.12/site-packages/airflow/example_dags/example_kubernetes_executor.py took 0.022 seconds
[2024-09-01T04:34:27.679+0000] {processor.py:186} INFO - Started process (PID=2514) to work on /home/ubuntu/airflow_snow/lib/python3.12/site-packages/airflow/example_dags/example_kubernetes_executor.py
[2024-09-01T04:34:27.681+0000] {processor.py:914} INFO - Processing file /home/ubuntu/airflow_snow/lib/python3.12/site-packages/airflow/example_dags/example_kubernetes_executor.py for tasks to queue
[2024-09-01T04:34:27.682+0000] {logging_mixin.py:190} INFO - [2024-09-01T04:34:27.682+0000] {dagbag.py:587} INFO - Filling up the DagBag from /home/ubuntu/airflow_snow/lib/python3.12/site-packages/airflow/example_dags/example_kubernetes_executor.py
[2024-09-01T04:34:27.685+0000] {logging_mixin.py:190} INFO - [2024-09-01T04:34:27.685+0000] {example_kubernetes_executor.py:39} WARNING - The example_kubernetes_executor example DAG requires the kubernetes provider. Please install it with: pip install apache-airflow[cncf.kubernetes]
[2024-09-01T04:34:27.685+0000] {processor.py:927} WARNING - No viable dags retrieved from /home/ubuntu/airflow_snow/lib/python3.12/site-packages/airflow/example_dags/example_kubernetes_executor.py
[2024-09-01T04:34:27.694+0000] {processor.py:208} INFO - Processing /home/ubuntu/airflow_snow/lib/python3.12/site-packages/airflow/example_dags/example_kubernetes_executor.py took 0.020 seconds
[2024-09-01T04:35:40.172+0000] {processor.py:186} INFO - Started process (PID=2593) to work on /home/ubuntu/airflow_snow/lib/python3.12/site-packages/airflow/example_dags/example_kubernetes_executor.py
[2024-09-01T04:35:40.174+0000] {processor.py:914} INFO - Processing file /home/ubuntu/airflow_snow/lib/python3.12/site-packages/airflow/example_dags/example_kubernetes_executor.py for tasks to queue
[2024-09-01T04:35:40.176+0000] {logging_mixin.py:190} INFO - [2024-09-01T04:35:40.176+0000] {dagbag.py:587} INFO - Filling up the DagBag from /home/ubuntu/airflow_snow/lib/python3.12/site-packages/airflow/example_dags/example_kubernetes_executor.py
[2024-09-01T04:35:40.178+0000] {logging_mixin.py:190} INFO - [2024-09-01T04:35:40.178+0000] {example_kubernetes_executor.py:39} WARNING - The example_kubernetes_executor example DAG requires the kubernetes provider. Please install it with: pip install apache-airflow[cncf.kubernetes]
[2024-09-01T04:35:40.178+0000] {processor.py:927} WARNING - No viable dags retrieved from /home/ubuntu/airflow_snow/lib/python3.12/site-packages/airflow/example_dags/example_kubernetes_executor.py
[2024-09-01T04:35:40.188+0000] {processor.py:208} INFO - Processing /home/ubuntu/airflow_snow/lib/python3.12/site-packages/airflow/example_dags/example_kubernetes_executor.py took 0.021 seconds
[2024-09-01T04:36:34.027+0000] {processor.py:186} INFO - Started process (PID=2646) to work on /home/ubuntu/airflow_snow/lib/python3.12/site-packages/airflow/example_dags/example_kubernetes_executor.py
[2024-09-01T04:36:34.030+0000] {processor.py:914} INFO - Processing file /home/ubuntu/airflow_snow/lib/python3.12/site-packages/airflow/example_dags/example_kubernetes_executor.py for tasks to queue
[2024-09-01T04:36:34.032+0000] {logging_mixin.py:190} INFO - [2024-09-01T04:36:34.032+0000] {dagbag.py:587} INFO - Filling up the DagBag from /home/ubuntu/airflow_snow/lib/python3.12/site-packages/airflow/example_dags/example_kubernetes_executor.py
[2024-09-01T04:36:34.034+0000] {logging_mixin.py:190} INFO - [2024-09-01T04:36:34.034+0000] {example_kubernetes_executor.py:39} WARNING - The example_kubernetes_executor example DAG requires the kubernetes provider. Please install it with: pip install apache-airflow[cncf.kubernetes]
[2024-09-01T04:36:34.035+0000] {processor.py:927} WARNING - No viable dags retrieved from /home/ubuntu/airflow_snow/lib/python3.12/site-packages/airflow/example_dags/example_kubernetes_executor.py
[2024-09-01T04:36:34.045+0000] {processor.py:208} INFO - Processing /home/ubuntu/airflow_snow/lib/python3.12/site-packages/airflow/example_dags/example_kubernetes_executor.py took 0.023 seconds
[2024-09-01T04:37:26.302+0000] {processor.py:186} INFO - Started process (PID=2700) to work on /home/ubuntu/airflow_snow/lib/python3.12/site-packages/airflow/example_dags/example_kubernetes_executor.py
[2024-09-01T04:37:26.304+0000] {processor.py:914} INFO - Processing file /home/ubuntu/airflow_snow/lib/python3.12/site-packages/airflow/example_dags/example_kubernetes_executor.py for tasks to queue
[2024-09-01T04:37:26.306+0000] {logging_mixin.py:190} INFO - [2024-09-01T04:37:26.306+0000] {dagbag.py:587} INFO - Filling up the DagBag from /home/ubuntu/airflow_snow/lib/python3.12/site-packages/airflow/example_dags/example_kubernetes_executor.py
[2024-09-01T04:37:26.309+0000] {logging_mixin.py:190} INFO - [2024-09-01T04:37:26.309+0000] {example_kubernetes_executor.py:39} WARNING - The example_kubernetes_executor example DAG requires the kubernetes provider. Please install it with: pip install apache-airflow[cncf.kubernetes]
[2024-09-01T04:37:26.310+0000] {processor.py:927} WARNING - No viable dags retrieved from /home/ubuntu/airflow_snow/lib/python3.12/site-packages/airflow/example_dags/example_kubernetes_executor.py
[2024-09-01T04:37:26.318+0000] {processor.py:208} INFO - Processing /home/ubuntu/airflow_snow/lib/python3.12/site-packages/airflow/example_dags/example_kubernetes_executor.py took 0.021 seconds
[2024-09-01T04:38:41.399+0000] {processor.py:186} INFO - Started process (PID=2776) to work on /home/ubuntu/airflow_snow/lib/python3.12/site-packages/airflow/example_dags/example_kubernetes_executor.py
[2024-09-01T04:38:41.401+0000] {processor.py:914} INFO - Processing file /home/ubuntu/airflow_snow/lib/python3.12/site-packages/airflow/example_dags/example_kubernetes_executor.py for tasks to queue
[2024-09-01T04:38:41.403+0000] {logging_mixin.py:190} INFO - [2024-09-01T04:38:41.402+0000] {dagbag.py:587} INFO - Filling up the DagBag from /home/ubuntu/airflow_snow/lib/python3.12/site-packages/airflow/example_dags/example_kubernetes_executor.py
[2024-09-01T04:38:41.405+0000] {logging_mixin.py:190} INFO - [2024-09-01T04:38:41.405+0000] {example_kubernetes_executor.py:39} WARNING - The example_kubernetes_executor example DAG requires the kubernetes provider. Please install it with: pip install apache-airflow[cncf.kubernetes]
[2024-09-01T04:38:41.406+0000] {processor.py:927} WARNING - No viable dags retrieved from /home/ubuntu/airflow_snow/lib/python3.12/site-packages/airflow/example_dags/example_kubernetes_executor.py
[2024-09-01T04:38:41.414+0000] {processor.py:208} INFO - Processing /home/ubuntu/airflow_snow/lib/python3.12/site-packages/airflow/example_dags/example_kubernetes_executor.py took 0.021 seconds
[2024-09-01T04:39:58.410+0000] {processor.py:186} INFO - Started process (PID=2854) to work on /home/ubuntu/airflow_snow/lib/python3.12/site-packages/airflow/example_dags/example_kubernetes_executor.py
[2024-09-01T04:39:58.412+0000] {processor.py:914} INFO - Processing file /home/ubuntu/airflow_snow/lib/python3.12/site-packages/airflow/example_dags/example_kubernetes_executor.py for tasks to queue
[2024-09-01T04:39:58.413+0000] {logging_mixin.py:190} INFO - [2024-09-01T04:39:58.413+0000] {dagbag.py:587} INFO - Filling up the DagBag from /home/ubuntu/airflow_snow/lib/python3.12/site-packages/airflow/example_dags/example_kubernetes_executor.py
[2024-09-01T04:39:58.415+0000] {logging_mixin.py:190} INFO - [2024-09-01T04:39:58.415+0000] {example_kubernetes_executor.py:39} WARNING - The example_kubernetes_executor example DAG requires the kubernetes provider. Please install it with: pip install apache-airflow[cncf.kubernetes]
[2024-09-01T04:39:58.415+0000] {processor.py:927} WARNING - No viable dags retrieved from /home/ubuntu/airflow_snow/lib/python3.12/site-packages/airflow/example_dags/example_kubernetes_executor.py
[2024-09-01T04:39:58.426+0000] {processor.py:208} INFO - Processing /home/ubuntu/airflow_snow/lib/python3.12/site-packages/airflow/example_dags/example_kubernetes_executor.py took 0.022 seconds
[2024-09-01T04:41:15.975+0000] {processor.py:186} INFO - Started process (PID=2937) to work on /home/ubuntu/airflow_snow/lib/python3.12/site-packages/airflow/example_dags/example_kubernetes_executor.py
[2024-09-01T04:41:15.977+0000] {processor.py:914} INFO - Processing file /home/ubuntu/airflow_snow/lib/python3.12/site-packages/airflow/example_dags/example_kubernetes_executor.py for tasks to queue
[2024-09-01T04:41:15.979+0000] {logging_mixin.py:190} INFO - [2024-09-01T04:41:15.979+0000] {dagbag.py:587} INFO - Filling up the DagBag from /home/ubuntu/airflow_snow/lib/python3.12/site-packages/airflow/example_dags/example_kubernetes_executor.py
[2024-09-01T04:41:15.982+0000] {logging_mixin.py:190} INFO - [2024-09-01T04:41:15.982+0000] {example_kubernetes_executor.py:39} WARNING - The example_kubernetes_executor example DAG requires the kubernetes provider. Please install it with: pip install apache-airflow[cncf.kubernetes]
[2024-09-01T04:41:15.982+0000] {processor.py:927} WARNING - No viable dags retrieved from /home/ubuntu/airflow_snow/lib/python3.12/site-packages/airflow/example_dags/example_kubernetes_executor.py
[2024-09-01T04:41:15.991+0000] {processor.py:208} INFO - Processing /home/ubuntu/airflow_snow/lib/python3.12/site-packages/airflow/example_dags/example_kubernetes_executor.py took 0.021 seconds
[2024-09-01T04:42:30.351+0000] {processor.py:186} INFO - Started process (PID=3013) to work on /home/ubuntu/airflow_snow/lib/python3.12/site-packages/airflow/example_dags/example_kubernetes_executor.py
[2024-09-01T04:42:30.354+0000] {processor.py:914} INFO - Processing file /home/ubuntu/airflow_snow/lib/python3.12/site-packages/airflow/example_dags/example_kubernetes_executor.py for tasks to queue
[2024-09-01T04:42:30.356+0000] {logging_mixin.py:190} INFO - [2024-09-01T04:42:30.355+0000] {dagbag.py:587} INFO - Filling up the DagBag from /home/ubuntu/airflow_snow/lib/python3.12/site-packages/airflow/example_dags/example_kubernetes_executor.py
[2024-09-01T04:42:30.359+0000] {logging_mixin.py:190} INFO - [2024-09-01T04:42:30.359+0000] {example_kubernetes_executor.py:39} WARNING - The example_kubernetes_executor example DAG requires the kubernetes provider. Please install it with: pip install apache-airflow[cncf.kubernetes]
[2024-09-01T04:42:30.359+0000] {processor.py:927} WARNING - No viable dags retrieved from /home/ubuntu/airflow_snow/lib/python3.12/site-packages/airflow/example_dags/example_kubernetes_executor.py
[2024-09-01T04:42:30.367+0000] {processor.py:208} INFO - Processing /home/ubuntu/airflow_snow/lib/python3.12/site-packages/airflow/example_dags/example_kubernetes_executor.py took 0.021 seconds
[2024-09-01T04:43:43.253+0000] {processor.py:186} INFO - Started process (PID=3088) to work on /home/ubuntu/airflow_snow/lib/python3.12/site-packages/airflow/example_dags/example_kubernetes_executor.py
[2024-09-01T04:43:43.255+0000] {processor.py:914} INFO - Processing file /home/ubuntu/airflow_snow/lib/python3.12/site-packages/airflow/example_dags/example_kubernetes_executor.py for tasks to queue
[2024-09-01T04:43:43.257+0000] {logging_mixin.py:190} INFO - [2024-09-01T04:43:43.257+0000] {dagbag.py:587} INFO - Filling up the DagBag from /home/ubuntu/airflow_snow/lib/python3.12/site-packages/airflow/example_dags/example_kubernetes_executor.py
[2024-09-01T04:43:43.260+0000] {logging_mixin.py:190} INFO - [2024-09-01T04:43:43.260+0000] {example_kubernetes_executor.py:39} WARNING - The example_kubernetes_executor example DAG requires the kubernetes provider. Please install it with: pip install apache-airflow[cncf.kubernetes]
[2024-09-01T04:43:43.261+0000] {processor.py:927} WARNING - No viable dags retrieved from /home/ubuntu/airflow_snow/lib/python3.12/site-packages/airflow/example_dags/example_kubernetes_executor.py
[2024-09-01T04:43:43.269+0000] {processor.py:208} INFO - Processing /home/ubuntu/airflow_snow/lib/python3.12/site-packages/airflow/example_dags/example_kubernetes_executor.py took 0.021 seconds
[2024-09-01T04:44:33.078+0000] {processor.py:186} INFO - Started process (PID=3143) to work on /home/ubuntu/airflow_snow/lib/python3.12/site-packages/airflow/example_dags/example_kubernetes_executor.py
[2024-09-01T04:44:33.081+0000] {processor.py:914} INFO - Processing file /home/ubuntu/airflow_snow/lib/python3.12/site-packages/airflow/example_dags/example_kubernetes_executor.py for tasks to queue
[2024-09-01T04:44:33.082+0000] {logging_mixin.py:190} INFO - [2024-09-01T04:44:33.082+0000] {dagbag.py:587} INFO - Filling up the DagBag from /home/ubuntu/airflow_snow/lib/python3.12/site-packages/airflow/example_dags/example_kubernetes_executor.py
[2024-09-01T04:44:33.085+0000] {logging_mixin.py:190} INFO - [2024-09-01T04:44:33.085+0000] {example_kubernetes_executor.py:39} WARNING - The example_kubernetes_executor example DAG requires the kubernetes provider. Please install it with: pip install apache-airflow[cncf.kubernetes]
[2024-09-01T04:44:33.086+0000] {processor.py:927} WARNING - No viable dags retrieved from /home/ubuntu/airflow_snow/lib/python3.12/site-packages/airflow/example_dags/example_kubernetes_executor.py
[2024-09-01T04:44:33.094+0000] {processor.py:208} INFO - Processing /home/ubuntu/airflow_snow/lib/python3.12/site-packages/airflow/example_dags/example_kubernetes_executor.py took 0.021 seconds
[2024-09-01T04:45:42.799+0000] {processor.py:186} INFO - Started process (PID=3221) to work on /home/ubuntu/airflow_snow/lib/python3.12/site-packages/airflow/example_dags/example_kubernetes_executor.py
[2024-09-01T04:45:42.801+0000] {processor.py:914} INFO - Processing file /home/ubuntu/airflow_snow/lib/python3.12/site-packages/airflow/example_dags/example_kubernetes_executor.py for tasks to queue
[2024-09-01T04:45:42.803+0000] {logging_mixin.py:190} INFO - [2024-09-01T04:45:42.802+0000] {dagbag.py:587} INFO - Filling up the DagBag from /home/ubuntu/airflow_snow/lib/python3.12/site-packages/airflow/example_dags/example_kubernetes_executor.py
[2024-09-01T04:45:42.806+0000] {logging_mixin.py:190} INFO - [2024-09-01T04:45:42.806+0000] {example_kubernetes_executor.py:39} WARNING - The example_kubernetes_executor example DAG requires the kubernetes provider. Please install it with: pip install apache-airflow[cncf.kubernetes]
[2024-09-01T04:45:42.806+0000] {processor.py:927} WARNING - No viable dags retrieved from /home/ubuntu/airflow_snow/lib/python3.12/site-packages/airflow/example_dags/example_kubernetes_executor.py
[2024-09-01T04:45:42.815+0000] {processor.py:208} INFO - Processing /home/ubuntu/airflow_snow/lib/python3.12/site-packages/airflow/example_dags/example_kubernetes_executor.py took 0.021 seconds
[2024-09-01T04:46:33.490+0000] {processor.py:186} INFO - Started process (PID=3274) to work on /home/ubuntu/airflow_snow/lib/python3.12/site-packages/airflow/example_dags/example_kubernetes_executor.py
[2024-09-01T04:46:33.492+0000] {processor.py:914} INFO - Processing file /home/ubuntu/airflow_snow/lib/python3.12/site-packages/airflow/example_dags/example_kubernetes_executor.py for tasks to queue
[2024-09-01T04:46:33.494+0000] {logging_mixin.py:190} INFO - [2024-09-01T04:46:33.494+0000] {dagbag.py:587} INFO - Filling up the DagBag from /home/ubuntu/airflow_snow/lib/python3.12/site-packages/airflow/example_dags/example_kubernetes_executor.py
[2024-09-01T04:46:33.497+0000] {logging_mixin.py:190} INFO - [2024-09-01T04:46:33.497+0000] {example_kubernetes_executor.py:39} WARNING - The example_kubernetes_executor example DAG requires the kubernetes provider. Please install it with: pip install apache-airflow[cncf.kubernetes]
[2024-09-01T04:46:33.497+0000] {processor.py:927} WARNING - No viable dags retrieved from /home/ubuntu/airflow_snow/lib/python3.12/site-packages/airflow/example_dags/example_kubernetes_executor.py
[2024-09-01T04:46:33.506+0000] {processor.py:208} INFO - Processing /home/ubuntu/airflow_snow/lib/python3.12/site-packages/airflow/example_dags/example_kubernetes_executor.py took 0.021 seconds
[2024-09-01T04:47:45.563+0000] {processor.py:186} INFO - Started process (PID=3349) to work on /home/ubuntu/airflow_snow/lib/python3.12/site-packages/airflow/example_dags/example_kubernetes_executor.py
[2024-09-01T04:47:45.566+0000] {processor.py:914} INFO - Processing file /home/ubuntu/airflow_snow/lib/python3.12/site-packages/airflow/example_dags/example_kubernetes_executor.py for tasks to queue
[2024-09-01T04:47:45.567+0000] {logging_mixin.py:190} INFO - [2024-09-01T04:47:45.567+0000] {dagbag.py:587} INFO - Filling up the DagBag from /home/ubuntu/airflow_snow/lib/python3.12/site-packages/airflow/example_dags/example_kubernetes_executor.py
[2024-09-01T04:47:45.569+0000] {logging_mixin.py:190} INFO - [2024-09-01T04:47:45.569+0000] {example_kubernetes_executor.py:39} WARNING - The example_kubernetes_executor example DAG requires the kubernetes provider. Please install it with: pip install apache-airflow[cncf.kubernetes]
[2024-09-01T04:47:45.570+0000] {processor.py:927} WARNING - No viable dags retrieved from /home/ubuntu/airflow_snow/lib/python3.12/site-packages/airflow/example_dags/example_kubernetes_executor.py
[2024-09-01T04:47:45.579+0000] {processor.py:208} INFO - Processing /home/ubuntu/airflow_snow/lib/python3.12/site-packages/airflow/example_dags/example_kubernetes_executor.py took 0.021 seconds
[2024-09-01T04:48:58.731+0000] {processor.py:186} INFO - Started process (PID=3424) to work on /home/ubuntu/airflow_snow/lib/python3.12/site-packages/airflow/example_dags/example_kubernetes_executor.py
[2024-09-01T04:48:58.734+0000] {processor.py:914} INFO - Processing file /home/ubuntu/airflow_snow/lib/python3.12/site-packages/airflow/example_dags/example_kubernetes_executor.py for tasks to queue
[2024-09-01T04:48:58.735+0000] {logging_mixin.py:190} INFO - [2024-09-01T04:48:58.735+0000] {dagbag.py:587} INFO - Filling up the DagBag from /home/ubuntu/airflow_snow/lib/python3.12/site-packages/airflow/example_dags/example_kubernetes_executor.py
[2024-09-01T04:48:58.738+0000] {logging_mixin.py:190} INFO - [2024-09-01T04:48:58.738+0000] {example_kubernetes_executor.py:39} WARNING - The example_kubernetes_executor example DAG requires the kubernetes provider. Please install it with: pip install apache-airflow[cncf.kubernetes]
[2024-09-01T04:48:58.738+0000] {processor.py:927} WARNING - No viable dags retrieved from /home/ubuntu/airflow_snow/lib/python3.12/site-packages/airflow/example_dags/example_kubernetes_executor.py
[2024-09-01T04:48:58.747+0000] {processor.py:208} INFO - Processing /home/ubuntu/airflow_snow/lib/python3.12/site-packages/airflow/example_dags/example_kubernetes_executor.py took 0.022 seconds
[2024-09-01T04:50:08.380+0000] {processor.py:186} INFO - Started process (PID=3498) to work on /home/ubuntu/airflow_snow/lib/python3.12/site-packages/airflow/example_dags/example_kubernetes_executor.py
[2024-09-01T04:50:08.383+0000] {processor.py:914} INFO - Processing file /home/ubuntu/airflow_snow/lib/python3.12/site-packages/airflow/example_dags/example_kubernetes_executor.py for tasks to queue
[2024-09-01T04:50:08.385+0000] {logging_mixin.py:190} INFO - [2024-09-01T04:50:08.384+0000] {dagbag.py:587} INFO - Filling up the DagBag from /home/ubuntu/airflow_snow/lib/python3.12/site-packages/airflow/example_dags/example_kubernetes_executor.py
[2024-09-01T04:50:08.387+0000] {logging_mixin.py:190} INFO - [2024-09-01T04:50:08.387+0000] {example_kubernetes_executor.py:39} WARNING - The example_kubernetes_executor example DAG requires the kubernetes provider. Please install it with: pip install apache-airflow[cncf.kubernetes]
[2024-09-01T04:50:08.387+0000] {processor.py:927} WARNING - No viable dags retrieved from /home/ubuntu/airflow_snow/lib/python3.12/site-packages/airflow/example_dags/example_kubernetes_executor.py
[2024-09-01T04:50:08.397+0000] {processor.py:208} INFO - Processing /home/ubuntu/airflow_snow/lib/python3.12/site-packages/airflow/example_dags/example_kubernetes_executor.py took 0.023 seconds
[2024-09-01T04:51:18.090+0000] {processor.py:186} INFO - Started process (PID=3576) to work on /home/ubuntu/airflow_snow/lib/python3.12/site-packages/airflow/example_dags/example_kubernetes_executor.py
[2024-09-01T04:51:18.092+0000] {processor.py:914} INFO - Processing file /home/ubuntu/airflow_snow/lib/python3.12/site-packages/airflow/example_dags/example_kubernetes_executor.py for tasks to queue
[2024-09-01T04:51:18.094+0000] {logging_mixin.py:190} INFO - [2024-09-01T04:51:18.094+0000] {dagbag.py:587} INFO - Filling up the DagBag from /home/ubuntu/airflow_snow/lib/python3.12/site-packages/airflow/example_dags/example_kubernetes_executor.py
[2024-09-01T04:51:18.096+0000] {logging_mixin.py:190} INFO - [2024-09-01T04:51:18.096+0000] {example_kubernetes_executor.py:39} WARNING - The example_kubernetes_executor example DAG requires the kubernetes provider. Please install it with: pip install apache-airflow[cncf.kubernetes]
[2024-09-01T04:51:18.096+0000] {processor.py:927} WARNING - No viable dags retrieved from /home/ubuntu/airflow_snow/lib/python3.12/site-packages/airflow/example_dags/example_kubernetes_executor.py
[2024-09-01T04:51:18.106+0000] {processor.py:208} INFO - Processing /home/ubuntu/airflow_snow/lib/python3.12/site-packages/airflow/example_dags/example_kubernetes_executor.py took 0.021 seconds
[2024-09-01T04:52:32.143+0000] {processor.py:186} INFO - Started process (PID=3653) to work on /home/ubuntu/airflow_snow/lib/python3.12/site-packages/airflow/example_dags/example_kubernetes_executor.py
[2024-09-01T04:52:32.146+0000] {processor.py:914} INFO - Processing file /home/ubuntu/airflow_snow/lib/python3.12/site-packages/airflow/example_dags/example_kubernetes_executor.py for tasks to queue
[2024-09-01T04:52:32.148+0000] {logging_mixin.py:190} INFO - [2024-09-01T04:52:32.147+0000] {dagbag.py:587} INFO - Filling up the DagBag from /home/ubuntu/airflow_snow/lib/python3.12/site-packages/airflow/example_dags/example_kubernetes_executor.py
[2024-09-01T04:52:32.150+0000] {logging_mixin.py:190} INFO - [2024-09-01T04:52:32.150+0000] {example_kubernetes_executor.py:39} WARNING - The example_kubernetes_executor example DAG requires the kubernetes provider. Please install it with: pip install apache-airflow[cncf.kubernetes]
[2024-09-01T04:52:32.151+0000] {processor.py:927} WARNING - No viable dags retrieved from /home/ubuntu/airflow_snow/lib/python3.12/site-packages/airflow/example_dags/example_kubernetes_executor.py
[2024-09-01T04:52:32.162+0000] {processor.py:208} INFO - Processing /home/ubuntu/airflow_snow/lib/python3.12/site-packages/airflow/example_dags/example_kubernetes_executor.py took 0.023 seconds
