[2024-09-01T04:29:27.160+0000] {processor.py:186} INFO - Started process (PID=2198) to work on /home/ubuntu/airflow_snow/lib/python3.12/site-packages/airflow/example_dags/example_branch_python_dop_operator_3.py
[2024-09-01T04:29:27.161+0000] {processor.py:914} INFO - Processing file /home/ubuntu/airflow_snow/lib/python3.12/site-packages/airflow/example_dags/example_branch_python_dop_operator_3.py for tasks to queue
[2024-09-01T04:29:27.162+0000] {logging_mixin.py:190} INFO - [2024-09-01T04:29:27.162+0000] {dagbag.py:587} INFO - Filling up the DagBag from /home/ubuntu/airflow_snow/lib/python3.12/site-packages/airflow/example_dags/example_branch_python_dop_operator_3.py
[2024-09-01T04:29:27.170+0000] {processor.py:925} INFO - DAG(s) 'example_branch_dop_operator_v3' retrieved from /home/ubuntu/airflow_snow/lib/python3.12/site-packages/airflow/example_dags/example_branch_python_dop_operator_3.py
[2024-09-01T04:29:27.249+0000] {logging_mixin.py:190} INFO - [2024-09-01T04:29:27.249+0000] {override.py:1900} INFO - Created Permission View: can delete on DAG:example_branch_dop_operator_v3
[2024-09-01T04:29:27.263+0000] {logging_mixin.py:190} INFO - [2024-09-01T04:29:27.262+0000] {override.py:1900} INFO - Created Permission View: can read on DAG:example_branch_dop_operator_v3
[2024-09-01T04:29:27.272+0000] {logging_mixin.py:190} INFO - [2024-09-01T04:29:27.272+0000] {override.py:1900} INFO - Created Permission View: can edit on DAG:example_branch_dop_operator_v3
[2024-09-01T04:29:27.290+0000] {logging_mixin.py:190} INFO - [2024-09-01T04:29:27.290+0000] {override.py:1900} INFO - Created Permission View: menu access on DAG Run:example_branch_dop_operator_v3
[2024-09-01T04:29:27.301+0000] {logging_mixin.py:190} INFO - [2024-09-01T04:29:27.301+0000] {override.py:1900} INFO - Created Permission View: can create on DAG Run:example_branch_dop_operator_v3
[2024-09-01T04:29:27.311+0000] {logging_mixin.py:190} INFO - [2024-09-01T04:29:27.310+0000] {override.py:1900} INFO - Created Permission View: can read on DAG Run:example_branch_dop_operator_v3
[2024-09-01T04:29:27.321+0000] {logging_mixin.py:190} INFO - [2024-09-01T04:29:27.320+0000] {override.py:1900} INFO - Created Permission View: can delete on DAG Run:example_branch_dop_operator_v3
[2024-09-01T04:29:27.321+0000] {logging_mixin.py:190} INFO - [2024-09-01T04:29:27.321+0000] {dag.py:3211} INFO - Sync 1 DAGs
[2024-09-01T04:29:27.330+0000] {logging_mixin.py:190} INFO - [2024-09-01T04:29:27.330+0000] {dag.py:3234} INFO - Creating ORM DAG for example_branch_dop_operator_v3
[2024-09-01T04:29:27.338+0000] {logging_mixin.py:190} INFO - [2024-09-01T04:29:27.338+0000] {dag.py:4138} INFO - Setting next_dagrun for example_branch_dop_operator_v3 to 2024-09-01 04:28:00+00:00, run_after=2024-09-01 04:29:00+00:00
[2024-09-01T04:29:27.358+0000] {processor.py:208} INFO - Processing /home/ubuntu/airflow_snow/lib/python3.12/site-packages/airflow/example_dags/example_branch_python_dop_operator_3.py took 0.202 seconds
[2024-09-01T04:30:22.740+0000] {processor.py:186} INFO - Started process (PID=2256) to work on /home/ubuntu/airflow_snow/lib/python3.12/site-packages/airflow/example_dags/example_branch_python_dop_operator_3.py
[2024-09-01T04:30:22.745+0000] {processor.py:914} INFO - Processing file /home/ubuntu/airflow_snow/lib/python3.12/site-packages/airflow/example_dags/example_branch_python_dop_operator_3.py for tasks to queue
[2024-09-01T04:30:22.746+0000] {logging_mixin.py:190} INFO - [2024-09-01T04:30:22.746+0000] {dagbag.py:587} INFO - Filling up the DagBag from /home/ubuntu/airflow_snow/lib/python3.12/site-packages/airflow/example_dags/example_branch_python_dop_operator_3.py
[2024-09-01T04:30:22.756+0000] {processor.py:925} INFO - DAG(s) 'example_branch_dop_operator_v3' retrieved from /home/ubuntu/airflow_snow/lib/python3.12/site-packages/airflow/example_dags/example_branch_python_dop_operator_3.py
[2024-09-01T04:30:22.770+0000] {logging_mixin.py:190} INFO - [2024-09-01T04:30:22.770+0000] {dag.py:3211} INFO - Sync 1 DAGs
[2024-09-01T04:30:22.791+0000] {logging_mixin.py:190} INFO - [2024-09-01T04:30:22.791+0000] {dag.py:4138} INFO - Setting next_dagrun for example_branch_dop_operator_v3 to 2024-09-01 04:29:00+00:00, run_after=2024-09-01 04:30:00+00:00
[2024-09-01T04:30:22.816+0000] {processor.py:208} INFO - Processing /home/ubuntu/airflow_snow/lib/python3.12/site-packages/airflow/example_dags/example_branch_python_dop_operator_3.py took 0.081 seconds
[2024-09-01T04:31:36.659+0000] {processor.py:186} INFO - Started process (PID=2337) to work on /home/ubuntu/airflow_snow/lib/python3.12/site-packages/airflow/example_dags/example_branch_python_dop_operator_3.py
[2024-09-01T04:31:36.660+0000] {processor.py:914} INFO - Processing file /home/ubuntu/airflow_snow/lib/python3.12/site-packages/airflow/example_dags/example_branch_python_dop_operator_3.py for tasks to queue
[2024-09-01T04:31:36.662+0000] {logging_mixin.py:190} INFO - [2024-09-01T04:31:36.662+0000] {dagbag.py:587} INFO - Filling up the DagBag from /home/ubuntu/airflow_snow/lib/python3.12/site-packages/airflow/example_dags/example_branch_python_dop_operator_3.py
[2024-09-01T04:31:36.671+0000] {processor.py:925} INFO - DAG(s) 'example_branch_dop_operator_v3' retrieved from /home/ubuntu/airflow_snow/lib/python3.12/site-packages/airflow/example_dags/example_branch_python_dop_operator_3.py
[2024-09-01T04:31:36.686+0000] {logging_mixin.py:190} INFO - [2024-09-01T04:31:36.686+0000] {dag.py:3211} INFO - Sync 1 DAGs
[2024-09-01T04:31:36.707+0000] {logging_mixin.py:190} INFO - [2024-09-01T04:31:36.707+0000] {dag.py:4138} INFO - Setting next_dagrun for example_branch_dop_operator_v3 to 2024-09-01 04:30:00+00:00, run_after=2024-09-01 04:31:00+00:00
[2024-09-01T04:31:36.729+0000] {processor.py:208} INFO - Processing /home/ubuntu/airflow_snow/lib/python3.12/site-packages/airflow/example_dags/example_branch_python_dop_operator_3.py took 0.075 seconds
[2024-09-01T04:32:47.932+0000] {processor.py:186} INFO - Started process (PID=2411) to work on /home/ubuntu/airflow_snow/lib/python3.12/site-packages/airflow/example_dags/example_branch_python_dop_operator_3.py
[2024-09-01T04:32:47.936+0000] {processor.py:914} INFO - Processing file /home/ubuntu/airflow_snow/lib/python3.12/site-packages/airflow/example_dags/example_branch_python_dop_operator_3.py for tasks to queue
[2024-09-01T04:32:47.939+0000] {logging_mixin.py:190} INFO - [2024-09-01T04:32:47.938+0000] {dagbag.py:587} INFO - Filling up the DagBag from /home/ubuntu/airflow_snow/lib/python3.12/site-packages/airflow/example_dags/example_branch_python_dop_operator_3.py
[2024-09-01T04:32:47.948+0000] {processor.py:925} INFO - DAG(s) 'example_branch_dop_operator_v3' retrieved from /home/ubuntu/airflow_snow/lib/python3.12/site-packages/airflow/example_dags/example_branch_python_dop_operator_3.py
[2024-09-01T04:32:47.962+0000] {logging_mixin.py:190} INFO - [2024-09-01T04:32:47.962+0000] {dag.py:3211} INFO - Sync 1 DAGs
[2024-09-01T04:32:47.985+0000] {logging_mixin.py:190} INFO - [2024-09-01T04:32:47.985+0000] {dag.py:4138} INFO - Setting next_dagrun for example_branch_dop_operator_v3 to 2024-09-01 04:31:00+00:00, run_after=2024-09-01 04:32:00+00:00
[2024-09-01T04:32:48.007+0000] {processor.py:208} INFO - Processing /home/ubuntu/airflow_snow/lib/python3.12/site-packages/airflow/example_dags/example_branch_python_dop_operator_3.py took 0.080 seconds
[2024-09-01T04:34:05.015+0000] {processor.py:186} INFO - Started process (PID=2490) to work on /home/ubuntu/airflow_snow/lib/python3.12/site-packages/airflow/example_dags/example_branch_python_dop_operator_3.py
[2024-09-01T04:34:05.016+0000] {processor.py:914} INFO - Processing file /home/ubuntu/airflow_snow/lib/python3.12/site-packages/airflow/example_dags/example_branch_python_dop_operator_3.py for tasks to queue
[2024-09-01T04:34:05.018+0000] {logging_mixin.py:190} INFO - [2024-09-01T04:34:05.017+0000] {dagbag.py:587} INFO - Filling up the DagBag from /home/ubuntu/airflow_snow/lib/python3.12/site-packages/airflow/example_dags/example_branch_python_dop_operator_3.py
[2024-09-01T04:34:05.028+0000] {processor.py:925} INFO - DAG(s) 'example_branch_dop_operator_v3' retrieved from /home/ubuntu/airflow_snow/lib/python3.12/site-packages/airflow/example_dags/example_branch_python_dop_operator_3.py
[2024-09-01T04:34:05.042+0000] {logging_mixin.py:190} INFO - [2024-09-01T04:34:05.042+0000] {dag.py:3211} INFO - Sync 1 DAGs
[2024-09-01T04:34:05.063+0000] {logging_mixin.py:190} INFO - [2024-09-01T04:34:05.063+0000] {dag.py:4138} INFO - Setting next_dagrun for example_branch_dop_operator_v3 to 2024-09-01 04:33:00+00:00, run_after=2024-09-01 04:34:00+00:00
[2024-09-01T04:34:05.086+0000] {processor.py:208} INFO - Processing /home/ubuntu/airflow_snow/lib/python3.12/site-packages/airflow/example_dags/example_branch_python_dop_operator_3.py took 0.077 seconds
[2024-09-01T04:35:17.931+0000] {processor.py:186} INFO - Started process (PID=2570) to work on /home/ubuntu/airflow_snow/lib/python3.12/site-packages/airflow/example_dags/example_branch_python_dop_operator_3.py
[2024-09-01T04:35:17.934+0000] {processor.py:914} INFO - Processing file /home/ubuntu/airflow_snow/lib/python3.12/site-packages/airflow/example_dags/example_branch_python_dop_operator_3.py for tasks to queue
[2024-09-01T04:35:17.935+0000] {logging_mixin.py:190} INFO - [2024-09-01T04:35:17.935+0000] {dagbag.py:587} INFO - Filling up the DagBag from /home/ubuntu/airflow_snow/lib/python3.12/site-packages/airflow/example_dags/example_branch_python_dop_operator_3.py
[2024-09-01T04:35:17.945+0000] {processor.py:925} INFO - DAG(s) 'example_branch_dop_operator_v3' retrieved from /home/ubuntu/airflow_snow/lib/python3.12/site-packages/airflow/example_dags/example_branch_python_dop_operator_3.py
[2024-09-01T04:35:17.959+0000] {logging_mixin.py:190} INFO - [2024-09-01T04:35:17.959+0000] {dag.py:3211} INFO - Sync 1 DAGs
[2024-09-01T04:35:17.979+0000] {logging_mixin.py:190} INFO - [2024-09-01T04:35:17.979+0000] {dag.py:4138} INFO - Setting next_dagrun for example_branch_dop_operator_v3 to 2024-09-01 04:34:00+00:00, run_after=2024-09-01 04:35:00+00:00
[2024-09-01T04:35:18.002+0000] {processor.py:208} INFO - Processing /home/ubuntu/airflow_snow/lib/python3.12/site-packages/airflow/example_dags/example_branch_python_dop_operator_3.py took 0.076 seconds
[2024-09-01T04:36:35.727+0000] {processor.py:186} INFO - Started process (PID=2648) to work on /home/ubuntu/airflow_snow/lib/python3.12/site-packages/airflow/example_dags/example_branch_python_dop_operator_3.py
[2024-09-01T04:36:35.730+0000] {processor.py:914} INFO - Processing file /home/ubuntu/airflow_snow/lib/python3.12/site-packages/airflow/example_dags/example_branch_python_dop_operator_3.py for tasks to queue
[2024-09-01T04:36:35.731+0000] {logging_mixin.py:190} INFO - [2024-09-01T04:36:35.731+0000] {dagbag.py:587} INFO - Filling up the DagBag from /home/ubuntu/airflow_snow/lib/python3.12/site-packages/airflow/example_dags/example_branch_python_dop_operator_3.py
[2024-09-01T04:36:35.742+0000] {processor.py:925} INFO - DAG(s) 'example_branch_dop_operator_v3' retrieved from /home/ubuntu/airflow_snow/lib/python3.12/site-packages/airflow/example_dags/example_branch_python_dop_operator_3.py
[2024-09-01T04:36:35.755+0000] {logging_mixin.py:190} INFO - [2024-09-01T04:36:35.755+0000] {dag.py:3211} INFO - Sync 1 DAGs
[2024-09-01T04:36:35.775+0000] {logging_mixin.py:190} INFO - [2024-09-01T04:36:35.774+0000] {dag.py:4138} INFO - Setting next_dagrun for example_branch_dop_operator_v3 to 2024-09-01 04:35:00+00:00, run_after=2024-09-01 04:36:00+00:00
[2024-09-01T04:36:35.794+0000] {processor.py:208} INFO - Processing /home/ubuntu/airflow_snow/lib/python3.12/site-packages/airflow/example_dags/example_branch_python_dop_operator_3.py took 0.072 seconds
[2024-09-01T04:37:52.199+0000] {processor.py:186} INFO - Started process (PID=2726) to work on /home/ubuntu/airflow_snow/lib/python3.12/site-packages/airflow/example_dags/example_branch_python_dop_operator_3.py
[2024-09-01T04:37:52.201+0000] {processor.py:914} INFO - Processing file /home/ubuntu/airflow_snow/lib/python3.12/site-packages/airflow/example_dags/example_branch_python_dop_operator_3.py for tasks to queue
[2024-09-01T04:37:52.203+0000] {logging_mixin.py:190} INFO - [2024-09-01T04:37:52.202+0000] {dagbag.py:587} INFO - Filling up the DagBag from /home/ubuntu/airflow_snow/lib/python3.12/site-packages/airflow/example_dags/example_branch_python_dop_operator_3.py
[2024-09-01T04:37:52.212+0000] {processor.py:925} INFO - DAG(s) 'example_branch_dop_operator_v3' retrieved from /home/ubuntu/airflow_snow/lib/python3.12/site-packages/airflow/example_dags/example_branch_python_dop_operator_3.py
[2024-09-01T04:37:52.227+0000] {logging_mixin.py:190} INFO - [2024-09-01T04:37:52.227+0000] {dag.py:3211} INFO - Sync 1 DAGs
[2024-09-01T04:37:52.246+0000] {logging_mixin.py:190} INFO - [2024-09-01T04:37:52.246+0000] {dag.py:4138} INFO - Setting next_dagrun for example_branch_dop_operator_v3 to 2024-09-01 04:36:00+00:00, run_after=2024-09-01 04:37:00+00:00
[2024-09-01T04:37:52.268+0000] {processor.py:208} INFO - Processing /home/ubuntu/airflow_snow/lib/python3.12/site-packages/airflow/example_dags/example_branch_python_dop_operator_3.py took 0.073 seconds
[2024-09-01T04:39:08.897+0000] {processor.py:186} INFO - Started process (PID=2803) to work on /home/ubuntu/airflow_snow/lib/python3.12/site-packages/airflow/example_dags/example_branch_python_dop_operator_3.py
[2024-09-01T04:39:08.899+0000] {processor.py:914} INFO - Processing file /home/ubuntu/airflow_snow/lib/python3.12/site-packages/airflow/example_dags/example_branch_python_dop_operator_3.py for tasks to queue
[2024-09-01T04:39:08.902+0000] {logging_mixin.py:190} INFO - [2024-09-01T04:39:08.901+0000] {dagbag.py:587} INFO - Filling up the DagBag from /home/ubuntu/airflow_snow/lib/python3.12/site-packages/airflow/example_dags/example_branch_python_dop_operator_3.py
[2024-09-01T04:39:08.910+0000] {processor.py:925} INFO - DAG(s) 'example_branch_dop_operator_v3' retrieved from /home/ubuntu/airflow_snow/lib/python3.12/site-packages/airflow/example_dags/example_branch_python_dop_operator_3.py
[2024-09-01T04:39:08.925+0000] {logging_mixin.py:190} INFO - [2024-09-01T04:39:08.925+0000] {dag.py:3211} INFO - Sync 1 DAGs
[2024-09-01T04:39:08.945+0000] {logging_mixin.py:190} INFO - [2024-09-01T04:39:08.945+0000] {dag.py:4138} INFO - Setting next_dagrun for example_branch_dop_operator_v3 to 2024-09-01 04:38:00+00:00, run_after=2024-09-01 04:39:00+00:00
[2024-09-01T04:39:08.969+0000] {processor.py:208} INFO - Processing /home/ubuntu/airflow_snow/lib/python3.12/site-packages/airflow/example_dags/example_branch_python_dop_operator_3.py took 0.077 seconds
[2024-09-01T04:40:25.407+0000] {processor.py:186} INFO - Started process (PID=2882) to work on /home/ubuntu/airflow_snow/lib/python3.12/site-packages/airflow/example_dags/example_branch_python_dop_operator_3.py
[2024-09-01T04:40:25.410+0000] {processor.py:914} INFO - Processing file /home/ubuntu/airflow_snow/lib/python3.12/site-packages/airflow/example_dags/example_branch_python_dop_operator_3.py for tasks to queue
[2024-09-01T04:40:25.411+0000] {logging_mixin.py:190} INFO - [2024-09-01T04:40:25.411+0000] {dagbag.py:587} INFO - Filling up the DagBag from /home/ubuntu/airflow_snow/lib/python3.12/site-packages/airflow/example_dags/example_branch_python_dop_operator_3.py
[2024-09-01T04:40:25.421+0000] {processor.py:925} INFO - DAG(s) 'example_branch_dop_operator_v3' retrieved from /home/ubuntu/airflow_snow/lib/python3.12/site-packages/airflow/example_dags/example_branch_python_dop_operator_3.py
[2024-09-01T04:40:25.435+0000] {logging_mixin.py:190} INFO - [2024-09-01T04:40:25.435+0000] {dag.py:3211} INFO - Sync 1 DAGs
[2024-09-01T04:40:25.457+0000] {logging_mixin.py:190} INFO - [2024-09-01T04:40:25.456+0000] {dag.py:4138} INFO - Setting next_dagrun for example_branch_dop_operator_v3 to 2024-09-01 04:39:00+00:00, run_after=2024-09-01 04:40:00+00:00
[2024-09-01T04:40:25.568+0000] {processor.py:208} INFO - Processing /home/ubuntu/airflow_snow/lib/python3.12/site-packages/airflow/example_dags/example_branch_python_dop_operator_3.py took 0.165 seconds
[2024-09-01T04:41:42.865+0000] {processor.py:186} INFO - Started process (PID=2965) to work on /home/ubuntu/airflow_snow/lib/python3.12/site-packages/airflow/example_dags/example_branch_python_dop_operator_3.py
[2024-09-01T04:41:42.866+0000] {processor.py:914} INFO - Processing file /home/ubuntu/airflow_snow/lib/python3.12/site-packages/airflow/example_dags/example_branch_python_dop_operator_3.py for tasks to queue
[2024-09-01T04:41:42.869+0000] {logging_mixin.py:190} INFO - [2024-09-01T04:41:42.868+0000] {dagbag.py:587} INFO - Filling up the DagBag from /home/ubuntu/airflow_snow/lib/python3.12/site-packages/airflow/example_dags/example_branch_python_dop_operator_3.py
[2024-09-01T04:41:42.878+0000] {processor.py:925} INFO - DAG(s) 'example_branch_dop_operator_v3' retrieved from /home/ubuntu/airflow_snow/lib/python3.12/site-packages/airflow/example_dags/example_branch_python_dop_operator_3.py
[2024-09-01T04:41:42.892+0000] {logging_mixin.py:190} INFO - [2024-09-01T04:41:42.891+0000] {dag.py:3211} INFO - Sync 1 DAGs
[2024-09-01T04:41:42.913+0000] {logging_mixin.py:190} INFO - [2024-09-01T04:41:42.913+0000] {dag.py:4138} INFO - Setting next_dagrun for example_branch_dop_operator_v3 to 2024-09-01 04:40:00+00:00, run_after=2024-09-01 04:41:00+00:00
[2024-09-01T04:41:42.935+0000] {processor.py:208} INFO - Processing /home/ubuntu/airflow_snow/lib/python3.12/site-packages/airflow/example_dags/example_branch_python_dop_operator_3.py took 0.076 seconds
[2024-09-01T04:42:58.870+0000] {processor.py:186} INFO - Started process (PID=3041) to work on /home/ubuntu/airflow_snow/lib/python3.12/site-packages/airflow/example_dags/example_branch_python_dop_operator_3.py
[2024-09-01T04:42:58.872+0000] {processor.py:914} INFO - Processing file /home/ubuntu/airflow_snow/lib/python3.12/site-packages/airflow/example_dags/example_branch_python_dop_operator_3.py for tasks to queue
[2024-09-01T04:42:58.874+0000] {logging_mixin.py:190} INFO - [2024-09-01T04:42:58.873+0000] {dagbag.py:587} INFO - Filling up the DagBag from /home/ubuntu/airflow_snow/lib/python3.12/site-packages/airflow/example_dags/example_branch_python_dop_operator_3.py
[2024-09-01T04:42:58.884+0000] {processor.py:925} INFO - DAG(s) 'example_branch_dop_operator_v3' retrieved from /home/ubuntu/airflow_snow/lib/python3.12/site-packages/airflow/example_dags/example_branch_python_dop_operator_3.py
[2024-09-01T04:42:58.898+0000] {logging_mixin.py:190} INFO - [2024-09-01T04:42:58.898+0000] {dag.py:3211} INFO - Sync 1 DAGs
[2024-09-01T04:42:58.918+0000] {logging_mixin.py:190} INFO - [2024-09-01T04:42:58.918+0000] {dag.py:4138} INFO - Setting next_dagrun for example_branch_dop_operator_v3 to 2024-09-01 04:41:00+00:00, run_after=2024-09-01 04:42:00+00:00
[2024-09-01T04:42:58.940+0000] {processor.py:208} INFO - Processing /home/ubuntu/airflow_snow/lib/python3.12/site-packages/airflow/example_dags/example_branch_python_dop_operator_3.py took 0.076 seconds
[2024-09-01T04:44:12.391+0000] {processor.py:186} INFO - Started process (PID=3117) to work on /home/ubuntu/airflow_snow/lib/python3.12/site-packages/airflow/example_dags/example_branch_python_dop_operator_3.py
[2024-09-01T04:44:12.393+0000] {processor.py:914} INFO - Processing file /home/ubuntu/airflow_snow/lib/python3.12/site-packages/airflow/example_dags/example_branch_python_dop_operator_3.py for tasks to queue
[2024-09-01T04:44:12.394+0000] {logging_mixin.py:190} INFO - [2024-09-01T04:44:12.394+0000] {dagbag.py:587} INFO - Filling up the DagBag from /home/ubuntu/airflow_snow/lib/python3.12/site-packages/airflow/example_dags/example_branch_python_dop_operator_3.py
[2024-09-01T04:44:12.404+0000] {processor.py:925} INFO - DAG(s) 'example_branch_dop_operator_v3' retrieved from /home/ubuntu/airflow_snow/lib/python3.12/site-packages/airflow/example_dags/example_branch_python_dop_operator_3.py
[2024-09-01T04:44:12.419+0000] {logging_mixin.py:190} INFO - [2024-09-01T04:44:12.419+0000] {dag.py:3211} INFO - Sync 1 DAGs
[2024-09-01T04:44:12.437+0000] {logging_mixin.py:190} INFO - [2024-09-01T04:44:12.437+0000] {dag.py:4138} INFO - Setting next_dagrun for example_branch_dop_operator_v3 to 2024-09-01 04:43:00+00:00, run_after=2024-09-01 04:44:00+00:00
[2024-09-01T04:44:12.458+0000] {processor.py:208} INFO - Processing /home/ubuntu/airflow_snow/lib/python3.12/site-packages/airflow/example_dags/example_branch_python_dop_operator_3.py took 0.072 seconds
[2024-09-01T04:45:24.235+0000] {processor.py:186} INFO - Started process (PID=3201) to work on /home/ubuntu/airflow_snow/lib/python3.12/site-packages/airflow/example_dags/example_branch_python_dop_operator_3.py
[2024-09-01T04:45:24.237+0000] {processor.py:914} INFO - Processing file /home/ubuntu/airflow_snow/lib/python3.12/site-packages/airflow/example_dags/example_branch_python_dop_operator_3.py for tasks to queue
[2024-09-01T04:45:24.238+0000] {logging_mixin.py:190} INFO - [2024-09-01T04:45:24.238+0000] {dagbag.py:587} INFO - Filling up the DagBag from /home/ubuntu/airflow_snow/lib/python3.12/site-packages/airflow/example_dags/example_branch_python_dop_operator_3.py
[2024-09-01T04:45:24.247+0000] {processor.py:925} INFO - DAG(s) 'example_branch_dop_operator_v3' retrieved from /home/ubuntu/airflow_snow/lib/python3.12/site-packages/airflow/example_dags/example_branch_python_dop_operator_3.py
[2024-09-01T04:45:24.263+0000] {logging_mixin.py:190} INFO - [2024-09-01T04:45:24.263+0000] {dag.py:3211} INFO - Sync 1 DAGs
[2024-09-01T04:45:24.283+0000] {logging_mixin.py:190} INFO - [2024-09-01T04:45:24.283+0000] {dag.py:4138} INFO - Setting next_dagrun for example_branch_dop_operator_v3 to 2024-09-01 04:44:00+00:00, run_after=2024-09-01 04:45:00+00:00
[2024-09-01T04:45:24.306+0000] {processor.py:208} INFO - Processing /home/ubuntu/airflow_snow/lib/python3.12/site-packages/airflow/example_dags/example_branch_python_dop_operator_3.py took 0.076 seconds
[2024-09-01T04:46:35.031+0000] {processor.py:186} INFO - Started process (PID=3276) to work on /home/ubuntu/airflow_snow/lib/python3.12/site-packages/airflow/example_dags/example_branch_python_dop_operator_3.py
[2024-09-01T04:46:35.032+0000] {processor.py:914} INFO - Processing file /home/ubuntu/airflow_snow/lib/python3.12/site-packages/airflow/example_dags/example_branch_python_dop_operator_3.py for tasks to queue
[2024-09-01T04:46:35.034+0000] {logging_mixin.py:190} INFO - [2024-09-01T04:46:35.034+0000] {dagbag.py:587} INFO - Filling up the DagBag from /home/ubuntu/airflow_snow/lib/python3.12/site-packages/airflow/example_dags/example_branch_python_dop_operator_3.py
[2024-09-01T04:46:35.045+0000] {processor.py:925} INFO - DAG(s) 'example_branch_dop_operator_v3' retrieved from /home/ubuntu/airflow_snow/lib/python3.12/site-packages/airflow/example_dags/example_branch_python_dop_operator_3.py
[2024-09-01T04:46:35.059+0000] {logging_mixin.py:190} INFO - [2024-09-01T04:46:35.059+0000] {dag.py:3211} INFO - Sync 1 DAGs
[2024-09-01T04:46:35.078+0000] {logging_mixin.py:190} INFO - [2024-09-01T04:46:35.078+0000] {dag.py:4138} INFO - Setting next_dagrun for example_branch_dop_operator_v3 to 2024-09-01 04:45:00+00:00, run_after=2024-09-01 04:46:00+00:00
[2024-09-01T04:46:35.102+0000] {processor.py:208} INFO - Processing /home/ubuntu/airflow_snow/lib/python3.12/site-packages/airflow/example_dags/example_branch_python_dop_operator_3.py took 0.076 seconds
[2024-09-01T04:47:47.307+0000] {processor.py:186} INFO - Started process (PID=3351) to work on /home/ubuntu/airflow_snow/lib/python3.12/site-packages/airflow/example_dags/example_branch_python_dop_operator_3.py
[2024-09-01T04:47:47.308+0000] {processor.py:914} INFO - Processing file /home/ubuntu/airflow_snow/lib/python3.12/site-packages/airflow/example_dags/example_branch_python_dop_operator_3.py for tasks to queue
[2024-09-01T04:47:47.310+0000] {logging_mixin.py:190} INFO - [2024-09-01T04:47:47.310+0000] {dagbag.py:587} INFO - Filling up the DagBag from /home/ubuntu/airflow_snow/lib/python3.12/site-packages/airflow/example_dags/example_branch_python_dop_operator_3.py
[2024-09-01T04:47:47.319+0000] {processor.py:925} INFO - DAG(s) 'example_branch_dop_operator_v3' retrieved from /home/ubuntu/airflow_snow/lib/python3.12/site-packages/airflow/example_dags/example_branch_python_dop_operator_3.py
[2024-09-01T04:47:47.334+0000] {logging_mixin.py:190} INFO - [2024-09-01T04:47:47.333+0000] {dag.py:3211} INFO - Sync 1 DAGs
[2024-09-01T04:47:47.354+0000] {logging_mixin.py:190} INFO - [2024-09-01T04:47:47.354+0000] {dag.py:4138} INFO - Setting next_dagrun for example_branch_dop_operator_v3 to 2024-09-01 04:46:00+00:00, run_after=2024-09-01 04:47:00+00:00
[2024-09-01T04:47:47.376+0000] {processor.py:208} INFO - Processing /home/ubuntu/airflow_snow/lib/python3.12/site-packages/airflow/example_dags/example_branch_python_dop_operator_3.py took 0.075 seconds
[2024-09-01T04:49:00.221+0000] {processor.py:186} INFO - Started process (PID=3426) to work on /home/ubuntu/airflow_snow/lib/python3.12/site-packages/airflow/example_dags/example_branch_python_dop_operator_3.py
[2024-09-01T04:49:00.223+0000] {processor.py:914} INFO - Processing file /home/ubuntu/airflow_snow/lib/python3.12/site-packages/airflow/example_dags/example_branch_python_dop_operator_3.py for tasks to queue
[2024-09-01T04:49:00.226+0000] {logging_mixin.py:190} INFO - [2024-09-01T04:49:00.225+0000] {dagbag.py:587} INFO - Filling up the DagBag from /home/ubuntu/airflow_snow/lib/python3.12/site-packages/airflow/example_dags/example_branch_python_dop_operator_3.py
[2024-09-01T04:49:00.235+0000] {processor.py:925} INFO - DAG(s) 'example_branch_dop_operator_v3' retrieved from /home/ubuntu/airflow_snow/lib/python3.12/site-packages/airflow/example_dags/example_branch_python_dop_operator_3.py
[2024-09-01T04:49:00.250+0000] {logging_mixin.py:190} INFO - [2024-09-01T04:49:00.250+0000] {dag.py:3211} INFO - Sync 1 DAGs
[2024-09-01T04:49:00.271+0000] {logging_mixin.py:190} INFO - [2024-09-01T04:49:00.271+0000] {dag.py:4138} INFO - Setting next_dagrun for example_branch_dop_operator_v3 to 2024-09-01 04:48:00+00:00, run_after=2024-09-01 04:49:00+00:00
[2024-09-01T04:49:00.295+0000] {processor.py:208} INFO - Processing /home/ubuntu/airflow_snow/lib/python3.12/site-packages/airflow/example_dags/example_branch_python_dop_operator_3.py took 0.081 seconds
[2024-09-01T04:50:10.650+0000] {processor.py:186} INFO - Started process (PID=3500) to work on /home/ubuntu/airflow_snow/lib/python3.12/site-packages/airflow/example_dags/example_branch_python_dop_operator_3.py
[2024-09-01T04:50:10.652+0000] {processor.py:914} INFO - Processing file /home/ubuntu/airflow_snow/lib/python3.12/site-packages/airflow/example_dags/example_branch_python_dop_operator_3.py for tasks to queue
[2024-09-01T04:50:10.654+0000] {logging_mixin.py:190} INFO - [2024-09-01T04:50:10.654+0000] {dagbag.py:587} INFO - Filling up the DagBag from /home/ubuntu/airflow_snow/lib/python3.12/site-packages/airflow/example_dags/example_branch_python_dop_operator_3.py
[2024-09-01T04:50:10.663+0000] {processor.py:925} INFO - DAG(s) 'example_branch_dop_operator_v3' retrieved from /home/ubuntu/airflow_snow/lib/python3.12/site-packages/airflow/example_dags/example_branch_python_dop_operator_3.py
[2024-09-01T04:50:10.678+0000] {logging_mixin.py:190} INFO - [2024-09-01T04:50:10.678+0000] {dag.py:3211} INFO - Sync 1 DAGs
[2024-09-01T04:50:10.698+0000] {logging_mixin.py:190} INFO - [2024-09-01T04:50:10.698+0000] {dag.py:4138} INFO - Setting next_dagrun for example_branch_dop_operator_v3 to 2024-09-01 04:49:00+00:00, run_after=2024-09-01 04:50:00+00:00
[2024-09-01T04:50:10.723+0000] {processor.py:208} INFO - Processing /home/ubuntu/airflow_snow/lib/python3.12/site-packages/airflow/example_dags/example_branch_python_dop_operator_3.py took 0.078 seconds
[2024-09-01T04:51:20.375+0000] {processor.py:186} INFO - Started process (PID=3578) to work on /home/ubuntu/airflow_snow/lib/python3.12/site-packages/airflow/example_dags/example_branch_python_dop_operator_3.py
[2024-09-01T04:51:20.377+0000] {processor.py:914} INFO - Processing file /home/ubuntu/airflow_snow/lib/python3.12/site-packages/airflow/example_dags/example_branch_python_dop_operator_3.py for tasks to queue
[2024-09-01T04:51:20.379+0000] {logging_mixin.py:190} INFO - [2024-09-01T04:51:20.378+0000] {dagbag.py:587} INFO - Filling up the DagBag from /home/ubuntu/airflow_snow/lib/python3.12/site-packages/airflow/example_dags/example_branch_python_dop_operator_3.py
[2024-09-01T04:51:20.388+0000] {processor.py:925} INFO - DAG(s) 'example_branch_dop_operator_v3' retrieved from /home/ubuntu/airflow_snow/lib/python3.12/site-packages/airflow/example_dags/example_branch_python_dop_operator_3.py
[2024-09-01T04:51:20.403+0000] {logging_mixin.py:190} INFO - [2024-09-01T04:51:20.403+0000] {dag.py:3211} INFO - Sync 1 DAGs
[2024-09-01T04:51:20.422+0000] {logging_mixin.py:190} INFO - [2024-09-01T04:51:20.422+0000] {dag.py:4138} INFO - Setting next_dagrun for example_branch_dop_operator_v3 to 2024-09-01 04:50:00+00:00, run_after=2024-09-01 04:51:00+00:00
[2024-09-01T04:51:20.446+0000] {processor.py:208} INFO - Processing /home/ubuntu/airflow_snow/lib/python3.12/site-packages/airflow/example_dags/example_branch_python_dop_operator_3.py took 0.076 seconds
[2024-09-01T04:52:34.417+0000] {processor.py:186} INFO - Started process (PID=3655) to work on /home/ubuntu/airflow_snow/lib/python3.12/site-packages/airflow/example_dags/example_branch_python_dop_operator_3.py
[2024-09-01T04:52:34.419+0000] {processor.py:914} INFO - Processing file /home/ubuntu/airflow_snow/lib/python3.12/site-packages/airflow/example_dags/example_branch_python_dop_operator_3.py for tasks to queue
[2024-09-01T04:52:34.421+0000] {logging_mixin.py:190} INFO - [2024-09-01T04:52:34.421+0000] {dagbag.py:587} INFO - Filling up the DagBag from /home/ubuntu/airflow_snow/lib/python3.12/site-packages/airflow/example_dags/example_branch_python_dop_operator_3.py
[2024-09-01T04:52:34.431+0000] {processor.py:925} INFO - DAG(s) 'example_branch_dop_operator_v3' retrieved from /home/ubuntu/airflow_snow/lib/python3.12/site-packages/airflow/example_dags/example_branch_python_dop_operator_3.py
[2024-09-01T04:52:34.445+0000] {logging_mixin.py:190} INFO - [2024-09-01T04:52:34.445+0000] {dag.py:3211} INFO - Sync 1 DAGs
[2024-09-01T04:52:34.465+0000] {logging_mixin.py:190} INFO - [2024-09-01T04:52:34.464+0000] {dag.py:4138} INFO - Setting next_dagrun for example_branch_dop_operator_v3 to 2024-09-01 04:51:00+00:00, run_after=2024-09-01 04:52:00+00:00
[2024-09-01T04:52:34.488+0000] {processor.py:208} INFO - Processing /home/ubuntu/airflow_snow/lib/python3.12/site-packages/airflow/example_dags/example_branch_python_dop_operator_3.py took 0.076 seconds
