[2024-09-01T04:28:31.856+0000] {processor.py:186} INFO - Started process (PID=2154) to work on /home/ubuntu/airflow_snow/lib/python3.12/site-packages/airflow/example_dags/example_trigger_controller_dag.py
[2024-09-01T04:28:31.857+0000] {processor.py:914} INFO - Processing file /home/ubuntu/airflow_snow/lib/python3.12/site-packages/airflow/example_dags/example_trigger_controller_dag.py for tasks to queue
[2024-09-01T04:28:31.858+0000] {logging_mixin.py:190} INFO - [2024-09-01T04:28:31.858+0000] {dagbag.py:587} INFO - Filling up the DagBag from /home/ubuntu/airflow_snow/lib/python3.12/site-packages/airflow/example_dags/example_trigger_controller_dag.py
[2024-09-01T04:28:31.865+0000] {processor.py:925} INFO - DAG(s) 'example_trigger_controller_dag' retrieved from /home/ubuntu/airflow_snow/lib/python3.12/site-packages/airflow/example_dags/example_trigger_controller_dag.py
[2024-09-01T04:28:31.964+0000] {logging_mixin.py:190} INFO - [2024-09-01T04:28:31.964+0000] {override.py:1900} INFO - Created Permission View: can delete on DAG:example_trigger_controller_dag
[2024-09-01T04:28:31.983+0000] {logging_mixin.py:190} INFO - [2024-09-01T04:28:31.982+0000] {override.py:1900} INFO - Created Permission View: can read on DAG:example_trigger_controller_dag
[2024-09-01T04:28:31.995+0000] {logging_mixin.py:190} INFO - [2024-09-01T04:28:31.995+0000] {override.py:1900} INFO - Created Permission View: can edit on DAG:example_trigger_controller_dag
[2024-09-01T04:28:32.015+0000] {logging_mixin.py:190} INFO - [2024-09-01T04:28:32.015+0000] {override.py:1900} INFO - Created Permission View: menu access on DAG Run:example_trigger_controller_dag
[2024-09-01T04:28:32.025+0000] {logging_mixin.py:190} INFO - [2024-09-01T04:28:32.025+0000] {override.py:1900} INFO - Created Permission View: can create on DAG Run:example_trigger_controller_dag
[2024-09-01T04:28:32.037+0000] {logging_mixin.py:190} INFO - [2024-09-01T04:28:32.037+0000] {override.py:1900} INFO - Created Permission View: can read on DAG Run:example_trigger_controller_dag
[2024-09-01T04:28:32.048+0000] {logging_mixin.py:190} INFO - [2024-09-01T04:28:32.048+0000] {override.py:1900} INFO - Created Permission View: can delete on DAG Run:example_trigger_controller_dag
[2024-09-01T04:28:32.048+0000] {logging_mixin.py:190} INFO - [2024-09-01T04:28:32.048+0000] {dag.py:3211} INFO - Sync 1 DAGs
[2024-09-01T04:28:32.061+0000] {logging_mixin.py:190} INFO - [2024-09-01T04:28:32.061+0000] {dag.py:3234} INFO - Creating ORM DAG for example_trigger_controller_dag
[2024-09-01T04:28:32.067+0000] {logging_mixin.py:190} INFO - [2024-09-01T04:28:32.066+0000] {dag.py:4138} INFO - Setting next_dagrun for example_trigger_controller_dag to 2021-01-01 00:00:00+00:00, run_after=2021-01-01 00:00:00+00:00
[2024-09-01T04:28:32.084+0000] {processor.py:208} INFO - Processing /home/ubuntu/airflow_snow/lib/python3.12/site-packages/airflow/example_dags/example_trigger_controller_dag.py took 0.233 seconds
[2024-09-01T04:29:39.724+0000] {processor.py:186} INFO - Started process (PID=2210) to work on /home/ubuntu/airflow_snow/lib/python3.12/site-packages/airflow/example_dags/example_trigger_controller_dag.py
[2024-09-01T04:29:39.726+0000] {processor.py:914} INFO - Processing file /home/ubuntu/airflow_snow/lib/python3.12/site-packages/airflow/example_dags/example_trigger_controller_dag.py for tasks to queue
[2024-09-01T04:29:39.728+0000] {logging_mixin.py:190} INFO - [2024-09-01T04:29:39.728+0000] {dagbag.py:587} INFO - Filling up the DagBag from /home/ubuntu/airflow_snow/lib/python3.12/site-packages/airflow/example_dags/example_trigger_controller_dag.py
[2024-09-01T04:29:39.735+0000] {processor.py:925} INFO - DAG(s) 'example_trigger_controller_dag' retrieved from /home/ubuntu/airflow_snow/lib/python3.12/site-packages/airflow/example_dags/example_trigger_controller_dag.py
[2024-09-01T04:29:39.749+0000] {logging_mixin.py:190} INFO - [2024-09-01T04:29:39.749+0000] {dag.py:3211} INFO - Sync 1 DAGs
[2024-09-01T04:29:39.767+0000] {logging_mixin.py:190} INFO - [2024-09-01T04:29:39.767+0000] {dag.py:4138} INFO - Setting next_dagrun for example_trigger_controller_dag to 2021-01-01 00:00:00+00:00, run_after=2021-01-01 00:00:00+00:00
[2024-09-01T04:29:39.789+0000] {processor.py:208} INFO - Processing /home/ubuntu/airflow_snow/lib/python3.12/site-packages/airflow/example_dags/example_trigger_controller_dag.py took 0.070 seconds
[2024-09-01T04:30:33.035+0000] {processor.py:186} INFO - Started process (PID=2270) to work on /home/ubuntu/airflow_snow/lib/python3.12/site-packages/airflow/example_dags/example_trigger_controller_dag.py
[2024-09-01T04:30:33.037+0000] {processor.py:914} INFO - Processing file /home/ubuntu/airflow_snow/lib/python3.12/site-packages/airflow/example_dags/example_trigger_controller_dag.py for tasks to queue
[2024-09-01T04:30:33.039+0000] {logging_mixin.py:190} INFO - [2024-09-01T04:30:33.039+0000] {dagbag.py:587} INFO - Filling up the DagBag from /home/ubuntu/airflow_snow/lib/python3.12/site-packages/airflow/example_dags/example_trigger_controller_dag.py
[2024-09-01T04:30:33.046+0000] {processor.py:925} INFO - DAG(s) 'example_trigger_controller_dag' retrieved from /home/ubuntu/airflow_snow/lib/python3.12/site-packages/airflow/example_dags/example_trigger_controller_dag.py
[2024-09-01T04:30:33.059+0000] {logging_mixin.py:190} INFO - [2024-09-01T04:30:33.059+0000] {dag.py:3211} INFO - Sync 1 DAGs
[2024-09-01T04:30:33.077+0000] {logging_mixin.py:190} INFO - [2024-09-01T04:30:33.077+0000] {dag.py:4138} INFO - Setting next_dagrun for example_trigger_controller_dag to 2021-01-01 00:00:00+00:00, run_after=2021-01-01 00:00:00+00:00
[2024-09-01T04:30:33.099+0000] {processor.py:208} INFO - Processing /home/ubuntu/airflow_snow/lib/python3.12/site-packages/airflow/example_dags/example_trigger_controller_dag.py took 0.069 seconds
[2024-09-01T04:31:21.674+0000] {processor.py:186} INFO - Started process (PID=2322) to work on /home/ubuntu/airflow_snow/lib/python3.12/site-packages/airflow/example_dags/example_trigger_controller_dag.py
[2024-09-01T04:31:21.676+0000] {processor.py:914} INFO - Processing file /home/ubuntu/airflow_snow/lib/python3.12/site-packages/airflow/example_dags/example_trigger_controller_dag.py for tasks to queue
[2024-09-01T04:31:21.678+0000] {logging_mixin.py:190} INFO - [2024-09-01T04:31:21.678+0000] {dagbag.py:587} INFO - Filling up the DagBag from /home/ubuntu/airflow_snow/lib/python3.12/site-packages/airflow/example_dags/example_trigger_controller_dag.py
[2024-09-01T04:31:21.685+0000] {processor.py:925} INFO - DAG(s) 'example_trigger_controller_dag' retrieved from /home/ubuntu/airflow_snow/lib/python3.12/site-packages/airflow/example_dags/example_trigger_controller_dag.py
[2024-09-01T04:31:21.698+0000] {logging_mixin.py:190} INFO - [2024-09-01T04:31:21.698+0000] {dag.py:3211} INFO - Sync 1 DAGs
[2024-09-01T04:31:21.715+0000] {logging_mixin.py:190} INFO - [2024-09-01T04:31:21.715+0000] {dag.py:4138} INFO - Setting next_dagrun for example_trigger_controller_dag to 2021-01-01 00:00:00+00:00, run_after=2021-01-01 00:00:00+00:00
[2024-09-01T04:31:21.740+0000] {processor.py:208} INFO - Processing /home/ubuntu/airflow_snow/lib/python3.12/site-packages/airflow/example_dags/example_trigger_controller_dag.py took 0.071 seconds
[2024-09-01T04:32:10.340+0000] {processor.py:186} INFO - Started process (PID=2371) to work on /home/ubuntu/airflow_snow/lib/python3.12/site-packages/airflow/example_dags/example_trigger_controller_dag.py
[2024-09-01T04:32:10.342+0000] {processor.py:914} INFO - Processing file /home/ubuntu/airflow_snow/lib/python3.12/site-packages/airflow/example_dags/example_trigger_controller_dag.py for tasks to queue
[2024-09-01T04:32:10.346+0000] {logging_mixin.py:190} INFO - [2024-09-01T04:32:10.344+0000] {dagbag.py:587} INFO - Filling up the DagBag from /home/ubuntu/airflow_snow/lib/python3.12/site-packages/airflow/example_dags/example_trigger_controller_dag.py
[2024-09-01T04:32:10.351+0000] {processor.py:925} INFO - DAG(s) 'example_trigger_controller_dag' retrieved from /home/ubuntu/airflow_snow/lib/python3.12/site-packages/airflow/example_dags/example_trigger_controller_dag.py
[2024-09-01T04:32:10.364+0000] {logging_mixin.py:190} INFO - [2024-09-01T04:32:10.364+0000] {dag.py:3211} INFO - Sync 1 DAGs
[2024-09-01T04:32:10.382+0000] {logging_mixin.py:190} INFO - [2024-09-01T04:32:10.382+0000] {dag.py:4138} INFO - Setting next_dagrun for example_trigger_controller_dag to 2021-01-01 00:00:00+00:00, run_after=2021-01-01 00:00:00+00:00
[2024-09-01T04:32:10.406+0000] {processor.py:208} INFO - Processing /home/ubuntu/airflow_snow/lib/python3.12/site-packages/airflow/example_dags/example_trigger_controller_dag.py took 0.071 seconds
[2024-09-01T04:32:58.229+0000] {processor.py:186} INFO - Started process (PID=2421) to work on /home/ubuntu/airflow_snow/lib/python3.12/site-packages/airflow/example_dags/example_trigger_controller_dag.py
[2024-09-01T04:32:58.231+0000] {processor.py:914} INFO - Processing file /home/ubuntu/airflow_snow/lib/python3.12/site-packages/airflow/example_dags/example_trigger_controller_dag.py for tasks to queue
[2024-09-01T04:32:58.233+0000] {logging_mixin.py:190} INFO - [2024-09-01T04:32:58.232+0000] {dagbag.py:587} INFO - Filling up the DagBag from /home/ubuntu/airflow_snow/lib/python3.12/site-packages/airflow/example_dags/example_trigger_controller_dag.py
[2024-09-01T04:32:58.240+0000] {processor.py:925} INFO - DAG(s) 'example_trigger_controller_dag' retrieved from /home/ubuntu/airflow_snow/lib/python3.12/site-packages/airflow/example_dags/example_trigger_controller_dag.py
[2024-09-01T04:32:58.253+0000] {logging_mixin.py:190} INFO - [2024-09-01T04:32:58.253+0000] {dag.py:3211} INFO - Sync 1 DAGs
[2024-09-01T04:32:58.269+0000] {logging_mixin.py:190} INFO - [2024-09-01T04:32:58.269+0000] {dag.py:4138} INFO - Setting next_dagrun for example_trigger_controller_dag to 2021-01-01 00:00:00+00:00, run_after=2021-01-01 00:00:00+00:00
[2024-09-01T04:32:58.290+0000] {processor.py:208} INFO - Processing /home/ubuntu/airflow_snow/lib/python3.12/site-packages/airflow/example_dags/example_trigger_controller_dag.py took 0.067 seconds
[2024-09-01T04:33:49.566+0000] {processor.py:186} INFO - Started process (PID=2474) to work on /home/ubuntu/airflow_snow/lib/python3.12/site-packages/airflow/example_dags/example_trigger_controller_dag.py
[2024-09-01T04:33:49.567+0000] {processor.py:914} INFO - Processing file /home/ubuntu/airflow_snow/lib/python3.12/site-packages/airflow/example_dags/example_trigger_controller_dag.py for tasks to queue
[2024-09-01T04:33:49.570+0000] {logging_mixin.py:190} INFO - [2024-09-01T04:33:49.569+0000] {dagbag.py:587} INFO - Filling up the DagBag from /home/ubuntu/airflow_snow/lib/python3.12/site-packages/airflow/example_dags/example_trigger_controller_dag.py
[2024-09-01T04:33:49.575+0000] {processor.py:925} INFO - DAG(s) 'example_trigger_controller_dag' retrieved from /home/ubuntu/airflow_snow/lib/python3.12/site-packages/airflow/example_dags/example_trigger_controller_dag.py
[2024-09-01T04:33:49.589+0000] {logging_mixin.py:190} INFO - [2024-09-01T04:33:49.589+0000] {dag.py:3211} INFO - Sync 1 DAGs
[2024-09-01T04:33:49.606+0000] {logging_mixin.py:190} INFO - [2024-09-01T04:33:49.606+0000] {dag.py:4138} INFO - Setting next_dagrun for example_trigger_controller_dag to 2021-01-01 00:00:00+00:00, run_after=2021-01-01 00:00:00+00:00
[2024-09-01T04:33:49.629+0000] {processor.py:208} INFO - Processing /home/ubuntu/airflow_snow/lib/python3.12/site-packages/airflow/example_dags/example_trigger_controller_dag.py took 0.069 seconds
[2024-09-01T04:34:38.481+0000] {processor.py:186} INFO - Started process (PID=2526) to work on /home/ubuntu/airflow_snow/lib/python3.12/site-packages/airflow/example_dags/example_trigger_controller_dag.py
[2024-09-01T04:34:38.483+0000] {processor.py:914} INFO - Processing file /home/ubuntu/airflow_snow/lib/python3.12/site-packages/airflow/example_dags/example_trigger_controller_dag.py for tasks to queue
[2024-09-01T04:34:38.485+0000] {logging_mixin.py:190} INFO - [2024-09-01T04:34:38.484+0000] {dagbag.py:587} INFO - Filling up the DagBag from /home/ubuntu/airflow_snow/lib/python3.12/site-packages/airflow/example_dags/example_trigger_controller_dag.py
[2024-09-01T04:34:38.491+0000] {processor.py:925} INFO - DAG(s) 'example_trigger_controller_dag' retrieved from /home/ubuntu/airflow_snow/lib/python3.12/site-packages/airflow/example_dags/example_trigger_controller_dag.py
[2024-09-01T04:34:38.504+0000] {logging_mixin.py:190} INFO - [2024-09-01T04:34:38.503+0000] {dag.py:3211} INFO - Sync 1 DAGs
[2024-09-01T04:34:38.521+0000] {logging_mixin.py:190} INFO - [2024-09-01T04:34:38.521+0000] {dag.py:4138} INFO - Setting next_dagrun for example_trigger_controller_dag to 2021-01-01 00:00:00+00:00, run_after=2021-01-01 00:00:00+00:00
[2024-09-01T04:34:38.543+0000] {processor.py:208} INFO - Processing /home/ubuntu/airflow_snow/lib/python3.12/site-packages/airflow/example_dags/example_trigger_controller_dag.py took 0.069 seconds
[2024-09-01T04:35:27.091+0000] {processor.py:186} INFO - Started process (PID=2580) to work on /home/ubuntu/airflow_snow/lib/python3.12/site-packages/airflow/example_dags/example_trigger_controller_dag.py
[2024-09-01T04:35:27.093+0000] {processor.py:914} INFO - Processing file /home/ubuntu/airflow_snow/lib/python3.12/site-packages/airflow/example_dags/example_trigger_controller_dag.py for tasks to queue
[2024-09-01T04:35:27.095+0000] {logging_mixin.py:190} INFO - [2024-09-01T04:35:27.094+0000] {dagbag.py:587} INFO - Filling up the DagBag from /home/ubuntu/airflow_snow/lib/python3.12/site-packages/airflow/example_dags/example_trigger_controller_dag.py
[2024-09-01T04:35:27.102+0000] {processor.py:925} INFO - DAG(s) 'example_trigger_controller_dag' retrieved from /home/ubuntu/airflow_snow/lib/python3.12/site-packages/airflow/example_dags/example_trigger_controller_dag.py
[2024-09-01T04:35:27.115+0000] {logging_mixin.py:190} INFO - [2024-09-01T04:35:27.115+0000] {dag.py:3211} INFO - Sync 1 DAGs
[2024-09-01T04:35:27.133+0000] {logging_mixin.py:190} INFO - [2024-09-01T04:35:27.133+0000] {dag.py:4138} INFO - Setting next_dagrun for example_trigger_controller_dag to 2021-01-01 00:00:00+00:00, run_after=2021-01-01 00:00:00+00:00
[2024-09-01T04:35:27.155+0000] {processor.py:208} INFO - Processing /home/ubuntu/airflow_snow/lib/python3.12/site-packages/airflow/example_dags/example_trigger_controller_dag.py took 0.069 seconds
[2024-09-01T04:36:18.471+0000] {processor.py:186} INFO - Started process (PID=2631) to work on /home/ubuntu/airflow_snow/lib/python3.12/site-packages/airflow/example_dags/example_trigger_controller_dag.py
[2024-09-01T04:36:18.473+0000] {processor.py:914} INFO - Processing file /home/ubuntu/airflow_snow/lib/python3.12/site-packages/airflow/example_dags/example_trigger_controller_dag.py for tasks to queue
[2024-09-01T04:36:18.475+0000] {logging_mixin.py:190} INFO - [2024-09-01T04:36:18.474+0000] {dagbag.py:587} INFO - Filling up the DagBag from /home/ubuntu/airflow_snow/lib/python3.12/site-packages/airflow/example_dags/example_trigger_controller_dag.py
[2024-09-01T04:36:18.481+0000] {processor.py:925} INFO - DAG(s) 'example_trigger_controller_dag' retrieved from /home/ubuntu/airflow_snow/lib/python3.12/site-packages/airflow/example_dags/example_trigger_controller_dag.py
[2024-09-01T04:36:18.496+0000] {logging_mixin.py:190} INFO - [2024-09-01T04:36:18.496+0000] {dag.py:3211} INFO - Sync 1 DAGs
[2024-09-01T04:36:18.512+0000] {logging_mixin.py:190} INFO - [2024-09-01T04:36:18.512+0000] {dag.py:4138} INFO - Setting next_dagrun for example_trigger_controller_dag to 2021-01-01 00:00:00+00:00, run_after=2021-01-01 00:00:00+00:00
[2024-09-01T04:36:18.534+0000] {processor.py:208} INFO - Processing /home/ubuntu/airflow_snow/lib/python3.12/site-packages/airflow/example_dags/example_trigger_controller_dag.py took 0.068 seconds
[2024-09-01T04:37:12.055+0000] {processor.py:186} INFO - Started process (PID=2685) to work on /home/ubuntu/airflow_snow/lib/python3.12/site-packages/airflow/example_dags/example_trigger_controller_dag.py
[2024-09-01T04:37:12.057+0000] {processor.py:914} INFO - Processing file /home/ubuntu/airflow_snow/lib/python3.12/site-packages/airflow/example_dags/example_trigger_controller_dag.py for tasks to queue
[2024-09-01T04:37:12.059+0000] {logging_mixin.py:190} INFO - [2024-09-01T04:37:12.059+0000] {dagbag.py:587} INFO - Filling up the DagBag from /home/ubuntu/airflow_snow/lib/python3.12/site-packages/airflow/example_dags/example_trigger_controller_dag.py
[2024-09-01T04:37:12.067+0000] {processor.py:925} INFO - DAG(s) 'example_trigger_controller_dag' retrieved from /home/ubuntu/airflow_snow/lib/python3.12/site-packages/airflow/example_dags/example_trigger_controller_dag.py
[2024-09-01T04:37:12.080+0000] {logging_mixin.py:190} INFO - [2024-09-01T04:37:12.080+0000] {dag.py:3211} INFO - Sync 1 DAGs
[2024-09-01T04:37:12.098+0000] {logging_mixin.py:190} INFO - [2024-09-01T04:37:12.098+0000] {dag.py:4138} INFO - Setting next_dagrun for example_trigger_controller_dag to 2021-01-01 00:00:00+00:00, run_after=2021-01-01 00:00:00+00:00
[2024-09-01T04:37:12.121+0000] {processor.py:208} INFO - Processing /home/ubuntu/airflow_snow/lib/python3.12/site-packages/airflow/example_dags/example_trigger_controller_dag.py took 0.071 seconds
[2024-09-01T04:38:02.499+0000] {processor.py:186} INFO - Started process (PID=2736) to work on /home/ubuntu/airflow_snow/lib/python3.12/site-packages/airflow/example_dags/example_trigger_controller_dag.py
[2024-09-01T04:38:02.502+0000] {processor.py:914} INFO - Processing file /home/ubuntu/airflow_snow/lib/python3.12/site-packages/airflow/example_dags/example_trigger_controller_dag.py for tasks to queue
[2024-09-01T04:38:02.505+0000] {logging_mixin.py:190} INFO - [2024-09-01T04:38:02.504+0000] {dagbag.py:587} INFO - Filling up the DagBag from /home/ubuntu/airflow_snow/lib/python3.12/site-packages/airflow/example_dags/example_trigger_controller_dag.py
[2024-09-01T04:38:02.511+0000] {processor.py:925} INFO - DAG(s) 'example_trigger_controller_dag' retrieved from /home/ubuntu/airflow_snow/lib/python3.12/site-packages/airflow/example_dags/example_trigger_controller_dag.py
[2024-09-01T04:38:02.526+0000] {logging_mixin.py:190} INFO - [2024-09-01T04:38:02.526+0000] {dag.py:3211} INFO - Sync 1 DAGs
[2024-09-01T04:38:02.545+0000] {logging_mixin.py:190} INFO - [2024-09-01T04:38:02.545+0000] {dag.py:4138} INFO - Setting next_dagrun for example_trigger_controller_dag to 2021-01-01 00:00:00+00:00, run_after=2021-01-01 00:00:00+00:00
[2024-09-01T04:38:02.567+0000] {processor.py:208} INFO - Processing /home/ubuntu/airflow_snow/lib/python3.12/site-packages/airflow/example_dags/example_trigger_controller_dag.py took 0.073 seconds
[2024-09-01T04:38:52.959+0000] {processor.py:186} INFO - Started process (PID=2787) to work on /home/ubuntu/airflow_snow/lib/python3.12/site-packages/airflow/example_dags/example_trigger_controller_dag.py
[2024-09-01T04:38:52.961+0000] {processor.py:914} INFO - Processing file /home/ubuntu/airflow_snow/lib/python3.12/site-packages/airflow/example_dags/example_trigger_controller_dag.py for tasks to queue
[2024-09-01T04:38:52.963+0000] {logging_mixin.py:190} INFO - [2024-09-01T04:38:52.962+0000] {dagbag.py:587} INFO - Filling up the DagBag from /home/ubuntu/airflow_snow/lib/python3.12/site-packages/airflow/example_dags/example_trigger_controller_dag.py
[2024-09-01T04:38:52.969+0000] {processor.py:925} INFO - DAG(s) 'example_trigger_controller_dag' retrieved from /home/ubuntu/airflow_snow/lib/python3.12/site-packages/airflow/example_dags/example_trigger_controller_dag.py
[2024-09-01T04:38:52.983+0000] {logging_mixin.py:190} INFO - [2024-09-01T04:38:52.983+0000] {dag.py:3211} INFO - Sync 1 DAGs
[2024-09-01T04:38:53.000+0000] {logging_mixin.py:190} INFO - [2024-09-01T04:38:52.999+0000] {dag.py:4138} INFO - Setting next_dagrun for example_trigger_controller_dag to 2021-01-01 00:00:00+00:00, run_after=2021-01-01 00:00:00+00:00
[2024-09-01T04:38:53.021+0000] {processor.py:208} INFO - Processing /home/ubuntu/airflow_snow/lib/python3.12/site-packages/airflow/example_dags/example_trigger_controller_dag.py took 0.067 seconds
[2024-09-01T04:39:45.555+0000] {processor.py:186} INFO - Started process (PID=2840) to work on /home/ubuntu/airflow_snow/lib/python3.12/site-packages/airflow/example_dags/example_trigger_controller_dag.py
[2024-09-01T04:39:45.557+0000] {processor.py:914} INFO - Processing file /home/ubuntu/airflow_snow/lib/python3.12/site-packages/airflow/example_dags/example_trigger_controller_dag.py for tasks to queue
[2024-09-01T04:39:45.559+0000] {logging_mixin.py:190} INFO - [2024-09-01T04:39:45.559+0000] {dagbag.py:587} INFO - Filling up the DagBag from /home/ubuntu/airflow_snow/lib/python3.12/site-packages/airflow/example_dags/example_trigger_controller_dag.py
[2024-09-01T04:39:45.567+0000] {processor.py:925} INFO - DAG(s) 'example_trigger_controller_dag' retrieved from /home/ubuntu/airflow_snow/lib/python3.12/site-packages/airflow/example_dags/example_trigger_controller_dag.py
[2024-09-01T04:39:45.580+0000] {logging_mixin.py:190} INFO - [2024-09-01T04:39:45.580+0000] {dag.py:3211} INFO - Sync 1 DAGs
[2024-09-01T04:39:45.597+0000] {logging_mixin.py:190} INFO - [2024-09-01T04:39:45.596+0000] {dag.py:4138} INFO - Setting next_dagrun for example_trigger_controller_dag to 2021-01-01 00:00:00+00:00, run_after=2021-01-01 00:00:00+00:00
[2024-09-01T04:39:45.618+0000] {processor.py:208} INFO - Processing /home/ubuntu/airflow_snow/lib/python3.12/site-packages/airflow/example_dags/example_trigger_controller_dag.py took 0.068 seconds
[2024-09-01T04:40:36.018+0000] {processor.py:186} INFO - Started process (PID=2896) to work on /home/ubuntu/airflow_snow/lib/python3.12/site-packages/airflow/example_dags/example_trigger_controller_dag.py
[2024-09-01T04:40:36.020+0000] {processor.py:914} INFO - Processing file /home/ubuntu/airflow_snow/lib/python3.12/site-packages/airflow/example_dags/example_trigger_controller_dag.py for tasks to queue
[2024-09-01T04:40:36.022+0000] {logging_mixin.py:190} INFO - [2024-09-01T04:40:36.021+0000] {dagbag.py:587} INFO - Filling up the DagBag from /home/ubuntu/airflow_snow/lib/python3.12/site-packages/airflow/example_dags/example_trigger_controller_dag.py
[2024-09-01T04:40:36.027+0000] {processor.py:925} INFO - DAG(s) 'example_trigger_controller_dag' retrieved from /home/ubuntu/airflow_snow/lib/python3.12/site-packages/airflow/example_dags/example_trigger_controller_dag.py
[2024-09-01T04:40:36.042+0000] {logging_mixin.py:190} INFO - [2024-09-01T04:40:36.042+0000] {dag.py:3211} INFO - Sync 1 DAGs
[2024-09-01T04:40:36.061+0000] {logging_mixin.py:190} INFO - [2024-09-01T04:40:36.061+0000] {dag.py:4138} INFO - Setting next_dagrun for example_trigger_controller_dag to 2021-01-01 00:00:00+00:00, run_after=2021-01-01 00:00:00+00:00
[2024-09-01T04:40:36.084+0000] {processor.py:208} INFO - Processing /home/ubuntu/airflow_snow/lib/python3.12/site-packages/airflow/example_dags/example_trigger_controller_dag.py took 0.071 seconds
[2024-09-01T04:41:28.559+0000] {processor.py:186} INFO - Started process (PID=2950) to work on /home/ubuntu/airflow_snow/lib/python3.12/site-packages/airflow/example_dags/example_trigger_controller_dag.py
[2024-09-01T04:41:28.561+0000] {processor.py:914} INFO - Processing file /home/ubuntu/airflow_snow/lib/python3.12/site-packages/airflow/example_dags/example_trigger_controller_dag.py for tasks to queue
[2024-09-01T04:41:28.562+0000] {logging_mixin.py:190} INFO - [2024-09-01T04:41:28.562+0000] {dagbag.py:587} INFO - Filling up the DagBag from /home/ubuntu/airflow_snow/lib/python3.12/site-packages/airflow/example_dags/example_trigger_controller_dag.py
[2024-09-01T04:41:28.569+0000] {processor.py:925} INFO - DAG(s) 'example_trigger_controller_dag' retrieved from /home/ubuntu/airflow_snow/lib/python3.12/site-packages/airflow/example_dags/example_trigger_controller_dag.py
[2024-09-01T04:41:28.583+0000] {logging_mixin.py:190} INFO - [2024-09-01T04:41:28.582+0000] {dag.py:3211} INFO - Sync 1 DAGs
[2024-09-01T04:41:28.601+0000] {logging_mixin.py:190} INFO - [2024-09-01T04:41:28.601+0000] {dag.py:4138} INFO - Setting next_dagrun for example_trigger_controller_dag to 2021-01-01 00:00:00+00:00, run_after=2021-01-01 00:00:00+00:00
[2024-09-01T04:41:28.623+0000] {processor.py:208} INFO - Processing /home/ubuntu/airflow_snow/lib/python3.12/site-packages/airflow/example_dags/example_trigger_controller_dag.py took 0.069 seconds
[2024-09-01T04:42:17.745+0000] {processor.py:186} INFO - Started process (PID=3000) to work on /home/ubuntu/airflow_snow/lib/python3.12/site-packages/airflow/example_dags/example_trigger_controller_dag.py
[2024-09-01T04:42:17.746+0000] {processor.py:914} INFO - Processing file /home/ubuntu/airflow_snow/lib/python3.12/site-packages/airflow/example_dags/example_trigger_controller_dag.py for tasks to queue
[2024-09-01T04:42:17.747+0000] {logging_mixin.py:190} INFO - [2024-09-01T04:42:17.747+0000] {dagbag.py:587} INFO - Filling up the DagBag from /home/ubuntu/airflow_snow/lib/python3.12/site-packages/airflow/example_dags/example_trigger_controller_dag.py
[2024-09-01T04:42:17.755+0000] {processor.py:925} INFO - DAG(s) 'example_trigger_controller_dag' retrieved from /home/ubuntu/airflow_snow/lib/python3.12/site-packages/airflow/example_dags/example_trigger_controller_dag.py
[2024-09-01T04:42:17.768+0000] {logging_mixin.py:190} INFO - [2024-09-01T04:42:17.768+0000] {dag.py:3211} INFO - Sync 1 DAGs
[2024-09-01T04:42:17.786+0000] {logging_mixin.py:190} INFO - [2024-09-01T04:42:17.786+0000] {dag.py:4138} INFO - Setting next_dagrun for example_trigger_controller_dag to 2021-01-01 00:00:00+00:00, run_after=2021-01-01 00:00:00+00:00
[2024-09-01T04:42:17.809+0000] {processor.py:208} INFO - Processing /home/ubuntu/airflow_snow/lib/python3.12/site-packages/airflow/example_dags/example_trigger_controller_dag.py took 0.070 seconds
[2024-09-01T04:43:08.730+0000] {processor.py:186} INFO - Started process (PID=3051) to work on /home/ubuntu/airflow_snow/lib/python3.12/site-packages/airflow/example_dags/example_trigger_controller_dag.py
[2024-09-01T04:43:08.732+0000] {processor.py:914} INFO - Processing file /home/ubuntu/airflow_snow/lib/python3.12/site-packages/airflow/example_dags/example_trigger_controller_dag.py for tasks to queue
[2024-09-01T04:43:08.733+0000] {logging_mixin.py:190} INFO - [2024-09-01T04:43:08.733+0000] {dagbag.py:587} INFO - Filling up the DagBag from /home/ubuntu/airflow_snow/lib/python3.12/site-packages/airflow/example_dags/example_trigger_controller_dag.py
[2024-09-01T04:43:08.740+0000] {processor.py:925} INFO - DAG(s) 'example_trigger_controller_dag' retrieved from /home/ubuntu/airflow_snow/lib/python3.12/site-packages/airflow/example_dags/example_trigger_controller_dag.py
[2024-09-01T04:43:08.753+0000] {logging_mixin.py:190} INFO - [2024-09-01T04:43:08.753+0000] {dag.py:3211} INFO - Sync 1 DAGs
[2024-09-01T04:43:08.770+0000] {logging_mixin.py:190} INFO - [2024-09-01T04:43:08.770+0000] {dag.py:4138} INFO - Setting next_dagrun for example_trigger_controller_dag to 2021-01-01 00:00:00+00:00, run_after=2021-01-01 00:00:00+00:00
[2024-09-01T04:43:08.793+0000] {processor.py:208} INFO - Processing /home/ubuntu/airflow_snow/lib/python3.12/site-packages/airflow/example_dags/example_trigger_controller_dag.py took 0.069 seconds
[2024-09-01T04:43:56.820+0000] {processor.py:186} INFO - Started process (PID=3101) to work on /home/ubuntu/airflow_snow/lib/python3.12/site-packages/airflow/example_dags/example_trigger_controller_dag.py
[2024-09-01T04:43:56.823+0000] {processor.py:914} INFO - Processing file /home/ubuntu/airflow_snow/lib/python3.12/site-packages/airflow/example_dags/example_trigger_controller_dag.py for tasks to queue
[2024-09-01T04:43:56.825+0000] {logging_mixin.py:190} INFO - [2024-09-01T04:43:56.825+0000] {dagbag.py:587} INFO - Filling up the DagBag from /home/ubuntu/airflow_snow/lib/python3.12/site-packages/airflow/example_dags/example_trigger_controller_dag.py
[2024-09-01T04:43:56.831+0000] {processor.py:925} INFO - DAG(s) 'example_trigger_controller_dag' retrieved from /home/ubuntu/airflow_snow/lib/python3.12/site-packages/airflow/example_dags/example_trigger_controller_dag.py
[2024-09-01T04:43:56.845+0000] {logging_mixin.py:190} INFO - [2024-09-01T04:43:56.845+0000] {dag.py:3211} INFO - Sync 1 DAGs
[2024-09-01T04:43:56.862+0000] {logging_mixin.py:190} INFO - [2024-09-01T04:43:56.862+0000] {dag.py:4138} INFO - Setting next_dagrun for example_trigger_controller_dag to 2021-01-01 00:00:00+00:00, run_after=2021-01-01 00:00:00+00:00
[2024-09-01T04:43:56.886+0000] {processor.py:208} INFO - Processing /home/ubuntu/airflow_snow/lib/python3.12/site-packages/airflow/example_dags/example_trigger_controller_dag.py took 0.071 seconds
[2024-09-01T04:44:47.091+0000] {processor.py:186} INFO - Started process (PID=3157) to work on /home/ubuntu/airflow_snow/lib/python3.12/site-packages/airflow/example_dags/example_trigger_controller_dag.py
[2024-09-01T04:44:47.094+0000] {processor.py:914} INFO - Processing file /home/ubuntu/airflow_snow/lib/python3.12/site-packages/airflow/example_dags/example_trigger_controller_dag.py for tasks to queue
[2024-09-01T04:44:47.096+0000] {logging_mixin.py:190} INFO - [2024-09-01T04:44:47.095+0000] {dagbag.py:587} INFO - Filling up the DagBag from /home/ubuntu/airflow_snow/lib/python3.12/site-packages/airflow/example_dags/example_trigger_controller_dag.py
[2024-09-01T04:44:47.102+0000] {processor.py:925} INFO - DAG(s) 'example_trigger_controller_dag' retrieved from /home/ubuntu/airflow_snow/lib/python3.12/site-packages/airflow/example_dags/example_trigger_controller_dag.py
[2024-09-01T04:44:47.115+0000] {logging_mixin.py:190} INFO - [2024-09-01T04:44:47.115+0000] {dag.py:3211} INFO - Sync 1 DAGs
[2024-09-01T04:44:47.134+0000] {logging_mixin.py:190} INFO - [2024-09-01T04:44:47.134+0000] {dag.py:4138} INFO - Setting next_dagrun for example_trigger_controller_dag to 2021-01-01 00:00:00+00:00, run_after=2021-01-01 00:00:00+00:00
[2024-09-01T04:44:47.160+0000] {processor.py:208} INFO - Processing /home/ubuntu/airflow_snow/lib/python3.12/site-packages/airflow/example_dags/example_trigger_controller_dag.py took 0.073 seconds
[2024-09-01T04:45:33.417+0000] {processor.py:186} INFO - Started process (PID=3212) to work on /home/ubuntu/airflow_snow/lib/python3.12/site-packages/airflow/example_dags/example_trigger_controller_dag.py
[2024-09-01T04:45:33.430+0000] {processor.py:914} INFO - Processing file /home/ubuntu/airflow_snow/lib/python3.12/site-packages/airflow/example_dags/example_trigger_controller_dag.py for tasks to queue
[2024-09-01T04:45:33.431+0000] {logging_mixin.py:190} INFO - [2024-09-01T04:45:33.431+0000] {dagbag.py:587} INFO - Filling up the DagBag from /home/ubuntu/airflow_snow/lib/python3.12/site-packages/airflow/example_dags/example_trigger_controller_dag.py
[2024-09-01T04:45:33.438+0000] {processor.py:925} INFO - DAG(s) 'example_trigger_controller_dag' retrieved from /home/ubuntu/airflow_snow/lib/python3.12/site-packages/airflow/example_dags/example_trigger_controller_dag.py
[2024-09-01T04:45:33.452+0000] {logging_mixin.py:190} INFO - [2024-09-01T04:45:33.452+0000] {dag.py:3211} INFO - Sync 1 DAGs
[2024-09-01T04:45:33.471+0000] {logging_mixin.py:190} INFO - [2024-09-01T04:45:33.470+0000] {dag.py:4138} INFO - Setting next_dagrun for example_trigger_controller_dag to 2021-01-01 00:00:00+00:00, run_after=2021-01-01 00:00:00+00:00
[2024-09-01T04:45:33.495+0000] {processor.py:208} INFO - Processing /home/ubuntu/airflow_snow/lib/python3.12/site-packages/airflow/example_dags/example_trigger_controller_dag.py took 0.084 seconds
[2024-09-01T04:46:20.799+0000] {processor.py:186} INFO - Started process (PID=3260) to work on /home/ubuntu/airflow_snow/lib/python3.12/site-packages/airflow/example_dags/example_trigger_controller_dag.py
[2024-09-01T04:46:20.800+0000] {processor.py:914} INFO - Processing file /home/ubuntu/airflow_snow/lib/python3.12/site-packages/airflow/example_dags/example_trigger_controller_dag.py for tasks to queue
[2024-09-01T04:46:20.802+0000] {logging_mixin.py:190} INFO - [2024-09-01T04:46:20.801+0000] {dagbag.py:587} INFO - Filling up the DagBag from /home/ubuntu/airflow_snow/lib/python3.12/site-packages/airflow/example_dags/example_trigger_controller_dag.py
[2024-09-01T04:46:20.809+0000] {processor.py:925} INFO - DAG(s) 'example_trigger_controller_dag' retrieved from /home/ubuntu/airflow_snow/lib/python3.12/site-packages/airflow/example_dags/example_trigger_controller_dag.py
[2024-09-01T04:46:20.823+0000] {logging_mixin.py:190} INFO - [2024-09-01T04:46:20.823+0000] {dag.py:3211} INFO - Sync 1 DAGs
[2024-09-01T04:46:20.848+0000] {logging_mixin.py:190} INFO - [2024-09-01T04:46:20.848+0000] {dag.py:4138} INFO - Setting next_dagrun for example_trigger_controller_dag to 2021-01-01 00:00:00+00:00, run_after=2021-01-01 00:00:00+00:00
[2024-09-01T04:46:20.870+0000] {processor.py:208} INFO - Processing /home/ubuntu/airflow_snow/lib/python3.12/site-packages/airflow/example_dags/example_trigger_controller_dag.py took 0.076 seconds
[2024-09-01T04:47:09.445+0000] {processor.py:186} INFO - Started process (PID=3310) to work on /home/ubuntu/airflow_snow/lib/python3.12/site-packages/airflow/example_dags/example_trigger_controller_dag.py
[2024-09-01T04:47:09.447+0000] {processor.py:914} INFO - Processing file /home/ubuntu/airflow_snow/lib/python3.12/site-packages/airflow/example_dags/example_trigger_controller_dag.py for tasks to queue
[2024-09-01T04:47:09.449+0000] {logging_mixin.py:190} INFO - [2024-09-01T04:47:09.448+0000] {dagbag.py:587} INFO - Filling up the DagBag from /home/ubuntu/airflow_snow/lib/python3.12/site-packages/airflow/example_dags/example_trigger_controller_dag.py
[2024-09-01T04:47:09.456+0000] {processor.py:925} INFO - DAG(s) 'example_trigger_controller_dag' retrieved from /home/ubuntu/airflow_snow/lib/python3.12/site-packages/airflow/example_dags/example_trigger_controller_dag.py
[2024-09-01T04:47:09.469+0000] {logging_mixin.py:190} INFO - [2024-09-01T04:47:09.469+0000] {dag.py:3211} INFO - Sync 1 DAGs
[2024-09-01T04:47:09.487+0000] {logging_mixin.py:190} INFO - [2024-09-01T04:47:09.487+0000] {dag.py:4138} INFO - Setting next_dagrun for example_trigger_controller_dag to 2021-01-01 00:00:00+00:00, run_after=2021-01-01 00:00:00+00:00
[2024-09-01T04:47:09.509+0000] {processor.py:208} INFO - Processing /home/ubuntu/airflow_snow/lib/python3.12/site-packages/airflow/example_dags/example_trigger_controller_dag.py took 0.069 seconds
[2024-09-01T04:47:57.599+0000] {processor.py:186} INFO - Started process (PID=3361) to work on /home/ubuntu/airflow_snow/lib/python3.12/site-packages/airflow/example_dags/example_trigger_controller_dag.py
[2024-09-01T04:47:57.601+0000] {processor.py:914} INFO - Processing file /home/ubuntu/airflow_snow/lib/python3.12/site-packages/airflow/example_dags/example_trigger_controller_dag.py for tasks to queue
[2024-09-01T04:47:57.603+0000] {logging_mixin.py:190} INFO - [2024-09-01T04:47:57.602+0000] {dagbag.py:587} INFO - Filling up the DagBag from /home/ubuntu/airflow_snow/lib/python3.12/site-packages/airflow/example_dags/example_trigger_controller_dag.py
[2024-09-01T04:47:57.609+0000] {processor.py:925} INFO - DAG(s) 'example_trigger_controller_dag' retrieved from /home/ubuntu/airflow_snow/lib/python3.12/site-packages/airflow/example_dags/example_trigger_controller_dag.py
[2024-09-01T04:47:57.623+0000] {logging_mixin.py:190} INFO - [2024-09-01T04:47:57.623+0000] {dag.py:3211} INFO - Sync 1 DAGs
[2024-09-01T04:47:57.639+0000] {logging_mixin.py:190} INFO - [2024-09-01T04:47:57.639+0000] {dag.py:4138} INFO - Setting next_dagrun for example_trigger_controller_dag to 2021-01-01 00:00:00+00:00, run_after=2021-01-01 00:00:00+00:00
[2024-09-01T04:47:57.660+0000] {processor.py:208} INFO - Processing /home/ubuntu/airflow_snow/lib/python3.12/site-packages/airflow/example_dags/example_trigger_controller_dag.py took 0.065 seconds
[2024-09-01T04:48:46.223+0000] {processor.py:186} INFO - Started process (PID=3412) to work on /home/ubuntu/airflow_snow/lib/python3.12/site-packages/airflow/example_dags/example_trigger_controller_dag.py
[2024-09-01T04:48:46.225+0000] {processor.py:914} INFO - Processing file /home/ubuntu/airflow_snow/lib/python3.12/site-packages/airflow/example_dags/example_trigger_controller_dag.py for tasks to queue
[2024-09-01T04:48:46.227+0000] {logging_mixin.py:190} INFO - [2024-09-01T04:48:46.227+0000] {dagbag.py:587} INFO - Filling up the DagBag from /home/ubuntu/airflow_snow/lib/python3.12/site-packages/airflow/example_dags/example_trigger_controller_dag.py
[2024-09-01T04:48:46.234+0000] {processor.py:925} INFO - DAG(s) 'example_trigger_controller_dag' retrieved from /home/ubuntu/airflow_snow/lib/python3.12/site-packages/airflow/example_dags/example_trigger_controller_dag.py
[2024-09-01T04:48:46.247+0000] {logging_mixin.py:190} INFO - [2024-09-01T04:48:46.247+0000] {dag.py:3211} INFO - Sync 1 DAGs
[2024-09-01T04:48:46.264+0000] {logging_mixin.py:190} INFO - [2024-09-01T04:48:46.264+0000] {dag.py:4138} INFO - Setting next_dagrun for example_trigger_controller_dag to 2021-01-01 00:00:00+00:00, run_after=2021-01-01 00:00:00+00:00
[2024-09-01T04:48:46.285+0000] {processor.py:208} INFO - Processing /home/ubuntu/airflow_snow/lib/python3.12/site-packages/airflow/example_dags/example_trigger_controller_dag.py took 0.067 seconds
[2024-09-01T04:49:35.043+0000] {processor.py:186} INFO - Started process (PID=3462) to work on /home/ubuntu/airflow_snow/lib/python3.12/site-packages/airflow/example_dags/example_trigger_controller_dag.py
[2024-09-01T04:49:35.045+0000] {processor.py:914} INFO - Processing file /home/ubuntu/airflow_snow/lib/python3.12/site-packages/airflow/example_dags/example_trigger_controller_dag.py for tasks to queue
[2024-09-01T04:49:35.047+0000] {logging_mixin.py:190} INFO - [2024-09-01T04:49:35.046+0000] {dagbag.py:587} INFO - Filling up the DagBag from /home/ubuntu/airflow_snow/lib/python3.12/site-packages/airflow/example_dags/example_trigger_controller_dag.py
[2024-09-01T04:49:35.053+0000] {processor.py:925} INFO - DAG(s) 'example_trigger_controller_dag' retrieved from /home/ubuntu/airflow_snow/lib/python3.12/site-packages/airflow/example_dags/example_trigger_controller_dag.py
[2024-09-01T04:49:35.067+0000] {logging_mixin.py:190} INFO - [2024-09-01T04:49:35.067+0000] {dag.py:3211} INFO - Sync 1 DAGs
[2024-09-01T04:49:35.084+0000] {logging_mixin.py:190} INFO - [2024-09-01T04:49:35.084+0000] {dag.py:4138} INFO - Setting next_dagrun for example_trigger_controller_dag to 2021-01-01 00:00:00+00:00, run_after=2021-01-01 00:00:00+00:00
[2024-09-01T04:49:35.107+0000] {processor.py:208} INFO - Processing /home/ubuntu/airflow_snow/lib/python3.12/site-packages/airflow/example_dags/example_trigger_controller_dag.py took 0.069 seconds
[2024-09-01T04:50:18.678+0000] {processor.py:186} INFO - Started process (PID=3510) to work on /home/ubuntu/airflow_snow/lib/python3.12/site-packages/airflow/example_dags/example_trigger_controller_dag.py
[2024-09-01T04:50:18.681+0000] {processor.py:914} INFO - Processing file /home/ubuntu/airflow_snow/lib/python3.12/site-packages/airflow/example_dags/example_trigger_controller_dag.py for tasks to queue
[2024-09-01T04:50:18.682+0000] {logging_mixin.py:190} INFO - [2024-09-01T04:50:18.682+0000] {dagbag.py:587} INFO - Filling up the DagBag from /home/ubuntu/airflow_snow/lib/python3.12/site-packages/airflow/example_dags/example_trigger_controller_dag.py
[2024-09-01T04:50:18.689+0000] {processor.py:925} INFO - DAG(s) 'example_trigger_controller_dag' retrieved from /home/ubuntu/airflow_snow/lib/python3.12/site-packages/airflow/example_dags/example_trigger_controller_dag.py
[2024-09-01T04:50:18.703+0000] {logging_mixin.py:190} INFO - [2024-09-01T04:50:18.703+0000] {dag.py:3211} INFO - Sync 1 DAGs
[2024-09-01T04:50:18.719+0000] {logging_mixin.py:190} INFO - [2024-09-01T04:50:18.719+0000] {dag.py:4138} INFO - Setting next_dagrun for example_trigger_controller_dag to 2021-01-01 00:00:00+00:00, run_after=2021-01-01 00:00:00+00:00
[2024-09-01T04:50:18.742+0000] {processor.py:208} INFO - Processing /home/ubuntu/airflow_snow/lib/python3.12/site-packages/airflow/example_dags/example_trigger_controller_dag.py took 0.069 seconds
[2024-09-01T04:51:03.887+0000] {processor.py:186} INFO - Started process (PID=3562) to work on /home/ubuntu/airflow_snow/lib/python3.12/site-packages/airflow/example_dags/example_trigger_controller_dag.py
[2024-09-01T04:51:03.889+0000] {processor.py:914} INFO - Processing file /home/ubuntu/airflow_snow/lib/python3.12/site-packages/airflow/example_dags/example_trigger_controller_dag.py for tasks to queue
[2024-09-01T04:51:03.891+0000] {logging_mixin.py:190} INFO - [2024-09-01T04:51:03.890+0000] {dagbag.py:587} INFO - Filling up the DagBag from /home/ubuntu/airflow_snow/lib/python3.12/site-packages/airflow/example_dags/example_trigger_controller_dag.py
[2024-09-01T04:51:03.898+0000] {processor.py:925} INFO - DAG(s) 'example_trigger_controller_dag' retrieved from /home/ubuntu/airflow_snow/lib/python3.12/site-packages/airflow/example_dags/example_trigger_controller_dag.py
[2024-09-01T04:51:03.910+0000] {logging_mixin.py:190} INFO - [2024-09-01T04:51:03.910+0000] {dag.py:3211} INFO - Sync 1 DAGs
[2024-09-01T04:51:03.928+0000] {logging_mixin.py:190} INFO - [2024-09-01T04:51:03.927+0000] {dag.py:4138} INFO - Setting next_dagrun for example_trigger_controller_dag to 2021-01-01 00:00:00+00:00, run_after=2021-01-01 00:00:00+00:00
[2024-09-01T04:51:03.950+0000] {processor.py:208} INFO - Processing /home/ubuntu/airflow_snow/lib/python3.12/site-packages/airflow/example_dags/example_trigger_controller_dag.py took 0.068 seconds
[2024-09-01T04:51:55.276+0000] {processor.py:186} INFO - Started process (PID=3615) to work on /home/ubuntu/airflow_snow/lib/python3.12/site-packages/airflow/example_dags/example_trigger_controller_dag.py
[2024-09-01T04:51:55.279+0000] {processor.py:914} INFO - Processing file /home/ubuntu/airflow_snow/lib/python3.12/site-packages/airflow/example_dags/example_trigger_controller_dag.py for tasks to queue
[2024-09-01T04:51:55.282+0000] {logging_mixin.py:190} INFO - [2024-09-01T04:51:55.282+0000] {dagbag.py:587} INFO - Filling up the DagBag from /home/ubuntu/airflow_snow/lib/python3.12/site-packages/airflow/example_dags/example_trigger_controller_dag.py
[2024-09-01T04:51:55.288+0000] {processor.py:925} INFO - DAG(s) 'example_trigger_controller_dag' retrieved from /home/ubuntu/airflow_snow/lib/python3.12/site-packages/airflow/example_dags/example_trigger_controller_dag.py
[2024-09-01T04:51:55.302+0000] {logging_mixin.py:190} INFO - [2024-09-01T04:51:55.302+0000] {dag.py:3211} INFO - Sync 1 DAGs
[2024-09-01T04:51:55.319+0000] {logging_mixin.py:190} INFO - [2024-09-01T04:51:55.319+0000] {dag.py:4138} INFO - Setting next_dagrun for example_trigger_controller_dag to 2021-01-01 00:00:00+00:00, run_after=2021-01-01 00:00:00+00:00
[2024-09-01T04:51:55.340+0000] {processor.py:208} INFO - Processing /home/ubuntu/airflow_snow/lib/python3.12/site-packages/airflow/example_dags/example_trigger_controller_dag.py took 0.069 seconds
[2024-09-01T04:52:44.976+0000] {processor.py:186} INFO - Started process (PID=3665) to work on /home/ubuntu/airflow_snow/lib/python3.12/site-packages/airflow/example_dags/example_trigger_controller_dag.py
[2024-09-01T04:52:44.979+0000] {processor.py:914} INFO - Processing file /home/ubuntu/airflow_snow/lib/python3.12/site-packages/airflow/example_dags/example_trigger_controller_dag.py for tasks to queue
[2024-09-01T04:52:44.980+0000] {logging_mixin.py:190} INFO - [2024-09-01T04:52:44.980+0000] {dagbag.py:587} INFO - Filling up the DagBag from /home/ubuntu/airflow_snow/lib/python3.12/site-packages/airflow/example_dags/example_trigger_controller_dag.py
[2024-09-01T04:52:44.988+0000] {processor.py:925} INFO - DAG(s) 'example_trigger_controller_dag' retrieved from /home/ubuntu/airflow_snow/lib/python3.12/site-packages/airflow/example_dags/example_trigger_controller_dag.py
[2024-09-01T04:52:45.001+0000] {logging_mixin.py:190} INFO - [2024-09-01T04:52:45.001+0000] {dag.py:3211} INFO - Sync 1 DAGs
[2024-09-01T04:52:45.017+0000] {logging_mixin.py:190} INFO - [2024-09-01T04:52:45.017+0000] {dag.py:4138} INFO - Setting next_dagrun for example_trigger_controller_dag to 2021-01-01 00:00:00+00:00, run_after=2021-01-01 00:00:00+00:00
[2024-09-01T04:52:45.043+0000] {processor.py:208} INFO - Processing /home/ubuntu/airflow_snow/lib/python3.12/site-packages/airflow/example_dags/example_trigger_controller_dag.py took 0.072 seconds
