[2024-09-01T04:28:35.883+0000] {processor.py:186} INFO - Started process (PID=2157) to work on /home/ubuntu/airflow_snow/lib/python3.12/site-packages/airflow/example_dags/example_trigger_target_dag.py
[2024-09-01T04:28:35.883+0000] {processor.py:914} INFO - Processing file /home/ubuntu/airflow_snow/lib/python3.12/site-packages/airflow/example_dags/example_trigger_target_dag.py for tasks to queue
[2024-09-01T04:28:35.885+0000] {logging_mixin.py:190} INFO - [2024-09-01T04:28:35.885+0000] {dagbag.py:587} INFO - Filling up the DagBag from /home/ubuntu/airflow_snow/lib/python3.12/site-packages/airflow/example_dags/example_trigger_target_dag.py
[2024-09-01T04:28:35.893+0000] {processor.py:925} INFO - DAG(s) 'example_trigger_target_dag' retrieved from /home/ubuntu/airflow_snow/lib/python3.12/site-packages/airflow/example_dags/example_trigger_target_dag.py
[2024-09-01T04:28:35.992+0000] {logging_mixin.py:190} INFO - [2024-09-01T04:28:35.992+0000] {override.py:1900} INFO - Created Permission View: can delete on DAG:example_trigger_target_dag
[2024-09-01T04:28:36.005+0000] {logging_mixin.py:190} INFO - [2024-09-01T04:28:36.005+0000] {override.py:1900} INFO - Created Permission View: can read on DAG:example_trigger_target_dag
[2024-09-01T04:28:36.020+0000] {logging_mixin.py:190} INFO - [2024-09-01T04:28:36.019+0000] {override.py:1900} INFO - Created Permission View: can edit on DAG:example_trigger_target_dag
[2024-09-01T04:28:36.039+0000] {logging_mixin.py:190} INFO - [2024-09-01T04:28:36.039+0000] {override.py:1900} INFO - Created Permission View: menu access on DAG Run:example_trigger_target_dag
[2024-09-01T04:28:36.051+0000] {logging_mixin.py:190} INFO - [2024-09-01T04:28:36.050+0000] {override.py:1900} INFO - Created Permission View: can create on DAG Run:example_trigger_target_dag
[2024-09-01T04:28:36.062+0000] {logging_mixin.py:190} INFO - [2024-09-01T04:28:36.061+0000] {override.py:1900} INFO - Created Permission View: can read on DAG Run:example_trigger_target_dag
[2024-09-01T04:28:36.074+0000] {logging_mixin.py:190} INFO - [2024-09-01T04:28:36.074+0000] {override.py:1900} INFO - Created Permission View: can delete on DAG Run:example_trigger_target_dag
[2024-09-01T04:28:36.074+0000] {logging_mixin.py:190} INFO - [2024-09-01T04:28:36.074+0000] {dag.py:3211} INFO - Sync 1 DAGs
[2024-09-01T04:28:36.085+0000] {logging_mixin.py:190} INFO - [2024-09-01T04:28:36.085+0000] {dag.py:3234} INFO - Creating ORM DAG for example_trigger_target_dag
[2024-09-01T04:28:36.086+0000] {logging_mixin.py:190} INFO - [2024-09-01T04:28:36.086+0000] {dag.py:4138} INFO - Setting next_dagrun for example_trigger_target_dag to None, run_after=None
[2024-09-01T04:28:36.104+0000] {processor.py:208} INFO - Processing /home/ubuntu/airflow_snow/lib/python3.12/site-packages/airflow/example_dags/example_trigger_target_dag.py took 0.226 seconds
[2024-09-01T04:29:42.703+0000] {processor.py:186} INFO - Started process (PID=2213) to work on /home/ubuntu/airflow_snow/lib/python3.12/site-packages/airflow/example_dags/example_trigger_target_dag.py
[2024-09-01T04:29:42.705+0000] {processor.py:914} INFO - Processing file /home/ubuntu/airflow_snow/lib/python3.12/site-packages/airflow/example_dags/example_trigger_target_dag.py for tasks to queue
[2024-09-01T04:29:42.706+0000] {logging_mixin.py:190} INFO - [2024-09-01T04:29:42.706+0000] {dagbag.py:587} INFO - Filling up the DagBag from /home/ubuntu/airflow_snow/lib/python3.12/site-packages/airflow/example_dags/example_trigger_target_dag.py
[2024-09-01T04:29:42.714+0000] {processor.py:925} INFO - DAG(s) 'example_trigger_target_dag' retrieved from /home/ubuntu/airflow_snow/lib/python3.12/site-packages/airflow/example_dags/example_trigger_target_dag.py
[2024-09-01T04:29:42.728+0000] {logging_mixin.py:190} INFO - [2024-09-01T04:29:42.727+0000] {dag.py:3211} INFO - Sync 1 DAGs
[2024-09-01T04:29:42.739+0000] {logging_mixin.py:190} INFO - [2024-09-01T04:29:42.739+0000] {dag.py:4138} INFO - Setting next_dagrun for example_trigger_target_dag to None, run_after=None
[2024-09-01T04:29:42.760+0000] {processor.py:208} INFO - Processing /home/ubuntu/airflow_snow/lib/python3.12/site-packages/airflow/example_dags/example_trigger_target_dag.py took 0.062 seconds
[2024-09-01T04:30:36.144+0000] {processor.py:186} INFO - Started process (PID=2273) to work on /home/ubuntu/airflow_snow/lib/python3.12/site-packages/airflow/example_dags/example_trigger_target_dag.py
[2024-09-01T04:30:36.147+0000] {processor.py:914} INFO - Processing file /home/ubuntu/airflow_snow/lib/python3.12/site-packages/airflow/example_dags/example_trigger_target_dag.py for tasks to queue
[2024-09-01T04:30:36.149+0000] {logging_mixin.py:190} INFO - [2024-09-01T04:30:36.149+0000] {dagbag.py:587} INFO - Filling up the DagBag from /home/ubuntu/airflow_snow/lib/python3.12/site-packages/airflow/example_dags/example_trigger_target_dag.py
[2024-09-01T04:30:36.156+0000] {processor.py:925} INFO - DAG(s) 'example_trigger_target_dag' retrieved from /home/ubuntu/airflow_snow/lib/python3.12/site-packages/airflow/example_dags/example_trigger_target_dag.py
[2024-09-01T04:30:36.170+0000] {logging_mixin.py:190} INFO - [2024-09-01T04:30:36.169+0000] {dag.py:3211} INFO - Sync 1 DAGs
[2024-09-01T04:30:36.180+0000] {logging_mixin.py:190} INFO - [2024-09-01T04:30:36.180+0000] {dag.py:4138} INFO - Setting next_dagrun for example_trigger_target_dag to None, run_after=None
[2024-09-01T04:30:36.203+0000] {processor.py:208} INFO - Processing /home/ubuntu/airflow_snow/lib/python3.12/site-packages/airflow/example_dags/example_trigger_target_dag.py took 0.064 seconds
[2024-09-01T04:31:24.369+0000] {processor.py:186} INFO - Started process (PID=2325) to work on /home/ubuntu/airflow_snow/lib/python3.12/site-packages/airflow/example_dags/example_trigger_target_dag.py
[2024-09-01T04:31:24.371+0000] {processor.py:914} INFO - Processing file /home/ubuntu/airflow_snow/lib/python3.12/site-packages/airflow/example_dags/example_trigger_target_dag.py for tasks to queue
[2024-09-01T04:31:24.374+0000] {logging_mixin.py:190} INFO - [2024-09-01T04:31:24.374+0000] {dagbag.py:587} INFO - Filling up the DagBag from /home/ubuntu/airflow_snow/lib/python3.12/site-packages/airflow/example_dags/example_trigger_target_dag.py
[2024-09-01T04:31:24.382+0000] {processor.py:925} INFO - DAG(s) 'example_trigger_target_dag' retrieved from /home/ubuntu/airflow_snow/lib/python3.12/site-packages/airflow/example_dags/example_trigger_target_dag.py
[2024-09-01T04:31:24.395+0000] {logging_mixin.py:190} INFO - [2024-09-01T04:31:24.395+0000] {dag.py:3211} INFO - Sync 1 DAGs
[2024-09-01T04:31:24.406+0000] {logging_mixin.py:190} INFO - [2024-09-01T04:31:24.406+0000] {dag.py:4138} INFO - Setting next_dagrun for example_trigger_target_dag to None, run_after=None
[2024-09-01T04:31:24.429+0000] {processor.py:208} INFO - Processing /home/ubuntu/airflow_snow/lib/python3.12/site-packages/airflow/example_dags/example_trigger_target_dag.py took 0.065 seconds
[2024-09-01T04:32:12.349+0000] {processor.py:186} INFO - Started process (PID=2374) to work on /home/ubuntu/airflow_snow/lib/python3.12/site-packages/airflow/example_dags/example_trigger_target_dag.py
[2024-09-01T04:32:12.352+0000] {processor.py:914} INFO - Processing file /home/ubuntu/airflow_snow/lib/python3.12/site-packages/airflow/example_dags/example_trigger_target_dag.py for tasks to queue
[2024-09-01T04:32:12.353+0000] {logging_mixin.py:190} INFO - [2024-09-01T04:32:12.353+0000] {dagbag.py:587} INFO - Filling up the DagBag from /home/ubuntu/airflow_snow/lib/python3.12/site-packages/airflow/example_dags/example_trigger_target_dag.py
[2024-09-01T04:32:12.362+0000] {processor.py:925} INFO - DAG(s) 'example_trigger_target_dag' retrieved from /home/ubuntu/airflow_snow/lib/python3.12/site-packages/airflow/example_dags/example_trigger_target_dag.py
[2024-09-01T04:32:12.375+0000] {logging_mixin.py:190} INFO - [2024-09-01T04:32:12.375+0000] {dag.py:3211} INFO - Sync 1 DAGs
[2024-09-01T04:32:12.386+0000] {logging_mixin.py:190} INFO - [2024-09-01T04:32:12.386+0000] {dag.py:4138} INFO - Setting next_dagrun for example_trigger_target_dag to None, run_after=None
[2024-09-01T04:32:12.407+0000] {processor.py:208} INFO - Processing /home/ubuntu/airflow_snow/lib/python3.12/site-packages/airflow/example_dags/example_trigger_target_dag.py took 0.064 seconds
[2024-09-01T04:33:01.734+0000] {processor.py:186} INFO - Started process (PID=2424) to work on /home/ubuntu/airflow_snow/lib/python3.12/site-packages/airflow/example_dags/example_trigger_target_dag.py
[2024-09-01T04:33:01.736+0000] {processor.py:914} INFO - Processing file /home/ubuntu/airflow_snow/lib/python3.12/site-packages/airflow/example_dags/example_trigger_target_dag.py for tasks to queue
[2024-09-01T04:33:01.739+0000] {logging_mixin.py:190} INFO - [2024-09-01T04:33:01.739+0000] {dagbag.py:587} INFO - Filling up the DagBag from /home/ubuntu/airflow_snow/lib/python3.12/site-packages/airflow/example_dags/example_trigger_target_dag.py
[2024-09-01T04:33:01.747+0000] {processor.py:925} INFO - DAG(s) 'example_trigger_target_dag' retrieved from /home/ubuntu/airflow_snow/lib/python3.12/site-packages/airflow/example_dags/example_trigger_target_dag.py
[2024-09-01T04:33:01.762+0000] {logging_mixin.py:190} INFO - [2024-09-01T04:33:01.762+0000] {dag.py:3211} INFO - Sync 1 DAGs
[2024-09-01T04:33:01.773+0000] {logging_mixin.py:190} INFO - [2024-09-01T04:33:01.772+0000] {dag.py:4138} INFO - Setting next_dagrun for example_trigger_target_dag to None, run_after=None
[2024-09-01T04:33:01.793+0000] {processor.py:208} INFO - Processing /home/ubuntu/airflow_snow/lib/python3.12/site-packages/airflow/example_dags/example_trigger_target_dag.py took 0.065 seconds
[2024-09-01T04:33:53.062+0000] {processor.py:186} INFO - Started process (PID=2477) to work on /home/ubuntu/airflow_snow/lib/python3.12/site-packages/airflow/example_dags/example_trigger_target_dag.py
[2024-09-01T04:33:53.064+0000] {processor.py:914} INFO - Processing file /home/ubuntu/airflow_snow/lib/python3.12/site-packages/airflow/example_dags/example_trigger_target_dag.py for tasks to queue
[2024-09-01T04:33:53.066+0000] {logging_mixin.py:190} INFO - [2024-09-01T04:33:53.066+0000] {dagbag.py:587} INFO - Filling up the DagBag from /home/ubuntu/airflow_snow/lib/python3.12/site-packages/airflow/example_dags/example_trigger_target_dag.py
[2024-09-01T04:33:53.074+0000] {processor.py:925} INFO - DAG(s) 'example_trigger_target_dag' retrieved from /home/ubuntu/airflow_snow/lib/python3.12/site-packages/airflow/example_dags/example_trigger_target_dag.py
[2024-09-01T04:33:53.088+0000] {logging_mixin.py:190} INFO - [2024-09-01T04:33:53.087+0000] {dag.py:3211} INFO - Sync 1 DAGs
[2024-09-01T04:33:53.100+0000] {logging_mixin.py:190} INFO - [2024-09-01T04:33:53.100+0000] {dag.py:4138} INFO - Setting next_dagrun for example_trigger_target_dag to None, run_after=None
[2024-09-01T04:33:53.123+0000] {processor.py:208} INFO - Processing /home/ubuntu/airflow_snow/lib/python3.12/site-packages/airflow/example_dags/example_trigger_target_dag.py took 0.066 seconds
[2024-09-01T04:34:41.999+0000] {processor.py:186} INFO - Started process (PID=2529) to work on /home/ubuntu/airflow_snow/lib/python3.12/site-packages/airflow/example_dags/example_trigger_target_dag.py
[2024-09-01T04:34:42.000+0000] {processor.py:914} INFO - Processing file /home/ubuntu/airflow_snow/lib/python3.12/site-packages/airflow/example_dags/example_trigger_target_dag.py for tasks to queue
[2024-09-01T04:34:42.002+0000] {logging_mixin.py:190} INFO - [2024-09-01T04:34:42.002+0000] {dagbag.py:587} INFO - Filling up the DagBag from /home/ubuntu/airflow_snow/lib/python3.12/site-packages/airflow/example_dags/example_trigger_target_dag.py
[2024-09-01T04:34:42.009+0000] {processor.py:925} INFO - DAG(s) 'example_trigger_target_dag' retrieved from /home/ubuntu/airflow_snow/lib/python3.12/site-packages/airflow/example_dags/example_trigger_target_dag.py
[2024-09-01T04:34:42.023+0000] {logging_mixin.py:190} INFO - [2024-09-01T04:34:42.023+0000] {dag.py:3211} INFO - Sync 1 DAGs
[2024-09-01T04:34:42.034+0000] {logging_mixin.py:190} INFO - [2024-09-01T04:34:42.034+0000] {dag.py:4138} INFO - Setting next_dagrun for example_trigger_target_dag to None, run_after=None
[2024-09-01T04:34:42.055+0000] {processor.py:208} INFO - Processing /home/ubuntu/airflow_snow/lib/python3.12/site-packages/airflow/example_dags/example_trigger_target_dag.py took 0.062 seconds
[2024-09-01T04:35:30.597+0000] {processor.py:186} INFO - Started process (PID=2583) to work on /home/ubuntu/airflow_snow/lib/python3.12/site-packages/airflow/example_dags/example_trigger_target_dag.py
[2024-09-01T04:35:30.599+0000] {processor.py:914} INFO - Processing file /home/ubuntu/airflow_snow/lib/python3.12/site-packages/airflow/example_dags/example_trigger_target_dag.py for tasks to queue
[2024-09-01T04:35:30.601+0000] {logging_mixin.py:190} INFO - [2024-09-01T04:35:30.601+0000] {dagbag.py:587} INFO - Filling up the DagBag from /home/ubuntu/airflow_snow/lib/python3.12/site-packages/airflow/example_dags/example_trigger_target_dag.py
[2024-09-01T04:35:30.608+0000] {processor.py:925} INFO - DAG(s) 'example_trigger_target_dag' retrieved from /home/ubuntu/airflow_snow/lib/python3.12/site-packages/airflow/example_dags/example_trigger_target_dag.py
[2024-09-01T04:35:30.622+0000] {logging_mixin.py:190} INFO - [2024-09-01T04:35:30.622+0000] {dag.py:3211} INFO - Sync 1 DAGs
[2024-09-01T04:35:30.634+0000] {logging_mixin.py:190} INFO - [2024-09-01T04:35:30.634+0000] {dag.py:4138} INFO - Setting next_dagrun for example_trigger_target_dag to None, run_after=None
[2024-09-01T04:35:30.656+0000] {processor.py:208} INFO - Processing /home/ubuntu/airflow_snow/lib/python3.12/site-packages/airflow/example_dags/example_trigger_target_dag.py took 0.064 seconds
[2024-09-01T04:36:21.858+0000] {processor.py:186} INFO - Started process (PID=2634) to work on /home/ubuntu/airflow_snow/lib/python3.12/site-packages/airflow/example_dags/example_trigger_target_dag.py
[2024-09-01T04:36:21.861+0000] {processor.py:914} INFO - Processing file /home/ubuntu/airflow_snow/lib/python3.12/site-packages/airflow/example_dags/example_trigger_target_dag.py for tasks to queue
[2024-09-01T04:36:21.863+0000] {logging_mixin.py:190} INFO - [2024-09-01T04:36:21.863+0000] {dagbag.py:587} INFO - Filling up the DagBag from /home/ubuntu/airflow_snow/lib/python3.12/site-packages/airflow/example_dags/example_trigger_target_dag.py
[2024-09-01T04:36:21.870+0000] {processor.py:925} INFO - DAG(s) 'example_trigger_target_dag' retrieved from /home/ubuntu/airflow_snow/lib/python3.12/site-packages/airflow/example_dags/example_trigger_target_dag.py
[2024-09-01T04:36:21.885+0000] {logging_mixin.py:190} INFO - [2024-09-01T04:36:21.884+0000] {dag.py:3211} INFO - Sync 1 DAGs
[2024-09-01T04:36:21.895+0000] {logging_mixin.py:190} INFO - [2024-09-01T04:36:21.894+0000] {dag.py:4138} INFO - Setting next_dagrun for example_trigger_target_dag to None, run_after=None
[2024-09-01T04:36:21.918+0000] {processor.py:208} INFO - Processing /home/ubuntu/airflow_snow/lib/python3.12/site-packages/airflow/example_dags/example_trigger_target_dag.py took 0.064 seconds
[2024-09-01T04:37:15.030+0000] {processor.py:186} INFO - Started process (PID=2688) to work on /home/ubuntu/airflow_snow/lib/python3.12/site-packages/airflow/example_dags/example_trigger_target_dag.py
[2024-09-01T04:37:15.032+0000] {processor.py:914} INFO - Processing file /home/ubuntu/airflow_snow/lib/python3.12/site-packages/airflow/example_dags/example_trigger_target_dag.py for tasks to queue
[2024-09-01T04:37:15.034+0000] {logging_mixin.py:190} INFO - [2024-09-01T04:37:15.034+0000] {dagbag.py:587} INFO - Filling up the DagBag from /home/ubuntu/airflow_snow/lib/python3.12/site-packages/airflow/example_dags/example_trigger_target_dag.py
[2024-09-01T04:37:15.042+0000] {processor.py:925} INFO - DAG(s) 'example_trigger_target_dag' retrieved from /home/ubuntu/airflow_snow/lib/python3.12/site-packages/airflow/example_dags/example_trigger_target_dag.py
[2024-09-01T04:37:15.055+0000] {logging_mixin.py:190} INFO - [2024-09-01T04:37:15.055+0000] {dag.py:3211} INFO - Sync 1 DAGs
[2024-09-01T04:37:15.067+0000] {logging_mixin.py:190} INFO - [2024-09-01T04:37:15.067+0000] {dag.py:4138} INFO - Setting next_dagrun for example_trigger_target_dag to None, run_after=None
[2024-09-01T04:37:15.088+0000] {processor.py:208} INFO - Processing /home/ubuntu/airflow_snow/lib/python3.12/site-packages/airflow/example_dags/example_trigger_target_dag.py took 0.064 seconds
[2024-09-01T04:38:05.365+0000] {processor.py:186} INFO - Started process (PID=2739) to work on /home/ubuntu/airflow_snow/lib/python3.12/site-packages/airflow/example_dags/example_trigger_target_dag.py
[2024-09-01T04:38:05.367+0000] {processor.py:914} INFO - Processing file /home/ubuntu/airflow_snow/lib/python3.12/site-packages/airflow/example_dags/example_trigger_target_dag.py for tasks to queue
[2024-09-01T04:38:05.369+0000] {logging_mixin.py:190} INFO - [2024-09-01T04:38:05.368+0000] {dagbag.py:587} INFO - Filling up the DagBag from /home/ubuntu/airflow_snow/lib/python3.12/site-packages/airflow/example_dags/example_trigger_target_dag.py
[2024-09-01T04:38:05.376+0000] {processor.py:925} INFO - DAG(s) 'example_trigger_target_dag' retrieved from /home/ubuntu/airflow_snow/lib/python3.12/site-packages/airflow/example_dags/example_trigger_target_dag.py
[2024-09-01T04:38:05.390+0000] {logging_mixin.py:190} INFO - [2024-09-01T04:38:05.390+0000] {dag.py:3211} INFO - Sync 1 DAGs
[2024-09-01T04:38:05.401+0000] {logging_mixin.py:190} INFO - [2024-09-01T04:38:05.401+0000] {dag.py:4138} INFO - Setting next_dagrun for example_trigger_target_dag to None, run_after=None
[2024-09-01T04:38:05.424+0000] {processor.py:208} INFO - Processing /home/ubuntu/airflow_snow/lib/python3.12/site-packages/airflow/example_dags/example_trigger_target_dag.py took 0.065 seconds
[2024-09-01T04:38:55.748+0000] {processor.py:186} INFO - Started process (PID=2790) to work on /home/ubuntu/airflow_snow/lib/python3.12/site-packages/airflow/example_dags/example_trigger_target_dag.py
[2024-09-01T04:38:55.751+0000] {processor.py:914} INFO - Processing file /home/ubuntu/airflow_snow/lib/python3.12/site-packages/airflow/example_dags/example_trigger_target_dag.py for tasks to queue
[2024-09-01T04:38:55.753+0000] {logging_mixin.py:190} INFO - [2024-09-01T04:38:55.753+0000] {dagbag.py:587} INFO - Filling up the DagBag from /home/ubuntu/airflow_snow/lib/python3.12/site-packages/airflow/example_dags/example_trigger_target_dag.py
[2024-09-01T04:38:55.760+0000] {processor.py:925} INFO - DAG(s) 'example_trigger_target_dag' retrieved from /home/ubuntu/airflow_snow/lib/python3.12/site-packages/airflow/example_dags/example_trigger_target_dag.py
[2024-09-01T04:38:55.774+0000] {logging_mixin.py:190} INFO - [2024-09-01T04:38:55.774+0000] {dag.py:3211} INFO - Sync 1 DAGs
[2024-09-01T04:38:55.786+0000] {logging_mixin.py:190} INFO - [2024-09-01T04:38:55.786+0000] {dag.py:4138} INFO - Setting next_dagrun for example_trigger_target_dag to None, run_after=None
[2024-09-01T04:38:55.808+0000] {processor.py:208} INFO - Processing /home/ubuntu/airflow_snow/lib/python3.12/site-packages/airflow/example_dags/example_trigger_target_dag.py took 0.065 seconds
[2024-09-01T04:39:48.271+0000] {processor.py:186} INFO - Started process (PID=2843) to work on /home/ubuntu/airflow_snow/lib/python3.12/site-packages/airflow/example_dags/example_trigger_target_dag.py
[2024-09-01T04:39:48.274+0000] {processor.py:914} INFO - Processing file /home/ubuntu/airflow_snow/lib/python3.12/site-packages/airflow/example_dags/example_trigger_target_dag.py for tasks to queue
[2024-09-01T04:39:48.276+0000] {logging_mixin.py:190} INFO - [2024-09-01T04:39:48.275+0000] {dagbag.py:587} INFO - Filling up the DagBag from /home/ubuntu/airflow_snow/lib/python3.12/site-packages/airflow/example_dags/example_trigger_target_dag.py
[2024-09-01T04:39:48.283+0000] {processor.py:925} INFO - DAG(s) 'example_trigger_target_dag' retrieved from /home/ubuntu/airflow_snow/lib/python3.12/site-packages/airflow/example_dags/example_trigger_target_dag.py
[2024-09-01T04:39:48.298+0000] {logging_mixin.py:190} INFO - [2024-09-01T04:39:48.298+0000] {dag.py:3211} INFO - Sync 1 DAGs
[2024-09-01T04:39:48.310+0000] {logging_mixin.py:190} INFO - [2024-09-01T04:39:48.309+0000] {dag.py:4138} INFO - Setting next_dagrun for example_trigger_target_dag to None, run_after=None
[2024-09-01T04:39:48.331+0000] {processor.py:208} INFO - Processing /home/ubuntu/airflow_snow/lib/python3.12/site-packages/airflow/example_dags/example_trigger_target_dag.py took 0.065 seconds
[2024-09-01T04:40:38.941+0000] {processor.py:186} INFO - Started process (PID=2899) to work on /home/ubuntu/airflow_snow/lib/python3.12/site-packages/airflow/example_dags/example_trigger_target_dag.py
[2024-09-01T04:40:38.943+0000] {processor.py:914} INFO - Processing file /home/ubuntu/airflow_snow/lib/python3.12/site-packages/airflow/example_dags/example_trigger_target_dag.py for tasks to queue
[2024-09-01T04:40:38.945+0000] {logging_mixin.py:190} INFO - [2024-09-01T04:40:38.945+0000] {dagbag.py:587} INFO - Filling up the DagBag from /home/ubuntu/airflow_snow/lib/python3.12/site-packages/airflow/example_dags/example_trigger_target_dag.py
[2024-09-01T04:40:38.953+0000] {processor.py:925} INFO - DAG(s) 'example_trigger_target_dag' retrieved from /home/ubuntu/airflow_snow/lib/python3.12/site-packages/airflow/example_dags/example_trigger_target_dag.py
[2024-09-01T04:40:38.967+0000] {logging_mixin.py:190} INFO - [2024-09-01T04:40:38.967+0000] {dag.py:3211} INFO - Sync 1 DAGs
[2024-09-01T04:40:38.979+0000] {logging_mixin.py:190} INFO - [2024-09-01T04:40:38.978+0000] {dag.py:4138} INFO - Setting next_dagrun for example_trigger_target_dag to None, run_after=None
[2024-09-01T04:40:39.002+0000] {processor.py:208} INFO - Processing /home/ubuntu/airflow_snow/lib/python3.12/site-packages/airflow/example_dags/example_trigger_target_dag.py took 0.068 seconds
[2024-09-01T04:41:31.422+0000] {processor.py:186} INFO - Started process (PID=2953) to work on /home/ubuntu/airflow_snow/lib/python3.12/site-packages/airflow/example_dags/example_trigger_target_dag.py
[2024-09-01T04:41:31.424+0000] {processor.py:914} INFO - Processing file /home/ubuntu/airflow_snow/lib/python3.12/site-packages/airflow/example_dags/example_trigger_target_dag.py for tasks to queue
[2024-09-01T04:41:31.426+0000] {logging_mixin.py:190} INFO - [2024-09-01T04:41:31.426+0000] {dagbag.py:587} INFO - Filling up the DagBag from /home/ubuntu/airflow_snow/lib/python3.12/site-packages/airflow/example_dags/example_trigger_target_dag.py
[2024-09-01T04:41:31.434+0000] {processor.py:925} INFO - DAG(s) 'example_trigger_target_dag' retrieved from /home/ubuntu/airflow_snow/lib/python3.12/site-packages/airflow/example_dags/example_trigger_target_dag.py
[2024-09-01T04:41:31.447+0000] {logging_mixin.py:190} INFO - [2024-09-01T04:41:31.447+0000] {dag.py:3211} INFO - Sync 1 DAGs
[2024-09-01T04:41:31.459+0000] {logging_mixin.py:190} INFO - [2024-09-01T04:41:31.459+0000] {dag.py:4138} INFO - Setting next_dagrun for example_trigger_target_dag to None, run_after=None
[2024-09-01T04:41:31.483+0000] {processor.py:208} INFO - Processing /home/ubuntu/airflow_snow/lib/python3.12/site-packages/airflow/example_dags/example_trigger_target_dag.py took 0.067 seconds
[2024-09-01T04:42:20.303+0000] {processor.py:186} INFO - Started process (PID=3003) to work on /home/ubuntu/airflow_snow/lib/python3.12/site-packages/airflow/example_dags/example_trigger_target_dag.py
[2024-09-01T04:42:20.305+0000] {processor.py:914} INFO - Processing file /home/ubuntu/airflow_snow/lib/python3.12/site-packages/airflow/example_dags/example_trigger_target_dag.py for tasks to queue
[2024-09-01T04:42:20.307+0000] {logging_mixin.py:190} INFO - [2024-09-01T04:42:20.307+0000] {dagbag.py:587} INFO - Filling up the DagBag from /home/ubuntu/airflow_snow/lib/python3.12/site-packages/airflow/example_dags/example_trigger_target_dag.py
[2024-09-01T04:42:20.315+0000] {processor.py:925} INFO - DAG(s) 'example_trigger_target_dag' retrieved from /home/ubuntu/airflow_snow/lib/python3.12/site-packages/airflow/example_dags/example_trigger_target_dag.py
[2024-09-01T04:42:20.329+0000] {logging_mixin.py:190} INFO - [2024-09-01T04:42:20.328+0000] {dag.py:3211} INFO - Sync 1 DAGs
[2024-09-01T04:42:20.339+0000] {logging_mixin.py:190} INFO - [2024-09-01T04:42:20.339+0000] {dag.py:4138} INFO - Setting next_dagrun for example_trigger_target_dag to None, run_after=None
[2024-09-01T04:42:20.364+0000] {processor.py:208} INFO - Processing /home/ubuntu/airflow_snow/lib/python3.12/site-packages/airflow/example_dags/example_trigger_target_dag.py took 0.067 seconds
[2024-09-01T04:43:10.901+0000] {processor.py:186} INFO - Started process (PID=3054) to work on /home/ubuntu/airflow_snow/lib/python3.12/site-packages/airflow/example_dags/example_trigger_target_dag.py
[2024-09-01T04:43:10.905+0000] {processor.py:914} INFO - Processing file /home/ubuntu/airflow_snow/lib/python3.12/site-packages/airflow/example_dags/example_trigger_target_dag.py for tasks to queue
[2024-09-01T04:43:10.907+0000] {logging_mixin.py:190} INFO - [2024-09-01T04:43:10.907+0000] {dagbag.py:587} INFO - Filling up the DagBag from /home/ubuntu/airflow_snow/lib/python3.12/site-packages/airflow/example_dags/example_trigger_target_dag.py
[2024-09-01T04:43:10.915+0000] {processor.py:925} INFO - DAG(s) 'example_trigger_target_dag' retrieved from /home/ubuntu/airflow_snow/lib/python3.12/site-packages/airflow/example_dags/example_trigger_target_dag.py
[2024-09-01T04:43:10.927+0000] {logging_mixin.py:190} INFO - [2024-09-01T04:43:10.927+0000] {dag.py:3211} INFO - Sync 1 DAGs
[2024-09-01T04:43:10.939+0000] {logging_mixin.py:190} INFO - [2024-09-01T04:43:10.939+0000] {dag.py:4138} INFO - Setting next_dagrun for example_trigger_target_dag to None, run_after=None
[2024-09-01T04:43:10.963+0000] {processor.py:208} INFO - Processing /home/ubuntu/airflow_snow/lib/python3.12/site-packages/airflow/example_dags/example_trigger_target_dag.py took 0.067 seconds
[2024-09-01T04:43:59.630+0000] {processor.py:186} INFO - Started process (PID=3104) to work on /home/ubuntu/airflow_snow/lib/python3.12/site-packages/airflow/example_dags/example_trigger_target_dag.py
[2024-09-01T04:43:59.632+0000] {processor.py:914} INFO - Processing file /home/ubuntu/airflow_snow/lib/python3.12/site-packages/airflow/example_dags/example_trigger_target_dag.py for tasks to queue
[2024-09-01T04:43:59.634+0000] {logging_mixin.py:190} INFO - [2024-09-01T04:43:59.633+0000] {dagbag.py:587} INFO - Filling up the DagBag from /home/ubuntu/airflow_snow/lib/python3.12/site-packages/airflow/example_dags/example_trigger_target_dag.py
[2024-09-01T04:43:59.641+0000] {processor.py:925} INFO - DAG(s) 'example_trigger_target_dag' retrieved from /home/ubuntu/airflow_snow/lib/python3.12/site-packages/airflow/example_dags/example_trigger_target_dag.py
[2024-09-01T04:43:59.654+0000] {logging_mixin.py:190} INFO - [2024-09-01T04:43:59.654+0000] {dag.py:3211} INFO - Sync 1 DAGs
[2024-09-01T04:43:59.666+0000] {logging_mixin.py:190} INFO - [2024-09-01T04:43:59.665+0000] {dag.py:4138} INFO - Setting next_dagrun for example_trigger_target_dag to None, run_after=None
[2024-09-01T04:43:59.687+0000] {processor.py:208} INFO - Processing /home/ubuntu/airflow_snow/lib/python3.12/site-packages/airflow/example_dags/example_trigger_target_dag.py took 0.063 seconds
[2024-09-01T04:44:50.611+0000] {processor.py:186} INFO - Started process (PID=3160) to work on /home/ubuntu/airflow_snow/lib/python3.12/site-packages/airflow/example_dags/example_trigger_target_dag.py
[2024-09-01T04:44:50.613+0000] {processor.py:914} INFO - Processing file /home/ubuntu/airflow_snow/lib/python3.12/site-packages/airflow/example_dags/example_trigger_target_dag.py for tasks to queue
[2024-09-01T04:44:50.615+0000] {logging_mixin.py:190} INFO - [2024-09-01T04:44:50.615+0000] {dagbag.py:587} INFO - Filling up the DagBag from /home/ubuntu/airflow_snow/lib/python3.12/site-packages/airflow/example_dags/example_trigger_target_dag.py
[2024-09-01T04:44:50.623+0000] {processor.py:925} INFO - DAG(s) 'example_trigger_target_dag' retrieved from /home/ubuntu/airflow_snow/lib/python3.12/site-packages/airflow/example_dags/example_trigger_target_dag.py
[2024-09-01T04:44:50.636+0000] {logging_mixin.py:190} INFO - [2024-09-01T04:44:50.636+0000] {dag.py:3211} INFO - Sync 1 DAGs
[2024-09-01T04:44:50.647+0000] {logging_mixin.py:190} INFO - [2024-09-01T04:44:50.647+0000] {dag.py:4138} INFO - Setting next_dagrun for example_trigger_target_dag to None, run_after=None
[2024-09-01T04:44:50.672+0000] {processor.py:208} INFO - Processing /home/ubuntu/airflow_snow/lib/python3.12/site-packages/airflow/example_dags/example_trigger_target_dag.py took 0.066 seconds
[2024-09-01T04:45:36.939+0000] {processor.py:186} INFO - Started process (PID=3215) to work on /home/ubuntu/airflow_snow/lib/python3.12/site-packages/airflow/example_dags/example_trigger_target_dag.py
[2024-09-01T04:45:36.942+0000] {processor.py:914} INFO - Processing file /home/ubuntu/airflow_snow/lib/python3.12/site-packages/airflow/example_dags/example_trigger_target_dag.py for tasks to queue
[2024-09-01T04:45:36.944+0000] {logging_mixin.py:190} INFO - [2024-09-01T04:45:36.944+0000] {dagbag.py:587} INFO - Filling up the DagBag from /home/ubuntu/airflow_snow/lib/python3.12/site-packages/airflow/example_dags/example_trigger_target_dag.py
[2024-09-01T04:45:36.951+0000] {processor.py:925} INFO - DAG(s) 'example_trigger_target_dag' retrieved from /home/ubuntu/airflow_snow/lib/python3.12/site-packages/airflow/example_dags/example_trigger_target_dag.py
[2024-09-01T04:45:36.965+0000] {logging_mixin.py:190} INFO - [2024-09-01T04:45:36.964+0000] {dag.py:3211} INFO - Sync 1 DAGs
[2024-09-01T04:45:36.975+0000] {logging_mixin.py:190} INFO - [2024-09-01T04:45:36.975+0000] {dag.py:4138} INFO - Setting next_dagrun for example_trigger_target_dag to None, run_after=None
[2024-09-01T04:45:36.999+0000] {processor.py:208} INFO - Processing /home/ubuntu/airflow_snow/lib/python3.12/site-packages/airflow/example_dags/example_trigger_target_dag.py took 0.065 seconds
[2024-09-01T04:46:23.351+0000] {processor.py:186} INFO - Started process (PID=3263) to work on /home/ubuntu/airflow_snow/lib/python3.12/site-packages/airflow/example_dags/example_trigger_target_dag.py
[2024-09-01T04:46:23.354+0000] {processor.py:914} INFO - Processing file /home/ubuntu/airflow_snow/lib/python3.12/site-packages/airflow/example_dags/example_trigger_target_dag.py for tasks to queue
[2024-09-01T04:46:23.355+0000] {logging_mixin.py:190} INFO - [2024-09-01T04:46:23.355+0000] {dagbag.py:587} INFO - Filling up the DagBag from /home/ubuntu/airflow_snow/lib/python3.12/site-packages/airflow/example_dags/example_trigger_target_dag.py
[2024-09-01T04:46:23.363+0000] {processor.py:925} INFO - DAG(s) 'example_trigger_target_dag' retrieved from /home/ubuntu/airflow_snow/lib/python3.12/site-packages/airflow/example_dags/example_trigger_target_dag.py
[2024-09-01T04:46:23.377+0000] {logging_mixin.py:190} INFO - [2024-09-01T04:46:23.377+0000] {dag.py:3211} INFO - Sync 1 DAGs
[2024-09-01T04:46:23.387+0000] {logging_mixin.py:190} INFO - [2024-09-01T04:46:23.387+0000] {dag.py:4138} INFO - Setting next_dagrun for example_trigger_target_dag to None, run_after=None
[2024-09-01T04:46:23.415+0000] {processor.py:208} INFO - Processing /home/ubuntu/airflow_snow/lib/python3.12/site-packages/airflow/example_dags/example_trigger_target_dag.py took 0.069 seconds
[2024-09-01T04:47:12.423+0000] {processor.py:186} INFO - Started process (PID=3313) to work on /home/ubuntu/airflow_snow/lib/python3.12/site-packages/airflow/example_dags/example_trigger_target_dag.py
[2024-09-01T04:47:12.425+0000] {processor.py:914} INFO - Processing file /home/ubuntu/airflow_snow/lib/python3.12/site-packages/airflow/example_dags/example_trigger_target_dag.py for tasks to queue
[2024-09-01T04:47:12.427+0000] {logging_mixin.py:190} INFO - [2024-09-01T04:47:12.427+0000] {dagbag.py:587} INFO - Filling up the DagBag from /home/ubuntu/airflow_snow/lib/python3.12/site-packages/airflow/example_dags/example_trigger_target_dag.py
[2024-09-01T04:47:12.434+0000] {processor.py:925} INFO - DAG(s) 'example_trigger_target_dag' retrieved from /home/ubuntu/airflow_snow/lib/python3.12/site-packages/airflow/example_dags/example_trigger_target_dag.py
[2024-09-01T04:47:12.447+0000] {logging_mixin.py:190} INFO - [2024-09-01T04:47:12.447+0000] {dag.py:3211} INFO - Sync 1 DAGs
[2024-09-01T04:47:12.461+0000] {logging_mixin.py:190} INFO - [2024-09-01T04:47:12.461+0000] {dag.py:4138} INFO - Setting next_dagrun for example_trigger_target_dag to None, run_after=None
[2024-09-01T04:47:12.482+0000] {processor.py:208} INFO - Processing /home/ubuntu/airflow_snow/lib/python3.12/site-packages/airflow/example_dags/example_trigger_target_dag.py took 0.064 seconds
[2024-09-01T04:48:00.803+0000] {processor.py:186} INFO - Started process (PID=3364) to work on /home/ubuntu/airflow_snow/lib/python3.12/site-packages/airflow/example_dags/example_trigger_target_dag.py
[2024-09-01T04:48:00.804+0000] {processor.py:914} INFO - Processing file /home/ubuntu/airflow_snow/lib/python3.12/site-packages/airflow/example_dags/example_trigger_target_dag.py for tasks to queue
[2024-09-01T04:48:00.806+0000] {logging_mixin.py:190} INFO - [2024-09-01T04:48:00.806+0000] {dagbag.py:587} INFO - Filling up the DagBag from /home/ubuntu/airflow_snow/lib/python3.12/site-packages/airflow/example_dags/example_trigger_target_dag.py
[2024-09-01T04:48:00.814+0000] {processor.py:925} INFO - DAG(s) 'example_trigger_target_dag' retrieved from /home/ubuntu/airflow_snow/lib/python3.12/site-packages/airflow/example_dags/example_trigger_target_dag.py
[2024-09-01T04:48:00.827+0000] {logging_mixin.py:190} INFO - [2024-09-01T04:48:00.827+0000] {dag.py:3211} INFO - Sync 1 DAGs
[2024-09-01T04:48:00.838+0000] {logging_mixin.py:190} INFO - [2024-09-01T04:48:00.838+0000] {dag.py:4138} INFO - Setting next_dagrun for example_trigger_target_dag to None, run_after=None
[2024-09-01T04:48:00.861+0000] {processor.py:208} INFO - Processing /home/ubuntu/airflow_snow/lib/python3.12/site-packages/airflow/example_dags/example_trigger_target_dag.py took 0.063 seconds
[2024-09-01T04:48:49.103+0000] {processor.py:186} INFO - Started process (PID=3415) to work on /home/ubuntu/airflow_snow/lib/python3.12/site-packages/airflow/example_dags/example_trigger_target_dag.py
[2024-09-01T04:48:49.105+0000] {processor.py:914} INFO - Processing file /home/ubuntu/airflow_snow/lib/python3.12/site-packages/airflow/example_dags/example_trigger_target_dag.py for tasks to queue
[2024-09-01T04:48:49.107+0000] {logging_mixin.py:190} INFO - [2024-09-01T04:48:49.107+0000] {dagbag.py:587} INFO - Filling up the DagBag from /home/ubuntu/airflow_snow/lib/python3.12/site-packages/airflow/example_dags/example_trigger_target_dag.py
[2024-09-01T04:48:49.115+0000] {processor.py:925} INFO - DAG(s) 'example_trigger_target_dag' retrieved from /home/ubuntu/airflow_snow/lib/python3.12/site-packages/airflow/example_dags/example_trigger_target_dag.py
[2024-09-01T04:48:49.129+0000] {logging_mixin.py:190} INFO - [2024-09-01T04:48:49.128+0000] {dag.py:3211} INFO - Sync 1 DAGs
[2024-09-01T04:48:49.139+0000] {logging_mixin.py:190} INFO - [2024-09-01T04:48:49.139+0000] {dag.py:4138} INFO - Setting next_dagrun for example_trigger_target_dag to None, run_after=None
[2024-09-01T04:48:49.162+0000] {processor.py:208} INFO - Processing /home/ubuntu/airflow_snow/lib/python3.12/site-packages/airflow/example_dags/example_trigger_target_dag.py took 0.064 seconds
[2024-09-01T04:49:36.875+0000] {processor.py:186} INFO - Started process (PID=3465) to work on /home/ubuntu/airflow_snow/lib/python3.12/site-packages/airflow/example_dags/example_trigger_target_dag.py
[2024-09-01T04:49:36.877+0000] {processor.py:914} INFO - Processing file /home/ubuntu/airflow_snow/lib/python3.12/site-packages/airflow/example_dags/example_trigger_target_dag.py for tasks to queue
[2024-09-01T04:49:36.879+0000] {logging_mixin.py:190} INFO - [2024-09-01T04:49:36.879+0000] {dagbag.py:587} INFO - Filling up the DagBag from /home/ubuntu/airflow_snow/lib/python3.12/site-packages/airflow/example_dags/example_trigger_target_dag.py
[2024-09-01T04:49:36.887+0000] {processor.py:925} INFO - DAG(s) 'example_trigger_target_dag' retrieved from /home/ubuntu/airflow_snow/lib/python3.12/site-packages/airflow/example_dags/example_trigger_target_dag.py
[2024-09-01T04:49:36.901+0000] {logging_mixin.py:190} INFO - [2024-09-01T04:49:36.901+0000] {dag.py:3211} INFO - Sync 1 DAGs
[2024-09-01T04:49:36.912+0000] {logging_mixin.py:190} INFO - [2024-09-01T04:49:36.912+0000] {dag.py:4138} INFO - Setting next_dagrun for example_trigger_target_dag to None, run_after=None
[2024-09-01T04:49:36.933+0000] {processor.py:208} INFO - Processing /home/ubuntu/airflow_snow/lib/python3.12/site-packages/airflow/example_dags/example_trigger_target_dag.py took 0.063 seconds
[2024-09-01T04:50:21.371+0000] {processor.py:186} INFO - Started process (PID=3513) to work on /home/ubuntu/airflow_snow/lib/python3.12/site-packages/airflow/example_dags/example_trigger_target_dag.py
[2024-09-01T04:50:21.373+0000] {processor.py:914} INFO - Processing file /home/ubuntu/airflow_snow/lib/python3.12/site-packages/airflow/example_dags/example_trigger_target_dag.py for tasks to queue
[2024-09-01T04:50:21.375+0000] {logging_mixin.py:190} INFO - [2024-09-01T04:50:21.374+0000] {dagbag.py:587} INFO - Filling up the DagBag from /home/ubuntu/airflow_snow/lib/python3.12/site-packages/airflow/example_dags/example_trigger_target_dag.py
[2024-09-01T04:50:21.382+0000] {processor.py:925} INFO - DAG(s) 'example_trigger_target_dag' retrieved from /home/ubuntu/airflow_snow/lib/python3.12/site-packages/airflow/example_dags/example_trigger_target_dag.py
[2024-09-01T04:50:21.396+0000] {logging_mixin.py:190} INFO - [2024-09-01T04:50:21.395+0000] {dag.py:3211} INFO - Sync 1 DAGs
[2024-09-01T04:50:21.407+0000] {logging_mixin.py:190} INFO - [2024-09-01T04:50:21.407+0000] {dag.py:4138} INFO - Setting next_dagrun for example_trigger_target_dag to None, run_after=None
[2024-09-01T04:50:21.426+0000] {processor.py:208} INFO - Processing /home/ubuntu/airflow_snow/lib/python3.12/site-packages/airflow/example_dags/example_trigger_target_dag.py took 0.060 seconds
[2024-09-01T04:51:06.814+0000] {processor.py:186} INFO - Started process (PID=3565) to work on /home/ubuntu/airflow_snow/lib/python3.12/site-packages/airflow/example_dags/example_trigger_target_dag.py
[2024-09-01T04:51:06.815+0000] {processor.py:914} INFO - Processing file /home/ubuntu/airflow_snow/lib/python3.12/site-packages/airflow/example_dags/example_trigger_target_dag.py for tasks to queue
[2024-09-01T04:51:06.817+0000] {logging_mixin.py:190} INFO - [2024-09-01T04:51:06.817+0000] {dagbag.py:587} INFO - Filling up the DagBag from /home/ubuntu/airflow_snow/lib/python3.12/site-packages/airflow/example_dags/example_trigger_target_dag.py
[2024-09-01T04:51:06.825+0000] {processor.py:925} INFO - DAG(s) 'example_trigger_target_dag' retrieved from /home/ubuntu/airflow_snow/lib/python3.12/site-packages/airflow/example_dags/example_trigger_target_dag.py
[2024-09-01T04:51:06.839+0000] {logging_mixin.py:190} INFO - [2024-09-01T04:51:06.838+0000] {dag.py:3211} INFO - Sync 1 DAGs
[2024-09-01T04:51:06.849+0000] {logging_mixin.py:190} INFO - [2024-09-01T04:51:06.849+0000] {dag.py:4138} INFO - Setting next_dagrun for example_trigger_target_dag to None, run_after=None
[2024-09-01T04:51:06.871+0000] {processor.py:208} INFO - Processing /home/ubuntu/airflow_snow/lib/python3.12/site-packages/airflow/example_dags/example_trigger_target_dag.py took 0.064 seconds
[2024-09-01T04:51:58.739+0000] {processor.py:186} INFO - Started process (PID=3618) to work on /home/ubuntu/airflow_snow/lib/python3.12/site-packages/airflow/example_dags/example_trigger_target_dag.py
[2024-09-01T04:51:58.741+0000] {processor.py:914} INFO - Processing file /home/ubuntu/airflow_snow/lib/python3.12/site-packages/airflow/example_dags/example_trigger_target_dag.py for tasks to queue
[2024-09-01T04:51:58.743+0000] {logging_mixin.py:190} INFO - [2024-09-01T04:51:58.742+0000] {dagbag.py:587} INFO - Filling up the DagBag from /home/ubuntu/airflow_snow/lib/python3.12/site-packages/airflow/example_dags/example_trigger_target_dag.py
[2024-09-01T04:51:58.750+0000] {processor.py:925} INFO - DAG(s) 'example_trigger_target_dag' retrieved from /home/ubuntu/airflow_snow/lib/python3.12/site-packages/airflow/example_dags/example_trigger_target_dag.py
[2024-09-01T04:51:58.763+0000] {logging_mixin.py:190} INFO - [2024-09-01T04:51:58.763+0000] {dag.py:3211} INFO - Sync 1 DAGs
[2024-09-01T04:51:58.775+0000] {logging_mixin.py:190} INFO - [2024-09-01T04:51:58.775+0000] {dag.py:4138} INFO - Setting next_dagrun for example_trigger_target_dag to None, run_after=None
[2024-09-01T04:51:58.798+0000] {processor.py:208} INFO - Processing /home/ubuntu/airflow_snow/lib/python3.12/site-packages/airflow/example_dags/example_trigger_target_dag.py took 0.063 seconds
[2024-09-01T04:52:47.281+0000] {processor.py:186} INFO - Started process (PID=3668) to work on /home/ubuntu/airflow_snow/lib/python3.12/site-packages/airflow/example_dags/example_trigger_target_dag.py
[2024-09-01T04:52:47.284+0000] {processor.py:914} INFO - Processing file /home/ubuntu/airflow_snow/lib/python3.12/site-packages/airflow/example_dags/example_trigger_target_dag.py for tasks to queue
[2024-09-01T04:52:47.287+0000] {logging_mixin.py:190} INFO - [2024-09-01T04:52:47.286+0000] {dagbag.py:587} INFO - Filling up the DagBag from /home/ubuntu/airflow_snow/lib/python3.12/site-packages/airflow/example_dags/example_trigger_target_dag.py
[2024-09-01T04:52:47.293+0000] {processor.py:925} INFO - DAG(s) 'example_trigger_target_dag' retrieved from /home/ubuntu/airflow_snow/lib/python3.12/site-packages/airflow/example_dags/example_trigger_target_dag.py
[2024-09-01T04:52:47.307+0000] {logging_mixin.py:190} INFO - [2024-09-01T04:52:47.307+0000] {dag.py:3211} INFO - Sync 1 DAGs
[2024-09-01T04:52:47.317+0000] {logging_mixin.py:190} INFO - [2024-09-01T04:52:47.317+0000] {dag.py:4138} INFO - Setting next_dagrun for example_trigger_target_dag to None, run_after=None
[2024-09-01T04:52:47.344+0000] {processor.py:208} INFO - Processing /home/ubuntu/airflow_snow/lib/python3.12/site-packages/airflow/example_dags/example_trigger_target_dag.py took 0.068 seconds
