[2024-09-01T04:28:47.850+0000] {processor.py:186} INFO - Started process (PID=2166) to work on /home/ubuntu/airflow_snow/lib/python3.12/site-packages/airflow/example_dags/example_short_circuit_operator.py
[2024-09-01T04:28:47.851+0000] {processor.py:914} INFO - Processing file /home/ubuntu/airflow_snow/lib/python3.12/site-packages/airflow/example_dags/example_short_circuit_operator.py for tasks to queue
[2024-09-01T04:28:47.853+0000] {logging_mixin.py:190} INFO - [2024-09-01T04:28:47.853+0000] {dagbag.py:587} INFO - Filling up the DagBag from /home/ubuntu/airflow_snow/lib/python3.12/site-packages/airflow/example_dags/example_short_circuit_operator.py
[2024-09-01T04:28:47.861+0000] {processor.py:925} INFO - DAG(s) 'example_short_circuit_operator' retrieved from /home/ubuntu/airflow_snow/lib/python3.12/site-packages/airflow/example_dags/example_short_circuit_operator.py
[2024-09-01T04:28:47.970+0000] {logging_mixin.py:190} INFO - [2024-09-01T04:28:47.970+0000] {override.py:1900} INFO - Created Permission View: can delete on DAG:example_short_circuit_operator
[2024-09-01T04:28:47.983+0000] {logging_mixin.py:190} INFO - [2024-09-01T04:28:47.983+0000] {override.py:1900} INFO - Created Permission View: can read on DAG:example_short_circuit_operator
[2024-09-01T04:28:47.997+0000] {logging_mixin.py:190} INFO - [2024-09-01T04:28:47.997+0000] {override.py:1900} INFO - Created Permission View: can edit on DAG:example_short_circuit_operator
[2024-09-01T04:28:48.022+0000] {logging_mixin.py:190} INFO - [2024-09-01T04:28:48.022+0000] {override.py:1900} INFO - Created Permission View: menu access on DAG Run:example_short_circuit_operator
[2024-09-01T04:28:48.035+0000] {logging_mixin.py:190} INFO - [2024-09-01T04:28:48.034+0000] {override.py:1900} INFO - Created Permission View: can create on DAG Run:example_short_circuit_operator
[2024-09-01T04:28:48.045+0000] {logging_mixin.py:190} INFO - [2024-09-01T04:28:48.045+0000] {override.py:1900} INFO - Created Permission View: can read on DAG Run:example_short_circuit_operator
[2024-09-01T04:28:48.058+0000] {logging_mixin.py:190} INFO - [2024-09-01T04:28:48.058+0000] {override.py:1900} INFO - Created Permission View: can delete on DAG Run:example_short_circuit_operator
[2024-09-01T04:28:48.058+0000] {logging_mixin.py:190} INFO - [2024-09-01T04:28:48.058+0000] {dag.py:3211} INFO - Sync 1 DAGs
[2024-09-01T04:28:48.068+0000] {logging_mixin.py:190} INFO - [2024-09-01T04:28:48.067+0000] {dag.py:3234} INFO - Creating ORM DAG for example_short_circuit_operator
[2024-09-01T04:28:48.075+0000] {logging_mixin.py:190} INFO - [2024-09-01T04:28:48.075+0000] {dag.py:4138} INFO - Setting next_dagrun for example_short_circuit_operator to 2024-08-31 00:00:00+00:00, run_after=2024-09-01 00:00:00+00:00
[2024-09-01T04:28:48.099+0000] {processor.py:208} INFO - Processing /home/ubuntu/airflow_snow/lib/python3.12/site-packages/airflow/example_dags/example_short_circuit_operator.py took 0.254 seconds
[2024-09-01T04:29:51.611+0000] {processor.py:186} INFO - Started process (PID=2222) to work on /home/ubuntu/airflow_snow/lib/python3.12/site-packages/airflow/example_dags/example_short_circuit_operator.py
[2024-09-01T04:29:51.614+0000] {processor.py:914} INFO - Processing file /home/ubuntu/airflow_snow/lib/python3.12/site-packages/airflow/example_dags/example_short_circuit_operator.py for tasks to queue
[2024-09-01T04:29:51.615+0000] {logging_mixin.py:190} INFO - [2024-09-01T04:29:51.615+0000] {dagbag.py:587} INFO - Filling up the DagBag from /home/ubuntu/airflow_snow/lib/python3.12/site-packages/airflow/example_dags/example_short_circuit_operator.py
[2024-09-01T04:29:51.623+0000] {processor.py:925} INFO - DAG(s) 'example_short_circuit_operator' retrieved from /home/ubuntu/airflow_snow/lib/python3.12/site-packages/airflow/example_dags/example_short_circuit_operator.py
[2024-09-01T04:29:51.639+0000] {logging_mixin.py:190} INFO - [2024-09-01T04:29:51.639+0000] {dag.py:3211} INFO - Sync 1 DAGs
[2024-09-01T04:29:51.675+0000] {logging_mixin.py:190} INFO - [2024-09-01T04:29:51.675+0000] {dag.py:4138} INFO - Setting next_dagrun for example_short_circuit_operator to 2024-08-31 00:00:00+00:00, run_after=2024-09-01 00:00:00+00:00
[2024-09-01T04:29:51.697+0000] {processor.py:208} INFO - Processing /home/ubuntu/airflow_snow/lib/python3.12/site-packages/airflow/example_dags/example_short_circuit_operator.py took 0.091 seconds
[2024-09-01T04:30:45.608+0000] {processor.py:186} INFO - Started process (PID=2283) to work on /home/ubuntu/airflow_snow/lib/python3.12/site-packages/airflow/example_dags/example_short_circuit_operator.py
[2024-09-01T04:30:45.610+0000] {processor.py:914} INFO - Processing file /home/ubuntu/airflow_snow/lib/python3.12/site-packages/airflow/example_dags/example_short_circuit_operator.py for tasks to queue
[2024-09-01T04:30:45.612+0000] {logging_mixin.py:190} INFO - [2024-09-01T04:30:45.612+0000] {dagbag.py:587} INFO - Filling up the DagBag from /home/ubuntu/airflow_snow/lib/python3.12/site-packages/airflow/example_dags/example_short_circuit_operator.py
[2024-09-01T04:30:45.620+0000] {processor.py:925} INFO - DAG(s) 'example_short_circuit_operator' retrieved from /home/ubuntu/airflow_snow/lib/python3.12/site-packages/airflow/example_dags/example_short_circuit_operator.py
[2024-09-01T04:30:45.637+0000] {logging_mixin.py:190} INFO - [2024-09-01T04:30:45.636+0000] {dag.py:3211} INFO - Sync 1 DAGs
[2024-09-01T04:30:45.654+0000] {logging_mixin.py:190} INFO - [2024-09-01T04:30:45.654+0000] {dag.py:4138} INFO - Setting next_dagrun for example_short_circuit_operator to 2024-08-31 00:00:00+00:00, run_after=2024-09-01 00:00:00+00:00
[2024-09-01T04:30:45.678+0000] {processor.py:208} INFO - Processing /home/ubuntu/airflow_snow/lib/python3.12/site-packages/airflow/example_dags/example_short_circuit_operator.py took 0.075 seconds
[2024-09-01T04:31:40.959+0000] {processor.py:186} INFO - Started process (PID=2341) to work on /home/ubuntu/airflow_snow/lib/python3.12/site-packages/airflow/example_dags/example_short_circuit_operator.py
[2024-09-01T04:31:40.961+0000] {processor.py:914} INFO - Processing file /home/ubuntu/airflow_snow/lib/python3.12/site-packages/airflow/example_dags/example_short_circuit_operator.py for tasks to queue
[2024-09-01T04:31:40.962+0000] {logging_mixin.py:190} INFO - [2024-09-01T04:31:40.962+0000] {dagbag.py:587} INFO - Filling up the DagBag from /home/ubuntu/airflow_snow/lib/python3.12/site-packages/airflow/example_dags/example_short_circuit_operator.py
[2024-09-01T04:31:40.971+0000] {processor.py:925} INFO - DAG(s) 'example_short_circuit_operator' retrieved from /home/ubuntu/airflow_snow/lib/python3.12/site-packages/airflow/example_dags/example_short_circuit_operator.py
[2024-09-01T04:31:40.987+0000] {logging_mixin.py:190} INFO - [2024-09-01T04:31:40.987+0000] {dag.py:3211} INFO - Sync 1 DAGs
[2024-09-01T04:31:41.006+0000] {logging_mixin.py:190} INFO - [2024-09-01T04:31:41.006+0000] {dag.py:4138} INFO - Setting next_dagrun for example_short_circuit_operator to 2024-08-31 00:00:00+00:00, run_after=2024-09-01 00:00:00+00:00
[2024-09-01T04:31:41.027+0000] {processor.py:208} INFO - Processing /home/ubuntu/airflow_snow/lib/python3.12/site-packages/airflow/example_dags/example_short_circuit_operator.py took 0.073 seconds
[2024-09-01T04:32:29.612+0000] {processor.py:186} INFO - Started process (PID=2392) to work on /home/ubuntu/airflow_snow/lib/python3.12/site-packages/airflow/example_dags/example_short_circuit_operator.py
[2024-09-01T04:32:29.614+0000] {processor.py:914} INFO - Processing file /home/ubuntu/airflow_snow/lib/python3.12/site-packages/airflow/example_dags/example_short_circuit_operator.py for tasks to queue
[2024-09-01T04:32:29.616+0000] {logging_mixin.py:190} INFO - [2024-09-01T04:32:29.616+0000] {dagbag.py:587} INFO - Filling up the DagBag from /home/ubuntu/airflow_snow/lib/python3.12/site-packages/airflow/example_dags/example_short_circuit_operator.py
[2024-09-01T04:32:29.624+0000] {processor.py:925} INFO - DAG(s) 'example_short_circuit_operator' retrieved from /home/ubuntu/airflow_snow/lib/python3.12/site-packages/airflow/example_dags/example_short_circuit_operator.py
[2024-09-01T04:32:29.641+0000] {logging_mixin.py:190} INFO - [2024-09-01T04:32:29.641+0000] {dag.py:3211} INFO - Sync 1 DAGs
[2024-09-01T04:32:29.659+0000] {logging_mixin.py:190} INFO - [2024-09-01T04:32:29.659+0000] {dag.py:4138} INFO - Setting next_dagrun for example_short_circuit_operator to 2024-08-31 00:00:00+00:00, run_after=2024-09-01 00:00:00+00:00
[2024-09-01T04:32:29.683+0000] {processor.py:208} INFO - Processing /home/ubuntu/airflow_snow/lib/python3.12/site-packages/airflow/example_dags/example_short_circuit_operator.py took 0.076 seconds
[2024-09-01T04:33:19.062+0000] {processor.py:186} INFO - Started process (PID=2442) to work on /home/ubuntu/airflow_snow/lib/python3.12/site-packages/airflow/example_dags/example_short_circuit_operator.py
[2024-09-01T04:33:19.064+0000] {processor.py:914} INFO - Processing file /home/ubuntu/airflow_snow/lib/python3.12/site-packages/airflow/example_dags/example_short_circuit_operator.py for tasks to queue
[2024-09-01T04:33:19.066+0000] {logging_mixin.py:190} INFO - [2024-09-01T04:33:19.066+0000] {dagbag.py:587} INFO - Filling up the DagBag from /home/ubuntu/airflow_snow/lib/python3.12/site-packages/airflow/example_dags/example_short_circuit_operator.py
[2024-09-01T04:33:19.074+0000] {processor.py:925} INFO - DAG(s) 'example_short_circuit_operator' retrieved from /home/ubuntu/airflow_snow/lib/python3.12/site-packages/airflow/example_dags/example_short_circuit_operator.py
[2024-09-01T04:33:19.090+0000] {logging_mixin.py:190} INFO - [2024-09-01T04:33:19.090+0000] {dag.py:3211} INFO - Sync 1 DAGs
[2024-09-01T04:33:19.109+0000] {logging_mixin.py:190} INFO - [2024-09-01T04:33:19.108+0000] {dag.py:4138} INFO - Setting next_dagrun for example_short_circuit_operator to 2024-08-31 00:00:00+00:00, run_after=2024-09-01 00:00:00+00:00
[2024-09-01T04:33:19.130+0000] {processor.py:208} INFO - Processing /home/ubuntu/airflow_snow/lib/python3.12/site-packages/airflow/example_dags/example_short_circuit_operator.py took 0.073 seconds
[2024-09-01T04:34:10.159+0000] {processor.py:186} INFO - Started process (PID=2495) to work on /home/ubuntu/airflow_snow/lib/python3.12/site-packages/airflow/example_dags/example_short_circuit_operator.py
[2024-09-01T04:34:10.162+0000] {processor.py:914} INFO - Processing file /home/ubuntu/airflow_snow/lib/python3.12/site-packages/airflow/example_dags/example_short_circuit_operator.py for tasks to queue
[2024-09-01T04:34:10.164+0000] {logging_mixin.py:190} INFO - [2024-09-01T04:34:10.163+0000] {dagbag.py:587} INFO - Filling up the DagBag from /home/ubuntu/airflow_snow/lib/python3.12/site-packages/airflow/example_dags/example_short_circuit_operator.py
[2024-09-01T04:34:10.171+0000] {processor.py:925} INFO - DAG(s) 'example_short_circuit_operator' retrieved from /home/ubuntu/airflow_snow/lib/python3.12/site-packages/airflow/example_dags/example_short_circuit_operator.py
[2024-09-01T04:34:10.189+0000] {logging_mixin.py:190} INFO - [2024-09-01T04:34:10.188+0000] {dag.py:3211} INFO - Sync 1 DAGs
[2024-09-01T04:34:10.206+0000] {logging_mixin.py:190} INFO - [2024-09-01T04:34:10.206+0000] {dag.py:4138} INFO - Setting next_dagrun for example_short_circuit_operator to 2024-08-31 00:00:00+00:00, run_after=2024-09-01 00:00:00+00:00
[2024-09-01T04:34:10.228+0000] {processor.py:208} INFO - Processing /home/ubuntu/airflow_snow/lib/python3.12/site-packages/airflow/example_dags/example_short_circuit_operator.py took 0.074 seconds
[2024-09-01T04:34:58.486+0000] {processor.py:186} INFO - Started process (PID=2548) to work on /home/ubuntu/airflow_snow/lib/python3.12/site-packages/airflow/example_dags/example_short_circuit_operator.py
[2024-09-01T04:34:58.488+0000] {processor.py:914} INFO - Processing file /home/ubuntu/airflow_snow/lib/python3.12/site-packages/airflow/example_dags/example_short_circuit_operator.py for tasks to queue
[2024-09-01T04:34:58.490+0000] {logging_mixin.py:190} INFO - [2024-09-01T04:34:58.490+0000] {dagbag.py:587} INFO - Filling up the DagBag from /home/ubuntu/airflow_snow/lib/python3.12/site-packages/airflow/example_dags/example_short_circuit_operator.py
[2024-09-01T04:34:58.498+0000] {processor.py:925} INFO - DAG(s) 'example_short_circuit_operator' retrieved from /home/ubuntu/airflow_snow/lib/python3.12/site-packages/airflow/example_dags/example_short_circuit_operator.py
[2024-09-01T04:34:58.515+0000] {logging_mixin.py:190} INFO - [2024-09-01T04:34:58.515+0000] {dag.py:3211} INFO - Sync 1 DAGs
[2024-09-01T04:34:58.533+0000] {logging_mixin.py:190} INFO - [2024-09-01T04:34:58.533+0000] {dag.py:4138} INFO - Setting next_dagrun for example_short_circuit_operator to 2024-08-31 00:00:00+00:00, run_after=2024-09-01 00:00:00+00:00
[2024-09-01T04:34:58.558+0000] {processor.py:208} INFO - Processing /home/ubuntu/airflow_snow/lib/python3.12/site-packages/airflow/example_dags/example_short_circuit_operator.py took 0.078 seconds
[2024-09-01T04:35:47.595+0000] {processor.py:186} INFO - Started process (PID=2600) to work on /home/ubuntu/airflow_snow/lib/python3.12/site-packages/airflow/example_dags/example_short_circuit_operator.py
[2024-09-01T04:35:47.597+0000] {processor.py:914} INFO - Processing file /home/ubuntu/airflow_snow/lib/python3.12/site-packages/airflow/example_dags/example_short_circuit_operator.py for tasks to queue
[2024-09-01T04:35:47.599+0000] {logging_mixin.py:190} INFO - [2024-09-01T04:35:47.599+0000] {dagbag.py:587} INFO - Filling up the DagBag from /home/ubuntu/airflow_snow/lib/python3.12/site-packages/airflow/example_dags/example_short_circuit_operator.py
[2024-09-01T04:35:47.608+0000] {processor.py:925} INFO - DAG(s) 'example_short_circuit_operator' retrieved from /home/ubuntu/airflow_snow/lib/python3.12/site-packages/airflow/example_dags/example_short_circuit_operator.py
[2024-09-01T04:35:47.624+0000] {logging_mixin.py:190} INFO - [2024-09-01T04:35:47.623+0000] {dag.py:3211} INFO - Sync 1 DAGs
[2024-09-01T04:35:47.642+0000] {logging_mixin.py:190} INFO - [2024-09-01T04:35:47.642+0000] {dag.py:4138} INFO - Setting next_dagrun for example_short_circuit_operator to 2024-08-31 00:00:00+00:00, run_after=2024-09-01 00:00:00+00:00
[2024-09-01T04:35:47.662+0000] {processor.py:208} INFO - Processing /home/ubuntu/airflow_snow/lib/python3.12/site-packages/airflow/example_dags/example_short_circuit_operator.py took 0.072 seconds
[2024-09-01T04:36:40.730+0000] {processor.py:186} INFO - Started process (PID=2653) to work on /home/ubuntu/airflow_snow/lib/python3.12/site-packages/airflow/example_dags/example_short_circuit_operator.py
[2024-09-01T04:36:40.733+0000] {processor.py:914} INFO - Processing file /home/ubuntu/airflow_snow/lib/python3.12/site-packages/airflow/example_dags/example_short_circuit_operator.py for tasks to queue
[2024-09-01T04:36:40.734+0000] {logging_mixin.py:190} INFO - [2024-09-01T04:36:40.734+0000] {dagbag.py:587} INFO - Filling up the DagBag from /home/ubuntu/airflow_snow/lib/python3.12/site-packages/airflow/example_dags/example_short_circuit_operator.py
[2024-09-01T04:36:40.742+0000] {processor.py:925} INFO - DAG(s) 'example_short_circuit_operator' retrieved from /home/ubuntu/airflow_snow/lib/python3.12/site-packages/airflow/example_dags/example_short_circuit_operator.py
[2024-09-01T04:36:40.759+0000] {logging_mixin.py:190} INFO - [2024-09-01T04:36:40.758+0000] {dag.py:3211} INFO - Sync 1 DAGs
[2024-09-01T04:36:40.786+0000] {logging_mixin.py:190} INFO - [2024-09-01T04:36:40.785+0000] {dag.py:4138} INFO - Setting next_dagrun for example_short_circuit_operator to 2024-08-31 00:00:00+00:00, run_after=2024-09-01 00:00:00+00:00
[2024-09-01T04:36:40.807+0000] {processor.py:208} INFO - Processing /home/ubuntu/airflow_snow/lib/python3.12/site-packages/airflow/example_dags/example_short_circuit_operator.py took 0.081 seconds
[2024-09-01T04:37:32.744+0000] {processor.py:186} INFO - Started process (PID=2706) to work on /home/ubuntu/airflow_snow/lib/python3.12/site-packages/airflow/example_dags/example_short_circuit_operator.py
[2024-09-01T04:37:32.745+0000] {processor.py:914} INFO - Processing file /home/ubuntu/airflow_snow/lib/python3.12/site-packages/airflow/example_dags/example_short_circuit_operator.py for tasks to queue
[2024-09-01T04:37:32.746+0000] {logging_mixin.py:190} INFO - [2024-09-01T04:37:32.746+0000] {dagbag.py:587} INFO - Filling up the DagBag from /home/ubuntu/airflow_snow/lib/python3.12/site-packages/airflow/example_dags/example_short_circuit_operator.py
[2024-09-01T04:37:32.755+0000] {processor.py:925} INFO - DAG(s) 'example_short_circuit_operator' retrieved from /home/ubuntu/airflow_snow/lib/python3.12/site-packages/airflow/example_dags/example_short_circuit_operator.py
[2024-09-01T04:37:32.772+0000] {logging_mixin.py:190} INFO - [2024-09-01T04:37:32.772+0000] {dag.py:3211} INFO - Sync 1 DAGs
[2024-09-01T04:37:32.789+0000] {logging_mixin.py:190} INFO - [2024-09-01T04:37:32.789+0000] {dag.py:4138} INFO - Setting next_dagrun for example_short_circuit_operator to 2024-08-31 00:00:00+00:00, run_after=2024-09-01 00:00:00+00:00
[2024-09-01T04:37:32.813+0000] {processor.py:208} INFO - Processing /home/ubuntu/airflow_snow/lib/python3.12/site-packages/airflow/example_dags/example_short_circuit_operator.py took 0.076 seconds
[2024-09-01T04:38:21.957+0000] {processor.py:186} INFO - Started process (PID=2757) to work on /home/ubuntu/airflow_snow/lib/python3.12/site-packages/airflow/example_dags/example_short_circuit_operator.py
[2024-09-01T04:38:21.960+0000] {processor.py:914} INFO - Processing file /home/ubuntu/airflow_snow/lib/python3.12/site-packages/airflow/example_dags/example_short_circuit_operator.py for tasks to queue
[2024-09-01T04:38:21.961+0000] {logging_mixin.py:190} INFO - [2024-09-01T04:38:21.961+0000] {dagbag.py:587} INFO - Filling up the DagBag from /home/ubuntu/airflow_snow/lib/python3.12/site-packages/airflow/example_dags/example_short_circuit_operator.py
[2024-09-01T04:38:21.970+0000] {processor.py:925} INFO - DAG(s) 'example_short_circuit_operator' retrieved from /home/ubuntu/airflow_snow/lib/python3.12/site-packages/airflow/example_dags/example_short_circuit_operator.py
[2024-09-01T04:38:21.986+0000] {logging_mixin.py:190} INFO - [2024-09-01T04:38:21.986+0000] {dag.py:3211} INFO - Sync 1 DAGs
[2024-09-01T04:38:22.005+0000] {logging_mixin.py:190} INFO - [2024-09-01T04:38:22.005+0000] {dag.py:4138} INFO - Setting next_dagrun for example_short_circuit_operator to 2024-08-31 00:00:00+00:00, run_after=2024-09-01 00:00:00+00:00
[2024-09-01T04:38:22.030+0000] {processor.py:208} INFO - Processing /home/ubuntu/airflow_snow/lib/python3.12/site-packages/airflow/example_dags/example_short_circuit_operator.py took 0.077 seconds
[2024-09-01T04:39:13.581+0000] {processor.py:186} INFO - Started process (PID=2808) to work on /home/ubuntu/airflow_snow/lib/python3.12/site-packages/airflow/example_dags/example_short_circuit_operator.py
[2024-09-01T04:39:13.583+0000] {processor.py:914} INFO - Processing file /home/ubuntu/airflow_snow/lib/python3.12/site-packages/airflow/example_dags/example_short_circuit_operator.py for tasks to queue
[2024-09-01T04:39:13.584+0000] {logging_mixin.py:190} INFO - [2024-09-01T04:39:13.584+0000] {dagbag.py:587} INFO - Filling up the DagBag from /home/ubuntu/airflow_snow/lib/python3.12/site-packages/airflow/example_dags/example_short_circuit_operator.py
[2024-09-01T04:39:13.593+0000] {processor.py:925} INFO - DAG(s) 'example_short_circuit_operator' retrieved from /home/ubuntu/airflow_snow/lib/python3.12/site-packages/airflow/example_dags/example_short_circuit_operator.py
[2024-09-01T04:39:13.610+0000] {logging_mixin.py:190} INFO - [2024-09-01T04:39:13.610+0000] {dag.py:3211} INFO - Sync 1 DAGs
[2024-09-01T04:39:13.627+0000] {logging_mixin.py:190} INFO - [2024-09-01T04:39:13.627+0000] {dag.py:4138} INFO - Setting next_dagrun for example_short_circuit_operator to 2024-08-31 00:00:00+00:00, run_after=2024-09-01 00:00:00+00:00
[2024-09-01T04:39:13.650+0000] {processor.py:208} INFO - Processing /home/ubuntu/airflow_snow/lib/python3.12/site-packages/airflow/example_dags/example_short_circuit_operator.py took 0.076 seconds
[2024-09-01T04:40:05.118+0000] {processor.py:186} INFO - Started process (PID=2862) to work on /home/ubuntu/airflow_snow/lib/python3.12/site-packages/airflow/example_dags/example_short_circuit_operator.py
[2024-09-01T04:40:05.121+0000] {processor.py:914} INFO - Processing file /home/ubuntu/airflow_snow/lib/python3.12/site-packages/airflow/example_dags/example_short_circuit_operator.py for tasks to queue
[2024-09-01T04:40:05.122+0000] {logging_mixin.py:190} INFO - [2024-09-01T04:40:05.122+0000] {dagbag.py:587} INFO - Filling up the DagBag from /home/ubuntu/airflow_snow/lib/python3.12/site-packages/airflow/example_dags/example_short_circuit_operator.py
[2024-09-01T04:40:05.131+0000] {processor.py:925} INFO - DAG(s) 'example_short_circuit_operator' retrieved from /home/ubuntu/airflow_snow/lib/python3.12/site-packages/airflow/example_dags/example_short_circuit_operator.py
[2024-09-01T04:40:05.149+0000] {logging_mixin.py:190} INFO - [2024-09-01T04:40:05.148+0000] {dag.py:3211} INFO - Sync 1 DAGs
[2024-09-01T04:40:05.167+0000] {logging_mixin.py:190} INFO - [2024-09-01T04:40:05.167+0000] {dag.py:4138} INFO - Setting next_dagrun for example_short_circuit_operator to 2024-08-31 00:00:00+00:00, run_after=2024-09-01 00:00:00+00:00
[2024-09-01T04:40:05.190+0000] {processor.py:208} INFO - Processing /home/ubuntu/airflow_snow/lib/python3.12/site-packages/airflow/example_dags/example_short_circuit_operator.py took 0.076 seconds
[2024-09-01T04:40:58.063+0000] {processor.py:186} INFO - Started process (PID=2918) to work on /home/ubuntu/airflow_snow/lib/python3.12/site-packages/airflow/example_dags/example_short_circuit_operator.py
[2024-09-01T04:40:58.065+0000] {processor.py:914} INFO - Processing file /home/ubuntu/airflow_snow/lib/python3.12/site-packages/airflow/example_dags/example_short_circuit_operator.py for tasks to queue
[2024-09-01T04:40:58.066+0000] {logging_mixin.py:190} INFO - [2024-09-01T04:40:58.066+0000] {dagbag.py:587} INFO - Filling up the DagBag from /home/ubuntu/airflow_snow/lib/python3.12/site-packages/airflow/example_dags/example_short_circuit_operator.py
[2024-09-01T04:40:58.074+0000] {processor.py:925} INFO - DAG(s) 'example_short_circuit_operator' retrieved from /home/ubuntu/airflow_snow/lib/python3.12/site-packages/airflow/example_dags/example_short_circuit_operator.py
[2024-09-01T04:40:58.091+0000] {logging_mixin.py:190} INFO - [2024-09-01T04:40:58.091+0000] {dag.py:3211} INFO - Sync 1 DAGs
[2024-09-01T04:40:58.110+0000] {logging_mixin.py:190} INFO - [2024-09-01T04:40:58.110+0000] {dag.py:4138} INFO - Setting next_dagrun for example_short_circuit_operator to 2024-08-31 00:00:00+00:00, run_after=2024-09-01 00:00:00+00:00
[2024-09-01T04:40:58.132+0000] {processor.py:208} INFO - Processing /home/ubuntu/airflow_snow/lib/python3.12/site-packages/airflow/example_dags/example_short_circuit_operator.py took 0.073 seconds
[2024-09-01T04:41:48.010+0000] {processor.py:186} INFO - Started process (PID=2970) to work on /home/ubuntu/airflow_snow/lib/python3.12/site-packages/airflow/example_dags/example_short_circuit_operator.py
[2024-09-01T04:41:48.012+0000] {processor.py:914} INFO - Processing file /home/ubuntu/airflow_snow/lib/python3.12/site-packages/airflow/example_dags/example_short_circuit_operator.py for tasks to queue
[2024-09-01T04:41:48.013+0000] {logging_mixin.py:190} INFO - [2024-09-01T04:41:48.013+0000] {dagbag.py:587} INFO - Filling up the DagBag from /home/ubuntu/airflow_snow/lib/python3.12/site-packages/airflow/example_dags/example_short_circuit_operator.py
[2024-09-01T04:41:48.022+0000] {processor.py:925} INFO - DAG(s) 'example_short_circuit_operator' retrieved from /home/ubuntu/airflow_snow/lib/python3.12/site-packages/airflow/example_dags/example_short_circuit_operator.py
[2024-09-01T04:41:48.038+0000] {logging_mixin.py:190} INFO - [2024-09-01T04:41:48.038+0000] {dag.py:3211} INFO - Sync 1 DAGs
[2024-09-01T04:41:48.057+0000] {logging_mixin.py:190} INFO - [2024-09-01T04:41:48.056+0000] {dag.py:4138} INFO - Setting next_dagrun for example_short_circuit_operator to 2024-08-31 00:00:00+00:00, run_after=2024-09-01 00:00:00+00:00
[2024-09-01T04:41:48.079+0000] {processor.py:208} INFO - Processing /home/ubuntu/airflow_snow/lib/python3.12/site-packages/airflow/example_dags/example_short_circuit_operator.py took 0.075 seconds
[2024-09-01T04:42:38.373+0000] {processor.py:186} INFO - Started process (PID=3021) to work on /home/ubuntu/airflow_snow/lib/python3.12/site-packages/airflow/example_dags/example_short_circuit_operator.py
[2024-09-01T04:42:38.375+0000] {processor.py:914} INFO - Processing file /home/ubuntu/airflow_snow/lib/python3.12/site-packages/airflow/example_dags/example_short_circuit_operator.py for tasks to queue
[2024-09-01T04:42:38.377+0000] {logging_mixin.py:190} INFO - [2024-09-01T04:42:38.376+0000] {dagbag.py:587} INFO - Filling up the DagBag from /home/ubuntu/airflow_snow/lib/python3.12/site-packages/airflow/example_dags/example_short_circuit_operator.py
[2024-09-01T04:42:38.386+0000] {processor.py:925} INFO - DAG(s) 'example_short_circuit_operator' retrieved from /home/ubuntu/airflow_snow/lib/python3.12/site-packages/airflow/example_dags/example_short_circuit_operator.py
[2024-09-01T04:42:38.403+0000] {logging_mixin.py:190} INFO - [2024-09-01T04:42:38.402+0000] {dag.py:3211} INFO - Sync 1 DAGs
[2024-09-01T04:42:38.420+0000] {logging_mixin.py:190} INFO - [2024-09-01T04:42:38.420+0000] {dag.py:4138} INFO - Setting next_dagrun for example_short_circuit_operator to 2024-08-31 00:00:00+00:00, run_after=2024-09-01 00:00:00+00:00
[2024-09-01T04:42:38.442+0000] {processor.py:208} INFO - Processing /home/ubuntu/airflow_snow/lib/python3.12/site-packages/airflow/example_dags/example_short_circuit_operator.py took 0.074 seconds
[2024-09-01T04:43:28.013+0000] {processor.py:186} INFO - Started process (PID=3072) to work on /home/ubuntu/airflow_snow/lib/python3.12/site-packages/airflow/example_dags/example_short_circuit_operator.py
[2024-09-01T04:43:28.015+0000] {processor.py:914} INFO - Processing file /home/ubuntu/airflow_snow/lib/python3.12/site-packages/airflow/example_dags/example_short_circuit_operator.py for tasks to queue
[2024-09-01T04:43:28.017+0000] {logging_mixin.py:190} INFO - [2024-09-01T04:43:28.017+0000] {dagbag.py:587} INFO - Filling up the DagBag from /home/ubuntu/airflow_snow/lib/python3.12/site-packages/airflow/example_dags/example_short_circuit_operator.py
[2024-09-01T04:43:28.026+0000] {processor.py:925} INFO - DAG(s) 'example_short_circuit_operator' retrieved from /home/ubuntu/airflow_snow/lib/python3.12/site-packages/airflow/example_dags/example_short_circuit_operator.py
[2024-09-01T04:43:28.043+0000] {logging_mixin.py:190} INFO - [2024-09-01T04:43:28.042+0000] {dag.py:3211} INFO - Sync 1 DAGs
[2024-09-01T04:43:28.062+0000] {logging_mixin.py:190} INFO - [2024-09-01T04:43:28.062+0000] {dag.py:4138} INFO - Setting next_dagrun for example_short_circuit_operator to 2024-08-31 00:00:00+00:00, run_after=2024-09-01 00:00:00+00:00
[2024-09-01T04:43:28.085+0000] {processor.py:208} INFO - Processing /home/ubuntu/airflow_snow/lib/python3.12/site-packages/airflow/example_dags/example_short_circuit_operator.py took 0.076 seconds
[2024-09-01T04:44:17.353+0000] {processor.py:186} INFO - Started process (PID=3123) to work on /home/ubuntu/airflow_snow/lib/python3.12/site-packages/airflow/example_dags/example_short_circuit_operator.py
[2024-09-01T04:44:17.355+0000] {processor.py:914} INFO - Processing file /home/ubuntu/airflow_snow/lib/python3.12/site-packages/airflow/example_dags/example_short_circuit_operator.py for tasks to queue
[2024-09-01T04:44:17.357+0000] {logging_mixin.py:190} INFO - [2024-09-01T04:44:17.356+0000] {dagbag.py:587} INFO - Filling up the DagBag from /home/ubuntu/airflow_snow/lib/python3.12/site-packages/airflow/example_dags/example_short_circuit_operator.py
[2024-09-01T04:44:17.365+0000] {processor.py:925} INFO - DAG(s) 'example_short_circuit_operator' retrieved from /home/ubuntu/airflow_snow/lib/python3.12/site-packages/airflow/example_dags/example_short_circuit_operator.py
[2024-09-01T04:44:17.382+0000] {logging_mixin.py:190} INFO - [2024-09-01T04:44:17.382+0000] {dag.py:3211} INFO - Sync 1 DAGs
[2024-09-01T04:44:17.400+0000] {logging_mixin.py:190} INFO - [2024-09-01T04:44:17.399+0000] {dag.py:4138} INFO - Setting next_dagrun for example_short_circuit_operator to 2024-08-31 00:00:00+00:00, run_after=2024-09-01 00:00:00+00:00
[2024-09-01T04:44:17.423+0000] {processor.py:208} INFO - Processing /home/ubuntu/airflow_snow/lib/python3.12/site-packages/airflow/example_dags/example_short_circuit_operator.py took 0.076 seconds
[2024-09-01T04:45:04.682+0000] {processor.py:186} INFO - Started process (PID=3178) to work on /home/ubuntu/airflow_snow/lib/python3.12/site-packages/airflow/example_dags/example_short_circuit_operator.py
[2024-09-01T04:45:04.685+0000] {processor.py:914} INFO - Processing file /home/ubuntu/airflow_snow/lib/python3.12/site-packages/airflow/example_dags/example_short_circuit_operator.py for tasks to queue
[2024-09-01T04:45:04.687+0000] {logging_mixin.py:190} INFO - [2024-09-01T04:45:04.686+0000] {dagbag.py:587} INFO - Filling up the DagBag from /home/ubuntu/airflow_snow/lib/python3.12/site-packages/airflow/example_dags/example_short_circuit_operator.py
[2024-09-01T04:45:04.695+0000] {processor.py:925} INFO - DAG(s) 'example_short_circuit_operator' retrieved from /home/ubuntu/airflow_snow/lib/python3.12/site-packages/airflow/example_dags/example_short_circuit_operator.py
[2024-09-01T04:45:04.711+0000] {logging_mixin.py:190} INFO - [2024-09-01T04:45:04.711+0000] {dag.py:3211} INFO - Sync 1 DAGs
[2024-09-01T04:45:04.730+0000] {logging_mixin.py:190} INFO - [2024-09-01T04:45:04.730+0000] {dag.py:4138} INFO - Setting next_dagrun for example_short_circuit_operator to 2024-08-31 00:00:00+00:00, run_after=2024-09-01 00:00:00+00:00
[2024-09-01T04:45:04.751+0000] {processor.py:208} INFO - Processing /home/ubuntu/airflow_snow/lib/python3.12/site-packages/airflow/example_dags/example_short_circuit_operator.py took 0.074 seconds
[2024-09-01T04:45:52.935+0000] {processor.py:186} INFO - Started process (PID=3232) to work on /home/ubuntu/airflow_snow/lib/python3.12/site-packages/airflow/example_dags/example_short_circuit_operator.py
[2024-09-01T04:45:52.936+0000] {processor.py:914} INFO - Processing file /home/ubuntu/airflow_snow/lib/python3.12/site-packages/airflow/example_dags/example_short_circuit_operator.py for tasks to queue
[2024-09-01T04:45:52.938+0000] {logging_mixin.py:190} INFO - [2024-09-01T04:45:52.938+0000] {dagbag.py:587} INFO - Filling up the DagBag from /home/ubuntu/airflow_snow/lib/python3.12/site-packages/airflow/example_dags/example_short_circuit_operator.py
[2024-09-01T04:45:52.947+0000] {processor.py:925} INFO - DAG(s) 'example_short_circuit_operator' retrieved from /home/ubuntu/airflow_snow/lib/python3.12/site-packages/airflow/example_dags/example_short_circuit_operator.py
[2024-09-01T04:45:52.963+0000] {logging_mixin.py:190} INFO - [2024-09-01T04:45:52.963+0000] {dag.py:3211} INFO - Sync 1 DAGs
[2024-09-01T04:45:52.983+0000] {logging_mixin.py:190} INFO - [2024-09-01T04:45:52.982+0000] {dag.py:4138} INFO - Setting next_dagrun for example_short_circuit_operator to 2024-08-31 00:00:00+00:00, run_after=2024-09-01 00:00:00+00:00
[2024-09-01T04:45:53.006+0000] {processor.py:208} INFO - Processing /home/ubuntu/airflow_snow/lib/python3.12/site-packages/airflow/example_dags/example_short_circuit_operator.py took 0.077 seconds
[2024-09-01T04:46:42.466+0000] {processor.py:186} INFO - Started process (PID=3283) to work on /home/ubuntu/airflow_snow/lib/python3.12/site-packages/airflow/example_dags/example_short_circuit_operator.py
[2024-09-01T04:46:42.469+0000] {processor.py:914} INFO - Processing file /home/ubuntu/airflow_snow/lib/python3.12/site-packages/airflow/example_dags/example_short_circuit_operator.py for tasks to queue
[2024-09-01T04:46:42.470+0000] {logging_mixin.py:190} INFO - [2024-09-01T04:46:42.470+0000] {dagbag.py:587} INFO - Filling up the DagBag from /home/ubuntu/airflow_snow/lib/python3.12/site-packages/airflow/example_dags/example_short_circuit_operator.py
[2024-09-01T04:46:42.479+0000] {processor.py:925} INFO - DAG(s) 'example_short_circuit_operator' retrieved from /home/ubuntu/airflow_snow/lib/python3.12/site-packages/airflow/example_dags/example_short_circuit_operator.py
[2024-09-01T04:46:42.495+0000] {logging_mixin.py:190} INFO - [2024-09-01T04:46:42.495+0000] {dag.py:3211} INFO - Sync 1 DAGs
[2024-09-01T04:46:42.514+0000] {logging_mixin.py:190} INFO - [2024-09-01T04:46:42.514+0000] {dag.py:4138} INFO - Setting next_dagrun for example_short_circuit_operator to 2024-08-31 00:00:00+00:00, run_after=2024-09-01 00:00:00+00:00
[2024-09-01T04:46:42.537+0000] {processor.py:208} INFO - Processing /home/ubuntu/airflow_snow/lib/python3.12/site-packages/airflow/example_dags/example_short_circuit_operator.py took 0.075 seconds
[2024-09-01T04:47:29.299+0000] {processor.py:186} INFO - Started process (PID=3332) to work on /home/ubuntu/airflow_snow/lib/python3.12/site-packages/airflow/example_dags/example_short_circuit_operator.py
[2024-09-01T04:47:29.300+0000] {processor.py:914} INFO - Processing file /home/ubuntu/airflow_snow/lib/python3.12/site-packages/airflow/example_dags/example_short_circuit_operator.py for tasks to queue
[2024-09-01T04:47:29.302+0000] {logging_mixin.py:190} INFO - [2024-09-01T04:47:29.302+0000] {dagbag.py:587} INFO - Filling up the DagBag from /home/ubuntu/airflow_snow/lib/python3.12/site-packages/airflow/example_dags/example_short_circuit_operator.py
[2024-09-01T04:47:29.311+0000] {processor.py:925} INFO - DAG(s) 'example_short_circuit_operator' retrieved from /home/ubuntu/airflow_snow/lib/python3.12/site-packages/airflow/example_dags/example_short_circuit_operator.py
[2024-09-01T04:47:29.327+0000] {logging_mixin.py:190} INFO - [2024-09-01T04:47:29.327+0000] {dag.py:3211} INFO - Sync 1 DAGs
[2024-09-01T04:47:29.345+0000] {logging_mixin.py:190} INFO - [2024-09-01T04:47:29.345+0000] {dag.py:4138} INFO - Setting next_dagrun for example_short_circuit_operator to 2024-08-31 00:00:00+00:00, run_after=2024-09-01 00:00:00+00:00
[2024-09-01T04:47:29.367+0000] {processor.py:208} INFO - Processing /home/ubuntu/airflow_snow/lib/python3.12/site-packages/airflow/example_dags/example_short_circuit_operator.py took 0.073 seconds
[2024-09-01T04:48:18.503+0000] {processor.py:186} INFO - Started process (PID=3382) to work on /home/ubuntu/airflow_snow/lib/python3.12/site-packages/airflow/example_dags/example_short_circuit_operator.py
[2024-09-01T04:48:18.505+0000] {processor.py:914} INFO - Processing file /home/ubuntu/airflow_snow/lib/python3.12/site-packages/airflow/example_dags/example_short_circuit_operator.py for tasks to queue
[2024-09-01T04:48:18.506+0000] {logging_mixin.py:190} INFO - [2024-09-01T04:48:18.506+0000] {dagbag.py:587} INFO - Filling up the DagBag from /home/ubuntu/airflow_snow/lib/python3.12/site-packages/airflow/example_dags/example_short_circuit_operator.py
[2024-09-01T04:48:18.515+0000] {processor.py:925} INFO - DAG(s) 'example_short_circuit_operator' retrieved from /home/ubuntu/airflow_snow/lib/python3.12/site-packages/airflow/example_dags/example_short_circuit_operator.py
[2024-09-01T04:48:18.531+0000] {logging_mixin.py:190} INFO - [2024-09-01T04:48:18.531+0000] {dag.py:3211} INFO - Sync 1 DAGs
[2024-09-01T04:48:18.551+0000] {logging_mixin.py:190} INFO - [2024-09-01T04:48:18.551+0000] {dag.py:4138} INFO - Setting next_dagrun for example_short_circuit_operator to 2024-08-31 00:00:00+00:00, run_after=2024-09-01 00:00:00+00:00
[2024-09-01T04:48:18.573+0000] {processor.py:208} INFO - Processing /home/ubuntu/airflow_snow/lib/python3.12/site-packages/airflow/example_dags/example_short_circuit_operator.py took 0.075 seconds
[2024-09-01T04:49:07.632+0000] {processor.py:186} INFO - Started process (PID=3433) to work on /home/ubuntu/airflow_snow/lib/python3.12/site-packages/airflow/example_dags/example_short_circuit_operator.py
[2024-09-01T04:49:07.634+0000] {processor.py:914} INFO - Processing file /home/ubuntu/airflow_snow/lib/python3.12/site-packages/airflow/example_dags/example_short_circuit_operator.py for tasks to queue
[2024-09-01T04:49:07.636+0000] {logging_mixin.py:190} INFO - [2024-09-01T04:49:07.635+0000] {dagbag.py:587} INFO - Filling up the DagBag from /home/ubuntu/airflow_snow/lib/python3.12/site-packages/airflow/example_dags/example_short_circuit_operator.py
[2024-09-01T04:49:07.644+0000] {processor.py:925} INFO - DAG(s) 'example_short_circuit_operator' retrieved from /home/ubuntu/airflow_snow/lib/python3.12/site-packages/airflow/example_dags/example_short_circuit_operator.py
[2024-09-01T04:49:07.662+0000] {logging_mixin.py:190} INFO - [2024-09-01T04:49:07.662+0000] {dag.py:3211} INFO - Sync 1 DAGs
[2024-09-01T04:49:07.679+0000] {logging_mixin.py:190} INFO - [2024-09-01T04:49:07.679+0000] {dag.py:4138} INFO - Setting next_dagrun for example_short_circuit_operator to 2024-08-31 00:00:00+00:00, run_after=2024-09-01 00:00:00+00:00
[2024-09-01T04:49:07.706+0000] {processor.py:208} INFO - Processing /home/ubuntu/airflow_snow/lib/python3.12/site-packages/airflow/example_dags/example_short_circuit_operator.py took 0.079 seconds
[2024-09-01T04:49:55.938+0000] {processor.py:186} INFO - Started process (PID=3485) to work on /home/ubuntu/airflow_snow/lib/python3.12/site-packages/airflow/example_dags/example_short_circuit_operator.py
[2024-09-01T04:49:55.941+0000] {processor.py:914} INFO - Processing file /home/ubuntu/airflow_snow/lib/python3.12/site-packages/airflow/example_dags/example_short_circuit_operator.py for tasks to queue
[2024-09-01T04:49:55.942+0000] {logging_mixin.py:190} INFO - [2024-09-01T04:49:55.942+0000] {dagbag.py:587} INFO - Filling up the DagBag from /home/ubuntu/airflow_snow/lib/python3.12/site-packages/airflow/example_dags/example_short_circuit_operator.py
[2024-09-01T04:49:55.951+0000] {processor.py:925} INFO - DAG(s) 'example_short_circuit_operator' retrieved from /home/ubuntu/airflow_snow/lib/python3.12/site-packages/airflow/example_dags/example_short_circuit_operator.py
[2024-09-01T04:49:55.967+0000] {logging_mixin.py:190} INFO - [2024-09-01T04:49:55.967+0000] {dag.py:3211} INFO - Sync 1 DAGs
[2024-09-01T04:49:55.986+0000] {logging_mixin.py:190} INFO - [2024-09-01T04:49:55.986+0000] {dag.py:4138} INFO - Setting next_dagrun for example_short_circuit_operator to 2024-08-31 00:00:00+00:00, run_after=2024-09-01 00:00:00+00:00
[2024-09-01T04:49:56.011+0000] {processor.py:208} INFO - Processing /home/ubuntu/airflow_snow/lib/python3.12/site-packages/airflow/example_dags/example_short_circuit_operator.py took 0.077 seconds
[2024-09-01T04:50:39.279+0000] {processor.py:186} INFO - Started process (PID=3536) to work on /home/ubuntu/airflow_snow/lib/python3.12/site-packages/airflow/example_dags/example_short_circuit_operator.py
[2024-09-01T04:50:39.280+0000] {processor.py:914} INFO - Processing file /home/ubuntu/airflow_snow/lib/python3.12/site-packages/airflow/example_dags/example_short_circuit_operator.py for tasks to queue
[2024-09-01T04:50:39.282+0000] {logging_mixin.py:190} INFO - [2024-09-01T04:50:39.282+0000] {dagbag.py:587} INFO - Filling up the DagBag from /home/ubuntu/airflow_snow/lib/python3.12/site-packages/airflow/example_dags/example_short_circuit_operator.py
[2024-09-01T04:50:39.291+0000] {processor.py:925} INFO - DAG(s) 'example_short_circuit_operator' retrieved from /home/ubuntu/airflow_snow/lib/python3.12/site-packages/airflow/example_dags/example_short_circuit_operator.py
[2024-09-01T04:50:39.308+0000] {logging_mixin.py:190} INFO - [2024-09-01T04:50:39.308+0000] {dag.py:3211} INFO - Sync 1 DAGs
[2024-09-01T04:50:39.327+0000] {logging_mixin.py:190} INFO - [2024-09-01T04:50:39.327+0000] {dag.py:4138} INFO - Setting next_dagrun for example_short_circuit_operator to 2024-08-31 00:00:00+00:00, run_after=2024-09-01 00:00:00+00:00
[2024-09-01T04:50:39.350+0000] {processor.py:208} INFO - Processing /home/ubuntu/airflow_snow/lib/python3.12/site-packages/airflow/example_dags/example_short_circuit_operator.py took 0.076 seconds
[2024-09-01T04:51:27.090+0000] {processor.py:186} INFO - Started process (PID=3585) to work on /home/ubuntu/airflow_snow/lib/python3.12/site-packages/airflow/example_dags/example_short_circuit_operator.py
[2024-09-01T04:51:27.091+0000] {processor.py:914} INFO - Processing file /home/ubuntu/airflow_snow/lib/python3.12/site-packages/airflow/example_dags/example_short_circuit_operator.py for tasks to queue
[2024-09-01T04:51:27.094+0000] {logging_mixin.py:190} INFO - [2024-09-01T04:51:27.094+0000] {dagbag.py:587} INFO - Filling up the DagBag from /home/ubuntu/airflow_snow/lib/python3.12/site-packages/airflow/example_dags/example_short_circuit_operator.py
[2024-09-01T04:51:27.103+0000] {processor.py:925} INFO - DAG(s) 'example_short_circuit_operator' retrieved from /home/ubuntu/airflow_snow/lib/python3.12/site-packages/airflow/example_dags/example_short_circuit_operator.py
[2024-09-01T04:51:27.120+0000] {logging_mixin.py:190} INFO - [2024-09-01T04:51:27.119+0000] {dag.py:3211} INFO - Sync 1 DAGs
[2024-09-01T04:51:27.135+0000] {logging_mixin.py:190} INFO - [2024-09-01T04:51:27.135+0000] {dag.py:4138} INFO - Setting next_dagrun for example_short_circuit_operator to 2024-08-31 00:00:00+00:00, run_after=2024-09-01 00:00:00+00:00
[2024-09-01T04:51:27.157+0000] {processor.py:208} INFO - Processing /home/ubuntu/airflow_snow/lib/python3.12/site-packages/airflow/example_dags/example_short_circuit_operator.py took 0.072 seconds
[2024-09-01T04:52:17.005+0000] {processor.py:186} INFO - Started process (PID=3637) to work on /home/ubuntu/airflow_snow/lib/python3.12/site-packages/airflow/example_dags/example_short_circuit_operator.py
[2024-09-01T04:52:17.007+0000] {processor.py:914} INFO - Processing file /home/ubuntu/airflow_snow/lib/python3.12/site-packages/airflow/example_dags/example_short_circuit_operator.py for tasks to queue
[2024-09-01T04:52:17.008+0000] {logging_mixin.py:190} INFO - [2024-09-01T04:52:17.008+0000] {dagbag.py:587} INFO - Filling up the DagBag from /home/ubuntu/airflow_snow/lib/python3.12/site-packages/airflow/example_dags/example_short_circuit_operator.py
[2024-09-01T04:52:17.019+0000] {processor.py:925} INFO - DAG(s) 'example_short_circuit_operator' retrieved from /home/ubuntu/airflow_snow/lib/python3.12/site-packages/airflow/example_dags/example_short_circuit_operator.py
[2024-09-01T04:52:17.035+0000] {logging_mixin.py:190} INFO - [2024-09-01T04:52:17.035+0000] {dag.py:3211} INFO - Sync 1 DAGs
[2024-09-01T04:52:17.052+0000] {logging_mixin.py:190} INFO - [2024-09-01T04:52:17.051+0000] {dag.py:4138} INFO - Setting next_dagrun for example_short_circuit_operator to 2024-08-31 00:00:00+00:00, run_after=2024-09-01 00:00:00+00:00
[2024-09-01T04:52:17.075+0000] {processor.py:208} INFO - Processing /home/ubuntu/airflow_snow/lib/python3.12/site-packages/airflow/example_dags/example_short_circuit_operator.py took 0.076 seconds
[2024-09-01T04:53:05.932+0000] {processor.py:186} INFO - Started process (PID=3688) to work on /home/ubuntu/airflow_snow/lib/python3.12/site-packages/airflow/example_dags/example_short_circuit_operator.py
[2024-09-01T04:53:05.933+0000] {processor.py:914} INFO - Processing file /home/ubuntu/airflow_snow/lib/python3.12/site-packages/airflow/example_dags/example_short_circuit_operator.py for tasks to queue
[2024-09-01T04:53:05.935+0000] {logging_mixin.py:190} INFO - [2024-09-01T04:53:05.934+0000] {dagbag.py:587} INFO - Filling up the DagBag from /home/ubuntu/airflow_snow/lib/python3.12/site-packages/airflow/example_dags/example_short_circuit_operator.py
[2024-09-01T04:53:05.943+0000] {processor.py:925} INFO - DAG(s) 'example_short_circuit_operator' retrieved from /home/ubuntu/airflow_snow/lib/python3.12/site-packages/airflow/example_dags/example_short_circuit_operator.py
[2024-09-01T04:53:05.960+0000] {logging_mixin.py:190} INFO - [2024-09-01T04:53:05.960+0000] {dag.py:3211} INFO - Sync 1 DAGs
[2024-09-01T04:53:05.979+0000] {logging_mixin.py:190} INFO - [2024-09-01T04:53:05.979+0000] {dag.py:4138} INFO - Setting next_dagrun for example_short_circuit_operator to 2024-08-31 00:00:00+00:00, run_after=2024-09-01 00:00:00+00:00
[2024-09-01T04:53:06.000+0000] {processor.py:208} INFO - Processing /home/ubuntu/airflow_snow/lib/python3.12/site-packages/airflow/example_dags/example_short_circuit_operator.py took 0.075 seconds
