[2024-09-01T04:29:23.350+0000] {processor.py:186} INFO - Started process (PID=2195) to work on /home/ubuntu/airflow_snow/lib/python3.12/site-packages/airflow/example_dags/example_branch_day_of_week_operator.py
[2024-09-01T04:29:23.351+0000] {processor.py:914} INFO - Processing file /home/ubuntu/airflow_snow/lib/python3.12/site-packages/airflow/example_dags/example_branch_day_of_week_operator.py for tasks to queue
[2024-09-01T04:29:23.353+0000] {logging_mixin.py:190} INFO - [2024-09-01T04:29:23.353+0000] {dagbag.py:587} INFO - Filling up the DagBag from /home/ubuntu/airflow_snow/lib/python3.12/site-packages/airflow/example_dags/example_branch_day_of_week_operator.py
[2024-09-01T04:29:23.363+0000] {processor.py:925} INFO - DAG(s) 'example_weekday_branch_operator' retrieved from /home/ubuntu/airflow_snow/lib/python3.12/site-packages/airflow/example_dags/example_branch_day_of_week_operator.py
[2024-09-01T04:29:23.465+0000] {logging_mixin.py:190} INFO - [2024-09-01T04:29:23.464+0000] {override.py:1900} INFO - Created Permission View: can delete on DAG:example_weekday_branch_operator
[2024-09-01T04:29:23.479+0000] {logging_mixin.py:190} INFO - [2024-09-01T04:29:23.478+0000] {override.py:1900} INFO - Created Permission View: can read on DAG:example_weekday_branch_operator
[2024-09-01T04:29:23.490+0000] {logging_mixin.py:190} INFO - [2024-09-01T04:29:23.490+0000] {override.py:1900} INFO - Created Permission View: can edit on DAG:example_weekday_branch_operator
[2024-09-01T04:29:23.508+0000] {logging_mixin.py:190} INFO - [2024-09-01T04:29:23.508+0000] {override.py:1900} INFO - Created Permission View: menu access on DAG Run:example_weekday_branch_operator
[2024-09-01T04:29:23.519+0000] {logging_mixin.py:190} INFO - [2024-09-01T04:29:23.519+0000] {override.py:1900} INFO - Created Permission View: can create on DAG Run:example_weekday_branch_operator
[2024-09-01T04:29:23.530+0000] {logging_mixin.py:190} INFO - [2024-09-01T04:29:23.529+0000] {override.py:1900} INFO - Created Permission View: can read on DAG Run:example_weekday_branch_operator
[2024-09-01T04:29:23.541+0000] {logging_mixin.py:190} INFO - [2024-09-01T04:29:23.541+0000] {override.py:1900} INFO - Created Permission View: can delete on DAG Run:example_weekday_branch_operator
[2024-09-01T04:29:23.541+0000] {logging_mixin.py:190} INFO - [2024-09-01T04:29:23.541+0000] {dag.py:3211} INFO - Sync 1 DAGs
[2024-09-01T04:29:23.551+0000] {logging_mixin.py:190} INFO - [2024-09-01T04:29:23.551+0000] {dag.py:3234} INFO - Creating ORM DAG for example_weekday_branch_operator
[2024-09-01T04:29:23.561+0000] {logging_mixin.py:190} INFO - [2024-09-01T04:29:23.561+0000] {dag.py:4138} INFO - Setting next_dagrun for example_weekday_branch_operator to 2024-08-31 00:00:00+00:00, run_after=2024-09-01 00:00:00+00:00
[2024-09-01T04:29:23.583+0000] {processor.py:208} INFO - Processing /home/ubuntu/airflow_snow/lib/python3.12/site-packages/airflow/example_dags/example_branch_day_of_week_operator.py took 0.238 seconds
[2024-09-01T04:30:19.766+0000] {processor.py:186} INFO - Started process (PID=2253) to work on /home/ubuntu/airflow_snow/lib/python3.12/site-packages/airflow/example_dags/example_branch_day_of_week_operator.py
[2024-09-01T04:30:19.768+0000] {processor.py:914} INFO - Processing file /home/ubuntu/airflow_snow/lib/python3.12/site-packages/airflow/example_dags/example_branch_day_of_week_operator.py for tasks to queue
[2024-09-01T04:30:19.770+0000] {logging_mixin.py:190} INFO - [2024-09-01T04:30:19.769+0000] {dagbag.py:587} INFO - Filling up the DagBag from /home/ubuntu/airflow_snow/lib/python3.12/site-packages/airflow/example_dags/example_branch_day_of_week_operator.py
[2024-09-01T04:30:19.778+0000] {processor.py:925} INFO - DAG(s) 'example_weekday_branch_operator' retrieved from /home/ubuntu/airflow_snow/lib/python3.12/site-packages/airflow/example_dags/example_branch_day_of_week_operator.py
[2024-09-01T04:30:19.793+0000] {logging_mixin.py:190} INFO - [2024-09-01T04:30:19.793+0000] {dag.py:3211} INFO - Sync 1 DAGs
[2024-09-01T04:30:19.811+0000] {logging_mixin.py:190} INFO - [2024-09-01T04:30:19.811+0000] {dag.py:4138} INFO - Setting next_dagrun for example_weekday_branch_operator to 2024-08-31 00:00:00+00:00, run_after=2024-09-01 00:00:00+00:00
[2024-09-01T04:30:19.838+0000] {processor.py:208} INFO - Processing /home/ubuntu/airflow_snow/lib/python3.12/site-packages/airflow/example_dags/example_branch_day_of_week_operator.py took 0.077 seconds
[2024-09-01T04:31:34.073+0000] {processor.py:186} INFO - Started process (PID=2334) to work on /home/ubuntu/airflow_snow/lib/python3.12/site-packages/airflow/example_dags/example_branch_day_of_week_operator.py
[2024-09-01T04:31:34.074+0000] {processor.py:914} INFO - Processing file /home/ubuntu/airflow_snow/lib/python3.12/site-packages/airflow/example_dags/example_branch_day_of_week_operator.py for tasks to queue
[2024-09-01T04:31:34.076+0000] {logging_mixin.py:190} INFO - [2024-09-01T04:31:34.076+0000] {dagbag.py:587} INFO - Filling up the DagBag from /home/ubuntu/airflow_snow/lib/python3.12/site-packages/airflow/example_dags/example_branch_day_of_week_operator.py
[2024-09-01T04:31:34.086+0000] {processor.py:925} INFO - DAG(s) 'example_weekday_branch_operator' retrieved from /home/ubuntu/airflow_snow/lib/python3.12/site-packages/airflow/example_dags/example_branch_day_of_week_operator.py
[2024-09-01T04:31:34.101+0000] {logging_mixin.py:190} INFO - [2024-09-01T04:31:34.101+0000] {dag.py:3211} INFO - Sync 1 DAGs
[2024-09-01T04:31:34.121+0000] {logging_mixin.py:190} INFO - [2024-09-01T04:31:34.120+0000] {dag.py:4138} INFO - Setting next_dagrun for example_weekday_branch_operator to 2024-08-31 00:00:00+00:00, run_after=2024-09-01 00:00:00+00:00
[2024-09-01T04:31:34.143+0000] {processor.py:208} INFO - Processing /home/ubuntu/airflow_snow/lib/python3.12/site-packages/airflow/example_dags/example_branch_day_of_week_operator.py took 0.076 seconds
[2024-09-01T04:32:45.102+0000] {processor.py:186} INFO - Started process (PID=2408) to work on /home/ubuntu/airflow_snow/lib/python3.12/site-packages/airflow/example_dags/example_branch_day_of_week_operator.py
[2024-09-01T04:32:45.104+0000] {processor.py:914} INFO - Processing file /home/ubuntu/airflow_snow/lib/python3.12/site-packages/airflow/example_dags/example_branch_day_of_week_operator.py for tasks to queue
[2024-09-01T04:32:45.106+0000] {logging_mixin.py:190} INFO - [2024-09-01T04:32:45.106+0000] {dagbag.py:587} INFO - Filling up the DagBag from /home/ubuntu/airflow_snow/lib/python3.12/site-packages/airflow/example_dags/example_branch_day_of_week_operator.py
[2024-09-01T04:32:45.115+0000] {processor.py:925} INFO - DAG(s) 'example_weekday_branch_operator' retrieved from /home/ubuntu/airflow_snow/lib/python3.12/site-packages/airflow/example_dags/example_branch_day_of_week_operator.py
[2024-09-01T04:32:45.130+0000] {logging_mixin.py:190} INFO - [2024-09-01T04:32:45.130+0000] {dag.py:3211} INFO - Sync 1 DAGs
[2024-09-01T04:32:45.148+0000] {logging_mixin.py:190} INFO - [2024-09-01T04:32:45.148+0000] {dag.py:4138} INFO - Setting next_dagrun for example_weekday_branch_operator to 2024-08-31 00:00:00+00:00, run_after=2024-09-01 00:00:00+00:00
[2024-09-01T04:32:45.170+0000] {processor.py:208} INFO - Processing /home/ubuntu/airflow_snow/lib/python3.12/site-packages/airflow/example_dags/example_branch_day_of_week_operator.py took 0.073 seconds
[2024-09-01T04:33:40.403+0000] {processor.py:186} INFO - Started process (PID=2464) to work on /home/ubuntu/airflow_snow/lib/python3.12/site-packages/airflow/example_dags/example_branch_day_of_week_operator.py
[2024-09-01T04:33:40.405+0000] {processor.py:914} INFO - Processing file /home/ubuntu/airflow_snow/lib/python3.12/site-packages/airflow/example_dags/example_branch_day_of_week_operator.py for tasks to queue
[2024-09-01T04:33:40.407+0000] {logging_mixin.py:190} INFO - [2024-09-01T04:33:40.407+0000] {dagbag.py:587} INFO - Filling up the DagBag from /home/ubuntu/airflow_snow/lib/python3.12/site-packages/airflow/example_dags/example_branch_day_of_week_operator.py
[2024-09-01T04:33:40.417+0000] {processor.py:925} INFO - DAG(s) 'example_weekday_branch_operator' retrieved from /home/ubuntu/airflow_snow/lib/python3.12/site-packages/airflow/example_dags/example_branch_day_of_week_operator.py
[2024-09-01T04:33:40.432+0000] {logging_mixin.py:190} INFO - [2024-09-01T04:33:40.432+0000] {dag.py:3211} INFO - Sync 1 DAGs
[2024-09-01T04:33:40.452+0000] {logging_mixin.py:190} INFO - [2024-09-01T04:33:40.452+0000] {dag.py:4138} INFO - Setting next_dagrun for example_weekday_branch_operator to 2024-08-31 00:00:00+00:00, run_after=2024-09-01 00:00:00+00:00
[2024-09-01T04:33:40.475+0000] {processor.py:208} INFO - Processing /home/ubuntu/airflow_snow/lib/python3.12/site-packages/airflow/example_dags/example_branch_day_of_week_operator.py took 0.076 seconds
[2024-09-01T04:34:53.619+0000] {processor.py:186} INFO - Started process (PID=2543) to work on /home/ubuntu/airflow_snow/lib/python3.12/site-packages/airflow/example_dags/example_branch_day_of_week_operator.py
[2024-09-01T04:34:53.621+0000] {processor.py:914} INFO - Processing file /home/ubuntu/airflow_snow/lib/python3.12/site-packages/airflow/example_dags/example_branch_day_of_week_operator.py for tasks to queue
[2024-09-01T04:34:53.623+0000] {logging_mixin.py:190} INFO - [2024-09-01T04:34:53.622+0000] {dagbag.py:587} INFO - Filling up the DagBag from /home/ubuntu/airflow_snow/lib/python3.12/site-packages/airflow/example_dags/example_branch_day_of_week_operator.py
[2024-09-01T04:34:53.632+0000] {processor.py:925} INFO - DAG(s) 'example_weekday_branch_operator' retrieved from /home/ubuntu/airflow_snow/lib/python3.12/site-packages/airflow/example_dags/example_branch_day_of_week_operator.py
[2024-09-01T04:34:53.646+0000] {logging_mixin.py:190} INFO - [2024-09-01T04:34:53.646+0000] {dag.py:3211} INFO - Sync 1 DAGs
[2024-09-01T04:34:53.666+0000] {logging_mixin.py:190} INFO - [2024-09-01T04:34:53.666+0000] {dag.py:4138} INFO - Setting next_dagrun for example_weekday_branch_operator to 2024-08-31 00:00:00+00:00, run_after=2024-09-01 00:00:00+00:00
[2024-09-01T04:34:53.689+0000] {processor.py:208} INFO - Processing /home/ubuntu/airflow_snow/lib/python3.12/site-packages/airflow/example_dags/example_branch_day_of_week_operator.py took 0.074 seconds
[2024-09-01T04:36:08.176+0000] {processor.py:186} INFO - Started process (PID=2621) to work on /home/ubuntu/airflow_snow/lib/python3.12/site-packages/airflow/example_dags/example_branch_day_of_week_operator.py
[2024-09-01T04:36:08.179+0000] {processor.py:914} INFO - Processing file /home/ubuntu/airflow_snow/lib/python3.12/site-packages/airflow/example_dags/example_branch_day_of_week_operator.py for tasks to queue
[2024-09-01T04:36:08.181+0000] {logging_mixin.py:190} INFO - [2024-09-01T04:36:08.181+0000] {dagbag.py:587} INFO - Filling up the DagBag from /home/ubuntu/airflow_snow/lib/python3.12/site-packages/airflow/example_dags/example_branch_day_of_week_operator.py
[2024-09-01T04:36:08.190+0000] {processor.py:925} INFO - DAG(s) 'example_weekday_branch_operator' retrieved from /home/ubuntu/airflow_snow/lib/python3.12/site-packages/airflow/example_dags/example_branch_day_of_week_operator.py
[2024-09-01T04:36:08.204+0000] {logging_mixin.py:190} INFO - [2024-09-01T04:36:08.203+0000] {dag.py:3211} INFO - Sync 1 DAGs
[2024-09-01T04:36:08.223+0000] {logging_mixin.py:190} INFO - [2024-09-01T04:36:08.223+0000] {dag.py:4138} INFO - Setting next_dagrun for example_weekday_branch_operator to 2024-08-31 00:00:00+00:00, run_after=2024-09-01 00:00:00+00:00
[2024-09-01T04:36:08.243+0000] {processor.py:208} INFO - Processing /home/ubuntu/airflow_snow/lib/python3.12/site-packages/airflow/example_dags/example_branch_day_of_week_operator.py took 0.072 seconds
[2024-09-01T04:37:27.440+0000] {processor.py:186} INFO - Started process (PID=2701) to work on /home/ubuntu/airflow_snow/lib/python3.12/site-packages/airflow/example_dags/example_branch_day_of_week_operator.py
[2024-09-01T04:37:27.443+0000] {processor.py:914} INFO - Processing file /home/ubuntu/airflow_snow/lib/python3.12/site-packages/airflow/example_dags/example_branch_day_of_week_operator.py for tasks to queue
[2024-09-01T04:37:27.445+0000] {logging_mixin.py:190} INFO - [2024-09-01T04:37:27.445+0000] {dagbag.py:587} INFO - Filling up the DagBag from /home/ubuntu/airflow_snow/lib/python3.12/site-packages/airflow/example_dags/example_branch_day_of_week_operator.py
[2024-09-01T04:37:27.454+0000] {processor.py:925} INFO - DAG(s) 'example_weekday_branch_operator' retrieved from /home/ubuntu/airflow_snow/lib/python3.12/site-packages/airflow/example_dags/example_branch_day_of_week_operator.py
[2024-09-01T04:37:27.468+0000] {logging_mixin.py:190} INFO - [2024-09-01T04:37:27.468+0000] {dag.py:3211} INFO - Sync 1 DAGs
[2024-09-01T04:37:27.486+0000] {logging_mixin.py:190} INFO - [2024-09-01T04:37:27.486+0000] {dag.py:4138} INFO - Setting next_dagrun for example_weekday_branch_operator to 2024-08-31 00:00:00+00:00, run_after=2024-09-01 00:00:00+00:00
[2024-09-01T04:37:27.508+0000] {processor.py:208} INFO - Processing /home/ubuntu/airflow_snow/lib/python3.12/site-packages/airflow/example_dags/example_branch_day_of_week_operator.py took 0.074 seconds
[2024-09-01T04:38:42.666+0000] {processor.py:186} INFO - Started process (PID=2777) to work on /home/ubuntu/airflow_snow/lib/python3.12/site-packages/airflow/example_dags/example_branch_day_of_week_operator.py
[2024-09-01T04:38:42.668+0000] {processor.py:914} INFO - Processing file /home/ubuntu/airflow_snow/lib/python3.12/site-packages/airflow/example_dags/example_branch_day_of_week_operator.py for tasks to queue
[2024-09-01T04:38:42.670+0000] {logging_mixin.py:190} INFO - [2024-09-01T04:38:42.670+0000] {dagbag.py:587} INFO - Filling up the DagBag from /home/ubuntu/airflow_snow/lib/python3.12/site-packages/airflow/example_dags/example_branch_day_of_week_operator.py
[2024-09-01T04:38:42.679+0000] {processor.py:925} INFO - DAG(s) 'example_weekday_branch_operator' retrieved from /home/ubuntu/airflow_snow/lib/python3.12/site-packages/airflow/example_dags/example_branch_day_of_week_operator.py
[2024-09-01T04:38:42.694+0000] {logging_mixin.py:190} INFO - [2024-09-01T04:38:42.694+0000] {dag.py:3211} INFO - Sync 1 DAGs
[2024-09-01T04:38:42.713+0000] {logging_mixin.py:190} INFO - [2024-09-01T04:38:42.713+0000] {dag.py:4138} INFO - Setting next_dagrun for example_weekday_branch_operator to 2024-08-31 00:00:00+00:00, run_after=2024-09-01 00:00:00+00:00
[2024-09-01T04:38:42.736+0000] {processor.py:208} INFO - Processing /home/ubuntu/airflow_snow/lib/python3.12/site-packages/airflow/example_dags/example_branch_day_of_week_operator.py took 0.074 seconds
[2024-09-01T04:39:59.967+0000] {processor.py:186} INFO - Started process (PID=2856) to work on /home/ubuntu/airflow_snow/lib/python3.12/site-packages/airflow/example_dags/example_branch_day_of_week_operator.py
[2024-09-01T04:39:59.969+0000] {processor.py:914} INFO - Processing file /home/ubuntu/airflow_snow/lib/python3.12/site-packages/airflow/example_dags/example_branch_day_of_week_operator.py for tasks to queue
[2024-09-01T04:39:59.971+0000] {logging_mixin.py:190} INFO - [2024-09-01T04:39:59.970+0000] {dagbag.py:587} INFO - Filling up the DagBag from /home/ubuntu/airflow_snow/lib/python3.12/site-packages/airflow/example_dags/example_branch_day_of_week_operator.py
[2024-09-01T04:39:59.982+0000] {processor.py:925} INFO - DAG(s) 'example_weekday_branch_operator' retrieved from /home/ubuntu/airflow_snow/lib/python3.12/site-packages/airflow/example_dags/example_branch_day_of_week_operator.py
[2024-09-01T04:39:59.995+0000] {logging_mixin.py:190} INFO - [2024-09-01T04:39:59.995+0000] {dag.py:3211} INFO - Sync 1 DAGs
[2024-09-01T04:40:00.015+0000] {logging_mixin.py:190} INFO - [2024-09-01T04:40:00.015+0000] {dag.py:4138} INFO - Setting next_dagrun for example_weekday_branch_operator to 2024-08-31 00:00:00+00:00, run_after=2024-09-01 00:00:00+00:00
[2024-09-01T04:40:00.040+0000] {processor.py:208} INFO - Processing /home/ubuntu/airflow_snow/lib/python3.12/site-packages/airflow/example_dags/example_branch_day_of_week_operator.py took 0.078 seconds
[2024-09-01T04:41:18.363+0000] {processor.py:186} INFO - Started process (PID=2939) to work on /home/ubuntu/airflow_snow/lib/python3.12/site-packages/airflow/example_dags/example_branch_day_of_week_operator.py
[2024-09-01T04:41:18.365+0000] {processor.py:914} INFO - Processing file /home/ubuntu/airflow_snow/lib/python3.12/site-packages/airflow/example_dags/example_branch_day_of_week_operator.py for tasks to queue
[2024-09-01T04:41:18.366+0000] {logging_mixin.py:190} INFO - [2024-09-01T04:41:18.366+0000] {dagbag.py:587} INFO - Filling up the DagBag from /home/ubuntu/airflow_snow/lib/python3.12/site-packages/airflow/example_dags/example_branch_day_of_week_operator.py
[2024-09-01T04:41:18.375+0000] {processor.py:925} INFO - DAG(s) 'example_weekday_branch_operator' retrieved from /home/ubuntu/airflow_snow/lib/python3.12/site-packages/airflow/example_dags/example_branch_day_of_week_operator.py
[2024-09-01T04:41:18.391+0000] {logging_mixin.py:190} INFO - [2024-09-01T04:41:18.391+0000] {dag.py:3211} INFO - Sync 1 DAGs
[2024-09-01T04:41:18.410+0000] {logging_mixin.py:190} INFO - [2024-09-01T04:41:18.409+0000] {dag.py:4138} INFO - Setting next_dagrun for example_weekday_branch_operator to 2024-08-31 00:00:00+00:00, run_after=2024-09-01 00:00:00+00:00
[2024-09-01T04:41:18.431+0000] {processor.py:208} INFO - Processing /home/ubuntu/airflow_snow/lib/python3.12/site-packages/airflow/example_dags/example_branch_day_of_week_operator.py took 0.073 seconds
[2024-09-01T04:42:32.723+0000] {processor.py:186} INFO - Started process (PID=3015) to work on /home/ubuntu/airflow_snow/lib/python3.12/site-packages/airflow/example_dags/example_branch_day_of_week_operator.py
[2024-09-01T04:42:32.725+0000] {processor.py:914} INFO - Processing file /home/ubuntu/airflow_snow/lib/python3.12/site-packages/airflow/example_dags/example_branch_day_of_week_operator.py for tasks to queue
[2024-09-01T04:42:32.727+0000] {logging_mixin.py:190} INFO - [2024-09-01T04:42:32.727+0000] {dagbag.py:587} INFO - Filling up the DagBag from /home/ubuntu/airflow_snow/lib/python3.12/site-packages/airflow/example_dags/example_branch_day_of_week_operator.py
[2024-09-01T04:42:32.736+0000] {processor.py:925} INFO - DAG(s) 'example_weekday_branch_operator' retrieved from /home/ubuntu/airflow_snow/lib/python3.12/site-packages/airflow/example_dags/example_branch_day_of_week_operator.py
[2024-09-01T04:42:32.751+0000] {logging_mixin.py:190} INFO - [2024-09-01T04:42:32.751+0000] {dag.py:3211} INFO - Sync 1 DAGs
[2024-09-01T04:42:32.768+0000] {logging_mixin.py:190} INFO - [2024-09-01T04:42:32.768+0000] {dag.py:4138} INFO - Setting next_dagrun for example_weekday_branch_operator to 2024-08-31 00:00:00+00:00, run_after=2024-09-01 00:00:00+00:00
[2024-09-01T04:42:32.791+0000] {processor.py:208} INFO - Processing /home/ubuntu/airflow_snow/lib/python3.12/site-packages/airflow/example_dags/example_branch_day_of_week_operator.py took 0.072 seconds
[2024-09-01T04:43:45.253+0000] {processor.py:186} INFO - Started process (PID=3090) to work on /home/ubuntu/airflow_snow/lib/python3.12/site-packages/airflow/example_dags/example_branch_day_of_week_operator.py
[2024-09-01T04:43:45.255+0000] {processor.py:914} INFO - Processing file /home/ubuntu/airflow_snow/lib/python3.12/site-packages/airflow/example_dags/example_branch_day_of_week_operator.py for tasks to queue
[2024-09-01T04:43:45.258+0000] {logging_mixin.py:190} INFO - [2024-09-01T04:43:45.257+0000] {dagbag.py:587} INFO - Filling up the DagBag from /home/ubuntu/airflow_snow/lib/python3.12/site-packages/airflow/example_dags/example_branch_day_of_week_operator.py
[2024-09-01T04:43:45.267+0000] {processor.py:925} INFO - DAG(s) 'example_weekday_branch_operator' retrieved from /home/ubuntu/airflow_snow/lib/python3.12/site-packages/airflow/example_dags/example_branch_day_of_week_operator.py
[2024-09-01T04:43:45.282+0000] {logging_mixin.py:190} INFO - [2024-09-01T04:43:45.282+0000] {dag.py:3211} INFO - Sync 1 DAGs
[2024-09-01T04:43:45.299+0000] {logging_mixin.py:190} INFO - [2024-09-01T04:43:45.299+0000] {dag.py:4138} INFO - Setting next_dagrun for example_weekday_branch_operator to 2024-08-31 00:00:00+00:00, run_after=2024-09-01 00:00:00+00:00
[2024-09-01T04:43:45.323+0000] {processor.py:208} INFO - Processing /home/ubuntu/airflow_snow/lib/python3.12/site-packages/airflow/example_dags/example_branch_day_of_week_operator.py took 0.075 seconds
[2024-09-01T04:44:58.948+0000] {processor.py:186} INFO - Started process (PID=3169) to work on /home/ubuntu/airflow_snow/lib/python3.12/site-packages/airflow/example_dags/example_branch_day_of_week_operator.py
[2024-09-01T04:44:58.951+0000] {processor.py:914} INFO - Processing file /home/ubuntu/airflow_snow/lib/python3.12/site-packages/airflow/example_dags/example_branch_day_of_week_operator.py for tasks to queue
[2024-09-01T04:44:58.953+0000] {logging_mixin.py:190} INFO - [2024-09-01T04:44:58.953+0000] {dagbag.py:587} INFO - Filling up the DagBag from /home/ubuntu/airflow_snow/lib/python3.12/site-packages/airflow/example_dags/example_branch_day_of_week_operator.py
[2024-09-01T04:44:58.962+0000] {processor.py:925} INFO - DAG(s) 'example_weekday_branch_operator' retrieved from /home/ubuntu/airflow_snow/lib/python3.12/site-packages/airflow/example_dags/example_branch_day_of_week_operator.py
[2024-09-01T04:44:58.977+0000] {logging_mixin.py:190} INFO - [2024-09-01T04:44:58.977+0000] {dag.py:3211} INFO - Sync 1 DAGs
[2024-09-01T04:44:58.995+0000] {logging_mixin.py:190} INFO - [2024-09-01T04:44:58.995+0000] {dag.py:4138} INFO - Setting next_dagrun for example_weekday_branch_operator to 2024-08-31 00:00:00+00:00, run_after=2024-09-01 00:00:00+00:00
[2024-09-01T04:44:59.019+0000] {processor.py:208} INFO - Processing /home/ubuntu/airflow_snow/lib/python3.12/site-packages/airflow/example_dags/example_branch_day_of_week_operator.py took 0.076 seconds
[2024-09-01T04:46:10.505+0000] {processor.py:186} INFO - Started process (PID=3249) to work on /home/ubuntu/airflow_snow/lib/python3.12/site-packages/airflow/example_dags/example_branch_day_of_week_operator.py
[2024-09-01T04:46:10.507+0000] {processor.py:914} INFO - Processing file /home/ubuntu/airflow_snow/lib/python3.12/site-packages/airflow/example_dags/example_branch_day_of_week_operator.py for tasks to queue
[2024-09-01T04:46:10.509+0000] {logging_mixin.py:190} INFO - [2024-09-01T04:46:10.508+0000] {dagbag.py:587} INFO - Filling up the DagBag from /home/ubuntu/airflow_snow/lib/python3.12/site-packages/airflow/example_dags/example_branch_day_of_week_operator.py
[2024-09-01T04:46:10.517+0000] {processor.py:925} INFO - DAG(s) 'example_weekday_branch_operator' retrieved from /home/ubuntu/airflow_snow/lib/python3.12/site-packages/airflow/example_dags/example_branch_day_of_week_operator.py
[2024-09-01T04:46:10.533+0000] {logging_mixin.py:190} INFO - [2024-09-01T04:46:10.532+0000] {dag.py:3211} INFO - Sync 1 DAGs
[2024-09-01T04:46:10.551+0000] {logging_mixin.py:190} INFO - [2024-09-01T04:46:10.551+0000] {dag.py:4138} INFO - Setting next_dagrun for example_weekday_branch_operator to 2024-08-31 00:00:00+00:00, run_after=2024-09-01 00:00:00+00:00
[2024-09-01T04:46:10.573+0000] {processor.py:208} INFO - Processing /home/ubuntu/airflow_snow/lib/python3.12/site-packages/airflow/example_dags/example_branch_day_of_week_operator.py took 0.074 seconds
[2024-09-01T04:47:22.717+0000] {processor.py:186} INFO - Started process (PID=3324) to work on /home/ubuntu/airflow_snow/lib/python3.12/site-packages/airflow/example_dags/example_branch_day_of_week_operator.py
[2024-09-01T04:47:22.718+0000] {processor.py:914} INFO - Processing file /home/ubuntu/airflow_snow/lib/python3.12/site-packages/airflow/example_dags/example_branch_day_of_week_operator.py for tasks to queue
[2024-09-01T04:47:22.722+0000] {logging_mixin.py:190} INFO - [2024-09-01T04:47:22.721+0000] {dagbag.py:587} INFO - Filling up the DagBag from /home/ubuntu/airflow_snow/lib/python3.12/site-packages/airflow/example_dags/example_branch_day_of_week_operator.py
[2024-09-01T04:47:22.730+0000] {processor.py:925} INFO - DAG(s) 'example_weekday_branch_operator' retrieved from /home/ubuntu/airflow_snow/lib/python3.12/site-packages/airflow/example_dags/example_branch_day_of_week_operator.py
[2024-09-01T04:47:22.746+0000] {logging_mixin.py:190} INFO - [2024-09-01T04:47:22.746+0000] {dag.py:3211} INFO - Sync 1 DAGs
[2024-09-01T04:47:22.763+0000] {logging_mixin.py:190} INFO - [2024-09-01T04:47:22.763+0000] {dag.py:4138} INFO - Setting next_dagrun for example_weekday_branch_operator to 2024-08-31 00:00:00+00:00, run_after=2024-09-01 00:00:00+00:00
[2024-09-01T04:47:22.783+0000] {processor.py:208} INFO - Processing /home/ubuntu/airflow_snow/lib/python3.12/site-packages/airflow/example_dags/example_branch_day_of_week_operator.py took 0.070 seconds
[2024-09-01T04:48:35.082+0000] {processor.py:186} INFO - Started process (PID=3401) to work on /home/ubuntu/airflow_snow/lib/python3.12/site-packages/airflow/example_dags/example_branch_day_of_week_operator.py
[2024-09-01T04:48:35.084+0000] {processor.py:914} INFO - Processing file /home/ubuntu/airflow_snow/lib/python3.12/site-packages/airflow/example_dags/example_branch_day_of_week_operator.py for tasks to queue
[2024-09-01T04:48:35.086+0000] {logging_mixin.py:190} INFO - [2024-09-01T04:48:35.085+0000] {dagbag.py:587} INFO - Filling up the DagBag from /home/ubuntu/airflow_snow/lib/python3.12/site-packages/airflow/example_dags/example_branch_day_of_week_operator.py
[2024-09-01T04:48:35.095+0000] {processor.py:925} INFO - DAG(s) 'example_weekday_branch_operator' retrieved from /home/ubuntu/airflow_snow/lib/python3.12/site-packages/airflow/example_dags/example_branch_day_of_week_operator.py
[2024-09-01T04:48:35.110+0000] {logging_mixin.py:190} INFO - [2024-09-01T04:48:35.110+0000] {dag.py:3211} INFO - Sync 1 DAGs
[2024-09-01T04:48:35.129+0000] {logging_mixin.py:190} INFO - [2024-09-01T04:48:35.129+0000] {dag.py:4138} INFO - Setting next_dagrun for example_weekday_branch_operator to 2024-08-31 00:00:00+00:00, run_after=2024-09-01 00:00:00+00:00
[2024-09-01T04:48:35.151+0000] {processor.py:208} INFO - Processing /home/ubuntu/airflow_snow/lib/python3.12/site-packages/airflow/example_dags/example_branch_day_of_week_operator.py took 0.073 seconds
[2024-09-01T04:49:48.150+0000] {processor.py:186} INFO - Started process (PID=3477) to work on /home/ubuntu/airflow_snow/lib/python3.12/site-packages/airflow/example_dags/example_branch_day_of_week_operator.py
[2024-09-01T04:49:48.153+0000] {processor.py:914} INFO - Processing file /home/ubuntu/airflow_snow/lib/python3.12/site-packages/airflow/example_dags/example_branch_day_of_week_operator.py for tasks to queue
[2024-09-01T04:49:48.155+0000] {logging_mixin.py:190} INFO - [2024-09-01T04:49:48.155+0000] {dagbag.py:587} INFO - Filling up the DagBag from /home/ubuntu/airflow_snow/lib/python3.12/site-packages/airflow/example_dags/example_branch_day_of_week_operator.py
[2024-09-01T04:49:48.164+0000] {processor.py:925} INFO - DAG(s) 'example_weekday_branch_operator' retrieved from /home/ubuntu/airflow_snow/lib/python3.12/site-packages/airflow/example_dags/example_branch_day_of_week_operator.py
[2024-09-01T04:49:48.178+0000] {logging_mixin.py:190} INFO - [2024-09-01T04:49:48.178+0000] {dag.py:3211} INFO - Sync 1 DAGs
[2024-09-01T04:49:48.196+0000] {logging_mixin.py:190} INFO - [2024-09-01T04:49:48.196+0000] {dag.py:4138} INFO - Setting next_dagrun for example_weekday_branch_operator to 2024-08-31 00:00:00+00:00, run_after=2024-09-01 00:00:00+00:00
[2024-09-01T04:49:48.222+0000] {processor.py:208} INFO - Processing /home/ubuntu/airflow_snow/lib/python3.12/site-packages/airflow/example_dags/example_branch_day_of_week_operator.py took 0.076 seconds
[2024-09-01T04:50:53.590+0000] {processor.py:186} INFO - Started process (PID=3551) to work on /home/ubuntu/airflow_snow/lib/python3.12/site-packages/airflow/example_dags/example_branch_day_of_week_operator.py
[2024-09-01T04:50:53.592+0000] {processor.py:914} INFO - Processing file /home/ubuntu/airflow_snow/lib/python3.12/site-packages/airflow/example_dags/example_branch_day_of_week_operator.py for tasks to queue
[2024-09-01T04:50:53.594+0000] {logging_mixin.py:190} INFO - [2024-09-01T04:50:53.593+0000] {dagbag.py:587} INFO - Filling up the DagBag from /home/ubuntu/airflow_snow/lib/python3.12/site-packages/airflow/example_dags/example_branch_day_of_week_operator.py
[2024-09-01T04:50:53.603+0000] {processor.py:925} INFO - DAG(s) 'example_weekday_branch_operator' retrieved from /home/ubuntu/airflow_snow/lib/python3.12/site-packages/airflow/example_dags/example_branch_day_of_week_operator.py
[2024-09-01T04:50:53.618+0000] {logging_mixin.py:190} INFO - [2024-09-01T04:50:53.618+0000] {dag.py:3211} INFO - Sync 1 DAGs
[2024-09-01T04:50:53.636+0000] {logging_mixin.py:190} INFO - [2024-09-01T04:50:53.636+0000] {dag.py:4138} INFO - Setting next_dagrun for example_weekday_branch_operator to 2024-08-31 00:00:00+00:00, run_after=2024-09-01 00:00:00+00:00
[2024-09-01T04:50:53.659+0000] {processor.py:208} INFO - Processing /home/ubuntu/airflow_snow/lib/python3.12/site-packages/airflow/example_dags/example_branch_day_of_week_operator.py took 0.075 seconds
[2024-09-01T04:52:08.878+0000] {processor.py:186} INFO - Started process (PID=3629) to work on /home/ubuntu/airflow_snow/lib/python3.12/site-packages/airflow/example_dags/example_branch_day_of_week_operator.py
[2024-09-01T04:52:08.881+0000] {processor.py:914} INFO - Processing file /home/ubuntu/airflow_snow/lib/python3.12/site-packages/airflow/example_dags/example_branch_day_of_week_operator.py for tasks to queue
[2024-09-01T04:52:08.882+0000] {logging_mixin.py:190} INFO - [2024-09-01T04:52:08.882+0000] {dagbag.py:587} INFO - Filling up the DagBag from /home/ubuntu/airflow_snow/lib/python3.12/site-packages/airflow/example_dags/example_branch_day_of_week_operator.py
[2024-09-01T04:52:08.892+0000] {processor.py:925} INFO - DAG(s) 'example_weekday_branch_operator' retrieved from /home/ubuntu/airflow_snow/lib/python3.12/site-packages/airflow/example_dags/example_branch_day_of_week_operator.py
[2024-09-01T04:52:08.907+0000] {logging_mixin.py:190} INFO - [2024-09-01T04:52:08.907+0000] {dag.py:3211} INFO - Sync 1 DAGs
[2024-09-01T04:52:08.927+0000] {logging_mixin.py:190} INFO - [2024-09-01T04:52:08.927+0000] {dag.py:4138} INFO - Setting next_dagrun for example_weekday_branch_operator to 2024-08-31 00:00:00+00:00, run_after=2024-09-01 00:00:00+00:00
[2024-09-01T04:52:08.952+0000] {processor.py:208} INFO - Processing /home/ubuntu/airflow_snow/lib/python3.12/site-packages/airflow/example_dags/example_branch_day_of_week_operator.py took 0.078 seconds
