[2024-09-01T04:29:26.014+0000] {processor.py:186} INFO - Started process (PID=2197) to work on /home/ubuntu/airflow_snow/lib/python3.12/site-packages/airflow/example_dags/example_branch_operator_decorator.py
[2024-09-01T04:29:26.015+0000] {processor.py:914} INFO - Processing file /home/ubuntu/airflow_snow/lib/python3.12/site-packages/airflow/example_dags/example_branch_operator_decorator.py for tasks to queue
[2024-09-01T04:29:26.017+0000] {logging_mixin.py:190} INFO - [2024-09-01T04:29:26.016+0000] {dagbag.py:587} INFO - Filling up the DagBag from /home/ubuntu/airflow_snow/lib/python3.12/site-packages/airflow/example_dags/example_branch_operator_decorator.py
[2024-09-01T04:29:26.019+0000] {processor.py:927} WARNING - No viable dags retrieved from /home/ubuntu/airflow_snow/lib/python3.12/site-packages/airflow/example_dags/example_branch_operator_decorator.py
[2024-09-01T04:29:26.028+0000] {processor.py:208} INFO - Processing /home/ubuntu/airflow_snow/lib/python3.12/site-packages/airflow/example_dags/example_branch_operator_decorator.py took 0.019 seconds
[2024-09-01T04:30:21.988+0000] {processor.py:186} INFO - Started process (PID=2255) to work on /home/ubuntu/airflow_snow/lib/python3.12/site-packages/airflow/example_dags/example_branch_operator_decorator.py
[2024-09-01T04:30:21.990+0000] {processor.py:914} INFO - Processing file /home/ubuntu/airflow_snow/lib/python3.12/site-packages/airflow/example_dags/example_branch_operator_decorator.py for tasks to queue
[2024-09-01T04:30:21.992+0000] {logging_mixin.py:190} INFO - [2024-09-01T04:30:21.992+0000] {dagbag.py:587} INFO - Filling up the DagBag from /home/ubuntu/airflow_snow/lib/python3.12/site-packages/airflow/example_dags/example_branch_operator_decorator.py
[2024-09-01T04:30:21.994+0000] {processor.py:927} WARNING - No viable dags retrieved from /home/ubuntu/airflow_snow/lib/python3.12/site-packages/airflow/example_dags/example_branch_operator_decorator.py
[2024-09-01T04:30:22.004+0000] {processor.py:208} INFO - Processing /home/ubuntu/airflow_snow/lib/python3.12/site-packages/airflow/example_dags/example_branch_operator_decorator.py took 0.021 seconds
[2024-09-01T04:31:35.514+0000] {processor.py:186} INFO - Started process (PID=2336) to work on /home/ubuntu/airflow_snow/lib/python3.12/site-packages/airflow/example_dags/example_branch_operator_decorator.py
[2024-09-01T04:31:35.516+0000] {processor.py:914} INFO - Processing file /home/ubuntu/airflow_snow/lib/python3.12/site-packages/airflow/example_dags/example_branch_operator_decorator.py for tasks to queue
[2024-09-01T04:31:35.517+0000] {logging_mixin.py:190} INFO - [2024-09-01T04:31:35.517+0000] {dagbag.py:587} INFO - Filling up the DagBag from /home/ubuntu/airflow_snow/lib/python3.12/site-packages/airflow/example_dags/example_branch_operator_decorator.py
[2024-09-01T04:31:35.519+0000] {processor.py:927} WARNING - No viable dags retrieved from /home/ubuntu/airflow_snow/lib/python3.12/site-packages/airflow/example_dags/example_branch_operator_decorator.py
[2024-09-01T04:31:35.530+0000] {processor.py:208} INFO - Processing /home/ubuntu/airflow_snow/lib/python3.12/site-packages/airflow/example_dags/example_branch_operator_decorator.py took 0.021 seconds
[2024-09-01T04:32:46.787+0000] {processor.py:186} INFO - Started process (PID=2410) to work on /home/ubuntu/airflow_snow/lib/python3.12/site-packages/airflow/example_dags/example_branch_operator_decorator.py
[2024-09-01T04:32:46.790+0000] {processor.py:914} INFO - Processing file /home/ubuntu/airflow_snow/lib/python3.12/site-packages/airflow/example_dags/example_branch_operator_decorator.py for tasks to queue
[2024-09-01T04:32:46.791+0000] {logging_mixin.py:190} INFO - [2024-09-01T04:32:46.791+0000] {dagbag.py:587} INFO - Filling up the DagBag from /home/ubuntu/airflow_snow/lib/python3.12/site-packages/airflow/example_dags/example_branch_operator_decorator.py
[2024-09-01T04:32:46.793+0000] {processor.py:927} WARNING - No viable dags retrieved from /home/ubuntu/airflow_snow/lib/python3.12/site-packages/airflow/example_dags/example_branch_operator_decorator.py
[2024-09-01T04:32:46.803+0000] {processor.py:208} INFO - Processing /home/ubuntu/airflow_snow/lib/python3.12/site-packages/airflow/example_dags/example_branch_operator_decorator.py took 0.020 seconds
[2024-09-01T04:34:03.862+0000] {processor.py:186} INFO - Started process (PID=2489) to work on /home/ubuntu/airflow_snow/lib/python3.12/site-packages/airflow/example_dags/example_branch_operator_decorator.py
[2024-09-01T04:34:03.864+0000] {processor.py:914} INFO - Processing file /home/ubuntu/airflow_snow/lib/python3.12/site-packages/airflow/example_dags/example_branch_operator_decorator.py for tasks to queue
[2024-09-01T04:34:03.866+0000] {logging_mixin.py:190} INFO - [2024-09-01T04:34:03.866+0000] {dagbag.py:587} INFO - Filling up the DagBag from /home/ubuntu/airflow_snow/lib/python3.12/site-packages/airflow/example_dags/example_branch_operator_decorator.py
[2024-09-01T04:34:03.869+0000] {processor.py:927} WARNING - No viable dags retrieved from /home/ubuntu/airflow_snow/lib/python3.12/site-packages/airflow/example_dags/example_branch_operator_decorator.py
[2024-09-01T04:34:03.878+0000] {processor.py:208} INFO - Processing /home/ubuntu/airflow_snow/lib/python3.12/site-packages/airflow/example_dags/example_branch_operator_decorator.py took 0.021 seconds
[2024-09-01T04:35:16.797+0000] {processor.py:186} INFO - Started process (PID=2569) to work on /home/ubuntu/airflow_snow/lib/python3.12/site-packages/airflow/example_dags/example_branch_operator_decorator.py
[2024-09-01T04:35:16.799+0000] {processor.py:914} INFO - Processing file /home/ubuntu/airflow_snow/lib/python3.12/site-packages/airflow/example_dags/example_branch_operator_decorator.py for tasks to queue
[2024-09-01T04:35:16.801+0000] {logging_mixin.py:190} INFO - [2024-09-01T04:35:16.800+0000] {dagbag.py:587} INFO - Filling up the DagBag from /home/ubuntu/airflow_snow/lib/python3.12/site-packages/airflow/example_dags/example_branch_operator_decorator.py
[2024-09-01T04:35:16.803+0000] {processor.py:927} WARNING - No viable dags retrieved from /home/ubuntu/airflow_snow/lib/python3.12/site-packages/airflow/example_dags/example_branch_operator_decorator.py
[2024-09-01T04:35:16.811+0000] {processor.py:208} INFO - Processing /home/ubuntu/airflow_snow/lib/python3.12/site-packages/airflow/example_dags/example_branch_operator_decorator.py took 0.021 seconds
[2024-09-01T04:36:35.162+0000] {processor.py:186} INFO - Started process (PID=2647) to work on /home/ubuntu/airflow_snow/lib/python3.12/site-packages/airflow/example_dags/example_branch_operator_decorator.py
[2024-09-01T04:36:35.165+0000] {processor.py:914} INFO - Processing file /home/ubuntu/airflow_snow/lib/python3.12/site-packages/airflow/example_dags/example_branch_operator_decorator.py for tasks to queue
[2024-09-01T04:36:35.166+0000] {logging_mixin.py:190} INFO - [2024-09-01T04:36:35.166+0000] {dagbag.py:587} INFO - Filling up the DagBag from /home/ubuntu/airflow_snow/lib/python3.12/site-packages/airflow/example_dags/example_branch_operator_decorator.py
[2024-09-01T04:36:35.169+0000] {processor.py:927} WARNING - No viable dags retrieved from /home/ubuntu/airflow_snow/lib/python3.12/site-packages/airflow/example_dags/example_branch_operator_decorator.py
[2024-09-01T04:36:35.179+0000] {processor.py:208} INFO - Processing /home/ubuntu/airflow_snow/lib/python3.12/site-packages/airflow/example_dags/example_branch_operator_decorator.py took 0.021 seconds
[2024-09-01T04:37:51.064+0000] {processor.py:186} INFO - Started process (PID=2725) to work on /home/ubuntu/airflow_snow/lib/python3.12/site-packages/airflow/example_dags/example_branch_operator_decorator.py
[2024-09-01T04:37:51.066+0000] {processor.py:914} INFO - Processing file /home/ubuntu/airflow_snow/lib/python3.12/site-packages/airflow/example_dags/example_branch_operator_decorator.py for tasks to queue
[2024-09-01T04:37:51.067+0000] {logging_mixin.py:190} INFO - [2024-09-01T04:37:51.067+0000] {dagbag.py:587} INFO - Filling up the DagBag from /home/ubuntu/airflow_snow/lib/python3.12/site-packages/airflow/example_dags/example_branch_operator_decorator.py
[2024-09-01T04:37:51.070+0000] {processor.py:927} WARNING - No viable dags retrieved from /home/ubuntu/airflow_snow/lib/python3.12/site-packages/airflow/example_dags/example_branch_operator_decorator.py
[2024-09-01T04:37:51.078+0000] {processor.py:208} INFO - Processing /home/ubuntu/airflow_snow/lib/python3.12/site-packages/airflow/example_dags/example_branch_operator_decorator.py took 0.020 seconds
[2024-09-01T04:39:07.761+0000] {processor.py:186} INFO - Started process (PID=2802) to work on /home/ubuntu/airflow_snow/lib/python3.12/site-packages/airflow/example_dags/example_branch_operator_decorator.py
[2024-09-01T04:39:07.763+0000] {processor.py:914} INFO - Processing file /home/ubuntu/airflow_snow/lib/python3.12/site-packages/airflow/example_dags/example_branch_operator_decorator.py for tasks to queue
[2024-09-01T04:39:07.766+0000] {logging_mixin.py:190} INFO - [2024-09-01T04:39:07.765+0000] {dagbag.py:587} INFO - Filling up the DagBag from /home/ubuntu/airflow_snow/lib/python3.12/site-packages/airflow/example_dags/example_branch_operator_decorator.py
[2024-09-01T04:39:07.767+0000] {processor.py:927} WARNING - No viable dags retrieved from /home/ubuntu/airflow_snow/lib/python3.12/site-packages/airflow/example_dags/example_branch_operator_decorator.py
[2024-09-01T04:39:07.778+0000] {processor.py:208} INFO - Processing /home/ubuntu/airflow_snow/lib/python3.12/site-packages/airflow/example_dags/example_branch_operator_decorator.py took 0.023 seconds
[2024-09-01T04:40:24.571+0000] {processor.py:186} INFO - Started process (PID=2881) to work on /home/ubuntu/airflow_snow/lib/python3.12/site-packages/airflow/example_dags/example_branch_operator_decorator.py
[2024-09-01T04:40:24.573+0000] {processor.py:914} INFO - Processing file /home/ubuntu/airflow_snow/lib/python3.12/site-packages/airflow/example_dags/example_branch_operator_decorator.py for tasks to queue
[2024-09-01T04:40:24.575+0000] {logging_mixin.py:190} INFO - [2024-09-01T04:40:24.575+0000] {dagbag.py:587} INFO - Filling up the DagBag from /home/ubuntu/airflow_snow/lib/python3.12/site-packages/airflow/example_dags/example_branch_operator_decorator.py
[2024-09-01T04:40:24.578+0000] {processor.py:927} WARNING - No viable dags retrieved from /home/ubuntu/airflow_snow/lib/python3.12/site-packages/airflow/example_dags/example_branch_operator_decorator.py
[2024-09-01T04:40:24.587+0000] {processor.py:208} INFO - Processing /home/ubuntu/airflow_snow/lib/python3.12/site-packages/airflow/example_dags/example_branch_operator_decorator.py took 0.021 seconds
[2024-09-01T04:41:20.286+0000] {processor.py:186} INFO - Started process (PID=2941) to work on /home/ubuntu/airflow_snow/lib/python3.12/site-packages/airflow/example_dags/example_branch_operator_decorator.py
[2024-09-01T04:41:20.288+0000] {processor.py:914} INFO - Processing file /home/ubuntu/airflow_snow/lib/python3.12/site-packages/airflow/example_dags/example_branch_operator_decorator.py for tasks to queue
[2024-09-01T04:41:20.290+0000] {logging_mixin.py:190} INFO - [2024-09-01T04:41:20.290+0000] {dagbag.py:587} INFO - Filling up the DagBag from /home/ubuntu/airflow_snow/lib/python3.12/site-packages/airflow/example_dags/example_branch_operator_decorator.py
[2024-09-01T04:41:20.293+0000] {processor.py:927} WARNING - No viable dags retrieved from /home/ubuntu/airflow_snow/lib/python3.12/site-packages/airflow/example_dags/example_branch_operator_decorator.py
[2024-09-01T04:41:20.303+0000] {processor.py:208} INFO - Processing /home/ubuntu/airflow_snow/lib/python3.12/site-packages/airflow/example_dags/example_branch_operator_decorator.py took 0.022 seconds
[2024-09-01T04:42:34.372+0000] {processor.py:186} INFO - Started process (PID=3017) to work on /home/ubuntu/airflow_snow/lib/python3.12/site-packages/airflow/example_dags/example_branch_operator_decorator.py
[2024-09-01T04:42:34.376+0000] {processor.py:914} INFO - Processing file /home/ubuntu/airflow_snow/lib/python3.12/site-packages/airflow/example_dags/example_branch_operator_decorator.py for tasks to queue
[2024-09-01T04:42:34.378+0000] {logging_mixin.py:190} INFO - [2024-09-01T04:42:34.377+0000] {dagbag.py:587} INFO - Filling up the DagBag from /home/ubuntu/airflow_snow/lib/python3.12/site-packages/airflow/example_dags/example_branch_operator_decorator.py
[2024-09-01T04:42:34.382+0000] {processor.py:927} WARNING - No viable dags retrieved from /home/ubuntu/airflow_snow/lib/python3.12/site-packages/airflow/example_dags/example_branch_operator_decorator.py
[2024-09-01T04:42:34.391+0000] {processor.py:208} INFO - Processing /home/ubuntu/airflow_snow/lib/python3.12/site-packages/airflow/example_dags/example_branch_operator_decorator.py took 0.023 seconds
[2024-09-01T04:43:47.592+0000] {processor.py:186} INFO - Started process (PID=3092) to work on /home/ubuntu/airflow_snow/lib/python3.12/site-packages/airflow/example_dags/example_branch_operator_decorator.py
[2024-09-01T04:43:47.594+0000] {processor.py:914} INFO - Processing file /home/ubuntu/airflow_snow/lib/python3.12/site-packages/airflow/example_dags/example_branch_operator_decorator.py for tasks to queue
[2024-09-01T04:43:47.596+0000] {logging_mixin.py:190} INFO - [2024-09-01T04:43:47.596+0000] {dagbag.py:587} INFO - Filling up the DagBag from /home/ubuntu/airflow_snow/lib/python3.12/site-packages/airflow/example_dags/example_branch_operator_decorator.py
[2024-09-01T04:43:47.598+0000] {processor.py:927} WARNING - No viable dags retrieved from /home/ubuntu/airflow_snow/lib/python3.12/site-packages/airflow/example_dags/example_branch_operator_decorator.py
[2024-09-01T04:43:47.606+0000] {processor.py:208} INFO - Processing /home/ubuntu/airflow_snow/lib/python3.12/site-packages/airflow/example_dags/example_branch_operator_decorator.py took 0.020 seconds
[2024-09-01T04:45:01.218+0000] {processor.py:186} INFO - Started process (PID=3171) to work on /home/ubuntu/airflow_snow/lib/python3.12/site-packages/airflow/example_dags/example_branch_operator_decorator.py
[2024-09-01T04:45:01.221+0000] {processor.py:914} INFO - Processing file /home/ubuntu/airflow_snow/lib/python3.12/site-packages/airflow/example_dags/example_branch_operator_decorator.py for tasks to queue
[2024-09-01T04:45:01.222+0000] {logging_mixin.py:190} INFO - [2024-09-01T04:45:01.222+0000] {dagbag.py:587} INFO - Filling up the DagBag from /home/ubuntu/airflow_snow/lib/python3.12/site-packages/airflow/example_dags/example_branch_operator_decorator.py
[2024-09-01T04:45:01.225+0000] {processor.py:927} WARNING - No viable dags retrieved from /home/ubuntu/airflow_snow/lib/python3.12/site-packages/airflow/example_dags/example_branch_operator_decorator.py
[2024-09-01T04:45:01.234+0000] {processor.py:208} INFO - Processing /home/ubuntu/airflow_snow/lib/python3.12/site-packages/airflow/example_dags/example_branch_operator_decorator.py took 0.021 seconds
[2024-09-01T04:46:12.778+0000] {processor.py:186} INFO - Started process (PID=3251) to work on /home/ubuntu/airflow_snow/lib/python3.12/site-packages/airflow/example_dags/example_branch_operator_decorator.py
[2024-09-01T04:46:12.779+0000] {processor.py:914} INFO - Processing file /home/ubuntu/airflow_snow/lib/python3.12/site-packages/airflow/example_dags/example_branch_operator_decorator.py for tasks to queue
[2024-09-01T04:46:12.782+0000] {logging_mixin.py:190} INFO - [2024-09-01T04:46:12.781+0000] {dagbag.py:587} INFO - Filling up the DagBag from /home/ubuntu/airflow_snow/lib/python3.12/site-packages/airflow/example_dags/example_branch_operator_decorator.py
[2024-09-01T04:46:12.784+0000] {processor.py:927} WARNING - No viable dags retrieved from /home/ubuntu/airflow_snow/lib/python3.12/site-packages/airflow/example_dags/example_branch_operator_decorator.py
[2024-09-01T04:46:12.793+0000] {processor.py:208} INFO - Processing /home/ubuntu/airflow_snow/lib/python3.12/site-packages/airflow/example_dags/example_branch_operator_decorator.py took 0.020 seconds
[2024-09-01T04:47:24.154+0000] {processor.py:186} INFO - Started process (PID=3326) to work on /home/ubuntu/airflow_snow/lib/python3.12/site-packages/airflow/example_dags/example_branch_operator_decorator.py
[2024-09-01T04:47:24.155+0000] {processor.py:914} INFO - Processing file /home/ubuntu/airflow_snow/lib/python3.12/site-packages/airflow/example_dags/example_branch_operator_decorator.py for tasks to queue
[2024-09-01T04:47:24.157+0000] {logging_mixin.py:190} INFO - [2024-09-01T04:47:24.157+0000] {dagbag.py:587} INFO - Filling up the DagBag from /home/ubuntu/airflow_snow/lib/python3.12/site-packages/airflow/example_dags/example_branch_operator_decorator.py
[2024-09-01T04:47:24.159+0000] {processor.py:927} WARNING - No viable dags retrieved from /home/ubuntu/airflow_snow/lib/python3.12/site-packages/airflow/example_dags/example_branch_operator_decorator.py
[2024-09-01T04:47:24.169+0000] {processor.py:208} INFO - Processing /home/ubuntu/airflow_snow/lib/python3.12/site-packages/airflow/example_dags/example_branch_operator_decorator.py took 0.020 seconds
[2024-09-01T04:48:37.356+0000] {processor.py:186} INFO - Started process (PID=3403) to work on /home/ubuntu/airflow_snow/lib/python3.12/site-packages/airflow/example_dags/example_branch_operator_decorator.py
[2024-09-01T04:48:37.359+0000] {processor.py:914} INFO - Processing file /home/ubuntu/airflow_snow/lib/python3.12/site-packages/airflow/example_dags/example_branch_operator_decorator.py for tasks to queue
[2024-09-01T04:48:37.360+0000] {logging_mixin.py:190} INFO - [2024-09-01T04:48:37.360+0000] {dagbag.py:587} INFO - Filling up the DagBag from /home/ubuntu/airflow_snow/lib/python3.12/site-packages/airflow/example_dags/example_branch_operator_decorator.py
[2024-09-01T04:48:37.362+0000] {processor.py:927} WARNING - No viable dags retrieved from /home/ubuntu/airflow_snow/lib/python3.12/site-packages/airflow/example_dags/example_branch_operator_decorator.py
[2024-09-01T04:48:37.372+0000] {processor.py:208} INFO - Processing /home/ubuntu/airflow_snow/lib/python3.12/site-packages/airflow/example_dags/example_branch_operator_decorator.py took 0.022 seconds
[2024-09-01T04:49:50.423+0000] {processor.py:186} INFO - Started process (PID=3479) to work on /home/ubuntu/airflow_snow/lib/python3.12/site-packages/airflow/example_dags/example_branch_operator_decorator.py
[2024-09-01T04:49:50.425+0000] {processor.py:914} INFO - Processing file /home/ubuntu/airflow_snow/lib/python3.12/site-packages/airflow/example_dags/example_branch_operator_decorator.py for tasks to queue
[2024-09-01T04:49:50.427+0000] {logging_mixin.py:190} INFO - [2024-09-01T04:49:50.427+0000] {dagbag.py:587} INFO - Filling up the DagBag from /home/ubuntu/airflow_snow/lib/python3.12/site-packages/airflow/example_dags/example_branch_operator_decorator.py
[2024-09-01T04:49:50.430+0000] {processor.py:927} WARNING - No viable dags retrieved from /home/ubuntu/airflow_snow/lib/python3.12/site-packages/airflow/example_dags/example_branch_operator_decorator.py
[2024-09-01T04:49:50.438+0000] {processor.py:208} INFO - Processing /home/ubuntu/airflow_snow/lib/python3.12/site-packages/airflow/example_dags/example_branch_operator_decorator.py took 0.019 seconds
[2024-09-01T04:50:55.862+0000] {processor.py:186} INFO - Started process (PID=3553) to work on /home/ubuntu/airflow_snow/lib/python3.12/site-packages/airflow/example_dags/example_branch_operator_decorator.py
[2024-09-01T04:50:55.865+0000] {processor.py:914} INFO - Processing file /home/ubuntu/airflow_snow/lib/python3.12/site-packages/airflow/example_dags/example_branch_operator_decorator.py for tasks to queue
[2024-09-01T04:50:55.866+0000] {logging_mixin.py:190} INFO - [2024-09-01T04:50:55.866+0000] {dagbag.py:587} INFO - Filling up the DagBag from /home/ubuntu/airflow_snow/lib/python3.12/site-packages/airflow/example_dags/example_branch_operator_decorator.py
[2024-09-01T04:50:55.869+0000] {processor.py:927} WARNING - No viable dags retrieved from /home/ubuntu/airflow_snow/lib/python3.12/site-packages/airflow/example_dags/example_branch_operator_decorator.py
[2024-09-01T04:50:55.878+0000] {processor.py:208} INFO - Processing /home/ubuntu/airflow_snow/lib/python3.12/site-packages/airflow/example_dags/example_branch_operator_decorator.py took 0.020 seconds
[2024-09-01T04:52:10.724+0000] {processor.py:186} INFO - Started process (PID=3631) to work on /home/ubuntu/airflow_snow/lib/python3.12/site-packages/airflow/example_dags/example_branch_operator_decorator.py
[2024-09-01T04:52:10.729+0000] {processor.py:914} INFO - Processing file /home/ubuntu/airflow_snow/lib/python3.12/site-packages/airflow/example_dags/example_branch_operator_decorator.py for tasks to queue
[2024-09-01T04:52:10.730+0000] {logging_mixin.py:190} INFO - [2024-09-01T04:52:10.730+0000] {dagbag.py:587} INFO - Filling up the DagBag from /home/ubuntu/airflow_snow/lib/python3.12/site-packages/airflow/example_dags/example_branch_operator_decorator.py
[2024-09-01T04:52:10.732+0000] {processor.py:927} WARNING - No viable dags retrieved from /home/ubuntu/airflow_snow/lib/python3.12/site-packages/airflow/example_dags/example_branch_operator_decorator.py
[2024-09-01T04:52:10.742+0000] {processor.py:208} INFO - Processing /home/ubuntu/airflow_snow/lib/python3.12/site-packages/airflow/example_dags/example_branch_operator_decorator.py took 0.024 seconds
