[2024-09-01T04:29:14.691+0000] {processor.py:186} INFO - Started process (PID=2187) to work on /home/ubuntu/airflow_snow/lib/python3.12/site-packages/airflow/example_dags/example_dynamic_task_mapping.py
[2024-09-01T04:29:14.692+0000] {processor.py:914} INFO - Processing file /home/ubuntu/airflow_snow/lib/python3.12/site-packages/airflow/example_dags/example_dynamic_task_mapping.py for tasks to queue
[2024-09-01T04:29:14.694+0000] {logging_mixin.py:190} INFO - [2024-09-01T04:29:14.694+0000] {dagbag.py:587} INFO - Filling up the DagBag from /home/ubuntu/airflow_snow/lib/python3.12/site-packages/airflow/example_dags/example_dynamic_task_mapping.py
[2024-09-01T04:29:14.703+0000] {processor.py:925} INFO - DAG(s) 'example_dynamic_task_mapping' retrieved from /home/ubuntu/airflow_snow/lib/python3.12/site-packages/airflow/example_dags/example_dynamic_task_mapping.py
[2024-09-01T04:29:14.804+0000] {logging_mixin.py:190} INFO - [2024-09-01T04:29:14.804+0000] {override.py:1900} INFO - Created Permission View: can delete on DAG:example_dynamic_task_mapping
[2024-09-01T04:29:14.816+0000] {logging_mixin.py:190} INFO - [2024-09-01T04:29:14.816+0000] {override.py:1900} INFO - Created Permission View: can read on DAG:example_dynamic_task_mapping
[2024-09-01T04:29:14.827+0000] {logging_mixin.py:190} INFO - [2024-09-01T04:29:14.826+0000] {override.py:1900} INFO - Created Permission View: can edit on DAG:example_dynamic_task_mapping
[2024-09-01T04:29:14.847+0000] {logging_mixin.py:190} INFO - [2024-09-01T04:29:14.847+0000] {override.py:1900} INFO - Created Permission View: menu access on DAG Run:example_dynamic_task_mapping
[2024-09-01T04:29:14.858+0000] {logging_mixin.py:190} INFO - [2024-09-01T04:29:14.858+0000] {override.py:1900} INFO - Created Permission View: can create on DAG Run:example_dynamic_task_mapping
[2024-09-01T04:29:14.870+0000] {logging_mixin.py:190} INFO - [2024-09-01T04:29:14.869+0000] {override.py:1900} INFO - Created Permission View: can read on DAG Run:example_dynamic_task_mapping
[2024-09-01T04:29:14.880+0000] {logging_mixin.py:190} INFO - [2024-09-01T04:29:14.880+0000] {override.py:1900} INFO - Created Permission View: can delete on DAG Run:example_dynamic_task_mapping
[2024-09-01T04:29:14.880+0000] {logging_mixin.py:190} INFO - [2024-09-01T04:29:14.880+0000] {dag.py:3211} INFO - Sync 1 DAGs
[2024-09-01T04:29:14.890+0000] {logging_mixin.py:190} INFO - [2024-09-01T04:29:14.890+0000] {dag.py:3234} INFO - Creating ORM DAG for example_dynamic_task_mapping
[2024-09-01T04:29:14.897+0000] {logging_mixin.py:190} INFO - [2024-09-01T04:29:14.897+0000] {dag.py:4138} INFO - Setting next_dagrun for example_dynamic_task_mapping to 2022-03-04 00:00:00+00:00, run_after=2022-03-05 00:00:00+00:00
[2024-09-01T04:29:14.924+0000] {processor.py:208} INFO - Processing /home/ubuntu/airflow_snow/lib/python3.12/site-packages/airflow/example_dags/example_dynamic_task_mapping.py took 0.237 seconds
[2024-09-01T04:30:12.442+0000] {processor.py:186} INFO - Started process (PID=2245) to work on /home/ubuntu/airflow_snow/lib/python3.12/site-packages/airflow/example_dags/example_dynamic_task_mapping.py
[2024-09-01T04:30:12.445+0000] {processor.py:914} INFO - Processing file /home/ubuntu/airflow_snow/lib/python3.12/site-packages/airflow/example_dags/example_dynamic_task_mapping.py for tasks to queue
[2024-09-01T04:30:12.447+0000] {logging_mixin.py:190} INFO - [2024-09-01T04:30:12.446+0000] {dagbag.py:587} INFO - Filling up the DagBag from /home/ubuntu/airflow_snow/lib/python3.12/site-packages/airflow/example_dags/example_dynamic_task_mapping.py
[2024-09-01T04:30:12.456+0000] {processor.py:925} INFO - DAG(s) 'example_dynamic_task_mapping' retrieved from /home/ubuntu/airflow_snow/lib/python3.12/site-packages/airflow/example_dags/example_dynamic_task_mapping.py
[2024-09-01T04:30:12.469+0000] {logging_mixin.py:190} INFO - [2024-09-01T04:30:12.469+0000] {dag.py:3211} INFO - Sync 1 DAGs
[2024-09-01T04:30:12.486+0000] {logging_mixin.py:190} INFO - [2024-09-01T04:30:12.486+0000] {dag.py:4138} INFO - Setting next_dagrun for example_dynamic_task_mapping to 2022-03-04 00:00:00+00:00, run_after=2022-03-05 00:00:00+00:00
[2024-09-01T04:30:12.510+0000] {processor.py:208} INFO - Processing /home/ubuntu/airflow_snow/lib/python3.12/site-packages/airflow/example_dags/example_dynamic_task_mapping.py took 0.072 seconds
[2024-09-01T04:31:08.694+0000] {processor.py:186} INFO - Started process (PID=2306) to work on /home/ubuntu/airflow_snow/lib/python3.12/site-packages/airflow/example_dags/example_dynamic_task_mapping.py
[2024-09-01T04:31:08.696+0000] {processor.py:914} INFO - Processing file /home/ubuntu/airflow_snow/lib/python3.12/site-packages/airflow/example_dags/example_dynamic_task_mapping.py for tasks to queue
[2024-09-01T04:31:08.699+0000] {logging_mixin.py:190} INFO - [2024-09-01T04:31:08.699+0000] {dagbag.py:587} INFO - Filling up the DagBag from /home/ubuntu/airflow_snow/lib/python3.12/site-packages/airflow/example_dags/example_dynamic_task_mapping.py
[2024-09-01T04:31:08.707+0000] {processor.py:925} INFO - DAG(s) 'example_dynamic_task_mapping' retrieved from /home/ubuntu/airflow_snow/lib/python3.12/site-packages/airflow/example_dags/example_dynamic_task_mapping.py
[2024-09-01T04:31:08.720+0000] {logging_mixin.py:190} INFO - [2024-09-01T04:31:08.719+0000] {dag.py:3211} INFO - Sync 1 DAGs
[2024-09-01T04:31:08.738+0000] {logging_mixin.py:190} INFO - [2024-09-01T04:31:08.737+0000] {dag.py:4138} INFO - Setting next_dagrun for example_dynamic_task_mapping to 2022-03-04 00:00:00+00:00, run_after=2022-03-05 00:00:00+00:00
[2024-09-01T04:31:08.760+0000] {processor.py:208} INFO - Processing /home/ubuntu/airflow_snow/lib/python3.12/site-packages/airflow/example_dags/example_dynamic_task_mapping.py took 0.072 seconds
[2024-09-01T04:32:01.652+0000] {processor.py:186} INFO - Started process (PID=2362) to work on /home/ubuntu/airflow_snow/lib/python3.12/site-packages/airflow/example_dags/example_dynamic_task_mapping.py
[2024-09-01T04:32:01.655+0000] {processor.py:914} INFO - Processing file /home/ubuntu/airflow_snow/lib/python3.12/site-packages/airflow/example_dags/example_dynamic_task_mapping.py for tasks to queue
[2024-09-01T04:32:01.657+0000] {logging_mixin.py:190} INFO - [2024-09-01T04:32:01.657+0000] {dagbag.py:587} INFO - Filling up the DagBag from /home/ubuntu/airflow_snow/lib/python3.12/site-packages/airflow/example_dags/example_dynamic_task_mapping.py
[2024-09-01T04:32:01.666+0000] {processor.py:925} INFO - DAG(s) 'example_dynamic_task_mapping' retrieved from /home/ubuntu/airflow_snow/lib/python3.12/site-packages/airflow/example_dags/example_dynamic_task_mapping.py
[2024-09-01T04:32:01.682+0000] {logging_mixin.py:190} INFO - [2024-09-01T04:32:01.681+0000] {dag.py:3211} INFO - Sync 1 DAGs
[2024-09-01T04:32:01.698+0000] {logging_mixin.py:190} INFO - [2024-09-01T04:32:01.698+0000] {dag.py:4138} INFO - Setting next_dagrun for example_dynamic_task_mapping to 2022-03-04 00:00:00+00:00, run_after=2022-03-05 00:00:00+00:00
[2024-09-01T04:32:01.722+0000] {processor.py:208} INFO - Processing /home/ubuntu/airflow_snow/lib/python3.12/site-packages/airflow/example_dags/example_dynamic_task_mapping.py took 0.076 seconds
[2024-09-01T04:33:14.282+0000] {processor.py:186} INFO - Started process (PID=2437) to work on /home/ubuntu/airflow_snow/lib/python3.12/site-packages/airflow/example_dags/example_dynamic_task_mapping.py
[2024-09-01T04:33:14.285+0000] {processor.py:914} INFO - Processing file /home/ubuntu/airflow_snow/lib/python3.12/site-packages/airflow/example_dags/example_dynamic_task_mapping.py for tasks to queue
[2024-09-01T04:33:14.287+0000] {logging_mixin.py:190} INFO - [2024-09-01T04:33:14.286+0000] {dagbag.py:587} INFO - Filling up the DagBag from /home/ubuntu/airflow_snow/lib/python3.12/site-packages/airflow/example_dags/example_dynamic_task_mapping.py
[2024-09-01T04:33:14.295+0000] {processor.py:925} INFO - DAG(s) 'example_dynamic_task_mapping' retrieved from /home/ubuntu/airflow_snow/lib/python3.12/site-packages/airflow/example_dags/example_dynamic_task_mapping.py
[2024-09-01T04:33:14.310+0000] {logging_mixin.py:190} INFO - [2024-09-01T04:33:14.309+0000] {dag.py:3211} INFO - Sync 1 DAGs
[2024-09-01T04:33:14.327+0000] {logging_mixin.py:190} INFO - [2024-09-01T04:33:14.326+0000] {dag.py:4138} INFO - Setting next_dagrun for example_dynamic_task_mapping to 2022-03-04 00:00:00+00:00, run_after=2022-03-05 00:00:00+00:00
[2024-09-01T04:33:14.347+0000] {processor.py:208} INFO - Processing /home/ubuntu/airflow_snow/lib/python3.12/site-packages/airflow/example_dags/example_dynamic_task_mapping.py took 0.070 seconds
[2024-09-01T04:34:26.545+0000] {processor.py:186} INFO - Started process (PID=2513) to work on /home/ubuntu/airflow_snow/lib/python3.12/site-packages/airflow/example_dags/example_dynamic_task_mapping.py
[2024-09-01T04:34:26.547+0000] {processor.py:914} INFO - Processing file /home/ubuntu/airflow_snow/lib/python3.12/site-packages/airflow/example_dags/example_dynamic_task_mapping.py for tasks to queue
[2024-09-01T04:34:26.550+0000] {logging_mixin.py:190} INFO - [2024-09-01T04:34:26.549+0000] {dagbag.py:587} INFO - Filling up the DagBag from /home/ubuntu/airflow_snow/lib/python3.12/site-packages/airflow/example_dags/example_dynamic_task_mapping.py
[2024-09-01T04:34:26.558+0000] {processor.py:925} INFO - DAG(s) 'example_dynamic_task_mapping' retrieved from /home/ubuntu/airflow_snow/lib/python3.12/site-packages/airflow/example_dags/example_dynamic_task_mapping.py
[2024-09-01T04:34:26.570+0000] {logging_mixin.py:190} INFO - [2024-09-01T04:34:26.570+0000] {dag.py:3211} INFO - Sync 1 DAGs
[2024-09-01T04:34:26.587+0000] {logging_mixin.py:190} INFO - [2024-09-01T04:34:26.587+0000] {dag.py:4138} INFO - Setting next_dagrun for example_dynamic_task_mapping to 2022-03-04 00:00:00+00:00, run_after=2022-03-05 00:00:00+00:00
[2024-09-01T04:34:26.609+0000] {processor.py:208} INFO - Processing /home/ubuntu/airflow_snow/lib/python3.12/site-packages/airflow/example_dags/example_dynamic_task_mapping.py took 0.070 seconds
[2024-09-01T04:35:39.037+0000] {processor.py:186} INFO - Started process (PID=2592) to work on /home/ubuntu/airflow_snow/lib/python3.12/site-packages/airflow/example_dags/example_dynamic_task_mapping.py
[2024-09-01T04:35:39.039+0000] {processor.py:914} INFO - Processing file /home/ubuntu/airflow_snow/lib/python3.12/site-packages/airflow/example_dags/example_dynamic_task_mapping.py for tasks to queue
[2024-09-01T04:35:39.041+0000] {logging_mixin.py:190} INFO - [2024-09-01T04:35:39.040+0000] {dagbag.py:587} INFO - Filling up the DagBag from /home/ubuntu/airflow_snow/lib/python3.12/site-packages/airflow/example_dags/example_dynamic_task_mapping.py
[2024-09-01T04:35:39.049+0000] {processor.py:925} INFO - DAG(s) 'example_dynamic_task_mapping' retrieved from /home/ubuntu/airflow_snow/lib/python3.12/site-packages/airflow/example_dags/example_dynamic_task_mapping.py
[2024-09-01T04:35:39.062+0000] {logging_mixin.py:190} INFO - [2024-09-01T04:35:39.062+0000] {dag.py:3211} INFO - Sync 1 DAGs
[2024-09-01T04:35:39.080+0000] {logging_mixin.py:190} INFO - [2024-09-01T04:35:39.079+0000] {dag.py:4138} INFO - Setting next_dagrun for example_dynamic_task_mapping to 2022-03-04 00:00:00+00:00, run_after=2022-03-05 00:00:00+00:00
[2024-09-01T04:35:39.100+0000] {processor.py:208} INFO - Processing /home/ubuntu/airflow_snow/lib/python3.12/site-packages/airflow/example_dags/example_dynamic_task_mapping.py took 0.068 seconds
[2024-09-01T04:36:32.878+0000] {processor.py:186} INFO - Started process (PID=2645) to work on /home/ubuntu/airflow_snow/lib/python3.12/site-packages/airflow/example_dags/example_dynamic_task_mapping.py
[2024-09-01T04:36:32.881+0000] {processor.py:914} INFO - Processing file /home/ubuntu/airflow_snow/lib/python3.12/site-packages/airflow/example_dags/example_dynamic_task_mapping.py for tasks to queue
[2024-09-01T04:36:32.882+0000] {logging_mixin.py:190} INFO - [2024-09-01T04:36:32.882+0000] {dagbag.py:587} INFO - Filling up the DagBag from /home/ubuntu/airflow_snow/lib/python3.12/site-packages/airflow/example_dags/example_dynamic_task_mapping.py
[2024-09-01T04:36:32.891+0000] {processor.py:925} INFO - DAG(s) 'example_dynamic_task_mapping' retrieved from /home/ubuntu/airflow_snow/lib/python3.12/site-packages/airflow/example_dags/example_dynamic_task_mapping.py
[2024-09-01T04:36:32.903+0000] {logging_mixin.py:190} INFO - [2024-09-01T04:36:32.903+0000] {dag.py:3211} INFO - Sync 1 DAGs
[2024-09-01T04:36:32.921+0000] {logging_mixin.py:190} INFO - [2024-09-01T04:36:32.921+0000] {dag.py:4138} INFO - Setting next_dagrun for example_dynamic_task_mapping to 2022-03-04 00:00:00+00:00, run_after=2022-03-05 00:00:00+00:00
[2024-09-01T04:36:32.944+0000] {processor.py:208} INFO - Processing /home/ubuntu/airflow_snow/lib/python3.12/site-packages/airflow/example_dags/example_dynamic_task_mapping.py took 0.071 seconds
[2024-09-01T04:37:25.323+0000] {processor.py:186} INFO - Started process (PID=2699) to work on /home/ubuntu/airflow_snow/lib/python3.12/site-packages/airflow/example_dags/example_dynamic_task_mapping.py
[2024-09-01T04:37:25.325+0000] {processor.py:914} INFO - Processing file /home/ubuntu/airflow_snow/lib/python3.12/site-packages/airflow/example_dags/example_dynamic_task_mapping.py for tasks to queue
[2024-09-01T04:37:25.327+0000] {logging_mixin.py:190} INFO - [2024-09-01T04:37:25.326+0000] {dagbag.py:587} INFO - Filling up the DagBag from /home/ubuntu/airflow_snow/lib/python3.12/site-packages/airflow/example_dags/example_dynamic_task_mapping.py
[2024-09-01T04:37:25.335+0000] {processor.py:925} INFO - DAG(s) 'example_dynamic_task_mapping' retrieved from /home/ubuntu/airflow_snow/lib/python3.12/site-packages/airflow/example_dags/example_dynamic_task_mapping.py
[2024-09-01T04:37:25.348+0000] {logging_mixin.py:190} INFO - [2024-09-01T04:37:25.347+0000] {dag.py:3211} INFO - Sync 1 DAGs
[2024-09-01T04:37:25.366+0000] {logging_mixin.py:190} INFO - [2024-09-01T04:37:25.366+0000] {dag.py:4138} INFO - Setting next_dagrun for example_dynamic_task_mapping to 2022-03-04 00:00:00+00:00, run_after=2022-03-05 00:00:00+00:00
[2024-09-01T04:37:25.388+0000] {processor.py:208} INFO - Processing /home/ubuntu/airflow_snow/lib/python3.12/site-packages/airflow/example_dags/example_dynamic_task_mapping.py took 0.070 seconds
[2024-09-01T04:38:40.510+0000] {processor.py:186} INFO - Started process (PID=2775) to work on /home/ubuntu/airflow_snow/lib/python3.12/site-packages/airflow/example_dags/example_dynamic_task_mapping.py
[2024-09-01T04:38:40.512+0000] {processor.py:914} INFO - Processing file /home/ubuntu/airflow_snow/lib/python3.12/site-packages/airflow/example_dags/example_dynamic_task_mapping.py for tasks to queue
[2024-09-01T04:38:40.513+0000] {logging_mixin.py:190} INFO - [2024-09-01T04:38:40.513+0000] {dagbag.py:587} INFO - Filling up the DagBag from /home/ubuntu/airflow_snow/lib/python3.12/site-packages/airflow/example_dags/example_dynamic_task_mapping.py
[2024-09-01T04:38:40.523+0000] {processor.py:925} INFO - DAG(s) 'example_dynamic_task_mapping' retrieved from /home/ubuntu/airflow_snow/lib/python3.12/site-packages/airflow/example_dags/example_dynamic_task_mapping.py
[2024-09-01T04:38:40.535+0000] {logging_mixin.py:190} INFO - [2024-09-01T04:38:40.535+0000] {dag.py:3211} INFO - Sync 1 DAGs
[2024-09-01T04:38:40.554+0000] {logging_mixin.py:190} INFO - [2024-09-01T04:38:40.554+0000] {dag.py:4138} INFO - Setting next_dagrun for example_dynamic_task_mapping to 2022-03-04 00:00:00+00:00, run_after=2022-03-05 00:00:00+00:00
[2024-09-01T04:38:40.574+0000] {processor.py:208} INFO - Processing /home/ubuntu/airflow_snow/lib/python3.12/site-packages/airflow/example_dags/example_dynamic_task_mapping.py took 0.070 seconds
[2024-09-01T04:39:31.391+0000] {processor.py:186} INFO - Started process (PID=2826) to work on /home/ubuntu/airflow_snow/lib/python3.12/site-packages/airflow/example_dags/example_dynamic_task_mapping.py
[2024-09-01T04:39:31.392+0000] {processor.py:914} INFO - Processing file /home/ubuntu/airflow_snow/lib/python3.12/site-packages/airflow/example_dags/example_dynamic_task_mapping.py for tasks to queue
[2024-09-01T04:39:31.393+0000] {logging_mixin.py:190} INFO - [2024-09-01T04:39:31.393+0000] {dagbag.py:587} INFO - Filling up the DagBag from /home/ubuntu/airflow_snow/lib/python3.12/site-packages/airflow/example_dags/example_dynamic_task_mapping.py
[2024-09-01T04:39:31.402+0000] {processor.py:925} INFO - DAG(s) 'example_dynamic_task_mapping' retrieved from /home/ubuntu/airflow_snow/lib/python3.12/site-packages/airflow/example_dags/example_dynamic_task_mapping.py
[2024-09-01T04:39:31.415+0000] {logging_mixin.py:190} INFO - [2024-09-01T04:39:31.415+0000] {dag.py:3211} INFO - Sync 1 DAGs
[2024-09-01T04:39:31.433+0000] {logging_mixin.py:190} INFO - [2024-09-01T04:39:31.433+0000] {dag.py:4138} INFO - Setting next_dagrun for example_dynamic_task_mapping to 2022-03-04 00:00:00+00:00, run_after=2022-03-05 00:00:00+00:00
[2024-09-01T04:39:31.454+0000] {processor.py:208} INFO - Processing /home/ubuntu/airflow_snow/lib/python3.12/site-packages/airflow/example_dags/example_dynamic_task_mapping.py took 0.068 seconds
[2024-09-01T04:40:23.559+0000] {processor.py:186} INFO - Started process (PID=2880) to work on /home/ubuntu/airflow_snow/lib/python3.12/site-packages/airflow/example_dags/example_dynamic_task_mapping.py
[2024-09-01T04:40:23.560+0000] {processor.py:914} INFO - Processing file /home/ubuntu/airflow_snow/lib/python3.12/site-packages/airflow/example_dags/example_dynamic_task_mapping.py for tasks to queue
[2024-09-01T04:40:23.562+0000] {logging_mixin.py:190} INFO - [2024-09-01T04:40:23.562+0000] {dagbag.py:587} INFO - Filling up the DagBag from /home/ubuntu/airflow_snow/lib/python3.12/site-packages/airflow/example_dags/example_dynamic_task_mapping.py
[2024-09-01T04:40:23.571+0000] {processor.py:925} INFO - DAG(s) 'example_dynamic_task_mapping' retrieved from /home/ubuntu/airflow_snow/lib/python3.12/site-packages/airflow/example_dags/example_dynamic_task_mapping.py
[2024-09-01T04:40:23.585+0000] {logging_mixin.py:190} INFO - [2024-09-01T04:40:23.585+0000] {dag.py:3211} INFO - Sync 1 DAGs
[2024-09-01T04:40:23.603+0000] {logging_mixin.py:190} INFO - [2024-09-01T04:40:23.603+0000] {dag.py:4138} INFO - Setting next_dagrun for example_dynamic_task_mapping to 2022-03-04 00:00:00+00:00, run_after=2022-03-05 00:00:00+00:00
[2024-09-01T04:40:23.623+0000] {processor.py:208} INFO - Processing /home/ubuntu/airflow_snow/lib/python3.12/site-packages/airflow/example_dags/example_dynamic_task_mapping.py took 0.070 seconds
[2024-09-01T04:41:15.486+0000] {processor.py:186} INFO - Started process (PID=2936) to work on /home/ubuntu/airflow_snow/lib/python3.12/site-packages/airflow/example_dags/example_dynamic_task_mapping.py
[2024-09-01T04:41:15.488+0000] {processor.py:914} INFO - Processing file /home/ubuntu/airflow_snow/lib/python3.12/site-packages/airflow/example_dags/example_dynamic_task_mapping.py for tasks to queue
[2024-09-01T04:41:15.489+0000] {logging_mixin.py:190} INFO - [2024-09-01T04:41:15.489+0000] {dagbag.py:587} INFO - Filling up the DagBag from /home/ubuntu/airflow_snow/lib/python3.12/site-packages/airflow/example_dags/example_dynamic_task_mapping.py
[2024-09-01T04:41:15.498+0000] {processor.py:925} INFO - DAG(s) 'example_dynamic_task_mapping' retrieved from /home/ubuntu/airflow_snow/lib/python3.12/site-packages/airflow/example_dags/example_dynamic_task_mapping.py
[2024-09-01T04:41:15.511+0000] {logging_mixin.py:190} INFO - [2024-09-01T04:41:15.511+0000] {dag.py:3211} INFO - Sync 1 DAGs
[2024-09-01T04:41:15.529+0000] {logging_mixin.py:190} INFO - [2024-09-01T04:41:15.528+0000] {dag.py:4138} INFO - Setting next_dagrun for example_dynamic_task_mapping to 2022-03-04 00:00:00+00:00, run_after=2022-03-05 00:00:00+00:00
[2024-09-01T04:41:15.550+0000] {processor.py:208} INFO - Processing /home/ubuntu/airflow_snow/lib/python3.12/site-packages/airflow/example_dags/example_dynamic_task_mapping.py took 0.069 seconds
[2024-09-01T04:42:29.215+0000] {processor.py:186} INFO - Started process (PID=3012) to work on /home/ubuntu/airflow_snow/lib/python3.12/site-packages/airflow/example_dags/example_dynamic_task_mapping.py
[2024-09-01T04:42:29.218+0000] {processor.py:914} INFO - Processing file /home/ubuntu/airflow_snow/lib/python3.12/site-packages/airflow/example_dags/example_dynamic_task_mapping.py for tasks to queue
[2024-09-01T04:42:29.219+0000] {logging_mixin.py:190} INFO - [2024-09-01T04:42:29.219+0000] {dagbag.py:587} INFO - Filling up the DagBag from /home/ubuntu/airflow_snow/lib/python3.12/site-packages/airflow/example_dags/example_dynamic_task_mapping.py
[2024-09-01T04:42:29.227+0000] {processor.py:925} INFO - DAG(s) 'example_dynamic_task_mapping' retrieved from /home/ubuntu/airflow_snow/lib/python3.12/site-packages/airflow/example_dags/example_dynamic_task_mapping.py
[2024-09-01T04:42:29.241+0000] {logging_mixin.py:190} INFO - [2024-09-01T04:42:29.240+0000] {dag.py:3211} INFO - Sync 1 DAGs
[2024-09-01T04:42:29.259+0000] {logging_mixin.py:190} INFO - [2024-09-01T04:42:29.258+0000] {dag.py:4138} INFO - Setting next_dagrun for example_dynamic_task_mapping to 2022-03-04 00:00:00+00:00, run_after=2022-03-05 00:00:00+00:00
[2024-09-01T04:42:29.283+0000] {processor.py:208} INFO - Processing /home/ubuntu/airflow_snow/lib/python3.12/site-packages/airflow/example_dags/example_dynamic_task_mapping.py took 0.073 seconds
[2024-09-01T04:43:20.465+0000] {processor.py:186} INFO - Started process (PID=3064) to work on /home/ubuntu/airflow_snow/lib/python3.12/site-packages/airflow/example_dags/example_dynamic_task_mapping.py
[2024-09-01T04:43:20.467+0000] {processor.py:914} INFO - Processing file /home/ubuntu/airflow_snow/lib/python3.12/site-packages/airflow/example_dags/example_dynamic_task_mapping.py for tasks to queue
[2024-09-01T04:43:20.469+0000] {logging_mixin.py:190} INFO - [2024-09-01T04:43:20.469+0000] {dagbag.py:587} INFO - Filling up the DagBag from /home/ubuntu/airflow_snow/lib/python3.12/site-packages/airflow/example_dags/example_dynamic_task_mapping.py
[2024-09-01T04:43:20.478+0000] {processor.py:925} INFO - DAG(s) 'example_dynamic_task_mapping' retrieved from /home/ubuntu/airflow_snow/lib/python3.12/site-packages/airflow/example_dags/example_dynamic_task_mapping.py
[2024-09-01T04:43:20.490+0000] {logging_mixin.py:190} INFO - [2024-09-01T04:43:20.490+0000] {dag.py:3211} INFO - Sync 1 DAGs
[2024-09-01T04:43:20.507+0000] {logging_mixin.py:190} INFO - [2024-09-01T04:43:20.507+0000] {dag.py:4138} INFO - Setting next_dagrun for example_dynamic_task_mapping to 2022-03-04 00:00:00+00:00, run_after=2022-03-05 00:00:00+00:00
[2024-09-01T04:43:20.530+0000] {processor.py:208} INFO - Processing /home/ubuntu/airflow_snow/lib/python3.12/site-packages/airflow/example_dags/example_dynamic_task_mapping.py took 0.070 seconds
[2024-09-01T04:44:31.939+0000] {processor.py:186} INFO - Started process (PID=3142) to work on /home/ubuntu/airflow_snow/lib/python3.12/site-packages/airflow/example_dags/example_dynamic_task_mapping.py
[2024-09-01T04:44:31.941+0000] {processor.py:914} INFO - Processing file /home/ubuntu/airflow_snow/lib/python3.12/site-packages/airflow/example_dags/example_dynamic_task_mapping.py for tasks to queue
[2024-09-01T04:44:31.942+0000] {logging_mixin.py:190} INFO - [2024-09-01T04:44:31.942+0000] {dagbag.py:587} INFO - Filling up the DagBag from /home/ubuntu/airflow_snow/lib/python3.12/site-packages/airflow/example_dags/example_dynamic_task_mapping.py
[2024-09-01T04:44:31.951+0000] {processor.py:925} INFO - DAG(s) 'example_dynamic_task_mapping' retrieved from /home/ubuntu/airflow_snow/lib/python3.12/site-packages/airflow/example_dags/example_dynamic_task_mapping.py
[2024-09-01T04:44:31.964+0000] {logging_mixin.py:190} INFO - [2024-09-01T04:44:31.964+0000] {dag.py:3211} INFO - Sync 1 DAGs
[2024-09-01T04:44:31.982+0000] {logging_mixin.py:190} INFO - [2024-09-01T04:44:31.982+0000] {dag.py:4138} INFO - Setting next_dagrun for example_dynamic_task_mapping to 2022-03-04 00:00:00+00:00, run_after=2022-03-05 00:00:00+00:00
[2024-09-01T04:44:32.005+0000] {processor.py:208} INFO - Processing /home/ubuntu/airflow_snow/lib/python3.12/site-packages/airflow/example_dags/example_dynamic_task_mapping.py took 0.071 seconds
[2024-09-01T04:45:22.520+0000] {processor.py:186} INFO - Started process (PID=3199) to work on /home/ubuntu/airflow_snow/lib/python3.12/site-packages/airflow/example_dags/example_dynamic_task_mapping.py
[2024-09-01T04:45:22.523+0000] {processor.py:914} INFO - Processing file /home/ubuntu/airflow_snow/lib/python3.12/site-packages/airflow/example_dags/example_dynamic_task_mapping.py for tasks to queue
[2024-09-01T04:45:22.524+0000] {logging_mixin.py:190} INFO - [2024-09-01T04:45:22.524+0000] {dagbag.py:587} INFO - Filling up the DagBag from /home/ubuntu/airflow_snow/lib/python3.12/site-packages/airflow/example_dags/example_dynamic_task_mapping.py
[2024-09-01T04:45:22.533+0000] {processor.py:925} INFO - DAG(s) 'example_dynamic_task_mapping' retrieved from /home/ubuntu/airflow_snow/lib/python3.12/site-packages/airflow/example_dags/example_dynamic_task_mapping.py
[2024-09-01T04:45:22.547+0000] {logging_mixin.py:190} INFO - [2024-09-01T04:45:22.546+0000] {dag.py:3211} INFO - Sync 1 DAGs
[2024-09-01T04:45:22.563+0000] {logging_mixin.py:190} INFO - [2024-09-01T04:45:22.563+0000] {dag.py:4138} INFO - Setting next_dagrun for example_dynamic_task_mapping to 2022-03-04 00:00:00+00:00, run_after=2022-03-05 00:00:00+00:00
[2024-09-01T04:45:22.585+0000] {processor.py:208} INFO - Processing /home/ubuntu/airflow_snow/lib/python3.12/site-packages/airflow/example_dags/example_dynamic_task_mapping.py took 0.070 seconds
[2024-09-01T04:46:33.303+0000] {processor.py:186} INFO - Started process (PID=3273) to work on /home/ubuntu/airflow_snow/lib/python3.12/site-packages/airflow/example_dags/example_dynamic_task_mapping.py
[2024-09-01T04:46:33.305+0000] {processor.py:914} INFO - Processing file /home/ubuntu/airflow_snow/lib/python3.12/site-packages/airflow/example_dags/example_dynamic_task_mapping.py for tasks to queue
[2024-09-01T04:46:33.307+0000] {logging_mixin.py:190} INFO - [2024-09-01T04:46:33.306+0000] {dagbag.py:587} INFO - Filling up the DagBag from /home/ubuntu/airflow_snow/lib/python3.12/site-packages/airflow/example_dags/example_dynamic_task_mapping.py
[2024-09-01T04:46:33.315+0000] {processor.py:925} INFO - DAG(s) 'example_dynamic_task_mapping' retrieved from /home/ubuntu/airflow_snow/lib/python3.12/site-packages/airflow/example_dags/example_dynamic_task_mapping.py
[2024-09-01T04:46:33.329+0000] {logging_mixin.py:190} INFO - [2024-09-01T04:46:33.328+0000] {dag.py:3211} INFO - Sync 1 DAGs
[2024-09-01T04:46:33.346+0000] {logging_mixin.py:190} INFO - [2024-09-01T04:46:33.346+0000] {dag.py:4138} INFO - Setting next_dagrun for example_dynamic_task_mapping to 2022-03-04 00:00:00+00:00, run_after=2022-03-05 00:00:00+00:00
[2024-09-01T04:46:33.367+0000] {processor.py:208} INFO - Processing /home/ubuntu/airflow_snow/lib/python3.12/site-packages/airflow/example_dags/example_dynamic_task_mapping.py took 0.069 seconds
[2024-09-01T04:47:44.424+0000] {processor.py:186} INFO - Started process (PID=3348) to work on /home/ubuntu/airflow_snow/lib/python3.12/site-packages/airflow/example_dags/example_dynamic_task_mapping.py
[2024-09-01T04:47:44.426+0000] {processor.py:914} INFO - Processing file /home/ubuntu/airflow_snow/lib/python3.12/site-packages/airflow/example_dags/example_dynamic_task_mapping.py for tasks to queue
[2024-09-01T04:47:44.427+0000] {logging_mixin.py:190} INFO - [2024-09-01T04:47:44.427+0000] {dagbag.py:587} INFO - Filling up the DagBag from /home/ubuntu/airflow_snow/lib/python3.12/site-packages/airflow/example_dags/example_dynamic_task_mapping.py
[2024-09-01T04:47:44.435+0000] {processor.py:925} INFO - DAG(s) 'example_dynamic_task_mapping' retrieved from /home/ubuntu/airflow_snow/lib/python3.12/site-packages/airflow/example_dags/example_dynamic_task_mapping.py
[2024-09-01T04:47:44.449+0000] {logging_mixin.py:190} INFO - [2024-09-01T04:47:44.449+0000] {dag.py:3211} INFO - Sync 1 DAGs
[2024-09-01T04:47:44.468+0000] {logging_mixin.py:190} INFO - [2024-09-01T04:47:44.467+0000] {dag.py:4138} INFO - Setting next_dagrun for example_dynamic_task_mapping to 2022-03-04 00:00:00+00:00, run_after=2022-03-05 00:00:00+00:00
[2024-09-01T04:47:44.490+0000] {processor.py:208} INFO - Processing /home/ubuntu/airflow_snow/lib/python3.12/site-packages/airflow/example_dags/example_dynamic_task_mapping.py took 0.072 seconds
[2024-09-01T04:48:57.595+0000] {processor.py:186} INFO - Started process (PID=3423) to work on /home/ubuntu/airflow_snow/lib/python3.12/site-packages/airflow/example_dags/example_dynamic_task_mapping.py
[2024-09-01T04:48:57.598+0000] {processor.py:914} INFO - Processing file /home/ubuntu/airflow_snow/lib/python3.12/site-packages/airflow/example_dags/example_dynamic_task_mapping.py for tasks to queue
[2024-09-01T04:48:57.599+0000] {logging_mixin.py:190} INFO - [2024-09-01T04:48:57.599+0000] {dagbag.py:587} INFO - Filling up the DagBag from /home/ubuntu/airflow_snow/lib/python3.12/site-packages/airflow/example_dags/example_dynamic_task_mapping.py
[2024-09-01T04:48:57.607+0000] {processor.py:925} INFO - DAG(s) 'example_dynamic_task_mapping' retrieved from /home/ubuntu/airflow_snow/lib/python3.12/site-packages/airflow/example_dags/example_dynamic_task_mapping.py
[2024-09-01T04:48:57.621+0000] {logging_mixin.py:190} INFO - [2024-09-01T04:48:57.621+0000] {dag.py:3211} INFO - Sync 1 DAGs
[2024-09-01T04:48:57.639+0000] {logging_mixin.py:190} INFO - [2024-09-01T04:48:57.639+0000] {dag.py:4138} INFO - Setting next_dagrun for example_dynamic_task_mapping to 2022-03-04 00:00:00+00:00, run_after=2022-03-05 00:00:00+00:00
[2024-09-01T04:48:57.678+0000] {processor.py:208} INFO - Processing /home/ubuntu/airflow_snow/lib/python3.12/site-packages/airflow/example_dags/example_dynamic_task_mapping.py took 0.088 seconds
[2024-09-01T04:49:47.015+0000] {processor.py:186} INFO - Started process (PID=3476) to work on /home/ubuntu/airflow_snow/lib/python3.12/site-packages/airflow/example_dags/example_dynamic_task_mapping.py
[2024-09-01T04:49:47.017+0000] {processor.py:914} INFO - Processing file /home/ubuntu/airflow_snow/lib/python3.12/site-packages/airflow/example_dags/example_dynamic_task_mapping.py for tasks to queue
[2024-09-01T04:49:47.019+0000] {logging_mixin.py:190} INFO - [2024-09-01T04:49:47.019+0000] {dagbag.py:587} INFO - Filling up the DagBag from /home/ubuntu/airflow_snow/lib/python3.12/site-packages/airflow/example_dags/example_dynamic_task_mapping.py
[2024-09-01T04:49:47.028+0000] {processor.py:925} INFO - DAG(s) 'example_dynamic_task_mapping' retrieved from /home/ubuntu/airflow_snow/lib/python3.12/site-packages/airflow/example_dags/example_dynamic_task_mapping.py
[2024-09-01T04:49:47.041+0000] {logging_mixin.py:190} INFO - [2024-09-01T04:49:47.041+0000] {dag.py:3211} INFO - Sync 1 DAGs
[2024-09-01T04:49:47.058+0000] {logging_mixin.py:190} INFO - [2024-09-01T04:49:47.058+0000] {dag.py:4138} INFO - Setting next_dagrun for example_dynamic_task_mapping to 2022-03-04 00:00:00+00:00, run_after=2022-03-05 00:00:00+00:00
[2024-09-01T04:49:47.079+0000] {processor.py:208} INFO - Processing /home/ubuntu/airflow_snow/lib/python3.12/site-packages/airflow/example_dags/example_dynamic_task_mapping.py took 0.070 seconds
[2024-09-01T04:50:52.439+0000] {processor.py:186} INFO - Started process (PID=3550) to work on /home/ubuntu/airflow_snow/lib/python3.12/site-packages/airflow/example_dags/example_dynamic_task_mapping.py
[2024-09-01T04:50:52.441+0000] {processor.py:914} INFO - Processing file /home/ubuntu/airflow_snow/lib/python3.12/site-packages/airflow/example_dags/example_dynamic_task_mapping.py for tasks to queue
[2024-09-01T04:50:52.443+0000] {logging_mixin.py:190} INFO - [2024-09-01T04:50:52.442+0000] {dagbag.py:587} INFO - Filling up the DagBag from /home/ubuntu/airflow_snow/lib/python3.12/site-packages/airflow/example_dags/example_dynamic_task_mapping.py
[2024-09-01T04:50:52.452+0000] {processor.py:925} INFO - DAG(s) 'example_dynamic_task_mapping' retrieved from /home/ubuntu/airflow_snow/lib/python3.12/site-packages/airflow/example_dags/example_dynamic_task_mapping.py
[2024-09-01T04:50:52.466+0000] {logging_mixin.py:190} INFO - [2024-09-01T04:50:52.466+0000] {dag.py:3211} INFO - Sync 1 DAGs
[2024-09-01T04:50:52.483+0000] {logging_mixin.py:190} INFO - [2024-09-01T04:50:52.483+0000] {dag.py:4138} INFO - Setting next_dagrun for example_dynamic_task_mapping to 2022-03-04 00:00:00+00:00, run_after=2022-03-05 00:00:00+00:00
[2024-09-01T04:50:52.507+0000] {processor.py:208} INFO - Processing /home/ubuntu/airflow_snow/lib/python3.12/site-packages/airflow/example_dags/example_dynamic_task_mapping.py took 0.074 seconds
[2024-09-01T04:51:42.104+0000] {processor.py:186} INFO - Started process (PID=3601) to work on /home/ubuntu/airflow_snow/lib/python3.12/site-packages/airflow/example_dags/example_dynamic_task_mapping.py
[2024-09-01T04:51:42.105+0000] {processor.py:914} INFO - Processing file /home/ubuntu/airflow_snow/lib/python3.12/site-packages/airflow/example_dags/example_dynamic_task_mapping.py for tasks to queue
[2024-09-01T04:51:42.107+0000] {logging_mixin.py:190} INFO - [2024-09-01T04:51:42.106+0000] {dagbag.py:587} INFO - Filling up the DagBag from /home/ubuntu/airflow_snow/lib/python3.12/site-packages/airflow/example_dags/example_dynamic_task_mapping.py
[2024-09-01T04:51:42.115+0000] {processor.py:925} INFO - DAG(s) 'example_dynamic_task_mapping' retrieved from /home/ubuntu/airflow_snow/lib/python3.12/site-packages/airflow/example_dags/example_dynamic_task_mapping.py
[2024-09-01T04:51:42.128+0000] {logging_mixin.py:190} INFO - [2024-09-01T04:51:42.128+0000] {dag.py:3211} INFO - Sync 1 DAGs
[2024-09-01T04:51:42.147+0000] {logging_mixin.py:190} INFO - [2024-09-01T04:51:42.147+0000] {dag.py:4138} INFO - Setting next_dagrun for example_dynamic_task_mapping to 2022-03-04 00:00:00+00:00, run_after=2022-03-05 00:00:00+00:00
[2024-09-01T04:51:42.168+0000] {processor.py:208} INFO - Processing /home/ubuntu/airflow_snow/lib/python3.12/site-packages/airflow/example_dags/example_dynamic_task_mapping.py took 0.069 seconds
[2024-09-01T04:52:55.870+0000] {processor.py:186} INFO - Started process (PID=3677) to work on /home/ubuntu/airflow_snow/lib/python3.12/site-packages/airflow/example_dags/example_dynamic_task_mapping.py
[2024-09-01T04:52:55.872+0000] {processor.py:914} INFO - Processing file /home/ubuntu/airflow_snow/lib/python3.12/site-packages/airflow/example_dags/example_dynamic_task_mapping.py for tasks to queue
[2024-09-01T04:52:55.874+0000] {logging_mixin.py:190} INFO - [2024-09-01T04:52:55.873+0000] {dagbag.py:587} INFO - Filling up the DagBag from /home/ubuntu/airflow_snow/lib/python3.12/site-packages/airflow/example_dags/example_dynamic_task_mapping.py
[2024-09-01T04:52:55.882+0000] {processor.py:925} INFO - DAG(s) 'example_dynamic_task_mapping' retrieved from /home/ubuntu/airflow_snow/lib/python3.12/site-packages/airflow/example_dags/example_dynamic_task_mapping.py
[2024-09-01T04:52:55.896+0000] {logging_mixin.py:190} INFO - [2024-09-01T04:52:55.896+0000] {dag.py:3211} INFO - Sync 1 DAGs
[2024-09-01T04:52:55.915+0000] {logging_mixin.py:190} INFO - [2024-09-01T04:52:55.914+0000] {dag.py:4138} INFO - Setting next_dagrun for example_dynamic_task_mapping to 2022-03-04 00:00:00+00:00, run_after=2022-03-05 00:00:00+00:00
[2024-09-01T04:52:55.937+0000] {processor.py:208} INFO - Processing /home/ubuntu/airflow_snow/lib/python3.12/site-packages/airflow/example_dags/example_dynamic_task_mapping.py took 0.073 seconds
