[2024-09-01T04:28:49.180+0000] {processor.py:186} INFO - Started process (PID=2168) to work on /home/ubuntu/airflow_snow/lib/python3.12/site-packages/airflow/example_dags/example_short_circuit_decorator.py
[2024-09-01T04:28:49.182+0000] {processor.py:914} INFO - Processing file /home/ubuntu/airflow_snow/lib/python3.12/site-packages/airflow/example_dags/example_short_circuit_decorator.py for tasks to queue
[2024-09-01T04:28:49.183+0000] {logging_mixin.py:190} INFO - [2024-09-01T04:28:49.183+0000] {dagbag.py:587} INFO - Filling up the DagBag from /home/ubuntu/airflow_snow/lib/python3.12/site-packages/airflow/example_dags/example_short_circuit_decorator.py
[2024-09-01T04:28:49.194+0000] {processor.py:925} INFO - DAG(s) 'example_short_circuit_decorator' retrieved from /home/ubuntu/airflow_snow/lib/python3.12/site-packages/airflow/example_dags/example_short_circuit_decorator.py
[2024-09-01T04:28:49.306+0000] {logging_mixin.py:190} INFO - [2024-09-01T04:28:49.305+0000] {override.py:1900} INFO - Created Permission View: can delete on DAG:example_short_circuit_decorator
[2024-09-01T04:28:49.321+0000] {logging_mixin.py:190} INFO - [2024-09-01T04:28:49.321+0000] {override.py:1900} INFO - Created Permission View: can read on DAG:example_short_circuit_decorator
[2024-09-01T04:28:49.332+0000] {logging_mixin.py:190} INFO - [2024-09-01T04:28:49.332+0000] {override.py:1900} INFO - Created Permission View: can edit on DAG:example_short_circuit_decorator
[2024-09-01T04:28:49.361+0000] {logging_mixin.py:190} INFO - [2024-09-01T04:28:49.360+0000] {override.py:1900} INFO - Created Permission View: menu access on DAG Run:example_short_circuit_decorator
[2024-09-01T04:28:49.373+0000] {logging_mixin.py:190} INFO - [2024-09-01T04:28:49.373+0000] {override.py:1900} INFO - Created Permission View: can create on DAG Run:example_short_circuit_decorator
[2024-09-01T04:28:49.386+0000] {logging_mixin.py:190} INFO - [2024-09-01T04:28:49.386+0000] {override.py:1900} INFO - Created Permission View: can read on DAG Run:example_short_circuit_decorator
[2024-09-01T04:28:49.397+0000] {logging_mixin.py:190} INFO - [2024-09-01T04:28:49.397+0000] {override.py:1900} INFO - Created Permission View: can delete on DAG Run:example_short_circuit_decorator
[2024-09-01T04:28:49.397+0000] {logging_mixin.py:190} INFO - [2024-09-01T04:28:49.397+0000] {dag.py:3211} INFO - Sync 1 DAGs
[2024-09-01T04:28:49.407+0000] {logging_mixin.py:190} INFO - [2024-09-01T04:28:49.406+0000] {dag.py:3234} INFO - Creating ORM DAG for example_short_circuit_decorator
[2024-09-01T04:28:49.414+0000] {logging_mixin.py:190} INFO - [2024-09-01T04:28:49.414+0000] {dag.py:4138} INFO - Setting next_dagrun for example_short_circuit_decorator to 2024-08-31 00:00:00+00:00, run_after=2024-09-01 00:00:00+00:00
[2024-09-01T04:28:49.434+0000] {processor.py:208} INFO - Processing /home/ubuntu/airflow_snow/lib/python3.12/site-packages/airflow/example_dags/example_short_circuit_decorator.py took 0.260 seconds
[2024-09-01T04:29:52.992+0000] {processor.py:186} INFO - Started process (PID=2224) to work on /home/ubuntu/airflow_snow/lib/python3.12/site-packages/airflow/example_dags/example_short_circuit_decorator.py
[2024-09-01T04:29:52.995+0000] {processor.py:914} INFO - Processing file /home/ubuntu/airflow_snow/lib/python3.12/site-packages/airflow/example_dags/example_short_circuit_decorator.py for tasks to queue
[2024-09-01T04:29:52.997+0000] {logging_mixin.py:190} INFO - [2024-09-01T04:29:52.996+0000] {dagbag.py:587} INFO - Filling up the DagBag from /home/ubuntu/airflow_snow/lib/python3.12/site-packages/airflow/example_dags/example_short_circuit_decorator.py
[2024-09-01T04:29:53.004+0000] {processor.py:925} INFO - DAG(s) 'example_short_circuit_decorator' retrieved from /home/ubuntu/airflow_snow/lib/python3.12/site-packages/airflow/example_dags/example_short_circuit_decorator.py
[2024-09-01T04:29:53.017+0000] {logging_mixin.py:190} INFO - [2024-09-01T04:29:53.017+0000] {dag.py:3211} INFO - Sync 1 DAGs
[2024-09-01T04:29:53.031+0000] {logging_mixin.py:190} INFO - [2024-09-01T04:29:53.031+0000] {dag.py:4138} INFO - Setting next_dagrun for example_short_circuit_decorator to 2024-08-31 00:00:00+00:00, run_after=2024-09-01 00:00:00+00:00
[2024-09-01T04:29:53.052+0000] {processor.py:208} INFO - Processing /home/ubuntu/airflow_snow/lib/python3.12/site-packages/airflow/example_dags/example_short_circuit_decorator.py took 0.064 seconds
[2024-09-01T04:30:47.878+0000] {processor.py:186} INFO - Started process (PID=2285) to work on /home/ubuntu/airflow_snow/lib/python3.12/site-packages/airflow/example_dags/example_short_circuit_decorator.py
[2024-09-01T04:30:47.879+0000] {processor.py:914} INFO - Processing file /home/ubuntu/airflow_snow/lib/python3.12/site-packages/airflow/example_dags/example_short_circuit_decorator.py for tasks to queue
[2024-09-01T04:30:47.881+0000] {logging_mixin.py:190} INFO - [2024-09-01T04:30:47.881+0000] {dagbag.py:587} INFO - Filling up the DagBag from /home/ubuntu/airflow_snow/lib/python3.12/site-packages/airflow/example_dags/example_short_circuit_decorator.py
[2024-09-01T04:30:47.891+0000] {processor.py:925} INFO - DAG(s) 'example_short_circuit_decorator' retrieved from /home/ubuntu/airflow_snow/lib/python3.12/site-packages/airflow/example_dags/example_short_circuit_decorator.py
[2024-09-01T04:30:47.908+0000] {logging_mixin.py:190} INFO - [2024-09-01T04:30:47.908+0000] {dag.py:3211} INFO - Sync 1 DAGs
[2024-09-01T04:30:47.926+0000] {logging_mixin.py:190} INFO - [2024-09-01T04:30:47.925+0000] {dag.py:4138} INFO - Setting next_dagrun for example_short_circuit_decorator to 2024-08-31 00:00:00+00:00, run_after=2024-09-01 00:00:00+00:00
[2024-09-01T04:30:47.946+0000] {processor.py:208} INFO - Processing /home/ubuntu/airflow_snow/lib/python3.12/site-packages/airflow/example_dags/example_short_circuit_decorator.py took 0.073 seconds
[2024-09-01T04:31:43.071+0000] {processor.py:186} INFO - Started process (PID=2343) to work on /home/ubuntu/airflow_snow/lib/python3.12/site-packages/airflow/example_dags/example_short_circuit_decorator.py
[2024-09-01T04:31:43.073+0000] {processor.py:914} INFO - Processing file /home/ubuntu/airflow_snow/lib/python3.12/site-packages/airflow/example_dags/example_short_circuit_decorator.py for tasks to queue
[2024-09-01T04:31:43.074+0000] {logging_mixin.py:190} INFO - [2024-09-01T04:31:43.074+0000] {dagbag.py:587} INFO - Filling up the DagBag from /home/ubuntu/airflow_snow/lib/python3.12/site-packages/airflow/example_dags/example_short_circuit_decorator.py
[2024-09-01T04:31:43.083+0000] {processor.py:925} INFO - DAG(s) 'example_short_circuit_decorator' retrieved from /home/ubuntu/airflow_snow/lib/python3.12/site-packages/airflow/example_dags/example_short_circuit_decorator.py
[2024-09-01T04:31:43.102+0000] {logging_mixin.py:190} INFO - [2024-09-01T04:31:43.102+0000] {dag.py:3211} INFO - Sync 1 DAGs
[2024-09-01T04:31:43.119+0000] {logging_mixin.py:190} INFO - [2024-09-01T04:31:43.119+0000] {dag.py:4138} INFO - Setting next_dagrun for example_short_circuit_decorator to 2024-08-31 00:00:00+00:00, run_after=2024-09-01 00:00:00+00:00
[2024-09-01T04:31:43.141+0000] {processor.py:208} INFO - Processing /home/ubuntu/airflow_snow/lib/python3.12/site-packages/airflow/example_dags/example_short_circuit_decorator.py took 0.075 seconds
[2024-09-01T04:32:31.346+0000] {processor.py:186} INFO - Started process (PID=2394) to work on /home/ubuntu/airflow_snow/lib/python3.12/site-packages/airflow/example_dags/example_short_circuit_decorator.py
[2024-09-01T04:32:31.347+0000] {processor.py:914} INFO - Processing file /home/ubuntu/airflow_snow/lib/python3.12/site-packages/airflow/example_dags/example_short_circuit_decorator.py for tasks to queue
[2024-09-01T04:32:31.349+0000] {logging_mixin.py:190} INFO - [2024-09-01T04:32:31.349+0000] {dagbag.py:587} INFO - Filling up the DagBag from /home/ubuntu/airflow_snow/lib/python3.12/site-packages/airflow/example_dags/example_short_circuit_decorator.py
[2024-09-01T04:32:31.358+0000] {processor.py:925} INFO - DAG(s) 'example_short_circuit_decorator' retrieved from /home/ubuntu/airflow_snow/lib/python3.12/site-packages/airflow/example_dags/example_short_circuit_decorator.py
[2024-09-01T04:32:31.375+0000] {logging_mixin.py:190} INFO - [2024-09-01T04:32:31.374+0000] {dag.py:3211} INFO - Sync 1 DAGs
[2024-09-01T04:32:31.392+0000] {logging_mixin.py:190} INFO - [2024-09-01T04:32:31.392+0000] {dag.py:4138} INFO - Setting next_dagrun for example_short_circuit_decorator to 2024-08-31 00:00:00+00:00, run_after=2024-09-01 00:00:00+00:00
[2024-09-01T04:32:31.415+0000] {processor.py:208} INFO - Processing /home/ubuntu/airflow_snow/lib/python3.12/site-packages/airflow/example_dags/example_short_circuit_decorator.py took 0.075 seconds
[2024-09-01T04:33:21.337+0000] {processor.py:186} INFO - Started process (PID=2444) to work on /home/ubuntu/airflow_snow/lib/python3.12/site-packages/airflow/example_dags/example_short_circuit_decorator.py
[2024-09-01T04:33:21.339+0000] {processor.py:914} INFO - Processing file /home/ubuntu/airflow_snow/lib/python3.12/site-packages/airflow/example_dags/example_short_circuit_decorator.py for tasks to queue
[2024-09-01T04:33:21.342+0000] {logging_mixin.py:190} INFO - [2024-09-01T04:33:21.342+0000] {dagbag.py:587} INFO - Filling up the DagBag from /home/ubuntu/airflow_snow/lib/python3.12/site-packages/airflow/example_dags/example_short_circuit_decorator.py
[2024-09-01T04:33:21.351+0000] {processor.py:925} INFO - DAG(s) 'example_short_circuit_decorator' retrieved from /home/ubuntu/airflow_snow/lib/python3.12/site-packages/airflow/example_dags/example_short_circuit_decorator.py
[2024-09-01T04:33:21.367+0000] {logging_mixin.py:190} INFO - [2024-09-01T04:33:21.367+0000] {dag.py:3211} INFO - Sync 1 DAGs
[2024-09-01T04:33:21.385+0000] {logging_mixin.py:190} INFO - [2024-09-01T04:33:21.384+0000] {dag.py:4138} INFO - Setting next_dagrun for example_short_circuit_decorator to 2024-08-31 00:00:00+00:00, run_after=2024-09-01 00:00:00+00:00
[2024-09-01T04:33:21.407+0000] {processor.py:208} INFO - Processing /home/ubuntu/airflow_snow/lib/python3.12/site-packages/airflow/example_dags/example_short_circuit_decorator.py took 0.075 seconds
[2024-09-01T04:34:12.431+0000] {processor.py:186} INFO - Started process (PID=2497) to work on /home/ubuntu/airflow_snow/lib/python3.12/site-packages/airflow/example_dags/example_short_circuit_decorator.py
[2024-09-01T04:34:12.432+0000] {processor.py:914} INFO - Processing file /home/ubuntu/airflow_snow/lib/python3.12/site-packages/airflow/example_dags/example_short_circuit_decorator.py for tasks to queue
[2024-09-01T04:34:12.434+0000] {logging_mixin.py:190} INFO - [2024-09-01T04:34:12.434+0000] {dagbag.py:587} INFO - Filling up the DagBag from /home/ubuntu/airflow_snow/lib/python3.12/site-packages/airflow/example_dags/example_short_circuit_decorator.py
[2024-09-01T04:34:12.443+0000] {processor.py:925} INFO - DAG(s) 'example_short_circuit_decorator' retrieved from /home/ubuntu/airflow_snow/lib/python3.12/site-packages/airflow/example_dags/example_short_circuit_decorator.py
[2024-09-01T04:34:12.470+0000] {logging_mixin.py:190} INFO - [2024-09-01T04:34:12.469+0000] {dag.py:3211} INFO - Sync 1 DAGs
[2024-09-01T04:34:12.487+0000] {logging_mixin.py:190} INFO - [2024-09-01T04:34:12.487+0000] {dag.py:4138} INFO - Setting next_dagrun for example_short_circuit_decorator to 2024-08-31 00:00:00+00:00, run_after=2024-09-01 00:00:00+00:00
[2024-09-01T04:34:12.507+0000] {processor.py:208} INFO - Processing /home/ubuntu/airflow_snow/lib/python3.12/site-packages/airflow/example_dags/example_short_circuit_decorator.py took 0.081 seconds
[2024-09-01T04:35:00.211+0000] {processor.py:186} INFO - Started process (PID=2550) to work on /home/ubuntu/airflow_snow/lib/python3.12/site-packages/airflow/example_dags/example_short_circuit_decorator.py
[2024-09-01T04:35:00.214+0000] {processor.py:914} INFO - Processing file /home/ubuntu/airflow_snow/lib/python3.12/site-packages/airflow/example_dags/example_short_circuit_decorator.py for tasks to queue
[2024-09-01T04:35:00.216+0000] {logging_mixin.py:190} INFO - [2024-09-01T04:35:00.215+0000] {dagbag.py:587} INFO - Filling up the DagBag from /home/ubuntu/airflow_snow/lib/python3.12/site-packages/airflow/example_dags/example_short_circuit_decorator.py
[2024-09-01T04:35:00.226+0000] {processor.py:925} INFO - DAG(s) 'example_short_circuit_decorator' retrieved from /home/ubuntu/airflow_snow/lib/python3.12/site-packages/airflow/example_dags/example_short_circuit_decorator.py
[2024-09-01T04:35:00.242+0000] {logging_mixin.py:190} INFO - [2024-09-01T04:35:00.242+0000] {dag.py:3211} INFO - Sync 1 DAGs
[2024-09-01T04:35:00.261+0000] {logging_mixin.py:190} INFO - [2024-09-01T04:35:00.260+0000] {dag.py:4138} INFO - Setting next_dagrun for example_short_circuit_decorator to 2024-08-31 00:00:00+00:00, run_after=2024-09-01 00:00:00+00:00
[2024-09-01T04:35:00.282+0000] {processor.py:208} INFO - Processing /home/ubuntu/airflow_snow/lib/python3.12/site-packages/airflow/example_dags/example_short_circuit_decorator.py took 0.075 seconds
[2024-09-01T04:35:49.866+0000] {processor.py:186} INFO - Started process (PID=2602) to work on /home/ubuntu/airflow_snow/lib/python3.12/site-packages/airflow/example_dags/example_short_circuit_decorator.py
[2024-09-01T04:35:49.869+0000] {processor.py:914} INFO - Processing file /home/ubuntu/airflow_snow/lib/python3.12/site-packages/airflow/example_dags/example_short_circuit_decorator.py for tasks to queue
[2024-09-01T04:35:49.871+0000] {logging_mixin.py:190} INFO - [2024-09-01T04:35:49.870+0000] {dagbag.py:587} INFO - Filling up the DagBag from /home/ubuntu/airflow_snow/lib/python3.12/site-packages/airflow/example_dags/example_short_circuit_decorator.py
[2024-09-01T04:35:49.880+0000] {processor.py:925} INFO - DAG(s) 'example_short_circuit_decorator' retrieved from /home/ubuntu/airflow_snow/lib/python3.12/site-packages/airflow/example_dags/example_short_circuit_decorator.py
[2024-09-01T04:35:49.897+0000] {logging_mixin.py:190} INFO - [2024-09-01T04:35:49.896+0000] {dag.py:3211} INFO - Sync 1 DAGs
[2024-09-01T04:35:49.914+0000] {logging_mixin.py:190} INFO - [2024-09-01T04:35:49.914+0000] {dag.py:4138} INFO - Setting next_dagrun for example_short_circuit_decorator to 2024-08-31 00:00:00+00:00, run_after=2024-09-01 00:00:00+00:00
[2024-09-01T04:35:49.935+0000] {processor.py:208} INFO - Processing /home/ubuntu/airflow_snow/lib/python3.12/site-packages/airflow/example_dags/example_short_circuit_decorator.py took 0.074 seconds
[2024-09-01T04:36:43.002+0000] {processor.py:186} INFO - Started process (PID=2655) to work on /home/ubuntu/airflow_snow/lib/python3.12/site-packages/airflow/example_dags/example_short_circuit_decorator.py
[2024-09-01T04:36:43.004+0000] {processor.py:914} INFO - Processing file /home/ubuntu/airflow_snow/lib/python3.12/site-packages/airflow/example_dags/example_short_circuit_decorator.py for tasks to queue
[2024-09-01T04:36:43.005+0000] {logging_mixin.py:190} INFO - [2024-09-01T04:36:43.005+0000] {dagbag.py:587} INFO - Filling up the DagBag from /home/ubuntu/airflow_snow/lib/python3.12/site-packages/airflow/example_dags/example_short_circuit_decorator.py
[2024-09-01T04:36:43.015+0000] {processor.py:925} INFO - DAG(s) 'example_short_circuit_decorator' retrieved from /home/ubuntu/airflow_snow/lib/python3.12/site-packages/airflow/example_dags/example_short_circuit_decorator.py
[2024-09-01T04:36:43.033+0000] {logging_mixin.py:190} INFO - [2024-09-01T04:36:43.033+0000] {dag.py:3211} INFO - Sync 1 DAGs
[2024-09-01T04:36:43.050+0000] {logging_mixin.py:190} INFO - [2024-09-01T04:36:43.050+0000] {dag.py:4138} INFO - Setting next_dagrun for example_short_circuit_decorator to 2024-08-31 00:00:00+00:00, run_after=2024-09-01 00:00:00+00:00
[2024-09-01T04:36:43.071+0000] {processor.py:208} INFO - Processing /home/ubuntu/airflow_snow/lib/python3.12/site-packages/airflow/example_dags/example_short_circuit_decorator.py took 0.074 seconds
[2024-09-01T04:37:34.472+0000] {processor.py:186} INFO - Started process (PID=2708) to work on /home/ubuntu/airflow_snow/lib/python3.12/site-packages/airflow/example_dags/example_short_circuit_decorator.py
[2024-09-01T04:37:34.474+0000] {processor.py:914} INFO - Processing file /home/ubuntu/airflow_snow/lib/python3.12/site-packages/airflow/example_dags/example_short_circuit_decorator.py for tasks to queue
[2024-09-01T04:37:34.475+0000] {logging_mixin.py:190} INFO - [2024-09-01T04:37:34.475+0000] {dagbag.py:587} INFO - Filling up the DagBag from /home/ubuntu/airflow_snow/lib/python3.12/site-packages/airflow/example_dags/example_short_circuit_decorator.py
[2024-09-01T04:37:34.486+0000] {processor.py:925} INFO - DAG(s) 'example_short_circuit_decorator' retrieved from /home/ubuntu/airflow_snow/lib/python3.12/site-packages/airflow/example_dags/example_short_circuit_decorator.py
[2024-09-01T04:37:34.502+0000] {logging_mixin.py:190} INFO - [2024-09-01T04:37:34.502+0000] {dag.py:3211} INFO - Sync 1 DAGs
[2024-09-01T04:37:34.520+0000] {logging_mixin.py:190} INFO - [2024-09-01T04:37:34.520+0000] {dag.py:4138} INFO - Setting next_dagrun for example_short_circuit_decorator to 2024-08-31 00:00:00+00:00, run_after=2024-09-01 00:00:00+00:00
[2024-09-01T04:37:34.543+0000] {processor.py:208} INFO - Processing /home/ubuntu/airflow_snow/lib/python3.12/site-packages/airflow/example_dags/example_short_circuit_decorator.py took 0.077 seconds
[2024-09-01T04:38:24.229+0000] {processor.py:186} INFO - Started process (PID=2759) to work on /home/ubuntu/airflow_snow/lib/python3.12/site-packages/airflow/example_dags/example_short_circuit_decorator.py
[2024-09-01T04:38:24.231+0000] {processor.py:914} INFO - Processing file /home/ubuntu/airflow_snow/lib/python3.12/site-packages/airflow/example_dags/example_short_circuit_decorator.py for tasks to queue
[2024-09-01T04:38:24.233+0000] {logging_mixin.py:190} INFO - [2024-09-01T04:38:24.233+0000] {dagbag.py:587} INFO - Filling up the DagBag from /home/ubuntu/airflow_snow/lib/python3.12/site-packages/airflow/example_dags/example_short_circuit_decorator.py
[2024-09-01T04:38:24.243+0000] {processor.py:925} INFO - DAG(s) 'example_short_circuit_decorator' retrieved from /home/ubuntu/airflow_snow/lib/python3.12/site-packages/airflow/example_dags/example_short_circuit_decorator.py
[2024-09-01T04:38:24.260+0000] {logging_mixin.py:190} INFO - [2024-09-01T04:38:24.259+0000] {dag.py:3211} INFO - Sync 1 DAGs
[2024-09-01T04:38:24.278+0000] {logging_mixin.py:190} INFO - [2024-09-01T04:38:24.278+0000] {dag.py:4138} INFO - Setting next_dagrun for example_short_circuit_decorator to 2024-08-31 00:00:00+00:00, run_after=2024-09-01 00:00:00+00:00
[2024-09-01T04:38:24.301+0000] {processor.py:208} INFO - Processing /home/ubuntu/airflow_snow/lib/python3.12/site-packages/airflow/example_dags/example_short_circuit_decorator.py took 0.078 seconds
[2024-09-01T04:39:15.853+0000] {processor.py:186} INFO - Started process (PID=2810) to work on /home/ubuntu/airflow_snow/lib/python3.12/site-packages/airflow/example_dags/example_short_circuit_decorator.py
[2024-09-01T04:39:15.854+0000] {processor.py:914} INFO - Processing file /home/ubuntu/airflow_snow/lib/python3.12/site-packages/airflow/example_dags/example_short_circuit_decorator.py for tasks to queue
[2024-09-01T04:39:15.856+0000] {logging_mixin.py:190} INFO - [2024-09-01T04:39:15.855+0000] {dagbag.py:587} INFO - Filling up the DagBag from /home/ubuntu/airflow_snow/lib/python3.12/site-packages/airflow/example_dags/example_short_circuit_decorator.py
[2024-09-01T04:39:15.866+0000] {processor.py:925} INFO - DAG(s) 'example_short_circuit_decorator' retrieved from /home/ubuntu/airflow_snow/lib/python3.12/site-packages/airflow/example_dags/example_short_circuit_decorator.py
[2024-09-01T04:39:15.882+0000] {logging_mixin.py:190} INFO - [2024-09-01T04:39:15.882+0000] {dag.py:3211} INFO - Sync 1 DAGs
[2024-09-01T04:39:15.908+0000] {logging_mixin.py:190} INFO - [2024-09-01T04:39:15.908+0000] {dag.py:4138} INFO - Setting next_dagrun for example_short_circuit_decorator to 2024-08-31 00:00:00+00:00, run_after=2024-09-01 00:00:00+00:00
[2024-09-01T04:39:15.931+0000] {processor.py:208} INFO - Processing /home/ubuntu/airflow_snow/lib/python3.12/site-packages/airflow/example_dags/example_short_circuit_decorator.py took 0.085 seconds
[2024-09-01T04:40:07.391+0000] {processor.py:186} INFO - Started process (PID=2864) to work on /home/ubuntu/airflow_snow/lib/python3.12/site-packages/airflow/example_dags/example_short_circuit_decorator.py
[2024-09-01T04:40:07.394+0000] {processor.py:914} INFO - Processing file /home/ubuntu/airflow_snow/lib/python3.12/site-packages/airflow/example_dags/example_short_circuit_decorator.py for tasks to queue
[2024-09-01T04:40:07.396+0000] {logging_mixin.py:190} INFO - [2024-09-01T04:40:07.396+0000] {dagbag.py:587} INFO - Filling up the DagBag from /home/ubuntu/airflow_snow/lib/python3.12/site-packages/airflow/example_dags/example_short_circuit_decorator.py
[2024-09-01T04:40:07.406+0000] {processor.py:925} INFO - DAG(s) 'example_short_circuit_decorator' retrieved from /home/ubuntu/airflow_snow/lib/python3.12/site-packages/airflow/example_dags/example_short_circuit_decorator.py
[2024-09-01T04:40:07.423+0000] {logging_mixin.py:190} INFO - [2024-09-01T04:40:07.422+0000] {dag.py:3211} INFO - Sync 1 DAGs
[2024-09-01T04:40:07.442+0000] {logging_mixin.py:190} INFO - [2024-09-01T04:40:07.442+0000] {dag.py:4138} INFO - Setting next_dagrun for example_short_circuit_decorator to 2024-08-31 00:00:00+00:00, run_after=2024-09-01 00:00:00+00:00
[2024-09-01T04:40:07.463+0000] {processor.py:208} INFO - Processing /home/ubuntu/airflow_snow/lib/python3.12/site-packages/airflow/example_dags/example_short_circuit_decorator.py took 0.076 seconds
[2024-09-01T04:41:00.333+0000] {processor.py:186} INFO - Started process (PID=2920) to work on /home/ubuntu/airflow_snow/lib/python3.12/site-packages/airflow/example_dags/example_short_circuit_decorator.py
[2024-09-01T04:41:00.335+0000] {processor.py:914} INFO - Processing file /home/ubuntu/airflow_snow/lib/python3.12/site-packages/airflow/example_dags/example_short_circuit_decorator.py for tasks to queue
[2024-09-01T04:41:00.337+0000] {logging_mixin.py:190} INFO - [2024-09-01T04:41:00.336+0000] {dagbag.py:587} INFO - Filling up the DagBag from /home/ubuntu/airflow_snow/lib/python3.12/site-packages/airflow/example_dags/example_short_circuit_decorator.py
[2024-09-01T04:41:00.347+0000] {processor.py:925} INFO - DAG(s) 'example_short_circuit_decorator' retrieved from /home/ubuntu/airflow_snow/lib/python3.12/site-packages/airflow/example_dags/example_short_circuit_decorator.py
[2024-09-01T04:41:00.363+0000] {logging_mixin.py:190} INFO - [2024-09-01T04:41:00.363+0000] {dag.py:3211} INFO - Sync 1 DAGs
[2024-09-01T04:41:00.382+0000] {logging_mixin.py:190} INFO - [2024-09-01T04:41:00.382+0000] {dag.py:4138} INFO - Setting next_dagrun for example_short_circuit_decorator to 2024-08-31 00:00:00+00:00, run_after=2024-09-01 00:00:00+00:00
[2024-09-01T04:41:00.404+0000] {processor.py:208} INFO - Processing /home/ubuntu/airflow_snow/lib/python3.12/site-packages/airflow/example_dags/example_short_circuit_decorator.py took 0.076 seconds
[2024-09-01T04:41:49.887+0000] {processor.py:186} INFO - Started process (PID=2972) to work on /home/ubuntu/airflow_snow/lib/python3.12/site-packages/airflow/example_dags/example_short_circuit_decorator.py
[2024-09-01T04:41:49.888+0000] {processor.py:914} INFO - Processing file /home/ubuntu/airflow_snow/lib/python3.12/site-packages/airflow/example_dags/example_short_circuit_decorator.py for tasks to queue
[2024-09-01T04:41:49.890+0000] {logging_mixin.py:190} INFO - [2024-09-01T04:41:49.890+0000] {dagbag.py:587} INFO - Filling up the DagBag from /home/ubuntu/airflow_snow/lib/python3.12/site-packages/airflow/example_dags/example_short_circuit_decorator.py
[2024-09-01T04:41:49.900+0000] {processor.py:925} INFO - DAG(s) 'example_short_circuit_decorator' retrieved from /home/ubuntu/airflow_snow/lib/python3.12/site-packages/airflow/example_dags/example_short_circuit_decorator.py
[2024-09-01T04:41:49.917+0000] {logging_mixin.py:190} INFO - [2024-09-01T04:41:49.917+0000] {dag.py:3211} INFO - Sync 1 DAGs
[2024-09-01T04:41:49.935+0000] {logging_mixin.py:190} INFO - [2024-09-01T04:41:49.935+0000] {dag.py:4138} INFO - Setting next_dagrun for example_short_circuit_decorator to 2024-08-31 00:00:00+00:00, run_after=2024-09-01 00:00:00+00:00
[2024-09-01T04:41:49.957+0000] {processor.py:208} INFO - Processing /home/ubuntu/airflow_snow/lib/python3.12/site-packages/airflow/example_dags/example_short_circuit_decorator.py took 0.075 seconds
[2024-09-01T04:42:40.488+0000] {processor.py:186} INFO - Started process (PID=3023) to work on /home/ubuntu/airflow_snow/lib/python3.12/site-packages/airflow/example_dags/example_short_circuit_decorator.py
[2024-09-01T04:42:40.490+0000] {processor.py:914} INFO - Processing file /home/ubuntu/airflow_snow/lib/python3.12/site-packages/airflow/example_dags/example_short_circuit_decorator.py for tasks to queue
[2024-09-01T04:42:40.491+0000] {logging_mixin.py:190} INFO - [2024-09-01T04:42:40.491+0000] {dagbag.py:587} INFO - Filling up the DagBag from /home/ubuntu/airflow_snow/lib/python3.12/site-packages/airflow/example_dags/example_short_circuit_decorator.py
[2024-09-01T04:42:40.502+0000] {processor.py:925} INFO - DAG(s) 'example_short_circuit_decorator' retrieved from /home/ubuntu/airflow_snow/lib/python3.12/site-packages/airflow/example_dags/example_short_circuit_decorator.py
[2024-09-01T04:42:40.518+0000] {logging_mixin.py:190} INFO - [2024-09-01T04:42:40.518+0000] {dag.py:3211} INFO - Sync 1 DAGs
[2024-09-01T04:42:40.535+0000] {logging_mixin.py:190} INFO - [2024-09-01T04:42:40.535+0000] {dag.py:4138} INFO - Setting next_dagrun for example_short_circuit_decorator to 2024-08-31 00:00:00+00:00, run_after=2024-09-01 00:00:00+00:00
[2024-09-01T04:42:40.560+0000] {processor.py:208} INFO - Processing /home/ubuntu/airflow_snow/lib/python3.12/site-packages/airflow/example_dags/example_short_circuit_decorator.py took 0.077 seconds
[2024-09-01T04:43:29.803+0000] {processor.py:186} INFO - Started process (PID=3074) to work on /home/ubuntu/airflow_snow/lib/python3.12/site-packages/airflow/example_dags/example_short_circuit_decorator.py
[2024-09-01T04:43:29.804+0000] {processor.py:914} INFO - Processing file /home/ubuntu/airflow_snow/lib/python3.12/site-packages/airflow/example_dags/example_short_circuit_decorator.py for tasks to queue
[2024-09-01T04:43:29.806+0000] {logging_mixin.py:190} INFO - [2024-09-01T04:43:29.805+0000] {dagbag.py:587} INFO - Filling up the DagBag from /home/ubuntu/airflow_snow/lib/python3.12/site-packages/airflow/example_dags/example_short_circuit_decorator.py
[2024-09-01T04:43:29.815+0000] {processor.py:925} INFO - DAG(s) 'example_short_circuit_decorator' retrieved from /home/ubuntu/airflow_snow/lib/python3.12/site-packages/airflow/example_dags/example_short_circuit_decorator.py
[2024-09-01T04:43:29.831+0000] {logging_mixin.py:190} INFO - [2024-09-01T04:43:29.831+0000] {dag.py:3211} INFO - Sync 1 DAGs
[2024-09-01T04:43:29.849+0000] {logging_mixin.py:190} INFO - [2024-09-01T04:43:29.849+0000] {dag.py:4138} INFO - Setting next_dagrun for example_short_circuit_decorator to 2024-08-31 00:00:00+00:00, run_after=2024-09-01 00:00:00+00:00
[2024-09-01T04:43:29.873+0000] {processor.py:208} INFO - Processing /home/ubuntu/airflow_snow/lib/python3.12/site-packages/airflow/example_dags/example_short_circuit_decorator.py took 0.075 seconds
[2024-09-01T04:44:18.941+0000] {processor.py:186} INFO - Started process (PID=3126) to work on /home/ubuntu/airflow_snow/lib/python3.12/site-packages/airflow/example_dags/example_short_circuit_decorator.py
[2024-09-01T04:44:18.943+0000] {processor.py:914} INFO - Processing file /home/ubuntu/airflow_snow/lib/python3.12/site-packages/airflow/example_dags/example_short_circuit_decorator.py for tasks to queue
[2024-09-01T04:44:18.945+0000] {logging_mixin.py:190} INFO - [2024-09-01T04:44:18.945+0000] {dagbag.py:587} INFO - Filling up the DagBag from /home/ubuntu/airflow_snow/lib/python3.12/site-packages/airflow/example_dags/example_short_circuit_decorator.py
[2024-09-01T04:44:18.954+0000] {processor.py:925} INFO - DAG(s) 'example_short_circuit_decorator' retrieved from /home/ubuntu/airflow_snow/lib/python3.12/site-packages/airflow/example_dags/example_short_circuit_decorator.py
[2024-09-01T04:44:18.971+0000] {logging_mixin.py:190} INFO - [2024-09-01T04:44:18.971+0000] {dag.py:3211} INFO - Sync 1 DAGs
[2024-09-01T04:44:18.989+0000] {logging_mixin.py:190} INFO - [2024-09-01T04:44:18.989+0000] {dag.py:4138} INFO - Setting next_dagrun for example_short_circuit_decorator to 2024-08-31 00:00:00+00:00, run_after=2024-09-01 00:00:00+00:00
[2024-09-01T04:44:19.010+0000] {processor.py:208} INFO - Processing /home/ubuntu/airflow_snow/lib/python3.12/site-packages/airflow/example_dags/example_short_circuit_decorator.py took 0.075 seconds
[2024-09-01T04:45:06.955+0000] {processor.py:186} INFO - Started process (PID=3181) to work on /home/ubuntu/airflow_snow/lib/python3.12/site-packages/airflow/example_dags/example_short_circuit_decorator.py
[2024-09-01T04:45:06.957+0000] {processor.py:914} INFO - Processing file /home/ubuntu/airflow_snow/lib/python3.12/site-packages/airflow/example_dags/example_short_circuit_decorator.py for tasks to queue
[2024-09-01T04:45:06.959+0000] {logging_mixin.py:190} INFO - [2024-09-01T04:45:06.959+0000] {dagbag.py:587} INFO - Filling up the DagBag from /home/ubuntu/airflow_snow/lib/python3.12/site-packages/airflow/example_dags/example_short_circuit_decorator.py
[2024-09-01T04:45:06.969+0000] {processor.py:925} INFO - DAG(s) 'example_short_circuit_decorator' retrieved from /home/ubuntu/airflow_snow/lib/python3.12/site-packages/airflow/example_dags/example_short_circuit_decorator.py
[2024-09-01T04:45:06.985+0000] {logging_mixin.py:190} INFO - [2024-09-01T04:45:06.985+0000] {dag.py:3211} INFO - Sync 1 DAGs
[2024-09-01T04:45:07.003+0000] {logging_mixin.py:190} INFO - [2024-09-01T04:45:07.003+0000] {dag.py:4138} INFO - Setting next_dagrun for example_short_circuit_decorator to 2024-08-31 00:00:00+00:00, run_after=2024-09-01 00:00:00+00:00
[2024-09-01T04:45:07.025+0000] {processor.py:208} INFO - Processing /home/ubuntu/airflow_snow/lib/python3.12/site-packages/airflow/example_dags/example_short_circuit_decorator.py took 0.076 seconds
[2024-09-01T04:45:55.158+0000] {processor.py:186} INFO - Started process (PID=3234) to work on /home/ubuntu/airflow_snow/lib/python3.12/site-packages/airflow/example_dags/example_short_circuit_decorator.py
[2024-09-01T04:45:55.161+0000] {processor.py:914} INFO - Processing file /home/ubuntu/airflow_snow/lib/python3.12/site-packages/airflow/example_dags/example_short_circuit_decorator.py for tasks to queue
[2024-09-01T04:45:55.163+0000] {logging_mixin.py:190} INFO - [2024-09-01T04:45:55.162+0000] {dagbag.py:587} INFO - Filling up the DagBag from /home/ubuntu/airflow_snow/lib/python3.12/site-packages/airflow/example_dags/example_short_circuit_decorator.py
[2024-09-01T04:45:55.173+0000] {processor.py:925} INFO - DAG(s) 'example_short_circuit_decorator' retrieved from /home/ubuntu/airflow_snow/lib/python3.12/site-packages/airflow/example_dags/example_short_circuit_decorator.py
[2024-09-01T04:45:55.189+0000] {logging_mixin.py:190} INFO - [2024-09-01T04:45:55.189+0000] {dag.py:3211} INFO - Sync 1 DAGs
[2024-09-01T04:45:55.207+0000] {logging_mixin.py:190} INFO - [2024-09-01T04:45:55.207+0000] {dag.py:4138} INFO - Setting next_dagrun for example_short_circuit_decorator to 2024-08-31 00:00:00+00:00, run_after=2024-09-01 00:00:00+00:00
[2024-09-01T04:45:55.227+0000] {processor.py:208} INFO - Processing /home/ubuntu/airflow_snow/lib/python3.12/site-packages/airflow/example_dags/example_short_circuit_decorator.py took 0.074 seconds
[2024-09-01T04:46:43.882+0000] {processor.py:186} INFO - Started process (PID=3285) to work on /home/ubuntu/airflow_snow/lib/python3.12/site-packages/airflow/example_dags/example_short_circuit_decorator.py
[2024-09-01T04:46:43.883+0000] {processor.py:914} INFO - Processing file /home/ubuntu/airflow_snow/lib/python3.12/site-packages/airflow/example_dags/example_short_circuit_decorator.py for tasks to queue
[2024-09-01T04:46:43.886+0000] {logging_mixin.py:190} INFO - [2024-09-01T04:46:43.886+0000] {dagbag.py:587} INFO - Filling up the DagBag from /home/ubuntu/airflow_snow/lib/python3.12/site-packages/airflow/example_dags/example_short_circuit_decorator.py
[2024-09-01T04:46:43.895+0000] {processor.py:925} INFO - DAG(s) 'example_short_circuit_decorator' retrieved from /home/ubuntu/airflow_snow/lib/python3.12/site-packages/airflow/example_dags/example_short_circuit_decorator.py
[2024-09-01T04:46:43.913+0000] {logging_mixin.py:190} INFO - [2024-09-01T04:46:43.913+0000] {dag.py:3211} INFO - Sync 1 DAGs
[2024-09-01T04:46:43.930+0000] {logging_mixin.py:190} INFO - [2024-09-01T04:46:43.930+0000] {dag.py:4138} INFO - Setting next_dagrun for example_short_circuit_decorator to 2024-08-31 00:00:00+00:00, run_after=2024-09-01 00:00:00+00:00
[2024-09-01T04:46:43.953+0000] {processor.py:208} INFO - Processing /home/ubuntu/airflow_snow/lib/python3.12/site-packages/airflow/example_dags/example_short_circuit_decorator.py took 0.076 seconds
[2024-09-01T04:47:31.574+0000] {processor.py:186} INFO - Started process (PID=3334) to work on /home/ubuntu/airflow_snow/lib/python3.12/site-packages/airflow/example_dags/example_short_circuit_decorator.py
[2024-09-01T04:47:31.577+0000] {processor.py:914} INFO - Processing file /home/ubuntu/airflow_snow/lib/python3.12/site-packages/airflow/example_dags/example_short_circuit_decorator.py for tasks to queue
[2024-09-01T04:47:31.579+0000] {logging_mixin.py:190} INFO - [2024-09-01T04:47:31.578+0000] {dagbag.py:587} INFO - Filling up the DagBag from /home/ubuntu/airflow_snow/lib/python3.12/site-packages/airflow/example_dags/example_short_circuit_decorator.py
[2024-09-01T04:47:31.587+0000] {processor.py:925} INFO - DAG(s) 'example_short_circuit_decorator' retrieved from /home/ubuntu/airflow_snow/lib/python3.12/site-packages/airflow/example_dags/example_short_circuit_decorator.py
[2024-09-01T04:47:31.605+0000] {logging_mixin.py:190} INFO - [2024-09-01T04:47:31.605+0000] {dag.py:3211} INFO - Sync 1 DAGs
[2024-09-01T04:47:31.622+0000] {logging_mixin.py:190} INFO - [2024-09-01T04:47:31.622+0000] {dag.py:4138} INFO - Setting next_dagrun for example_short_circuit_decorator to 2024-08-31 00:00:00+00:00, run_after=2024-09-01 00:00:00+00:00
[2024-09-01T04:47:31.645+0000] {processor.py:208} INFO - Processing /home/ubuntu/airflow_snow/lib/python3.12/site-packages/airflow/example_dags/example_short_circuit_decorator.py took 0.076 seconds
[2024-09-01T04:48:20.337+0000] {processor.py:186} INFO - Started process (PID=3384) to work on /home/ubuntu/airflow_snow/lib/python3.12/site-packages/airflow/example_dags/example_short_circuit_decorator.py
[2024-09-01T04:48:20.339+0000] {processor.py:914} INFO - Processing file /home/ubuntu/airflow_snow/lib/python3.12/site-packages/airflow/example_dags/example_short_circuit_decorator.py for tasks to queue
[2024-09-01T04:48:20.341+0000] {logging_mixin.py:190} INFO - [2024-09-01T04:48:20.341+0000] {dagbag.py:587} INFO - Filling up the DagBag from /home/ubuntu/airflow_snow/lib/python3.12/site-packages/airflow/example_dags/example_short_circuit_decorator.py
[2024-09-01T04:48:20.351+0000] {processor.py:925} INFO - DAG(s) 'example_short_circuit_decorator' retrieved from /home/ubuntu/airflow_snow/lib/python3.12/site-packages/airflow/example_dags/example_short_circuit_decorator.py
[2024-09-01T04:48:20.369+0000] {logging_mixin.py:190} INFO - [2024-09-01T04:48:20.368+0000] {dag.py:3211} INFO - Sync 1 DAGs
[2024-09-01T04:48:20.387+0000] {logging_mixin.py:190} INFO - [2024-09-01T04:48:20.387+0000] {dag.py:4138} INFO - Setting next_dagrun for example_short_circuit_decorator to 2024-08-31 00:00:00+00:00, run_after=2024-09-01 00:00:00+00:00
[2024-09-01T04:48:20.410+0000] {processor.py:208} INFO - Processing /home/ubuntu/airflow_snow/lib/python3.12/site-packages/airflow/example_dags/example_short_circuit_decorator.py took 0.080 seconds
[2024-09-01T04:49:09.758+0000] {processor.py:186} INFO - Started process (PID=3435) to work on /home/ubuntu/airflow_snow/lib/python3.12/site-packages/airflow/example_dags/example_short_circuit_decorator.py
[2024-09-01T04:49:09.760+0000] {processor.py:914} INFO - Processing file /home/ubuntu/airflow_snow/lib/python3.12/site-packages/airflow/example_dags/example_short_circuit_decorator.py for tasks to queue
[2024-09-01T04:49:09.762+0000] {logging_mixin.py:190} INFO - [2024-09-01T04:49:09.761+0000] {dagbag.py:587} INFO - Filling up the DagBag from /home/ubuntu/airflow_snow/lib/python3.12/site-packages/airflow/example_dags/example_short_circuit_decorator.py
[2024-09-01T04:49:09.771+0000] {processor.py:925} INFO - DAG(s) 'example_short_circuit_decorator' retrieved from /home/ubuntu/airflow_snow/lib/python3.12/site-packages/airflow/example_dags/example_short_circuit_decorator.py
[2024-09-01T04:49:09.788+0000] {logging_mixin.py:190} INFO - [2024-09-01T04:49:09.788+0000] {dag.py:3211} INFO - Sync 1 DAGs
[2024-09-01T04:49:09.805+0000] {logging_mixin.py:190} INFO - [2024-09-01T04:49:09.805+0000] {dag.py:4138} INFO - Setting next_dagrun for example_short_circuit_decorator to 2024-08-31 00:00:00+00:00, run_after=2024-09-01 00:00:00+00:00
[2024-09-01T04:49:09.830+0000] {processor.py:208} INFO - Processing /home/ubuntu/airflow_snow/lib/python3.12/site-packages/airflow/example_dags/example_short_circuit_decorator.py took 0.077 seconds
[2024-09-01T04:49:58.225+0000] {processor.py:186} INFO - Started process (PID=3487) to work on /home/ubuntu/airflow_snow/lib/python3.12/site-packages/airflow/example_dags/example_short_circuit_decorator.py
[2024-09-01T04:49:58.228+0000] {processor.py:914} INFO - Processing file /home/ubuntu/airflow_snow/lib/python3.12/site-packages/airflow/example_dags/example_short_circuit_decorator.py for tasks to queue
[2024-09-01T04:49:58.230+0000] {logging_mixin.py:190} INFO - [2024-09-01T04:49:58.229+0000] {dagbag.py:587} INFO - Filling up the DagBag from /home/ubuntu/airflow_snow/lib/python3.12/site-packages/airflow/example_dags/example_short_circuit_decorator.py
[2024-09-01T04:49:58.239+0000] {processor.py:925} INFO - DAG(s) 'example_short_circuit_decorator' retrieved from /home/ubuntu/airflow_snow/lib/python3.12/site-packages/airflow/example_dags/example_short_circuit_decorator.py
[2024-09-01T04:49:58.256+0000] {logging_mixin.py:190} INFO - [2024-09-01T04:49:58.255+0000] {dag.py:3211} INFO - Sync 1 DAGs
[2024-09-01T04:49:58.274+0000] {logging_mixin.py:190} INFO - [2024-09-01T04:49:58.274+0000] {dag.py:4138} INFO - Setting next_dagrun for example_short_circuit_decorator to 2024-08-31 00:00:00+00:00, run_after=2024-09-01 00:00:00+00:00
[2024-09-01T04:49:58.298+0000] {processor.py:208} INFO - Processing /home/ubuntu/airflow_snow/lib/python3.12/site-packages/airflow/example_dags/example_short_circuit_decorator.py took 0.079 seconds
[2024-09-01T04:50:41.550+0000] {processor.py:186} INFO - Started process (PID=3538) to work on /home/ubuntu/airflow_snow/lib/python3.12/site-packages/airflow/example_dags/example_short_circuit_decorator.py
[2024-09-01T04:50:41.552+0000] {processor.py:914} INFO - Processing file /home/ubuntu/airflow_snow/lib/python3.12/site-packages/airflow/example_dags/example_short_circuit_decorator.py for tasks to queue
[2024-09-01T04:50:41.554+0000] {logging_mixin.py:190} INFO - [2024-09-01T04:50:41.553+0000] {dagbag.py:587} INFO - Filling up the DagBag from /home/ubuntu/airflow_snow/lib/python3.12/site-packages/airflow/example_dags/example_short_circuit_decorator.py
[2024-09-01T04:50:41.563+0000] {processor.py:925} INFO - DAG(s) 'example_short_circuit_decorator' retrieved from /home/ubuntu/airflow_snow/lib/python3.12/site-packages/airflow/example_dags/example_short_circuit_decorator.py
[2024-09-01T04:50:41.580+0000] {logging_mixin.py:190} INFO - [2024-09-01T04:50:41.580+0000] {dag.py:3211} INFO - Sync 1 DAGs
[2024-09-01T04:50:41.598+0000] {logging_mixin.py:190} INFO - [2024-09-01T04:50:41.598+0000] {dag.py:4138} INFO - Setting next_dagrun for example_short_circuit_decorator to 2024-08-31 00:00:00+00:00, run_after=2024-09-01 00:00:00+00:00
[2024-09-01T04:50:41.620+0000] {processor.py:208} INFO - Processing /home/ubuntu/airflow_snow/lib/python3.12/site-packages/airflow/example_dags/example_short_circuit_decorator.py took 0.075 seconds
[2024-09-01T04:51:28.388+0000] {processor.py:186} INFO - Started process (PID=3587) to work on /home/ubuntu/airflow_snow/lib/python3.12/site-packages/airflow/example_dags/example_short_circuit_decorator.py
[2024-09-01T04:51:28.390+0000] {processor.py:914} INFO - Processing file /home/ubuntu/airflow_snow/lib/python3.12/site-packages/airflow/example_dags/example_short_circuit_decorator.py for tasks to queue
[2024-09-01T04:51:28.391+0000] {logging_mixin.py:190} INFO - [2024-09-01T04:51:28.391+0000] {dagbag.py:587} INFO - Filling up the DagBag from /home/ubuntu/airflow_snow/lib/python3.12/site-packages/airflow/example_dags/example_short_circuit_decorator.py
[2024-09-01T04:51:28.402+0000] {processor.py:925} INFO - DAG(s) 'example_short_circuit_decorator' retrieved from /home/ubuntu/airflow_snow/lib/python3.12/site-packages/airflow/example_dags/example_short_circuit_decorator.py
[2024-09-01T04:51:28.419+0000] {logging_mixin.py:190} INFO - [2024-09-01T04:51:28.419+0000] {dag.py:3211} INFO - Sync 1 DAGs
[2024-09-01T04:51:28.437+0000] {logging_mixin.py:190} INFO - [2024-09-01T04:51:28.436+0000] {dag.py:4138} INFO - Setting next_dagrun for example_short_circuit_decorator to 2024-08-31 00:00:00+00:00, run_after=2024-09-01 00:00:00+00:00
[2024-09-01T04:51:28.464+0000] {processor.py:208} INFO - Processing /home/ubuntu/airflow_snow/lib/python3.12/site-packages/airflow/example_dags/example_short_circuit_decorator.py took 0.082 seconds
[2024-09-01T04:52:19.016+0000] {processor.py:186} INFO - Started process (PID=3639) to work on /home/ubuntu/airflow_snow/lib/python3.12/site-packages/airflow/example_dags/example_short_circuit_decorator.py
[2024-09-01T04:52:19.018+0000] {processor.py:914} INFO - Processing file /home/ubuntu/airflow_snow/lib/python3.12/site-packages/airflow/example_dags/example_short_circuit_decorator.py for tasks to queue
[2024-09-01T04:52:19.020+0000] {logging_mixin.py:190} INFO - [2024-09-01T04:52:19.020+0000] {dagbag.py:587} INFO - Filling up the DagBag from /home/ubuntu/airflow_snow/lib/python3.12/site-packages/airflow/example_dags/example_short_circuit_decorator.py
[2024-09-01T04:52:19.031+0000] {processor.py:925} INFO - DAG(s) 'example_short_circuit_decorator' retrieved from /home/ubuntu/airflow_snow/lib/python3.12/site-packages/airflow/example_dags/example_short_circuit_decorator.py
[2024-09-01T04:52:19.047+0000] {logging_mixin.py:190} INFO - [2024-09-01T04:52:19.047+0000] {dag.py:3211} INFO - Sync 1 DAGs
[2024-09-01T04:52:19.066+0000] {logging_mixin.py:190} INFO - [2024-09-01T04:52:19.065+0000] {dag.py:4138} INFO - Setting next_dagrun for example_short_circuit_decorator to 2024-08-31 00:00:00+00:00, run_after=2024-09-01 00:00:00+00:00
[2024-09-01T04:52:19.087+0000] {processor.py:208} INFO - Processing /home/ubuntu/airflow_snow/lib/python3.12/site-packages/airflow/example_dags/example_short_circuit_decorator.py took 0.076 seconds
[2024-09-01T04:53:07.316+0000] {processor.py:186} INFO - Started process (PID=3690) to work on /home/ubuntu/airflow_snow/lib/python3.12/site-packages/airflow/example_dags/example_short_circuit_decorator.py
[2024-09-01T04:53:07.318+0000] {processor.py:914} INFO - Processing file /home/ubuntu/airflow_snow/lib/python3.12/site-packages/airflow/example_dags/example_short_circuit_decorator.py for tasks to queue
[2024-09-01T04:53:07.321+0000] {logging_mixin.py:190} INFO - [2024-09-01T04:53:07.320+0000] {dagbag.py:587} INFO - Filling up the DagBag from /home/ubuntu/airflow_snow/lib/python3.12/site-packages/airflow/example_dags/example_short_circuit_decorator.py
[2024-09-01T04:53:07.330+0000] {processor.py:925} INFO - DAG(s) 'example_short_circuit_decorator' retrieved from /home/ubuntu/airflow_snow/lib/python3.12/site-packages/airflow/example_dags/example_short_circuit_decorator.py
[2024-09-01T04:53:07.347+0000] {logging_mixin.py:190} INFO - [2024-09-01T04:53:07.347+0000] {dag.py:3211} INFO - Sync 1 DAGs
[2024-09-01T04:53:07.366+0000] {logging_mixin.py:190} INFO - [2024-09-01T04:53:07.366+0000] {dag.py:4138} INFO - Setting next_dagrun for example_short_circuit_decorator to 2024-08-31 00:00:00+00:00, run_after=2024-09-01 00:00:00+00:00
[2024-09-01T04:53:07.388+0000] {processor.py:208} INFO - Processing /home/ubuntu/airflow_snow/lib/python3.12/site-packages/airflow/example_dags/example_short_circuit_decorator.py took 0.077 seconds
