[2024-09-01T04:29:28.496+0000] {processor.py:186} INFO - Started process (PID=2199) to work on /home/ubuntu/airflow_snow/lib/python3.12/site-packages/airflow/example_dags/example_bash_decorator.py
[2024-09-01T04:29:28.497+0000] {processor.py:914} INFO - Processing file /home/ubuntu/airflow_snow/lib/python3.12/site-packages/airflow/example_dags/example_bash_decorator.py for tasks to queue
[2024-09-01T04:29:28.499+0000] {logging_mixin.py:190} INFO - [2024-09-01T04:29:28.498+0000] {dagbag.py:587} INFO - Filling up the DagBag from /home/ubuntu/airflow_snow/lib/python3.12/site-packages/airflow/example_dags/example_bash_decorator.py
[2024-09-01T04:29:28.513+0000] {processor.py:925} INFO - DAG(s) 'example_bash_decorator' retrieved from /home/ubuntu/airflow_snow/lib/python3.12/site-packages/airflow/example_dags/example_bash_decorator.py
[2024-09-01T04:29:28.614+0000] {logging_mixin.py:190} INFO - [2024-09-01T04:29:28.613+0000] {override.py:1900} INFO - Created Permission View: can delete on DAG:example_bash_decorator
[2024-09-01T04:29:28.627+0000] {logging_mixin.py:190} INFO - [2024-09-01T04:29:28.627+0000] {override.py:1900} INFO - Created Permission View: can read on DAG:example_bash_decorator
[2024-09-01T04:29:28.637+0000] {logging_mixin.py:190} INFO - [2024-09-01T04:29:28.637+0000] {override.py:1900} INFO - Created Permission View: can edit on DAG:example_bash_decorator
[2024-09-01T04:29:28.655+0000] {logging_mixin.py:190} INFO - [2024-09-01T04:29:28.655+0000] {override.py:1900} INFO - Created Permission View: menu access on DAG Run:example_bash_decorator
[2024-09-01T04:29:28.664+0000] {logging_mixin.py:190} INFO - [2024-09-01T04:29:28.664+0000] {override.py:1900} INFO - Created Permission View: can create on DAG Run:example_bash_decorator
[2024-09-01T04:29:28.674+0000] {logging_mixin.py:190} INFO - [2024-09-01T04:29:28.674+0000] {override.py:1900} INFO - Created Permission View: can read on DAG Run:example_bash_decorator
[2024-09-01T04:29:28.683+0000] {logging_mixin.py:190} INFO - [2024-09-01T04:29:28.683+0000] {override.py:1900} INFO - Created Permission View: can delete on DAG Run:example_bash_decorator
[2024-09-01T04:29:28.684+0000] {logging_mixin.py:190} INFO - [2024-09-01T04:29:28.684+0000] {dag.py:3211} INFO - Sync 1 DAGs
[2024-09-01T04:29:28.695+0000] {logging_mixin.py:190} INFO - [2024-09-01T04:29:28.694+0000] {dag.py:3234} INFO - Creating ORM DAG for example_bash_decorator
[2024-09-01T04:29:28.695+0000] {logging_mixin.py:190} INFO - [2024-09-01T04:29:28.695+0000] {dag.py:4138} INFO - Setting next_dagrun for example_bash_decorator to None, run_after=None
[2024-09-01T04:29:28.718+0000] {processor.py:208} INFO - Processing /home/ubuntu/airflow_snow/lib/python3.12/site-packages/airflow/example_dags/example_bash_decorator.py took 0.227 seconds
[2024-09-01T04:30:23.887+0000] {processor.py:186} INFO - Started process (PID=2257) to work on /home/ubuntu/airflow_snow/lib/python3.12/site-packages/airflow/example_dags/example_bash_decorator.py
[2024-09-01T04:30:23.889+0000] {processor.py:914} INFO - Processing file /home/ubuntu/airflow_snow/lib/python3.12/site-packages/airflow/example_dags/example_bash_decorator.py for tasks to queue
[2024-09-01T04:30:23.890+0000] {logging_mixin.py:190} INFO - [2024-09-01T04:30:23.890+0000] {dagbag.py:587} INFO - Filling up the DagBag from /home/ubuntu/airflow_snow/lib/python3.12/site-packages/airflow/example_dags/example_bash_decorator.py
[2024-09-01T04:30:23.906+0000] {processor.py:925} INFO - DAG(s) 'example_bash_decorator' retrieved from /home/ubuntu/airflow_snow/lib/python3.12/site-packages/airflow/example_dags/example_bash_decorator.py
[2024-09-01T04:30:23.923+0000] {logging_mixin.py:190} INFO - [2024-09-01T04:30:23.923+0000] {dag.py:3211} INFO - Sync 1 DAGs
[2024-09-01T04:30:23.934+0000] {logging_mixin.py:190} INFO - [2024-09-01T04:30:23.934+0000] {dag.py:4138} INFO - Setting next_dagrun for example_bash_decorator to None, run_after=None
[2024-09-01T04:30:23.957+0000] {processor.py:208} INFO - Processing /home/ubuntu/airflow_snow/lib/python3.12/site-packages/airflow/example_dags/example_bash_decorator.py took 0.075 seconds
[2024-09-01T04:31:37.794+0000] {processor.py:186} INFO - Started process (PID=2338) to work on /home/ubuntu/airflow_snow/lib/python3.12/site-packages/airflow/example_dags/example_bash_decorator.py
[2024-09-01T04:31:37.796+0000] {processor.py:914} INFO - Processing file /home/ubuntu/airflow_snow/lib/python3.12/site-packages/airflow/example_dags/example_bash_decorator.py for tasks to queue
[2024-09-01T04:31:37.798+0000] {logging_mixin.py:190} INFO - [2024-09-01T04:31:37.798+0000] {dagbag.py:587} INFO - Filling up the DagBag from /home/ubuntu/airflow_snow/lib/python3.12/site-packages/airflow/example_dags/example_bash_decorator.py
[2024-09-01T04:31:37.811+0000] {processor.py:925} INFO - DAG(s) 'example_bash_decorator' retrieved from /home/ubuntu/airflow_snow/lib/python3.12/site-packages/airflow/example_dags/example_bash_decorator.py
[2024-09-01T04:31:37.828+0000] {logging_mixin.py:190} INFO - [2024-09-01T04:31:37.828+0000] {dag.py:3211} INFO - Sync 1 DAGs
[2024-09-01T04:31:37.839+0000] {logging_mixin.py:190} INFO - [2024-09-01T04:31:37.838+0000] {dag.py:4138} INFO - Setting next_dagrun for example_bash_decorator to None, run_after=None
[2024-09-01T04:31:37.863+0000] {processor.py:208} INFO - Processing /home/ubuntu/airflow_snow/lib/python3.12/site-packages/airflow/example_dags/example_bash_decorator.py took 0.074 seconds
[2024-09-01T04:32:49.068+0000] {processor.py:186} INFO - Started process (PID=2412) to work on /home/ubuntu/airflow_snow/lib/python3.12/site-packages/airflow/example_dags/example_bash_decorator.py
[2024-09-01T04:32:49.070+0000] {processor.py:914} INFO - Processing file /home/ubuntu/airflow_snow/lib/python3.12/site-packages/airflow/example_dags/example_bash_decorator.py for tasks to queue
[2024-09-01T04:32:49.072+0000] {logging_mixin.py:190} INFO - [2024-09-01T04:32:49.071+0000] {dagbag.py:587} INFO - Filling up the DagBag from /home/ubuntu/airflow_snow/lib/python3.12/site-packages/airflow/example_dags/example_bash_decorator.py
[2024-09-01T04:32:49.086+0000] {processor.py:925} INFO - DAG(s) 'example_bash_decorator' retrieved from /home/ubuntu/airflow_snow/lib/python3.12/site-packages/airflow/example_dags/example_bash_decorator.py
[2024-09-01T04:32:49.103+0000] {logging_mixin.py:190} INFO - [2024-09-01T04:32:49.103+0000] {dag.py:3211} INFO - Sync 1 DAGs
[2024-09-01T04:32:49.114+0000] {logging_mixin.py:190} INFO - [2024-09-01T04:32:49.114+0000] {dag.py:4138} INFO - Setting next_dagrun for example_bash_decorator to None, run_after=None
[2024-09-01T04:32:49.135+0000] {processor.py:208} INFO - Processing /home/ubuntu/airflow_snow/lib/python3.12/site-packages/airflow/example_dags/example_bash_decorator.py took 0.072 seconds
[2024-09-01T04:34:06.153+0000] {processor.py:186} INFO - Started process (PID=2491) to work on /home/ubuntu/airflow_snow/lib/python3.12/site-packages/airflow/example_dags/example_bash_decorator.py
[2024-09-01T04:34:06.154+0000] {processor.py:914} INFO - Processing file /home/ubuntu/airflow_snow/lib/python3.12/site-packages/airflow/example_dags/example_bash_decorator.py for tasks to queue
[2024-09-01T04:34:06.157+0000] {logging_mixin.py:190} INFO - [2024-09-01T04:34:06.156+0000] {dagbag.py:587} INFO - Filling up the DagBag from /home/ubuntu/airflow_snow/lib/python3.12/site-packages/airflow/example_dags/example_bash_decorator.py
[2024-09-01T04:34:06.171+0000] {processor.py:925} INFO - DAG(s) 'example_bash_decorator' retrieved from /home/ubuntu/airflow_snow/lib/python3.12/site-packages/airflow/example_dags/example_bash_decorator.py
[2024-09-01T04:34:06.189+0000] {logging_mixin.py:190} INFO - [2024-09-01T04:34:06.189+0000] {dag.py:3211} INFO - Sync 1 DAGs
[2024-09-01T04:34:06.199+0000] {logging_mixin.py:190} INFO - [2024-09-01T04:34:06.199+0000] {dag.py:4138} INFO - Setting next_dagrun for example_bash_decorator to None, run_after=None
[2024-09-01T04:34:06.221+0000] {processor.py:208} INFO - Processing /home/ubuntu/airflow_snow/lib/python3.12/site-packages/airflow/example_dags/example_bash_decorator.py took 0.074 seconds
[2024-09-01T04:35:19.066+0000] {processor.py:186} INFO - Started process (PID=2571) to work on /home/ubuntu/airflow_snow/lib/python3.12/site-packages/airflow/example_dags/example_bash_decorator.py
[2024-09-01T04:35:19.068+0000] {processor.py:914} INFO - Processing file /home/ubuntu/airflow_snow/lib/python3.12/site-packages/airflow/example_dags/example_bash_decorator.py for tasks to queue
[2024-09-01T04:35:19.070+0000] {logging_mixin.py:190} INFO - [2024-09-01T04:35:19.070+0000] {dagbag.py:587} INFO - Filling up the DagBag from /home/ubuntu/airflow_snow/lib/python3.12/site-packages/airflow/example_dags/example_bash_decorator.py
[2024-09-01T04:35:19.083+0000] {processor.py:925} INFO - DAG(s) 'example_bash_decorator' retrieved from /home/ubuntu/airflow_snow/lib/python3.12/site-packages/airflow/example_dags/example_bash_decorator.py
[2024-09-01T04:35:19.101+0000] {logging_mixin.py:190} INFO - [2024-09-01T04:35:19.101+0000] {dag.py:3211} INFO - Sync 1 DAGs
[2024-09-01T04:35:19.111+0000] {logging_mixin.py:190} INFO - [2024-09-01T04:35:19.111+0000] {dag.py:4138} INFO - Setting next_dagrun for example_bash_decorator to None, run_after=None
[2024-09-01T04:35:19.131+0000] {processor.py:208} INFO - Processing /home/ubuntu/airflow_snow/lib/python3.12/site-packages/airflow/example_dags/example_bash_decorator.py took 0.070 seconds
[2024-09-01T04:36:36.863+0000] {processor.py:186} INFO - Started process (PID=2649) to work on /home/ubuntu/airflow_snow/lib/python3.12/site-packages/airflow/example_dags/example_bash_decorator.py
[2024-09-01T04:36:36.867+0000] {processor.py:914} INFO - Processing file /home/ubuntu/airflow_snow/lib/python3.12/site-packages/airflow/example_dags/example_bash_decorator.py for tasks to queue
[2024-09-01T04:36:36.869+0000] {logging_mixin.py:190} INFO - [2024-09-01T04:36:36.868+0000] {dagbag.py:587} INFO - Filling up the DagBag from /home/ubuntu/airflow_snow/lib/python3.12/site-packages/airflow/example_dags/example_bash_decorator.py
[2024-09-01T04:36:36.882+0000] {processor.py:925} INFO - DAG(s) 'example_bash_decorator' retrieved from /home/ubuntu/airflow_snow/lib/python3.12/site-packages/airflow/example_dags/example_bash_decorator.py
[2024-09-01T04:36:36.899+0000] {logging_mixin.py:190} INFO - [2024-09-01T04:36:36.899+0000] {dag.py:3211} INFO - Sync 1 DAGs
[2024-09-01T04:36:36.910+0000] {logging_mixin.py:190} INFO - [2024-09-01T04:36:36.909+0000] {dag.py:4138} INFO - Setting next_dagrun for example_bash_decorator to None, run_after=None
[2024-09-01T04:36:36.931+0000] {processor.py:208} INFO - Processing /home/ubuntu/airflow_snow/lib/python3.12/site-packages/airflow/example_dags/example_bash_decorator.py took 0.072 seconds
[2024-09-01T04:37:53.334+0000] {processor.py:186} INFO - Started process (PID=2727) to work on /home/ubuntu/airflow_snow/lib/python3.12/site-packages/airflow/example_dags/example_bash_decorator.py
[2024-09-01T04:37:53.338+0000] {processor.py:914} INFO - Processing file /home/ubuntu/airflow_snow/lib/python3.12/site-packages/airflow/example_dags/example_bash_decorator.py for tasks to queue
[2024-09-01T04:37:53.339+0000] {logging_mixin.py:190} INFO - [2024-09-01T04:37:53.339+0000] {dagbag.py:587} INFO - Filling up the DagBag from /home/ubuntu/airflow_snow/lib/python3.12/site-packages/airflow/example_dags/example_bash_decorator.py
[2024-09-01T04:37:53.354+0000] {processor.py:925} INFO - DAG(s) 'example_bash_decorator' retrieved from /home/ubuntu/airflow_snow/lib/python3.12/site-packages/airflow/example_dags/example_bash_decorator.py
[2024-09-01T04:37:53.370+0000] {logging_mixin.py:190} INFO - [2024-09-01T04:37:53.370+0000] {dag.py:3211} INFO - Sync 1 DAGs
[2024-09-01T04:37:53.381+0000] {logging_mixin.py:190} INFO - [2024-09-01T04:37:53.381+0000] {dag.py:4138} INFO - Setting next_dagrun for example_bash_decorator to None, run_after=None
[2024-09-01T04:37:53.404+0000] {processor.py:208} INFO - Processing /home/ubuntu/airflow_snow/lib/python3.12/site-packages/airflow/example_dags/example_bash_decorator.py took 0.073 seconds
[2024-09-01T04:39:09.750+0000] {processor.py:186} INFO - Started process (PID=2804) to work on /home/ubuntu/airflow_snow/lib/python3.12/site-packages/airflow/example_dags/example_bash_decorator.py
[2024-09-01T04:39:09.753+0000] {processor.py:914} INFO - Processing file /home/ubuntu/airflow_snow/lib/python3.12/site-packages/airflow/example_dags/example_bash_decorator.py for tasks to queue
[2024-09-01T04:39:09.755+0000] {logging_mixin.py:190} INFO - [2024-09-01T04:39:09.755+0000] {dagbag.py:587} INFO - Filling up the DagBag from /home/ubuntu/airflow_snow/lib/python3.12/site-packages/airflow/example_dags/example_bash_decorator.py
[2024-09-01T04:39:09.767+0000] {processor.py:925} INFO - DAG(s) 'example_bash_decorator' retrieved from /home/ubuntu/airflow_snow/lib/python3.12/site-packages/airflow/example_dags/example_bash_decorator.py
[2024-09-01T04:39:09.786+0000] {logging_mixin.py:190} INFO - [2024-09-01T04:39:09.785+0000] {dag.py:3211} INFO - Sync 1 DAGs
[2024-09-01T04:39:09.797+0000] {logging_mixin.py:190} INFO - [2024-09-01T04:39:09.796+0000] {dag.py:4138} INFO - Setting next_dagrun for example_bash_decorator to None, run_after=None
[2024-09-01T04:39:09.818+0000] {processor.py:208} INFO - Processing /home/ubuntu/airflow_snow/lib/python3.12/site-packages/airflow/example_dags/example_bash_decorator.py took 0.073 seconds
[2024-09-01T04:40:26.649+0000] {processor.py:186} INFO - Started process (PID=2883) to work on /home/ubuntu/airflow_snow/lib/python3.12/site-packages/airflow/example_dags/example_bash_decorator.py
[2024-09-01T04:40:26.650+0000] {processor.py:914} INFO - Processing file /home/ubuntu/airflow_snow/lib/python3.12/site-packages/airflow/example_dags/example_bash_decorator.py for tasks to queue
[2024-09-01T04:40:26.653+0000] {logging_mixin.py:190} INFO - [2024-09-01T04:40:26.652+0000] {dagbag.py:587} INFO - Filling up the DagBag from /home/ubuntu/airflow_snow/lib/python3.12/site-packages/airflow/example_dags/example_bash_decorator.py
[2024-09-01T04:40:26.667+0000] {processor.py:925} INFO - DAG(s) 'example_bash_decorator' retrieved from /home/ubuntu/airflow_snow/lib/python3.12/site-packages/airflow/example_dags/example_bash_decorator.py
[2024-09-01T04:40:26.683+0000] {logging_mixin.py:190} INFO - [2024-09-01T04:40:26.683+0000] {dag.py:3211} INFO - Sync 1 DAGs
[2024-09-01T04:40:26.695+0000] {logging_mixin.py:190} INFO - [2024-09-01T04:40:26.695+0000] {dag.py:4138} INFO - Setting next_dagrun for example_bash_decorator to None, run_after=None
[2024-09-01T04:40:26.719+0000] {processor.py:208} INFO - Processing /home/ubuntu/airflow_snow/lib/python3.12/site-packages/airflow/example_dags/example_bash_decorator.py took 0.076 seconds
[2024-09-01T04:41:43.999+0000] {processor.py:186} INFO - Started process (PID=2966) to work on /home/ubuntu/airflow_snow/lib/python3.12/site-packages/airflow/example_dags/example_bash_decorator.py
[2024-09-01T04:41:44.001+0000] {processor.py:914} INFO - Processing file /home/ubuntu/airflow_snow/lib/python3.12/site-packages/airflow/example_dags/example_bash_decorator.py for tasks to queue
[2024-09-01T04:41:44.003+0000] {logging_mixin.py:190} INFO - [2024-09-01T04:41:44.002+0000] {dagbag.py:587} INFO - Filling up the DagBag from /home/ubuntu/airflow_snow/lib/python3.12/site-packages/airflow/example_dags/example_bash_decorator.py
[2024-09-01T04:41:44.015+0000] {processor.py:925} INFO - DAG(s) 'example_bash_decorator' retrieved from /home/ubuntu/airflow_snow/lib/python3.12/site-packages/airflow/example_dags/example_bash_decorator.py
[2024-09-01T04:41:44.034+0000] {logging_mixin.py:190} INFO - [2024-09-01T04:41:44.034+0000] {dag.py:3211} INFO - Sync 1 DAGs
[2024-09-01T04:41:44.045+0000] {logging_mixin.py:190} INFO - [2024-09-01T04:41:44.045+0000] {dag.py:4138} INFO - Setting next_dagrun for example_bash_decorator to None, run_after=None
[2024-09-01T04:41:44.067+0000] {processor.py:208} INFO - Processing /home/ubuntu/airflow_snow/lib/python3.12/site-packages/airflow/example_dags/example_bash_decorator.py took 0.073 seconds
[2024-09-01T04:42:59.063+0000] {processor.py:186} INFO - Started process (PID=3042) to work on /home/ubuntu/airflow_snow/lib/python3.12/site-packages/airflow/example_dags/example_bash_decorator.py
[2024-09-01T04:42:59.065+0000] {processor.py:914} INFO - Processing file /home/ubuntu/airflow_snow/lib/python3.12/site-packages/airflow/example_dags/example_bash_decorator.py for tasks to queue
[2024-09-01T04:42:59.067+0000] {logging_mixin.py:190} INFO - [2024-09-01T04:42:59.067+0000] {dagbag.py:587} INFO - Filling up the DagBag from /home/ubuntu/airflow_snow/lib/python3.12/site-packages/airflow/example_dags/example_bash_decorator.py
[2024-09-01T04:42:59.081+0000] {processor.py:925} INFO - DAG(s) 'example_bash_decorator' retrieved from /home/ubuntu/airflow_snow/lib/python3.12/site-packages/airflow/example_dags/example_bash_decorator.py
[2024-09-01T04:42:59.098+0000] {logging_mixin.py:190} INFO - [2024-09-01T04:42:59.098+0000] {dag.py:3211} INFO - Sync 1 DAGs
[2024-09-01T04:42:59.110+0000] {logging_mixin.py:190} INFO - [2024-09-01T04:42:59.109+0000] {dag.py:4138} INFO - Setting next_dagrun for example_bash_decorator to None, run_after=None
[2024-09-01T04:42:59.130+0000] {processor.py:208} INFO - Processing /home/ubuntu/airflow_snow/lib/python3.12/site-packages/airflow/example_dags/example_bash_decorator.py took 0.072 seconds
[2024-09-01T04:44:13.527+0000] {processor.py:186} INFO - Started process (PID=3118) to work on /home/ubuntu/airflow_snow/lib/python3.12/site-packages/airflow/example_dags/example_bash_decorator.py
[2024-09-01T04:44:13.529+0000] {processor.py:914} INFO - Processing file /home/ubuntu/airflow_snow/lib/python3.12/site-packages/airflow/example_dags/example_bash_decorator.py for tasks to queue
[2024-09-01T04:44:13.530+0000] {logging_mixin.py:190} INFO - [2024-09-01T04:44:13.530+0000] {dagbag.py:587} INFO - Filling up the DagBag from /home/ubuntu/airflow_snow/lib/python3.12/site-packages/airflow/example_dags/example_bash_decorator.py
[2024-09-01T04:44:13.543+0000] {processor.py:925} INFO - DAG(s) 'example_bash_decorator' retrieved from /home/ubuntu/airflow_snow/lib/python3.12/site-packages/airflow/example_dags/example_bash_decorator.py
[2024-09-01T04:44:13.561+0000] {logging_mixin.py:190} INFO - [2024-09-01T04:44:13.561+0000] {dag.py:3211} INFO - Sync 1 DAGs
[2024-09-01T04:44:13.571+0000] {logging_mixin.py:190} INFO - [2024-09-01T04:44:13.571+0000] {dag.py:4138} INFO - Setting next_dagrun for example_bash_decorator to None, run_after=None
[2024-09-01T04:44:13.593+0000] {processor.py:208} INFO - Processing /home/ubuntu/airflow_snow/lib/python3.12/site-packages/airflow/example_dags/example_bash_decorator.py took 0.071 seconds
[2024-09-01T04:45:25.371+0000] {processor.py:186} INFO - Started process (PID=3202) to work on /home/ubuntu/airflow_snow/lib/python3.12/site-packages/airflow/example_dags/example_bash_decorator.py
[2024-09-01T04:45:25.373+0000] {processor.py:914} INFO - Processing file /home/ubuntu/airflow_snow/lib/python3.12/site-packages/airflow/example_dags/example_bash_decorator.py for tasks to queue
[2024-09-01T04:45:25.374+0000] {logging_mixin.py:190} INFO - [2024-09-01T04:45:25.374+0000] {dagbag.py:587} INFO - Filling up the DagBag from /home/ubuntu/airflow_snow/lib/python3.12/site-packages/airflow/example_dags/example_bash_decorator.py
[2024-09-01T04:45:25.390+0000] {processor.py:925} INFO - DAG(s) 'example_bash_decorator' retrieved from /home/ubuntu/airflow_snow/lib/python3.12/site-packages/airflow/example_dags/example_bash_decorator.py
[2024-09-01T04:45:25.406+0000] {logging_mixin.py:190} INFO - [2024-09-01T04:45:25.406+0000] {dag.py:3211} INFO - Sync 1 DAGs
[2024-09-01T04:45:25.418+0000] {logging_mixin.py:190} INFO - [2024-09-01T04:45:25.417+0000] {dag.py:4138} INFO - Setting next_dagrun for example_bash_decorator to None, run_after=None
[2024-09-01T04:45:25.438+0000] {processor.py:208} INFO - Processing /home/ubuntu/airflow_snow/lib/python3.12/site-packages/airflow/example_dags/example_bash_decorator.py took 0.073 seconds
[2024-09-01T04:46:36.181+0000] {processor.py:186} INFO - Started process (PID=3277) to work on /home/ubuntu/airflow_snow/lib/python3.12/site-packages/airflow/example_dags/example_bash_decorator.py
[2024-09-01T04:46:36.183+0000] {processor.py:914} INFO - Processing file /home/ubuntu/airflow_snow/lib/python3.12/site-packages/airflow/example_dags/example_bash_decorator.py for tasks to queue
[2024-09-01T04:46:36.186+0000] {logging_mixin.py:190} INFO - [2024-09-01T04:46:36.186+0000] {dagbag.py:587} INFO - Filling up the DagBag from /home/ubuntu/airflow_snow/lib/python3.12/site-packages/airflow/example_dags/example_bash_decorator.py
[2024-09-01T04:46:36.199+0000] {processor.py:925} INFO - DAG(s) 'example_bash_decorator' retrieved from /home/ubuntu/airflow_snow/lib/python3.12/site-packages/airflow/example_dags/example_bash_decorator.py
[2024-09-01T04:46:36.217+0000] {logging_mixin.py:190} INFO - [2024-09-01T04:46:36.217+0000] {dag.py:3211} INFO - Sync 1 DAGs
[2024-09-01T04:46:36.227+0000] {logging_mixin.py:190} INFO - [2024-09-01T04:46:36.227+0000] {dag.py:4138} INFO - Setting next_dagrun for example_bash_decorator to None, run_after=None
[2024-09-01T04:46:36.250+0000] {processor.py:208} INFO - Processing /home/ubuntu/airflow_snow/lib/python3.12/site-packages/airflow/example_dags/example_bash_decorator.py took 0.074 seconds
[2024-09-01T04:47:48.453+0000] {processor.py:186} INFO - Started process (PID=3352) to work on /home/ubuntu/airflow_snow/lib/python3.12/site-packages/airflow/example_dags/example_bash_decorator.py
[2024-09-01T04:47:48.455+0000] {processor.py:914} INFO - Processing file /home/ubuntu/airflow_snow/lib/python3.12/site-packages/airflow/example_dags/example_bash_decorator.py for tasks to queue
[2024-09-01T04:47:48.458+0000] {logging_mixin.py:190} INFO - [2024-09-01T04:47:48.458+0000] {dagbag.py:587} INFO - Filling up the DagBag from /home/ubuntu/airflow_snow/lib/python3.12/site-packages/airflow/example_dags/example_bash_decorator.py
[2024-09-01T04:47:48.471+0000] {processor.py:925} INFO - DAG(s) 'example_bash_decorator' retrieved from /home/ubuntu/airflow_snow/lib/python3.12/site-packages/airflow/example_dags/example_bash_decorator.py
[2024-09-01T04:47:48.489+0000] {logging_mixin.py:190} INFO - [2024-09-01T04:47:48.489+0000] {dag.py:3211} INFO - Sync 1 DAGs
[2024-09-01T04:47:48.501+0000] {logging_mixin.py:190} INFO - [2024-09-01T04:47:48.500+0000] {dag.py:4138} INFO - Setting next_dagrun for example_bash_decorator to None, run_after=None
[2024-09-01T04:47:48.521+0000] {processor.py:208} INFO - Processing /home/ubuntu/airflow_snow/lib/python3.12/site-packages/airflow/example_dags/example_bash_decorator.py took 0.074 seconds
[2024-09-01T04:49:01.360+0000] {processor.py:186} INFO - Started process (PID=3427) to work on /home/ubuntu/airflow_snow/lib/python3.12/site-packages/airflow/example_dags/example_bash_decorator.py
[2024-09-01T04:49:01.362+0000] {processor.py:914} INFO - Processing file /home/ubuntu/airflow_snow/lib/python3.12/site-packages/airflow/example_dags/example_bash_decorator.py for tasks to queue
[2024-09-01T04:49:01.365+0000] {logging_mixin.py:190} INFO - [2024-09-01T04:49:01.364+0000] {dagbag.py:587} INFO - Filling up the DagBag from /home/ubuntu/airflow_snow/lib/python3.12/site-packages/airflow/example_dags/example_bash_decorator.py
[2024-09-01T04:49:01.378+0000] {processor.py:925} INFO - DAG(s) 'example_bash_decorator' retrieved from /home/ubuntu/airflow_snow/lib/python3.12/site-packages/airflow/example_dags/example_bash_decorator.py
[2024-09-01T04:49:01.395+0000] {logging_mixin.py:190} INFO - [2024-09-01T04:49:01.395+0000] {dag.py:3211} INFO - Sync 1 DAGs
[2024-09-01T04:49:01.406+0000] {logging_mixin.py:190} INFO - [2024-09-01T04:49:01.406+0000] {dag.py:4138} INFO - Setting next_dagrun for example_bash_decorator to None, run_after=None
[2024-09-01T04:49:01.431+0000] {processor.py:208} INFO - Processing /home/ubuntu/airflow_snow/lib/python3.12/site-packages/airflow/example_dags/example_bash_decorator.py took 0.076 seconds
[2024-09-01T04:50:11.243+0000] {processor.py:186} INFO - Started process (PID=3501) to work on /home/ubuntu/airflow_snow/lib/python3.12/site-packages/airflow/example_dags/example_bash_decorator.py
[2024-09-01T04:50:11.245+0000] {processor.py:914} INFO - Processing file /home/ubuntu/airflow_snow/lib/python3.12/site-packages/airflow/example_dags/example_bash_decorator.py for tasks to queue
[2024-09-01T04:50:11.247+0000] {logging_mixin.py:190} INFO - [2024-09-01T04:50:11.246+0000] {dagbag.py:587} INFO - Filling up the DagBag from /home/ubuntu/airflow_snow/lib/python3.12/site-packages/airflow/example_dags/example_bash_decorator.py
[2024-09-01T04:50:11.261+0000] {processor.py:925} INFO - DAG(s) 'example_bash_decorator' retrieved from /home/ubuntu/airflow_snow/lib/python3.12/site-packages/airflow/example_dags/example_bash_decorator.py
[2024-09-01T04:50:11.279+0000] {logging_mixin.py:190} INFO - [2024-09-01T04:50:11.279+0000] {dag.py:3211} INFO - Sync 1 DAGs
[2024-09-01T04:50:11.290+0000] {logging_mixin.py:190} INFO - [2024-09-01T04:50:11.289+0000] {dag.py:4138} INFO - Setting next_dagrun for example_bash_decorator to None, run_after=None
[2024-09-01T04:50:11.314+0000] {processor.py:208} INFO - Processing /home/ubuntu/airflow_snow/lib/python3.12/site-packages/airflow/example_dags/example_bash_decorator.py took 0.077 seconds
[2024-09-01T04:51:21.509+0000] {processor.py:186} INFO - Started process (PID=3579) to work on /home/ubuntu/airflow_snow/lib/python3.12/site-packages/airflow/example_dags/example_bash_decorator.py
[2024-09-01T04:51:21.512+0000] {processor.py:914} INFO - Processing file /home/ubuntu/airflow_snow/lib/python3.12/site-packages/airflow/example_dags/example_bash_decorator.py for tasks to queue
[2024-09-01T04:51:21.514+0000] {logging_mixin.py:190} INFO - [2024-09-01T04:51:21.514+0000] {dagbag.py:587} INFO - Filling up the DagBag from /home/ubuntu/airflow_snow/lib/python3.12/site-packages/airflow/example_dags/example_bash_decorator.py
[2024-09-01T04:51:21.528+0000] {processor.py:925} INFO - DAG(s) 'example_bash_decorator' retrieved from /home/ubuntu/airflow_snow/lib/python3.12/site-packages/airflow/example_dags/example_bash_decorator.py
[2024-09-01T04:51:21.544+0000] {logging_mixin.py:190} INFO - [2024-09-01T04:51:21.544+0000] {dag.py:3211} INFO - Sync 1 DAGs
[2024-09-01T04:51:21.555+0000] {logging_mixin.py:190} INFO - [2024-09-01T04:51:21.555+0000] {dag.py:4138} INFO - Setting next_dagrun for example_bash_decorator to None, run_after=None
[2024-09-01T04:51:21.579+0000] {processor.py:208} INFO - Processing /home/ubuntu/airflow_snow/lib/python3.12/site-packages/airflow/example_dags/example_bash_decorator.py took 0.074 seconds
[2024-09-01T04:52:35.347+0000] {processor.py:186} INFO - Started process (PID=3656) to work on /home/ubuntu/airflow_snow/lib/python3.12/site-packages/airflow/example_dags/example_bash_decorator.py
[2024-09-01T04:52:35.349+0000] {processor.py:914} INFO - Processing file /home/ubuntu/airflow_snow/lib/python3.12/site-packages/airflow/example_dags/example_bash_decorator.py for tasks to queue
[2024-09-01T04:52:35.352+0000] {logging_mixin.py:190} INFO - [2024-09-01T04:52:35.351+0000] {dagbag.py:587} INFO - Filling up the DagBag from /home/ubuntu/airflow_snow/lib/python3.12/site-packages/airflow/example_dags/example_bash_decorator.py
[2024-09-01T04:52:35.366+0000] {processor.py:925} INFO - DAG(s) 'example_bash_decorator' retrieved from /home/ubuntu/airflow_snow/lib/python3.12/site-packages/airflow/example_dags/example_bash_decorator.py
[2024-09-01T04:52:35.383+0000] {logging_mixin.py:190} INFO - [2024-09-01T04:52:35.382+0000] {dag.py:3211} INFO - Sync 1 DAGs
[2024-09-01T04:52:35.393+0000] {logging_mixin.py:190} INFO - [2024-09-01T04:52:35.393+0000] {dag.py:4138} INFO - Setting next_dagrun for example_bash_decorator to None, run_after=None
[2024-09-01T04:52:35.415+0000] {processor.py:208} INFO - Processing /home/ubuntu/airflow_snow/lib/python3.12/site-packages/airflow/example_dags/example_bash_decorator.py took 0.073 seconds
