[2024-09-01T04:29:05.023+0000] {processor.py:186} INFO - Started process (PID=2180) to work on /home/ubuntu/airflow_snow/lib/python3.12/site-packages/airflow/example_dags/example_params_trigger_ui.py
[2024-09-01T04:29:05.024+0000] {processor.py:914} INFO - Processing file /home/ubuntu/airflow_snow/lib/python3.12/site-packages/airflow/example_dags/example_params_trigger_ui.py for tasks to queue
[2024-09-01T04:29:05.026+0000] {logging_mixin.py:190} INFO - [2024-09-01T04:29:05.025+0000] {dagbag.py:587} INFO - Filling up the DagBag from /home/ubuntu/airflow_snow/lib/python3.12/site-packages/airflow/example_dags/example_params_trigger_ui.py
[2024-09-01T04:29:05.038+0000] {processor.py:925} INFO - DAG(s) 'example_params_trigger_ui' retrieved from /home/ubuntu/airflow_snow/lib/python3.12/site-packages/airflow/example_dags/example_params_trigger_ui.py
[2024-09-01T04:29:05.164+0000] {logging_mixin.py:190} INFO - [2024-09-01T04:29:05.163+0000] {override.py:1900} INFO - Created Permission View: can delete on DAG:example_params_trigger_ui
[2024-09-01T04:29:05.179+0000] {logging_mixin.py:190} INFO - [2024-09-01T04:29:05.179+0000] {override.py:1900} INFO - Created Permission View: can read on DAG:example_params_trigger_ui
[2024-09-01T04:29:05.190+0000] {logging_mixin.py:190} INFO - [2024-09-01T04:29:05.190+0000] {override.py:1900} INFO - Created Permission View: can edit on DAG:example_params_trigger_ui
[2024-09-01T04:29:05.210+0000] {logging_mixin.py:190} INFO - [2024-09-01T04:29:05.210+0000] {override.py:1900} INFO - Created Permission View: menu access on DAG Run:example_params_trigger_ui
[2024-09-01T04:29:05.221+0000] {logging_mixin.py:190} INFO - [2024-09-01T04:29:05.220+0000] {override.py:1900} INFO - Created Permission View: can create on DAG Run:example_params_trigger_ui
[2024-09-01T04:29:05.232+0000] {logging_mixin.py:190} INFO - [2024-09-01T04:29:05.232+0000] {override.py:1900} INFO - Created Permission View: can read on DAG Run:example_params_trigger_ui
[2024-09-01T04:29:05.243+0000] {logging_mixin.py:190} INFO - [2024-09-01T04:29:05.242+0000] {override.py:1900} INFO - Created Permission View: can delete on DAG Run:example_params_trigger_ui
[2024-09-01T04:29:05.243+0000] {logging_mixin.py:190} INFO - [2024-09-01T04:29:05.243+0000] {dag.py:3211} INFO - Sync 1 DAGs
[2024-09-01T04:29:05.251+0000] {logging_mixin.py:190} INFO - [2024-09-01T04:29:05.251+0000] {dag.py:3234} INFO - Creating ORM DAG for example_params_trigger_ui
[2024-09-01T04:29:05.251+0000] {logging_mixin.py:190} INFO - [2024-09-01T04:29:05.251+0000] {dag.py:4138} INFO - Setting next_dagrun for example_params_trigger_ui to None, run_after=None
[2024-09-01T04:29:05.271+0000] {processor.py:208} INFO - Processing /home/ubuntu/airflow_snow/lib/python3.12/site-packages/airflow/example_dags/example_params_trigger_ui.py took 0.253 seconds
[2024-09-01T04:30:05.778+0000] {processor.py:186} INFO - Started process (PID=2238) to work on /home/ubuntu/airflow_snow/lib/python3.12/site-packages/airflow/example_dags/example_params_trigger_ui.py
[2024-09-01T04:30:05.780+0000] {processor.py:914} INFO - Processing file /home/ubuntu/airflow_snow/lib/python3.12/site-packages/airflow/example_dags/example_params_trigger_ui.py for tasks to queue
[2024-09-01T04:30:05.782+0000] {logging_mixin.py:190} INFO - [2024-09-01T04:30:05.781+0000] {dagbag.py:587} INFO - Filling up the DagBag from /home/ubuntu/airflow_snow/lib/python3.12/site-packages/airflow/example_dags/example_params_trigger_ui.py
[2024-09-01T04:30:05.791+0000] {processor.py:925} INFO - DAG(s) 'example_params_trigger_ui' retrieved from /home/ubuntu/airflow_snow/lib/python3.12/site-packages/airflow/example_dags/example_params_trigger_ui.py
[2024-09-01T04:30:05.827+0000] {logging_mixin.py:190} INFO - [2024-09-01T04:30:05.827+0000] {dag.py:3211} INFO - Sync 1 DAGs
[2024-09-01T04:30:05.838+0000] {logging_mixin.py:190} INFO - [2024-09-01T04:30:05.838+0000] {dag.py:4138} INFO - Setting next_dagrun for example_params_trigger_ui to None, run_after=None
[2024-09-01T04:30:05.862+0000] {processor.py:208} INFO - Processing /home/ubuntu/airflow_snow/lib/python3.12/site-packages/airflow/example_dags/example_params_trigger_ui.py took 0.089 seconds
[2024-09-01T04:31:01.398+0000] {processor.py:186} INFO - Started process (PID=2299) to work on /home/ubuntu/airflow_snow/lib/python3.12/site-packages/airflow/example_dags/example_params_trigger_ui.py
[2024-09-01T04:31:01.400+0000] {processor.py:914} INFO - Processing file /home/ubuntu/airflow_snow/lib/python3.12/site-packages/airflow/example_dags/example_params_trigger_ui.py for tasks to queue
[2024-09-01T04:31:01.402+0000] {logging_mixin.py:190} INFO - [2024-09-01T04:31:01.402+0000] {dagbag.py:587} INFO - Filling up the DagBag from /home/ubuntu/airflow_snow/lib/python3.12/site-packages/airflow/example_dags/example_params_trigger_ui.py
[2024-09-01T04:31:01.412+0000] {processor.py:925} INFO - DAG(s) 'example_params_trigger_ui' retrieved from /home/ubuntu/airflow_snow/lib/python3.12/site-packages/airflow/example_dags/example_params_trigger_ui.py
[2024-09-01T04:31:01.448+0000] {logging_mixin.py:190} INFO - [2024-09-01T04:31:01.448+0000] {dag.py:3211} INFO - Sync 1 DAGs
[2024-09-01T04:31:01.460+0000] {logging_mixin.py:190} INFO - [2024-09-01T04:31:01.460+0000] {dag.py:4138} INFO - Setting next_dagrun for example_params_trigger_ui to None, run_after=None
[2024-09-01T04:31:01.486+0000] {processor.py:208} INFO - Processing /home/ubuntu/airflow_snow/lib/python3.12/site-packages/airflow/example_dags/example_params_trigger_ui.py took 0.094 seconds
[2024-09-01T04:31:54.346+0000] {processor.py:186} INFO - Started process (PID=2355) to work on /home/ubuntu/airflow_snow/lib/python3.12/site-packages/airflow/example_dags/example_params_trigger_ui.py
[2024-09-01T04:31:54.349+0000] {processor.py:914} INFO - Processing file /home/ubuntu/airflow_snow/lib/python3.12/site-packages/airflow/example_dags/example_params_trigger_ui.py for tasks to queue
[2024-09-01T04:31:54.350+0000] {logging_mixin.py:190} INFO - [2024-09-01T04:31:54.350+0000] {dagbag.py:587} INFO - Filling up the DagBag from /home/ubuntu/airflow_snow/lib/python3.12/site-packages/airflow/example_dags/example_params_trigger_ui.py
[2024-09-01T04:31:54.361+0000] {processor.py:925} INFO - DAG(s) 'example_params_trigger_ui' retrieved from /home/ubuntu/airflow_snow/lib/python3.12/site-packages/airflow/example_dags/example_params_trigger_ui.py
[2024-09-01T04:31:54.395+0000] {logging_mixin.py:190} INFO - [2024-09-01T04:31:54.395+0000] {dag.py:3211} INFO - Sync 1 DAGs
[2024-09-01T04:31:54.407+0000] {logging_mixin.py:190} INFO - [2024-09-01T04:31:54.407+0000] {dag.py:4138} INFO - Setting next_dagrun for example_params_trigger_ui to None, run_after=None
[2024-09-01T04:31:54.429+0000] {processor.py:208} INFO - Processing /home/ubuntu/airflow_snow/lib/python3.12/site-packages/airflow/example_dags/example_params_trigger_ui.py took 0.088 seconds
[2024-09-01T04:32:42.731+0000] {processor.py:186} INFO - Started process (PID=2406) to work on /home/ubuntu/airflow_snow/lib/python3.12/site-packages/airflow/example_dags/example_params_trigger_ui.py
[2024-09-01T04:32:42.733+0000] {processor.py:914} INFO - Processing file /home/ubuntu/airflow_snow/lib/python3.12/site-packages/airflow/example_dags/example_params_trigger_ui.py for tasks to queue
[2024-09-01T04:32:42.735+0000] {logging_mixin.py:190} INFO - [2024-09-01T04:32:42.734+0000] {dagbag.py:587} INFO - Filling up the DagBag from /home/ubuntu/airflow_snow/lib/python3.12/site-packages/airflow/example_dags/example_params_trigger_ui.py
[2024-09-01T04:32:42.744+0000] {processor.py:925} INFO - DAG(s) 'example_params_trigger_ui' retrieved from /home/ubuntu/airflow_snow/lib/python3.12/site-packages/airflow/example_dags/example_params_trigger_ui.py
[2024-09-01T04:32:42.779+0000] {logging_mixin.py:190} INFO - [2024-09-01T04:32:42.779+0000] {dag.py:3211} INFO - Sync 1 DAGs
[2024-09-01T04:32:42.791+0000] {logging_mixin.py:190} INFO - [2024-09-01T04:32:42.791+0000] {dag.py:4138} INFO - Setting next_dagrun for example_params_trigger_ui to None, run_after=None
[2024-09-01T04:32:42.811+0000] {processor.py:208} INFO - Processing /home/ubuntu/airflow_snow/lib/python3.12/site-packages/airflow/example_dags/example_params_trigger_ui.py took 0.085 seconds
[2024-09-01T04:33:32.972+0000] {processor.py:186} INFO - Started process (PID=2456) to work on /home/ubuntu/airflow_snow/lib/python3.12/site-packages/airflow/example_dags/example_params_trigger_ui.py
[2024-09-01T04:33:32.973+0000] {processor.py:914} INFO - Processing file /home/ubuntu/airflow_snow/lib/python3.12/site-packages/airflow/example_dags/example_params_trigger_ui.py for tasks to queue
[2024-09-01T04:33:32.975+0000] {logging_mixin.py:190} INFO - [2024-09-01T04:33:32.975+0000] {dagbag.py:587} INFO - Filling up the DagBag from /home/ubuntu/airflow_snow/lib/python3.12/site-packages/airflow/example_dags/example_params_trigger_ui.py
[2024-09-01T04:33:32.986+0000] {processor.py:925} INFO - DAG(s) 'example_params_trigger_ui' retrieved from /home/ubuntu/airflow_snow/lib/python3.12/site-packages/airflow/example_dags/example_params_trigger_ui.py
[2024-09-01T04:33:33.020+0000] {logging_mixin.py:190} INFO - [2024-09-01T04:33:33.019+0000] {dag.py:3211} INFO - Sync 1 DAGs
[2024-09-01T04:33:33.032+0000] {logging_mixin.py:190} INFO - [2024-09-01T04:33:33.031+0000] {dag.py:4138} INFO - Setting next_dagrun for example_params_trigger_ui to None, run_after=None
[2024-09-01T04:33:33.052+0000] {processor.py:208} INFO - Processing /home/ubuntu/airflow_snow/lib/python3.12/site-packages/airflow/example_dags/example_params_trigger_ui.py took 0.086 seconds
[2024-09-01T04:34:23.343+0000] {processor.py:186} INFO - Started process (PID=2510) to work on /home/ubuntu/airflow_snow/lib/python3.12/site-packages/airflow/example_dags/example_params_trigger_ui.py
[2024-09-01T04:34:23.346+0000] {processor.py:914} INFO - Processing file /home/ubuntu/airflow_snow/lib/python3.12/site-packages/airflow/example_dags/example_params_trigger_ui.py for tasks to queue
[2024-09-01T04:34:23.347+0000] {logging_mixin.py:190} INFO - [2024-09-01T04:34:23.347+0000] {dagbag.py:587} INFO - Filling up the DagBag from /home/ubuntu/airflow_snow/lib/python3.12/site-packages/airflow/example_dags/example_params_trigger_ui.py
[2024-09-01T04:34:23.358+0000] {processor.py:925} INFO - DAG(s) 'example_params_trigger_ui' retrieved from /home/ubuntu/airflow_snow/lib/python3.12/site-packages/airflow/example_dags/example_params_trigger_ui.py
[2024-09-01T04:34:23.390+0000] {logging_mixin.py:190} INFO - [2024-09-01T04:34:23.390+0000] {dag.py:3211} INFO - Sync 1 DAGs
[2024-09-01T04:34:23.402+0000] {logging_mixin.py:190} INFO - [2024-09-01T04:34:23.402+0000] {dag.py:4138} INFO - Setting next_dagrun for example_params_trigger_ui to None, run_after=None
[2024-09-01T04:34:23.425+0000] {processor.py:208} INFO - Processing /home/ubuntu/airflow_snow/lib/python3.12/site-packages/airflow/example_dags/example_params_trigger_ui.py took 0.087 seconds
[2024-09-01T04:35:12.786+0000] {processor.py:186} INFO - Started process (PID=2565) to work on /home/ubuntu/airflow_snow/lib/python3.12/site-packages/airflow/example_dags/example_params_trigger_ui.py
[2024-09-01T04:35:12.788+0000] {processor.py:914} INFO - Processing file /home/ubuntu/airflow_snow/lib/python3.12/site-packages/airflow/example_dags/example_params_trigger_ui.py for tasks to queue
[2024-09-01T04:35:12.790+0000] {logging_mixin.py:190} INFO - [2024-09-01T04:35:12.790+0000] {dagbag.py:587} INFO - Filling up the DagBag from /home/ubuntu/airflow_snow/lib/python3.12/site-packages/airflow/example_dags/example_params_trigger_ui.py
[2024-09-01T04:35:12.801+0000] {processor.py:925} INFO - DAG(s) 'example_params_trigger_ui' retrieved from /home/ubuntu/airflow_snow/lib/python3.12/site-packages/airflow/example_dags/example_params_trigger_ui.py
[2024-09-01T04:35:12.834+0000] {logging_mixin.py:190} INFO - [2024-09-01T04:35:12.834+0000] {dag.py:3211} INFO - Sync 1 DAGs
[2024-09-01T04:35:12.844+0000] {logging_mixin.py:190} INFO - [2024-09-01T04:35:12.844+0000] {dag.py:4138} INFO - Setting next_dagrun for example_params_trigger_ui to None, run_after=None
[2024-09-01T04:35:12.865+0000] {processor.py:208} INFO - Processing /home/ubuntu/airflow_snow/lib/python3.12/site-packages/airflow/example_dags/example_params_trigger_ui.py took 0.084 seconds
[2024-09-01T04:36:01.298+0000] {processor.py:186} INFO - Started process (PID=2614) to work on /home/ubuntu/airflow_snow/lib/python3.12/site-packages/airflow/example_dags/example_params_trigger_ui.py
[2024-09-01T04:36:01.300+0000] {processor.py:914} INFO - Processing file /home/ubuntu/airflow_snow/lib/python3.12/site-packages/airflow/example_dags/example_params_trigger_ui.py for tasks to queue
[2024-09-01T04:36:01.302+0000] {logging_mixin.py:190} INFO - [2024-09-01T04:36:01.302+0000] {dagbag.py:587} INFO - Filling up the DagBag from /home/ubuntu/airflow_snow/lib/python3.12/site-packages/airflow/example_dags/example_params_trigger_ui.py
[2024-09-01T04:36:01.313+0000] {processor.py:925} INFO - DAG(s) 'example_params_trigger_ui' retrieved from /home/ubuntu/airflow_snow/lib/python3.12/site-packages/airflow/example_dags/example_params_trigger_ui.py
[2024-09-01T04:36:01.345+0000] {logging_mixin.py:190} INFO - [2024-09-01T04:36:01.345+0000] {dag.py:3211} INFO - Sync 1 DAGs
[2024-09-01T04:36:01.357+0000] {logging_mixin.py:190} INFO - [2024-09-01T04:36:01.357+0000] {dag.py:4138} INFO - Setting next_dagrun for example_params_trigger_ui to None, run_after=None
[2024-09-01T04:36:01.380+0000] {processor.py:208} INFO - Processing /home/ubuntu/airflow_snow/lib/python3.12/site-packages/airflow/example_dags/example_params_trigger_ui.py took 0.087 seconds
[2024-09-01T04:36:53.594+0000] {processor.py:186} INFO - Started process (PID=2667) to work on /home/ubuntu/airflow_snow/lib/python3.12/site-packages/airflow/example_dags/example_params_trigger_ui.py
[2024-09-01T04:36:53.596+0000] {processor.py:914} INFO - Processing file /home/ubuntu/airflow_snow/lib/python3.12/site-packages/airflow/example_dags/example_params_trigger_ui.py for tasks to queue
[2024-09-01T04:36:53.598+0000] {logging_mixin.py:190} INFO - [2024-09-01T04:36:53.598+0000] {dagbag.py:587} INFO - Filling up the DagBag from /home/ubuntu/airflow_snow/lib/python3.12/site-packages/airflow/example_dags/example_params_trigger_ui.py
[2024-09-01T04:36:53.609+0000] {processor.py:925} INFO - DAG(s) 'example_params_trigger_ui' retrieved from /home/ubuntu/airflow_snow/lib/python3.12/site-packages/airflow/example_dags/example_params_trigger_ui.py
[2024-09-01T04:36:53.642+0000] {logging_mixin.py:190} INFO - [2024-09-01T04:36:53.642+0000] {dag.py:3211} INFO - Sync 1 DAGs
[2024-09-01T04:36:53.653+0000] {logging_mixin.py:190} INFO - [2024-09-01T04:36:53.653+0000] {dag.py:4138} INFO - Setting next_dagrun for example_params_trigger_ui to None, run_after=None
[2024-09-01T04:36:53.675+0000] {processor.py:208} INFO - Processing /home/ubuntu/airflow_snow/lib/python3.12/site-packages/airflow/example_dags/example_params_trigger_ui.py took 0.085 seconds
[2024-09-01T04:37:45.915+0000] {processor.py:186} INFO - Started process (PID=2720) to work on /home/ubuntu/airflow_snow/lib/python3.12/site-packages/airflow/example_dags/example_params_trigger_ui.py
[2024-09-01T04:37:45.917+0000] {processor.py:914} INFO - Processing file /home/ubuntu/airflow_snow/lib/python3.12/site-packages/airflow/example_dags/example_params_trigger_ui.py for tasks to queue
[2024-09-01T04:37:45.919+0000] {logging_mixin.py:190} INFO - [2024-09-01T04:37:45.918+0000] {dagbag.py:587} INFO - Filling up the DagBag from /home/ubuntu/airflow_snow/lib/python3.12/site-packages/airflow/example_dags/example_params_trigger_ui.py
[2024-09-01T04:37:45.929+0000] {processor.py:925} INFO - DAG(s) 'example_params_trigger_ui' retrieved from /home/ubuntu/airflow_snow/lib/python3.12/site-packages/airflow/example_dags/example_params_trigger_ui.py
[2024-09-01T04:37:45.963+0000] {logging_mixin.py:190} INFO - [2024-09-01T04:37:45.962+0000] {dag.py:3211} INFO - Sync 1 DAGs
[2024-09-01T04:37:45.974+0000] {logging_mixin.py:190} INFO - [2024-09-01T04:37:45.974+0000] {dag.py:4138} INFO - Setting next_dagrun for example_params_trigger_ui to None, run_after=None
[2024-09-01T04:37:45.996+0000] {processor.py:208} INFO - Processing /home/ubuntu/airflow_snow/lib/python3.12/site-packages/airflow/example_dags/example_params_trigger_ui.py took 0.086 seconds
[2024-09-01T04:38:36.253+0000] {processor.py:186} INFO - Started process (PID=2771) to work on /home/ubuntu/airflow_snow/lib/python3.12/site-packages/airflow/example_dags/example_params_trigger_ui.py
[2024-09-01T04:38:36.255+0000] {processor.py:914} INFO - Processing file /home/ubuntu/airflow_snow/lib/python3.12/site-packages/airflow/example_dags/example_params_trigger_ui.py for tasks to queue
[2024-09-01T04:38:36.257+0000] {logging_mixin.py:190} INFO - [2024-09-01T04:38:36.257+0000] {dagbag.py:587} INFO - Filling up the DagBag from /home/ubuntu/airflow_snow/lib/python3.12/site-packages/airflow/example_dags/example_params_trigger_ui.py
[2024-09-01T04:38:36.269+0000] {processor.py:925} INFO - DAG(s) 'example_params_trigger_ui' retrieved from /home/ubuntu/airflow_snow/lib/python3.12/site-packages/airflow/example_dags/example_params_trigger_ui.py
[2024-09-01T04:38:36.303+0000] {logging_mixin.py:190} INFO - [2024-09-01T04:38:36.302+0000] {dag.py:3211} INFO - Sync 1 DAGs
[2024-09-01T04:38:36.314+0000] {logging_mixin.py:190} INFO - [2024-09-01T04:38:36.314+0000] {dag.py:4138} INFO - Setting next_dagrun for example_params_trigger_ui to None, run_after=None
[2024-09-01T04:38:36.337+0000] {processor.py:208} INFO - Processing /home/ubuntu/airflow_snow/lib/python3.12/site-packages/airflow/example_dags/example_params_trigger_ui.py took 0.088 seconds
[2024-09-01T04:39:27.178+0000] {processor.py:186} INFO - Started process (PID=2822) to work on /home/ubuntu/airflow_snow/lib/python3.12/site-packages/airflow/example_dags/example_params_trigger_ui.py
[2024-09-01T04:39:27.180+0000] {processor.py:914} INFO - Processing file /home/ubuntu/airflow_snow/lib/python3.12/site-packages/airflow/example_dags/example_params_trigger_ui.py for tasks to queue
[2024-09-01T04:39:27.182+0000] {logging_mixin.py:190} INFO - [2024-09-01T04:39:27.182+0000] {dagbag.py:587} INFO - Filling up the DagBag from /home/ubuntu/airflow_snow/lib/python3.12/site-packages/airflow/example_dags/example_params_trigger_ui.py
[2024-09-01T04:39:27.193+0000] {processor.py:925} INFO - DAG(s) 'example_params_trigger_ui' retrieved from /home/ubuntu/airflow_snow/lib/python3.12/site-packages/airflow/example_dags/example_params_trigger_ui.py
[2024-09-01T04:39:27.225+0000] {logging_mixin.py:190} INFO - [2024-09-01T04:39:27.225+0000] {dag.py:3211} INFO - Sync 1 DAGs
[2024-09-01T04:39:27.237+0000] {logging_mixin.py:190} INFO - [2024-09-01T04:39:27.237+0000] {dag.py:4138} INFO - Setting next_dagrun for example_params_trigger_ui to None, run_after=None
[2024-09-01T04:39:27.257+0000] {processor.py:208} INFO - Processing /home/ubuntu/airflow_snow/lib/python3.12/site-packages/airflow/example_dags/example_params_trigger_ui.py took 0.085 seconds
[2024-09-01T04:40:19.419+0000] {processor.py:186} INFO - Started process (PID=2876) to work on /home/ubuntu/airflow_snow/lib/python3.12/site-packages/airflow/example_dags/example_params_trigger_ui.py
[2024-09-01T04:40:19.421+0000] {processor.py:914} INFO - Processing file /home/ubuntu/airflow_snow/lib/python3.12/site-packages/airflow/example_dags/example_params_trigger_ui.py for tasks to queue
[2024-09-01T04:40:19.423+0000] {logging_mixin.py:190} INFO - [2024-09-01T04:40:19.423+0000] {dagbag.py:587} INFO - Filling up the DagBag from /home/ubuntu/airflow_snow/lib/python3.12/site-packages/airflow/example_dags/example_params_trigger_ui.py
[2024-09-01T04:40:19.434+0000] {processor.py:925} INFO - DAG(s) 'example_params_trigger_ui' retrieved from /home/ubuntu/airflow_snow/lib/python3.12/site-packages/airflow/example_dags/example_params_trigger_ui.py
[2024-09-01T04:40:19.467+0000] {logging_mixin.py:190} INFO - [2024-09-01T04:40:19.466+0000] {dag.py:3211} INFO - Sync 1 DAGs
[2024-09-01T04:40:19.479+0000] {logging_mixin.py:190} INFO - [2024-09-01T04:40:19.479+0000] {dag.py:4138} INFO - Setting next_dagrun for example_params_trigger_ui to None, run_after=None
[2024-09-01T04:40:19.504+0000] {processor.py:208} INFO - Processing /home/ubuntu/airflow_snow/lib/python3.12/site-packages/airflow/example_dags/example_params_trigger_ui.py took 0.090 seconds
[2024-09-01T04:41:10.826+0000] {processor.py:186} INFO - Started process (PID=2932) to work on /home/ubuntu/airflow_snow/lib/python3.12/site-packages/airflow/example_dags/example_params_trigger_ui.py
[2024-09-01T04:41:10.827+0000] {processor.py:914} INFO - Processing file /home/ubuntu/airflow_snow/lib/python3.12/site-packages/airflow/example_dags/example_params_trigger_ui.py for tasks to queue
[2024-09-01T04:41:10.830+0000] {logging_mixin.py:190} INFO - [2024-09-01T04:41:10.830+0000] {dagbag.py:587} INFO - Filling up the DagBag from /home/ubuntu/airflow_snow/lib/python3.12/site-packages/airflow/example_dags/example_params_trigger_ui.py
[2024-09-01T04:41:10.840+0000] {processor.py:925} INFO - DAG(s) 'example_params_trigger_ui' retrieved from /home/ubuntu/airflow_snow/lib/python3.12/site-packages/airflow/example_dags/example_params_trigger_ui.py
[2024-09-01T04:41:10.875+0000] {logging_mixin.py:190} INFO - [2024-09-01T04:41:10.875+0000] {dag.py:3211} INFO - Sync 1 DAGs
[2024-09-01T04:41:10.887+0000] {logging_mixin.py:190} INFO - [2024-09-01T04:41:10.887+0000] {dag.py:4138} INFO - Setting next_dagrun for example_params_trigger_ui to None, run_after=None
[2024-09-01T04:41:10.910+0000] {processor.py:208} INFO - Processing /home/ubuntu/airflow_snow/lib/python3.12/site-packages/airflow/example_dags/example_params_trigger_ui.py took 0.090 seconds
[2024-09-01T04:42:02.299+0000] {processor.py:186} INFO - Started process (PID=2984) to work on /home/ubuntu/airflow_snow/lib/python3.12/site-packages/airflow/example_dags/example_params_trigger_ui.py
[2024-09-01T04:42:02.302+0000] {processor.py:914} INFO - Processing file /home/ubuntu/airflow_snow/lib/python3.12/site-packages/airflow/example_dags/example_params_trigger_ui.py for tasks to queue
[2024-09-01T04:42:02.304+0000] {logging_mixin.py:190} INFO - [2024-09-01T04:42:02.304+0000] {dagbag.py:587} INFO - Filling up the DagBag from /home/ubuntu/airflow_snow/lib/python3.12/site-packages/airflow/example_dags/example_params_trigger_ui.py
[2024-09-01T04:42:02.314+0000] {processor.py:925} INFO - DAG(s) 'example_params_trigger_ui' retrieved from /home/ubuntu/airflow_snow/lib/python3.12/site-packages/airflow/example_dags/example_params_trigger_ui.py
[2024-09-01T04:42:02.350+0000] {logging_mixin.py:190} INFO - [2024-09-01T04:42:02.350+0000] {dag.py:3211} INFO - Sync 1 DAGs
[2024-09-01T04:42:02.362+0000] {logging_mixin.py:190} INFO - [2024-09-01T04:42:02.362+0000] {dag.py:4138} INFO - Setting next_dagrun for example_params_trigger_ui to None, run_after=None
[2024-09-01T04:42:02.386+0000] {processor.py:208} INFO - Processing /home/ubuntu/airflow_snow/lib/python3.12/site-packages/airflow/example_dags/example_params_trigger_ui.py took 0.091 seconds
[2024-09-01T04:42:52.900+0000] {processor.py:186} INFO - Started process (PID=3035) to work on /home/ubuntu/airflow_snow/lib/python3.12/site-packages/airflow/example_dags/example_params_trigger_ui.py
[2024-09-01T04:42:52.903+0000] {processor.py:914} INFO - Processing file /home/ubuntu/airflow_snow/lib/python3.12/site-packages/airflow/example_dags/example_params_trigger_ui.py for tasks to queue
[2024-09-01T04:42:52.906+0000] {logging_mixin.py:190} INFO - [2024-09-01T04:42:52.904+0000] {dagbag.py:587} INFO - Filling up the DagBag from /home/ubuntu/airflow_snow/lib/python3.12/site-packages/airflow/example_dags/example_params_trigger_ui.py
[2024-09-01T04:42:52.916+0000] {processor.py:925} INFO - DAG(s) 'example_params_trigger_ui' retrieved from /home/ubuntu/airflow_snow/lib/python3.12/site-packages/airflow/example_dags/example_params_trigger_ui.py
[2024-09-01T04:42:52.949+0000] {logging_mixin.py:190} INFO - [2024-09-01T04:42:52.949+0000] {dag.py:3211} INFO - Sync 1 DAGs
[2024-09-01T04:42:52.960+0000] {logging_mixin.py:190} INFO - [2024-09-01T04:42:52.960+0000] {dag.py:4138} INFO - Setting next_dagrun for example_params_trigger_ui to None, run_after=None
[2024-09-01T04:42:52.981+0000] {processor.py:208} INFO - Processing /home/ubuntu/airflow_snow/lib/python3.12/site-packages/airflow/example_dags/example_params_trigger_ui.py took 0.086 seconds
[2024-09-01T04:43:41.254+0000] {processor.py:186} INFO - Started process (PID=3086) to work on /home/ubuntu/airflow_snow/lib/python3.12/site-packages/airflow/example_dags/example_params_trigger_ui.py
[2024-09-01T04:43:41.257+0000] {processor.py:914} INFO - Processing file /home/ubuntu/airflow_snow/lib/python3.12/site-packages/airflow/example_dags/example_params_trigger_ui.py for tasks to queue
[2024-09-01T04:43:41.258+0000] {logging_mixin.py:190} INFO - [2024-09-01T04:43:41.258+0000] {dagbag.py:587} INFO - Filling up the DagBag from /home/ubuntu/airflow_snow/lib/python3.12/site-packages/airflow/example_dags/example_params_trigger_ui.py
[2024-09-01T04:43:41.269+0000] {processor.py:925} INFO - DAG(s) 'example_params_trigger_ui' retrieved from /home/ubuntu/airflow_snow/lib/python3.12/site-packages/airflow/example_dags/example_params_trigger_ui.py
[2024-09-01T04:43:41.302+0000] {logging_mixin.py:190} INFO - [2024-09-01T04:43:41.302+0000] {dag.py:3211} INFO - Sync 1 DAGs
[2024-09-01T04:43:41.313+0000] {logging_mixin.py:190} INFO - [2024-09-01T04:43:41.313+0000] {dag.py:4138} INFO - Setting next_dagrun for example_params_trigger_ui to None, run_after=None
[2024-09-01T04:43:41.339+0000] {processor.py:208} INFO - Processing /home/ubuntu/airflow_snow/lib/python3.12/site-packages/airflow/example_dags/example_params_trigger_ui.py took 0.090 seconds
[2024-09-01T04:44:29.808+0000] {processor.py:186} INFO - Started process (PID=3139) to work on /home/ubuntu/airflow_snow/lib/python3.12/site-packages/airflow/example_dags/example_params_trigger_ui.py
[2024-09-01T04:44:29.811+0000] {processor.py:914} INFO - Processing file /home/ubuntu/airflow_snow/lib/python3.12/site-packages/airflow/example_dags/example_params_trigger_ui.py for tasks to queue
[2024-09-01T04:44:29.812+0000] {logging_mixin.py:190} INFO - [2024-09-01T04:44:29.812+0000] {dagbag.py:587} INFO - Filling up the DagBag from /home/ubuntu/airflow_snow/lib/python3.12/site-packages/airflow/example_dags/example_params_trigger_ui.py
[2024-09-01T04:44:29.823+0000] {processor.py:925} INFO - DAG(s) 'example_params_trigger_ui' retrieved from /home/ubuntu/airflow_snow/lib/python3.12/site-packages/airflow/example_dags/example_params_trigger_ui.py
[2024-09-01T04:44:29.857+0000] {logging_mixin.py:190} INFO - [2024-09-01T04:44:29.857+0000] {dag.py:3211} INFO - Sync 1 DAGs
[2024-09-01T04:44:29.869+0000] {logging_mixin.py:190} INFO - [2024-09-01T04:44:29.869+0000] {dag.py:4138} INFO - Setting next_dagrun for example_params_trigger_ui to None, run_after=None
[2024-09-01T04:44:29.889+0000] {processor.py:208} INFO - Processing /home/ubuntu/airflow_snow/lib/python3.12/site-packages/airflow/example_dags/example_params_trigger_ui.py took 0.087 seconds
[2024-09-01T04:45:17.494+0000] {processor.py:186} INFO - Started process (PID=3193) to work on /home/ubuntu/airflow_snow/lib/python3.12/site-packages/airflow/example_dags/example_params_trigger_ui.py
[2024-09-01T04:45:17.498+0000] {processor.py:914} INFO - Processing file /home/ubuntu/airflow_snow/lib/python3.12/site-packages/airflow/example_dags/example_params_trigger_ui.py for tasks to queue
[2024-09-01T04:45:17.501+0000] {logging_mixin.py:190} INFO - [2024-09-01T04:45:17.500+0000] {dagbag.py:587} INFO - Filling up the DagBag from /home/ubuntu/airflow_snow/lib/python3.12/site-packages/airflow/example_dags/example_params_trigger_ui.py
[2024-09-01T04:45:17.511+0000] {processor.py:925} INFO - DAG(s) 'example_params_trigger_ui' retrieved from /home/ubuntu/airflow_snow/lib/python3.12/site-packages/airflow/example_dags/example_params_trigger_ui.py
[2024-09-01T04:45:17.545+0000] {logging_mixin.py:190} INFO - [2024-09-01T04:45:17.545+0000] {dag.py:3211} INFO - Sync 1 DAGs
[2024-09-01T04:45:17.555+0000] {logging_mixin.py:190} INFO - [2024-09-01T04:45:17.555+0000] {dag.py:4138} INFO - Setting next_dagrun for example_params_trigger_ui to None, run_after=None
[2024-09-01T04:45:17.575+0000] {processor.py:208} INFO - Processing /home/ubuntu/airflow_snow/lib/python3.12/site-packages/airflow/example_dags/example_params_trigger_ui.py took 0.087 seconds
[2024-09-01T04:46:07.633+0000] {processor.py:186} INFO - Started process (PID=3246) to work on /home/ubuntu/airflow_snow/lib/python3.12/site-packages/airflow/example_dags/example_params_trigger_ui.py
[2024-09-01T04:46:07.635+0000] {processor.py:914} INFO - Processing file /home/ubuntu/airflow_snow/lib/python3.12/site-packages/airflow/example_dags/example_params_trigger_ui.py for tasks to queue
[2024-09-01T04:46:07.637+0000] {logging_mixin.py:190} INFO - [2024-09-01T04:46:07.637+0000] {dagbag.py:587} INFO - Filling up the DagBag from /home/ubuntu/airflow_snow/lib/python3.12/site-packages/airflow/example_dags/example_params_trigger_ui.py
[2024-09-01T04:46:07.647+0000] {processor.py:925} INFO - DAG(s) 'example_params_trigger_ui' retrieved from /home/ubuntu/airflow_snow/lib/python3.12/site-packages/airflow/example_dags/example_params_trigger_ui.py
[2024-09-01T04:46:07.683+0000] {logging_mixin.py:190} INFO - [2024-09-01T04:46:07.682+0000] {dag.py:3211} INFO - Sync 1 DAGs
[2024-09-01T04:46:07.694+0000] {logging_mixin.py:190} INFO - [2024-09-01T04:46:07.694+0000] {dag.py:4138} INFO - Setting next_dagrun for example_params_trigger_ui to None, run_after=None
[2024-09-01T04:46:07.717+0000] {processor.py:208} INFO - Processing /home/ubuntu/airflow_snow/lib/python3.12/site-packages/airflow/example_dags/example_params_trigger_ui.py took 0.089 seconds
[2024-09-01T04:47:17.573+0000] {processor.py:186} INFO - Started process (PID=3319) to work on /home/ubuntu/airflow_snow/lib/python3.12/site-packages/airflow/example_dags/example_params_trigger_ui.py
[2024-09-01T04:47:17.574+0000] {processor.py:914} INFO - Processing file /home/ubuntu/airflow_snow/lib/python3.12/site-packages/airflow/example_dags/example_params_trigger_ui.py for tasks to queue
[2024-09-01T04:47:17.576+0000] {logging_mixin.py:190} INFO - [2024-09-01T04:47:17.575+0000] {dagbag.py:587} INFO - Filling up the DagBag from /home/ubuntu/airflow_snow/lib/python3.12/site-packages/airflow/example_dags/example_params_trigger_ui.py
[2024-09-01T04:47:17.586+0000] {processor.py:925} INFO - DAG(s) 'example_params_trigger_ui' retrieved from /home/ubuntu/airflow_snow/lib/python3.12/site-packages/airflow/example_dags/example_params_trigger_ui.py
[2024-09-01T04:47:17.621+0000] {logging_mixin.py:190} INFO - [2024-09-01T04:47:17.621+0000] {dag.py:3211} INFO - Sync 1 DAGs
[2024-09-01T04:47:17.632+0000] {logging_mixin.py:190} INFO - [2024-09-01T04:47:17.631+0000] {dag.py:4138} INFO - Setting next_dagrun for example_params_trigger_ui to None, run_after=None
[2024-09-01T04:47:17.655+0000] {processor.py:208} INFO - Processing /home/ubuntu/airflow_snow/lib/python3.12/site-packages/airflow/example_dags/example_params_trigger_ui.py took 0.088 seconds
[2024-09-01T04:48:06.971+0000] {processor.py:186} INFO - Started process (PID=3370) to work on /home/ubuntu/airflow_snow/lib/python3.12/site-packages/airflow/example_dags/example_params_trigger_ui.py
[2024-09-01T04:48:06.975+0000] {processor.py:914} INFO - Processing file /home/ubuntu/airflow_snow/lib/python3.12/site-packages/airflow/example_dags/example_params_trigger_ui.py for tasks to queue
[2024-09-01T04:48:06.977+0000] {logging_mixin.py:190} INFO - [2024-09-01T04:48:06.977+0000] {dagbag.py:587} INFO - Filling up the DagBag from /home/ubuntu/airflow_snow/lib/python3.12/site-packages/airflow/example_dags/example_params_trigger_ui.py
[2024-09-01T04:48:06.987+0000] {processor.py:925} INFO - DAG(s) 'example_params_trigger_ui' retrieved from /home/ubuntu/airflow_snow/lib/python3.12/site-packages/airflow/example_dags/example_params_trigger_ui.py
[2024-09-01T04:48:07.022+0000] {logging_mixin.py:190} INFO - [2024-09-01T04:48:07.022+0000] {dag.py:3211} INFO - Sync 1 DAGs
[2024-09-01T04:48:07.034+0000] {logging_mixin.py:190} INFO - [2024-09-01T04:48:07.033+0000] {dag.py:4138} INFO - Setting next_dagrun for example_params_trigger_ui to None, run_after=None
[2024-09-01T04:48:07.058+0000] {processor.py:208} INFO - Processing /home/ubuntu/airflow_snow/lib/python3.12/site-packages/airflow/example_dags/example_params_trigger_ui.py took 0.092 seconds
[2024-09-01T04:48:55.223+0000] {processor.py:186} INFO - Started process (PID=3421) to work on /home/ubuntu/airflow_snow/lib/python3.12/site-packages/airflow/example_dags/example_params_trigger_ui.py
[2024-09-01T04:48:55.224+0000] {processor.py:914} INFO - Processing file /home/ubuntu/airflow_snow/lib/python3.12/site-packages/airflow/example_dags/example_params_trigger_ui.py for tasks to queue
[2024-09-01T04:48:55.226+0000] {logging_mixin.py:190} INFO - [2024-09-01T04:48:55.226+0000] {dagbag.py:587} INFO - Filling up the DagBag from /home/ubuntu/airflow_snow/lib/python3.12/site-packages/airflow/example_dags/example_params_trigger_ui.py
[2024-09-01T04:48:55.237+0000] {processor.py:925} INFO - DAG(s) 'example_params_trigger_ui' retrieved from /home/ubuntu/airflow_snow/lib/python3.12/site-packages/airflow/example_dags/example_params_trigger_ui.py
[2024-09-01T04:48:55.271+0000] {logging_mixin.py:190} INFO - [2024-09-01T04:48:55.271+0000] {dag.py:3211} INFO - Sync 1 DAGs
[2024-09-01T04:48:55.283+0000] {logging_mixin.py:190} INFO - [2024-09-01T04:48:55.283+0000] {dag.py:4138} INFO - Setting next_dagrun for example_params_trigger_ui to None, run_after=None
[2024-09-01T04:48:55.305+0000] {processor.py:208} INFO - Processing /home/ubuntu/airflow_snow/lib/python3.12/site-packages/airflow/example_dags/example_params_trigger_ui.py took 0.088 seconds
[2024-09-01T04:49:42.779+0000] {processor.py:186} INFO - Started process (PID=3471) to work on /home/ubuntu/airflow_snow/lib/python3.12/site-packages/airflow/example_dags/example_params_trigger_ui.py
[2024-09-01T04:49:42.781+0000] {processor.py:914} INFO - Processing file /home/ubuntu/airflow_snow/lib/python3.12/site-packages/airflow/example_dags/example_params_trigger_ui.py for tasks to queue
[2024-09-01T04:49:42.783+0000] {logging_mixin.py:190} INFO - [2024-09-01T04:49:42.783+0000] {dagbag.py:587} INFO - Filling up the DagBag from /home/ubuntu/airflow_snow/lib/python3.12/site-packages/airflow/example_dags/example_params_trigger_ui.py
[2024-09-01T04:49:42.793+0000] {processor.py:925} INFO - DAG(s) 'example_params_trigger_ui' retrieved from /home/ubuntu/airflow_snow/lib/python3.12/site-packages/airflow/example_dags/example_params_trigger_ui.py
[2024-09-01T04:49:42.827+0000] {logging_mixin.py:190} INFO - [2024-09-01T04:49:42.827+0000] {dag.py:3211} INFO - Sync 1 DAGs
[2024-09-01T04:49:42.838+0000] {logging_mixin.py:190} INFO - [2024-09-01T04:49:42.838+0000] {dag.py:4138} INFO - Setting next_dagrun for example_params_trigger_ui to None, run_after=None
[2024-09-01T04:49:42.859+0000] {processor.py:208} INFO - Processing /home/ubuntu/airflow_snow/lib/python3.12/site-packages/airflow/example_dags/example_params_trigger_ui.py took 0.086 seconds
[2024-09-01T04:50:47.291+0000] {processor.py:186} INFO - Started process (PID=3545) to work on /home/ubuntu/airflow_snow/lib/python3.12/site-packages/airflow/example_dags/example_params_trigger_ui.py
[2024-09-01T04:50:47.293+0000] {processor.py:914} INFO - Processing file /home/ubuntu/airflow_snow/lib/python3.12/site-packages/airflow/example_dags/example_params_trigger_ui.py for tasks to queue
[2024-09-01T04:50:47.295+0000] {logging_mixin.py:190} INFO - [2024-09-01T04:50:47.294+0000] {dagbag.py:587} INFO - Filling up the DagBag from /home/ubuntu/airflow_snow/lib/python3.12/site-packages/airflow/example_dags/example_params_trigger_ui.py
[2024-09-01T04:50:47.306+0000] {processor.py:925} INFO - DAG(s) 'example_params_trigger_ui' retrieved from /home/ubuntu/airflow_snow/lib/python3.12/site-packages/airflow/example_dags/example_params_trigger_ui.py
[2024-09-01T04:50:47.340+0000] {logging_mixin.py:190} INFO - [2024-09-01T04:50:47.340+0000] {dag.py:3211} INFO - Sync 1 DAGs
[2024-09-01T04:50:47.351+0000] {logging_mixin.py:190} INFO - [2024-09-01T04:50:47.351+0000] {dag.py:4138} INFO - Setting next_dagrun for example_params_trigger_ui to None, run_after=None
[2024-09-01T04:50:47.376+0000] {processor.py:208} INFO - Processing /home/ubuntu/airflow_snow/lib/python3.12/site-packages/airflow/example_dags/example_params_trigger_ui.py took 0.090 seconds
[2024-09-01T04:51:35.823+0000] {processor.py:186} INFO - Started process (PID=3594) to work on /home/ubuntu/airflow_snow/lib/python3.12/site-packages/airflow/example_dags/example_params_trigger_ui.py
[2024-09-01T04:51:35.825+0000] {processor.py:914} INFO - Processing file /home/ubuntu/airflow_snow/lib/python3.12/site-packages/airflow/example_dags/example_params_trigger_ui.py for tasks to queue
[2024-09-01T04:51:35.827+0000] {logging_mixin.py:190} INFO - [2024-09-01T04:51:35.826+0000] {dagbag.py:587} INFO - Filling up the DagBag from /home/ubuntu/airflow_snow/lib/python3.12/site-packages/airflow/example_dags/example_params_trigger_ui.py
[2024-09-01T04:51:35.836+0000] {processor.py:925} INFO - DAG(s) 'example_params_trigger_ui' retrieved from /home/ubuntu/airflow_snow/lib/python3.12/site-packages/airflow/example_dags/example_params_trigger_ui.py
[2024-09-01T04:51:35.871+0000] {logging_mixin.py:190} INFO - [2024-09-01T04:51:35.871+0000] {dag.py:3211} INFO - Sync 1 DAGs
[2024-09-01T04:51:35.882+0000] {logging_mixin.py:190} INFO - [2024-09-01T04:51:35.882+0000] {dag.py:4138} INFO - Setting next_dagrun for example_params_trigger_ui to None, run_after=None
[2024-09-01T04:51:35.906+0000] {processor.py:208} INFO - Processing /home/ubuntu/airflow_snow/lib/python3.12/site-packages/airflow/example_dags/example_params_trigger_ui.py took 0.089 seconds
[2024-09-01T04:52:25.056+0000] {processor.py:186} INFO - Started process (PID=3646) to work on /home/ubuntu/airflow_snow/lib/python3.12/site-packages/airflow/example_dags/example_params_trigger_ui.py
[2024-09-01T04:52:25.058+0000] {processor.py:914} INFO - Processing file /home/ubuntu/airflow_snow/lib/python3.12/site-packages/airflow/example_dags/example_params_trigger_ui.py for tasks to queue
[2024-09-01T04:52:25.060+0000] {logging_mixin.py:190} INFO - [2024-09-01T04:52:25.059+0000] {dagbag.py:587} INFO - Filling up the DagBag from /home/ubuntu/airflow_snow/lib/python3.12/site-packages/airflow/example_dags/example_params_trigger_ui.py
[2024-09-01T04:52:25.070+0000] {processor.py:925} INFO - DAG(s) 'example_params_trigger_ui' retrieved from /home/ubuntu/airflow_snow/lib/python3.12/site-packages/airflow/example_dags/example_params_trigger_ui.py
[2024-09-01T04:52:25.104+0000] {logging_mixin.py:190} INFO - [2024-09-01T04:52:25.104+0000] {dag.py:3211} INFO - Sync 1 DAGs
[2024-09-01T04:52:25.116+0000] {logging_mixin.py:190} INFO - [2024-09-01T04:52:25.115+0000] {dag.py:4138} INFO - Setting next_dagrun for example_params_trigger_ui to None, run_after=None
[2024-09-01T04:52:25.136+0000] {processor.py:208} INFO - Processing /home/ubuntu/airflow_snow/lib/python3.12/site-packages/airflow/example_dags/example_params_trigger_ui.py took 0.085 seconds
