[2024-09-01T04:28:54.533+0000] {processor.py:186} INFO - Started process (PID=2172) to work on /home/ubuntu/airflow_snow/lib/python3.12/site-packages/airflow/example_dags/example_latest_only_with_trigger.py
[2024-09-01T04:28:54.534+0000] {processor.py:914} INFO - Processing file /home/ubuntu/airflow_snow/lib/python3.12/site-packages/airflow/example_dags/example_latest_only_with_trigger.py for tasks to queue
[2024-09-01T04:28:54.535+0000] {logging_mixin.py:190} INFO - [2024-09-01T04:28:54.535+0000] {dagbag.py:587} INFO - Filling up the DagBag from /home/ubuntu/airflow_snow/lib/python3.12/site-packages/airflow/example_dags/example_latest_only_with_trigger.py
[2024-09-01T04:28:54.543+0000] {processor.py:925} INFO - DAG(s) 'latest_only_with_trigger' retrieved from /home/ubuntu/airflow_snow/lib/python3.12/site-packages/airflow/example_dags/example_latest_only_with_trigger.py
[2024-09-01T04:28:54.645+0000] {logging_mixin.py:190} INFO - [2024-09-01T04:28:54.645+0000] {override.py:1900} INFO - Created Permission View: can delete on DAG:latest_only_with_trigger
[2024-09-01T04:28:54.660+0000] {logging_mixin.py:190} INFO - [2024-09-01T04:28:54.660+0000] {override.py:1900} INFO - Created Permission View: can read on DAG:latest_only_with_trigger
[2024-09-01T04:28:54.673+0000] {logging_mixin.py:190} INFO - [2024-09-01T04:28:54.672+0000] {override.py:1900} INFO - Created Permission View: can edit on DAG:latest_only_with_trigger
[2024-09-01T04:28:54.693+0000] {logging_mixin.py:190} INFO - [2024-09-01T04:28:54.693+0000] {override.py:1900} INFO - Created Permission View: menu access on DAG Run:latest_only_with_trigger
[2024-09-01T04:28:54.704+0000] {logging_mixin.py:190} INFO - [2024-09-01T04:28:54.704+0000] {override.py:1900} INFO - Created Permission View: can create on DAG Run:latest_only_with_trigger
[2024-09-01T04:28:54.715+0000] {logging_mixin.py:190} INFO - [2024-09-01T04:28:54.714+0000] {override.py:1900} INFO - Created Permission View: can read on DAG Run:latest_only_with_trigger
[2024-09-01T04:28:54.726+0000] {logging_mixin.py:190} INFO - [2024-09-01T04:28:54.725+0000] {override.py:1900} INFO - Created Permission View: can delete on DAG Run:latest_only_with_trigger
[2024-09-01T04:28:54.726+0000] {logging_mixin.py:190} INFO - [2024-09-01T04:28:54.726+0000] {dag.py:3211} INFO - Sync 1 DAGs
[2024-09-01T04:28:54.735+0000] {logging_mixin.py:190} INFO - [2024-09-01T04:28:54.735+0000] {dag.py:3234} INFO - Creating ORM DAG for latest_only_with_trigger
[2024-09-01T04:28:54.743+0000] {logging_mixin.py:190} INFO - [2024-09-01T04:28:54.743+0000] {dag.py:4138} INFO - Setting next_dagrun for latest_only_with_trigger to 2024-09-01 00:00:00+00:00, run_after=2024-09-01 04:00:00+00:00
[2024-09-01T04:28:54.767+0000] {processor.py:208} INFO - Processing /home/ubuntu/airflow_snow/lib/python3.12/site-packages/airflow/example_dags/example_latest_only_with_trigger.py took 0.239 seconds
[2024-09-01T04:29:56.993+0000] {processor.py:186} INFO - Started process (PID=2228) to work on /home/ubuntu/airflow_snow/lib/python3.12/site-packages/airflow/example_dags/example_latest_only_with_trigger.py
[2024-09-01T04:29:56.995+0000] {processor.py:914} INFO - Processing file /home/ubuntu/airflow_snow/lib/python3.12/site-packages/airflow/example_dags/example_latest_only_with_trigger.py for tasks to queue
[2024-09-01T04:29:56.997+0000] {logging_mixin.py:190} INFO - [2024-09-01T04:29:56.997+0000] {dagbag.py:587} INFO - Filling up the DagBag from /home/ubuntu/airflow_snow/lib/python3.12/site-packages/airflow/example_dags/example_latest_only_with_trigger.py
[2024-09-01T04:29:57.002+0000] {processor.py:925} INFO - DAG(s) 'latest_only_with_trigger' retrieved from /home/ubuntu/airflow_snow/lib/python3.12/site-packages/airflow/example_dags/example_latest_only_with_trigger.py
[2024-09-01T04:29:57.014+0000] {logging_mixin.py:190} INFO - [2024-09-01T04:29:57.014+0000] {dag.py:3211} INFO - Sync 1 DAGs
[2024-09-01T04:29:57.028+0000] {logging_mixin.py:190} INFO - [2024-09-01T04:29:57.027+0000] {dag.py:4138} INFO - Setting next_dagrun for latest_only_with_trigger to 2024-09-01 00:00:00+00:00, run_after=2024-09-01 04:00:00+00:00
[2024-09-01T04:29:57.048+0000] {processor.py:208} INFO - Processing /home/ubuntu/airflow_snow/lib/python3.12/site-packages/airflow/example_dags/example_latest_only_with_trigger.py took 0.060 seconds
[2024-09-01T04:30:53.534+0000] {processor.py:186} INFO - Started process (PID=2291) to work on /home/ubuntu/airflow_snow/lib/python3.12/site-packages/airflow/example_dags/example_latest_only_with_trigger.py
[2024-09-01T04:30:53.536+0000] {processor.py:914} INFO - Processing file /home/ubuntu/airflow_snow/lib/python3.12/site-packages/airflow/example_dags/example_latest_only_with_trigger.py for tasks to queue
[2024-09-01T04:30:53.538+0000] {logging_mixin.py:190} INFO - [2024-09-01T04:30:53.538+0000] {dagbag.py:587} INFO - Filling up the DagBag from /home/ubuntu/airflow_snow/lib/python3.12/site-packages/airflow/example_dags/example_latest_only_with_trigger.py
[2024-09-01T04:30:53.545+0000] {processor.py:925} INFO - DAG(s) 'latest_only_with_trigger' retrieved from /home/ubuntu/airflow_snow/lib/python3.12/site-packages/airflow/example_dags/example_latest_only_with_trigger.py
[2024-09-01T04:30:53.559+0000] {logging_mixin.py:190} INFO - [2024-09-01T04:30:53.559+0000] {dag.py:3211} INFO - Sync 1 DAGs
[2024-09-01T04:30:53.576+0000] {logging_mixin.py:190} INFO - [2024-09-01T04:30:53.575+0000] {dag.py:4138} INFO - Setting next_dagrun for latest_only_with_trigger to 2024-09-01 00:00:00+00:00, run_after=2024-09-01 04:00:00+00:00
[2024-09-01T04:30:53.597+0000] {processor.py:208} INFO - Processing /home/ubuntu/airflow_snow/lib/python3.12/site-packages/airflow/example_dags/example_latest_only_with_trigger.py took 0.068 seconds
[2024-09-01T04:31:47.239+0000] {processor.py:186} INFO - Started process (PID=2347) to work on /home/ubuntu/airflow_snow/lib/python3.12/site-packages/airflow/example_dags/example_latest_only_with_trigger.py
[2024-09-01T04:31:47.240+0000] {processor.py:914} INFO - Processing file /home/ubuntu/airflow_snow/lib/python3.12/site-packages/airflow/example_dags/example_latest_only_with_trigger.py for tasks to queue
[2024-09-01T04:31:47.242+0000] {logging_mixin.py:190} INFO - [2024-09-01T04:31:47.242+0000] {dagbag.py:587} INFO - Filling up the DagBag from /home/ubuntu/airflow_snow/lib/python3.12/site-packages/airflow/example_dags/example_latest_only_with_trigger.py
[2024-09-01T04:31:47.249+0000] {processor.py:925} INFO - DAG(s) 'latest_only_with_trigger' retrieved from /home/ubuntu/airflow_snow/lib/python3.12/site-packages/airflow/example_dags/example_latest_only_with_trigger.py
[2024-09-01T04:31:47.269+0000] {logging_mixin.py:190} INFO - [2024-09-01T04:31:47.269+0000] {dag.py:3211} INFO - Sync 1 DAGs
[2024-09-01T04:31:47.286+0000] {logging_mixin.py:190} INFO - [2024-09-01T04:31:47.286+0000] {dag.py:4138} INFO - Setting next_dagrun for latest_only_with_trigger to 2024-09-01 00:00:00+00:00, run_after=2024-09-01 04:00:00+00:00
[2024-09-01T04:31:47.309+0000] {processor.py:208} INFO - Processing /home/ubuntu/airflow_snow/lib/python3.12/site-packages/airflow/example_dags/example_latest_only_with_trigger.py took 0.075 seconds
[2024-09-01T04:32:35.999+0000] {processor.py:186} INFO - Started process (PID=2398) to work on /home/ubuntu/airflow_snow/lib/python3.12/site-packages/airflow/example_dags/example_latest_only_with_trigger.py
[2024-09-01T04:32:36.001+0000] {processor.py:914} INFO - Processing file /home/ubuntu/airflow_snow/lib/python3.12/site-packages/airflow/example_dags/example_latest_only_with_trigger.py for tasks to queue
[2024-09-01T04:32:36.003+0000] {logging_mixin.py:190} INFO - [2024-09-01T04:32:36.003+0000] {dagbag.py:587} INFO - Filling up the DagBag from /home/ubuntu/airflow_snow/lib/python3.12/site-packages/airflow/example_dags/example_latest_only_with_trigger.py
[2024-09-01T04:32:36.010+0000] {processor.py:925} INFO - DAG(s) 'latest_only_with_trigger' retrieved from /home/ubuntu/airflow_snow/lib/python3.12/site-packages/airflow/example_dags/example_latest_only_with_trigger.py
[2024-09-01T04:32:36.024+0000] {logging_mixin.py:190} INFO - [2024-09-01T04:32:36.024+0000] {dag.py:3211} INFO - Sync 1 DAGs
[2024-09-01T04:32:36.042+0000] {logging_mixin.py:190} INFO - [2024-09-01T04:32:36.042+0000] {dag.py:4138} INFO - Setting next_dagrun for latest_only_with_trigger to 2024-09-01 00:00:00+00:00, run_after=2024-09-01 04:00:00+00:00
[2024-09-01T04:32:36.063+0000] {processor.py:208} INFO - Processing /home/ubuntu/airflow_snow/lib/python3.12/site-packages/airflow/example_dags/example_latest_only_with_trigger.py took 0.069 seconds
[2024-09-01T04:33:24.419+0000] {processor.py:186} INFO - Started process (PID=2448) to work on /home/ubuntu/airflow_snow/lib/python3.12/site-packages/airflow/example_dags/example_latest_only_with_trigger.py
[2024-09-01T04:33:24.420+0000] {processor.py:914} INFO - Processing file /home/ubuntu/airflow_snow/lib/python3.12/site-packages/airflow/example_dags/example_latest_only_with_trigger.py for tasks to queue
[2024-09-01T04:33:24.423+0000] {logging_mixin.py:190} INFO - [2024-09-01T04:33:24.422+0000] {dagbag.py:587} INFO - Filling up the DagBag from /home/ubuntu/airflow_snow/lib/python3.12/site-packages/airflow/example_dags/example_latest_only_with_trigger.py
[2024-09-01T04:33:24.430+0000] {processor.py:925} INFO - DAG(s) 'latest_only_with_trigger' retrieved from /home/ubuntu/airflow_snow/lib/python3.12/site-packages/airflow/example_dags/example_latest_only_with_trigger.py
[2024-09-01T04:33:24.444+0000] {logging_mixin.py:190} INFO - [2024-09-01T04:33:24.444+0000] {dag.py:3211} INFO - Sync 1 DAGs
[2024-09-01T04:33:24.463+0000] {logging_mixin.py:190} INFO - [2024-09-01T04:33:24.462+0000] {dag.py:4138} INFO - Setting next_dagrun for latest_only_with_trigger to 2024-09-01 00:00:00+00:00, run_after=2024-09-01 04:00:00+00:00
[2024-09-01T04:33:24.487+0000] {processor.py:208} INFO - Processing /home/ubuntu/airflow_snow/lib/python3.12/site-packages/airflow/example_dags/example_latest_only_with_trigger.py took 0.073 seconds
[2024-09-01T04:34:15.311+0000] {processor.py:186} INFO - Started process (PID=2502) to work on /home/ubuntu/airflow_snow/lib/python3.12/site-packages/airflow/example_dags/example_latest_only_with_trigger.py
[2024-09-01T04:34:15.313+0000] {processor.py:914} INFO - Processing file /home/ubuntu/airflow_snow/lib/python3.12/site-packages/airflow/example_dags/example_latest_only_with_trigger.py for tasks to queue
[2024-09-01T04:34:15.314+0000] {logging_mixin.py:190} INFO - [2024-09-01T04:34:15.314+0000] {dagbag.py:587} INFO - Filling up the DagBag from /home/ubuntu/airflow_snow/lib/python3.12/site-packages/airflow/example_dags/example_latest_only_with_trigger.py
[2024-09-01T04:34:15.322+0000] {processor.py:925} INFO - DAG(s) 'latest_only_with_trigger' retrieved from /home/ubuntu/airflow_snow/lib/python3.12/site-packages/airflow/example_dags/example_latest_only_with_trigger.py
[2024-09-01T04:34:15.338+0000] {logging_mixin.py:190} INFO - [2024-09-01T04:34:15.337+0000] {dag.py:3211} INFO - Sync 1 DAGs
[2024-09-01T04:34:15.356+0000] {logging_mixin.py:190} INFO - [2024-09-01T04:34:15.355+0000] {dag.py:4138} INFO - Setting next_dagrun for latest_only_with_trigger to 2024-09-01 00:00:00+00:00, run_after=2024-09-01 04:00:00+00:00
[2024-09-01T04:34:15.377+0000] {processor.py:208} INFO - Processing /home/ubuntu/airflow_snow/lib/python3.12/site-packages/airflow/example_dags/example_latest_only_with_trigger.py took 0.071 seconds
[2024-09-01T04:35:04.772+0000] {processor.py:186} INFO - Started process (PID=2557) to work on /home/ubuntu/airflow_snow/lib/python3.12/site-packages/airflow/example_dags/example_latest_only_with_trigger.py
[2024-09-01T04:35:04.774+0000] {processor.py:914} INFO - Processing file /home/ubuntu/airflow_snow/lib/python3.12/site-packages/airflow/example_dags/example_latest_only_with_trigger.py for tasks to queue
[2024-09-01T04:35:04.777+0000] {logging_mixin.py:190} INFO - [2024-09-01T04:35:04.775+0000] {dagbag.py:587} INFO - Filling up the DagBag from /home/ubuntu/airflow_snow/lib/python3.12/site-packages/airflow/example_dags/example_latest_only_with_trigger.py
[2024-09-01T04:35:04.783+0000] {processor.py:925} INFO - DAG(s) 'latest_only_with_trigger' retrieved from /home/ubuntu/airflow_snow/lib/python3.12/site-packages/airflow/example_dags/example_latest_only_with_trigger.py
[2024-09-01T04:35:04.799+0000] {logging_mixin.py:190} INFO - [2024-09-01T04:35:04.799+0000] {dag.py:3211} INFO - Sync 1 DAGs
[2024-09-01T04:35:04.818+0000] {logging_mixin.py:190} INFO - [2024-09-01T04:35:04.818+0000] {dag.py:4138} INFO - Setting next_dagrun for latest_only_with_trigger to 2024-09-01 00:00:00+00:00, run_after=2024-09-01 04:00:00+00:00
[2024-09-01T04:35:04.842+0000] {processor.py:208} INFO - Processing /home/ubuntu/airflow_snow/lib/python3.12/site-packages/airflow/example_dags/example_latest_only_with_trigger.py took 0.075 seconds
[2024-09-01T04:35:53.035+0000] {processor.py:186} INFO - Started process (PID=2606) to work on /home/ubuntu/airflow_snow/lib/python3.12/site-packages/airflow/example_dags/example_latest_only_with_trigger.py
[2024-09-01T04:35:53.037+0000] {processor.py:914} INFO - Processing file /home/ubuntu/airflow_snow/lib/python3.12/site-packages/airflow/example_dags/example_latest_only_with_trigger.py for tasks to queue
[2024-09-01T04:35:53.039+0000] {logging_mixin.py:190} INFO - [2024-09-01T04:35:53.038+0000] {dagbag.py:587} INFO - Filling up the DagBag from /home/ubuntu/airflow_snow/lib/python3.12/site-packages/airflow/example_dags/example_latest_only_with_trigger.py
[2024-09-01T04:35:53.046+0000] {processor.py:925} INFO - DAG(s) 'latest_only_with_trigger' retrieved from /home/ubuntu/airflow_snow/lib/python3.12/site-packages/airflow/example_dags/example_latest_only_with_trigger.py
[2024-09-01T04:35:53.060+0000] {logging_mixin.py:190} INFO - [2024-09-01T04:35:53.060+0000] {dag.py:3211} INFO - Sync 1 DAGs
[2024-09-01T04:35:53.078+0000] {logging_mixin.py:190} INFO - [2024-09-01T04:35:53.078+0000] {dag.py:4138} INFO - Setting next_dagrun for latest_only_with_trigger to 2024-09-01 00:00:00+00:00, run_after=2024-09-01 04:00:00+00:00
[2024-09-01T04:35:53.101+0000] {processor.py:208} INFO - Processing /home/ubuntu/airflow_snow/lib/python3.12/site-packages/airflow/example_dags/example_latest_only_with_trigger.py took 0.070 seconds
[2024-09-01T04:36:45.863+0000] {processor.py:186} INFO - Started process (PID=2659) to work on /home/ubuntu/airflow_snow/lib/python3.12/site-packages/airflow/example_dags/example_latest_only_with_trigger.py
[2024-09-01T04:36:45.866+0000] {processor.py:914} INFO - Processing file /home/ubuntu/airflow_snow/lib/python3.12/site-packages/airflow/example_dags/example_latest_only_with_trigger.py for tasks to queue
[2024-09-01T04:36:45.868+0000] {logging_mixin.py:190} INFO - [2024-09-01T04:36:45.868+0000] {dagbag.py:587} INFO - Filling up the DagBag from /home/ubuntu/airflow_snow/lib/python3.12/site-packages/airflow/example_dags/example_latest_only_with_trigger.py
[2024-09-01T04:36:45.874+0000] {processor.py:925} INFO - DAG(s) 'latest_only_with_trigger' retrieved from /home/ubuntu/airflow_snow/lib/python3.12/site-packages/airflow/example_dags/example_latest_only_with_trigger.py
[2024-09-01T04:36:45.890+0000] {logging_mixin.py:190} INFO - [2024-09-01T04:36:45.890+0000] {dag.py:3211} INFO - Sync 1 DAGs
[2024-09-01T04:36:45.908+0000] {logging_mixin.py:190} INFO - [2024-09-01T04:36:45.908+0000] {dag.py:4138} INFO - Setting next_dagrun for latest_only_with_trigger to 2024-09-01 00:00:00+00:00, run_after=2024-09-01 04:00:00+00:00
[2024-09-01T04:36:45.927+0000] {processor.py:208} INFO - Processing /home/ubuntu/airflow_snow/lib/python3.12/site-packages/airflow/example_dags/example_latest_only_with_trigger.py took 0.069 seconds
[2024-09-01T04:37:38.708+0000] {processor.py:186} INFO - Started process (PID=2712) to work on /home/ubuntu/airflow_snow/lib/python3.12/site-packages/airflow/example_dags/example_latest_only_with_trigger.py
[2024-09-01T04:37:38.709+0000] {processor.py:914} INFO - Processing file /home/ubuntu/airflow_snow/lib/python3.12/site-packages/airflow/example_dags/example_latest_only_with_trigger.py for tasks to queue
[2024-09-01T04:37:38.711+0000] {logging_mixin.py:190} INFO - [2024-09-01T04:37:38.711+0000] {dagbag.py:587} INFO - Filling up the DagBag from /home/ubuntu/airflow_snow/lib/python3.12/site-packages/airflow/example_dags/example_latest_only_with_trigger.py
[2024-09-01T04:37:38.718+0000] {processor.py:925} INFO - DAG(s) 'latest_only_with_trigger' retrieved from /home/ubuntu/airflow_snow/lib/python3.12/site-packages/airflow/example_dags/example_latest_only_with_trigger.py
[2024-09-01T04:37:38.733+0000] {logging_mixin.py:190} INFO - [2024-09-01T04:37:38.733+0000] {dag.py:3211} INFO - Sync 1 DAGs
[2024-09-01T04:37:38.751+0000] {logging_mixin.py:190} INFO - [2024-09-01T04:37:38.750+0000] {dag.py:4138} INFO - Setting next_dagrun for latest_only_with_trigger to 2024-09-01 00:00:00+00:00, run_after=2024-09-01 04:00:00+00:00
[2024-09-01T04:37:38.771+0000] {processor.py:208} INFO - Processing /home/ubuntu/airflow_snow/lib/python3.12/site-packages/airflow/example_dags/example_latest_only_with_trigger.py took 0.068 seconds
[2024-09-01T04:38:28.246+0000] {processor.py:186} INFO - Started process (PID=2763) to work on /home/ubuntu/airflow_snow/lib/python3.12/site-packages/airflow/example_dags/example_latest_only_with_trigger.py
[2024-09-01T04:38:28.248+0000] {processor.py:914} INFO - Processing file /home/ubuntu/airflow_snow/lib/python3.12/site-packages/airflow/example_dags/example_latest_only_with_trigger.py for tasks to queue
[2024-09-01T04:38:28.250+0000] {logging_mixin.py:190} INFO - [2024-09-01T04:38:28.250+0000] {dagbag.py:587} INFO - Filling up the DagBag from /home/ubuntu/airflow_snow/lib/python3.12/site-packages/airflow/example_dags/example_latest_only_with_trigger.py
[2024-09-01T04:38:28.257+0000] {processor.py:925} INFO - DAG(s) 'latest_only_with_trigger' retrieved from /home/ubuntu/airflow_snow/lib/python3.12/site-packages/airflow/example_dags/example_latest_only_with_trigger.py
[2024-09-01T04:38:28.273+0000] {logging_mixin.py:190} INFO - [2024-09-01T04:38:28.273+0000] {dag.py:3211} INFO - Sync 1 DAGs
[2024-09-01T04:38:28.290+0000] {logging_mixin.py:190} INFO - [2024-09-01T04:38:28.290+0000] {dag.py:4138} INFO - Setting next_dagrun for latest_only_with_trigger to 2024-09-01 00:00:00+00:00, run_after=2024-09-01 04:00:00+00:00
[2024-09-01T04:38:28.313+0000] {processor.py:208} INFO - Processing /home/ubuntu/airflow_snow/lib/python3.12/site-packages/airflow/example_dags/example_latest_only_with_trigger.py took 0.073 seconds
[2024-09-01T04:39:19.035+0000] {processor.py:186} INFO - Started process (PID=2814) to work on /home/ubuntu/airflow_snow/lib/python3.12/site-packages/airflow/example_dags/example_latest_only_with_trigger.py
[2024-09-01T04:39:19.036+0000] {processor.py:914} INFO - Processing file /home/ubuntu/airflow_snow/lib/python3.12/site-packages/airflow/example_dags/example_latest_only_with_trigger.py for tasks to queue
[2024-09-01T04:39:19.038+0000] {logging_mixin.py:190} INFO - [2024-09-01T04:39:19.037+0000] {dagbag.py:587} INFO - Filling up the DagBag from /home/ubuntu/airflow_snow/lib/python3.12/site-packages/airflow/example_dags/example_latest_only_with_trigger.py
[2024-09-01T04:39:19.045+0000] {processor.py:925} INFO - DAG(s) 'latest_only_with_trigger' retrieved from /home/ubuntu/airflow_snow/lib/python3.12/site-packages/airflow/example_dags/example_latest_only_with_trigger.py
[2024-09-01T04:39:19.059+0000] {logging_mixin.py:190} INFO - [2024-09-01T04:39:19.059+0000] {dag.py:3211} INFO - Sync 1 DAGs
[2024-09-01T04:39:19.077+0000] {logging_mixin.py:190} INFO - [2024-09-01T04:39:19.076+0000] {dag.py:4138} INFO - Setting next_dagrun for latest_only_with_trigger to 2024-09-01 00:00:00+00:00, run_after=2024-09-01 04:00:00+00:00
[2024-09-01T04:39:19.099+0000] {processor.py:208} INFO - Processing /home/ubuntu/airflow_snow/lib/python3.12/site-packages/airflow/example_dags/example_latest_only_with_trigger.py took 0.071 seconds
[2024-09-01T04:40:11.407+0000] {processor.py:186} INFO - Started process (PID=2868) to work on /home/ubuntu/airflow_snow/lib/python3.12/site-packages/airflow/example_dags/example_latest_only_with_trigger.py
[2024-09-01T04:40:11.410+0000] {processor.py:914} INFO - Processing file /home/ubuntu/airflow_snow/lib/python3.12/site-packages/airflow/example_dags/example_latest_only_with_trigger.py for tasks to queue
[2024-09-01T04:40:11.411+0000] {logging_mixin.py:190} INFO - [2024-09-01T04:40:11.411+0000] {dagbag.py:587} INFO - Filling up the DagBag from /home/ubuntu/airflow_snow/lib/python3.12/site-packages/airflow/example_dags/example_latest_only_with_trigger.py
[2024-09-01T04:40:11.419+0000] {processor.py:925} INFO - DAG(s) 'latest_only_with_trigger' retrieved from /home/ubuntu/airflow_snow/lib/python3.12/site-packages/airflow/example_dags/example_latest_only_with_trigger.py
[2024-09-01T04:40:11.434+0000] {logging_mixin.py:190} INFO - [2024-09-01T04:40:11.433+0000] {dag.py:3211} INFO - Sync 1 DAGs
[2024-09-01T04:40:11.451+0000] {logging_mixin.py:190} INFO - [2024-09-01T04:40:11.451+0000] {dag.py:4138} INFO - Setting next_dagrun for latest_only_with_trigger to 2024-09-01 00:00:00+00:00, run_after=2024-09-01 04:00:00+00:00
[2024-09-01T04:40:11.472+0000] {processor.py:208} INFO - Processing /home/ubuntu/airflow_snow/lib/python3.12/site-packages/airflow/example_dags/example_latest_only_with_trigger.py took 0.070 seconds
[2024-09-01T04:41:03.951+0000] {processor.py:186} INFO - Started process (PID=2924) to work on /home/ubuntu/airflow_snow/lib/python3.12/site-packages/airflow/example_dags/example_latest_only_with_trigger.py
[2024-09-01T04:41:03.953+0000] {processor.py:914} INFO - Processing file /home/ubuntu/airflow_snow/lib/python3.12/site-packages/airflow/example_dags/example_latest_only_with_trigger.py for tasks to queue
[2024-09-01T04:41:03.954+0000] {logging_mixin.py:190} INFO - [2024-09-01T04:41:03.954+0000] {dagbag.py:587} INFO - Filling up the DagBag from /home/ubuntu/airflow_snow/lib/python3.12/site-packages/airflow/example_dags/example_latest_only_with_trigger.py
[2024-09-01T04:41:03.962+0000] {processor.py:925} INFO - DAG(s) 'latest_only_with_trigger' retrieved from /home/ubuntu/airflow_snow/lib/python3.12/site-packages/airflow/example_dags/example_latest_only_with_trigger.py
[2024-09-01T04:41:03.975+0000] {logging_mixin.py:190} INFO - [2024-09-01T04:41:03.975+0000] {dag.py:3211} INFO - Sync 1 DAGs
[2024-09-01T04:41:03.994+0000] {logging_mixin.py:190} INFO - [2024-09-01T04:41:03.994+0000] {dag.py:4138} INFO - Setting next_dagrun for latest_only_with_trigger to 2024-09-01 00:00:00+00:00, run_after=2024-09-01 04:00:00+00:00
[2024-09-01T04:41:04.018+0000] {processor.py:208} INFO - Processing /home/ubuntu/airflow_snow/lib/python3.12/site-packages/airflow/example_dags/example_latest_only_with_trigger.py took 0.072 seconds
[2024-09-01T04:41:54.294+0000] {processor.py:186} INFO - Started process (PID=2976) to work on /home/ubuntu/airflow_snow/lib/python3.12/site-packages/airflow/example_dags/example_latest_only_with_trigger.py
[2024-09-01T04:41:54.296+0000] {processor.py:914} INFO - Processing file /home/ubuntu/airflow_snow/lib/python3.12/site-packages/airflow/example_dags/example_latest_only_with_trigger.py for tasks to queue
[2024-09-01T04:41:54.298+0000] {logging_mixin.py:190} INFO - [2024-09-01T04:41:54.298+0000] {dagbag.py:587} INFO - Filling up the DagBag from /home/ubuntu/airflow_snow/lib/python3.12/site-packages/airflow/example_dags/example_latest_only_with_trigger.py
[2024-09-01T04:41:54.305+0000] {processor.py:925} INFO - DAG(s) 'latest_only_with_trigger' retrieved from /home/ubuntu/airflow_snow/lib/python3.12/site-packages/airflow/example_dags/example_latest_only_with_trigger.py
[2024-09-01T04:41:54.319+0000] {logging_mixin.py:190} INFO - [2024-09-01T04:41:54.319+0000] {dag.py:3211} INFO - Sync 1 DAGs
[2024-09-01T04:41:54.337+0000] {logging_mixin.py:190} INFO - [2024-09-01T04:41:54.336+0000] {dag.py:4138} INFO - Setting next_dagrun for latest_only_with_trigger to 2024-09-01 00:00:00+00:00, run_after=2024-09-01 04:00:00+00:00
[2024-09-01T04:41:54.358+0000] {processor.py:208} INFO - Processing /home/ubuntu/airflow_snow/lib/python3.12/site-packages/airflow/example_dags/example_latest_only_with_trigger.py took 0.069 seconds
[2024-09-01T04:42:44.667+0000] {processor.py:186} INFO - Started process (PID=3027) to work on /home/ubuntu/airflow_snow/lib/python3.12/site-packages/airflow/example_dags/example_latest_only_with_trigger.py
[2024-09-01T04:42:44.671+0000] {processor.py:914} INFO - Processing file /home/ubuntu/airflow_snow/lib/python3.12/site-packages/airflow/example_dags/example_latest_only_with_trigger.py for tasks to queue
[2024-09-01T04:42:44.672+0000] {logging_mixin.py:190} INFO - [2024-09-01T04:42:44.672+0000] {dagbag.py:587} INFO - Filling up the DagBag from /home/ubuntu/airflow_snow/lib/python3.12/site-packages/airflow/example_dags/example_latest_only_with_trigger.py
[2024-09-01T04:42:44.679+0000] {processor.py:925} INFO - DAG(s) 'latest_only_with_trigger' retrieved from /home/ubuntu/airflow_snow/lib/python3.12/site-packages/airflow/example_dags/example_latest_only_with_trigger.py
[2024-09-01T04:42:44.694+0000] {logging_mixin.py:190} INFO - [2024-09-01T04:42:44.694+0000] {dag.py:3211} INFO - Sync 1 DAGs
[2024-09-01T04:42:44.712+0000] {logging_mixin.py:190} INFO - [2024-09-01T04:42:44.712+0000] {dag.py:4138} INFO - Setting next_dagrun for latest_only_with_trigger to 2024-09-01 00:00:00+00:00, run_after=2024-09-01 04:00:00+00:00
[2024-09-01T04:42:44.734+0000] {processor.py:208} INFO - Processing /home/ubuntu/airflow_snow/lib/python3.12/site-packages/airflow/example_dags/example_latest_only_with_trigger.py took 0.072 seconds
[2024-09-01T04:43:33.446+0000] {processor.py:186} INFO - Started process (PID=3078) to work on /home/ubuntu/airflow_snow/lib/python3.12/site-packages/airflow/example_dags/example_latest_only_with_trigger.py
[2024-09-01T04:43:33.448+0000] {processor.py:914} INFO - Processing file /home/ubuntu/airflow_snow/lib/python3.12/site-packages/airflow/example_dags/example_latest_only_with_trigger.py for tasks to queue
[2024-09-01T04:43:33.449+0000] {logging_mixin.py:190} INFO - [2024-09-01T04:43:33.449+0000] {dagbag.py:587} INFO - Filling up the DagBag from /home/ubuntu/airflow_snow/lib/python3.12/site-packages/airflow/example_dags/example_latest_only_with_trigger.py
[2024-09-01T04:43:33.457+0000] {processor.py:925} INFO - DAG(s) 'latest_only_with_trigger' retrieved from /home/ubuntu/airflow_snow/lib/python3.12/site-packages/airflow/example_dags/example_latest_only_with_trigger.py
[2024-09-01T04:43:33.471+0000] {logging_mixin.py:190} INFO - [2024-09-01T04:43:33.471+0000] {dag.py:3211} INFO - Sync 1 DAGs
[2024-09-01T04:43:33.489+0000] {logging_mixin.py:190} INFO - [2024-09-01T04:43:33.489+0000] {dag.py:4138} INFO - Setting next_dagrun for latest_only_with_trigger to 2024-09-01 00:00:00+00:00, run_after=2024-09-01 04:00:00+00:00
[2024-09-01T04:43:33.515+0000] {processor.py:208} INFO - Processing /home/ubuntu/airflow_snow/lib/python3.12/site-packages/airflow/example_dags/example_latest_only_with_trigger.py took 0.074 seconds
[2024-09-01T04:44:21.802+0000] {processor.py:186} INFO - Started process (PID=3131) to work on /home/ubuntu/airflow_snow/lib/python3.12/site-packages/airflow/example_dags/example_latest_only_with_trigger.py
[2024-09-01T04:44:21.803+0000] {processor.py:914} INFO - Processing file /home/ubuntu/airflow_snow/lib/python3.12/site-packages/airflow/example_dags/example_latest_only_with_trigger.py for tasks to queue
[2024-09-01T04:44:21.805+0000] {logging_mixin.py:190} INFO - [2024-09-01T04:44:21.805+0000] {dagbag.py:587} INFO - Filling up the DagBag from /home/ubuntu/airflow_snow/lib/python3.12/site-packages/airflow/example_dags/example_latest_only_with_trigger.py
[2024-09-01T04:44:21.813+0000] {processor.py:925} INFO - DAG(s) 'latest_only_with_trigger' retrieved from /home/ubuntu/airflow_snow/lib/python3.12/site-packages/airflow/example_dags/example_latest_only_with_trigger.py
[2024-09-01T04:44:21.827+0000] {logging_mixin.py:190} INFO - [2024-09-01T04:44:21.827+0000] {dag.py:3211} INFO - Sync 1 DAGs
[2024-09-01T04:44:21.846+0000] {logging_mixin.py:190} INFO - [2024-09-01T04:44:21.846+0000] {dag.py:4138} INFO - Setting next_dagrun for latest_only_with_trigger to 2024-09-01 00:00:00+00:00, run_after=2024-09-01 04:00:00+00:00
[2024-09-01T04:44:21.870+0000] {processor.py:208} INFO - Processing /home/ubuntu/airflow_snow/lib/python3.12/site-packages/airflow/example_dags/example_latest_only_with_trigger.py took 0.073 seconds
[2024-09-01T04:45:10.962+0000] {processor.py:186} INFO - Started process (PID=3185) to work on /home/ubuntu/airflow_snow/lib/python3.12/site-packages/airflow/example_dags/example_latest_only_with_trigger.py
[2024-09-01T04:45:10.964+0000] {processor.py:914} INFO - Processing file /home/ubuntu/airflow_snow/lib/python3.12/site-packages/airflow/example_dags/example_latest_only_with_trigger.py for tasks to queue
[2024-09-01T04:45:10.966+0000] {logging_mixin.py:190} INFO - [2024-09-01T04:45:10.966+0000] {dagbag.py:587} INFO - Filling up the DagBag from /home/ubuntu/airflow_snow/lib/python3.12/site-packages/airflow/example_dags/example_latest_only_with_trigger.py
[2024-09-01T04:45:10.973+0000] {processor.py:925} INFO - DAG(s) 'latest_only_with_trigger' retrieved from /home/ubuntu/airflow_snow/lib/python3.12/site-packages/airflow/example_dags/example_latest_only_with_trigger.py
[2024-09-01T04:45:10.987+0000] {logging_mixin.py:190} INFO - [2024-09-01T04:45:10.987+0000] {dag.py:3211} INFO - Sync 1 DAGs
[2024-09-01T04:45:11.006+0000] {logging_mixin.py:190} INFO - [2024-09-01T04:45:11.006+0000] {dag.py:4138} INFO - Setting next_dagrun for latest_only_with_trigger to 2024-09-01 00:00:00+00:00, run_after=2024-09-01 04:00:00+00:00
[2024-09-01T04:45:11.027+0000] {processor.py:208} INFO - Processing /home/ubuntu/airflow_snow/lib/python3.12/site-packages/airflow/example_dags/example_latest_only_with_trigger.py took 0.070 seconds
[2024-09-01T04:45:59.158+0000] {processor.py:186} INFO - Started process (PID=3238) to work on /home/ubuntu/airflow_snow/lib/python3.12/site-packages/airflow/example_dags/example_latest_only_with_trigger.py
[2024-09-01T04:45:59.160+0000] {processor.py:914} INFO - Processing file /home/ubuntu/airflow_snow/lib/python3.12/site-packages/airflow/example_dags/example_latest_only_with_trigger.py for tasks to queue
[2024-09-01T04:45:59.162+0000] {logging_mixin.py:190} INFO - [2024-09-01T04:45:59.161+0000] {dagbag.py:587} INFO - Filling up the DagBag from /home/ubuntu/airflow_snow/lib/python3.12/site-packages/airflow/example_dags/example_latest_only_with_trigger.py
[2024-09-01T04:45:59.169+0000] {processor.py:925} INFO - DAG(s) 'latest_only_with_trigger' retrieved from /home/ubuntu/airflow_snow/lib/python3.12/site-packages/airflow/example_dags/example_latest_only_with_trigger.py
[2024-09-01T04:45:59.184+0000] {logging_mixin.py:190} INFO - [2024-09-01T04:45:59.184+0000] {dag.py:3211} INFO - Sync 1 DAGs
[2024-09-01T04:45:59.203+0000] {logging_mixin.py:190} INFO - [2024-09-01T04:45:59.203+0000] {dag.py:4138} INFO - Setting next_dagrun for latest_only_with_trigger to 2024-09-01 00:00:00+00:00, run_after=2024-09-01 04:00:00+00:00
[2024-09-01T04:45:59.225+0000] {processor.py:208} INFO - Processing /home/ubuntu/airflow_snow/lib/python3.12/site-packages/airflow/example_dags/example_latest_only_with_trigger.py took 0.071 seconds
[2024-09-01T04:46:47.617+0000] {processor.py:186} INFO - Started process (PID=3289) to work on /home/ubuntu/airflow_snow/lib/python3.12/site-packages/airflow/example_dags/example_latest_only_with_trigger.py
[2024-09-01T04:46:47.618+0000] {processor.py:914} INFO - Processing file /home/ubuntu/airflow_snow/lib/python3.12/site-packages/airflow/example_dags/example_latest_only_with_trigger.py for tasks to queue
[2024-09-01T04:46:47.621+0000] {logging_mixin.py:190} INFO - [2024-09-01T04:46:47.620+0000] {dagbag.py:587} INFO - Filling up the DagBag from /home/ubuntu/airflow_snow/lib/python3.12/site-packages/airflow/example_dags/example_latest_only_with_trigger.py
[2024-09-01T04:46:47.627+0000] {processor.py:925} INFO - DAG(s) 'latest_only_with_trigger' retrieved from /home/ubuntu/airflow_snow/lib/python3.12/site-packages/airflow/example_dags/example_latest_only_with_trigger.py
[2024-09-01T04:46:47.642+0000] {logging_mixin.py:190} INFO - [2024-09-01T04:46:47.642+0000] {dag.py:3211} INFO - Sync 1 DAGs
[2024-09-01T04:46:47.659+0000] {logging_mixin.py:190} INFO - [2024-09-01T04:46:47.658+0000] {dag.py:4138} INFO - Setting next_dagrun for latest_only_with_trigger to 2024-09-01 00:00:00+00:00, run_after=2024-09-01 04:00:00+00:00
[2024-09-01T04:46:47.681+0000] {processor.py:208} INFO - Processing /home/ubuntu/airflow_snow/lib/python3.12/site-packages/airflow/example_dags/example_latest_only_with_trigger.py took 0.070 seconds
[2024-09-01T04:47:34.287+0000] {processor.py:186} INFO - Started process (PID=3338) to work on /home/ubuntu/airflow_snow/lib/python3.12/site-packages/airflow/example_dags/example_latest_only_with_trigger.py
[2024-09-01T04:47:34.289+0000] {processor.py:914} INFO - Processing file /home/ubuntu/airflow_snow/lib/python3.12/site-packages/airflow/example_dags/example_latest_only_with_trigger.py for tasks to queue
[2024-09-01T04:47:34.290+0000] {logging_mixin.py:190} INFO - [2024-09-01T04:47:34.290+0000] {dagbag.py:587} INFO - Filling up the DagBag from /home/ubuntu/airflow_snow/lib/python3.12/site-packages/airflow/example_dags/example_latest_only_with_trigger.py
[2024-09-01T04:47:34.298+0000] {processor.py:925} INFO - DAG(s) 'latest_only_with_trigger' retrieved from /home/ubuntu/airflow_snow/lib/python3.12/site-packages/airflow/example_dags/example_latest_only_with_trigger.py
[2024-09-01T04:47:34.313+0000] {logging_mixin.py:190} INFO - [2024-09-01T04:47:34.311+0000] {dag.py:3211} INFO - Sync 1 DAGs
[2024-09-01T04:47:34.330+0000] {logging_mixin.py:190} INFO - [2024-09-01T04:47:34.330+0000] {dag.py:4138} INFO - Setting next_dagrun for latest_only_with_trigger to 2024-09-01 00:00:00+00:00, run_after=2024-09-01 04:00:00+00:00
[2024-09-01T04:47:34.354+0000] {processor.py:208} INFO - Processing /home/ubuntu/airflow_snow/lib/python3.12/site-packages/airflow/example_dags/example_latest_only_with_trigger.py took 0.072 seconds
[2024-09-01T04:48:24.512+0000] {processor.py:186} INFO - Started process (PID=3388) to work on /home/ubuntu/airflow_snow/lib/python3.12/site-packages/airflow/example_dags/example_latest_only_with_trigger.py
[2024-09-01T04:48:24.514+0000] {processor.py:914} INFO - Processing file /home/ubuntu/airflow_snow/lib/python3.12/site-packages/airflow/example_dags/example_latest_only_with_trigger.py for tasks to queue
[2024-09-01T04:48:24.516+0000] {logging_mixin.py:190} INFO - [2024-09-01T04:48:24.516+0000] {dagbag.py:587} INFO - Filling up the DagBag from /home/ubuntu/airflow_snow/lib/python3.12/site-packages/airflow/example_dags/example_latest_only_with_trigger.py
[2024-09-01T04:48:24.523+0000] {processor.py:925} INFO - DAG(s) 'latest_only_with_trigger' retrieved from /home/ubuntu/airflow_snow/lib/python3.12/site-packages/airflow/example_dags/example_latest_only_with_trigger.py
[2024-09-01T04:48:24.538+0000] {logging_mixin.py:190} INFO - [2024-09-01T04:48:24.538+0000] {dag.py:3211} INFO - Sync 1 DAGs
[2024-09-01T04:48:24.556+0000] {logging_mixin.py:190} INFO - [2024-09-01T04:48:24.555+0000] {dag.py:4138} INFO - Setting next_dagrun for latest_only_with_trigger to 2024-09-01 00:00:00+00:00, run_after=2024-09-01 04:00:00+00:00
[2024-09-01T04:48:24.576+0000] {processor.py:208} INFO - Processing /home/ubuntu/airflow_snow/lib/python3.12/site-packages/airflow/example_dags/example_latest_only_with_trigger.py took 0.070 seconds
[2024-09-01T04:49:14.314+0000] {processor.py:186} INFO - Started process (PID=3439) to work on /home/ubuntu/airflow_snow/lib/python3.12/site-packages/airflow/example_dags/example_latest_only_with_trigger.py
[2024-09-01T04:49:14.317+0000] {processor.py:914} INFO - Processing file /home/ubuntu/airflow_snow/lib/python3.12/site-packages/airflow/example_dags/example_latest_only_with_trigger.py for tasks to queue
[2024-09-01T04:49:14.318+0000] {logging_mixin.py:190} INFO - [2024-09-01T04:49:14.318+0000] {dagbag.py:587} INFO - Filling up the DagBag from /home/ubuntu/airflow_snow/lib/python3.12/site-packages/airflow/example_dags/example_latest_only_with_trigger.py
[2024-09-01T04:49:14.326+0000] {processor.py:925} INFO - DAG(s) 'latest_only_with_trigger' retrieved from /home/ubuntu/airflow_snow/lib/python3.12/site-packages/airflow/example_dags/example_latest_only_with_trigger.py
[2024-09-01T04:49:14.339+0000] {logging_mixin.py:190} INFO - [2024-09-01T04:49:14.339+0000] {dag.py:3211} INFO - Sync 1 DAGs
[2024-09-01T04:49:14.356+0000] {logging_mixin.py:190} INFO - [2024-09-01T04:49:14.355+0000] {dag.py:4138} INFO - Setting next_dagrun for latest_only_with_trigger to 2024-09-01 00:00:00+00:00, run_after=2024-09-01 04:00:00+00:00
[2024-09-01T04:49:14.379+0000] {processor.py:208} INFO - Processing /home/ubuntu/airflow_snow/lib/python3.12/site-packages/airflow/example_dags/example_latest_only_with_trigger.py took 0.069 seconds
[2024-09-01T04:50:01.086+0000] {processor.py:186} INFO - Started process (PID=3491) to work on /home/ubuntu/airflow_snow/lib/python3.12/site-packages/airflow/example_dags/example_latest_only_with_trigger.py
[2024-09-01T04:50:01.089+0000] {processor.py:914} INFO - Processing file /home/ubuntu/airflow_snow/lib/python3.12/site-packages/airflow/example_dags/example_latest_only_with_trigger.py for tasks to queue
[2024-09-01T04:50:01.091+0000] {logging_mixin.py:190} INFO - [2024-09-01T04:50:01.090+0000] {dagbag.py:587} INFO - Filling up the DagBag from /home/ubuntu/airflow_snow/lib/python3.12/site-packages/airflow/example_dags/example_latest_only_with_trigger.py
[2024-09-01T04:50:01.099+0000] {processor.py:925} INFO - DAG(s) 'latest_only_with_trigger' retrieved from /home/ubuntu/airflow_snow/lib/python3.12/site-packages/airflow/example_dags/example_latest_only_with_trigger.py
[2024-09-01T04:50:01.115+0000] {logging_mixin.py:190} INFO - [2024-09-01T04:50:01.114+0000] {dag.py:3211} INFO - Sync 1 DAGs
[2024-09-01T04:50:01.133+0000] {logging_mixin.py:190} INFO - [2024-09-01T04:50:01.133+0000] {dag.py:4138} INFO - Setting next_dagrun for latest_only_with_trigger to 2024-09-01 00:00:00+00:00, run_after=2024-09-01 04:00:00+00:00
[2024-09-01T04:50:01.159+0000] {processor.py:208} INFO - Processing /home/ubuntu/airflow_snow/lib/python3.12/site-packages/airflow/example_dags/example_latest_only_with_trigger.py took 0.078 seconds
[2024-09-01T04:50:45.661+0000] {processor.py:186} INFO - Started process (PID=3542) to work on /home/ubuntu/airflow_snow/lib/python3.12/site-packages/airflow/example_dags/example_latest_only_with_trigger.py
[2024-09-01T04:50:45.664+0000] {processor.py:914} INFO - Processing file /home/ubuntu/airflow_snow/lib/python3.12/site-packages/airflow/example_dags/example_latest_only_with_trigger.py for tasks to queue
[2024-09-01T04:50:45.666+0000] {logging_mixin.py:190} INFO - [2024-09-01T04:50:45.665+0000] {dagbag.py:587} INFO - Filling up the DagBag from /home/ubuntu/airflow_snow/lib/python3.12/site-packages/airflow/example_dags/example_latest_only_with_trigger.py
[2024-09-01T04:50:45.673+0000] {processor.py:925} INFO - DAG(s) 'latest_only_with_trigger' retrieved from /home/ubuntu/airflow_snow/lib/python3.12/site-packages/airflow/example_dags/example_latest_only_with_trigger.py
[2024-09-01T04:50:45.688+0000] {logging_mixin.py:190} INFO - [2024-09-01T04:50:45.688+0000] {dag.py:3211} INFO - Sync 1 DAGs
[2024-09-01T04:50:45.706+0000] {logging_mixin.py:190} INFO - [2024-09-01T04:50:45.706+0000] {dag.py:4138} INFO - Setting next_dagrun for latest_only_with_trigger to 2024-09-01 00:00:00+00:00, run_after=2024-09-01 04:00:00+00:00
[2024-09-01T04:50:45.730+0000] {processor.py:208} INFO - Processing /home/ubuntu/airflow_snow/lib/python3.12/site-packages/airflow/example_dags/example_latest_only_with_trigger.py took 0.075 seconds
[2024-09-01T04:51:32.732+0000] {processor.py:186} INFO - Started process (PID=3591) to work on /home/ubuntu/airflow_snow/lib/python3.12/site-packages/airflow/example_dags/example_latest_only_with_trigger.py
[2024-09-01T04:51:32.734+0000] {processor.py:914} INFO - Processing file /home/ubuntu/airflow_snow/lib/python3.12/site-packages/airflow/example_dags/example_latest_only_with_trigger.py for tasks to queue
[2024-09-01T04:51:32.736+0000] {logging_mixin.py:190} INFO - [2024-09-01T04:51:32.735+0000] {dagbag.py:587} INFO - Filling up the DagBag from /home/ubuntu/airflow_snow/lib/python3.12/site-packages/airflow/example_dags/example_latest_only_with_trigger.py
[2024-09-01T04:51:32.742+0000] {processor.py:925} INFO - DAG(s) 'latest_only_with_trigger' retrieved from /home/ubuntu/airflow_snow/lib/python3.12/site-packages/airflow/example_dags/example_latest_only_with_trigger.py
[2024-09-01T04:51:32.757+0000] {logging_mixin.py:190} INFO - [2024-09-01T04:51:32.756+0000] {dag.py:3211} INFO - Sync 1 DAGs
[2024-09-01T04:51:32.774+0000] {logging_mixin.py:190} INFO - [2024-09-01T04:51:32.774+0000] {dag.py:4138} INFO - Setting next_dagrun for latest_only_with_trigger to 2024-09-01 00:00:00+00:00, run_after=2024-09-01 04:00:00+00:00
[2024-09-01T04:51:32.798+0000] {processor.py:208} INFO - Processing /home/ubuntu/airflow_snow/lib/python3.12/site-packages/airflow/example_dags/example_latest_only_with_trigger.py took 0.071 seconds
[2024-09-01T04:52:21.645+0000] {processor.py:186} INFO - Started process (PID=3643) to work on /home/ubuntu/airflow_snow/lib/python3.12/site-packages/airflow/example_dags/example_latest_only_with_trigger.py
[2024-09-01T04:52:21.648+0000] {processor.py:914} INFO - Processing file /home/ubuntu/airflow_snow/lib/python3.12/site-packages/airflow/example_dags/example_latest_only_with_trigger.py for tasks to queue
[2024-09-01T04:52:21.650+0000] {logging_mixin.py:190} INFO - [2024-09-01T04:52:21.649+0000] {dagbag.py:587} INFO - Filling up the DagBag from /home/ubuntu/airflow_snow/lib/python3.12/site-packages/airflow/example_dags/example_latest_only_with_trigger.py
[2024-09-01T04:52:21.656+0000] {processor.py:925} INFO - DAG(s) 'latest_only_with_trigger' retrieved from /home/ubuntu/airflow_snow/lib/python3.12/site-packages/airflow/example_dags/example_latest_only_with_trigger.py
[2024-09-01T04:52:21.671+0000] {logging_mixin.py:190} INFO - [2024-09-01T04:52:21.671+0000] {dag.py:3211} INFO - Sync 1 DAGs
[2024-09-01T04:52:21.688+0000] {logging_mixin.py:190} INFO - [2024-09-01T04:52:21.688+0000] {dag.py:4138} INFO - Setting next_dagrun for latest_only_with_trigger to 2024-09-01 00:00:00+00:00, run_after=2024-09-01 04:00:00+00:00
[2024-09-01T04:52:21.711+0000] {processor.py:208} INFO - Processing /home/ubuntu/airflow_snow/lib/python3.12/site-packages/airflow/example_dags/example_latest_only_with_trigger.py took 0.072 seconds
[2024-09-01T04:53:11.315+0000] {processor.py:186} INFO - Started process (PID=3694) to work on /home/ubuntu/airflow_snow/lib/python3.12/site-packages/airflow/example_dags/example_latest_only_with_trigger.py
[2024-09-01T04:53:11.317+0000] {processor.py:914} INFO - Processing file /home/ubuntu/airflow_snow/lib/python3.12/site-packages/airflow/example_dags/example_latest_only_with_trigger.py for tasks to queue
[2024-09-01T04:53:11.319+0000] {logging_mixin.py:190} INFO - [2024-09-01T04:53:11.319+0000] {dagbag.py:587} INFO - Filling up the DagBag from /home/ubuntu/airflow_snow/lib/python3.12/site-packages/airflow/example_dags/example_latest_only_with_trigger.py
[2024-09-01T04:53:11.326+0000] {processor.py:925} INFO - DAG(s) 'latest_only_with_trigger' retrieved from /home/ubuntu/airflow_snow/lib/python3.12/site-packages/airflow/example_dags/example_latest_only_with_trigger.py
[2024-09-01T04:53:11.342+0000] {logging_mixin.py:190} INFO - [2024-09-01T04:53:11.342+0000] {dag.py:3211} INFO - Sync 1 DAGs
[2024-09-01T04:53:11.359+0000] {logging_mixin.py:190} INFO - [2024-09-01T04:53:11.359+0000] {dag.py:4138} INFO - Setting next_dagrun for latest_only_with_trigger to 2024-09-01 00:00:00+00:00, run_after=2024-09-01 04:00:00+00:00
[2024-09-01T04:53:11.382+0000] {processor.py:208} INFO - Processing /home/ubuntu/airflow_snow/lib/python3.12/site-packages/airflow/example_dags/example_latest_only_with_trigger.py took 0.072 seconds
