[2024-09-01T04:29:20.869+0000] {processor.py:186} INFO - Started process (PID=2193) to work on /home/ubuntu/airflow_snow/lib/python3.12/site-packages/airflow/example_dags/example_branch_operator.py
[2024-09-01T04:29:20.870+0000] {processor.py:914} INFO - Processing file /home/ubuntu/airflow_snow/lib/python3.12/site-packages/airflow/example_dags/example_branch_operator.py for tasks to queue
[2024-09-01T04:29:20.872+0000] {logging_mixin.py:190} INFO - [2024-09-01T04:29:20.871+0000] {dagbag.py:587} INFO - Filling up the DagBag from /home/ubuntu/airflow_snow/lib/python3.12/site-packages/airflow/example_dags/example_branch_operator.py
[2024-09-01T04:29:20.874+0000] {processor.py:927} WARNING - No viable dags retrieved from /home/ubuntu/airflow_snow/lib/python3.12/site-packages/airflow/example_dags/example_branch_operator.py
[2024-09-01T04:29:20.883+0000] {processor.py:208} INFO - Processing /home/ubuntu/airflow_snow/lib/python3.12/site-packages/airflow/example_dags/example_branch_operator.py took 0.020 seconds
[2024-09-01T04:30:18.186+0000] {processor.py:186} INFO - Started process (PID=2251) to work on /home/ubuntu/airflow_snow/lib/python3.12/site-packages/airflow/example_dags/example_branch_operator.py
[2024-09-01T04:30:18.188+0000] {processor.py:914} INFO - Processing file /home/ubuntu/airflow_snow/lib/python3.12/site-packages/airflow/example_dags/example_branch_operator.py for tasks to queue
[2024-09-01T04:30:18.190+0000] {logging_mixin.py:190} INFO - [2024-09-01T04:30:18.190+0000] {dagbag.py:587} INFO - Filling up the DagBag from /home/ubuntu/airflow_snow/lib/python3.12/site-packages/airflow/example_dags/example_branch_operator.py
[2024-09-01T04:30:18.193+0000] {processor.py:927} WARNING - No viable dags retrieved from /home/ubuntu/airflow_snow/lib/python3.12/site-packages/airflow/example_dags/example_branch_operator.py
[2024-09-01T04:30:18.202+0000] {processor.py:208} INFO - Processing /home/ubuntu/airflow_snow/lib/python3.12/site-packages/airflow/example_dags/example_branch_operator.py took 0.021 seconds
[2024-09-01T04:31:13.811+0000] {processor.py:186} INFO - Started process (PID=2312) to work on /home/ubuntu/airflow_snow/lib/python3.12/site-packages/airflow/example_dags/example_branch_operator.py
[2024-09-01T04:31:13.813+0000] {processor.py:914} INFO - Processing file /home/ubuntu/airflow_snow/lib/python3.12/site-packages/airflow/example_dags/example_branch_operator.py for tasks to queue
[2024-09-01T04:31:13.815+0000] {logging_mixin.py:190} INFO - [2024-09-01T04:31:13.815+0000] {dagbag.py:587} INFO - Filling up the DagBag from /home/ubuntu/airflow_snow/lib/python3.12/site-packages/airflow/example_dags/example_branch_operator.py
[2024-09-01T04:31:13.818+0000] {processor.py:927} WARNING - No viable dags retrieved from /home/ubuntu/airflow_snow/lib/python3.12/site-packages/airflow/example_dags/example_branch_operator.py
[2024-09-01T04:31:13.827+0000] {processor.py:208} INFO - Processing /home/ubuntu/airflow_snow/lib/python3.12/site-packages/airflow/example_dags/example_branch_operator.py took 0.022 seconds
[2024-09-01T04:32:24.755+0000] {processor.py:186} INFO - Started process (PID=2387) to work on /home/ubuntu/airflow_snow/lib/python3.12/site-packages/airflow/example_dags/example_branch_operator.py
[2024-09-01T04:32:24.758+0000] {processor.py:914} INFO - Processing file /home/ubuntu/airflow_snow/lib/python3.12/site-packages/airflow/example_dags/example_branch_operator.py for tasks to queue
[2024-09-01T04:32:24.759+0000] {logging_mixin.py:190} INFO - [2024-09-01T04:32:24.759+0000] {dagbag.py:587} INFO - Filling up the DagBag from /home/ubuntu/airflow_snow/lib/python3.12/site-packages/airflow/example_dags/example_branch_operator.py
[2024-09-01T04:32:24.762+0000] {processor.py:927} WARNING - No viable dags retrieved from /home/ubuntu/airflow_snow/lib/python3.12/site-packages/airflow/example_dags/example_branch_operator.py
[2024-09-01T04:32:24.770+0000] {processor.py:208} INFO - Processing /home/ubuntu/airflow_snow/lib/python3.12/site-packages/airflow/example_dags/example_branch_operator.py took 0.020 seconds
[2024-09-01T04:33:38.122+0000] {processor.py:186} INFO - Started process (PID=2462) to work on /home/ubuntu/airflow_snow/lib/python3.12/site-packages/airflow/example_dags/example_branch_operator.py
[2024-09-01T04:33:38.124+0000] {processor.py:914} INFO - Processing file /home/ubuntu/airflow_snow/lib/python3.12/site-packages/airflow/example_dags/example_branch_operator.py for tasks to queue
[2024-09-01T04:33:38.125+0000] {logging_mixin.py:190} INFO - [2024-09-01T04:33:38.125+0000] {dagbag.py:587} INFO - Filling up the DagBag from /home/ubuntu/airflow_snow/lib/python3.12/site-packages/airflow/example_dags/example_branch_operator.py
[2024-09-01T04:33:38.127+0000] {processor.py:927} WARNING - No viable dags retrieved from /home/ubuntu/airflow_snow/lib/python3.12/site-packages/airflow/example_dags/example_branch_operator.py
[2024-09-01T04:33:38.137+0000] {processor.py:208} INFO - Processing /home/ubuntu/airflow_snow/lib/python3.12/site-packages/airflow/example_dags/example_branch_operator.py took 0.021 seconds
[2024-09-01T04:34:52.199+0000] {processor.py:186} INFO - Started process (PID=2540) to work on /home/ubuntu/airflow_snow/lib/python3.12/site-packages/airflow/example_dags/example_branch_operator.py
[2024-09-01T04:34:52.201+0000] {processor.py:914} INFO - Processing file /home/ubuntu/airflow_snow/lib/python3.12/site-packages/airflow/example_dags/example_branch_operator.py for tasks to queue
[2024-09-01T04:34:52.203+0000] {logging_mixin.py:190} INFO - [2024-09-01T04:34:52.202+0000] {dagbag.py:587} INFO - Filling up the DagBag from /home/ubuntu/airflow_snow/lib/python3.12/site-packages/airflow/example_dags/example_branch_operator.py
[2024-09-01T04:34:52.206+0000] {processor.py:927} WARNING - No viable dags retrieved from /home/ubuntu/airflow_snow/lib/python3.12/site-packages/airflow/example_dags/example_branch_operator.py
[2024-09-01T04:34:52.214+0000] {processor.py:208} INFO - Processing /home/ubuntu/airflow_snow/lib/python3.12/site-packages/airflow/example_dags/example_branch_operator.py took 0.021 seconds
[2024-09-01T04:36:06.551+0000] {processor.py:186} INFO - Started process (PID=2619) to work on /home/ubuntu/airflow_snow/lib/python3.12/site-packages/airflow/example_dags/example_branch_operator.py
[2024-09-01T04:36:06.553+0000] {processor.py:914} INFO - Processing file /home/ubuntu/airflow_snow/lib/python3.12/site-packages/airflow/example_dags/example_branch_operator.py for tasks to queue
[2024-09-01T04:36:06.554+0000] {logging_mixin.py:190} INFO - [2024-09-01T04:36:06.554+0000] {dagbag.py:587} INFO - Filling up the DagBag from /home/ubuntu/airflow_snow/lib/python3.12/site-packages/airflow/example_dags/example_branch_operator.py
[2024-09-01T04:36:06.556+0000] {processor.py:927} WARNING - No viable dags retrieved from /home/ubuntu/airflow_snow/lib/python3.12/site-packages/airflow/example_dags/example_branch_operator.py
[2024-09-01T04:36:06.567+0000] {processor.py:208} INFO - Processing /home/ubuntu/airflow_snow/lib/python3.12/site-packages/airflow/example_dags/example_branch_operator.py took 0.021 seconds
[2024-09-01T04:37:02.894+0000] {processor.py:186} INFO - Started process (PID=2675) to work on /home/ubuntu/airflow_snow/lib/python3.12/site-packages/airflow/example_dags/example_branch_operator.py
[2024-09-01T04:37:02.896+0000] {processor.py:914} INFO - Processing file /home/ubuntu/airflow_snow/lib/python3.12/site-packages/airflow/example_dags/example_branch_operator.py for tasks to queue
[2024-09-01T04:37:02.898+0000] {logging_mixin.py:190} INFO - [2024-09-01T04:37:02.897+0000] {dagbag.py:587} INFO - Filling up the DagBag from /home/ubuntu/airflow_snow/lib/python3.12/site-packages/airflow/example_dags/example_branch_operator.py
[2024-09-01T04:37:02.900+0000] {processor.py:927} WARNING - No viable dags retrieved from /home/ubuntu/airflow_snow/lib/python3.12/site-packages/airflow/example_dags/example_branch_operator.py
[2024-09-01T04:37:02.908+0000] {processor.py:208} INFO - Processing /home/ubuntu/airflow_snow/lib/python3.12/site-packages/airflow/example_dags/example_branch_operator.py took 0.019 seconds
[2024-09-01T04:38:17.090+0000] {processor.py:186} INFO - Started process (PID=2752) to work on /home/ubuntu/airflow_snow/lib/python3.12/site-packages/airflow/example_dags/example_branch_operator.py
[2024-09-01T04:38:17.093+0000] {processor.py:914} INFO - Processing file /home/ubuntu/airflow_snow/lib/python3.12/site-packages/airflow/example_dags/example_branch_operator.py for tasks to queue
[2024-09-01T04:38:17.094+0000] {logging_mixin.py:190} INFO - [2024-09-01T04:38:17.094+0000] {dagbag.py:587} INFO - Filling up the DagBag from /home/ubuntu/airflow_snow/lib/python3.12/site-packages/airflow/example_dags/example_branch_operator.py
[2024-09-01T04:38:17.097+0000] {processor.py:927} WARNING - No viable dags retrieved from /home/ubuntu/airflow_snow/lib/python3.12/site-packages/airflow/example_dags/example_branch_operator.py
[2024-09-01T04:38:17.106+0000] {processor.py:208} INFO - Processing /home/ubuntu/airflow_snow/lib/python3.12/site-packages/airflow/example_dags/example_branch_operator.py took 0.022 seconds
[2024-09-01T04:39:35.402+0000] {processor.py:186} INFO - Started process (PID=2830) to work on /home/ubuntu/airflow_snow/lib/python3.12/site-packages/airflow/example_dags/example_branch_operator.py
[2024-09-01T04:39:35.404+0000] {processor.py:914} INFO - Processing file /home/ubuntu/airflow_snow/lib/python3.12/site-packages/airflow/example_dags/example_branch_operator.py for tasks to queue
[2024-09-01T04:39:35.406+0000] {logging_mixin.py:190} INFO - [2024-09-01T04:39:35.406+0000] {dagbag.py:587} INFO - Filling up the DagBag from /home/ubuntu/airflow_snow/lib/python3.12/site-packages/airflow/example_dags/example_branch_operator.py
[2024-09-01T04:39:35.408+0000] {processor.py:927} WARNING - No viable dags retrieved from /home/ubuntu/airflow_snow/lib/python3.12/site-packages/airflow/example_dags/example_branch_operator.py
[2024-09-01T04:39:35.419+0000] {processor.py:208} INFO - Processing /home/ubuntu/airflow_snow/lib/python3.12/site-packages/airflow/example_dags/example_branch_operator.py took 0.022 seconds
[2024-09-01T04:40:53.653+0000] {processor.py:186} INFO - Started process (PID=2913) to work on /home/ubuntu/airflow_snow/lib/python3.12/site-packages/airflow/example_dags/example_branch_operator.py
[2024-09-01T04:40:53.655+0000] {processor.py:914} INFO - Processing file /home/ubuntu/airflow_snow/lib/python3.12/site-packages/airflow/example_dags/example_branch_operator.py for tasks to queue
[2024-09-01T04:40:53.657+0000] {logging_mixin.py:190} INFO - [2024-09-01T04:40:53.656+0000] {dagbag.py:587} INFO - Filling up the DagBag from /home/ubuntu/airflow_snow/lib/python3.12/site-packages/airflow/example_dags/example_branch_operator.py
[2024-09-01T04:40:53.659+0000] {processor.py:927} WARNING - No viable dags retrieved from /home/ubuntu/airflow_snow/lib/python3.12/site-packages/airflow/example_dags/example_branch_operator.py
[2024-09-01T04:40:53.669+0000] {processor.py:208} INFO - Processing /home/ubuntu/airflow_snow/lib/python3.12/site-packages/airflow/example_dags/example_branch_operator.py took 0.022 seconds
[2024-09-01T04:42:08.598+0000] {processor.py:186} INFO - Started process (PID=2990) to work on /home/ubuntu/airflow_snow/lib/python3.12/site-packages/airflow/example_dags/example_branch_operator.py
[2024-09-01T04:42:08.600+0000] {processor.py:914} INFO - Processing file /home/ubuntu/airflow_snow/lib/python3.12/site-packages/airflow/example_dags/example_branch_operator.py for tasks to queue
[2024-09-01T04:42:08.602+0000] {logging_mixin.py:190} INFO - [2024-09-01T04:42:08.601+0000] {dagbag.py:587} INFO - Filling up the DagBag from /home/ubuntu/airflow_snow/lib/python3.12/site-packages/airflow/example_dags/example_branch_operator.py
[2024-09-01T04:42:08.604+0000] {processor.py:927} WARNING - No viable dags retrieved from /home/ubuntu/airflow_snow/lib/python3.12/site-packages/airflow/example_dags/example_branch_operator.py
[2024-09-01T04:42:08.613+0000] {processor.py:208} INFO - Processing /home/ubuntu/airflow_snow/lib/python3.12/site-packages/airflow/example_dags/example_branch_operator.py took 0.022 seconds
[2024-09-01T04:43:23.313+0000] {processor.py:186} INFO - Started process (PID=3067) to work on /home/ubuntu/airflow_snow/lib/python3.12/site-packages/airflow/example_dags/example_branch_operator.py
[2024-09-01T04:43:23.315+0000] {processor.py:914} INFO - Processing file /home/ubuntu/airflow_snow/lib/python3.12/site-packages/airflow/example_dags/example_branch_operator.py for tasks to queue
[2024-09-01T04:43:23.317+0000] {logging_mixin.py:190} INFO - [2024-09-01T04:43:23.316+0000] {dagbag.py:587} INFO - Filling up the DagBag from /home/ubuntu/airflow_snow/lib/python3.12/site-packages/airflow/example_dags/example_branch_operator.py
[2024-09-01T04:43:23.319+0000] {processor.py:927} WARNING - No viable dags retrieved from /home/ubuntu/airflow_snow/lib/python3.12/site-packages/airflow/example_dags/example_branch_operator.py
[2024-09-01T04:43:23.328+0000] {processor.py:208} INFO - Processing /home/ubuntu/airflow_snow/lib/python3.12/site-packages/airflow/example_dags/example_branch_operator.py took 0.022 seconds
[2024-09-01T04:44:36.798+0000] {processor.py:186} INFO - Started process (PID=3147) to work on /home/ubuntu/airflow_snow/lib/python3.12/site-packages/airflow/example_dags/example_branch_operator.py
[2024-09-01T04:44:36.799+0000] {processor.py:914} INFO - Processing file /home/ubuntu/airflow_snow/lib/python3.12/site-packages/airflow/example_dags/example_branch_operator.py for tasks to queue
[2024-09-01T04:44:36.802+0000] {logging_mixin.py:190} INFO - [2024-09-01T04:44:36.801+0000] {dagbag.py:587} INFO - Filling up the DagBag from /home/ubuntu/airflow_snow/lib/python3.12/site-packages/airflow/example_dags/example_branch_operator.py
[2024-09-01T04:44:36.804+0000] {processor.py:927} WARNING - No viable dags retrieved from /home/ubuntu/airflow_snow/lib/python3.12/site-packages/airflow/example_dags/example_branch_operator.py
[2024-09-01T04:44:36.812+0000] {processor.py:208} INFO - Processing /home/ubuntu/airflow_snow/lib/python3.12/site-packages/airflow/example_dags/example_branch_operator.py took 0.019 seconds
[2024-09-01T04:45:45.999+0000] {processor.py:186} INFO - Started process (PID=3225) to work on /home/ubuntu/airflow_snow/lib/python3.12/site-packages/airflow/example_dags/example_branch_operator.py
[2024-09-01T04:45:46.001+0000] {processor.py:914} INFO - Processing file /home/ubuntu/airflow_snow/lib/python3.12/site-packages/airflow/example_dags/example_branch_operator.py for tasks to queue
[2024-09-01T04:45:46.003+0000] {logging_mixin.py:190} INFO - [2024-09-01T04:45:46.002+0000] {dagbag.py:587} INFO - Filling up the DagBag from /home/ubuntu/airflow_snow/lib/python3.12/site-packages/airflow/example_dags/example_branch_operator.py
[2024-09-01T04:45:46.006+0000] {processor.py:927} WARNING - No viable dags retrieved from /home/ubuntu/airflow_snow/lib/python3.12/site-packages/airflow/example_dags/example_branch_operator.py
[2024-09-01T04:45:46.015+0000] {processor.py:208} INFO - Processing /home/ubuntu/airflow_snow/lib/python3.12/site-packages/airflow/example_dags/example_branch_operator.py took 0.021 seconds
[2024-09-01T04:46:59.020+0000] {processor.py:186} INFO - Started process (PID=3300) to work on /home/ubuntu/airflow_snow/lib/python3.12/site-packages/airflow/example_dags/example_branch_operator.py
[2024-09-01T04:46:59.022+0000] {processor.py:914} INFO - Processing file /home/ubuntu/airflow_snow/lib/python3.12/site-packages/airflow/example_dags/example_branch_operator.py for tasks to queue
[2024-09-01T04:46:59.024+0000] {logging_mixin.py:190} INFO - [2024-09-01T04:46:59.023+0000] {dagbag.py:587} INFO - Filling up the DagBag from /home/ubuntu/airflow_snow/lib/python3.12/site-packages/airflow/example_dags/example_branch_operator.py
[2024-09-01T04:46:59.027+0000] {processor.py:927} WARNING - No viable dags retrieved from /home/ubuntu/airflow_snow/lib/python3.12/site-packages/airflow/example_dags/example_branch_operator.py
[2024-09-01T04:46:59.035+0000] {processor.py:208} INFO - Processing /home/ubuntu/airflow_snow/lib/python3.12/site-packages/airflow/example_dags/example_branch_operator.py took 0.021 seconds
[2024-09-01T04:48:12.652+0000] {processor.py:186} INFO - Started process (PID=3375) to work on /home/ubuntu/airflow_snow/lib/python3.12/site-packages/airflow/example_dags/example_branch_operator.py
[2024-09-01T04:48:12.654+0000] {processor.py:914} INFO - Processing file /home/ubuntu/airflow_snow/lib/python3.12/site-packages/airflow/example_dags/example_branch_operator.py for tasks to queue
[2024-09-01T04:48:12.655+0000] {logging_mixin.py:190} INFO - [2024-09-01T04:48:12.655+0000] {dagbag.py:587} INFO - Filling up the DagBag from /home/ubuntu/airflow_snow/lib/python3.12/site-packages/airflow/example_dags/example_branch_operator.py
[2024-09-01T04:48:12.658+0000] {processor.py:927} WARNING - No viable dags retrieved from /home/ubuntu/airflow_snow/lib/python3.12/site-packages/airflow/example_dags/example_branch_operator.py
[2024-09-01T04:48:12.667+0000] {processor.py:208} INFO - Processing /home/ubuntu/airflow_snow/lib/python3.12/site-packages/airflow/example_dags/example_branch_operator.py took 0.021 seconds
[2024-09-01T04:49:25.502+0000] {processor.py:186} INFO - Started process (PID=3452) to work on /home/ubuntu/airflow_snow/lib/python3.12/site-packages/airflow/example_dags/example_branch_operator.py
[2024-09-01T04:49:25.504+0000] {processor.py:914} INFO - Processing file /home/ubuntu/airflow_snow/lib/python3.12/site-packages/airflow/example_dags/example_branch_operator.py for tasks to queue
[2024-09-01T04:49:25.506+0000] {logging_mixin.py:190} INFO - [2024-09-01T04:49:25.506+0000] {dagbag.py:587} INFO - Filling up the DagBag from /home/ubuntu/airflow_snow/lib/python3.12/site-packages/airflow/example_dags/example_branch_operator.py
[2024-09-01T04:49:25.509+0000] {processor.py:927} WARNING - No viable dags retrieved from /home/ubuntu/airflow_snow/lib/python3.12/site-packages/airflow/example_dags/example_branch_operator.py
[2024-09-01T04:49:25.518+0000] {processor.py:208} INFO - Processing /home/ubuntu/airflow_snow/lib/python3.12/site-packages/airflow/example_dags/example_branch_operator.py took 0.022 seconds
[2024-09-01T04:50:31.844+0000] {processor.py:186} INFO - Started process (PID=3529) to work on /home/ubuntu/airflow_snow/lib/python3.12/site-packages/airflow/example_dags/example_branch_operator.py
[2024-09-01T04:50:31.846+0000] {processor.py:914} INFO - Processing file /home/ubuntu/airflow_snow/lib/python3.12/site-packages/airflow/example_dags/example_branch_operator.py for tasks to queue
[2024-09-01T04:50:31.848+0000] {logging_mixin.py:190} INFO - [2024-09-01T04:50:31.848+0000] {dagbag.py:587} INFO - Filling up the DagBag from /home/ubuntu/airflow_snow/lib/python3.12/site-packages/airflow/example_dags/example_branch_operator.py
[2024-09-01T04:50:31.850+0000] {processor.py:927} WARNING - No viable dags retrieved from /home/ubuntu/airflow_snow/lib/python3.12/site-packages/airflow/example_dags/example_branch_operator.py
[2024-09-01T04:50:31.860+0000] {processor.py:208} INFO - Processing /home/ubuntu/airflow_snow/lib/python3.12/site-packages/airflow/example_dags/example_branch_operator.py took 0.021 seconds
[2024-09-01T04:51:46.114+0000] {processor.py:186} INFO - Started process (PID=3605) to work on /home/ubuntu/airflow_snow/lib/python3.12/site-packages/airflow/example_dags/example_branch_operator.py
[2024-09-01T04:51:46.117+0000] {processor.py:914} INFO - Processing file /home/ubuntu/airflow_snow/lib/python3.12/site-packages/airflow/example_dags/example_branch_operator.py for tasks to queue
[2024-09-01T04:51:46.118+0000] {logging_mixin.py:190} INFO - [2024-09-01T04:51:46.118+0000] {dagbag.py:587} INFO - Filling up the DagBag from /home/ubuntu/airflow_snow/lib/python3.12/site-packages/airflow/example_dags/example_branch_operator.py
[2024-09-01T04:51:46.121+0000] {processor.py:927} WARNING - No viable dags retrieved from /home/ubuntu/airflow_snow/lib/python3.12/site-packages/airflow/example_dags/example_branch_operator.py
[2024-09-01T04:51:46.130+0000] {processor.py:208} INFO - Processing /home/ubuntu/airflow_snow/lib/python3.12/site-packages/airflow/example_dags/example_branch_operator.py took 0.020 seconds
[2024-09-01T04:52:59.563+0000] {processor.py:186} INFO - Started process (PID=3681) to work on /home/ubuntu/airflow_snow/lib/python3.12/site-packages/airflow/example_dags/example_branch_operator.py
[2024-09-01T04:52:59.565+0000] {processor.py:914} INFO - Processing file /home/ubuntu/airflow_snow/lib/python3.12/site-packages/airflow/example_dags/example_branch_operator.py for tasks to queue
[2024-09-01T04:52:59.567+0000] {logging_mixin.py:190} INFO - [2024-09-01T04:52:59.566+0000] {dagbag.py:587} INFO - Filling up the DagBag from /home/ubuntu/airflow_snow/lib/python3.12/site-packages/airflow/example_dags/example_branch_operator.py
[2024-09-01T04:52:59.569+0000] {processor.py:927} WARNING - No viable dags retrieved from /home/ubuntu/airflow_snow/lib/python3.12/site-packages/airflow/example_dags/example_branch_operator.py
[2024-09-01T04:52:59.579+0000] {processor.py:208} INFO - Processing /home/ubuntu/airflow_snow/lib/python3.12/site-packages/airflow/example_dags/example_branch_operator.py took 0.020 seconds
