[2024-09-01T04:28:37.220+0000] {processor.py:186} INFO - Started process (PID=2158) to work on /home/ubuntu/airflow_snow/lib/python3.12/site-packages/airflow/example_dags/example_xcom.py
[2024-09-01T04:28:37.221+0000] {processor.py:914} INFO - Processing file /home/ubuntu/airflow_snow/lib/python3.12/site-packages/airflow/example_dags/example_xcom.py for tasks to queue
[2024-09-01T04:28:37.223+0000] {logging_mixin.py:190} INFO - [2024-09-01T04:28:37.222+0000] {dagbag.py:587} INFO - Filling up the DagBag from /home/ubuntu/airflow_snow/lib/python3.12/site-packages/airflow/example_dags/example_xcom.py
[2024-09-01T04:28:37.231+0000] {processor.py:925} INFO - DAG(s) 'example_xcom' retrieved from /home/ubuntu/airflow_snow/lib/python3.12/site-packages/airflow/example_dags/example_xcom.py
[2024-09-01T04:28:37.339+0000] {logging_mixin.py:190} INFO - [2024-09-01T04:28:37.339+0000] {override.py:1900} INFO - Created Permission View: can delete on DAG:example_xcom
[2024-09-01T04:28:37.355+0000] {logging_mixin.py:190} INFO - [2024-09-01T04:28:37.354+0000] {override.py:1900} INFO - Created Permission View: can read on DAG:example_xcom
[2024-09-01T04:28:37.369+0000] {logging_mixin.py:190} INFO - [2024-09-01T04:28:37.369+0000] {override.py:1900} INFO - Created Permission View: can edit on DAG:example_xcom
[2024-09-01T04:28:37.389+0000] {logging_mixin.py:190} INFO - [2024-09-01T04:28:37.389+0000] {override.py:1900} INFO - Created Permission View: menu access on DAG Run:example_xcom
[2024-09-01T04:28:37.403+0000] {logging_mixin.py:190} INFO - [2024-09-01T04:28:37.403+0000] {override.py:1900} INFO - Created Permission View: can create on DAG Run:example_xcom
[2024-09-01T04:28:37.417+0000] {logging_mixin.py:190} INFO - [2024-09-01T04:28:37.416+0000] {override.py:1900} INFO - Created Permission View: can read on DAG Run:example_xcom
[2024-09-01T04:28:37.431+0000] {logging_mixin.py:190} INFO - [2024-09-01T04:28:37.430+0000] {override.py:1900} INFO - Created Permission View: can delete on DAG Run:example_xcom
[2024-09-01T04:28:37.431+0000] {logging_mixin.py:190} INFO - [2024-09-01T04:28:37.431+0000] {dag.py:3211} INFO - Sync 1 DAGs
[2024-09-01T04:28:37.441+0000] {logging_mixin.py:190} INFO - [2024-09-01T04:28:37.441+0000] {dag.py:3234} INFO - Creating ORM DAG for example_xcom
[2024-09-01T04:28:37.448+0000] {logging_mixin.py:190} INFO - [2024-09-01T04:28:37.447+0000] {dag.py:4138} INFO - Setting next_dagrun for example_xcom to 2021-01-01 00:00:00+00:00, run_after=2021-01-01 00:00:00+00:00
[2024-09-01T04:28:37.479+0000] {processor.py:208} INFO - Processing /home/ubuntu/airflow_snow/lib/python3.12/site-packages/airflow/example_dags/example_xcom.py took 0.264 seconds
[2024-09-01T04:29:43.839+0000] {processor.py:186} INFO - Started process (PID=2214) to work on /home/ubuntu/airflow_snow/lib/python3.12/site-packages/airflow/example_dags/example_xcom.py
[2024-09-01T04:29:43.840+0000] {processor.py:914} INFO - Processing file /home/ubuntu/airflow_snow/lib/python3.12/site-packages/airflow/example_dags/example_xcom.py for tasks to queue
[2024-09-01T04:29:43.842+0000] {logging_mixin.py:190} INFO - [2024-09-01T04:29:43.842+0000] {dagbag.py:587} INFO - Filling up the DagBag from /home/ubuntu/airflow_snow/lib/python3.12/site-packages/airflow/example_dags/example_xcom.py
[2024-09-01T04:29:43.851+0000] {processor.py:925} INFO - DAG(s) 'example_xcom' retrieved from /home/ubuntu/airflow_snow/lib/python3.12/site-packages/airflow/example_dags/example_xcom.py
[2024-09-01T04:29:43.866+0000] {logging_mixin.py:190} INFO - [2024-09-01T04:29:43.866+0000] {dag.py:3211} INFO - Sync 1 DAGs
[2024-09-01T04:29:43.882+0000] {logging_mixin.py:190} INFO - [2024-09-01T04:29:43.882+0000] {dag.py:4138} INFO - Setting next_dagrun for example_xcom to 2021-01-01 00:00:00+00:00, run_after=2021-01-01 00:00:00+00:00
[2024-09-01T04:29:43.904+0000] {processor.py:208} INFO - Processing /home/ubuntu/airflow_snow/lib/python3.12/site-packages/airflow/example_dags/example_xcom.py took 0.070 seconds
[2024-09-01T04:30:37.278+0000] {processor.py:186} INFO - Started process (PID=2275) to work on /home/ubuntu/airflow_snow/lib/python3.12/site-packages/airflow/example_dags/example_xcom.py
[2024-09-01T04:30:37.282+0000] {processor.py:914} INFO - Processing file /home/ubuntu/airflow_snow/lib/python3.12/site-packages/airflow/example_dags/example_xcom.py for tasks to queue
[2024-09-01T04:30:37.283+0000] {logging_mixin.py:190} INFO - [2024-09-01T04:30:37.283+0000] {dagbag.py:587} INFO - Filling up the DagBag from /home/ubuntu/airflow_snow/lib/python3.12/site-packages/airflow/example_dags/example_xcom.py
[2024-09-01T04:30:37.290+0000] {processor.py:925} INFO - DAG(s) 'example_xcom' retrieved from /home/ubuntu/airflow_snow/lib/python3.12/site-packages/airflow/example_dags/example_xcom.py
[2024-09-01T04:30:37.302+0000] {logging_mixin.py:190} INFO - [2024-09-01T04:30:37.302+0000] {dag.py:3211} INFO - Sync 1 DAGs
[2024-09-01T04:30:37.334+0000] {logging_mixin.py:190} INFO - [2024-09-01T04:30:37.333+0000] {dag.py:4138} INFO - Setting next_dagrun for example_xcom to 2021-01-01 00:00:00+00:00, run_after=2021-01-01 00:00:00+00:00
[2024-09-01T04:30:37.356+0000] {processor.py:208} INFO - Processing /home/ubuntu/airflow_snow/lib/python3.12/site-packages/airflow/example_dags/example_xcom.py took 0.082 seconds
[2024-09-01T04:31:25.517+0000] {processor.py:186} INFO - Started process (PID=2326) to work on /home/ubuntu/airflow_snow/lib/python3.12/site-packages/airflow/example_dags/example_xcom.py
[2024-09-01T04:31:25.520+0000] {processor.py:914} INFO - Processing file /home/ubuntu/airflow_snow/lib/python3.12/site-packages/airflow/example_dags/example_xcom.py for tasks to queue
[2024-09-01T04:31:25.522+0000] {logging_mixin.py:190} INFO - [2024-09-01T04:31:25.522+0000] {dagbag.py:587} INFO - Filling up the DagBag from /home/ubuntu/airflow_snow/lib/python3.12/site-packages/airflow/example_dags/example_xcom.py
[2024-09-01T04:31:25.530+0000] {processor.py:925} INFO - DAG(s) 'example_xcom' retrieved from /home/ubuntu/airflow_snow/lib/python3.12/site-packages/airflow/example_dags/example_xcom.py
[2024-09-01T04:31:25.545+0000] {logging_mixin.py:190} INFO - [2024-09-01T04:31:25.545+0000] {dag.py:3211} INFO - Sync 1 DAGs
[2024-09-01T04:31:25.562+0000] {logging_mixin.py:190} INFO - [2024-09-01T04:31:25.562+0000] {dag.py:4138} INFO - Setting next_dagrun for example_xcom to 2021-01-01 00:00:00+00:00, run_after=2021-01-01 00:00:00+00:00
[2024-09-01T04:31:25.585+0000] {processor.py:208} INFO - Processing /home/ubuntu/airflow_snow/lib/python3.12/site-packages/airflow/example_dags/example_xcom.py took 0.073 seconds
[2024-09-01T04:32:13.486+0000] {processor.py:186} INFO - Started process (PID=2375) to work on /home/ubuntu/airflow_snow/lib/python3.12/site-packages/airflow/example_dags/example_xcom.py
[2024-09-01T04:32:13.489+0000] {processor.py:914} INFO - Processing file /home/ubuntu/airflow_snow/lib/python3.12/site-packages/airflow/example_dags/example_xcom.py for tasks to queue
[2024-09-01T04:32:13.491+0000] {logging_mixin.py:190} INFO - [2024-09-01T04:32:13.491+0000] {dagbag.py:587} INFO - Filling up the DagBag from /home/ubuntu/airflow_snow/lib/python3.12/site-packages/airflow/example_dags/example_xcom.py
[2024-09-01T04:32:13.501+0000] {processor.py:925} INFO - DAG(s) 'example_xcom' retrieved from /home/ubuntu/airflow_snow/lib/python3.12/site-packages/airflow/example_dags/example_xcom.py
[2024-09-01T04:32:13.515+0000] {logging_mixin.py:190} INFO - [2024-09-01T04:32:13.515+0000] {dag.py:3211} INFO - Sync 1 DAGs
[2024-09-01T04:32:13.533+0000] {logging_mixin.py:190} INFO - [2024-09-01T04:32:13.533+0000] {dag.py:4138} INFO - Setting next_dagrun for example_xcom to 2021-01-01 00:00:00+00:00, run_after=2021-01-01 00:00:00+00:00
[2024-09-01T04:32:13.554+0000] {processor.py:208} INFO - Processing /home/ubuntu/airflow_snow/lib/python3.12/site-packages/airflow/example_dags/example_xcom.py took 0.073 seconds
[2024-09-01T04:33:02.230+0000] {processor.py:186} INFO - Started process (PID=2425) to work on /home/ubuntu/airflow_snow/lib/python3.12/site-packages/airflow/example_dags/example_xcom.py
[2024-09-01T04:33:02.232+0000] {processor.py:914} INFO - Processing file /home/ubuntu/airflow_snow/lib/python3.12/site-packages/airflow/example_dags/example_xcom.py for tasks to queue
[2024-09-01T04:33:02.234+0000] {logging_mixin.py:190} INFO - [2024-09-01T04:33:02.234+0000] {dagbag.py:587} INFO - Filling up the DagBag from /home/ubuntu/airflow_snow/lib/python3.12/site-packages/airflow/example_dags/example_xcom.py
[2024-09-01T04:33:02.242+0000] {processor.py:925} INFO - DAG(s) 'example_xcom' retrieved from /home/ubuntu/airflow_snow/lib/python3.12/site-packages/airflow/example_dags/example_xcom.py
[2024-09-01T04:33:02.258+0000] {logging_mixin.py:190} INFO - [2024-09-01T04:33:02.258+0000] {dag.py:3211} INFO - Sync 1 DAGs
[2024-09-01T04:33:02.276+0000] {logging_mixin.py:190} INFO - [2024-09-01T04:33:02.276+0000] {dag.py:4138} INFO - Setting next_dagrun for example_xcom to 2021-01-01 00:00:00+00:00, run_after=2021-01-01 00:00:00+00:00
[2024-09-01T04:33:02.299+0000] {processor.py:208} INFO - Processing /home/ubuntu/airflow_snow/lib/python3.12/site-packages/airflow/example_dags/example_xcom.py took 0.076 seconds
[2024-09-01T04:33:53.566+0000] {processor.py:186} INFO - Started process (PID=2478) to work on /home/ubuntu/airflow_snow/lib/python3.12/site-packages/airflow/example_dags/example_xcom.py
[2024-09-01T04:33:53.568+0000] {processor.py:914} INFO - Processing file /home/ubuntu/airflow_snow/lib/python3.12/site-packages/airflow/example_dags/example_xcom.py for tasks to queue
[2024-09-01T04:33:53.570+0000] {logging_mixin.py:190} INFO - [2024-09-01T04:33:53.570+0000] {dagbag.py:587} INFO - Filling up the DagBag from /home/ubuntu/airflow_snow/lib/python3.12/site-packages/airflow/example_dags/example_xcom.py
[2024-09-01T04:33:53.580+0000] {processor.py:925} INFO - DAG(s) 'example_xcom' retrieved from /home/ubuntu/airflow_snow/lib/python3.12/site-packages/airflow/example_dags/example_xcom.py
[2024-09-01T04:33:53.595+0000] {logging_mixin.py:190} INFO - [2024-09-01T04:33:53.595+0000] {dag.py:3211} INFO - Sync 1 DAGs
[2024-09-01T04:33:53.613+0000] {logging_mixin.py:190} INFO - [2024-09-01T04:33:53.612+0000] {dag.py:4138} INFO - Setting next_dagrun for example_xcom to 2021-01-01 00:00:00+00:00, run_after=2021-01-01 00:00:00+00:00
[2024-09-01T04:33:53.633+0000] {processor.py:208} INFO - Processing /home/ubuntu/airflow_snow/lib/python3.12/site-packages/airflow/example_dags/example_xcom.py took 0.072 seconds
[2024-09-01T04:34:43.135+0000] {processor.py:186} INFO - Started process (PID=2530) to work on /home/ubuntu/airflow_snow/lib/python3.12/site-packages/airflow/example_dags/example_xcom.py
[2024-09-01T04:34:43.137+0000] {processor.py:914} INFO - Processing file /home/ubuntu/airflow_snow/lib/python3.12/site-packages/airflow/example_dags/example_xcom.py for tasks to queue
[2024-09-01T04:34:43.139+0000] {logging_mixin.py:190} INFO - [2024-09-01T04:34:43.138+0000] {dagbag.py:587} INFO - Filling up the DagBag from /home/ubuntu/airflow_snow/lib/python3.12/site-packages/airflow/example_dags/example_xcom.py
[2024-09-01T04:34:43.148+0000] {processor.py:925} INFO - DAG(s) 'example_xcom' retrieved from /home/ubuntu/airflow_snow/lib/python3.12/site-packages/airflow/example_dags/example_xcom.py
[2024-09-01T04:34:43.162+0000] {logging_mixin.py:190} INFO - [2024-09-01T04:34:43.162+0000] {dag.py:3211} INFO - Sync 1 DAGs
[2024-09-01T04:34:43.179+0000] {logging_mixin.py:190} INFO - [2024-09-01T04:34:43.179+0000] {dag.py:4138} INFO - Setting next_dagrun for example_xcom to 2021-01-01 00:00:00+00:00, run_after=2021-01-01 00:00:00+00:00
[2024-09-01T04:34:43.203+0000] {processor.py:208} INFO - Processing /home/ubuntu/airflow_snow/lib/python3.12/site-packages/airflow/example_dags/example_xcom.py took 0.073 seconds
[2024-09-01T04:35:31.091+0000] {processor.py:186} INFO - Started process (PID=2584) to work on /home/ubuntu/airflow_snow/lib/python3.12/site-packages/airflow/example_dags/example_xcom.py
[2024-09-01T04:35:31.093+0000] {processor.py:914} INFO - Processing file /home/ubuntu/airflow_snow/lib/python3.12/site-packages/airflow/example_dags/example_xcom.py for tasks to queue
[2024-09-01T04:35:31.095+0000] {logging_mixin.py:190} INFO - [2024-09-01T04:35:31.095+0000] {dagbag.py:587} INFO - Filling up the DagBag from /home/ubuntu/airflow_snow/lib/python3.12/site-packages/airflow/example_dags/example_xcom.py
[2024-09-01T04:35:31.105+0000] {processor.py:925} INFO - DAG(s) 'example_xcom' retrieved from /home/ubuntu/airflow_snow/lib/python3.12/site-packages/airflow/example_dags/example_xcom.py
[2024-09-01T04:35:31.119+0000] {logging_mixin.py:190} INFO - [2024-09-01T04:35:31.119+0000] {dag.py:3211} INFO - Sync 1 DAGs
[2024-09-01T04:35:31.137+0000] {logging_mixin.py:190} INFO - [2024-09-01T04:35:31.137+0000] {dag.py:4138} INFO - Setting next_dagrun for example_xcom to 2021-01-01 00:00:00+00:00, run_after=2021-01-01 00:00:00+00:00
[2024-09-01T04:35:31.159+0000] {processor.py:208} INFO - Processing /home/ubuntu/airflow_snow/lib/python3.12/site-packages/airflow/example_dags/example_xcom.py took 0.074 seconds
[2024-09-01T04:36:22.584+0000] {processor.py:186} INFO - Started process (PID=2635) to work on /home/ubuntu/airflow_snow/lib/python3.12/site-packages/airflow/example_dags/example_xcom.py
[2024-09-01T04:36:22.585+0000] {processor.py:914} INFO - Processing file /home/ubuntu/airflow_snow/lib/python3.12/site-packages/airflow/example_dags/example_xcom.py for tasks to queue
[2024-09-01T04:36:22.587+0000] {logging_mixin.py:190} INFO - [2024-09-01T04:36:22.587+0000] {dagbag.py:587} INFO - Filling up the DagBag from /home/ubuntu/airflow_snow/lib/python3.12/site-packages/airflow/example_dags/example_xcom.py
[2024-09-01T04:36:22.596+0000] {processor.py:925} INFO - DAG(s) 'example_xcom' retrieved from /home/ubuntu/airflow_snow/lib/python3.12/site-packages/airflow/example_dags/example_xcom.py
[2024-09-01T04:36:22.611+0000] {logging_mixin.py:190} INFO - [2024-09-01T04:36:22.611+0000] {dag.py:3211} INFO - Sync 1 DAGs
[2024-09-01T04:36:22.629+0000] {logging_mixin.py:190} INFO - [2024-09-01T04:36:22.629+0000] {dag.py:4138} INFO - Setting next_dagrun for example_xcom to 2021-01-01 00:00:00+00:00, run_after=2021-01-01 00:00:00+00:00
[2024-09-01T04:36:22.650+0000] {processor.py:208} INFO - Processing /home/ubuntu/airflow_snow/lib/python3.12/site-packages/airflow/example_dags/example_xcom.py took 0.073 seconds
[2024-09-01T04:37:16.163+0000] {processor.py:186} INFO - Started process (PID=2689) to work on /home/ubuntu/airflow_snow/lib/python3.12/site-packages/airflow/example_dags/example_xcom.py
[2024-09-01T04:37:16.168+0000] {processor.py:914} INFO - Processing file /home/ubuntu/airflow_snow/lib/python3.12/site-packages/airflow/example_dags/example_xcom.py for tasks to queue
[2024-09-01T04:37:16.169+0000] {logging_mixin.py:190} INFO - [2024-09-01T04:37:16.169+0000] {dagbag.py:587} INFO - Filling up the DagBag from /home/ubuntu/airflow_snow/lib/python3.12/site-packages/airflow/example_dags/example_xcom.py
[2024-09-01T04:37:16.177+0000] {processor.py:925} INFO - DAG(s) 'example_xcom' retrieved from /home/ubuntu/airflow_snow/lib/python3.12/site-packages/airflow/example_dags/example_xcom.py
[2024-09-01T04:37:16.192+0000] {logging_mixin.py:190} INFO - [2024-09-01T04:37:16.191+0000] {dag.py:3211} INFO - Sync 1 DAGs
[2024-09-01T04:37:16.210+0000] {logging_mixin.py:190} INFO - [2024-09-01T04:37:16.210+0000] {dag.py:4138} INFO - Setting next_dagrun for example_xcom to 2021-01-01 00:00:00+00:00, run_after=2021-01-01 00:00:00+00:00
[2024-09-01T04:37:16.231+0000] {processor.py:208} INFO - Processing /home/ubuntu/airflow_snow/lib/python3.12/site-packages/airflow/example_dags/example_xcom.py took 0.072 seconds
[2024-09-01T04:38:06.512+0000] {processor.py:186} INFO - Started process (PID=2740) to work on /home/ubuntu/airflow_snow/lib/python3.12/site-packages/airflow/example_dags/example_xcom.py
[2024-09-01T04:38:06.515+0000] {processor.py:914} INFO - Processing file /home/ubuntu/airflow_snow/lib/python3.12/site-packages/airflow/example_dags/example_xcom.py for tasks to queue
[2024-09-01T04:38:06.516+0000] {logging_mixin.py:190} INFO - [2024-09-01T04:38:06.516+0000] {dagbag.py:587} INFO - Filling up the DagBag from /home/ubuntu/airflow_snow/lib/python3.12/site-packages/airflow/example_dags/example_xcom.py
[2024-09-01T04:38:06.525+0000] {processor.py:925} INFO - DAG(s) 'example_xcom' retrieved from /home/ubuntu/airflow_snow/lib/python3.12/site-packages/airflow/example_dags/example_xcom.py
[2024-09-01T04:38:06.540+0000] {logging_mixin.py:190} INFO - [2024-09-01T04:38:06.539+0000] {dag.py:3211} INFO - Sync 1 DAGs
[2024-09-01T04:38:06.558+0000] {logging_mixin.py:190} INFO - [2024-09-01T04:38:06.557+0000] {dag.py:4138} INFO - Setting next_dagrun for example_xcom to 2021-01-01 00:00:00+00:00, run_after=2021-01-01 00:00:00+00:00
[2024-09-01T04:38:06.580+0000] {processor.py:208} INFO - Processing /home/ubuntu/airflow_snow/lib/python3.12/site-packages/airflow/example_dags/example_xcom.py took 0.074 seconds
[2024-09-01T04:38:56.885+0000] {processor.py:186} INFO - Started process (PID=2791) to work on /home/ubuntu/airflow_snow/lib/python3.12/site-packages/airflow/example_dags/example_xcom.py
[2024-09-01T04:38:56.888+0000] {processor.py:914} INFO - Processing file /home/ubuntu/airflow_snow/lib/python3.12/site-packages/airflow/example_dags/example_xcom.py for tasks to queue
[2024-09-01T04:38:56.890+0000] {logging_mixin.py:190} INFO - [2024-09-01T04:38:56.890+0000] {dagbag.py:587} INFO - Filling up the DagBag from /home/ubuntu/airflow_snow/lib/python3.12/site-packages/airflow/example_dags/example_xcom.py
[2024-09-01T04:38:56.898+0000] {processor.py:925} INFO - DAG(s) 'example_xcom' retrieved from /home/ubuntu/airflow_snow/lib/python3.12/site-packages/airflow/example_dags/example_xcom.py
[2024-09-01T04:38:56.914+0000] {logging_mixin.py:190} INFO - [2024-09-01T04:38:56.914+0000] {dag.py:3211} INFO - Sync 1 DAGs
[2024-09-01T04:38:56.931+0000] {logging_mixin.py:190} INFO - [2024-09-01T04:38:56.931+0000] {dag.py:4138} INFO - Setting next_dagrun for example_xcom to 2021-01-01 00:00:00+00:00, run_after=2021-01-01 00:00:00+00:00
[2024-09-01T04:38:56.956+0000] {processor.py:208} INFO - Processing /home/ubuntu/airflow_snow/lib/python3.12/site-packages/airflow/example_dags/example_xcom.py took 0.077 seconds
[2024-09-01T04:39:48.419+0000] {processor.py:186} INFO - Started process (PID=2844) to work on /home/ubuntu/airflow_snow/lib/python3.12/site-packages/airflow/example_dags/example_xcom.py
[2024-09-01T04:39:48.422+0000] {processor.py:914} INFO - Processing file /home/ubuntu/airflow_snow/lib/python3.12/site-packages/airflow/example_dags/example_xcom.py for tasks to queue
[2024-09-01T04:39:48.423+0000] {logging_mixin.py:190} INFO - [2024-09-01T04:39:48.423+0000] {dagbag.py:587} INFO - Filling up the DagBag from /home/ubuntu/airflow_snow/lib/python3.12/site-packages/airflow/example_dags/example_xcom.py
[2024-09-01T04:39:48.431+0000] {processor.py:925} INFO - DAG(s) 'example_xcom' retrieved from /home/ubuntu/airflow_snow/lib/python3.12/site-packages/airflow/example_dags/example_xcom.py
[2024-09-01T04:39:48.447+0000] {logging_mixin.py:190} INFO - [2024-09-01T04:39:48.447+0000] {dag.py:3211} INFO - Sync 1 DAGs
[2024-09-01T04:39:48.465+0000] {logging_mixin.py:190} INFO - [2024-09-01T04:39:48.464+0000] {dag.py:4138} INFO - Setting next_dagrun for example_xcom to 2021-01-01 00:00:00+00:00, run_after=2021-01-01 00:00:00+00:00
[2024-09-01T04:39:48.484+0000] {processor.py:208} INFO - Processing /home/ubuntu/airflow_snow/lib/python3.12/site-packages/airflow/example_dags/example_xcom.py took 0.070 seconds
[2024-09-01T04:40:40.018+0000] {processor.py:186} INFO - Started process (PID=2900) to work on /home/ubuntu/airflow_snow/lib/python3.12/site-packages/airflow/example_dags/example_xcom.py
[2024-09-01T04:40:40.020+0000] {processor.py:914} INFO - Processing file /home/ubuntu/airflow_snow/lib/python3.12/site-packages/airflow/example_dags/example_xcom.py for tasks to queue
[2024-09-01T04:40:40.022+0000] {logging_mixin.py:190} INFO - [2024-09-01T04:40:40.022+0000] {dagbag.py:587} INFO - Filling up the DagBag from /home/ubuntu/airflow_snow/lib/python3.12/site-packages/airflow/example_dags/example_xcom.py
[2024-09-01T04:40:40.031+0000] {processor.py:925} INFO - DAG(s) 'example_xcom' retrieved from /home/ubuntu/airflow_snow/lib/python3.12/site-packages/airflow/example_dags/example_xcom.py
[2024-09-01T04:40:40.046+0000] {logging_mixin.py:190} INFO - [2024-09-01T04:40:40.046+0000] {dag.py:3211} INFO - Sync 1 DAGs
[2024-09-01T04:40:40.066+0000] {logging_mixin.py:190} INFO - [2024-09-01T04:40:40.066+0000] {dag.py:4138} INFO - Setting next_dagrun for example_xcom to 2021-01-01 00:00:00+00:00, run_after=2021-01-01 00:00:00+00:00
[2024-09-01T04:40:40.085+0000] {processor.py:208} INFO - Processing /home/ubuntu/airflow_snow/lib/python3.12/site-packages/airflow/example_dags/example_xcom.py took 0.072 seconds
[2024-09-01T04:41:32.568+0000] {processor.py:186} INFO - Started process (PID=2954) to work on /home/ubuntu/airflow_snow/lib/python3.12/site-packages/airflow/example_dags/example_xcom.py
[2024-09-01T04:41:32.570+0000] {processor.py:914} INFO - Processing file /home/ubuntu/airflow_snow/lib/python3.12/site-packages/airflow/example_dags/example_xcom.py for tasks to queue
[2024-09-01T04:41:32.573+0000] {logging_mixin.py:190} INFO - [2024-09-01T04:41:32.572+0000] {dagbag.py:587} INFO - Filling up the DagBag from /home/ubuntu/airflow_snow/lib/python3.12/site-packages/airflow/example_dags/example_xcom.py
[2024-09-01T04:41:32.581+0000] {processor.py:925} INFO - DAG(s) 'example_xcom' retrieved from /home/ubuntu/airflow_snow/lib/python3.12/site-packages/airflow/example_dags/example_xcom.py
[2024-09-01T04:41:32.597+0000] {logging_mixin.py:190} INFO - [2024-09-01T04:41:32.596+0000] {dag.py:3211} INFO - Sync 1 DAGs
[2024-09-01T04:41:32.615+0000] {logging_mixin.py:190} INFO - [2024-09-01T04:41:32.614+0000] {dag.py:4138} INFO - Setting next_dagrun for example_xcom to 2021-01-01 00:00:00+00:00, run_after=2021-01-01 00:00:00+00:00
[2024-09-01T04:41:32.638+0000] {processor.py:208} INFO - Processing /home/ubuntu/airflow_snow/lib/python3.12/site-packages/airflow/example_dags/example_xcom.py took 0.075 seconds
[2024-09-01T04:42:21.444+0000] {processor.py:186} INFO - Started process (PID=3004) to work on /home/ubuntu/airflow_snow/lib/python3.12/site-packages/airflow/example_dags/example_xcom.py
[2024-09-01T04:42:21.446+0000] {processor.py:914} INFO - Processing file /home/ubuntu/airflow_snow/lib/python3.12/site-packages/airflow/example_dags/example_xcom.py for tasks to queue
[2024-09-01T04:42:21.448+0000] {logging_mixin.py:190} INFO - [2024-09-01T04:42:21.448+0000] {dagbag.py:587} INFO - Filling up the DagBag from /home/ubuntu/airflow_snow/lib/python3.12/site-packages/airflow/example_dags/example_xcom.py
[2024-09-01T04:42:21.456+0000] {processor.py:925} INFO - DAG(s) 'example_xcom' retrieved from /home/ubuntu/airflow_snow/lib/python3.12/site-packages/airflow/example_dags/example_xcom.py
[2024-09-01T04:42:21.471+0000] {logging_mixin.py:190} INFO - [2024-09-01T04:42:21.471+0000] {dag.py:3211} INFO - Sync 1 DAGs
[2024-09-01T04:42:21.488+0000] {logging_mixin.py:190} INFO - [2024-09-01T04:42:21.488+0000] {dag.py:4138} INFO - Setting next_dagrun for example_xcom to 2021-01-01 00:00:00+00:00, run_after=2021-01-01 00:00:00+00:00
[2024-09-01T04:42:21.510+0000] {processor.py:208} INFO - Processing /home/ubuntu/airflow_snow/lib/python3.12/site-packages/airflow/example_dags/example_xcom.py took 0.072 seconds
[2024-09-01T04:43:11.734+0000] {processor.py:186} INFO - Started process (PID=3055) to work on /home/ubuntu/airflow_snow/lib/python3.12/site-packages/airflow/example_dags/example_xcom.py
[2024-09-01T04:43:11.735+0000] {processor.py:914} INFO - Processing file /home/ubuntu/airflow_snow/lib/python3.12/site-packages/airflow/example_dags/example_xcom.py for tasks to queue
[2024-09-01T04:43:11.738+0000] {logging_mixin.py:190} INFO - [2024-09-01T04:43:11.738+0000] {dagbag.py:587} INFO - Filling up the DagBag from /home/ubuntu/airflow_snow/lib/python3.12/site-packages/airflow/example_dags/example_xcom.py
[2024-09-01T04:43:11.747+0000] {processor.py:925} INFO - DAG(s) 'example_xcom' retrieved from /home/ubuntu/airflow_snow/lib/python3.12/site-packages/airflow/example_dags/example_xcom.py
[2024-09-01T04:43:11.762+0000] {logging_mixin.py:190} INFO - [2024-09-01T04:43:11.762+0000] {dag.py:3211} INFO - Sync 1 DAGs
[2024-09-01T04:43:11.779+0000] {logging_mixin.py:190} INFO - [2024-09-01T04:43:11.779+0000] {dag.py:4138} INFO - Setting next_dagrun for example_xcom to 2021-01-01 00:00:00+00:00, run_after=2021-01-01 00:00:00+00:00
[2024-09-01T04:43:11.800+0000] {processor.py:208} INFO - Processing /home/ubuntu/airflow_snow/lib/python3.12/site-packages/airflow/example_dags/example_xcom.py took 0.071 seconds
[2024-09-01T04:44:00.764+0000] {processor.py:186} INFO - Started process (PID=3105) to work on /home/ubuntu/airflow_snow/lib/python3.12/site-packages/airflow/example_dags/example_xcom.py
[2024-09-01T04:44:00.767+0000] {processor.py:914} INFO - Processing file /home/ubuntu/airflow_snow/lib/python3.12/site-packages/airflow/example_dags/example_xcom.py for tasks to queue
[2024-09-01T04:44:00.770+0000] {logging_mixin.py:190} INFO - [2024-09-01T04:44:00.770+0000] {dagbag.py:587} INFO - Filling up the DagBag from /home/ubuntu/airflow_snow/lib/python3.12/site-packages/airflow/example_dags/example_xcom.py
[2024-09-01T04:44:00.779+0000] {processor.py:925} INFO - DAG(s) 'example_xcom' retrieved from /home/ubuntu/airflow_snow/lib/python3.12/site-packages/airflow/example_dags/example_xcom.py
[2024-09-01T04:44:00.794+0000] {logging_mixin.py:190} INFO - [2024-09-01T04:44:00.794+0000] {dag.py:3211} INFO - Sync 1 DAGs
[2024-09-01T04:44:00.811+0000] {logging_mixin.py:190} INFO - [2024-09-01T04:44:00.811+0000] {dag.py:4138} INFO - Setting next_dagrun for example_xcom to 2021-01-01 00:00:00+00:00, run_after=2021-01-01 00:00:00+00:00
[2024-09-01T04:44:00.834+0000] {processor.py:208} INFO - Processing /home/ubuntu/airflow_snow/lib/python3.12/site-packages/airflow/example_dags/example_xcom.py took 0.075 seconds
[2024-09-01T04:44:51.747+0000] {processor.py:186} INFO - Started process (PID=3161) to work on /home/ubuntu/airflow_snow/lib/python3.12/site-packages/airflow/example_dags/example_xcom.py
[2024-09-01T04:44:51.750+0000] {processor.py:914} INFO - Processing file /home/ubuntu/airflow_snow/lib/python3.12/site-packages/airflow/example_dags/example_xcom.py for tasks to queue
[2024-09-01T04:44:51.751+0000] {logging_mixin.py:190} INFO - [2024-09-01T04:44:51.751+0000] {dagbag.py:587} INFO - Filling up the DagBag from /home/ubuntu/airflow_snow/lib/python3.12/site-packages/airflow/example_dags/example_xcom.py
[2024-09-01T04:44:51.760+0000] {processor.py:925} INFO - DAG(s) 'example_xcom' retrieved from /home/ubuntu/airflow_snow/lib/python3.12/site-packages/airflow/example_dags/example_xcom.py
[2024-09-01T04:44:51.776+0000] {logging_mixin.py:190} INFO - [2024-09-01T04:44:51.775+0000] {dag.py:3211} INFO - Sync 1 DAGs
[2024-09-01T04:44:51.793+0000] {logging_mixin.py:190} INFO - [2024-09-01T04:44:51.792+0000] {dag.py:4138} INFO - Setting next_dagrun for example_xcom to 2021-01-01 00:00:00+00:00, run_after=2021-01-01 00:00:00+00:00
[2024-09-01T04:44:51.815+0000] {processor.py:208} INFO - Processing /home/ubuntu/airflow_snow/lib/python3.12/site-packages/airflow/example_dags/example_xcom.py took 0.074 seconds
[2024-09-01T04:45:38.075+0000] {processor.py:186} INFO - Started process (PID=3216) to work on /home/ubuntu/airflow_snow/lib/python3.12/site-packages/airflow/example_dags/example_xcom.py
[2024-09-01T04:45:38.077+0000] {processor.py:914} INFO - Processing file /home/ubuntu/airflow_snow/lib/python3.12/site-packages/airflow/example_dags/example_xcom.py for tasks to queue
[2024-09-01T04:45:38.079+0000] {logging_mixin.py:190} INFO - [2024-09-01T04:45:38.079+0000] {dagbag.py:587} INFO - Filling up the DagBag from /home/ubuntu/airflow_snow/lib/python3.12/site-packages/airflow/example_dags/example_xcom.py
[2024-09-01T04:45:38.087+0000] {processor.py:925} INFO - DAG(s) 'example_xcom' retrieved from /home/ubuntu/airflow_snow/lib/python3.12/site-packages/airflow/example_dags/example_xcom.py
[2024-09-01T04:45:38.103+0000] {logging_mixin.py:190} INFO - [2024-09-01T04:45:38.103+0000] {dag.py:3211} INFO - Sync 1 DAGs
[2024-09-01T04:45:38.120+0000] {logging_mixin.py:190} INFO - [2024-09-01T04:45:38.120+0000] {dag.py:4138} INFO - Setting next_dagrun for example_xcom to 2021-01-01 00:00:00+00:00, run_after=2021-01-01 00:00:00+00:00
[2024-09-01T04:45:38.145+0000] {processor.py:208} INFO - Processing /home/ubuntu/airflow_snow/lib/python3.12/site-packages/airflow/example_dags/example_xcom.py took 0.076 seconds
[2024-09-01T04:46:24.487+0000] {processor.py:186} INFO - Started process (PID=3264) to work on /home/ubuntu/airflow_snow/lib/python3.12/site-packages/airflow/example_dags/example_xcom.py
[2024-09-01T04:46:24.489+0000] {processor.py:914} INFO - Processing file /home/ubuntu/airflow_snow/lib/python3.12/site-packages/airflow/example_dags/example_xcom.py for tasks to queue
[2024-09-01T04:46:24.491+0000] {logging_mixin.py:190} INFO - [2024-09-01T04:46:24.491+0000] {dagbag.py:587} INFO - Filling up the DagBag from /home/ubuntu/airflow_snow/lib/python3.12/site-packages/airflow/example_dags/example_xcom.py
[2024-09-01T04:46:24.501+0000] {processor.py:925} INFO - DAG(s) 'example_xcom' retrieved from /home/ubuntu/airflow_snow/lib/python3.12/site-packages/airflow/example_dags/example_xcom.py
[2024-09-01T04:46:24.515+0000] {logging_mixin.py:190} INFO - [2024-09-01T04:46:24.515+0000] {dag.py:3211} INFO - Sync 1 DAGs
[2024-09-01T04:46:24.533+0000] {logging_mixin.py:190} INFO - [2024-09-01T04:46:24.533+0000] {dag.py:4138} INFO - Setting next_dagrun for example_xcom to 2021-01-01 00:00:00+00:00, run_after=2021-01-01 00:00:00+00:00
[2024-09-01T04:46:24.554+0000] {processor.py:208} INFO - Processing /home/ubuntu/airflow_snow/lib/python3.12/site-packages/airflow/example_dags/example_xcom.py took 0.072 seconds
[2024-09-01T04:47:13.559+0000] {processor.py:186} INFO - Started process (PID=3314) to work on /home/ubuntu/airflow_snow/lib/python3.12/site-packages/airflow/example_dags/example_xcom.py
[2024-09-01T04:47:13.561+0000] {processor.py:914} INFO - Processing file /home/ubuntu/airflow_snow/lib/python3.12/site-packages/airflow/example_dags/example_xcom.py for tasks to queue
[2024-09-01T04:47:13.563+0000] {logging_mixin.py:190} INFO - [2024-09-01T04:47:13.563+0000] {dagbag.py:587} INFO - Filling up the DagBag from /home/ubuntu/airflow_snow/lib/python3.12/site-packages/airflow/example_dags/example_xcom.py
[2024-09-01T04:47:13.571+0000] {processor.py:925} INFO - DAG(s) 'example_xcom' retrieved from /home/ubuntu/airflow_snow/lib/python3.12/site-packages/airflow/example_dags/example_xcom.py
[2024-09-01T04:47:13.587+0000] {logging_mixin.py:190} INFO - [2024-09-01T04:47:13.586+0000] {dag.py:3211} INFO - Sync 1 DAGs
[2024-09-01T04:47:13.604+0000] {logging_mixin.py:190} INFO - [2024-09-01T04:47:13.603+0000] {dag.py:4138} INFO - Setting next_dagrun for example_xcom to 2021-01-01 00:00:00+00:00, run_after=2021-01-01 00:00:00+00:00
[2024-09-01T04:47:13.623+0000] {processor.py:208} INFO - Processing /home/ubuntu/airflow_snow/lib/python3.12/site-packages/airflow/example_dags/example_xcom.py took 0.069 seconds
[2024-09-01T04:48:01.942+0000] {processor.py:186} INFO - Started process (PID=3365) to work on /home/ubuntu/airflow_snow/lib/python3.12/site-packages/airflow/example_dags/example_xcom.py
[2024-09-01T04:48:01.943+0000] {processor.py:914} INFO - Processing file /home/ubuntu/airflow_snow/lib/python3.12/site-packages/airflow/example_dags/example_xcom.py for tasks to queue
[2024-09-01T04:48:01.945+0000] {logging_mixin.py:190} INFO - [2024-09-01T04:48:01.945+0000] {dagbag.py:587} INFO - Filling up the DagBag from /home/ubuntu/airflow_snow/lib/python3.12/site-packages/airflow/example_dags/example_xcom.py
[2024-09-01T04:48:01.954+0000] {processor.py:925} INFO - DAG(s) 'example_xcom' retrieved from /home/ubuntu/airflow_snow/lib/python3.12/site-packages/airflow/example_dags/example_xcom.py
[2024-09-01T04:48:01.971+0000] {logging_mixin.py:190} INFO - [2024-09-01T04:48:01.970+0000] {dag.py:3211} INFO - Sync 1 DAGs
[2024-09-01T04:48:01.993+0000] {logging_mixin.py:190} INFO - [2024-09-01T04:48:01.991+0000] {dag.py:4138} INFO - Setting next_dagrun for example_xcom to 2021-01-01 00:00:00+00:00, run_after=2021-01-01 00:00:00+00:00
[2024-09-01T04:48:02.037+0000] {processor.py:208} INFO - Processing /home/ubuntu/airflow_snow/lib/python3.12/site-packages/airflow/example_dags/example_xcom.py took 0.103 seconds
[2024-09-01T04:48:50.314+0000] {processor.py:186} INFO - Started process (PID=3416) to work on /home/ubuntu/airflow_snow/lib/python3.12/site-packages/airflow/example_dags/example_xcom.py
[2024-09-01T04:48:50.316+0000] {processor.py:914} INFO - Processing file /home/ubuntu/airflow_snow/lib/python3.12/site-packages/airflow/example_dags/example_xcom.py for tasks to queue
[2024-09-01T04:48:50.318+0000] {logging_mixin.py:190} INFO - [2024-09-01T04:48:50.318+0000] {dagbag.py:587} INFO - Filling up the DagBag from /home/ubuntu/airflow_snow/lib/python3.12/site-packages/airflow/example_dags/example_xcom.py
[2024-09-01T04:48:50.327+0000] {processor.py:925} INFO - DAG(s) 'example_xcom' retrieved from /home/ubuntu/airflow_snow/lib/python3.12/site-packages/airflow/example_dags/example_xcom.py
[2024-09-01T04:48:50.343+0000] {logging_mixin.py:190} INFO - [2024-09-01T04:48:50.343+0000] {dag.py:3211} INFO - Sync 1 DAGs
[2024-09-01T04:48:50.360+0000] {logging_mixin.py:190} INFO - [2024-09-01T04:48:50.359+0000] {dag.py:4138} INFO - Setting next_dagrun for example_xcom to 2021-01-01 00:00:00+00:00, run_after=2021-01-01 00:00:00+00:00
[2024-09-01T04:48:50.381+0000] {processor.py:208} INFO - Processing /home/ubuntu/airflow_snow/lib/python3.12/site-packages/airflow/example_dags/example_xcom.py took 0.072 seconds
[2024-09-01T04:49:38.012+0000] {processor.py:186} INFO - Started process (PID=3466) to work on /home/ubuntu/airflow_snow/lib/python3.12/site-packages/airflow/example_dags/example_xcom.py
[2024-09-01T04:49:38.013+0000] {processor.py:914} INFO - Processing file /home/ubuntu/airflow_snow/lib/python3.12/site-packages/airflow/example_dags/example_xcom.py for tasks to queue
[2024-09-01T04:49:38.015+0000] {logging_mixin.py:190} INFO - [2024-09-01T04:49:38.014+0000] {dagbag.py:587} INFO - Filling up the DagBag from /home/ubuntu/airflow_snow/lib/python3.12/site-packages/airflow/example_dags/example_xcom.py
[2024-09-01T04:49:38.023+0000] {processor.py:925} INFO - DAG(s) 'example_xcom' retrieved from /home/ubuntu/airflow_snow/lib/python3.12/site-packages/airflow/example_dags/example_xcom.py
[2024-09-01T04:49:38.039+0000] {logging_mixin.py:190} INFO - [2024-09-01T04:49:38.038+0000] {dag.py:3211} INFO - Sync 1 DAGs
[2024-09-01T04:49:38.054+0000] {logging_mixin.py:190} INFO - [2024-09-01T04:49:38.054+0000] {dag.py:4138} INFO - Setting next_dagrun for example_xcom to 2021-01-01 00:00:00+00:00, run_after=2021-01-01 00:00:00+00:00
[2024-09-01T04:49:38.078+0000] {processor.py:208} INFO - Processing /home/ubuntu/airflow_snow/lib/python3.12/site-packages/airflow/example_dags/example_xcom.py took 0.071 seconds
[2024-09-01T04:50:21.542+0000] {processor.py:186} INFO - Started process (PID=3514) to work on /home/ubuntu/airflow_snow/lib/python3.12/site-packages/airflow/example_dags/example_xcom.py
[2024-09-01T04:50:21.545+0000] {processor.py:914} INFO - Processing file /home/ubuntu/airflow_snow/lib/python3.12/site-packages/airflow/example_dags/example_xcom.py for tasks to queue
[2024-09-01T04:50:21.547+0000] {logging_mixin.py:190} INFO - [2024-09-01T04:50:21.546+0000] {dagbag.py:587} INFO - Filling up the DagBag from /home/ubuntu/airflow_snow/lib/python3.12/site-packages/airflow/example_dags/example_xcom.py
[2024-09-01T04:50:21.555+0000] {processor.py:925} INFO - DAG(s) 'example_xcom' retrieved from /home/ubuntu/airflow_snow/lib/python3.12/site-packages/airflow/example_dags/example_xcom.py
[2024-09-01T04:50:21.570+0000] {logging_mixin.py:190} INFO - [2024-09-01T04:50:21.570+0000] {dag.py:3211} INFO - Sync 1 DAGs
[2024-09-01T04:50:21.587+0000] {logging_mixin.py:190} INFO - [2024-09-01T04:50:21.587+0000] {dag.py:4138} INFO - Setting next_dagrun for example_xcom to 2021-01-01 00:00:00+00:00, run_after=2021-01-01 00:00:00+00:00
[2024-09-01T04:50:21.612+0000] {processor.py:208} INFO - Processing /home/ubuntu/airflow_snow/lib/python3.12/site-packages/airflow/example_dags/example_xcom.py took 0.075 seconds
[2024-09-01T04:51:07.887+0000] {processor.py:186} INFO - Started process (PID=3566) to work on /home/ubuntu/airflow_snow/lib/python3.12/site-packages/airflow/example_dags/example_xcom.py
[2024-09-01T04:51:07.889+0000] {processor.py:914} INFO - Processing file /home/ubuntu/airflow_snow/lib/python3.12/site-packages/airflow/example_dags/example_xcom.py for tasks to queue
[2024-09-01T04:51:07.891+0000] {logging_mixin.py:190} INFO - [2024-09-01T04:51:07.891+0000] {dagbag.py:587} INFO - Filling up the DagBag from /home/ubuntu/airflow_snow/lib/python3.12/site-packages/airflow/example_dags/example_xcom.py
[2024-09-01T04:51:07.900+0000] {processor.py:925} INFO - DAG(s) 'example_xcom' retrieved from /home/ubuntu/airflow_snow/lib/python3.12/site-packages/airflow/example_dags/example_xcom.py
[2024-09-01T04:51:07.916+0000] {logging_mixin.py:190} INFO - [2024-09-01T04:51:07.916+0000] {dag.py:3211} INFO - Sync 1 DAGs
[2024-09-01T04:51:07.934+0000] {logging_mixin.py:190} INFO - [2024-09-01T04:51:07.933+0000] {dag.py:4138} INFO - Setting next_dagrun for example_xcom to 2021-01-01 00:00:00+00:00, run_after=2021-01-01 00:00:00+00:00
[2024-09-01T04:51:07.957+0000] {processor.py:208} INFO - Processing /home/ubuntu/airflow_snow/lib/python3.12/site-packages/airflow/example_dags/example_xcom.py took 0.075 seconds
[2024-09-01T04:51:59.277+0000] {processor.py:186} INFO - Started process (PID=3619) to work on /home/ubuntu/airflow_snow/lib/python3.12/site-packages/airflow/example_dags/example_xcom.py
[2024-09-01T04:51:59.279+0000] {processor.py:914} INFO - Processing file /home/ubuntu/airflow_snow/lib/python3.12/site-packages/airflow/example_dags/example_xcom.py for tasks to queue
[2024-09-01T04:51:59.281+0000] {logging_mixin.py:190} INFO - [2024-09-01T04:51:59.281+0000] {dagbag.py:587} INFO - Filling up the DagBag from /home/ubuntu/airflow_snow/lib/python3.12/site-packages/airflow/example_dags/example_xcom.py
[2024-09-01T04:51:59.290+0000] {processor.py:925} INFO - DAG(s) 'example_xcom' retrieved from /home/ubuntu/airflow_snow/lib/python3.12/site-packages/airflow/example_dags/example_xcom.py
[2024-09-01T04:51:59.306+0000] {logging_mixin.py:190} INFO - [2024-09-01T04:51:59.305+0000] {dag.py:3211} INFO - Sync 1 DAGs
[2024-09-01T04:51:59.321+0000] {logging_mixin.py:190} INFO - [2024-09-01T04:51:59.321+0000] {dag.py:4138} INFO - Setting next_dagrun for example_xcom to 2021-01-01 00:00:00+00:00, run_after=2021-01-01 00:00:00+00:00
[2024-09-01T04:51:59.343+0000] {processor.py:208} INFO - Processing /home/ubuntu/airflow_snow/lib/python3.12/site-packages/airflow/example_dags/example_xcom.py took 0.072 seconds
[2024-09-01T04:52:48.288+0000] {processor.py:186} INFO - Started process (PID=3669) to work on /home/ubuntu/airflow_snow/lib/python3.12/site-packages/airflow/example_dags/example_xcom.py
[2024-09-01T04:52:48.290+0000] {processor.py:914} INFO - Processing file /home/ubuntu/airflow_snow/lib/python3.12/site-packages/airflow/example_dags/example_xcom.py for tasks to queue
[2024-09-01T04:52:48.292+0000] {logging_mixin.py:190} INFO - [2024-09-01T04:52:48.292+0000] {dagbag.py:587} INFO - Filling up the DagBag from /home/ubuntu/airflow_snow/lib/python3.12/site-packages/airflow/example_dags/example_xcom.py
[2024-09-01T04:52:48.301+0000] {processor.py:925} INFO - DAG(s) 'example_xcom' retrieved from /home/ubuntu/airflow_snow/lib/python3.12/site-packages/airflow/example_dags/example_xcom.py
[2024-09-01T04:52:48.315+0000] {logging_mixin.py:190} INFO - [2024-09-01T04:52:48.315+0000] {dag.py:3211} INFO - Sync 1 DAGs
[2024-09-01T04:52:48.332+0000] {logging_mixin.py:190} INFO - [2024-09-01T04:52:48.332+0000] {dag.py:4138} INFO - Setting next_dagrun for example_xcom to 2021-01-01 00:00:00+00:00, run_after=2021-01-01 00:00:00+00:00
[2024-09-01T04:52:48.355+0000] {processor.py:208} INFO - Processing /home/ubuntu/airflow_snow/lib/python3.12/site-packages/airflow/example_dags/example_xcom.py took 0.072 seconds
