[2024-09-01T04:28:55.879+0000] {processor.py:186} INFO - Started process (PID=2173) to work on /home/ubuntu/airflow_snow/lib/python3.12/site-packages/airflow/example_dags/example_latest_only.py
[2024-09-01T04:28:55.879+0000] {processor.py:914} INFO - Processing file /home/ubuntu/airflow_snow/lib/python3.12/site-packages/airflow/example_dags/example_latest_only.py for tasks to queue
[2024-09-01T04:28:55.882+0000] {logging_mixin.py:190} INFO - [2024-09-01T04:28:55.882+0000] {dagbag.py:587} INFO - Filling up the DagBag from /home/ubuntu/airflow_snow/lib/python3.12/site-packages/airflow/example_dags/example_latest_only.py
[2024-09-01T04:28:55.889+0000] {processor.py:925} INFO - DAG(s) 'latest_only' retrieved from /home/ubuntu/airflow_snow/lib/python3.12/site-packages/airflow/example_dags/example_latest_only.py
[2024-09-01T04:28:56.079+0000] {logging_mixin.py:190} INFO - [2024-09-01T04:28:56.078+0000] {override.py:1900} INFO - Created Permission View: can delete on DAG:latest_only
[2024-09-01T04:28:56.093+0000] {logging_mixin.py:190} INFO - [2024-09-01T04:28:56.093+0000] {override.py:1900} INFO - Created Permission View: can read on DAG:latest_only
[2024-09-01T04:28:56.105+0000] {logging_mixin.py:190} INFO - [2024-09-01T04:28:56.105+0000] {override.py:1900} INFO - Created Permission View: can edit on DAG:latest_only
[2024-09-01T04:28:56.124+0000] {logging_mixin.py:190} INFO - [2024-09-01T04:28:56.124+0000] {override.py:1900} INFO - Created Permission View: menu access on DAG Run:latest_only
[2024-09-01T04:28:56.135+0000] {logging_mixin.py:190} INFO - [2024-09-01T04:28:56.134+0000] {override.py:1900} INFO - Created Permission View: can create on DAG Run:latest_only
[2024-09-01T04:28:56.148+0000] {logging_mixin.py:190} INFO - [2024-09-01T04:28:56.148+0000] {override.py:1900} INFO - Created Permission View: can read on DAG Run:latest_only
[2024-09-01T04:28:56.158+0000] {logging_mixin.py:190} INFO - [2024-09-01T04:28:56.158+0000] {override.py:1900} INFO - Created Permission View: can delete on DAG Run:latest_only
[2024-09-01T04:28:56.159+0000] {logging_mixin.py:190} INFO - [2024-09-01T04:28:56.158+0000] {dag.py:3211} INFO - Sync 1 DAGs
[2024-09-01T04:28:56.167+0000] {logging_mixin.py:190} INFO - [2024-09-01T04:28:56.167+0000] {dag.py:3234} INFO - Creating ORM DAG for latest_only
[2024-09-01T04:28:56.176+0000] {logging_mixin.py:190} INFO - [2024-09-01T04:28:56.175+0000] {dag.py:4138} INFO - Setting next_dagrun for latest_only to 2024-09-01 00:00:00+00:00, run_after=2024-09-01 04:00:00+00:00
[2024-09-01T04:28:56.195+0000] {processor.py:208} INFO - Processing /home/ubuntu/airflow_snow/lib/python3.12/site-packages/airflow/example_dags/example_latest_only.py took 0.321 seconds
[2024-09-01T04:29:58.143+0000] {processor.py:186} INFO - Started process (PID=2229) to work on /home/ubuntu/airflow_snow/lib/python3.12/site-packages/airflow/example_dags/example_latest_only.py
[2024-09-01T04:29:58.146+0000] {processor.py:914} INFO - Processing file /home/ubuntu/airflow_snow/lib/python3.12/site-packages/airflow/example_dags/example_latest_only.py for tasks to queue
[2024-09-01T04:29:58.147+0000] {logging_mixin.py:190} INFO - [2024-09-01T04:29:58.147+0000] {dagbag.py:587} INFO - Filling up the DagBag from /home/ubuntu/airflow_snow/lib/python3.12/site-packages/airflow/example_dags/example_latest_only.py
[2024-09-01T04:29:58.154+0000] {processor.py:925} INFO - DAG(s) 'latest_only' retrieved from /home/ubuntu/airflow_snow/lib/python3.12/site-packages/airflow/example_dags/example_latest_only.py
[2024-09-01T04:29:58.168+0000] {logging_mixin.py:190} INFO - [2024-09-01T04:29:58.167+0000] {dag.py:3211} INFO - Sync 1 DAGs
[2024-09-01T04:29:58.186+0000] {logging_mixin.py:190} INFO - [2024-09-01T04:29:58.186+0000] {dag.py:4138} INFO - Setting next_dagrun for latest_only to 2024-09-01 00:00:00+00:00, run_after=2024-09-01 04:00:00+00:00
[2024-09-01T04:29:58.208+0000] {processor.py:208} INFO - Processing /home/ubuntu/airflow_snow/lib/python3.12/site-packages/airflow/example_dags/example_latest_only.py took 0.070 seconds
[2024-09-01T04:30:54.679+0000] {processor.py:186} INFO - Started process (PID=2292) to work on /home/ubuntu/airflow_snow/lib/python3.12/site-packages/airflow/example_dags/example_latest_only.py
[2024-09-01T04:30:54.682+0000] {processor.py:914} INFO - Processing file /home/ubuntu/airflow_snow/lib/python3.12/site-packages/airflow/example_dags/example_latest_only.py for tasks to queue
[2024-09-01T04:30:54.684+0000] {logging_mixin.py:190} INFO - [2024-09-01T04:30:54.683+0000] {dagbag.py:587} INFO - Filling up the DagBag from /home/ubuntu/airflow_snow/lib/python3.12/site-packages/airflow/example_dags/example_latest_only.py
[2024-09-01T04:30:54.690+0000] {processor.py:925} INFO - DAG(s) 'latest_only' retrieved from /home/ubuntu/airflow_snow/lib/python3.12/site-packages/airflow/example_dags/example_latest_only.py
[2024-09-01T04:30:54.704+0000] {logging_mixin.py:190} INFO - [2024-09-01T04:30:54.703+0000] {dag.py:3211} INFO - Sync 1 DAGs
[2024-09-01T04:30:54.721+0000] {logging_mixin.py:190} INFO - [2024-09-01T04:30:54.721+0000] {dag.py:4138} INFO - Setting next_dagrun for latest_only to 2024-09-01 00:00:00+00:00, run_after=2024-09-01 04:00:00+00:00
[2024-09-01T04:30:54.744+0000] {processor.py:208} INFO - Processing /home/ubuntu/airflow_snow/lib/python3.12/site-packages/airflow/example_dags/example_latest_only.py took 0.069 seconds
[2024-09-01T04:31:48.375+0000] {processor.py:186} INFO - Started process (PID=2348) to work on /home/ubuntu/airflow_snow/lib/python3.12/site-packages/airflow/example_dags/example_latest_only.py
[2024-09-01T04:31:48.376+0000] {processor.py:914} INFO - Processing file /home/ubuntu/airflow_snow/lib/python3.12/site-packages/airflow/example_dags/example_latest_only.py for tasks to queue
[2024-09-01T04:31:48.378+0000] {logging_mixin.py:190} INFO - [2024-09-01T04:31:48.378+0000] {dagbag.py:587} INFO - Filling up the DagBag from /home/ubuntu/airflow_snow/lib/python3.12/site-packages/airflow/example_dags/example_latest_only.py
[2024-09-01T04:31:48.385+0000] {processor.py:925} INFO - DAG(s) 'latest_only' retrieved from /home/ubuntu/airflow_snow/lib/python3.12/site-packages/airflow/example_dags/example_latest_only.py
[2024-09-01T04:31:48.399+0000] {logging_mixin.py:190} INFO - [2024-09-01T04:31:48.399+0000] {dag.py:3211} INFO - Sync 1 DAGs
[2024-09-01T04:31:48.417+0000] {logging_mixin.py:190} INFO - [2024-09-01T04:31:48.417+0000] {dag.py:4138} INFO - Setting next_dagrun for latest_only to 2024-09-01 00:00:00+00:00, run_after=2024-09-01 04:00:00+00:00
[2024-09-01T04:31:48.461+0000] {processor.py:208} INFO - Processing /home/ubuntu/airflow_snow/lib/python3.12/site-packages/airflow/example_dags/example_latest_only.py took 0.091 seconds
[2024-09-01T04:32:36.191+0000] {processor.py:186} INFO - Started process (PID=2399) to work on /home/ubuntu/airflow_snow/lib/python3.12/site-packages/airflow/example_dags/example_latest_only.py
[2024-09-01T04:32:36.194+0000] {processor.py:914} INFO - Processing file /home/ubuntu/airflow_snow/lib/python3.12/site-packages/airflow/example_dags/example_latest_only.py for tasks to queue
[2024-09-01T04:32:36.195+0000] {logging_mixin.py:190} INFO - [2024-09-01T04:32:36.195+0000] {dagbag.py:587} INFO - Filling up the DagBag from /home/ubuntu/airflow_snow/lib/python3.12/site-packages/airflow/example_dags/example_latest_only.py
[2024-09-01T04:32:36.202+0000] {processor.py:925} INFO - DAG(s) 'latest_only' retrieved from /home/ubuntu/airflow_snow/lib/python3.12/site-packages/airflow/example_dags/example_latest_only.py
[2024-09-01T04:32:36.215+0000] {logging_mixin.py:190} INFO - [2024-09-01T04:32:36.215+0000] {dag.py:3211} INFO - Sync 1 DAGs
[2024-09-01T04:32:36.233+0000] {logging_mixin.py:190} INFO - [2024-09-01T04:32:36.232+0000] {dag.py:4138} INFO - Setting next_dagrun for latest_only to 2024-09-01 00:00:00+00:00, run_after=2024-09-01 04:00:00+00:00
[2024-09-01T04:32:36.253+0000] {processor.py:208} INFO - Processing /home/ubuntu/airflow_snow/lib/python3.12/site-packages/airflow/example_dags/example_latest_only.py took 0.067 seconds
[2024-09-01T04:33:25.552+0000] {processor.py:186} INFO - Started process (PID=2449) to work on /home/ubuntu/airflow_snow/lib/python3.12/site-packages/airflow/example_dags/example_latest_only.py
[2024-09-01T04:33:25.555+0000] {processor.py:914} INFO - Processing file /home/ubuntu/airflow_snow/lib/python3.12/site-packages/airflow/example_dags/example_latest_only.py for tasks to queue
[2024-09-01T04:33:25.556+0000] {logging_mixin.py:190} INFO - [2024-09-01T04:33:25.556+0000] {dagbag.py:587} INFO - Filling up the DagBag from /home/ubuntu/airflow_snow/lib/python3.12/site-packages/airflow/example_dags/example_latest_only.py
[2024-09-01T04:33:25.563+0000] {processor.py:925} INFO - DAG(s) 'latest_only' retrieved from /home/ubuntu/airflow_snow/lib/python3.12/site-packages/airflow/example_dags/example_latest_only.py
[2024-09-01T04:33:25.577+0000] {logging_mixin.py:190} INFO - [2024-09-01T04:33:25.577+0000] {dag.py:3211} INFO - Sync 1 DAGs
[2024-09-01T04:33:25.595+0000] {logging_mixin.py:190} INFO - [2024-09-01T04:33:25.595+0000] {dag.py:4138} INFO - Setting next_dagrun for latest_only to 2024-09-01 00:00:00+00:00, run_after=2024-09-01 04:00:00+00:00
[2024-09-01T04:33:25.620+0000] {processor.py:208} INFO - Processing /home/ubuntu/airflow_snow/lib/python3.12/site-packages/airflow/example_dags/example_latest_only.py took 0.073 seconds
[2024-09-01T04:34:16.446+0000] {processor.py:186} INFO - Started process (PID=2503) to work on /home/ubuntu/airflow_snow/lib/python3.12/site-packages/airflow/example_dags/example_latest_only.py
[2024-09-01T04:34:16.449+0000] {processor.py:914} INFO - Processing file /home/ubuntu/airflow_snow/lib/python3.12/site-packages/airflow/example_dags/example_latest_only.py for tasks to queue
[2024-09-01T04:34:16.450+0000] {logging_mixin.py:190} INFO - [2024-09-01T04:34:16.450+0000] {dagbag.py:587} INFO - Filling up the DagBag from /home/ubuntu/airflow_snow/lib/python3.12/site-packages/airflow/example_dags/example_latest_only.py
[2024-09-01T04:34:16.458+0000] {processor.py:925} INFO - DAG(s) 'latest_only' retrieved from /home/ubuntu/airflow_snow/lib/python3.12/site-packages/airflow/example_dags/example_latest_only.py
[2024-09-01T04:34:16.472+0000] {logging_mixin.py:190} INFO - [2024-09-01T04:34:16.472+0000] {dag.py:3211} INFO - Sync 1 DAGs
[2024-09-01T04:34:16.490+0000] {logging_mixin.py:190} INFO - [2024-09-01T04:34:16.490+0000] {dag.py:4138} INFO - Setting next_dagrun for latest_only to 2024-09-01 00:00:00+00:00, run_after=2024-09-01 04:00:00+00:00
[2024-09-01T04:34:16.510+0000] {processor.py:208} INFO - Processing /home/ubuntu/airflow_snow/lib/python3.12/site-packages/airflow/example_dags/example_latest_only.py took 0.068 seconds
[2024-09-01T04:35:05.359+0000] {processor.py:186} INFO - Started process (PID=2558) to work on /home/ubuntu/airflow_snow/lib/python3.12/site-packages/airflow/example_dags/example_latest_only.py
[2024-09-01T04:35:05.361+0000] {processor.py:914} INFO - Processing file /home/ubuntu/airflow_snow/lib/python3.12/site-packages/airflow/example_dags/example_latest_only.py for tasks to queue
[2024-09-01T04:35:05.363+0000] {logging_mixin.py:190} INFO - [2024-09-01T04:35:05.363+0000] {dagbag.py:587} INFO - Filling up the DagBag from /home/ubuntu/airflow_snow/lib/python3.12/site-packages/airflow/example_dags/example_latest_only.py
[2024-09-01T04:35:05.369+0000] {processor.py:925} INFO - DAG(s) 'latest_only' retrieved from /home/ubuntu/airflow_snow/lib/python3.12/site-packages/airflow/example_dags/example_latest_only.py
[2024-09-01T04:35:05.383+0000] {logging_mixin.py:190} INFO - [2024-09-01T04:35:05.383+0000] {dag.py:3211} INFO - Sync 1 DAGs
[2024-09-01T04:35:05.401+0000] {logging_mixin.py:190} INFO - [2024-09-01T04:35:05.401+0000] {dag.py:4138} INFO - Setting next_dagrun for latest_only to 2024-09-01 00:00:00+00:00, run_after=2024-09-01 04:00:00+00:00
[2024-09-01T04:35:05.423+0000] {processor.py:208} INFO - Processing /home/ubuntu/airflow_snow/lib/python3.12/site-packages/airflow/example_dags/example_latest_only.py took 0.069 seconds
[2024-09-01T04:35:54.177+0000] {processor.py:186} INFO - Started process (PID=2607) to work on /home/ubuntu/airflow_snow/lib/python3.12/site-packages/airflow/example_dags/example_latest_only.py
[2024-09-01T04:35:54.179+0000] {processor.py:914} INFO - Processing file /home/ubuntu/airflow_snow/lib/python3.12/site-packages/airflow/example_dags/example_latest_only.py for tasks to queue
[2024-09-01T04:35:54.181+0000] {logging_mixin.py:190} INFO - [2024-09-01T04:35:54.180+0000] {dagbag.py:587} INFO - Filling up the DagBag from /home/ubuntu/airflow_snow/lib/python3.12/site-packages/airflow/example_dags/example_latest_only.py
[2024-09-01T04:35:54.187+0000] {processor.py:925} INFO - DAG(s) 'latest_only' retrieved from /home/ubuntu/airflow_snow/lib/python3.12/site-packages/airflow/example_dags/example_latest_only.py
[2024-09-01T04:35:54.201+0000] {logging_mixin.py:190} INFO - [2024-09-01T04:35:54.201+0000] {dag.py:3211} INFO - Sync 1 DAGs
[2024-09-01T04:35:54.218+0000] {logging_mixin.py:190} INFO - [2024-09-01T04:35:54.218+0000] {dag.py:4138} INFO - Setting next_dagrun for latest_only to 2024-09-01 00:00:00+00:00, run_after=2024-09-01 04:00:00+00:00
[2024-09-01T04:35:54.240+0000] {processor.py:208} INFO - Processing /home/ubuntu/airflow_snow/lib/python3.12/site-packages/airflow/example_dags/example_latest_only.py took 0.068 seconds
[2024-09-01T04:36:47.001+0000] {processor.py:186} INFO - Started process (PID=2660) to work on /home/ubuntu/airflow_snow/lib/python3.12/site-packages/airflow/example_dags/example_latest_only.py
[2024-09-01T04:36:47.003+0000] {processor.py:914} INFO - Processing file /home/ubuntu/airflow_snow/lib/python3.12/site-packages/airflow/example_dags/example_latest_only.py for tasks to queue
[2024-09-01T04:36:47.005+0000] {logging_mixin.py:190} INFO - [2024-09-01T04:36:47.005+0000] {dagbag.py:587} INFO - Filling up the DagBag from /home/ubuntu/airflow_snow/lib/python3.12/site-packages/airflow/example_dags/example_latest_only.py
[2024-09-01T04:36:47.011+0000] {processor.py:925} INFO - DAG(s) 'latest_only' retrieved from /home/ubuntu/airflow_snow/lib/python3.12/site-packages/airflow/example_dags/example_latest_only.py
[2024-09-01T04:36:47.026+0000] {logging_mixin.py:190} INFO - [2024-09-01T04:36:47.026+0000] {dag.py:3211} INFO - Sync 1 DAGs
[2024-09-01T04:36:47.043+0000] {logging_mixin.py:190} INFO - [2024-09-01T04:36:47.043+0000] {dag.py:4138} INFO - Setting next_dagrun for latest_only to 2024-09-01 00:00:00+00:00, run_after=2024-09-01 04:00:00+00:00
[2024-09-01T04:36:47.065+0000] {processor.py:208} INFO - Processing /home/ubuntu/airflow_snow/lib/python3.12/site-packages/airflow/example_dags/example_latest_only.py took 0.068 seconds
[2024-09-01T04:37:38.923+0000] {processor.py:186} INFO - Started process (PID=2713) to work on /home/ubuntu/airflow_snow/lib/python3.12/site-packages/airflow/example_dags/example_latest_only.py
[2024-09-01T04:37:38.926+0000] {processor.py:914} INFO - Processing file /home/ubuntu/airflow_snow/lib/python3.12/site-packages/airflow/example_dags/example_latest_only.py for tasks to queue
[2024-09-01T04:37:38.927+0000] {logging_mixin.py:190} INFO - [2024-09-01T04:37:38.927+0000] {dagbag.py:587} INFO - Filling up the DagBag from /home/ubuntu/airflow_snow/lib/python3.12/site-packages/airflow/example_dags/example_latest_only.py
[2024-09-01T04:37:38.934+0000] {processor.py:925} INFO - DAG(s) 'latest_only' retrieved from /home/ubuntu/airflow_snow/lib/python3.12/site-packages/airflow/example_dags/example_latest_only.py
[2024-09-01T04:37:38.948+0000] {logging_mixin.py:190} INFO - [2024-09-01T04:37:38.948+0000] {dag.py:3211} INFO - Sync 1 DAGs
[2024-09-01T04:37:38.966+0000] {logging_mixin.py:190} INFO - [2024-09-01T04:37:38.965+0000] {dag.py:4138} INFO - Setting next_dagrun for latest_only to 2024-09-01 00:00:00+00:00, run_after=2024-09-01 04:00:00+00:00
[2024-09-01T04:37:38.987+0000] {processor.py:208} INFO - Processing /home/ubuntu/airflow_snow/lib/python3.12/site-packages/airflow/example_dags/example_latest_only.py took 0.069 seconds
[2024-09-01T04:38:29.383+0000] {processor.py:186} INFO - Started process (PID=2764) to work on /home/ubuntu/airflow_snow/lib/python3.12/site-packages/airflow/example_dags/example_latest_only.py
[2024-09-01T04:38:29.385+0000] {processor.py:914} INFO - Processing file /home/ubuntu/airflow_snow/lib/python3.12/site-packages/airflow/example_dags/example_latest_only.py for tasks to queue
[2024-09-01T04:38:29.386+0000] {logging_mixin.py:190} INFO - [2024-09-01T04:38:29.386+0000] {dagbag.py:587} INFO - Filling up the DagBag from /home/ubuntu/airflow_snow/lib/python3.12/site-packages/airflow/example_dags/example_latest_only.py
[2024-09-01T04:38:29.393+0000] {processor.py:925} INFO - DAG(s) 'latest_only' retrieved from /home/ubuntu/airflow_snow/lib/python3.12/site-packages/airflow/example_dags/example_latest_only.py
[2024-09-01T04:38:29.407+0000] {logging_mixin.py:190} INFO - [2024-09-01T04:38:29.407+0000] {dag.py:3211} INFO - Sync 1 DAGs
[2024-09-01T04:38:29.426+0000] {logging_mixin.py:190} INFO - [2024-09-01T04:38:29.426+0000] {dag.py:4138} INFO - Setting next_dagrun for latest_only to 2024-09-01 00:00:00+00:00, run_after=2024-09-01 04:00:00+00:00
[2024-09-01T04:38:29.449+0000] {processor.py:208} INFO - Processing /home/ubuntu/airflow_snow/lib/python3.12/site-packages/airflow/example_dags/example_latest_only.py took 0.071 seconds
[2024-09-01T04:39:19.907+0000] {processor.py:186} INFO - Started process (PID=2815) to work on /home/ubuntu/airflow_snow/lib/python3.12/site-packages/airflow/example_dags/example_latest_only.py
[2024-09-01T04:39:19.910+0000] {processor.py:914} INFO - Processing file /home/ubuntu/airflow_snow/lib/python3.12/site-packages/airflow/example_dags/example_latest_only.py for tasks to queue
[2024-09-01T04:39:19.911+0000] {logging_mixin.py:190} INFO - [2024-09-01T04:39:19.911+0000] {dagbag.py:587} INFO - Filling up the DagBag from /home/ubuntu/airflow_snow/lib/python3.12/site-packages/airflow/example_dags/example_latest_only.py
[2024-09-01T04:39:19.918+0000] {processor.py:925} INFO - DAG(s) 'latest_only' retrieved from /home/ubuntu/airflow_snow/lib/python3.12/site-packages/airflow/example_dags/example_latest_only.py
[2024-09-01T04:39:19.931+0000] {logging_mixin.py:190} INFO - [2024-09-01T04:39:19.931+0000] {dag.py:3211} INFO - Sync 1 DAGs
[2024-09-01T04:39:19.949+0000] {logging_mixin.py:190} INFO - [2024-09-01T04:39:19.949+0000] {dag.py:4138} INFO - Setting next_dagrun for latest_only to 2024-09-01 00:00:00+00:00, run_after=2024-09-01 04:00:00+00:00
[2024-09-01T04:39:19.973+0000] {processor.py:208} INFO - Processing /home/ubuntu/airflow_snow/lib/python3.12/site-packages/airflow/example_dags/example_latest_only.py took 0.071 seconds
[2024-09-01T04:40:12.546+0000] {processor.py:186} INFO - Started process (PID=2869) to work on /home/ubuntu/airflow_snow/lib/python3.12/site-packages/airflow/example_dags/example_latest_only.py
[2024-09-01T04:40:12.548+0000] {processor.py:914} INFO - Processing file /home/ubuntu/airflow_snow/lib/python3.12/site-packages/airflow/example_dags/example_latest_only.py for tasks to queue
[2024-09-01T04:40:12.550+0000] {logging_mixin.py:190} INFO - [2024-09-01T04:40:12.549+0000] {dagbag.py:587} INFO - Filling up the DagBag from /home/ubuntu/airflow_snow/lib/python3.12/site-packages/airflow/example_dags/example_latest_only.py
[2024-09-01T04:40:12.557+0000] {processor.py:925} INFO - DAG(s) 'latest_only' retrieved from /home/ubuntu/airflow_snow/lib/python3.12/site-packages/airflow/example_dags/example_latest_only.py
[2024-09-01T04:40:12.571+0000] {logging_mixin.py:190} INFO - [2024-09-01T04:40:12.571+0000] {dag.py:3211} INFO - Sync 1 DAGs
[2024-09-01T04:40:12.590+0000] {logging_mixin.py:190} INFO - [2024-09-01T04:40:12.590+0000] {dag.py:4138} INFO - Setting next_dagrun for latest_only to 2024-09-01 00:00:00+00:00, run_after=2024-09-01 04:00:00+00:00
[2024-09-01T04:40:12.611+0000] {processor.py:208} INFO - Processing /home/ubuntu/airflow_snow/lib/python3.12/site-packages/airflow/example_dags/example_latest_only.py took 0.071 seconds
[2024-09-01T04:41:05.087+0000] {processor.py:186} INFO - Started process (PID=2925) to work on /home/ubuntu/airflow_snow/lib/python3.12/site-packages/airflow/example_dags/example_latest_only.py
[2024-09-01T04:41:05.089+0000] {processor.py:914} INFO - Processing file /home/ubuntu/airflow_snow/lib/python3.12/site-packages/airflow/example_dags/example_latest_only.py for tasks to queue
[2024-09-01T04:41:05.091+0000] {logging_mixin.py:190} INFO - [2024-09-01T04:41:05.090+0000] {dagbag.py:587} INFO - Filling up the DagBag from /home/ubuntu/airflow_snow/lib/python3.12/site-packages/airflow/example_dags/example_latest_only.py
[2024-09-01T04:41:05.098+0000] {processor.py:925} INFO - DAG(s) 'latest_only' retrieved from /home/ubuntu/airflow_snow/lib/python3.12/site-packages/airflow/example_dags/example_latest_only.py
[2024-09-01T04:41:05.112+0000] {logging_mixin.py:190} INFO - [2024-09-01T04:41:05.111+0000] {dag.py:3211} INFO - Sync 1 DAGs
[2024-09-01T04:41:05.131+0000] {logging_mixin.py:190} INFO - [2024-09-01T04:41:05.131+0000] {dag.py:4138} INFO - Setting next_dagrun for latest_only to 2024-09-01 00:00:00+00:00, run_after=2024-09-01 04:00:00+00:00
[2024-09-01T04:41:05.155+0000] {processor.py:208} INFO - Processing /home/ubuntu/airflow_snow/lib/python3.12/site-packages/airflow/example_dags/example_latest_only.py took 0.074 seconds
[2024-09-01T04:41:55.430+0000] {processor.py:186} INFO - Started process (PID=2977) to work on /home/ubuntu/airflow_snow/lib/python3.12/site-packages/airflow/example_dags/example_latest_only.py
[2024-09-01T04:41:55.433+0000] {processor.py:914} INFO - Processing file /home/ubuntu/airflow_snow/lib/python3.12/site-packages/airflow/example_dags/example_latest_only.py for tasks to queue
[2024-09-01T04:41:55.435+0000] {logging_mixin.py:190} INFO - [2024-09-01T04:41:55.434+0000] {dagbag.py:587} INFO - Filling up the DagBag from /home/ubuntu/airflow_snow/lib/python3.12/site-packages/airflow/example_dags/example_latest_only.py
[2024-09-01T04:41:55.441+0000] {processor.py:925} INFO - DAG(s) 'latest_only' retrieved from /home/ubuntu/airflow_snow/lib/python3.12/site-packages/airflow/example_dags/example_latest_only.py
[2024-09-01T04:41:55.455+0000] {logging_mixin.py:190} INFO - [2024-09-01T04:41:55.455+0000] {dag.py:3211} INFO - Sync 1 DAGs
[2024-09-01T04:41:55.474+0000] {logging_mixin.py:190} INFO - [2024-09-01T04:41:55.474+0000] {dag.py:4138} INFO - Setting next_dagrun for latest_only to 2024-09-01 00:00:00+00:00, run_after=2024-09-01 04:00:00+00:00
[2024-09-01T04:41:55.497+0000] {processor.py:208} INFO - Processing /home/ubuntu/airflow_snow/lib/python3.12/site-packages/airflow/example_dags/example_latest_only.py took 0.071 seconds
[2024-09-01T04:42:45.802+0000] {processor.py:186} INFO - Started process (PID=3028) to work on /home/ubuntu/airflow_snow/lib/python3.12/site-packages/airflow/example_dags/example_latest_only.py
[2024-09-01T04:42:45.804+0000] {processor.py:914} INFO - Processing file /home/ubuntu/airflow_snow/lib/python3.12/site-packages/airflow/example_dags/example_latest_only.py for tasks to queue
[2024-09-01T04:42:45.806+0000] {logging_mixin.py:190} INFO - [2024-09-01T04:42:45.806+0000] {dagbag.py:587} INFO - Filling up the DagBag from /home/ubuntu/airflow_snow/lib/python3.12/site-packages/airflow/example_dags/example_latest_only.py
[2024-09-01T04:42:45.812+0000] {processor.py:925} INFO - DAG(s) 'latest_only' retrieved from /home/ubuntu/airflow_snow/lib/python3.12/site-packages/airflow/example_dags/example_latest_only.py
[2024-09-01T04:42:45.827+0000] {logging_mixin.py:190} INFO - [2024-09-01T04:42:45.827+0000] {dag.py:3211} INFO - Sync 1 DAGs
[2024-09-01T04:42:45.844+0000] {logging_mixin.py:190} INFO - [2024-09-01T04:42:45.844+0000] {dag.py:4138} INFO - Setting next_dagrun for latest_only to 2024-09-01 00:00:00+00:00, run_after=2024-09-01 04:00:00+00:00
[2024-09-01T04:42:45.866+0000] {processor.py:208} INFO - Processing /home/ubuntu/airflow_snow/lib/python3.12/site-packages/airflow/example_dags/example_latest_only.py took 0.069 seconds
[2024-09-01T04:43:34.582+0000] {processor.py:186} INFO - Started process (PID=3079) to work on /home/ubuntu/airflow_snow/lib/python3.12/site-packages/airflow/example_dags/example_latest_only.py
[2024-09-01T04:43:34.584+0000] {processor.py:914} INFO - Processing file /home/ubuntu/airflow_snow/lib/python3.12/site-packages/airflow/example_dags/example_latest_only.py for tasks to queue
[2024-09-01T04:43:34.585+0000] {logging_mixin.py:190} INFO - [2024-09-01T04:43:34.585+0000] {dagbag.py:587} INFO - Filling up the DagBag from /home/ubuntu/airflow_snow/lib/python3.12/site-packages/airflow/example_dags/example_latest_only.py
[2024-09-01T04:43:34.592+0000] {processor.py:925} INFO - DAG(s) 'latest_only' retrieved from /home/ubuntu/airflow_snow/lib/python3.12/site-packages/airflow/example_dags/example_latest_only.py
[2024-09-01T04:43:34.606+0000] {logging_mixin.py:190} INFO - [2024-09-01T04:43:34.606+0000] {dag.py:3211} INFO - Sync 1 DAGs
[2024-09-01T04:43:34.622+0000] {logging_mixin.py:190} INFO - [2024-09-01T04:43:34.622+0000] {dag.py:4138} INFO - Setting next_dagrun for latest_only to 2024-09-01 00:00:00+00:00, run_after=2024-09-01 04:00:00+00:00
[2024-09-01T04:43:34.646+0000] {processor.py:208} INFO - Processing /home/ubuntu/airflow_snow/lib/python3.12/site-packages/airflow/example_dags/example_latest_only.py took 0.069 seconds
[2024-09-01T04:44:22.940+0000] {processor.py:186} INFO - Started process (PID=3132) to work on /home/ubuntu/airflow_snow/lib/python3.12/site-packages/airflow/example_dags/example_latest_only.py
[2024-09-01T04:44:22.942+0000] {processor.py:914} INFO - Processing file /home/ubuntu/airflow_snow/lib/python3.12/site-packages/airflow/example_dags/example_latest_only.py for tasks to queue
[2024-09-01T04:44:22.943+0000] {logging_mixin.py:190} INFO - [2024-09-01T04:44:22.943+0000] {dagbag.py:587} INFO - Filling up the DagBag from /home/ubuntu/airflow_snow/lib/python3.12/site-packages/airflow/example_dags/example_latest_only.py
[2024-09-01T04:44:22.951+0000] {processor.py:925} INFO - DAG(s) 'latest_only' retrieved from /home/ubuntu/airflow_snow/lib/python3.12/site-packages/airflow/example_dags/example_latest_only.py
[2024-09-01T04:44:22.965+0000] {logging_mixin.py:190} INFO - [2024-09-01T04:44:22.965+0000] {dag.py:3211} INFO - Sync 1 DAGs
[2024-09-01T04:44:22.983+0000] {logging_mixin.py:190} INFO - [2024-09-01T04:44:22.983+0000] {dag.py:4138} INFO - Setting next_dagrun for latest_only to 2024-09-01 00:00:00+00:00, run_after=2024-09-01 04:00:00+00:00
[2024-09-01T04:44:23.005+0000] {processor.py:208} INFO - Processing /home/ubuntu/airflow_snow/lib/python3.12/site-packages/airflow/example_dags/example_latest_only.py took 0.071 seconds
[2024-09-01T04:45:12.095+0000] {processor.py:186} INFO - Started process (PID=3186) to work on /home/ubuntu/airflow_snow/lib/python3.12/site-packages/airflow/example_dags/example_latest_only.py
[2024-09-01T04:45:12.097+0000] {processor.py:914} INFO - Processing file /home/ubuntu/airflow_snow/lib/python3.12/site-packages/airflow/example_dags/example_latest_only.py for tasks to queue
[2024-09-01T04:45:12.099+0000] {logging_mixin.py:190} INFO - [2024-09-01T04:45:12.098+0000] {dagbag.py:587} INFO - Filling up the DagBag from /home/ubuntu/airflow_snow/lib/python3.12/site-packages/airflow/example_dags/example_latest_only.py
[2024-09-01T04:45:12.106+0000] {processor.py:925} INFO - DAG(s) 'latest_only' retrieved from /home/ubuntu/airflow_snow/lib/python3.12/site-packages/airflow/example_dags/example_latest_only.py
[2024-09-01T04:45:12.119+0000] {logging_mixin.py:190} INFO - [2024-09-01T04:45:12.119+0000] {dag.py:3211} INFO - Sync 1 DAGs
[2024-09-01T04:45:12.138+0000] {logging_mixin.py:190} INFO - [2024-09-01T04:45:12.138+0000] {dag.py:4138} INFO - Setting next_dagrun for latest_only to 2024-09-01 00:00:00+00:00, run_after=2024-09-01 04:00:00+00:00
[2024-09-01T04:45:12.158+0000] {processor.py:208} INFO - Processing /home/ubuntu/airflow_snow/lib/python3.12/site-packages/airflow/example_dags/example_latest_only.py took 0.068 seconds
[2024-09-01T04:46:00.307+0000] {processor.py:186} INFO - Started process (PID=3239) to work on /home/ubuntu/airflow_snow/lib/python3.12/site-packages/airflow/example_dags/example_latest_only.py
[2024-09-01T04:46:00.309+0000] {processor.py:914} INFO - Processing file /home/ubuntu/airflow_snow/lib/python3.12/site-packages/airflow/example_dags/example_latest_only.py for tasks to queue
[2024-09-01T04:46:00.310+0000] {logging_mixin.py:190} INFO - [2024-09-01T04:46:00.310+0000] {dagbag.py:587} INFO - Filling up the DagBag from /home/ubuntu/airflow_snow/lib/python3.12/site-packages/airflow/example_dags/example_latest_only.py
[2024-09-01T04:46:00.317+0000] {processor.py:925} INFO - DAG(s) 'latest_only' retrieved from /home/ubuntu/airflow_snow/lib/python3.12/site-packages/airflow/example_dags/example_latest_only.py
[2024-09-01T04:46:00.331+0000] {logging_mixin.py:190} INFO - [2024-09-01T04:46:00.331+0000] {dag.py:3211} INFO - Sync 1 DAGs
[2024-09-01T04:46:00.351+0000] {logging_mixin.py:190} INFO - [2024-09-01T04:46:00.351+0000] {dag.py:4138} INFO - Setting next_dagrun for latest_only to 2024-09-01 00:00:00+00:00, run_after=2024-09-01 04:00:00+00:00
[2024-09-01T04:46:00.371+0000] {processor.py:208} INFO - Processing /home/ubuntu/airflow_snow/lib/python3.12/site-packages/airflow/example_dags/example_latest_only.py took 0.069 seconds
[2024-09-01T04:46:48.751+0000] {processor.py:186} INFO - Started process (PID=3290) to work on /home/ubuntu/airflow_snow/lib/python3.12/site-packages/airflow/example_dags/example_latest_only.py
[2024-09-01T04:46:48.752+0000] {processor.py:914} INFO - Processing file /home/ubuntu/airflow_snow/lib/python3.12/site-packages/airflow/example_dags/example_latest_only.py for tasks to queue
[2024-09-01T04:46:48.754+0000] {logging_mixin.py:190} INFO - [2024-09-01T04:46:48.754+0000] {dagbag.py:587} INFO - Filling up the DagBag from /home/ubuntu/airflow_snow/lib/python3.12/site-packages/airflow/example_dags/example_latest_only.py
[2024-09-01T04:46:48.761+0000] {processor.py:925} INFO - DAG(s) 'latest_only' retrieved from /home/ubuntu/airflow_snow/lib/python3.12/site-packages/airflow/example_dags/example_latest_only.py
[2024-09-01T04:46:48.775+0000] {logging_mixin.py:190} INFO - [2024-09-01T04:46:48.774+0000] {dag.py:3211} INFO - Sync 1 DAGs
[2024-09-01T04:46:48.794+0000] {logging_mixin.py:190} INFO - [2024-09-01T04:46:48.794+0000] {dag.py:4138} INFO - Setting next_dagrun for latest_only to 2024-09-01 00:00:00+00:00, run_after=2024-09-01 04:00:00+00:00
[2024-09-01T04:46:48.815+0000] {processor.py:208} INFO - Processing /home/ubuntu/airflow_snow/lib/python3.12/site-packages/airflow/example_dags/example_latest_only.py took 0.069 seconds
[2024-09-01T04:47:35.423+0000] {processor.py:186} INFO - Started process (PID=3339) to work on /home/ubuntu/airflow_snow/lib/python3.12/site-packages/airflow/example_dags/example_latest_only.py
[2024-09-01T04:47:35.426+0000] {processor.py:914} INFO - Processing file /home/ubuntu/airflow_snow/lib/python3.12/site-packages/airflow/example_dags/example_latest_only.py for tasks to queue
[2024-09-01T04:47:35.427+0000] {logging_mixin.py:190} INFO - [2024-09-01T04:47:35.427+0000] {dagbag.py:587} INFO - Filling up the DagBag from /home/ubuntu/airflow_snow/lib/python3.12/site-packages/airflow/example_dags/example_latest_only.py
[2024-09-01T04:47:35.434+0000] {processor.py:925} INFO - DAG(s) 'latest_only' retrieved from /home/ubuntu/airflow_snow/lib/python3.12/site-packages/airflow/example_dags/example_latest_only.py
[2024-09-01T04:47:35.449+0000] {logging_mixin.py:190} INFO - [2024-09-01T04:47:35.449+0000] {dag.py:3211} INFO - Sync 1 DAGs
[2024-09-01T04:47:35.466+0000] {logging_mixin.py:190} INFO - [2024-09-01T04:47:35.466+0000] {dag.py:4138} INFO - Setting next_dagrun for latest_only to 2024-09-01 00:00:00+00:00, run_after=2024-09-01 04:00:00+00:00
[2024-09-01T04:47:35.489+0000] {processor.py:208} INFO - Processing /home/ubuntu/airflow_snow/lib/python3.12/site-packages/airflow/example_dags/example_latest_only.py took 0.071 seconds
[2024-09-01T04:48:24.945+0000] {processor.py:186} INFO - Started process (PID=3389) to work on /home/ubuntu/airflow_snow/lib/python3.12/site-packages/airflow/example_dags/example_latest_only.py
[2024-09-01T04:48:24.947+0000] {processor.py:914} INFO - Processing file /home/ubuntu/airflow_snow/lib/python3.12/site-packages/airflow/example_dags/example_latest_only.py for tasks to queue
[2024-09-01T04:48:24.949+0000] {logging_mixin.py:190} INFO - [2024-09-01T04:48:24.949+0000] {dagbag.py:587} INFO - Filling up the DagBag from /home/ubuntu/airflow_snow/lib/python3.12/site-packages/airflow/example_dags/example_latest_only.py
[2024-09-01T04:48:24.957+0000] {processor.py:925} INFO - DAG(s) 'latest_only' retrieved from /home/ubuntu/airflow_snow/lib/python3.12/site-packages/airflow/example_dags/example_latest_only.py
[2024-09-01T04:48:24.970+0000] {logging_mixin.py:190} INFO - [2024-09-01T04:48:24.970+0000] {dag.py:3211} INFO - Sync 1 DAGs
[2024-09-01T04:48:24.987+0000] {logging_mixin.py:190} INFO - [2024-09-01T04:48:24.987+0000] {dag.py:4138} INFO - Setting next_dagrun for latest_only to 2024-09-01 00:00:00+00:00, run_after=2024-09-01 04:00:00+00:00
[2024-09-01T04:48:25.009+0000] {processor.py:208} INFO - Processing /home/ubuntu/airflow_snow/lib/python3.12/site-packages/airflow/example_dags/example_latest_only.py took 0.068 seconds
[2024-09-01T04:49:14.903+0000] {processor.py:186} INFO - Started process (PID=3440) to work on /home/ubuntu/airflow_snow/lib/python3.12/site-packages/airflow/example_dags/example_latest_only.py
[2024-09-01T04:49:14.905+0000] {processor.py:914} INFO - Processing file /home/ubuntu/airflow_snow/lib/python3.12/site-packages/airflow/example_dags/example_latest_only.py for tasks to queue
[2024-09-01T04:49:14.907+0000] {logging_mixin.py:190} INFO - [2024-09-01T04:49:14.906+0000] {dagbag.py:587} INFO - Filling up the DagBag from /home/ubuntu/airflow_snow/lib/python3.12/site-packages/airflow/example_dags/example_latest_only.py
[2024-09-01T04:49:14.914+0000] {processor.py:925} INFO - DAG(s) 'latest_only' retrieved from /home/ubuntu/airflow_snow/lib/python3.12/site-packages/airflow/example_dags/example_latest_only.py
[2024-09-01T04:49:14.929+0000] {logging_mixin.py:190} INFO - [2024-09-01T04:49:14.928+0000] {dag.py:3211} INFO - Sync 1 DAGs
[2024-09-01T04:49:14.947+0000] {logging_mixin.py:190} INFO - [2024-09-01T04:49:14.947+0000] {dag.py:4138} INFO - Setting next_dagrun for latest_only to 2024-09-01 00:00:00+00:00, run_after=2024-09-01 04:00:00+00:00
[2024-09-01T04:49:14.970+0000] {processor.py:208} INFO - Processing /home/ubuntu/airflow_snow/lib/python3.12/site-packages/airflow/example_dags/example_latest_only.py took 0.071 seconds
[2024-09-01T04:50:02.237+0000] {processor.py:186} INFO - Started process (PID=3492) to work on /home/ubuntu/airflow_snow/lib/python3.12/site-packages/airflow/example_dags/example_latest_only.py
[2024-09-01T04:50:02.240+0000] {processor.py:914} INFO - Processing file /home/ubuntu/airflow_snow/lib/python3.12/site-packages/airflow/example_dags/example_latest_only.py for tasks to queue
[2024-09-01T04:50:02.242+0000] {logging_mixin.py:190} INFO - [2024-09-01T04:50:02.241+0000] {dagbag.py:587} INFO - Filling up the DagBag from /home/ubuntu/airflow_snow/lib/python3.12/site-packages/airflow/example_dags/example_latest_only.py
[2024-09-01T04:50:02.249+0000] {processor.py:925} INFO - DAG(s) 'latest_only' retrieved from /home/ubuntu/airflow_snow/lib/python3.12/site-packages/airflow/example_dags/example_latest_only.py
[2024-09-01T04:50:02.264+0000] {logging_mixin.py:190} INFO - [2024-09-01T04:50:02.263+0000] {dag.py:3211} INFO - Sync 1 DAGs
[2024-09-01T04:50:02.285+0000] {logging_mixin.py:190} INFO - [2024-09-01T04:50:02.285+0000] {dag.py:4138} INFO - Setting next_dagrun for latest_only to 2024-09-01 00:00:00+00:00, run_after=2024-09-01 04:00:00+00:00
[2024-09-01T04:50:02.307+0000] {processor.py:208} INFO - Processing /home/ubuntu/airflow_snow/lib/python3.12/site-packages/airflow/example_dags/example_latest_only.py took 0.076 seconds
[2024-09-01T04:50:46.308+0000] {processor.py:186} INFO - Started process (PID=3543) to work on /home/ubuntu/airflow_snow/lib/python3.12/site-packages/airflow/example_dags/example_latest_only.py
[2024-09-01T04:50:46.311+0000] {processor.py:914} INFO - Processing file /home/ubuntu/airflow_snow/lib/python3.12/site-packages/airflow/example_dags/example_latest_only.py for tasks to queue
[2024-09-01T04:50:46.313+0000] {logging_mixin.py:190} INFO - [2024-09-01T04:50:46.312+0000] {dagbag.py:587} INFO - Filling up the DagBag from /home/ubuntu/airflow_snow/lib/python3.12/site-packages/airflow/example_dags/example_latest_only.py
[2024-09-01T04:50:46.318+0000] {processor.py:925} INFO - DAG(s) 'latest_only' retrieved from /home/ubuntu/airflow_snow/lib/python3.12/site-packages/airflow/example_dags/example_latest_only.py
[2024-09-01T04:50:46.332+0000] {logging_mixin.py:190} INFO - [2024-09-01T04:50:46.331+0000] {dag.py:3211} INFO - Sync 1 DAGs
[2024-09-01T04:50:46.350+0000] {logging_mixin.py:190} INFO - [2024-09-01T04:50:46.350+0000] {dag.py:4138} INFO - Setting next_dagrun for latest_only to 2024-09-01 00:00:00+00:00, run_after=2024-09-01 04:00:00+00:00
[2024-09-01T04:50:46.371+0000] {processor.py:208} INFO - Processing /home/ubuntu/airflow_snow/lib/python3.12/site-packages/airflow/example_dags/example_latest_only.py took 0.069 seconds
[2024-09-01T04:51:33.537+0000] {processor.py:186} INFO - Started process (PID=3592) to work on /home/ubuntu/airflow_snow/lib/python3.12/site-packages/airflow/example_dags/example_latest_only.py
[2024-09-01T04:51:33.539+0000] {processor.py:914} INFO - Processing file /home/ubuntu/airflow_snow/lib/python3.12/site-packages/airflow/example_dags/example_latest_only.py for tasks to queue
[2024-09-01T04:51:33.542+0000] {logging_mixin.py:190} INFO - [2024-09-01T04:51:33.540+0000] {dagbag.py:587} INFO - Filling up the DagBag from /home/ubuntu/airflow_snow/lib/python3.12/site-packages/airflow/example_dags/example_latest_only.py
[2024-09-01T04:51:33.548+0000] {processor.py:925} INFO - DAG(s) 'latest_only' retrieved from /home/ubuntu/airflow_snow/lib/python3.12/site-packages/airflow/example_dags/example_latest_only.py
[2024-09-01T04:51:33.561+0000] {logging_mixin.py:190} INFO - [2024-09-01T04:51:33.561+0000] {dag.py:3211} INFO - Sync 1 DAGs
[2024-09-01T04:51:33.580+0000] {logging_mixin.py:190} INFO - [2024-09-01T04:51:33.579+0000] {dag.py:4138} INFO - Setting next_dagrun for latest_only to 2024-09-01 00:00:00+00:00, run_after=2024-09-01 04:00:00+00:00
[2024-09-01T04:51:33.603+0000] {processor.py:208} INFO - Processing /home/ubuntu/airflow_snow/lib/python3.12/site-packages/airflow/example_dags/example_latest_only.py took 0.070 seconds
[2024-09-01T04:52:22.784+0000] {processor.py:186} INFO - Started process (PID=3644) to work on /home/ubuntu/airflow_snow/lib/python3.12/site-packages/airflow/example_dags/example_latest_only.py
[2024-09-01T04:52:22.785+0000] {processor.py:914} INFO - Processing file /home/ubuntu/airflow_snow/lib/python3.12/site-packages/airflow/example_dags/example_latest_only.py for tasks to queue
[2024-09-01T04:52:22.787+0000] {logging_mixin.py:190} INFO - [2024-09-01T04:52:22.787+0000] {dagbag.py:587} INFO - Filling up the DagBag from /home/ubuntu/airflow_snow/lib/python3.12/site-packages/airflow/example_dags/example_latest_only.py
[2024-09-01T04:52:22.794+0000] {processor.py:925} INFO - DAG(s) 'latest_only' retrieved from /home/ubuntu/airflow_snow/lib/python3.12/site-packages/airflow/example_dags/example_latest_only.py
[2024-09-01T04:52:22.808+0000] {logging_mixin.py:190} INFO - [2024-09-01T04:52:22.808+0000] {dag.py:3211} INFO - Sync 1 DAGs
[2024-09-01T04:52:22.826+0000] {logging_mixin.py:190} INFO - [2024-09-01T04:52:22.826+0000] {dag.py:4138} INFO - Setting next_dagrun for latest_only to 2024-09-01 00:00:00+00:00, run_after=2024-09-01 04:00:00+00:00
[2024-09-01T04:52:22.848+0000] {processor.py:208} INFO - Processing /home/ubuntu/airflow_snow/lib/python3.12/site-packages/airflow/example_dags/example_latest_only.py took 0.069 seconds
[2024-09-01T04:53:12.464+0000] {processor.py:186} INFO - Started process (PID=3695) to work on /home/ubuntu/airflow_snow/lib/python3.12/site-packages/airflow/example_dags/example_latest_only.py
[2024-09-01T04:53:12.466+0000] {processor.py:914} INFO - Processing file /home/ubuntu/airflow_snow/lib/python3.12/site-packages/airflow/example_dags/example_latest_only.py for tasks to queue
[2024-09-01T04:53:12.468+0000] {logging_mixin.py:190} INFO - [2024-09-01T04:53:12.468+0000] {dagbag.py:587} INFO - Filling up the DagBag from /home/ubuntu/airflow_snow/lib/python3.12/site-packages/airflow/example_dags/example_latest_only.py
[2024-09-01T04:53:12.475+0000] {processor.py:925} INFO - DAG(s) 'latest_only' retrieved from /home/ubuntu/airflow_snow/lib/python3.12/site-packages/airflow/example_dags/example_latest_only.py
[2024-09-01T04:53:12.488+0000] {logging_mixin.py:190} INFO - [2024-09-01T04:53:12.488+0000] {dag.py:3211} INFO - Sync 1 DAGs
[2024-09-01T04:53:12.506+0000] {logging_mixin.py:190} INFO - [2024-09-01T04:53:12.506+0000] {dag.py:4138} INFO - Setting next_dagrun for latest_only to 2024-09-01 00:00:00+00:00, run_after=2024-09-01 04:00:00+00:00
[2024-09-01T04:53:12.530+0000] {processor.py:208} INFO - Processing /home/ubuntu/airflow_snow/lib/python3.12/site-packages/airflow/example_dags/example_latest_only.py took 0.071 seconds
