[2024-09-01T04:29:01.230+0000] {processor.py:186} INFO - Started process (PID=2177) to work on /home/ubuntu/airflow_snow/lib/python3.12/site-packages/airflow/example_dags/example_python_decorator.py
[2024-09-01T04:29:01.231+0000] {processor.py:914} INFO - Processing file /home/ubuntu/airflow_snow/lib/python3.12/site-packages/airflow/example_dags/example_python_decorator.py for tasks to queue
[2024-09-01T04:29:01.233+0000] {logging_mixin.py:190} INFO - [2024-09-01T04:29:01.232+0000] {dagbag.py:587} INFO - Filling up the DagBag from /home/ubuntu/airflow_snow/lib/python3.12/site-packages/airflow/example_dags/example_python_decorator.py
[2024-09-01T04:29:01.241+0000] {logging_mixin.py:190} INFO - [2024-09-01T04:29:01.240+0000] {example_python_decorator.py:80} WARNING - The virtalenv_python example task requires virtualenv, please install it.
[2024-09-01T04:29:01.243+0000] {processor.py:925} INFO - DAG(s) 'example_python_decorator' retrieved from /home/ubuntu/airflow_snow/lib/python3.12/site-packages/airflow/example_dags/example_python_decorator.py
[2024-09-01T04:29:01.350+0000] {logging_mixin.py:190} INFO - [2024-09-01T04:29:01.349+0000] {override.py:1900} INFO - Created Permission View: can delete on DAG:example_python_decorator
[2024-09-01T04:29:01.364+0000] {logging_mixin.py:190} INFO - [2024-09-01T04:29:01.364+0000] {override.py:1900} INFO - Created Permission View: can read on DAG:example_python_decorator
[2024-09-01T04:29:01.374+0000] {logging_mixin.py:190} INFO - [2024-09-01T04:29:01.374+0000] {override.py:1900} INFO - Created Permission View: can edit on DAG:example_python_decorator
[2024-09-01T04:29:01.393+0000] {logging_mixin.py:190} INFO - [2024-09-01T04:29:01.392+0000] {override.py:1900} INFO - Created Permission View: menu access on DAG Run:example_python_decorator
[2024-09-01T04:29:01.403+0000] {logging_mixin.py:190} INFO - [2024-09-01T04:29:01.402+0000] {override.py:1900} INFO - Created Permission View: can create on DAG Run:example_python_decorator
[2024-09-01T04:29:01.413+0000] {logging_mixin.py:190} INFO - [2024-09-01T04:29:01.413+0000] {override.py:1900} INFO - Created Permission View: can read on DAG Run:example_python_decorator
[2024-09-01T04:29:01.424+0000] {logging_mixin.py:190} INFO - [2024-09-01T04:29:01.423+0000] {override.py:1900} INFO - Created Permission View: can delete on DAG Run:example_python_decorator
[2024-09-01T04:29:01.424+0000] {logging_mixin.py:190} INFO - [2024-09-01T04:29:01.424+0000] {dag.py:3211} INFO - Sync 1 DAGs
[2024-09-01T04:29:01.434+0000] {logging_mixin.py:190} INFO - [2024-09-01T04:29:01.434+0000] {dag.py:3234} INFO - Creating ORM DAG for example_python_decorator
[2024-09-01T04:29:01.434+0000] {logging_mixin.py:190} INFO - [2024-09-01T04:29:01.434+0000] {dag.py:4138} INFO - Setting next_dagrun for example_python_decorator to None, run_after=None
[2024-09-01T04:29:01.458+0000] {processor.py:208} INFO - Processing /home/ubuntu/airflow_snow/lib/python3.12/site-packages/airflow/example_dags/example_python_decorator.py took 0.233 seconds
[2024-09-01T04:30:03.294+0000] {processor.py:186} INFO - Started process (PID=2235) to work on /home/ubuntu/airflow_snow/lib/python3.12/site-packages/airflow/example_dags/example_python_decorator.py
[2024-09-01T04:30:03.298+0000] {processor.py:914} INFO - Processing file /home/ubuntu/airflow_snow/lib/python3.12/site-packages/airflow/example_dags/example_python_decorator.py for tasks to queue
[2024-09-01T04:30:03.300+0000] {logging_mixin.py:190} INFO - [2024-09-01T04:30:03.299+0000] {dagbag.py:587} INFO - Filling up the DagBag from /home/ubuntu/airflow_snow/lib/python3.12/site-packages/airflow/example_dags/example_python_decorator.py
[2024-09-01T04:30:03.307+0000] {logging_mixin.py:190} INFO - [2024-09-01T04:30:03.307+0000] {example_python_decorator.py:80} WARNING - The virtalenv_python example task requires virtualenv, please install it.
[2024-09-01T04:30:03.309+0000] {processor.py:925} INFO - DAG(s) 'example_python_decorator' retrieved from /home/ubuntu/airflow_snow/lib/python3.12/site-packages/airflow/example_dags/example_python_decorator.py
[2024-09-01T04:30:03.326+0000] {logging_mixin.py:190} INFO - [2024-09-01T04:30:03.326+0000] {dag.py:3211} INFO - Sync 1 DAGs
[2024-09-01T04:30:03.339+0000] {logging_mixin.py:190} INFO - [2024-09-01T04:30:03.339+0000] {dag.py:4138} INFO - Setting next_dagrun for example_python_decorator to None, run_after=None
[2024-09-01T04:30:03.361+0000] {processor.py:208} INFO - Processing /home/ubuntu/airflow_snow/lib/python3.12/site-packages/airflow/example_dags/example_python_decorator.py took 0.072 seconds
[2024-09-01T04:30:58.680+0000] {processor.py:186} INFO - Started process (PID=2296) to work on /home/ubuntu/airflow_snow/lib/python3.12/site-packages/airflow/example_dags/example_python_decorator.py
[2024-09-01T04:30:58.681+0000] {processor.py:914} INFO - Processing file /home/ubuntu/airflow_snow/lib/python3.12/site-packages/airflow/example_dags/example_python_decorator.py for tasks to queue
[2024-09-01T04:30:58.683+0000] {logging_mixin.py:190} INFO - [2024-09-01T04:30:58.683+0000] {dagbag.py:587} INFO - Filling up the DagBag from /home/ubuntu/airflow_snow/lib/python3.12/site-packages/airflow/example_dags/example_python_decorator.py
[2024-09-01T04:30:58.691+0000] {logging_mixin.py:190} INFO - [2024-09-01T04:30:58.690+0000] {example_python_decorator.py:80} WARNING - The virtalenv_python example task requires virtualenv, please install it.
[2024-09-01T04:30:58.693+0000] {processor.py:925} INFO - DAG(s) 'example_python_decorator' retrieved from /home/ubuntu/airflow_snow/lib/python3.12/site-packages/airflow/example_dags/example_python_decorator.py
[2024-09-01T04:30:58.708+0000] {logging_mixin.py:190} INFO - [2024-09-01T04:30:58.708+0000] {dag.py:3211} INFO - Sync 1 DAGs
[2024-09-01T04:30:58.719+0000] {logging_mixin.py:190} INFO - [2024-09-01T04:30:58.719+0000] {dag.py:4138} INFO - Setting next_dagrun for example_python_decorator to None, run_after=None
[2024-09-01T04:30:58.739+0000] {processor.py:208} INFO - Processing /home/ubuntu/airflow_snow/lib/python3.12/site-packages/airflow/example_dags/example_python_decorator.py took 0.064 seconds
[2024-09-01T04:31:51.801+0000] {processor.py:186} INFO - Started process (PID=2352) to work on /home/ubuntu/airflow_snow/lib/python3.12/site-packages/airflow/example_dags/example_python_decorator.py
[2024-09-01T04:31:51.804+0000] {processor.py:914} INFO - Processing file /home/ubuntu/airflow_snow/lib/python3.12/site-packages/airflow/example_dags/example_python_decorator.py for tasks to queue
[2024-09-01T04:31:51.806+0000] {logging_mixin.py:190} INFO - [2024-09-01T04:31:51.805+0000] {dagbag.py:587} INFO - Filling up the DagBag from /home/ubuntu/airflow_snow/lib/python3.12/site-packages/airflow/example_dags/example_python_decorator.py
[2024-09-01T04:31:51.813+0000] {logging_mixin.py:190} INFO - [2024-09-01T04:31:51.813+0000] {example_python_decorator.py:80} WARNING - The virtalenv_python example task requires virtualenv, please install it.
[2024-09-01T04:31:51.815+0000] {processor.py:925} INFO - DAG(s) 'example_python_decorator' retrieved from /home/ubuntu/airflow_snow/lib/python3.12/site-packages/airflow/example_dags/example_python_decorator.py
[2024-09-01T04:31:51.831+0000] {logging_mixin.py:190} INFO - [2024-09-01T04:31:51.831+0000] {dag.py:3211} INFO - Sync 1 DAGs
[2024-09-01T04:31:51.843+0000] {logging_mixin.py:190} INFO - [2024-09-01T04:31:51.843+0000] {dag.py:4138} INFO - Setting next_dagrun for example_python_decorator to None, run_after=None
[2024-09-01T04:31:51.866+0000] {processor.py:208} INFO - Processing /home/ubuntu/airflow_snow/lib/python3.12/site-packages/airflow/example_dags/example_python_decorator.py took 0.070 seconds
[2024-09-01T04:32:39.911+0000] {processor.py:186} INFO - Started process (PID=2403) to work on /home/ubuntu/airflow_snow/lib/python3.12/site-packages/airflow/example_dags/example_python_decorator.py
[2024-09-01T04:32:39.912+0000] {processor.py:914} INFO - Processing file /home/ubuntu/airflow_snow/lib/python3.12/site-packages/airflow/example_dags/example_python_decorator.py for tasks to queue
[2024-09-01T04:32:39.914+0000] {logging_mixin.py:190} INFO - [2024-09-01T04:32:39.914+0000] {dagbag.py:587} INFO - Filling up the DagBag from /home/ubuntu/airflow_snow/lib/python3.12/site-packages/airflow/example_dags/example_python_decorator.py
[2024-09-01T04:32:39.922+0000] {logging_mixin.py:190} INFO - [2024-09-01T04:32:39.922+0000] {example_python_decorator.py:80} WARNING - The virtalenv_python example task requires virtualenv, please install it.
[2024-09-01T04:32:39.924+0000] {processor.py:925} INFO - DAG(s) 'example_python_decorator' retrieved from /home/ubuntu/airflow_snow/lib/python3.12/site-packages/airflow/example_dags/example_python_decorator.py
[2024-09-01T04:32:39.939+0000] {logging_mixin.py:190} INFO - [2024-09-01T04:32:39.939+0000] {dag.py:3211} INFO - Sync 1 DAGs
[2024-09-01T04:32:39.950+0000] {logging_mixin.py:190} INFO - [2024-09-01T04:32:39.950+0000] {dag.py:4138} INFO - Setting next_dagrun for example_python_decorator to None, run_after=None
[2024-09-01T04:32:39.974+0000] {processor.py:208} INFO - Processing /home/ubuntu/airflow_snow/lib/python3.12/site-packages/airflow/example_dags/example_python_decorator.py took 0.069 seconds
[2024-09-01T04:33:30.108+0000] {processor.py:186} INFO - Started process (PID=2453) to work on /home/ubuntu/airflow_snow/lib/python3.12/site-packages/airflow/example_dags/example_python_decorator.py
[2024-09-01T04:33:30.111+0000] {processor.py:914} INFO - Processing file /home/ubuntu/airflow_snow/lib/python3.12/site-packages/airflow/example_dags/example_python_decorator.py for tasks to queue
[2024-09-01T04:33:30.112+0000] {logging_mixin.py:190} INFO - [2024-09-01T04:33:30.112+0000] {dagbag.py:587} INFO - Filling up the DagBag from /home/ubuntu/airflow_snow/lib/python3.12/site-packages/airflow/example_dags/example_python_decorator.py
[2024-09-01T04:33:30.120+0000] {logging_mixin.py:190} INFO - [2024-09-01T04:33:30.119+0000] {example_python_decorator.py:80} WARNING - The virtalenv_python example task requires virtualenv, please install it.
[2024-09-01T04:33:30.122+0000] {processor.py:925} INFO - DAG(s) 'example_python_decorator' retrieved from /home/ubuntu/airflow_snow/lib/python3.12/site-packages/airflow/example_dags/example_python_decorator.py
[2024-09-01T04:33:30.138+0000] {logging_mixin.py:190} INFO - [2024-09-01T04:33:30.138+0000] {dag.py:3211} INFO - Sync 1 DAGs
[2024-09-01T04:33:30.148+0000] {logging_mixin.py:190} INFO - [2024-09-01T04:33:30.148+0000] {dag.py:4138} INFO - Setting next_dagrun for example_python_decorator to None, run_after=None
[2024-09-01T04:33:30.173+0000] {processor.py:208} INFO - Processing /home/ubuntu/airflow_snow/lib/python3.12/site-packages/airflow/example_dags/example_python_decorator.py took 0.070 seconds
[2024-09-01T04:34:20.351+0000] {processor.py:186} INFO - Started process (PID=2507) to work on /home/ubuntu/airflow_snow/lib/python3.12/site-packages/airflow/example_dags/example_python_decorator.py
[2024-09-01T04:34:20.354+0000] {processor.py:914} INFO - Processing file /home/ubuntu/airflow_snow/lib/python3.12/site-packages/airflow/example_dags/example_python_decorator.py for tasks to queue
[2024-09-01T04:34:20.356+0000] {logging_mixin.py:190} INFO - [2024-09-01T04:34:20.356+0000] {dagbag.py:587} INFO - Filling up the DagBag from /home/ubuntu/airflow_snow/lib/python3.12/site-packages/airflow/example_dags/example_python_decorator.py
[2024-09-01T04:34:20.364+0000] {logging_mixin.py:190} INFO - [2024-09-01T04:34:20.363+0000] {example_python_decorator.py:80} WARNING - The virtalenv_python example task requires virtualenv, please install it.
[2024-09-01T04:34:20.366+0000] {processor.py:925} INFO - DAG(s) 'example_python_decorator' retrieved from /home/ubuntu/airflow_snow/lib/python3.12/site-packages/airflow/example_dags/example_python_decorator.py
[2024-09-01T04:34:20.382+0000] {logging_mixin.py:190} INFO - [2024-09-01T04:34:20.382+0000] {dag.py:3211} INFO - Sync 1 DAGs
[2024-09-01T04:34:20.394+0000] {logging_mixin.py:190} INFO - [2024-09-01T04:34:20.394+0000] {dag.py:4138} INFO - Setting next_dagrun for example_python_decorator to None, run_after=None
[2024-09-01T04:34:20.418+0000] {processor.py:208} INFO - Processing /home/ubuntu/airflow_snow/lib/python3.12/site-packages/airflow/example_dags/example_python_decorator.py took 0.071 seconds
[2024-09-01T04:35:09.895+0000] {processor.py:186} INFO - Started process (PID=2562) to work on /home/ubuntu/airflow_snow/lib/python3.12/site-packages/airflow/example_dags/example_python_decorator.py
[2024-09-01T04:35:09.896+0000] {processor.py:914} INFO - Processing file /home/ubuntu/airflow_snow/lib/python3.12/site-packages/airflow/example_dags/example_python_decorator.py for tasks to queue
[2024-09-01T04:35:09.898+0000] {logging_mixin.py:190} INFO - [2024-09-01T04:35:09.898+0000] {dagbag.py:587} INFO - Filling up the DagBag from /home/ubuntu/airflow_snow/lib/python3.12/site-packages/airflow/example_dags/example_python_decorator.py
[2024-09-01T04:35:09.906+0000] {logging_mixin.py:190} INFO - [2024-09-01T04:35:09.906+0000] {example_python_decorator.py:80} WARNING - The virtalenv_python example task requires virtualenv, please install it.
[2024-09-01T04:35:09.909+0000] {processor.py:925} INFO - DAG(s) 'example_python_decorator' retrieved from /home/ubuntu/airflow_snow/lib/python3.12/site-packages/airflow/example_dags/example_python_decorator.py
[2024-09-01T04:35:09.923+0000] {logging_mixin.py:190} INFO - [2024-09-01T04:35:09.923+0000] {dag.py:3211} INFO - Sync 1 DAGs
[2024-09-01T04:35:09.935+0000] {logging_mixin.py:190} INFO - [2024-09-01T04:35:09.935+0000] {dag.py:4138} INFO - Setting next_dagrun for example_python_decorator to None, run_after=None
[2024-09-01T04:35:09.955+0000] {processor.py:208} INFO - Processing /home/ubuntu/airflow_snow/lib/python3.12/site-packages/airflow/example_dags/example_python_decorator.py took 0.065 seconds
[2024-09-01T04:35:57.890+0000] {processor.py:186} INFO - Started process (PID=2611) to work on /home/ubuntu/airflow_snow/lib/python3.12/site-packages/airflow/example_dags/example_python_decorator.py
[2024-09-01T04:35:57.892+0000] {processor.py:914} INFO - Processing file /home/ubuntu/airflow_snow/lib/python3.12/site-packages/airflow/example_dags/example_python_decorator.py for tasks to queue
[2024-09-01T04:35:57.894+0000] {logging_mixin.py:190} INFO - [2024-09-01T04:35:57.894+0000] {dagbag.py:587} INFO - Filling up the DagBag from /home/ubuntu/airflow_snow/lib/python3.12/site-packages/airflow/example_dags/example_python_decorator.py
[2024-09-01T04:35:57.902+0000] {logging_mixin.py:190} INFO - [2024-09-01T04:35:57.902+0000] {example_python_decorator.py:80} WARNING - The virtalenv_python example task requires virtualenv, please install it.
[2024-09-01T04:35:57.904+0000] {processor.py:925} INFO - DAG(s) 'example_python_decorator' retrieved from /home/ubuntu/airflow_snow/lib/python3.12/site-packages/airflow/example_dags/example_python_decorator.py
[2024-09-01T04:35:57.919+0000] {logging_mixin.py:190} INFO - [2024-09-01T04:35:57.919+0000] {dag.py:3211} INFO - Sync 1 DAGs
[2024-09-01T04:35:57.930+0000] {logging_mixin.py:190} INFO - [2024-09-01T04:35:57.930+0000] {dag.py:4138} INFO - Setting next_dagrun for example_python_decorator to None, run_after=None
[2024-09-01T04:35:57.951+0000] {processor.py:208} INFO - Processing /home/ubuntu/airflow_snow/lib/python3.12/site-packages/airflow/example_dags/example_python_decorator.py took 0.066 seconds
[2024-09-01T04:36:51.558+0000] {processor.py:186} INFO - Started process (PID=2664) to work on /home/ubuntu/airflow_snow/lib/python3.12/site-packages/airflow/example_dags/example_python_decorator.py
[2024-09-01T04:36:51.560+0000] {processor.py:914} INFO - Processing file /home/ubuntu/airflow_snow/lib/python3.12/site-packages/airflow/example_dags/example_python_decorator.py for tasks to queue
[2024-09-01T04:36:51.561+0000] {logging_mixin.py:190} INFO - [2024-09-01T04:36:51.561+0000] {dagbag.py:587} INFO - Filling up the DagBag from /home/ubuntu/airflow_snow/lib/python3.12/site-packages/airflow/example_dags/example_python_decorator.py
[2024-09-01T04:36:51.569+0000] {logging_mixin.py:190} INFO - [2024-09-01T04:36:51.569+0000] {example_python_decorator.py:80} WARNING - The virtalenv_python example task requires virtualenv, please install it.
[2024-09-01T04:36:51.571+0000] {processor.py:925} INFO - DAG(s) 'example_python_decorator' retrieved from /home/ubuntu/airflow_snow/lib/python3.12/site-packages/airflow/example_dags/example_python_decorator.py
[2024-09-01T04:36:51.587+0000] {logging_mixin.py:190} INFO - [2024-09-01T04:36:51.586+0000] {dag.py:3211} INFO - Sync 1 DAGs
[2024-09-01T04:36:51.598+0000] {logging_mixin.py:190} INFO - [2024-09-01T04:36:51.598+0000] {dag.py:4138} INFO - Setting next_dagrun for example_python_decorator to None, run_after=None
[2024-09-01T04:36:51.618+0000] {processor.py:208} INFO - Processing /home/ubuntu/airflow_snow/lib/python3.12/site-packages/airflow/example_dags/example_python_decorator.py took 0.066 seconds
[2024-09-01T04:37:43.036+0000] {processor.py:186} INFO - Started process (PID=2717) to work on /home/ubuntu/airflow_snow/lib/python3.12/site-packages/airflow/example_dags/example_python_decorator.py
[2024-09-01T04:37:43.038+0000] {processor.py:914} INFO - Processing file /home/ubuntu/airflow_snow/lib/python3.12/site-packages/airflow/example_dags/example_python_decorator.py for tasks to queue
[2024-09-01T04:37:43.039+0000] {logging_mixin.py:190} INFO - [2024-09-01T04:37:43.039+0000] {dagbag.py:587} INFO - Filling up the DagBag from /home/ubuntu/airflow_snow/lib/python3.12/site-packages/airflow/example_dags/example_python_decorator.py
[2024-09-01T04:37:43.047+0000] {logging_mixin.py:190} INFO - [2024-09-01T04:37:43.047+0000] {example_python_decorator.py:80} WARNING - The virtalenv_python example task requires virtualenv, please install it.
[2024-09-01T04:37:43.050+0000] {processor.py:925} INFO - DAG(s) 'example_python_decorator' retrieved from /home/ubuntu/airflow_snow/lib/python3.12/site-packages/airflow/example_dags/example_python_decorator.py
[2024-09-01T04:37:43.064+0000] {logging_mixin.py:190} INFO - [2024-09-01T04:37:43.064+0000] {dag.py:3211} INFO - Sync 1 DAGs
[2024-09-01T04:37:43.075+0000] {logging_mixin.py:190} INFO - [2024-09-01T04:37:43.075+0000] {dag.py:4138} INFO - Setting next_dagrun for example_python_decorator to None, run_after=None
[2024-09-01T04:37:43.096+0000] {processor.py:208} INFO - Processing /home/ubuntu/airflow_snow/lib/python3.12/site-packages/airflow/example_dags/example_python_decorator.py took 0.065 seconds
[2024-09-01T04:38:33.386+0000] {processor.py:186} INFO - Started process (PID=2768) to work on /home/ubuntu/airflow_snow/lib/python3.12/site-packages/airflow/example_dags/example_python_decorator.py
[2024-09-01T04:38:33.388+0000] {processor.py:914} INFO - Processing file /home/ubuntu/airflow_snow/lib/python3.12/site-packages/airflow/example_dags/example_python_decorator.py for tasks to queue
[2024-09-01T04:38:33.390+0000] {logging_mixin.py:190} INFO - [2024-09-01T04:38:33.389+0000] {dagbag.py:587} INFO - Filling up the DagBag from /home/ubuntu/airflow_snow/lib/python3.12/site-packages/airflow/example_dags/example_python_decorator.py
[2024-09-01T04:38:33.397+0000] {logging_mixin.py:190} INFO - [2024-09-01T04:38:33.397+0000] {example_python_decorator.py:80} WARNING - The virtalenv_python example task requires virtualenv, please install it.
[2024-09-01T04:38:33.399+0000] {processor.py:925} INFO - DAG(s) 'example_python_decorator' retrieved from /home/ubuntu/airflow_snow/lib/python3.12/site-packages/airflow/example_dags/example_python_decorator.py
[2024-09-01T04:38:33.415+0000] {logging_mixin.py:190} INFO - [2024-09-01T04:38:33.414+0000] {dag.py:3211} INFO - Sync 1 DAGs
[2024-09-01T04:38:33.427+0000] {logging_mixin.py:190} INFO - [2024-09-01T04:38:33.427+0000] {dag.py:4138} INFO - Setting next_dagrun for example_python_decorator to None, run_after=None
[2024-09-01T04:38:33.450+0000] {processor.py:208} INFO - Processing /home/ubuntu/airflow_snow/lib/python3.12/site-packages/airflow/example_dags/example_python_decorator.py took 0.070 seconds
[2024-09-01T04:39:23.875+0000] {processor.py:186} INFO - Started process (PID=2819) to work on /home/ubuntu/airflow_snow/lib/python3.12/site-packages/airflow/example_dags/example_python_decorator.py
[2024-09-01T04:39:23.876+0000] {processor.py:914} INFO - Processing file /home/ubuntu/airflow_snow/lib/python3.12/site-packages/airflow/example_dags/example_python_decorator.py for tasks to queue
[2024-09-01T04:39:23.877+0000] {logging_mixin.py:190} INFO - [2024-09-01T04:39:23.877+0000] {dagbag.py:587} INFO - Filling up the DagBag from /home/ubuntu/airflow_snow/lib/python3.12/site-packages/airflow/example_dags/example_python_decorator.py
[2024-09-01T04:39:23.886+0000] {logging_mixin.py:190} INFO - [2024-09-01T04:39:23.886+0000] {example_python_decorator.py:80} WARNING - The virtalenv_python example task requires virtualenv, please install it.
[2024-09-01T04:39:23.888+0000] {processor.py:925} INFO - DAG(s) 'example_python_decorator' retrieved from /home/ubuntu/airflow_snow/lib/python3.12/site-packages/airflow/example_dags/example_python_decorator.py
[2024-09-01T04:39:23.903+0000] {logging_mixin.py:190} INFO - [2024-09-01T04:39:23.903+0000] {dag.py:3211} INFO - Sync 1 DAGs
[2024-09-01T04:39:23.915+0000] {logging_mixin.py:190} INFO - [2024-09-01T04:39:23.914+0000] {dag.py:4138} INFO - Setting next_dagrun for example_python_decorator to None, run_after=None
[2024-09-01T04:39:23.937+0000] {processor.py:208} INFO - Processing /home/ubuntu/airflow_snow/lib/python3.12/site-packages/airflow/example_dags/example_python_decorator.py took 0.067 seconds
[2024-09-01T04:40:16.556+0000] {processor.py:186} INFO - Started process (PID=2873) to work on /home/ubuntu/airflow_snow/lib/python3.12/site-packages/airflow/example_dags/example_python_decorator.py
[2024-09-01T04:40:16.558+0000] {processor.py:914} INFO - Processing file /home/ubuntu/airflow_snow/lib/python3.12/site-packages/airflow/example_dags/example_python_decorator.py for tasks to queue
[2024-09-01T04:40:16.559+0000] {logging_mixin.py:190} INFO - [2024-09-01T04:40:16.559+0000] {dagbag.py:587} INFO - Filling up the DagBag from /home/ubuntu/airflow_snow/lib/python3.12/site-packages/airflow/example_dags/example_python_decorator.py
[2024-09-01T04:40:16.567+0000] {logging_mixin.py:190} INFO - [2024-09-01T04:40:16.567+0000] {example_python_decorator.py:80} WARNING - The virtalenv_python example task requires virtualenv, please install it.
[2024-09-01T04:40:16.570+0000] {processor.py:925} INFO - DAG(s) 'example_python_decorator' retrieved from /home/ubuntu/airflow_snow/lib/python3.12/site-packages/airflow/example_dags/example_python_decorator.py
[2024-09-01T04:40:16.585+0000] {logging_mixin.py:190} INFO - [2024-09-01T04:40:16.585+0000] {dag.py:3211} INFO - Sync 1 DAGs
[2024-09-01T04:40:16.605+0000] {logging_mixin.py:190} INFO - [2024-09-01T04:40:16.605+0000] {dag.py:4138} INFO - Setting next_dagrun for example_python_decorator to None, run_after=None
[2024-09-01T04:40:16.624+0000] {processor.py:208} INFO - Processing /home/ubuntu/airflow_snow/lib/python3.12/site-packages/airflow/example_dags/example_python_decorator.py took 0.075 seconds
[2024-09-01T04:41:09.098+0000] {processor.py:186} INFO - Started process (PID=2929) to work on /home/ubuntu/airflow_snow/lib/python3.12/site-packages/airflow/example_dags/example_python_decorator.py
[2024-09-01T04:41:09.100+0000] {processor.py:914} INFO - Processing file /home/ubuntu/airflow_snow/lib/python3.12/site-packages/airflow/example_dags/example_python_decorator.py for tasks to queue
[2024-09-01T04:41:09.102+0000] {logging_mixin.py:190} INFO - [2024-09-01T04:41:09.102+0000] {dagbag.py:587} INFO - Filling up the DagBag from /home/ubuntu/airflow_snow/lib/python3.12/site-packages/airflow/example_dags/example_python_decorator.py
[2024-09-01T04:41:09.110+0000] {logging_mixin.py:190} INFO - [2024-09-01T04:41:09.110+0000] {example_python_decorator.py:80} WARNING - The virtalenv_python example task requires virtualenv, please install it.
[2024-09-01T04:41:09.112+0000] {processor.py:925} INFO - DAG(s) 'example_python_decorator' retrieved from /home/ubuntu/airflow_snow/lib/python3.12/site-packages/airflow/example_dags/example_python_decorator.py
[2024-09-01T04:41:09.127+0000] {logging_mixin.py:190} INFO - [2024-09-01T04:41:09.127+0000] {dag.py:3211} INFO - Sync 1 DAGs
[2024-09-01T04:41:09.139+0000] {logging_mixin.py:190} INFO - [2024-09-01T04:41:09.139+0000] {dag.py:4138} INFO - Setting next_dagrun for example_python_decorator to None, run_after=None
[2024-09-01T04:41:09.161+0000] {processor.py:208} INFO - Processing /home/ubuntu/airflow_snow/lib/python3.12/site-packages/airflow/example_dags/example_python_decorator.py took 0.070 seconds
[2024-09-01T04:41:59.434+0000] {processor.py:186} INFO - Started process (PID=2981) to work on /home/ubuntu/airflow_snow/lib/python3.12/site-packages/airflow/example_dags/example_python_decorator.py
[2024-09-01T04:41:59.437+0000] {processor.py:914} INFO - Processing file /home/ubuntu/airflow_snow/lib/python3.12/site-packages/airflow/example_dags/example_python_decorator.py for tasks to queue
[2024-09-01T04:41:59.439+0000] {logging_mixin.py:190} INFO - [2024-09-01T04:41:59.439+0000] {dagbag.py:587} INFO - Filling up the DagBag from /home/ubuntu/airflow_snow/lib/python3.12/site-packages/airflow/example_dags/example_python_decorator.py
[2024-09-01T04:41:59.447+0000] {logging_mixin.py:190} INFO - [2024-09-01T04:41:59.447+0000] {example_python_decorator.py:80} WARNING - The virtalenv_python example task requires virtualenv, please install it.
[2024-09-01T04:41:59.450+0000] {processor.py:925} INFO - DAG(s) 'example_python_decorator' retrieved from /home/ubuntu/airflow_snow/lib/python3.12/site-packages/airflow/example_dags/example_python_decorator.py
[2024-09-01T04:41:59.464+0000] {logging_mixin.py:190} INFO - [2024-09-01T04:41:59.464+0000] {dag.py:3211} INFO - Sync 1 DAGs
[2024-09-01T04:41:59.476+0000] {logging_mixin.py:190} INFO - [2024-09-01T04:41:59.476+0000] {dag.py:4138} INFO - Setting next_dagrun for example_python_decorator to None, run_after=None
[2024-09-01T04:41:59.498+0000] {processor.py:208} INFO - Processing /home/ubuntu/airflow_snow/lib/python3.12/site-packages/airflow/example_dags/example_python_decorator.py took 0.068 seconds
[2024-09-01T04:42:49.814+0000] {processor.py:186} INFO - Started process (PID=3032) to work on /home/ubuntu/airflow_snow/lib/python3.12/site-packages/airflow/example_dags/example_python_decorator.py
[2024-09-01T04:42:49.818+0000] {processor.py:914} INFO - Processing file /home/ubuntu/airflow_snow/lib/python3.12/site-packages/airflow/example_dags/example_python_decorator.py for tasks to queue
[2024-09-01T04:42:49.820+0000] {logging_mixin.py:190} INFO - [2024-09-01T04:42:49.820+0000] {dagbag.py:587} INFO - Filling up the DagBag from /home/ubuntu/airflow_snow/lib/python3.12/site-packages/airflow/example_dags/example_python_decorator.py
[2024-09-01T04:42:49.827+0000] {logging_mixin.py:190} INFO - [2024-09-01T04:42:49.827+0000] {example_python_decorator.py:80} WARNING - The virtalenv_python example task requires virtualenv, please install it.
[2024-09-01T04:42:49.830+0000] {processor.py:925} INFO - DAG(s) 'example_python_decorator' retrieved from /home/ubuntu/airflow_snow/lib/python3.12/site-packages/airflow/example_dags/example_python_decorator.py
[2024-09-01T04:42:49.844+0000] {logging_mixin.py:190} INFO - [2024-09-01T04:42:49.844+0000] {dag.py:3211} INFO - Sync 1 DAGs
[2024-09-01T04:42:49.856+0000] {logging_mixin.py:190} INFO - [2024-09-01T04:42:49.856+0000] {dag.py:4138} INFO - Setting next_dagrun for example_python_decorator to None, run_after=None
[2024-09-01T04:42:49.878+0000] {processor.py:208} INFO - Processing /home/ubuntu/airflow_snow/lib/python3.12/site-packages/airflow/example_dags/example_python_decorator.py took 0.068 seconds
[2024-09-01T04:43:38.374+0000] {processor.py:186} INFO - Started process (PID=3083) to work on /home/ubuntu/airflow_snow/lib/python3.12/site-packages/airflow/example_dags/example_python_decorator.py
[2024-09-01T04:43:38.375+0000] {processor.py:914} INFO - Processing file /home/ubuntu/airflow_snow/lib/python3.12/site-packages/airflow/example_dags/example_python_decorator.py for tasks to queue
[2024-09-01T04:43:38.378+0000] {logging_mixin.py:190} INFO - [2024-09-01T04:43:38.377+0000] {dagbag.py:587} INFO - Filling up the DagBag from /home/ubuntu/airflow_snow/lib/python3.12/site-packages/airflow/example_dags/example_python_decorator.py
[2024-09-01T04:43:38.386+0000] {logging_mixin.py:190} INFO - [2024-09-01T04:43:38.386+0000] {example_python_decorator.py:80} WARNING - The virtalenv_python example task requires virtualenv, please install it.
[2024-09-01T04:43:38.388+0000] {processor.py:925} INFO - DAG(s) 'example_python_decorator' retrieved from /home/ubuntu/airflow_snow/lib/python3.12/site-packages/airflow/example_dags/example_python_decorator.py
[2024-09-01T04:43:38.404+0000] {logging_mixin.py:190} INFO - [2024-09-01T04:43:38.404+0000] {dag.py:3211} INFO - Sync 1 DAGs
[2024-09-01T04:43:38.414+0000] {logging_mixin.py:190} INFO - [2024-09-01T04:43:38.414+0000] {dag.py:4138} INFO - Setting next_dagrun for example_python_decorator to None, run_after=None
[2024-09-01T04:43:38.435+0000] {processor.py:208} INFO - Processing /home/ubuntu/airflow_snow/lib/python3.12/site-packages/airflow/example_dags/example_python_decorator.py took 0.067 seconds
[2024-09-01T04:44:26.500+0000] {processor.py:186} INFO - Started process (PID=3136) to work on /home/ubuntu/airflow_snow/lib/python3.12/site-packages/airflow/example_dags/example_python_decorator.py
[2024-09-01T04:44:26.502+0000] {processor.py:914} INFO - Processing file /home/ubuntu/airflow_snow/lib/python3.12/site-packages/airflow/example_dags/example_python_decorator.py for tasks to queue
[2024-09-01T04:44:26.504+0000] {logging_mixin.py:190} INFO - [2024-09-01T04:44:26.504+0000] {dagbag.py:587} INFO - Filling up the DagBag from /home/ubuntu/airflow_snow/lib/python3.12/site-packages/airflow/example_dags/example_python_decorator.py
[2024-09-01T04:44:26.511+0000] {logging_mixin.py:190} INFO - [2024-09-01T04:44:26.511+0000] {example_python_decorator.py:80} WARNING - The virtalenv_python example task requires virtualenv, please install it.
[2024-09-01T04:44:26.514+0000] {processor.py:925} INFO - DAG(s) 'example_python_decorator' retrieved from /home/ubuntu/airflow_snow/lib/python3.12/site-packages/airflow/example_dags/example_python_decorator.py
[2024-09-01T04:44:26.529+0000] {logging_mixin.py:190} INFO - [2024-09-01T04:44:26.529+0000] {dag.py:3211} INFO - Sync 1 DAGs
[2024-09-01T04:44:26.541+0000] {logging_mixin.py:190} INFO - [2024-09-01T04:44:26.541+0000] {dag.py:4138} INFO - Setting next_dagrun for example_python_decorator to None, run_after=None
[2024-09-01T04:44:26.562+0000] {processor.py:208} INFO - Processing /home/ubuntu/airflow_snow/lib/python3.12/site-packages/airflow/example_dags/example_python_decorator.py took 0.067 seconds
[2024-09-01T04:45:14.086+0000] {processor.py:186} INFO - Started process (PID=3190) to work on /home/ubuntu/airflow_snow/lib/python3.12/site-packages/airflow/example_dags/example_python_decorator.py
[2024-09-01T04:45:14.088+0000] {processor.py:914} INFO - Processing file /home/ubuntu/airflow_snow/lib/python3.12/site-packages/airflow/example_dags/example_python_decorator.py for tasks to queue
[2024-09-01T04:45:14.090+0000] {logging_mixin.py:190} INFO - [2024-09-01T04:45:14.090+0000] {dagbag.py:587} INFO - Filling up the DagBag from /home/ubuntu/airflow_snow/lib/python3.12/site-packages/airflow/example_dags/example_python_decorator.py
[2024-09-01T04:45:14.098+0000] {logging_mixin.py:190} INFO - [2024-09-01T04:45:14.098+0000] {example_python_decorator.py:80} WARNING - The virtalenv_python example task requires virtualenv, please install it.
[2024-09-01T04:45:14.100+0000] {processor.py:925} INFO - DAG(s) 'example_python_decorator' retrieved from /home/ubuntu/airflow_snow/lib/python3.12/site-packages/airflow/example_dags/example_python_decorator.py
[2024-09-01T04:45:14.115+0000] {logging_mixin.py:190} INFO - [2024-09-01T04:45:14.115+0000] {dag.py:3211} INFO - Sync 1 DAGs
[2024-09-01T04:45:14.126+0000] {logging_mixin.py:190} INFO - [2024-09-01T04:45:14.126+0000] {dag.py:4138} INFO - Setting next_dagrun for example_python_decorator to None, run_after=None
[2024-09-01T04:45:14.149+0000] {processor.py:208} INFO - Processing /home/ubuntu/airflow_snow/lib/python3.12/site-packages/airflow/example_dags/example_python_decorator.py took 0.067 seconds
[2024-09-01T04:46:04.211+0000] {processor.py:186} INFO - Started process (PID=3243) to work on /home/ubuntu/airflow_snow/lib/python3.12/site-packages/airflow/example_dags/example_python_decorator.py
[2024-09-01T04:46:04.212+0000] {processor.py:914} INFO - Processing file /home/ubuntu/airflow_snow/lib/python3.12/site-packages/airflow/example_dags/example_python_decorator.py for tasks to queue
[2024-09-01T04:46:04.214+0000] {logging_mixin.py:190} INFO - [2024-09-01T04:46:04.214+0000] {dagbag.py:587} INFO - Filling up the DagBag from /home/ubuntu/airflow_snow/lib/python3.12/site-packages/airflow/example_dags/example_python_decorator.py
[2024-09-01T04:46:04.222+0000] {logging_mixin.py:190} INFO - [2024-09-01T04:46:04.222+0000] {example_python_decorator.py:80} WARNING - The virtalenv_python example task requires virtualenv, please install it.
[2024-09-01T04:46:04.225+0000] {processor.py:925} INFO - DAG(s) 'example_python_decorator' retrieved from /home/ubuntu/airflow_snow/lib/python3.12/site-packages/airflow/example_dags/example_python_decorator.py
[2024-09-01T04:46:04.239+0000] {logging_mixin.py:190} INFO - [2024-09-01T04:46:04.239+0000] {dag.py:3211} INFO - Sync 1 DAGs
[2024-09-01T04:46:04.251+0000] {logging_mixin.py:190} INFO - [2024-09-01T04:46:04.251+0000] {dag.py:4138} INFO - Setting next_dagrun for example_python_decorator to None, run_after=None
[2024-09-01T04:46:04.274+0000] {processor.py:208} INFO - Processing /home/ubuntu/airflow_snow/lib/python3.12/site-packages/airflow/example_dags/example_python_decorator.py took 0.068 seconds
[2024-09-01T04:46:52.766+0000] {processor.py:186} INFO - Started process (PID=3294) to work on /home/ubuntu/airflow_snow/lib/python3.12/site-packages/airflow/example_dags/example_python_decorator.py
[2024-09-01T04:46:52.768+0000] {processor.py:914} INFO - Processing file /home/ubuntu/airflow_snow/lib/python3.12/site-packages/airflow/example_dags/example_python_decorator.py for tasks to queue
[2024-09-01T04:46:52.770+0000] {logging_mixin.py:190} INFO - [2024-09-01T04:46:52.770+0000] {dagbag.py:587} INFO - Filling up the DagBag from /home/ubuntu/airflow_snow/lib/python3.12/site-packages/airflow/example_dags/example_python_decorator.py
[2024-09-01T04:46:52.778+0000] {logging_mixin.py:190} INFO - [2024-09-01T04:46:52.778+0000] {example_python_decorator.py:80} WARNING - The virtalenv_python example task requires virtualenv, please install it.
[2024-09-01T04:46:52.781+0000] {processor.py:925} INFO - DAG(s) 'example_python_decorator' retrieved from /home/ubuntu/airflow_snow/lib/python3.12/site-packages/airflow/example_dags/example_python_decorator.py
[2024-09-01T04:46:52.796+0000] {logging_mixin.py:190} INFO - [2024-09-01T04:46:52.795+0000] {dag.py:3211} INFO - Sync 1 DAGs
[2024-09-01T04:46:52.807+0000] {logging_mixin.py:190} INFO - [2024-09-01T04:46:52.807+0000] {dag.py:4138} INFO - Setting next_dagrun for example_python_decorator to None, run_after=None
[2024-09-01T04:46:52.830+0000] {processor.py:208} INFO - Processing /home/ubuntu/airflow_snow/lib/python3.12/site-packages/airflow/example_dags/example_python_decorator.py took 0.069 seconds
[2024-09-01T04:47:39.294+0000] {processor.py:186} INFO - Started process (PID=3343) to work on /home/ubuntu/airflow_snow/lib/python3.12/site-packages/airflow/example_dags/example_python_decorator.py
[2024-09-01T04:47:39.297+0000] {processor.py:914} INFO - Processing file /home/ubuntu/airflow_snow/lib/python3.12/site-packages/airflow/example_dags/example_python_decorator.py for tasks to queue
[2024-09-01T04:47:39.298+0000] {logging_mixin.py:190} INFO - [2024-09-01T04:47:39.298+0000] {dagbag.py:587} INFO - Filling up the DagBag from /home/ubuntu/airflow_snow/lib/python3.12/site-packages/airflow/example_dags/example_python_decorator.py
[2024-09-01T04:47:39.306+0000] {logging_mixin.py:190} INFO - [2024-09-01T04:47:39.306+0000] {example_python_decorator.py:80} WARNING - The virtalenv_python example task requires virtualenv, please install it.
[2024-09-01T04:47:39.309+0000] {processor.py:925} INFO - DAG(s) 'example_python_decorator' retrieved from /home/ubuntu/airflow_snow/lib/python3.12/site-packages/airflow/example_dags/example_python_decorator.py
[2024-09-01T04:47:39.323+0000] {logging_mixin.py:190} INFO - [2024-09-01T04:47:39.323+0000] {dag.py:3211} INFO - Sync 1 DAGs
[2024-09-01T04:47:39.334+0000] {logging_mixin.py:190} INFO - [2024-09-01T04:47:39.334+0000] {dag.py:4138} INFO - Setting next_dagrun for example_python_decorator to None, run_after=None
[2024-09-01T04:47:39.357+0000] {processor.py:208} INFO - Processing /home/ubuntu/airflow_snow/lib/python3.12/site-packages/airflow/example_dags/example_python_decorator.py took 0.067 seconds
[2024-09-01T04:48:28.513+0000] {processor.py:186} INFO - Started process (PID=3393) to work on /home/ubuntu/airflow_snow/lib/python3.12/site-packages/airflow/example_dags/example_python_decorator.py
[2024-09-01T04:48:28.516+0000] {processor.py:914} INFO - Processing file /home/ubuntu/airflow_snow/lib/python3.12/site-packages/airflow/example_dags/example_python_decorator.py for tasks to queue
[2024-09-01T04:48:28.518+0000] {logging_mixin.py:190} INFO - [2024-09-01T04:48:28.517+0000] {dagbag.py:587} INFO - Filling up the DagBag from /home/ubuntu/airflow_snow/lib/python3.12/site-packages/airflow/example_dags/example_python_decorator.py
[2024-09-01T04:48:28.526+0000] {logging_mixin.py:190} INFO - [2024-09-01T04:48:28.525+0000] {example_python_decorator.py:80} WARNING - The virtalenv_python example task requires virtualenv, please install it.
[2024-09-01T04:48:28.528+0000] {processor.py:925} INFO - DAG(s) 'example_python_decorator' retrieved from /home/ubuntu/airflow_snow/lib/python3.12/site-packages/airflow/example_dags/example_python_decorator.py
[2024-09-01T04:48:28.543+0000] {logging_mixin.py:190} INFO - [2024-09-01T04:48:28.543+0000] {dag.py:3211} INFO - Sync 1 DAGs
[2024-09-01T04:48:28.554+0000] {logging_mixin.py:190} INFO - [2024-09-01T04:48:28.554+0000] {dag.py:4138} INFO - Setting next_dagrun for example_python_decorator to None, run_after=None
[2024-09-01T04:48:28.574+0000] {processor.py:208} INFO - Processing /home/ubuntu/airflow_snow/lib/python3.12/site-packages/airflow/example_dags/example_python_decorator.py took 0.067 seconds
[2024-09-01T04:49:18.770+0000] {processor.py:186} INFO - Started process (PID=3444) to work on /home/ubuntu/airflow_snow/lib/python3.12/site-packages/airflow/example_dags/example_python_decorator.py
[2024-09-01T04:49:18.772+0000] {processor.py:914} INFO - Processing file /home/ubuntu/airflow_snow/lib/python3.12/site-packages/airflow/example_dags/example_python_decorator.py for tasks to queue
[2024-09-01T04:49:18.774+0000] {logging_mixin.py:190} INFO - [2024-09-01T04:49:18.774+0000] {dagbag.py:587} INFO - Filling up the DagBag from /home/ubuntu/airflow_snow/lib/python3.12/site-packages/airflow/example_dags/example_python_decorator.py
[2024-09-01T04:49:18.783+0000] {logging_mixin.py:190} INFO - [2024-09-01T04:49:18.783+0000] {example_python_decorator.py:80} WARNING - The virtalenv_python example task requires virtualenv, please install it.
[2024-09-01T04:49:18.785+0000] {processor.py:925} INFO - DAG(s) 'example_python_decorator' retrieved from /home/ubuntu/airflow_snow/lib/python3.12/site-packages/airflow/example_dags/example_python_decorator.py
[2024-09-01T04:49:18.800+0000] {logging_mixin.py:190} INFO - [2024-09-01T04:49:18.800+0000] {dag.py:3211} INFO - Sync 1 DAGs
[2024-09-01T04:49:18.811+0000] {logging_mixin.py:190} INFO - [2024-09-01T04:49:18.810+0000] {dag.py:4138} INFO - Setting next_dagrun for example_python_decorator to None, run_after=None
[2024-09-01T04:49:18.833+0000] {processor.py:208} INFO - Processing /home/ubuntu/airflow_snow/lib/python3.12/site-packages/airflow/example_dags/example_python_decorator.py took 0.068 seconds
[2024-09-01T04:50:06.090+0000] {processor.py:186} INFO - Started process (PID=3496) to work on /home/ubuntu/airflow_snow/lib/python3.12/site-packages/airflow/example_dags/example_python_decorator.py
[2024-09-01T04:50:06.091+0000] {processor.py:914} INFO - Processing file /home/ubuntu/airflow_snow/lib/python3.12/site-packages/airflow/example_dags/example_python_decorator.py for tasks to queue
[2024-09-01T04:50:06.093+0000] {logging_mixin.py:190} INFO - [2024-09-01T04:50:06.093+0000] {dagbag.py:587} INFO - Filling up the DagBag from /home/ubuntu/airflow_snow/lib/python3.12/site-packages/airflow/example_dags/example_python_decorator.py
[2024-09-01T04:50:06.100+0000] {logging_mixin.py:190} INFO - [2024-09-01T04:50:06.100+0000] {example_python_decorator.py:80} WARNING - The virtalenv_python example task requires virtualenv, please install it.
[2024-09-01T04:50:06.103+0000] {processor.py:925} INFO - DAG(s) 'example_python_decorator' retrieved from /home/ubuntu/airflow_snow/lib/python3.12/site-packages/airflow/example_dags/example_python_decorator.py
[2024-09-01T04:50:06.118+0000] {logging_mixin.py:190} INFO - [2024-09-01T04:50:06.118+0000] {dag.py:3211} INFO - Sync 1 DAGs
[2024-09-01T04:50:06.130+0000] {logging_mixin.py:190} INFO - [2024-09-01T04:50:06.129+0000] {dag.py:4138} INFO - Setting next_dagrun for example_python_decorator to None, run_after=None
[2024-09-01T04:50:06.153+0000] {processor.py:208} INFO - Processing /home/ubuntu/airflow_snow/lib/python3.12/site-packages/airflow/example_dags/example_python_decorator.py took 0.069 seconds
[2024-09-01T04:51:15.316+0000] {processor.py:186} INFO - Started process (PID=3573) to work on /home/ubuntu/airflow_snow/lib/python3.12/site-packages/airflow/example_dags/example_python_decorator.py
[2024-09-01T04:51:15.321+0000] {processor.py:914} INFO - Processing file /home/ubuntu/airflow_snow/lib/python3.12/site-packages/airflow/example_dags/example_python_decorator.py for tasks to queue
[2024-09-01T04:51:15.323+0000] {logging_mixin.py:190} INFO - [2024-09-01T04:51:15.322+0000] {dagbag.py:587} INFO - Filling up the DagBag from /home/ubuntu/airflow_snow/lib/python3.12/site-packages/airflow/example_dags/example_python_decorator.py
[2024-09-01T04:51:15.330+0000] {logging_mixin.py:190} INFO - [2024-09-01T04:51:15.330+0000] {example_python_decorator.py:80} WARNING - The virtalenv_python example task requires virtualenv, please install it.
[2024-09-01T04:51:15.332+0000] {processor.py:925} INFO - DAG(s) 'example_python_decorator' retrieved from /home/ubuntu/airflow_snow/lib/python3.12/site-packages/airflow/example_dags/example_python_decorator.py
[2024-09-01T04:51:15.348+0000] {logging_mixin.py:190} INFO - [2024-09-01T04:51:15.348+0000] {dag.py:3211} INFO - Sync 1 DAGs
[2024-09-01T04:51:15.359+0000] {logging_mixin.py:190} INFO - [2024-09-01T04:51:15.359+0000] {dag.py:4138} INFO - Setting next_dagrun for example_python_decorator to None, run_after=None
[2024-09-01T04:51:15.384+0000] {processor.py:208} INFO - Processing /home/ubuntu/airflow_snow/lib/python3.12/site-packages/airflow/example_dags/example_python_decorator.py took 0.072 seconds
[2024-09-01T04:52:05.575+0000] {processor.py:186} INFO - Started process (PID=3626) to work on /home/ubuntu/airflow_snow/lib/python3.12/site-packages/airflow/example_dags/example_python_decorator.py
[2024-09-01T04:52:05.577+0000] {processor.py:914} INFO - Processing file /home/ubuntu/airflow_snow/lib/python3.12/site-packages/airflow/example_dags/example_python_decorator.py for tasks to queue
[2024-09-01T04:52:05.579+0000] {logging_mixin.py:190} INFO - [2024-09-01T04:52:05.579+0000] {dagbag.py:587} INFO - Filling up the DagBag from /home/ubuntu/airflow_snow/lib/python3.12/site-packages/airflow/example_dags/example_python_decorator.py
[2024-09-01T04:52:05.587+0000] {logging_mixin.py:190} INFO - [2024-09-01T04:52:05.587+0000] {example_python_decorator.py:80} WARNING - The virtalenv_python example task requires virtualenv, please install it.
[2024-09-01T04:52:05.589+0000] {processor.py:925} INFO - DAG(s) 'example_python_decorator' retrieved from /home/ubuntu/airflow_snow/lib/python3.12/site-packages/airflow/example_dags/example_python_decorator.py
[2024-09-01T04:52:05.604+0000] {logging_mixin.py:190} INFO - [2024-09-01T04:52:05.604+0000] {dag.py:3211} INFO - Sync 1 DAGs
[2024-09-01T04:52:05.615+0000] {logging_mixin.py:190} INFO - [2024-09-01T04:52:05.615+0000] {dag.py:4138} INFO - Setting next_dagrun for example_python_decorator to None, run_after=None
[2024-09-01T04:52:05.638+0000] {processor.py:208} INFO - Processing /home/ubuntu/airflow_snow/lib/python3.12/site-packages/airflow/example_dags/example_python_decorator.py took 0.068 seconds
[2024-09-01T04:52:55.275+0000] {processor.py:186} INFO - Started process (PID=3676) to work on /home/ubuntu/airflow_snow/lib/python3.12/site-packages/airflow/example_dags/example_python_decorator.py
[2024-09-01T04:52:55.276+0000] {processor.py:914} INFO - Processing file /home/ubuntu/airflow_snow/lib/python3.12/site-packages/airflow/example_dags/example_python_decorator.py for tasks to queue
[2024-09-01T04:52:55.278+0000] {logging_mixin.py:190} INFO - [2024-09-01T04:52:55.277+0000] {dagbag.py:587} INFO - Filling up the DagBag from /home/ubuntu/airflow_snow/lib/python3.12/site-packages/airflow/example_dags/example_python_decorator.py
[2024-09-01T04:52:55.286+0000] {logging_mixin.py:190} INFO - [2024-09-01T04:52:55.286+0000] {example_python_decorator.py:80} WARNING - The virtalenv_python example task requires virtualenv, please install it.
[2024-09-01T04:52:55.288+0000] {processor.py:925} INFO - DAG(s) 'example_python_decorator' retrieved from /home/ubuntu/airflow_snow/lib/python3.12/site-packages/airflow/example_dags/example_python_decorator.py
[2024-09-01T04:52:55.304+0000] {logging_mixin.py:190} INFO - [2024-09-01T04:52:55.304+0000] {dag.py:3211} INFO - Sync 1 DAGs
[2024-09-01T04:52:55.315+0000] {logging_mixin.py:190} INFO - [2024-09-01T04:52:55.314+0000] {dag.py:4138} INFO - Setting next_dagrun for example_python_decorator to None, run_after=None
[2024-09-01T04:52:55.336+0000] {processor.py:208} INFO - Processing /home/ubuntu/airflow_snow/lib/python3.12/site-packages/airflow/example_dags/example_python_decorator.py took 0.066 seconds
