[2024-09-01T04:29:08.609+0000] {processor.py:186} INFO - Started process (PID=2182) to work on /home/ubuntu/airflow_snow/lib/python3.12/site-packages/airflow/example_dags/example_external_task_marker_dag.py
[2024-09-01T04:29:08.610+0000] {processor.py:914} INFO - Processing file /home/ubuntu/airflow_snow/lib/python3.12/site-packages/airflow/example_dags/example_external_task_marker_dag.py for tasks to queue
[2024-09-01T04:29:08.613+0000] {logging_mixin.py:190} INFO - [2024-09-01T04:29:08.611+0000] {dagbag.py:587} INFO - Filling up the DagBag from /home/ubuntu/airflow_snow/lib/python3.12/site-packages/airflow/example_dags/example_external_task_marker_dag.py
[2024-09-01T04:29:08.620+0000] {processor.py:925} INFO - DAG(s) 'example_external_task_marker_parent', 'example_external_task_marker_child' retrieved from /home/ubuntu/airflow_snow/lib/python3.12/site-packages/airflow/example_dags/example_external_task_marker_dag.py
[2024-09-01T04:29:08.721+0000] {logging_mixin.py:190} INFO - [2024-09-01T04:29:08.720+0000] {override.py:1900} INFO - Created Permission View: can delete on DAG:example_external_task_marker_parent
[2024-09-01T04:29:08.734+0000] {logging_mixin.py:190} INFO - [2024-09-01T04:29:08.734+0000] {override.py:1900} INFO - Created Permission View: can read on DAG:example_external_task_marker_parent
[2024-09-01T04:29:08.744+0000] {logging_mixin.py:190} INFO - [2024-09-01T04:29:08.744+0000] {override.py:1900} INFO - Created Permission View: can edit on DAG:example_external_task_marker_parent
[2024-09-01T04:29:08.763+0000] {logging_mixin.py:190} INFO - [2024-09-01T04:29:08.763+0000] {override.py:1900} INFO - Created Permission View: menu access on DAG Run:example_external_task_marker_parent
[2024-09-01T04:29:08.777+0000] {logging_mixin.py:190} INFO - [2024-09-01T04:29:08.777+0000] {override.py:1900} INFO - Created Permission View: can create on DAG Run:example_external_task_marker_parent
[2024-09-01T04:29:08.785+0000] {logging_mixin.py:190} INFO - [2024-09-01T04:29:08.785+0000] {override.py:1900} INFO - Created Permission View: can read on DAG Run:example_external_task_marker_parent
[2024-09-01T04:29:08.794+0000] {logging_mixin.py:190} INFO - [2024-09-01T04:29:08.794+0000] {override.py:1900} INFO - Created Permission View: can delete on DAG Run:example_external_task_marker_parent
[2024-09-01T04:29:08.819+0000] {logging_mixin.py:190} INFO - [2024-09-01T04:29:08.819+0000] {override.py:1900} INFO - Created Permission View: can delete on DAG:example_external_task_marker_child
[2024-09-01T04:29:08.829+0000] {logging_mixin.py:190} INFO - [2024-09-01T04:29:08.829+0000] {override.py:1900} INFO - Created Permission View: can read on DAG:example_external_task_marker_child
[2024-09-01T04:29:08.839+0000] {logging_mixin.py:190} INFO - [2024-09-01T04:29:08.838+0000] {override.py:1900} INFO - Created Permission View: can edit on DAG:example_external_task_marker_child
[2024-09-01T04:29:08.858+0000] {logging_mixin.py:190} INFO - [2024-09-01T04:29:08.858+0000] {override.py:1900} INFO - Created Permission View: menu access on DAG Run:example_external_task_marker_child
[2024-09-01T04:29:08.869+0000] {logging_mixin.py:190} INFO - [2024-09-01T04:29:08.869+0000] {override.py:1900} INFO - Created Permission View: can create on DAG Run:example_external_task_marker_child
[2024-09-01T04:29:08.878+0000] {logging_mixin.py:190} INFO - [2024-09-01T04:29:08.878+0000] {override.py:1900} INFO - Created Permission View: can read on DAG Run:example_external_task_marker_child
[2024-09-01T04:29:08.888+0000] {logging_mixin.py:190} INFO - [2024-09-01T04:29:08.888+0000] {override.py:1900} INFO - Created Permission View: can delete on DAG Run:example_external_task_marker_child
[2024-09-01T04:29:08.889+0000] {logging_mixin.py:190} INFO - [2024-09-01T04:29:08.888+0000] {dag.py:3211} INFO - Sync 2 DAGs
[2024-09-01T04:29:08.905+0000] {logging_mixin.py:190} INFO - [2024-09-01T04:29:08.905+0000] {dag.py:3234} INFO - Creating ORM DAG for example_external_task_marker_child
[2024-09-01T04:29:08.905+0000] {logging_mixin.py:190} INFO - [2024-09-01T04:29:08.905+0000] {dag.py:3234} INFO - Creating ORM DAG for example_external_task_marker_parent
[2024-09-01T04:29:08.906+0000] {logging_mixin.py:190} INFO - [2024-09-01T04:29:08.906+0000] {dag.py:4138} INFO - Setting next_dagrun for example_external_task_marker_child to None, run_after=None
[2024-09-01T04:29:08.906+0000] {logging_mixin.py:190} INFO - [2024-09-01T04:29:08.906+0000] {dag.py:4138} INFO - Setting next_dagrun for example_external_task_marker_parent to None, run_after=None
[2024-09-01T04:29:08.925+0000] {processor.py:208} INFO - Processing /home/ubuntu/airflow_snow/lib/python3.12/site-packages/airflow/example_dags/example_external_task_marker_dag.py took 0.321 seconds
[2024-09-01T04:30:07.294+0000] {processor.py:186} INFO - Started process (PID=2240) to work on /home/ubuntu/airflow_snow/lib/python3.12/site-packages/airflow/example_dags/example_external_task_marker_dag.py
[2024-09-01T04:30:07.296+0000] {processor.py:914} INFO - Processing file /home/ubuntu/airflow_snow/lib/python3.12/site-packages/airflow/example_dags/example_external_task_marker_dag.py for tasks to queue
[2024-09-01T04:30:07.298+0000] {logging_mixin.py:190} INFO - [2024-09-01T04:30:07.298+0000] {dagbag.py:587} INFO - Filling up the DagBag from /home/ubuntu/airflow_snow/lib/python3.12/site-packages/airflow/example_dags/example_external_task_marker_dag.py
[2024-09-01T04:30:07.305+0000] {processor.py:925} INFO - DAG(s) 'example_external_task_marker_child', 'example_external_task_marker_parent' retrieved from /home/ubuntu/airflow_snow/lib/python3.12/site-packages/airflow/example_dags/example_external_task_marker_dag.py
[2024-09-01T04:30:07.321+0000] {logging_mixin.py:190} INFO - [2024-09-01T04:30:07.321+0000] {dag.py:3211} INFO - Sync 2 DAGs
[2024-09-01T04:30:07.333+0000] {logging_mixin.py:190} INFO - [2024-09-01T04:30:07.332+0000] {dag.py:4138} INFO - Setting next_dagrun for example_external_task_marker_child to None, run_after=None
[2024-09-01T04:30:07.336+0000] {logging_mixin.py:190} INFO - [2024-09-01T04:30:07.336+0000] {dag.py:4138} INFO - Setting next_dagrun for example_external_task_marker_parent to None, run_after=None
[2024-09-01T04:30:07.359+0000] {processor.py:208} INFO - Processing /home/ubuntu/airflow_snow/lib/python3.12/site-packages/airflow/example_dags/example_external_task_marker_dag.py took 0.069 seconds
[2024-09-01T04:31:03.775+0000] {processor.py:186} INFO - Started process (PID=2301) to work on /home/ubuntu/airflow_snow/lib/python3.12/site-packages/airflow/example_dags/example_external_task_marker_dag.py
[2024-09-01T04:31:03.777+0000] {processor.py:914} INFO - Processing file /home/ubuntu/airflow_snow/lib/python3.12/site-packages/airflow/example_dags/example_external_task_marker_dag.py for tasks to queue
[2024-09-01T04:31:03.779+0000] {logging_mixin.py:190} INFO - [2024-09-01T04:31:03.779+0000] {dagbag.py:587} INFO - Filling up the DagBag from /home/ubuntu/airflow_snow/lib/python3.12/site-packages/airflow/example_dags/example_external_task_marker_dag.py
[2024-09-01T04:31:03.786+0000] {processor.py:925} INFO - DAG(s) 'example_external_task_marker_child', 'example_external_task_marker_parent' retrieved from /home/ubuntu/airflow_snow/lib/python3.12/site-packages/airflow/example_dags/example_external_task_marker_dag.py
[2024-09-01T04:31:03.802+0000] {logging_mixin.py:190} INFO - [2024-09-01T04:31:03.802+0000] {dag.py:3211} INFO - Sync 2 DAGs
[2024-09-01T04:31:03.814+0000] {logging_mixin.py:190} INFO - [2024-09-01T04:31:03.814+0000] {dag.py:4138} INFO - Setting next_dagrun for example_external_task_marker_child to None, run_after=None
[2024-09-01T04:31:03.816+0000] {logging_mixin.py:190} INFO - [2024-09-01T04:31:03.816+0000] {dag.py:4138} INFO - Setting next_dagrun for example_external_task_marker_parent to None, run_after=None
[2024-09-01T04:31:03.835+0000] {processor.py:208} INFO - Processing /home/ubuntu/airflow_snow/lib/python3.12/site-packages/airflow/example_dags/example_external_task_marker_dag.py took 0.065 seconds
[2024-09-01T04:31:56.503+0000] {processor.py:186} INFO - Started process (PID=2357) to work on /home/ubuntu/airflow_snow/lib/python3.12/site-packages/airflow/example_dags/example_external_task_marker_dag.py
[2024-09-01T04:31:56.505+0000] {processor.py:914} INFO - Processing file /home/ubuntu/airflow_snow/lib/python3.12/site-packages/airflow/example_dags/example_external_task_marker_dag.py for tasks to queue
[2024-09-01T04:31:56.506+0000] {logging_mixin.py:190} INFO - [2024-09-01T04:31:56.506+0000] {dagbag.py:587} INFO - Filling up the DagBag from /home/ubuntu/airflow_snow/lib/python3.12/site-packages/airflow/example_dags/example_external_task_marker_dag.py
[2024-09-01T04:31:56.514+0000] {processor.py:925} INFO - DAG(s) 'example_external_task_marker_child', 'example_external_task_marker_parent' retrieved from /home/ubuntu/airflow_snow/lib/python3.12/site-packages/airflow/example_dags/example_external_task_marker_dag.py
[2024-09-01T04:31:56.530+0000] {logging_mixin.py:190} INFO - [2024-09-01T04:31:56.530+0000] {dag.py:3211} INFO - Sync 2 DAGs
[2024-09-01T04:31:56.542+0000] {logging_mixin.py:190} INFO - [2024-09-01T04:31:56.542+0000] {dag.py:4138} INFO - Setting next_dagrun for example_external_task_marker_child to None, run_after=None
[2024-09-01T04:31:56.545+0000] {logging_mixin.py:190} INFO - [2024-09-01T04:31:56.545+0000] {dag.py:4138} INFO - Setting next_dagrun for example_external_task_marker_parent to None, run_after=None
[2024-09-01T04:31:56.563+0000] {processor.py:208} INFO - Processing /home/ubuntu/airflow_snow/lib/python3.12/site-packages/airflow/example_dags/example_external_task_marker_dag.py took 0.065 seconds
[2024-09-01T04:33:09.659+0000] {processor.py:186} INFO - Started process (PID=2432) to work on /home/ubuntu/airflow_snow/lib/python3.12/site-packages/airflow/example_dags/example_external_task_marker_dag.py
[2024-09-01T04:33:09.661+0000] {processor.py:914} INFO - Processing file /home/ubuntu/airflow_snow/lib/python3.12/site-packages/airflow/example_dags/example_external_task_marker_dag.py for tasks to queue
[2024-09-01T04:33:09.663+0000] {logging_mixin.py:190} INFO - [2024-09-01T04:33:09.662+0000] {dagbag.py:587} INFO - Filling up the DagBag from /home/ubuntu/airflow_snow/lib/python3.12/site-packages/airflow/example_dags/example_external_task_marker_dag.py
[2024-09-01T04:33:09.670+0000] {processor.py:925} INFO - DAG(s) 'example_external_task_marker_child', 'example_external_task_marker_parent' retrieved from /home/ubuntu/airflow_snow/lib/python3.12/site-packages/airflow/example_dags/example_external_task_marker_dag.py
[2024-09-01T04:33:09.687+0000] {logging_mixin.py:190} INFO - [2024-09-01T04:33:09.687+0000] {dag.py:3211} INFO - Sync 2 DAGs
[2024-09-01T04:33:09.698+0000] {logging_mixin.py:190} INFO - [2024-09-01T04:33:09.698+0000] {dag.py:4138} INFO - Setting next_dagrun for example_external_task_marker_child to None, run_after=None
[2024-09-01T04:33:09.701+0000] {logging_mixin.py:190} INFO - [2024-09-01T04:33:09.700+0000] {dag.py:4138} INFO - Setting next_dagrun for example_external_task_marker_parent to None, run_after=None
[2024-09-01T04:33:09.720+0000] {processor.py:208} INFO - Processing /home/ubuntu/airflow_snow/lib/python3.12/site-packages/airflow/example_dags/example_external_task_marker_dag.py took 0.066 seconds
[2024-09-01T04:33:59.862+0000] {processor.py:186} INFO - Started process (PID=2485) to work on /home/ubuntu/airflow_snow/lib/python3.12/site-packages/airflow/example_dags/example_external_task_marker_dag.py
[2024-09-01T04:33:59.864+0000] {processor.py:914} INFO - Processing file /home/ubuntu/airflow_snow/lib/python3.12/site-packages/airflow/example_dags/example_external_task_marker_dag.py for tasks to queue
[2024-09-01T04:33:59.866+0000] {logging_mixin.py:190} INFO - [2024-09-01T04:33:59.865+0000] {dagbag.py:587} INFO - Filling up the DagBag from /home/ubuntu/airflow_snow/lib/python3.12/site-packages/airflow/example_dags/example_external_task_marker_dag.py
[2024-09-01T04:33:59.873+0000] {processor.py:925} INFO - DAG(s) 'example_external_task_marker_parent', 'example_external_task_marker_child' retrieved from /home/ubuntu/airflow_snow/lib/python3.12/site-packages/airflow/example_dags/example_external_task_marker_dag.py
[2024-09-01T04:33:59.890+0000] {logging_mixin.py:190} INFO - [2024-09-01T04:33:59.890+0000] {dag.py:3211} INFO - Sync 2 DAGs
[2024-09-01T04:33:59.902+0000] {logging_mixin.py:190} INFO - [2024-09-01T04:33:59.902+0000] {dag.py:4138} INFO - Setting next_dagrun for example_external_task_marker_child to None, run_after=None
[2024-09-01T04:33:59.905+0000] {logging_mixin.py:190} INFO - [2024-09-01T04:33:59.905+0000] {dag.py:4138} INFO - Setting next_dagrun for example_external_task_marker_parent to None, run_after=None
[2024-09-01T04:33:59.926+0000] {processor.py:208} INFO - Processing /home/ubuntu/airflow_snow/lib/python3.12/site-packages/airflow/example_dags/example_external_task_marker_dag.py took 0.069 seconds
[2024-09-01T04:34:49.316+0000] {processor.py:186} INFO - Started process (PID=2537) to work on /home/ubuntu/airflow_snow/lib/python3.12/site-packages/airflow/example_dags/example_external_task_marker_dag.py
[2024-09-01T04:34:49.318+0000] {processor.py:914} INFO - Processing file /home/ubuntu/airflow_snow/lib/python3.12/site-packages/airflow/example_dags/example_external_task_marker_dag.py for tasks to queue
[2024-09-01T04:34:49.320+0000] {logging_mixin.py:190} INFO - [2024-09-01T04:34:49.319+0000] {dagbag.py:587} INFO - Filling up the DagBag from /home/ubuntu/airflow_snow/lib/python3.12/site-packages/airflow/example_dags/example_external_task_marker_dag.py
[2024-09-01T04:34:49.327+0000] {processor.py:925} INFO - DAG(s) 'example_external_task_marker_child', 'example_external_task_marker_parent' retrieved from /home/ubuntu/airflow_snow/lib/python3.12/site-packages/airflow/example_dags/example_external_task_marker_dag.py
[2024-09-01T04:34:49.343+0000] {logging_mixin.py:190} INFO - [2024-09-01T04:34:49.343+0000] {dag.py:3211} INFO - Sync 2 DAGs
[2024-09-01T04:34:49.355+0000] {logging_mixin.py:190} INFO - [2024-09-01T04:34:49.354+0000] {dag.py:4138} INFO - Setting next_dagrun for example_external_task_marker_child to None, run_after=None
[2024-09-01T04:34:49.357+0000] {logging_mixin.py:190} INFO - [2024-09-01T04:34:49.357+0000] {dag.py:4138} INFO - Setting next_dagrun for example_external_task_marker_parent to None, run_after=None
[2024-09-01T04:34:49.375+0000] {processor.py:208} INFO - Processing /home/ubuntu/airflow_snow/lib/python3.12/site-packages/airflow/example_dags/example_external_task_marker_dag.py took 0.065 seconds
[2024-09-01T04:36:03.139+0000] {processor.py:186} INFO - Started process (PID=2616) to work on /home/ubuntu/airflow_snow/lib/python3.12/site-packages/airflow/example_dags/example_external_task_marker_dag.py
[2024-09-01T04:36:03.141+0000] {processor.py:914} INFO - Processing file /home/ubuntu/airflow_snow/lib/python3.12/site-packages/airflow/example_dags/example_external_task_marker_dag.py for tasks to queue
[2024-09-01T04:36:03.143+0000] {logging_mixin.py:190} INFO - [2024-09-01T04:36:03.142+0000] {dagbag.py:587} INFO - Filling up the DagBag from /home/ubuntu/airflow_snow/lib/python3.12/site-packages/airflow/example_dags/example_external_task_marker_dag.py
[2024-09-01T04:36:03.150+0000] {processor.py:925} INFO - DAG(s) 'example_external_task_marker_child', 'example_external_task_marker_parent' retrieved from /home/ubuntu/airflow_snow/lib/python3.12/site-packages/airflow/example_dags/example_external_task_marker_dag.py
[2024-09-01T04:36:03.167+0000] {logging_mixin.py:190} INFO - [2024-09-01T04:36:03.167+0000] {dag.py:3211} INFO - Sync 2 DAGs
[2024-09-01T04:36:03.180+0000] {logging_mixin.py:190} INFO - [2024-09-01T04:36:03.179+0000] {dag.py:4138} INFO - Setting next_dagrun for example_external_task_marker_child to None, run_after=None
[2024-09-01T04:36:03.183+0000] {logging_mixin.py:190} INFO - [2024-09-01T04:36:03.183+0000] {dag.py:4138} INFO - Setting next_dagrun for example_external_task_marker_parent to None, run_after=None
[2024-09-01T04:36:03.202+0000] {processor.py:208} INFO - Processing /home/ubuntu/airflow_snow/lib/python3.12/site-packages/airflow/example_dags/example_external_task_marker_dag.py took 0.068 seconds
[2024-09-01T04:36:55.970+0000] {processor.py:186} INFO - Started process (PID=2669) to work on /home/ubuntu/airflow_snow/lib/python3.12/site-packages/airflow/example_dags/example_external_task_marker_dag.py
[2024-09-01T04:36:55.972+0000] {processor.py:914} INFO - Processing file /home/ubuntu/airflow_snow/lib/python3.12/site-packages/airflow/example_dags/example_external_task_marker_dag.py for tasks to queue
[2024-09-01T04:36:55.973+0000] {logging_mixin.py:190} INFO - [2024-09-01T04:36:55.973+0000] {dagbag.py:587} INFO - Filling up the DagBag from /home/ubuntu/airflow_snow/lib/python3.12/site-packages/airflow/example_dags/example_external_task_marker_dag.py
[2024-09-01T04:36:55.982+0000] {processor.py:925} INFO - DAG(s) 'example_external_task_marker_child', 'example_external_task_marker_parent' retrieved from /home/ubuntu/airflow_snow/lib/python3.12/site-packages/airflow/example_dags/example_external_task_marker_dag.py
[2024-09-01T04:36:55.998+0000] {logging_mixin.py:190} INFO - [2024-09-01T04:36:55.998+0000] {dag.py:3211} INFO - Sync 2 DAGs
[2024-09-01T04:36:56.009+0000] {logging_mixin.py:190} INFO - [2024-09-01T04:36:56.008+0000] {dag.py:4138} INFO - Setting next_dagrun for example_external_task_marker_child to None, run_after=None
[2024-09-01T04:36:56.011+0000] {logging_mixin.py:190} INFO - [2024-09-01T04:36:56.011+0000] {dag.py:4138} INFO - Setting next_dagrun for example_external_task_marker_parent to None, run_after=None
[2024-09-01T04:36:56.033+0000] {processor.py:208} INFO - Processing /home/ubuntu/airflow_snow/lib/python3.12/site-packages/airflow/example_dags/example_external_task_marker_dag.py took 0.068 seconds
[2024-09-01T04:37:47.814+0000] {processor.py:186} INFO - Started process (PID=2722) to work on /home/ubuntu/airflow_snow/lib/python3.12/site-packages/airflow/example_dags/example_external_task_marker_dag.py
[2024-09-01T04:37:47.816+0000] {processor.py:914} INFO - Processing file /home/ubuntu/airflow_snow/lib/python3.12/site-packages/airflow/example_dags/example_external_task_marker_dag.py for tasks to queue
[2024-09-01T04:37:47.818+0000] {logging_mixin.py:190} INFO - [2024-09-01T04:37:47.818+0000] {dagbag.py:587} INFO - Filling up the DagBag from /home/ubuntu/airflow_snow/lib/python3.12/site-packages/airflow/example_dags/example_external_task_marker_dag.py
[2024-09-01T04:37:47.825+0000] {processor.py:925} INFO - DAG(s) 'example_external_task_marker_parent', 'example_external_task_marker_child' retrieved from /home/ubuntu/airflow_snow/lib/python3.12/site-packages/airflow/example_dags/example_external_task_marker_dag.py
[2024-09-01T04:37:47.842+0000] {logging_mixin.py:190} INFO - [2024-09-01T04:37:47.842+0000] {dag.py:3211} INFO - Sync 2 DAGs
[2024-09-01T04:37:47.852+0000] {logging_mixin.py:190} INFO - [2024-09-01T04:37:47.852+0000] {dag.py:4138} INFO - Setting next_dagrun for example_external_task_marker_child to None, run_after=None
[2024-09-01T04:37:47.856+0000] {logging_mixin.py:190} INFO - [2024-09-01T04:37:47.856+0000] {dag.py:4138} INFO - Setting next_dagrun for example_external_task_marker_parent to None, run_after=None
[2024-09-01T04:37:47.875+0000] {processor.py:208} INFO - Processing /home/ubuntu/airflow_snow/lib/python3.12/site-packages/airflow/example_dags/example_external_task_marker_dag.py took 0.066 seconds
[2024-09-01T04:38:38.487+0000] {processor.py:186} INFO - Started process (PID=2773) to work on /home/ubuntu/airflow_snow/lib/python3.12/site-packages/airflow/example_dags/example_external_task_marker_dag.py
[2024-09-01T04:38:38.488+0000] {processor.py:914} INFO - Processing file /home/ubuntu/airflow_snow/lib/python3.12/site-packages/airflow/example_dags/example_external_task_marker_dag.py for tasks to queue
[2024-09-01T04:38:38.490+0000] {logging_mixin.py:190} INFO - [2024-09-01T04:38:38.490+0000] {dagbag.py:587} INFO - Filling up the DagBag from /home/ubuntu/airflow_snow/lib/python3.12/site-packages/airflow/example_dags/example_external_task_marker_dag.py
[2024-09-01T04:38:38.498+0000] {processor.py:925} INFO - DAG(s) 'example_external_task_marker_child', 'example_external_task_marker_parent' retrieved from /home/ubuntu/airflow_snow/lib/python3.12/site-packages/airflow/example_dags/example_external_task_marker_dag.py
[2024-09-01T04:38:38.514+0000] {logging_mixin.py:190} INFO - [2024-09-01T04:38:38.514+0000] {dag.py:3211} INFO - Sync 2 DAGs
[2024-09-01T04:38:38.526+0000] {logging_mixin.py:190} INFO - [2024-09-01T04:38:38.525+0000] {dag.py:4138} INFO - Setting next_dagrun for example_external_task_marker_child to None, run_after=None
[2024-09-01T04:38:38.528+0000] {logging_mixin.py:190} INFO - [2024-09-01T04:38:38.528+0000] {dag.py:4138} INFO - Setting next_dagrun for example_external_task_marker_parent to None, run_after=None
[2024-09-01T04:38:38.549+0000] {processor.py:208} INFO - Processing /home/ubuntu/airflow_snow/lib/python3.12/site-packages/airflow/example_dags/example_external_task_marker_dag.py took 0.068 seconds
[2024-09-01T04:39:29.123+0000] {processor.py:186} INFO - Started process (PID=2824) to work on /home/ubuntu/airflow_snow/lib/python3.12/site-packages/airflow/example_dags/example_external_task_marker_dag.py
[2024-09-01T04:39:29.124+0000] {processor.py:914} INFO - Processing file /home/ubuntu/airflow_snow/lib/python3.12/site-packages/airflow/example_dags/example_external_task_marker_dag.py for tasks to queue
[2024-09-01T04:39:29.126+0000] {logging_mixin.py:190} INFO - [2024-09-01T04:39:29.125+0000] {dagbag.py:587} INFO - Filling up the DagBag from /home/ubuntu/airflow_snow/lib/python3.12/site-packages/airflow/example_dags/example_external_task_marker_dag.py
[2024-09-01T04:39:29.134+0000] {processor.py:925} INFO - DAG(s) 'example_external_task_marker_child', 'example_external_task_marker_parent' retrieved from /home/ubuntu/airflow_snow/lib/python3.12/site-packages/airflow/example_dags/example_external_task_marker_dag.py
[2024-09-01T04:39:29.150+0000] {logging_mixin.py:190} INFO - [2024-09-01T04:39:29.150+0000] {dag.py:3211} INFO - Sync 2 DAGs
[2024-09-01T04:39:29.162+0000] {logging_mixin.py:190} INFO - [2024-09-01T04:39:29.162+0000] {dag.py:4138} INFO - Setting next_dagrun for example_external_task_marker_child to None, run_after=None
[2024-09-01T04:39:29.165+0000] {logging_mixin.py:190} INFO - [2024-09-01T04:39:29.165+0000] {dag.py:4138} INFO - Setting next_dagrun for example_external_task_marker_parent to None, run_after=None
[2024-09-01T04:39:29.185+0000] {processor.py:208} INFO - Processing /home/ubuntu/airflow_snow/lib/python3.12/site-packages/airflow/example_dags/example_external_task_marker_dag.py took 0.069 seconds
[2024-09-01T04:40:21.287+0000] {processor.py:186} INFO - Started process (PID=2878) to work on /home/ubuntu/airflow_snow/lib/python3.12/site-packages/airflow/example_dags/example_external_task_marker_dag.py
[2024-09-01T04:40:21.289+0000] {processor.py:914} INFO - Processing file /home/ubuntu/airflow_snow/lib/python3.12/site-packages/airflow/example_dags/example_external_task_marker_dag.py for tasks to queue
[2024-09-01T04:40:21.290+0000] {logging_mixin.py:190} INFO - [2024-09-01T04:40:21.290+0000] {dagbag.py:587} INFO - Filling up the DagBag from /home/ubuntu/airflow_snow/lib/python3.12/site-packages/airflow/example_dags/example_external_task_marker_dag.py
[2024-09-01T04:40:21.298+0000] {processor.py:925} INFO - DAG(s) 'example_external_task_marker_parent', 'example_external_task_marker_child' retrieved from /home/ubuntu/airflow_snow/lib/python3.12/site-packages/airflow/example_dags/example_external_task_marker_dag.py
[2024-09-01T04:40:21.315+0000] {logging_mixin.py:190} INFO - [2024-09-01T04:40:21.314+0000] {dag.py:3211} INFO - Sync 2 DAGs
[2024-09-01T04:40:21.326+0000] {logging_mixin.py:190} INFO - [2024-09-01T04:40:21.325+0000] {dag.py:4138} INFO - Setting next_dagrun for example_external_task_marker_child to None, run_after=None
[2024-09-01T04:40:21.329+0000] {logging_mixin.py:190} INFO - [2024-09-01T04:40:21.328+0000] {dag.py:4138} INFO - Setting next_dagrun for example_external_task_marker_parent to None, run_after=None
[2024-09-01T04:40:21.349+0000] {processor.py:208} INFO - Processing /home/ubuntu/airflow_snow/lib/python3.12/site-packages/airflow/example_dags/example_external_task_marker_dag.py took 0.068 seconds
[2024-09-01T04:41:13.212+0000] {processor.py:186} INFO - Started process (PID=2934) to work on /home/ubuntu/airflow_snow/lib/python3.12/site-packages/airflow/example_dags/example_external_task_marker_dag.py
[2024-09-01T04:41:13.215+0000] {processor.py:914} INFO - Processing file /home/ubuntu/airflow_snow/lib/python3.12/site-packages/airflow/example_dags/example_external_task_marker_dag.py for tasks to queue
[2024-09-01T04:41:13.217+0000] {logging_mixin.py:190} INFO - [2024-09-01T04:41:13.217+0000] {dagbag.py:587} INFO - Filling up the DagBag from /home/ubuntu/airflow_snow/lib/python3.12/site-packages/airflow/example_dags/example_external_task_marker_dag.py
[2024-09-01T04:41:13.224+0000] {processor.py:925} INFO - DAG(s) 'example_external_task_marker_child', 'example_external_task_marker_parent' retrieved from /home/ubuntu/airflow_snow/lib/python3.12/site-packages/airflow/example_dags/example_external_task_marker_dag.py
[2024-09-01T04:41:13.242+0000] {logging_mixin.py:190} INFO - [2024-09-01T04:41:13.242+0000] {dag.py:3211} INFO - Sync 2 DAGs
[2024-09-01T04:41:13.259+0000] {logging_mixin.py:190} INFO - [2024-09-01T04:41:13.258+0000] {dag.py:4138} INFO - Setting next_dagrun for example_external_task_marker_child to None, run_after=None
[2024-09-01T04:41:13.263+0000] {logging_mixin.py:190} INFO - [2024-09-01T04:41:13.263+0000] {dag.py:4138} INFO - Setting next_dagrun for example_external_task_marker_parent to None, run_after=None
[2024-09-01T04:41:13.283+0000] {processor.py:208} INFO - Processing /home/ubuntu/airflow_snow/lib/python3.12/site-packages/airflow/example_dags/example_external_task_marker_dag.py took 0.076 seconds
[2024-09-01T04:42:04.686+0000] {processor.py:186} INFO - Started process (PID=2986) to work on /home/ubuntu/airflow_snow/lib/python3.12/site-packages/airflow/example_dags/example_external_task_marker_dag.py
[2024-09-01T04:42:04.688+0000] {processor.py:914} INFO - Processing file /home/ubuntu/airflow_snow/lib/python3.12/site-packages/airflow/example_dags/example_external_task_marker_dag.py for tasks to queue
[2024-09-01T04:42:04.690+0000] {logging_mixin.py:190} INFO - [2024-09-01T04:42:04.689+0000] {dagbag.py:587} INFO - Filling up the DagBag from /home/ubuntu/airflow_snow/lib/python3.12/site-packages/airflow/example_dags/example_external_task_marker_dag.py
[2024-09-01T04:42:04.698+0000] {processor.py:925} INFO - DAG(s) 'example_external_task_marker_parent', 'example_external_task_marker_child' retrieved from /home/ubuntu/airflow_snow/lib/python3.12/site-packages/airflow/example_dags/example_external_task_marker_dag.py
[2024-09-01T04:42:04.714+0000] {logging_mixin.py:190} INFO - [2024-09-01T04:42:04.714+0000] {dag.py:3211} INFO - Sync 2 DAGs
[2024-09-01T04:42:04.725+0000] {logging_mixin.py:190} INFO - [2024-09-01T04:42:04.725+0000] {dag.py:4138} INFO - Setting next_dagrun for example_external_task_marker_child to None, run_after=None
[2024-09-01T04:42:04.728+0000] {logging_mixin.py:190} INFO - [2024-09-01T04:42:04.727+0000] {dag.py:4138} INFO - Setting next_dagrun for example_external_task_marker_parent to None, run_after=None
[2024-09-01T04:42:04.750+0000] {processor.py:208} INFO - Processing /home/ubuntu/airflow_snow/lib/python3.12/site-packages/airflow/example_dags/example_external_task_marker_dag.py took 0.069 seconds
[2024-09-01T04:42:55.063+0000] {processor.py:186} INFO - Started process (PID=3037) to work on /home/ubuntu/airflow_snow/lib/python3.12/site-packages/airflow/example_dags/example_external_task_marker_dag.py
[2024-09-01T04:42:55.065+0000] {processor.py:914} INFO - Processing file /home/ubuntu/airflow_snow/lib/python3.12/site-packages/airflow/example_dags/example_external_task_marker_dag.py for tasks to queue
[2024-09-01T04:42:55.066+0000] {logging_mixin.py:190} INFO - [2024-09-01T04:42:55.066+0000] {dagbag.py:587} INFO - Filling up the DagBag from /home/ubuntu/airflow_snow/lib/python3.12/site-packages/airflow/example_dags/example_external_task_marker_dag.py
[2024-09-01T04:42:55.074+0000] {processor.py:925} INFO - DAG(s) 'example_external_task_marker_child', 'example_external_task_marker_parent' retrieved from /home/ubuntu/airflow_snow/lib/python3.12/site-packages/airflow/example_dags/example_external_task_marker_dag.py
[2024-09-01T04:42:55.091+0000] {logging_mixin.py:190} INFO - [2024-09-01T04:42:55.091+0000] {dag.py:3211} INFO - Sync 2 DAGs
[2024-09-01T04:42:55.101+0000] {logging_mixin.py:190} INFO - [2024-09-01T04:42:55.101+0000] {dag.py:4138} INFO - Setting next_dagrun for example_external_task_marker_child to None, run_after=None
[2024-09-01T04:42:55.103+0000] {logging_mixin.py:190} INFO - [2024-09-01T04:42:55.103+0000] {dag.py:4138} INFO - Setting next_dagrun for example_external_task_marker_parent to None, run_after=None
[2024-09-01T04:42:55.130+0000] {processor.py:208} INFO - Processing /home/ubuntu/airflow_snow/lib/python3.12/site-packages/airflow/example_dags/example_external_task_marker_dag.py took 0.072 seconds
[2024-09-01T04:44:08.193+0000] {processor.py:186} INFO - Started process (PID=3112) to work on /home/ubuntu/airflow_snow/lib/python3.12/site-packages/airflow/example_dags/example_external_task_marker_dag.py
[2024-09-01T04:44:08.195+0000] {processor.py:914} INFO - Processing file /home/ubuntu/airflow_snow/lib/python3.12/site-packages/airflow/example_dags/example_external_task_marker_dag.py for tasks to queue
[2024-09-01T04:44:08.197+0000] {logging_mixin.py:190} INFO - [2024-09-01T04:44:08.197+0000] {dagbag.py:587} INFO - Filling up the DagBag from /home/ubuntu/airflow_snow/lib/python3.12/site-packages/airflow/example_dags/example_external_task_marker_dag.py
[2024-09-01T04:44:08.204+0000] {processor.py:925} INFO - DAG(s) 'example_external_task_marker_parent', 'example_external_task_marker_child' retrieved from /home/ubuntu/airflow_snow/lib/python3.12/site-packages/airflow/example_dags/example_external_task_marker_dag.py
[2024-09-01T04:44:08.222+0000] {logging_mixin.py:190} INFO - [2024-09-01T04:44:08.222+0000] {dag.py:3211} INFO - Sync 2 DAGs
[2024-09-01T04:44:08.234+0000] {logging_mixin.py:190} INFO - [2024-09-01T04:44:08.233+0000] {dag.py:4138} INFO - Setting next_dagrun for example_external_task_marker_child to None, run_after=None
[2024-09-01T04:44:08.236+0000] {logging_mixin.py:190} INFO - [2024-09-01T04:44:08.236+0000] {dag.py:4138} INFO - Setting next_dagrun for example_external_task_marker_parent to None, run_after=None
[2024-09-01T04:44:08.258+0000] {processor.py:208} INFO - Processing /home/ubuntu/airflow_snow/lib/python3.12/site-packages/airflow/example_dags/example_external_task_marker_dag.py took 0.071 seconds
[2024-09-01T04:44:57.807+0000] {processor.py:186} INFO - Started process (PID=3168) to work on /home/ubuntu/airflow_snow/lib/python3.12/site-packages/airflow/example_dags/example_external_task_marker_dag.py
[2024-09-01T04:44:57.809+0000] {processor.py:914} INFO - Processing file /home/ubuntu/airflow_snow/lib/python3.12/site-packages/airflow/example_dags/example_external_task_marker_dag.py for tasks to queue
[2024-09-01T04:44:57.810+0000] {logging_mixin.py:190} INFO - [2024-09-01T04:44:57.810+0000] {dagbag.py:587} INFO - Filling up the DagBag from /home/ubuntu/airflow_snow/lib/python3.12/site-packages/airflow/example_dags/example_external_task_marker_dag.py
[2024-09-01T04:44:57.818+0000] {processor.py:925} INFO - DAG(s) 'example_external_task_marker_parent', 'example_external_task_marker_child' retrieved from /home/ubuntu/airflow_snow/lib/python3.12/site-packages/airflow/example_dags/example_external_task_marker_dag.py
[2024-09-01T04:44:57.835+0000] {logging_mixin.py:190} INFO - [2024-09-01T04:44:57.834+0000] {dag.py:3211} INFO - Sync 2 DAGs
[2024-09-01T04:44:57.846+0000] {logging_mixin.py:190} INFO - [2024-09-01T04:44:57.846+0000] {dag.py:4138} INFO - Setting next_dagrun for example_external_task_marker_child to None, run_after=None
[2024-09-01T04:44:57.850+0000] {logging_mixin.py:190} INFO - [2024-09-01T04:44:57.849+0000] {dag.py:4138} INFO - Setting next_dagrun for example_external_task_marker_parent to None, run_after=None
[2024-09-01T04:44:57.871+0000] {processor.py:208} INFO - Processing /home/ubuntu/airflow_snow/lib/python3.12/site-packages/airflow/example_dags/example_external_task_marker_dag.py took 0.070 seconds
[2024-09-01T04:46:09.359+0000] {processor.py:186} INFO - Started process (PID=3248) to work on /home/ubuntu/airflow_snow/lib/python3.12/site-packages/airflow/example_dags/example_external_task_marker_dag.py
[2024-09-01T04:46:09.362+0000] {processor.py:914} INFO - Processing file /home/ubuntu/airflow_snow/lib/python3.12/site-packages/airflow/example_dags/example_external_task_marker_dag.py for tasks to queue
[2024-09-01T04:46:09.364+0000] {logging_mixin.py:190} INFO - [2024-09-01T04:46:09.363+0000] {dagbag.py:587} INFO - Filling up the DagBag from /home/ubuntu/airflow_snow/lib/python3.12/site-packages/airflow/example_dags/example_external_task_marker_dag.py
[2024-09-01T04:46:09.371+0000] {processor.py:925} INFO - DAG(s) 'example_external_task_marker_parent', 'example_external_task_marker_child' retrieved from /home/ubuntu/airflow_snow/lib/python3.12/site-packages/airflow/example_dags/example_external_task_marker_dag.py
[2024-09-01T04:46:09.389+0000] {logging_mixin.py:190} INFO - [2024-09-01T04:46:09.388+0000] {dag.py:3211} INFO - Sync 2 DAGs
[2024-09-01T04:46:09.401+0000] {logging_mixin.py:190} INFO - [2024-09-01T04:46:09.400+0000] {dag.py:4138} INFO - Setting next_dagrun for example_external_task_marker_child to None, run_after=None
[2024-09-01T04:46:09.403+0000] {logging_mixin.py:190} INFO - [2024-09-01T04:46:09.403+0000] {dag.py:4138} INFO - Setting next_dagrun for example_external_task_marker_parent to None, run_after=None
[2024-09-01T04:46:09.423+0000] {processor.py:208} INFO - Processing /home/ubuntu/airflow_snow/lib/python3.12/site-packages/airflow/example_dags/example_external_task_marker_dag.py took 0.069 seconds
[2024-09-01T04:47:19.943+0000] {processor.py:186} INFO - Started process (PID=3321) to work on /home/ubuntu/airflow_snow/lib/python3.12/site-packages/airflow/example_dags/example_external_task_marker_dag.py
[2024-09-01T04:47:19.945+0000] {processor.py:914} INFO - Processing file /home/ubuntu/airflow_snow/lib/python3.12/site-packages/airflow/example_dags/example_external_task_marker_dag.py for tasks to queue
[2024-09-01T04:47:19.946+0000] {logging_mixin.py:190} INFO - [2024-09-01T04:47:19.946+0000] {dagbag.py:587} INFO - Filling up the DagBag from /home/ubuntu/airflow_snow/lib/python3.12/site-packages/airflow/example_dags/example_external_task_marker_dag.py
[2024-09-01T04:47:19.953+0000] {processor.py:925} INFO - DAG(s) 'example_external_task_marker_parent', 'example_external_task_marker_child' retrieved from /home/ubuntu/airflow_snow/lib/python3.12/site-packages/airflow/example_dags/example_external_task_marker_dag.py
[2024-09-01T04:47:19.970+0000] {logging_mixin.py:190} INFO - [2024-09-01T04:47:19.970+0000] {dag.py:3211} INFO - Sync 2 DAGs
[2024-09-01T04:47:19.982+0000] {logging_mixin.py:190} INFO - [2024-09-01T04:47:19.982+0000] {dag.py:4138} INFO - Setting next_dagrun for example_external_task_marker_child to None, run_after=None
[2024-09-01T04:47:19.985+0000] {logging_mixin.py:190} INFO - [2024-09-01T04:47:19.985+0000] {dag.py:4138} INFO - Setting next_dagrun for example_external_task_marker_parent to None, run_after=None
[2024-09-01T04:47:20.005+0000] {processor.py:208} INFO - Processing /home/ubuntu/airflow_snow/lib/python3.12/site-packages/airflow/example_dags/example_external_task_marker_dag.py took 0.068 seconds
[2024-09-01T04:48:31.082+0000] {processor.py:186} INFO - Started process (PID=3396) to work on /home/ubuntu/airflow_snow/lib/python3.12/site-packages/airflow/example_dags/example_external_task_marker_dag.py
[2024-09-01T04:48:31.084+0000] {processor.py:914} INFO - Processing file /home/ubuntu/airflow_snow/lib/python3.12/site-packages/airflow/example_dags/example_external_task_marker_dag.py for tasks to queue
[2024-09-01T04:48:31.086+0000] {logging_mixin.py:190} INFO - [2024-09-01T04:48:31.086+0000] {dagbag.py:587} INFO - Filling up the DagBag from /home/ubuntu/airflow_snow/lib/python3.12/site-packages/airflow/example_dags/example_external_task_marker_dag.py
[2024-09-01T04:48:31.093+0000] {processor.py:925} INFO - DAG(s) 'example_external_task_marker_child', 'example_external_task_marker_parent' retrieved from /home/ubuntu/airflow_snow/lib/python3.12/site-packages/airflow/example_dags/example_external_task_marker_dag.py
[2024-09-01T04:48:31.111+0000] {logging_mixin.py:190} INFO - [2024-09-01T04:48:31.111+0000] {dag.py:3211} INFO - Sync 2 DAGs
[2024-09-01T04:48:31.121+0000] {logging_mixin.py:190} INFO - [2024-09-01T04:48:31.121+0000] {dag.py:4138} INFO - Setting next_dagrun for example_external_task_marker_child to None, run_after=None
[2024-09-01T04:48:31.125+0000] {logging_mixin.py:190} INFO - [2024-09-01T04:48:31.125+0000] {dag.py:4138} INFO - Setting next_dagrun for example_external_task_marker_parent to None, run_after=None
[2024-09-01T04:48:31.145+0000] {processor.py:208} INFO - Processing /home/ubuntu/airflow_snow/lib/python3.12/site-packages/airflow/example_dags/example_external_task_marker_dag.py took 0.068 seconds
[2024-09-01T04:49:21.233+0000] {processor.py:186} INFO - Started process (PID=3447) to work on /home/ubuntu/airflow_snow/lib/python3.12/site-packages/airflow/example_dags/example_external_task_marker_dag.py
[2024-09-01T04:49:21.236+0000] {processor.py:914} INFO - Processing file /home/ubuntu/airflow_snow/lib/python3.12/site-packages/airflow/example_dags/example_external_task_marker_dag.py for tasks to queue
[2024-09-01T04:49:21.237+0000] {logging_mixin.py:190} INFO - [2024-09-01T04:49:21.237+0000] {dagbag.py:587} INFO - Filling up the DagBag from /home/ubuntu/airflow_snow/lib/python3.12/site-packages/airflow/example_dags/example_external_task_marker_dag.py
[2024-09-01T04:49:21.245+0000] {processor.py:925} INFO - DAG(s) 'example_external_task_marker_child', 'example_external_task_marker_parent' retrieved from /home/ubuntu/airflow_snow/lib/python3.12/site-packages/airflow/example_dags/example_external_task_marker_dag.py
[2024-09-01T04:49:21.262+0000] {logging_mixin.py:190} INFO - [2024-09-01T04:49:21.262+0000] {dag.py:3211} INFO - Sync 2 DAGs
[2024-09-01T04:49:21.273+0000] {logging_mixin.py:190} INFO - [2024-09-01T04:49:21.273+0000] {dag.py:4138} INFO - Setting next_dagrun for example_external_task_marker_child to None, run_after=None
[2024-09-01T04:49:21.276+0000] {logging_mixin.py:190} INFO - [2024-09-01T04:49:21.275+0000] {dag.py:4138} INFO - Setting next_dagrun for example_external_task_marker_parent to None, run_after=None
[2024-09-01T04:49:21.297+0000] {processor.py:208} INFO - Processing /home/ubuntu/airflow_snow/lib/python3.12/site-packages/airflow/example_dags/example_external_task_marker_dag.py took 0.069 seconds
[2024-09-01T04:50:26.691+0000] {processor.py:186} INFO - Started process (PID=3520) to work on /home/ubuntu/airflow_snow/lib/python3.12/site-packages/airflow/example_dags/example_external_task_marker_dag.py
[2024-09-01T04:50:26.693+0000] {processor.py:914} INFO - Processing file /home/ubuntu/airflow_snow/lib/python3.12/site-packages/airflow/example_dags/example_external_task_marker_dag.py for tasks to queue
[2024-09-01T04:50:26.695+0000] {logging_mixin.py:190} INFO - [2024-09-01T04:50:26.695+0000] {dagbag.py:587} INFO - Filling up the DagBag from /home/ubuntu/airflow_snow/lib/python3.12/site-packages/airflow/example_dags/example_external_task_marker_dag.py
[2024-09-01T04:50:26.703+0000] {processor.py:925} INFO - DAG(s) 'example_external_task_marker_child', 'example_external_task_marker_parent' retrieved from /home/ubuntu/airflow_snow/lib/python3.12/site-packages/airflow/example_dags/example_external_task_marker_dag.py
[2024-09-01T04:50:26.720+0000] {logging_mixin.py:190} INFO - [2024-09-01T04:50:26.719+0000] {dag.py:3211} INFO - Sync 2 DAGs
[2024-09-01T04:50:26.731+0000] {logging_mixin.py:190} INFO - [2024-09-01T04:50:26.731+0000] {dag.py:4138} INFO - Setting next_dagrun for example_external_task_marker_child to None, run_after=None
[2024-09-01T04:50:26.734+0000] {logging_mixin.py:190} INFO - [2024-09-01T04:50:26.734+0000] {dag.py:4138} INFO - Setting next_dagrun for example_external_task_marker_parent to None, run_after=None
[2024-09-01T04:50:26.754+0000] {processor.py:208} INFO - Processing /home/ubuntu/airflow_snow/lib/python3.12/site-packages/airflow/example_dags/example_external_task_marker_dag.py took 0.068 seconds
[2024-09-01T04:51:37.226+0000] {processor.py:186} INFO - Started process (PID=3596) to work on /home/ubuntu/airflow_snow/lib/python3.12/site-packages/airflow/example_dags/example_external_task_marker_dag.py
[2024-09-01T04:51:37.227+0000] {processor.py:914} INFO - Processing file /home/ubuntu/airflow_snow/lib/python3.12/site-packages/airflow/example_dags/example_external_task_marker_dag.py for tasks to queue
[2024-09-01T04:51:37.230+0000] {logging_mixin.py:190} INFO - [2024-09-01T04:51:37.230+0000] {dagbag.py:587} INFO - Filling up the DagBag from /home/ubuntu/airflow_snow/lib/python3.12/site-packages/airflow/example_dags/example_external_task_marker_dag.py
[2024-09-01T04:51:37.237+0000] {processor.py:925} INFO - DAG(s) 'example_external_task_marker_child', 'example_external_task_marker_parent' retrieved from /home/ubuntu/airflow_snow/lib/python3.12/site-packages/airflow/example_dags/example_external_task_marker_dag.py
[2024-09-01T04:51:37.254+0000] {logging_mixin.py:190} INFO - [2024-09-01T04:51:37.253+0000] {dag.py:3211} INFO - Sync 2 DAGs
[2024-09-01T04:51:37.264+0000] {logging_mixin.py:190} INFO - [2024-09-01T04:51:37.264+0000] {dag.py:4138} INFO - Setting next_dagrun for example_external_task_marker_child to None, run_after=None
[2024-09-01T04:51:37.268+0000] {logging_mixin.py:190} INFO - [2024-09-01T04:51:37.268+0000] {dag.py:4138} INFO - Setting next_dagrun for example_external_task_marker_parent to None, run_after=None
[2024-09-01T04:51:37.290+0000] {processor.py:208} INFO - Processing /home/ubuntu/airflow_snow/lib/python3.12/site-packages/airflow/example_dags/example_external_task_marker_dag.py took 0.070 seconds
[2024-09-01T04:52:27.439+0000] {processor.py:186} INFO - Started process (PID=3648) to work on /home/ubuntu/airflow_snow/lib/python3.12/site-packages/airflow/example_dags/example_external_task_marker_dag.py
[2024-09-01T04:52:27.440+0000] {processor.py:914} INFO - Processing file /home/ubuntu/airflow_snow/lib/python3.12/site-packages/airflow/example_dags/example_external_task_marker_dag.py for tasks to queue
[2024-09-01T04:52:27.442+0000] {logging_mixin.py:190} INFO - [2024-09-01T04:52:27.441+0000] {dagbag.py:587} INFO - Filling up the DagBag from /home/ubuntu/airflow_snow/lib/python3.12/site-packages/airflow/example_dags/example_external_task_marker_dag.py
[2024-09-01T04:52:27.449+0000] {processor.py:925} INFO - DAG(s) 'example_external_task_marker_parent', 'example_external_task_marker_child' retrieved from /home/ubuntu/airflow_snow/lib/python3.12/site-packages/airflow/example_dags/example_external_task_marker_dag.py
[2024-09-01T04:52:27.467+0000] {logging_mixin.py:190} INFO - [2024-09-01T04:52:27.466+0000] {dag.py:3211} INFO - Sync 2 DAGs
[2024-09-01T04:52:27.478+0000] {logging_mixin.py:190} INFO - [2024-09-01T04:52:27.477+0000] {dag.py:4138} INFO - Setting next_dagrun for example_external_task_marker_child to None, run_after=None
[2024-09-01T04:52:27.480+0000] {logging_mixin.py:190} INFO - [2024-09-01T04:52:27.480+0000] {dag.py:4138} INFO - Setting next_dagrun for example_external_task_marker_parent to None, run_after=None
[2024-09-01T04:52:27.499+0000] {processor.py:208} INFO - Processing /home/ubuntu/airflow_snow/lib/python3.12/site-packages/airflow/example_dags/example_external_task_marker_dag.py took 0.066 seconds
