[2024-09-01T04:28:39.831+0000] {processor.py:186} INFO - Started process (PID=2160) to work on /home/ubuntu/airflow_snow/lib/python3.12/site-packages/airflow/example_dags/example_skip_dag.py
[2024-09-01T04:28:39.832+0000] {processor.py:914} INFO - Processing file /home/ubuntu/airflow_snow/lib/python3.12/site-packages/airflow/example_dags/example_skip_dag.py for tasks to queue
[2024-09-01T04:28:39.834+0000] {logging_mixin.py:190} INFO - [2024-09-01T04:28:39.834+0000] {dagbag.py:587} INFO - Filling up the DagBag from /home/ubuntu/airflow_snow/lib/python3.12/site-packages/airflow/example_dags/example_skip_dag.py
[2024-09-01T04:28:39.842+0000] {processor.py:925} INFO - DAG(s) 'example_skip_dag' retrieved from /home/ubuntu/airflow_snow/lib/python3.12/site-packages/airflow/example_dags/example_skip_dag.py
[2024-09-01T04:28:39.951+0000] {logging_mixin.py:190} INFO - [2024-09-01T04:28:39.950+0000] {override.py:1900} INFO - Created Permission View: can delete on DAG:example_skip_dag
[2024-09-01T04:28:39.968+0000] {logging_mixin.py:190} INFO - [2024-09-01T04:28:39.967+0000] {override.py:1900} INFO - Created Permission View: can read on DAG:example_skip_dag
[2024-09-01T04:28:39.980+0000] {logging_mixin.py:190} INFO - [2024-09-01T04:28:39.979+0000] {override.py:1900} INFO - Created Permission View: can edit on DAG:example_skip_dag
[2024-09-01T04:28:40.003+0000] {logging_mixin.py:190} INFO - [2024-09-01T04:28:40.003+0000] {override.py:1900} INFO - Created Permission View: menu access on DAG Run:example_skip_dag
[2024-09-01T04:28:40.016+0000] {logging_mixin.py:190} INFO - [2024-09-01T04:28:40.016+0000] {override.py:1900} INFO - Created Permission View: can create on DAG Run:example_skip_dag
[2024-09-01T04:28:40.030+0000] {logging_mixin.py:190} INFO - [2024-09-01T04:28:40.030+0000] {override.py:1900} INFO - Created Permission View: can read on DAG Run:example_skip_dag
[2024-09-01T04:28:40.042+0000] {logging_mixin.py:190} INFO - [2024-09-01T04:28:40.042+0000] {override.py:1900} INFO - Created Permission View: can delete on DAG Run:example_skip_dag
[2024-09-01T04:28:40.043+0000] {logging_mixin.py:190} INFO - [2024-09-01T04:28:40.043+0000] {dag.py:3211} INFO - Sync 1 DAGs
[2024-09-01T04:28:40.053+0000] {logging_mixin.py:190} INFO - [2024-09-01T04:28:40.052+0000] {dag.py:3234} INFO - Creating ORM DAG for example_skip_dag
[2024-09-01T04:28:40.061+0000] {logging_mixin.py:190} INFO - [2024-09-01T04:28:40.061+0000] {dag.py:4138} INFO - Setting next_dagrun for example_skip_dag to 2024-08-31 00:00:00+00:00, run_after=2024-09-01 00:00:00+00:00
[2024-09-01T04:28:40.087+0000] {processor.py:208} INFO - Processing /home/ubuntu/airflow_snow/lib/python3.12/site-packages/airflow/example_dags/example_skip_dag.py took 0.261 seconds
[2024-09-01T04:29:46.110+0000] {processor.py:186} INFO - Started process (PID=2216) to work on /home/ubuntu/airflow_snow/lib/python3.12/site-packages/airflow/example_dags/example_skip_dag.py
[2024-09-01T04:29:46.112+0000] {processor.py:914} INFO - Processing file /home/ubuntu/airflow_snow/lib/python3.12/site-packages/airflow/example_dags/example_skip_dag.py for tasks to queue
[2024-09-01T04:29:46.114+0000] {logging_mixin.py:190} INFO - [2024-09-01T04:29:46.114+0000] {dagbag.py:587} INFO - Filling up the DagBag from /home/ubuntu/airflow_snow/lib/python3.12/site-packages/airflow/example_dags/example_skip_dag.py
[2024-09-01T04:29:46.121+0000] {processor.py:925} INFO - DAG(s) 'example_skip_dag' retrieved from /home/ubuntu/airflow_snow/lib/python3.12/site-packages/airflow/example_dags/example_skip_dag.py
[2024-09-01T04:29:46.136+0000] {logging_mixin.py:190} INFO - [2024-09-01T04:29:46.136+0000] {dag.py:3211} INFO - Sync 1 DAGs
[2024-09-01T04:29:46.154+0000] {logging_mixin.py:190} INFO - [2024-09-01T04:29:46.154+0000] {dag.py:4138} INFO - Setting next_dagrun for example_skip_dag to 2024-08-31 00:00:00+00:00, run_after=2024-09-01 00:00:00+00:00
[2024-09-01T04:29:46.178+0000] {processor.py:208} INFO - Processing /home/ubuntu/airflow_snow/lib/python3.12/site-packages/airflow/example_dags/example_skip_dag.py took 0.073 seconds
[2024-09-01T04:30:39.325+0000] {processor.py:186} INFO - Started process (PID=2277) to work on /home/ubuntu/airflow_snow/lib/python3.12/site-packages/airflow/example_dags/example_skip_dag.py
[2024-09-01T04:30:39.327+0000] {processor.py:914} INFO - Processing file /home/ubuntu/airflow_snow/lib/python3.12/site-packages/airflow/example_dags/example_skip_dag.py for tasks to queue
[2024-09-01T04:30:39.328+0000] {logging_mixin.py:190} INFO - [2024-09-01T04:30:39.328+0000] {dagbag.py:587} INFO - Filling up the DagBag from /home/ubuntu/airflow_snow/lib/python3.12/site-packages/airflow/example_dags/example_skip_dag.py
[2024-09-01T04:30:39.334+0000] {processor.py:925} INFO - DAG(s) 'example_skip_dag' retrieved from /home/ubuntu/airflow_snow/lib/python3.12/site-packages/airflow/example_dags/example_skip_dag.py
[2024-09-01T04:30:39.346+0000] {logging_mixin.py:190} INFO - [2024-09-01T04:30:39.345+0000] {dag.py:3211} INFO - Sync 1 DAGs
[2024-09-01T04:30:39.359+0000] {logging_mixin.py:190} INFO - [2024-09-01T04:30:39.359+0000] {dag.py:4138} INFO - Setting next_dagrun for example_skip_dag to 2024-08-31 00:00:00+00:00, run_after=2024-09-01 00:00:00+00:00
[2024-09-01T04:30:39.378+0000] {processor.py:208} INFO - Processing /home/ubuntu/airflow_snow/lib/python3.12/site-packages/airflow/example_dags/example_skip_dag.py took 0.057 seconds
[2024-09-01T04:31:27.786+0000] {processor.py:186} INFO - Started process (PID=2328) to work on /home/ubuntu/airflow_snow/lib/python3.12/site-packages/airflow/example_dags/example_skip_dag.py
[2024-09-01T04:31:27.789+0000] {processor.py:914} INFO - Processing file /home/ubuntu/airflow_snow/lib/python3.12/site-packages/airflow/example_dags/example_skip_dag.py for tasks to queue
[2024-09-01T04:31:27.791+0000] {logging_mixin.py:190} INFO - [2024-09-01T04:31:27.790+0000] {dagbag.py:587} INFO - Filling up the DagBag from /home/ubuntu/airflow_snow/lib/python3.12/site-packages/airflow/example_dags/example_skip_dag.py
[2024-09-01T04:31:27.797+0000] {processor.py:925} INFO - DAG(s) 'example_skip_dag' retrieved from /home/ubuntu/airflow_snow/lib/python3.12/site-packages/airflow/example_dags/example_skip_dag.py
[2024-09-01T04:31:27.813+0000] {logging_mixin.py:190} INFO - [2024-09-01T04:31:27.812+0000] {dag.py:3211} INFO - Sync 1 DAGs
[2024-09-01T04:31:27.831+0000] {logging_mixin.py:190} INFO - [2024-09-01T04:31:27.830+0000] {dag.py:4138} INFO - Setting next_dagrun for example_skip_dag to 2024-08-31 00:00:00+00:00, run_after=2024-09-01 00:00:00+00:00
[2024-09-01T04:31:27.854+0000] {processor.py:208} INFO - Processing /home/ubuntu/airflow_snow/lib/python3.12/site-packages/airflow/example_dags/example_skip_dag.py took 0.073 seconds
[2024-09-01T04:32:15.756+0000] {processor.py:186} INFO - Started process (PID=2377) to work on /home/ubuntu/airflow_snow/lib/python3.12/site-packages/airflow/example_dags/example_skip_dag.py
[2024-09-01T04:32:15.758+0000] {processor.py:914} INFO - Processing file /home/ubuntu/airflow_snow/lib/python3.12/site-packages/airflow/example_dags/example_skip_dag.py for tasks to queue
[2024-09-01T04:32:15.760+0000] {logging_mixin.py:190} INFO - [2024-09-01T04:32:15.759+0000] {dagbag.py:587} INFO - Filling up the DagBag from /home/ubuntu/airflow_snow/lib/python3.12/site-packages/airflow/example_dags/example_skip_dag.py
[2024-09-01T04:32:15.767+0000] {processor.py:925} INFO - DAG(s) 'example_skip_dag' retrieved from /home/ubuntu/airflow_snow/lib/python3.12/site-packages/airflow/example_dags/example_skip_dag.py
[2024-09-01T04:32:15.782+0000] {logging_mixin.py:190} INFO - [2024-09-01T04:32:15.782+0000] {dag.py:3211} INFO - Sync 1 DAGs
[2024-09-01T04:32:15.800+0000] {logging_mixin.py:190} INFO - [2024-09-01T04:32:15.799+0000] {dag.py:4138} INFO - Setting next_dagrun for example_skip_dag to 2024-08-31 00:00:00+00:00, run_after=2024-09-01 00:00:00+00:00
[2024-09-01T04:32:15.823+0000] {processor.py:208} INFO - Processing /home/ubuntu/airflow_snow/lib/python3.12/site-packages/airflow/example_dags/example_skip_dag.py took 0.073 seconds
[2024-09-01T04:33:04.141+0000] {processor.py:186} INFO - Started process (PID=2427) to work on /home/ubuntu/airflow_snow/lib/python3.12/site-packages/airflow/example_dags/example_skip_dag.py
[2024-09-01T04:33:04.143+0000] {processor.py:914} INFO - Processing file /home/ubuntu/airflow_snow/lib/python3.12/site-packages/airflow/example_dags/example_skip_dag.py for tasks to queue
[2024-09-01T04:33:04.146+0000] {logging_mixin.py:190} INFO - [2024-09-01T04:33:04.145+0000] {dagbag.py:587} INFO - Filling up the DagBag from /home/ubuntu/airflow_snow/lib/python3.12/site-packages/airflow/example_dags/example_skip_dag.py
[2024-09-01T04:33:04.153+0000] {processor.py:925} INFO - DAG(s) 'example_skip_dag' retrieved from /home/ubuntu/airflow_snow/lib/python3.12/site-packages/airflow/example_dags/example_skip_dag.py
[2024-09-01T04:33:04.168+0000] {logging_mixin.py:190} INFO - [2024-09-01T04:33:04.168+0000] {dag.py:3211} INFO - Sync 1 DAGs
[2024-09-01T04:33:04.184+0000] {logging_mixin.py:190} INFO - [2024-09-01T04:33:04.183+0000] {dag.py:4138} INFO - Setting next_dagrun for example_skip_dag to 2024-08-31 00:00:00+00:00, run_after=2024-09-01 00:00:00+00:00
[2024-09-01T04:33:04.207+0000] {processor.py:208} INFO - Processing /home/ubuntu/airflow_snow/lib/python3.12/site-packages/airflow/example_dags/example_skip_dag.py took 0.073 seconds
[2024-09-01T04:33:54.931+0000] {processor.py:186} INFO - Started process (PID=2480) to work on /home/ubuntu/airflow_snow/lib/python3.12/site-packages/airflow/example_dags/example_skip_dag.py
[2024-09-01T04:33:54.934+0000] {processor.py:914} INFO - Processing file /home/ubuntu/airflow_snow/lib/python3.12/site-packages/airflow/example_dags/example_skip_dag.py for tasks to queue
[2024-09-01T04:33:54.936+0000] {logging_mixin.py:190} INFO - [2024-09-01T04:33:54.936+0000] {dagbag.py:587} INFO - Filling up the DagBag from /home/ubuntu/airflow_snow/lib/python3.12/site-packages/airflow/example_dags/example_skip_dag.py
[2024-09-01T04:33:54.943+0000] {processor.py:925} INFO - DAG(s) 'example_skip_dag' retrieved from /home/ubuntu/airflow_snow/lib/python3.12/site-packages/airflow/example_dags/example_skip_dag.py
[2024-09-01T04:33:54.958+0000] {logging_mixin.py:190} INFO - [2024-09-01T04:33:54.958+0000] {dag.py:3211} INFO - Sync 1 DAGs
[2024-09-01T04:33:54.976+0000] {logging_mixin.py:190} INFO - [2024-09-01T04:33:54.976+0000] {dag.py:4138} INFO - Setting next_dagrun for example_skip_dag to 2024-08-31 00:00:00+00:00, run_after=2024-09-01 00:00:00+00:00
[2024-09-01T04:33:54.997+0000] {processor.py:208} INFO - Processing /home/ubuntu/airflow_snow/lib/python3.12/site-packages/airflow/example_dags/example_skip_dag.py took 0.071 seconds
[2024-09-01T04:34:44.540+0000] {processor.py:186} INFO - Started process (PID=2532) to work on /home/ubuntu/airflow_snow/lib/python3.12/site-packages/airflow/example_dags/example_skip_dag.py
[2024-09-01T04:34:44.542+0000] {processor.py:914} INFO - Processing file /home/ubuntu/airflow_snow/lib/python3.12/site-packages/airflow/example_dags/example_skip_dag.py for tasks to queue
[2024-09-01T04:34:44.545+0000] {logging_mixin.py:190} INFO - [2024-09-01T04:34:44.544+0000] {dagbag.py:587} INFO - Filling up the DagBag from /home/ubuntu/airflow_snow/lib/python3.12/site-packages/airflow/example_dags/example_skip_dag.py
[2024-09-01T04:34:44.551+0000] {processor.py:925} INFO - DAG(s) 'example_skip_dag' retrieved from /home/ubuntu/airflow_snow/lib/python3.12/site-packages/airflow/example_dags/example_skip_dag.py
[2024-09-01T04:34:44.566+0000] {logging_mixin.py:190} INFO - [2024-09-01T04:34:44.566+0000] {dag.py:3211} INFO - Sync 1 DAGs
[2024-09-01T04:34:44.584+0000] {logging_mixin.py:190} INFO - [2024-09-01T04:34:44.584+0000] {dag.py:4138} INFO - Setting next_dagrun for example_skip_dag to 2024-08-31 00:00:00+00:00, run_after=2024-09-01 00:00:00+00:00
[2024-09-01T04:34:44.607+0000] {processor.py:208} INFO - Processing /home/ubuntu/airflow_snow/lib/python3.12/site-packages/airflow/example_dags/example_skip_dag.py took 0.073 seconds
[2024-09-01T04:35:33.378+0000] {processor.py:186} INFO - Started process (PID=2586) to work on /home/ubuntu/airflow_snow/lib/python3.12/site-packages/airflow/example_dags/example_skip_dag.py
[2024-09-01T04:35:33.380+0000] {processor.py:914} INFO - Processing file /home/ubuntu/airflow_snow/lib/python3.12/site-packages/airflow/example_dags/example_skip_dag.py for tasks to queue
[2024-09-01T04:35:33.382+0000] {logging_mixin.py:190} INFO - [2024-09-01T04:35:33.381+0000] {dagbag.py:587} INFO - Filling up the DagBag from /home/ubuntu/airflow_snow/lib/python3.12/site-packages/airflow/example_dags/example_skip_dag.py
[2024-09-01T04:35:33.389+0000] {processor.py:925} INFO - DAG(s) 'example_skip_dag' retrieved from /home/ubuntu/airflow_snow/lib/python3.12/site-packages/airflow/example_dags/example_skip_dag.py
[2024-09-01T04:35:33.404+0000] {logging_mixin.py:190} INFO - [2024-09-01T04:35:33.403+0000] {dag.py:3211} INFO - Sync 1 DAGs
[2024-09-01T04:35:33.422+0000] {logging_mixin.py:190} INFO - [2024-09-01T04:35:33.422+0000] {dag.py:4138} INFO - Setting next_dagrun for example_skip_dag to 2024-08-31 00:00:00+00:00, run_after=2024-09-01 00:00:00+00:00
[2024-09-01T04:35:33.446+0000] {processor.py:208} INFO - Processing /home/ubuntu/airflow_snow/lib/python3.12/site-packages/airflow/example_dags/example_skip_dag.py took 0.073 seconds
[2024-09-01T04:36:24.455+0000] {processor.py:186} INFO - Started process (PID=2637) to work on /home/ubuntu/airflow_snow/lib/python3.12/site-packages/airflow/example_dags/example_skip_dag.py
[2024-09-01T04:36:24.459+0000] {processor.py:914} INFO - Processing file /home/ubuntu/airflow_snow/lib/python3.12/site-packages/airflow/example_dags/example_skip_dag.py for tasks to queue
[2024-09-01T04:36:24.461+0000] {logging_mixin.py:190} INFO - [2024-09-01T04:36:24.460+0000] {dagbag.py:587} INFO - Filling up the DagBag from /home/ubuntu/airflow_snow/lib/python3.12/site-packages/airflow/example_dags/example_skip_dag.py
[2024-09-01T04:36:24.467+0000] {processor.py:925} INFO - DAG(s) 'example_skip_dag' retrieved from /home/ubuntu/airflow_snow/lib/python3.12/site-packages/airflow/example_dags/example_skip_dag.py
[2024-09-01T04:36:24.483+0000] {logging_mixin.py:190} INFO - [2024-09-01T04:36:24.483+0000] {dag.py:3211} INFO - Sync 1 DAGs
[2024-09-01T04:36:24.499+0000] {logging_mixin.py:190} INFO - [2024-09-01T04:36:24.499+0000] {dag.py:4138} INFO - Setting next_dagrun for example_skip_dag to 2024-08-31 00:00:00+00:00, run_after=2024-09-01 00:00:00+00:00
[2024-09-01T04:36:24.522+0000] {processor.py:208} INFO - Processing /home/ubuntu/airflow_snow/lib/python3.12/site-packages/airflow/example_dags/example_skip_dag.py took 0.072 seconds
[2024-09-01T04:37:18.435+0000] {processor.py:186} INFO - Started process (PID=2691) to work on /home/ubuntu/airflow_snow/lib/python3.12/site-packages/airflow/example_dags/example_skip_dag.py
[2024-09-01T04:37:18.437+0000] {processor.py:914} INFO - Processing file /home/ubuntu/airflow_snow/lib/python3.12/site-packages/airflow/example_dags/example_skip_dag.py for tasks to queue
[2024-09-01T04:37:18.439+0000] {logging_mixin.py:190} INFO - [2024-09-01T04:37:18.438+0000] {dagbag.py:587} INFO - Filling up the DagBag from /home/ubuntu/airflow_snow/lib/python3.12/site-packages/airflow/example_dags/example_skip_dag.py
[2024-09-01T04:37:18.446+0000] {processor.py:925} INFO - DAG(s) 'example_skip_dag' retrieved from /home/ubuntu/airflow_snow/lib/python3.12/site-packages/airflow/example_dags/example_skip_dag.py
[2024-09-01T04:37:18.462+0000] {logging_mixin.py:190} INFO - [2024-09-01T04:37:18.462+0000] {dag.py:3211} INFO - Sync 1 DAGs
[2024-09-01T04:37:18.479+0000] {logging_mixin.py:190} INFO - [2024-09-01T04:37:18.479+0000] {dag.py:4138} INFO - Setting next_dagrun for example_skip_dag to 2024-08-31 00:00:00+00:00, run_after=2024-09-01 00:00:00+00:00
[2024-09-01T04:37:18.499+0000] {processor.py:208} INFO - Processing /home/ubuntu/airflow_snow/lib/python3.12/site-packages/airflow/example_dags/example_skip_dag.py took 0.069 seconds
[2024-09-01T04:38:08.088+0000] {processor.py:186} INFO - Started process (PID=2742) to work on /home/ubuntu/airflow_snow/lib/python3.12/site-packages/airflow/example_dags/example_skip_dag.py
[2024-09-01T04:38:08.091+0000] {processor.py:914} INFO - Processing file /home/ubuntu/airflow_snow/lib/python3.12/site-packages/airflow/example_dags/example_skip_dag.py for tasks to queue
[2024-09-01T04:38:08.093+0000] {logging_mixin.py:190} INFO - [2024-09-01T04:38:08.093+0000] {dagbag.py:587} INFO - Filling up the DagBag from /home/ubuntu/airflow_snow/lib/python3.12/site-packages/airflow/example_dags/example_skip_dag.py
[2024-09-01T04:38:08.101+0000] {processor.py:925} INFO - DAG(s) 'example_skip_dag' retrieved from /home/ubuntu/airflow_snow/lib/python3.12/site-packages/airflow/example_dags/example_skip_dag.py
[2024-09-01T04:38:08.115+0000] {logging_mixin.py:190} INFO - [2024-09-01T04:38:08.115+0000] {dag.py:3211} INFO - Sync 1 DAGs
[2024-09-01T04:38:08.134+0000] {logging_mixin.py:190} INFO - [2024-09-01T04:38:08.134+0000] {dag.py:4138} INFO - Setting next_dagrun for example_skip_dag to 2024-08-31 00:00:00+00:00, run_after=2024-09-01 00:00:00+00:00
[2024-09-01T04:38:08.161+0000] {processor.py:208} INFO - Processing /home/ubuntu/airflow_snow/lib/python3.12/site-packages/airflow/example_dags/example_skip_dag.py took 0.078 seconds
[2024-09-01T04:38:58.760+0000] {processor.py:186} INFO - Started process (PID=2793) to work on /home/ubuntu/airflow_snow/lib/python3.12/site-packages/airflow/example_dags/example_skip_dag.py
[2024-09-01T04:38:58.762+0000] {processor.py:914} INFO - Processing file /home/ubuntu/airflow_snow/lib/python3.12/site-packages/airflow/example_dags/example_skip_dag.py for tasks to queue
[2024-09-01T04:38:58.765+0000] {logging_mixin.py:190} INFO - [2024-09-01T04:38:58.765+0000] {dagbag.py:587} INFO - Filling up the DagBag from /home/ubuntu/airflow_snow/lib/python3.12/site-packages/airflow/example_dags/example_skip_dag.py
[2024-09-01T04:38:58.771+0000] {processor.py:925} INFO - DAG(s) 'example_skip_dag' retrieved from /home/ubuntu/airflow_snow/lib/python3.12/site-packages/airflow/example_dags/example_skip_dag.py
[2024-09-01T04:38:58.787+0000] {logging_mixin.py:190} INFO - [2024-09-01T04:38:58.787+0000] {dag.py:3211} INFO - Sync 1 DAGs
[2024-09-01T04:38:58.805+0000] {logging_mixin.py:190} INFO - [2024-09-01T04:38:58.805+0000] {dag.py:4138} INFO - Setting next_dagrun for example_skip_dag to 2024-08-31 00:00:00+00:00, run_after=2024-09-01 00:00:00+00:00
[2024-09-01T04:38:58.829+0000] {processor.py:208} INFO - Processing /home/ubuntu/airflow_snow/lib/python3.12/site-packages/airflow/example_dags/example_skip_dag.py took 0.074 seconds
[2024-09-01T04:39:50.706+0000] {processor.py:186} INFO - Started process (PID=2846) to work on /home/ubuntu/airflow_snow/lib/python3.12/site-packages/airflow/example_dags/example_skip_dag.py
[2024-09-01T04:39:50.708+0000] {processor.py:914} INFO - Processing file /home/ubuntu/airflow_snow/lib/python3.12/site-packages/airflow/example_dags/example_skip_dag.py for tasks to queue
[2024-09-01T04:39:50.710+0000] {logging_mixin.py:190} INFO - [2024-09-01T04:39:50.710+0000] {dagbag.py:587} INFO - Filling up the DagBag from /home/ubuntu/airflow_snow/lib/python3.12/site-packages/airflow/example_dags/example_skip_dag.py
[2024-09-01T04:39:50.717+0000] {processor.py:925} INFO - DAG(s) 'example_skip_dag' retrieved from /home/ubuntu/airflow_snow/lib/python3.12/site-packages/airflow/example_dags/example_skip_dag.py
[2024-09-01T04:39:50.732+0000] {logging_mixin.py:190} INFO - [2024-09-01T04:39:50.731+0000] {dag.py:3211} INFO - Sync 1 DAGs
[2024-09-01T04:39:50.750+0000] {logging_mixin.py:190} INFO - [2024-09-01T04:39:50.750+0000] {dag.py:4138} INFO - Setting next_dagrun for example_skip_dag to 2024-08-31 00:00:00+00:00, run_after=2024-09-01 00:00:00+00:00
[2024-09-01T04:39:50.774+0000] {processor.py:208} INFO - Processing /home/ubuntu/airflow_snow/lib/python3.12/site-packages/airflow/example_dags/example_skip_dag.py took 0.073 seconds
[2024-09-01T04:40:41.786+0000] {processor.py:186} INFO - Started process (PID=2902) to work on /home/ubuntu/airflow_snow/lib/python3.12/site-packages/airflow/example_dags/example_skip_dag.py
[2024-09-01T04:40:41.787+0000] {processor.py:914} INFO - Processing file /home/ubuntu/airflow_snow/lib/python3.12/site-packages/airflow/example_dags/example_skip_dag.py for tasks to queue
[2024-09-01T04:40:41.790+0000] {logging_mixin.py:190} INFO - [2024-09-01T04:40:41.790+0000] {dagbag.py:587} INFO - Filling up the DagBag from /home/ubuntu/airflow_snow/lib/python3.12/site-packages/airflow/example_dags/example_skip_dag.py
[2024-09-01T04:40:41.796+0000] {processor.py:925} INFO - DAG(s) 'example_skip_dag' retrieved from /home/ubuntu/airflow_snow/lib/python3.12/site-packages/airflow/example_dags/example_skip_dag.py
[2024-09-01T04:40:41.812+0000] {logging_mixin.py:190} INFO - [2024-09-01T04:40:41.812+0000] {dag.py:3211} INFO - Sync 1 DAGs
[2024-09-01T04:40:41.831+0000] {logging_mixin.py:190} INFO - [2024-09-01T04:40:41.831+0000] {dag.py:4138} INFO - Setting next_dagrun for example_skip_dag to 2024-08-31 00:00:00+00:00, run_after=2024-09-01 00:00:00+00:00
[2024-09-01T04:40:41.851+0000] {processor.py:208} INFO - Processing /home/ubuntu/airflow_snow/lib/python3.12/site-packages/airflow/example_dags/example_skip_dag.py took 0.071 seconds
[2024-09-01T04:41:34.840+0000] {processor.py:186} INFO - Started process (PID=2956) to work on /home/ubuntu/airflow_snow/lib/python3.12/site-packages/airflow/example_dags/example_skip_dag.py
[2024-09-01T04:41:34.843+0000] {processor.py:914} INFO - Processing file /home/ubuntu/airflow_snow/lib/python3.12/site-packages/airflow/example_dags/example_skip_dag.py for tasks to queue
[2024-09-01T04:41:34.845+0000] {logging_mixin.py:190} INFO - [2024-09-01T04:41:34.844+0000] {dagbag.py:587} INFO - Filling up the DagBag from /home/ubuntu/airflow_snow/lib/python3.12/site-packages/airflow/example_dags/example_skip_dag.py
[2024-09-01T04:41:34.851+0000] {processor.py:925} INFO - DAG(s) 'example_skip_dag' retrieved from /home/ubuntu/airflow_snow/lib/python3.12/site-packages/airflow/example_dags/example_skip_dag.py
[2024-09-01T04:41:34.867+0000] {logging_mixin.py:190} INFO - [2024-09-01T04:41:34.867+0000] {dag.py:3211} INFO - Sync 1 DAGs
[2024-09-01T04:41:34.886+0000] {logging_mixin.py:190} INFO - [2024-09-01T04:41:34.886+0000] {dag.py:4138} INFO - Setting next_dagrun for example_skip_dag to 2024-08-31 00:00:00+00:00, run_after=2024-09-01 00:00:00+00:00
[2024-09-01T04:41:34.908+0000] {processor.py:208} INFO - Processing /home/ubuntu/airflow_snow/lib/python3.12/site-packages/airflow/example_dags/example_skip_dag.py took 0.074 seconds
[2024-09-01T04:42:22.894+0000] {processor.py:186} INFO - Started process (PID=3006) to work on /home/ubuntu/airflow_snow/lib/python3.12/site-packages/airflow/example_dags/example_skip_dag.py
[2024-09-01T04:42:22.897+0000] {processor.py:914} INFO - Processing file /home/ubuntu/airflow_snow/lib/python3.12/site-packages/airflow/example_dags/example_skip_dag.py for tasks to queue
[2024-09-01T04:42:22.899+0000] {logging_mixin.py:190} INFO - [2024-09-01T04:42:22.898+0000] {dagbag.py:587} INFO - Filling up the DagBag from /home/ubuntu/airflow_snow/lib/python3.12/site-packages/airflow/example_dags/example_skip_dag.py
[2024-09-01T04:42:22.906+0000] {processor.py:925} INFO - DAG(s) 'example_skip_dag' retrieved from /home/ubuntu/airflow_snow/lib/python3.12/site-packages/airflow/example_dags/example_skip_dag.py
[2024-09-01T04:42:22.922+0000] {logging_mixin.py:190} INFO - [2024-09-01T04:42:22.921+0000] {dag.py:3211} INFO - Sync 1 DAGs
[2024-09-01T04:42:22.939+0000] {logging_mixin.py:190} INFO - [2024-09-01T04:42:22.939+0000] {dag.py:4138} INFO - Setting next_dagrun for example_skip_dag to 2024-08-31 00:00:00+00:00, run_after=2024-09-01 00:00:00+00:00
[2024-09-01T04:42:22.962+0000] {processor.py:208} INFO - Processing /home/ubuntu/airflow_snow/lib/python3.12/site-packages/airflow/example_dags/example_skip_dag.py took 0.073 seconds
[2024-09-01T04:43:14.006+0000] {processor.py:186} INFO - Started process (PID=3057) to work on /home/ubuntu/airflow_snow/lib/python3.12/site-packages/airflow/example_dags/example_skip_dag.py
[2024-09-01T04:43:14.009+0000] {processor.py:914} INFO - Processing file /home/ubuntu/airflow_snow/lib/python3.12/site-packages/airflow/example_dags/example_skip_dag.py for tasks to queue
[2024-09-01T04:43:14.011+0000] {logging_mixin.py:190} INFO - [2024-09-01T04:43:14.010+0000] {dagbag.py:587} INFO - Filling up the DagBag from /home/ubuntu/airflow_snow/lib/python3.12/site-packages/airflow/example_dags/example_skip_dag.py
[2024-09-01T04:43:14.018+0000] {processor.py:925} INFO - DAG(s) 'example_skip_dag' retrieved from /home/ubuntu/airflow_snow/lib/python3.12/site-packages/airflow/example_dags/example_skip_dag.py
[2024-09-01T04:43:14.034+0000] {logging_mixin.py:190} INFO - [2024-09-01T04:43:14.034+0000] {dag.py:3211} INFO - Sync 1 DAGs
[2024-09-01T04:43:14.051+0000] {logging_mixin.py:190} INFO - [2024-09-01T04:43:14.051+0000] {dag.py:4138} INFO - Setting next_dagrun for example_skip_dag to 2024-08-31 00:00:00+00:00, run_after=2024-09-01 00:00:00+00:00
[2024-09-01T04:43:14.071+0000] {processor.py:208} INFO - Processing /home/ubuntu/airflow_snow/lib/python3.12/site-packages/airflow/example_dags/example_skip_dag.py took 0.070 seconds
[2024-09-01T04:44:02.666+0000] {processor.py:186} INFO - Started process (PID=3107) to work on /home/ubuntu/airflow_snow/lib/python3.12/site-packages/airflow/example_dags/example_skip_dag.py
[2024-09-01T04:44:02.669+0000] {processor.py:914} INFO - Processing file /home/ubuntu/airflow_snow/lib/python3.12/site-packages/airflow/example_dags/example_skip_dag.py for tasks to queue
[2024-09-01T04:44:02.671+0000] {logging_mixin.py:190} INFO - [2024-09-01T04:44:02.670+0000] {dagbag.py:587} INFO - Filling up the DagBag from /home/ubuntu/airflow_snow/lib/python3.12/site-packages/airflow/example_dags/example_skip_dag.py
[2024-09-01T04:44:02.678+0000] {processor.py:925} INFO - DAG(s) 'example_skip_dag' retrieved from /home/ubuntu/airflow_snow/lib/python3.12/site-packages/airflow/example_dags/example_skip_dag.py
[2024-09-01T04:44:02.694+0000] {logging_mixin.py:190} INFO - [2024-09-01T04:44:02.694+0000] {dag.py:3211} INFO - Sync 1 DAGs
[2024-09-01T04:44:02.713+0000] {logging_mixin.py:190} INFO - [2024-09-01T04:44:02.713+0000] {dag.py:4138} INFO - Setting next_dagrun for example_skip_dag to 2024-08-31 00:00:00+00:00, run_after=2024-09-01 00:00:00+00:00
[2024-09-01T04:44:02.734+0000] {processor.py:208} INFO - Processing /home/ubuntu/airflow_snow/lib/python3.12/site-packages/airflow/example_dags/example_skip_dag.py took 0.073 seconds
[2024-09-01T04:44:53.245+0000] {processor.py:186} INFO - Started process (PID=3163) to work on /home/ubuntu/airflow_snow/lib/python3.12/site-packages/airflow/example_dags/example_skip_dag.py
[2024-09-01T04:44:53.248+0000] {processor.py:914} INFO - Processing file /home/ubuntu/airflow_snow/lib/python3.12/site-packages/airflow/example_dags/example_skip_dag.py for tasks to queue
[2024-09-01T04:44:53.250+0000] {logging_mixin.py:190} INFO - [2024-09-01T04:44:53.250+0000] {dagbag.py:587} INFO - Filling up the DagBag from /home/ubuntu/airflow_snow/lib/python3.12/site-packages/airflow/example_dags/example_skip_dag.py
[2024-09-01T04:44:53.258+0000] {processor.py:925} INFO - DAG(s) 'example_skip_dag' retrieved from /home/ubuntu/airflow_snow/lib/python3.12/site-packages/airflow/example_dags/example_skip_dag.py
[2024-09-01T04:44:53.273+0000] {logging_mixin.py:190} INFO - [2024-09-01T04:44:53.273+0000] {dag.py:3211} INFO - Sync 1 DAGs
[2024-09-01T04:44:53.293+0000] {logging_mixin.py:190} INFO - [2024-09-01T04:44:53.292+0000] {dag.py:4138} INFO - Setting next_dagrun for example_skip_dag to 2024-08-31 00:00:00+00:00, run_after=2024-09-01 00:00:00+00:00
[2024-09-01T04:44:53.314+0000] {processor.py:208} INFO - Processing /home/ubuntu/airflow_snow/lib/python3.12/site-packages/airflow/example_dags/example_skip_dag.py took 0.075 seconds
[2024-09-01T04:45:39.718+0000] {processor.py:186} INFO - Started process (PID=3218) to work on /home/ubuntu/airflow_snow/lib/python3.12/site-packages/airflow/example_dags/example_skip_dag.py
[2024-09-01T04:45:39.720+0000] {processor.py:914} INFO - Processing file /home/ubuntu/airflow_snow/lib/python3.12/site-packages/airflow/example_dags/example_skip_dag.py for tasks to queue
[2024-09-01T04:45:39.722+0000] {logging_mixin.py:190} INFO - [2024-09-01T04:45:39.722+0000] {dagbag.py:587} INFO - Filling up the DagBag from /home/ubuntu/airflow_snow/lib/python3.12/site-packages/airflow/example_dags/example_skip_dag.py
[2024-09-01T04:45:39.730+0000] {processor.py:925} INFO - DAG(s) 'example_skip_dag' retrieved from /home/ubuntu/airflow_snow/lib/python3.12/site-packages/airflow/example_dags/example_skip_dag.py
[2024-09-01T04:45:39.745+0000] {logging_mixin.py:190} INFO - [2024-09-01T04:45:39.745+0000] {dag.py:3211} INFO - Sync 1 DAGs
[2024-09-01T04:45:39.763+0000] {logging_mixin.py:190} INFO - [2024-09-01T04:45:39.763+0000] {dag.py:4138} INFO - Setting next_dagrun for example_skip_dag to 2024-08-31 00:00:00+00:00, run_after=2024-09-01 00:00:00+00:00
[2024-09-01T04:45:39.784+0000] {processor.py:208} INFO - Processing /home/ubuntu/airflow_snow/lib/python3.12/site-packages/airflow/example_dags/example_skip_dag.py took 0.072 seconds
[2024-09-01T04:46:25.947+0000] {processor.py:186} INFO - Started process (PID=3266) to work on /home/ubuntu/airflow_snow/lib/python3.12/site-packages/airflow/example_dags/example_skip_dag.py
[2024-09-01T04:46:25.949+0000] {processor.py:914} INFO - Processing file /home/ubuntu/airflow_snow/lib/python3.12/site-packages/airflow/example_dags/example_skip_dag.py for tasks to queue
[2024-09-01T04:46:25.951+0000] {logging_mixin.py:190} INFO - [2024-09-01T04:46:25.950+0000] {dagbag.py:587} INFO - Filling up the DagBag from /home/ubuntu/airflow_snow/lib/python3.12/site-packages/airflow/example_dags/example_skip_dag.py
[2024-09-01T04:46:25.958+0000] {processor.py:925} INFO - DAG(s) 'example_skip_dag' retrieved from /home/ubuntu/airflow_snow/lib/python3.12/site-packages/airflow/example_dags/example_skip_dag.py
[2024-09-01T04:46:25.973+0000] {logging_mixin.py:190} INFO - [2024-09-01T04:46:25.973+0000] {dag.py:3211} INFO - Sync 1 DAGs
[2024-09-01T04:46:25.990+0000] {logging_mixin.py:190} INFO - [2024-09-01T04:46:25.990+0000] {dag.py:4138} INFO - Setting next_dagrun for example_skip_dag to 2024-08-31 00:00:00+00:00, run_after=2024-09-01 00:00:00+00:00
[2024-09-01T04:46:26.012+0000] {processor.py:208} INFO - Processing /home/ubuntu/airflow_snow/lib/python3.12/site-packages/airflow/example_dags/example_skip_dag.py took 0.070 seconds
[2024-09-01T04:47:14.160+0000] {processor.py:186} INFO - Started process (PID=3316) to work on /home/ubuntu/airflow_snow/lib/python3.12/site-packages/airflow/example_dags/example_skip_dag.py
[2024-09-01T04:47:14.162+0000] {processor.py:914} INFO - Processing file /home/ubuntu/airflow_snow/lib/python3.12/site-packages/airflow/example_dags/example_skip_dag.py for tasks to queue
[2024-09-01T04:47:14.164+0000] {logging_mixin.py:190} INFO - [2024-09-01T04:47:14.163+0000] {dagbag.py:587} INFO - Filling up the DagBag from /home/ubuntu/airflow_snow/lib/python3.12/site-packages/airflow/example_dags/example_skip_dag.py
[2024-09-01T04:47:14.171+0000] {processor.py:925} INFO - DAG(s) 'example_skip_dag' retrieved from /home/ubuntu/airflow_snow/lib/python3.12/site-packages/airflow/example_dags/example_skip_dag.py
[2024-09-01T04:47:14.186+0000] {logging_mixin.py:190} INFO - [2024-09-01T04:47:14.186+0000] {dag.py:3211} INFO - Sync 1 DAGs
[2024-09-01T04:47:14.203+0000] {logging_mixin.py:190} INFO - [2024-09-01T04:47:14.203+0000] {dag.py:4138} INFO - Setting next_dagrun for example_skip_dag to 2024-08-31 00:00:00+00:00, run_after=2024-09-01 00:00:00+00:00
[2024-09-01T04:47:14.243+0000] {processor.py:208} INFO - Processing /home/ubuntu/airflow_snow/lib/python3.12/site-packages/airflow/example_dags/example_skip_dag.py took 0.089 seconds
[2024-09-01T04:48:03.894+0000] {processor.py:186} INFO - Started process (PID=3367) to work on /home/ubuntu/airflow_snow/lib/python3.12/site-packages/airflow/example_dags/example_skip_dag.py
[2024-09-01T04:48:03.897+0000] {processor.py:914} INFO - Processing file /home/ubuntu/airflow_snow/lib/python3.12/site-packages/airflow/example_dags/example_skip_dag.py for tasks to queue
[2024-09-01T04:48:03.899+0000] {logging_mixin.py:190} INFO - [2024-09-01T04:48:03.899+0000] {dagbag.py:587} INFO - Filling up the DagBag from /home/ubuntu/airflow_snow/lib/python3.12/site-packages/airflow/example_dags/example_skip_dag.py
[2024-09-01T04:48:03.907+0000] {processor.py:925} INFO - DAG(s) 'example_skip_dag' retrieved from /home/ubuntu/airflow_snow/lib/python3.12/site-packages/airflow/example_dags/example_skip_dag.py
[2024-09-01T04:48:03.923+0000] {logging_mixin.py:190} INFO - [2024-09-01T04:48:03.922+0000] {dag.py:3211} INFO - Sync 1 DAGs
[2024-09-01T04:48:03.941+0000] {logging_mixin.py:190} INFO - [2024-09-01T04:48:03.940+0000] {dag.py:4138} INFO - Setting next_dagrun for example_skip_dag to 2024-08-31 00:00:00+00:00, run_after=2024-09-01 00:00:00+00:00
[2024-09-01T04:48:03.962+0000] {processor.py:208} INFO - Processing /home/ubuntu/airflow_snow/lib/python3.12/site-packages/airflow/example_dags/example_skip_dag.py took 0.073 seconds
[2024-09-01T04:48:52.587+0000] {processor.py:186} INFO - Started process (PID=3418) to work on /home/ubuntu/airflow_snow/lib/python3.12/site-packages/airflow/example_dags/example_skip_dag.py
[2024-09-01T04:48:52.590+0000] {processor.py:914} INFO - Processing file /home/ubuntu/airflow_snow/lib/python3.12/site-packages/airflow/example_dags/example_skip_dag.py for tasks to queue
[2024-09-01T04:48:52.592+0000] {logging_mixin.py:190} INFO - [2024-09-01T04:48:52.592+0000] {dagbag.py:587} INFO - Filling up the DagBag from /home/ubuntu/airflow_snow/lib/python3.12/site-packages/airflow/example_dags/example_skip_dag.py
[2024-09-01T04:48:52.600+0000] {processor.py:925} INFO - DAG(s) 'example_skip_dag' retrieved from /home/ubuntu/airflow_snow/lib/python3.12/site-packages/airflow/example_dags/example_skip_dag.py
[2024-09-01T04:48:52.615+0000] {logging_mixin.py:190} INFO - [2024-09-01T04:48:52.615+0000] {dag.py:3211} INFO - Sync 1 DAGs
[2024-09-01T04:48:52.633+0000] {logging_mixin.py:190} INFO - [2024-09-01T04:48:52.633+0000] {dag.py:4138} INFO - Setting next_dagrun for example_skip_dag to 2024-08-31 00:00:00+00:00, run_after=2024-09-01 00:00:00+00:00
[2024-09-01T04:48:52.654+0000] {processor.py:208} INFO - Processing /home/ubuntu/airflow_snow/lib/python3.12/site-packages/airflow/example_dags/example_skip_dag.py took 0.071 seconds
[2024-09-01T04:49:40.291+0000] {processor.py:186} INFO - Started process (PID=3468) to work on /home/ubuntu/airflow_snow/lib/python3.12/site-packages/airflow/example_dags/example_skip_dag.py
[2024-09-01T04:49:40.293+0000] {processor.py:914} INFO - Processing file /home/ubuntu/airflow_snow/lib/python3.12/site-packages/airflow/example_dags/example_skip_dag.py for tasks to queue
[2024-09-01T04:49:40.295+0000] {logging_mixin.py:190} INFO - [2024-09-01T04:49:40.295+0000] {dagbag.py:587} INFO - Filling up the DagBag from /home/ubuntu/airflow_snow/lib/python3.12/site-packages/airflow/example_dags/example_skip_dag.py
[2024-09-01T04:49:40.303+0000] {processor.py:925} INFO - DAG(s) 'example_skip_dag' retrieved from /home/ubuntu/airflow_snow/lib/python3.12/site-packages/airflow/example_dags/example_skip_dag.py
[2024-09-01T04:49:40.319+0000] {logging_mixin.py:190} INFO - [2024-09-01T04:49:40.319+0000] {dag.py:3211} INFO - Sync 1 DAGs
[2024-09-01T04:49:40.337+0000] {logging_mixin.py:190} INFO - [2024-09-01T04:49:40.337+0000] {dag.py:4138} INFO - Setting next_dagrun for example_skip_dag to 2024-08-31 00:00:00+00:00, run_after=2024-09-01 00:00:00+00:00
[2024-09-01T04:49:40.359+0000] {processor.py:208} INFO - Processing /home/ubuntu/airflow_snow/lib/python3.12/site-packages/airflow/example_dags/example_skip_dag.py took 0.074 seconds
[2024-09-01T04:50:23.826+0000] {processor.py:186} INFO - Started process (PID=3516) to work on /home/ubuntu/airflow_snow/lib/python3.12/site-packages/airflow/example_dags/example_skip_dag.py
[2024-09-01T04:50:23.829+0000] {processor.py:914} INFO - Processing file /home/ubuntu/airflow_snow/lib/python3.12/site-packages/airflow/example_dags/example_skip_dag.py for tasks to queue
[2024-09-01T04:50:23.831+0000] {logging_mixin.py:190} INFO - [2024-09-01T04:50:23.830+0000] {dagbag.py:587} INFO - Filling up the DagBag from /home/ubuntu/airflow_snow/lib/python3.12/site-packages/airflow/example_dags/example_skip_dag.py
[2024-09-01T04:50:23.837+0000] {processor.py:925} INFO - DAG(s) 'example_skip_dag' retrieved from /home/ubuntu/airflow_snow/lib/python3.12/site-packages/airflow/example_dags/example_skip_dag.py
[2024-09-01T04:50:23.853+0000] {logging_mixin.py:190} INFO - [2024-09-01T04:50:23.853+0000] {dag.py:3211} INFO - Sync 1 DAGs
[2024-09-01T04:50:23.870+0000] {logging_mixin.py:190} INFO - [2024-09-01T04:50:23.870+0000] {dag.py:4138} INFO - Setting next_dagrun for example_skip_dag to 2024-08-31 00:00:00+00:00, run_after=2024-09-01 00:00:00+00:00
[2024-09-01T04:50:23.889+0000] {processor.py:208} INFO - Processing /home/ubuntu/airflow_snow/lib/python3.12/site-packages/airflow/example_dags/example_skip_dag.py took 0.068 seconds
[2024-09-01T04:51:10.170+0000] {processor.py:186} INFO - Started process (PID=3568) to work on /home/ubuntu/airflow_snow/lib/python3.12/site-packages/airflow/example_dags/example_skip_dag.py
[2024-09-01T04:51:10.173+0000] {processor.py:914} INFO - Processing file /home/ubuntu/airflow_snow/lib/python3.12/site-packages/airflow/example_dags/example_skip_dag.py for tasks to queue
[2024-09-01T04:51:10.175+0000] {logging_mixin.py:190} INFO - [2024-09-01T04:51:10.175+0000] {dagbag.py:587} INFO - Filling up the DagBag from /home/ubuntu/airflow_snow/lib/python3.12/site-packages/airflow/example_dags/example_skip_dag.py
[2024-09-01T04:51:10.183+0000] {processor.py:925} INFO - DAG(s) 'example_skip_dag' retrieved from /home/ubuntu/airflow_snow/lib/python3.12/site-packages/airflow/example_dags/example_skip_dag.py
[2024-09-01T04:51:10.198+0000] {logging_mixin.py:190} INFO - [2024-09-01T04:51:10.198+0000] {dag.py:3211} INFO - Sync 1 DAGs
[2024-09-01T04:51:10.216+0000] {logging_mixin.py:190} INFO - [2024-09-01T04:51:10.216+0000] {dag.py:4138} INFO - Setting next_dagrun for example_skip_dag to 2024-08-31 00:00:00+00:00, run_after=2024-09-01 00:00:00+00:00
[2024-09-01T04:51:10.241+0000] {processor.py:208} INFO - Processing /home/ubuntu/airflow_snow/lib/python3.12/site-packages/airflow/example_dags/example_skip_dag.py took 0.075 seconds
[2024-09-01T04:52:01.562+0000] {processor.py:186} INFO - Started process (PID=3621) to work on /home/ubuntu/airflow_snow/lib/python3.12/site-packages/airflow/example_dags/example_skip_dag.py
[2024-09-01T04:52:01.564+0000] {processor.py:914} INFO - Processing file /home/ubuntu/airflow_snow/lib/python3.12/site-packages/airflow/example_dags/example_skip_dag.py for tasks to queue
[2024-09-01T04:52:01.566+0000] {logging_mixin.py:190} INFO - [2024-09-01T04:52:01.566+0000] {dagbag.py:587} INFO - Filling up the DagBag from /home/ubuntu/airflow_snow/lib/python3.12/site-packages/airflow/example_dags/example_skip_dag.py
[2024-09-01T04:52:01.574+0000] {processor.py:925} INFO - DAG(s) 'example_skip_dag' retrieved from /home/ubuntu/airflow_snow/lib/python3.12/site-packages/airflow/example_dags/example_skip_dag.py
[2024-09-01T04:52:01.591+0000] {logging_mixin.py:190} INFO - [2024-09-01T04:52:01.590+0000] {dag.py:3211} INFO - Sync 1 DAGs
[2024-09-01T04:52:01.610+0000] {logging_mixin.py:190} INFO - [2024-09-01T04:52:01.610+0000] {dag.py:4138} INFO - Setting next_dagrun for example_skip_dag to 2024-08-31 00:00:00+00:00, run_after=2024-09-01 00:00:00+00:00
[2024-09-01T04:52:01.634+0000] {processor.py:208} INFO - Processing /home/ubuntu/airflow_snow/lib/python3.12/site-packages/airflow/example_dags/example_skip_dag.py took 0.077 seconds
[2024-09-01T04:52:50.560+0000] {processor.py:186} INFO - Started process (PID=3671) to work on /home/ubuntu/airflow_snow/lib/python3.12/site-packages/airflow/example_dags/example_skip_dag.py
[2024-09-01T04:52:50.563+0000] {processor.py:914} INFO - Processing file /home/ubuntu/airflow_snow/lib/python3.12/site-packages/airflow/example_dags/example_skip_dag.py for tasks to queue
[2024-09-01T04:52:50.565+0000] {logging_mixin.py:190} INFO - [2024-09-01T04:52:50.564+0000] {dagbag.py:587} INFO - Filling up the DagBag from /home/ubuntu/airflow_snow/lib/python3.12/site-packages/airflow/example_dags/example_skip_dag.py
[2024-09-01T04:52:50.572+0000] {processor.py:925} INFO - DAG(s) 'example_skip_dag' retrieved from /home/ubuntu/airflow_snow/lib/python3.12/site-packages/airflow/example_dags/example_skip_dag.py
[2024-09-01T04:52:50.587+0000] {logging_mixin.py:190} INFO - [2024-09-01T04:52:50.587+0000] {dag.py:3211} INFO - Sync 1 DAGs
[2024-09-01T04:52:50.604+0000] {logging_mixin.py:190} INFO - [2024-09-01T04:52:50.604+0000] {dag.py:4138} INFO - Setting next_dagrun for example_skip_dag to 2024-08-31 00:00:00+00:00, run_after=2024-09-01 00:00:00+00:00
[2024-09-01T04:52:50.628+0000] {processor.py:208} INFO - Processing /home/ubuntu/airflow_snow/lib/python3.12/site-packages/airflow/example_dags/example_skip_dag.py took 0.073 seconds
