[2024-09-01T04:28:57.316+0000] {processor.py:186} INFO - Started process (PID=2174) to work on /home/ubuntu/airflow_snow/lib/python3.12/site-packages/airflow/example_dags/example_outlet_event_extra.py
[2024-09-01T04:28:57.317+0000] {processor.py:914} INFO - Processing file /home/ubuntu/airflow_snow/lib/python3.12/site-packages/airflow/example_dags/example_outlet_event_extra.py for tasks to queue
[2024-09-01T04:28:57.319+0000] {logging_mixin.py:190} INFO - [2024-09-01T04:28:57.318+0000] {dagbag.py:587} INFO - Filling up the DagBag from /home/ubuntu/airflow_snow/lib/python3.12/site-packages/airflow/example_dags/example_outlet_event_extra.py
[2024-09-01T04:28:57.331+0000] {processor.py:925} INFO - DAG(s) 'dataset_with_extra_by_yield', 'dataset_with_extra_from_classic_operator', 'dataset_with_extra_by_context' retrieved from /home/ubuntu/airflow_snow/lib/python3.12/site-packages/airflow/example_dags/example_outlet_event_extra.py
[2024-09-01T04:28:57.431+0000] {logging_mixin.py:190} INFO - [2024-09-01T04:28:57.431+0000] {override.py:1900} INFO - Created Permission View: can delete on DAG:dataset_with_extra_by_yield
[2024-09-01T04:28:57.447+0000] {logging_mixin.py:190} INFO - [2024-09-01T04:28:57.447+0000] {override.py:1900} INFO - Created Permission View: can read on DAG:dataset_with_extra_by_yield
[2024-09-01T04:28:57.458+0000] {logging_mixin.py:190} INFO - [2024-09-01T04:28:57.458+0000] {override.py:1900} INFO - Created Permission View: can edit on DAG:dataset_with_extra_by_yield
[2024-09-01T04:28:57.476+0000] {logging_mixin.py:190} INFO - [2024-09-01T04:28:57.476+0000] {override.py:1900} INFO - Created Permission View: menu access on DAG Run:dataset_with_extra_by_yield
[2024-09-01T04:28:57.486+0000] {logging_mixin.py:190} INFO - [2024-09-01T04:28:57.486+0000] {override.py:1900} INFO - Created Permission View: can create on DAG Run:dataset_with_extra_by_yield
[2024-09-01T04:28:57.496+0000] {logging_mixin.py:190} INFO - [2024-09-01T04:28:57.496+0000] {override.py:1900} INFO - Created Permission View: can read on DAG Run:dataset_with_extra_by_yield
[2024-09-01T04:28:57.506+0000] {logging_mixin.py:190} INFO - [2024-09-01T04:28:57.505+0000] {override.py:1900} INFO - Created Permission View: can delete on DAG Run:dataset_with_extra_by_yield
[2024-09-01T04:28:57.608+0000] {logging_mixin.py:190} INFO - [2024-09-01T04:28:57.608+0000] {override.py:1900} INFO - Created Permission View: can delete on DAG:dataset_with_extra_from_classic_operator
[2024-09-01T04:28:57.620+0000] {logging_mixin.py:190} INFO - [2024-09-01T04:28:57.620+0000] {override.py:1900} INFO - Created Permission View: can read on DAG:dataset_with_extra_from_classic_operator
[2024-09-01T04:28:57.630+0000] {logging_mixin.py:190} INFO - [2024-09-01T04:28:57.630+0000] {override.py:1900} INFO - Created Permission View: can edit on DAG:dataset_with_extra_from_classic_operator
[2024-09-01T04:28:57.647+0000] {logging_mixin.py:190} INFO - [2024-09-01T04:28:57.646+0000] {override.py:1900} INFO - Created Permission View: menu access on DAG Run:dataset_with_extra_from_classic_operator
[2024-09-01T04:28:57.658+0000] {logging_mixin.py:190} INFO - [2024-09-01T04:28:57.657+0000] {override.py:1900} INFO - Created Permission View: can create on DAG Run:dataset_with_extra_from_classic_operator
[2024-09-01T04:28:57.667+0000] {logging_mixin.py:190} INFO - [2024-09-01T04:28:57.667+0000] {override.py:1900} INFO - Created Permission View: can read on DAG Run:dataset_with_extra_from_classic_operator
[2024-09-01T04:28:57.677+0000] {logging_mixin.py:190} INFO - [2024-09-01T04:28:57.677+0000] {override.py:1900} INFO - Created Permission View: can delete on DAG Run:dataset_with_extra_from_classic_operator
[2024-09-01T04:28:57.701+0000] {logging_mixin.py:190} INFO - [2024-09-01T04:28:57.701+0000] {override.py:1900} INFO - Created Permission View: can delete on DAG:dataset_with_extra_by_context
[2024-09-01T04:28:57.712+0000] {logging_mixin.py:190} INFO - [2024-09-01T04:28:57.712+0000] {override.py:1900} INFO - Created Permission View: can read on DAG:dataset_with_extra_by_context
[2024-09-01T04:28:57.723+0000] {logging_mixin.py:190} INFO - [2024-09-01T04:28:57.722+0000] {override.py:1900} INFO - Created Permission View: can edit on DAG:dataset_with_extra_by_context
[2024-09-01T04:28:57.739+0000] {logging_mixin.py:190} INFO - [2024-09-01T04:28:57.739+0000] {override.py:1900} INFO - Created Permission View: menu access on DAG Run:dataset_with_extra_by_context
[2024-09-01T04:28:57.749+0000] {logging_mixin.py:190} INFO - [2024-09-01T04:28:57.749+0000] {override.py:1900} INFO - Created Permission View: can create on DAG Run:dataset_with_extra_by_context
[2024-09-01T04:28:57.760+0000] {logging_mixin.py:190} INFO - [2024-09-01T04:28:57.760+0000] {override.py:1900} INFO - Created Permission View: can read on DAG Run:dataset_with_extra_by_context
[2024-09-01T04:28:57.769+0000] {logging_mixin.py:190} INFO - [2024-09-01T04:28:57.769+0000] {override.py:1900} INFO - Created Permission View: can delete on DAG Run:dataset_with_extra_by_context
[2024-09-01T04:28:57.770+0000] {logging_mixin.py:190} INFO - [2024-09-01T04:28:57.770+0000] {dag.py:3211} INFO - Sync 3 DAGs
[2024-09-01T04:28:57.779+0000] {logging_mixin.py:190} INFO - [2024-09-01T04:28:57.779+0000] {dag.py:3234} INFO - Creating ORM DAG for dataset_with_extra_by_yield
[2024-09-01T04:28:57.779+0000] {logging_mixin.py:190} INFO - [2024-09-01T04:28:57.779+0000] {dag.py:3234} INFO - Creating ORM DAG for dataset_with_extra_from_classic_operator
[2024-09-01T04:28:57.780+0000] {logging_mixin.py:190} INFO - [2024-09-01T04:28:57.779+0000] {dag.py:3234} INFO - Creating ORM DAG for dataset_with_extra_by_context
[2024-09-01T04:28:57.788+0000] {logging_mixin.py:190} INFO - [2024-09-01T04:28:57.788+0000] {dag.py:4138} INFO - Setting next_dagrun for dataset_with_extra_by_context to 2024-08-31 00:00:00+00:00, run_after=2024-09-01 00:00:00+00:00
[2024-09-01T04:28:57.790+0000] {logging_mixin.py:190} INFO - [2024-09-01T04:28:57.790+0000] {dag.py:4138} INFO - Setting next_dagrun for dataset_with_extra_by_yield to 2024-08-31 00:00:00+00:00, run_after=2024-09-01 00:00:00+00:00
[2024-09-01T04:28:57.791+0000] {logging_mixin.py:190} INFO - [2024-09-01T04:28:57.791+0000] {dag.py:4138} INFO - Setting next_dagrun for dataset_with_extra_from_classic_operator to 2024-08-31 00:00:00+00:00, run_after=2024-09-01 00:00:00+00:00
[2024-09-01T04:28:57.815+0000] {processor.py:208} INFO - Processing /home/ubuntu/airflow_snow/lib/python3.12/site-packages/airflow/example_dags/example_outlet_event_extra.py took 0.504 seconds
[2024-09-01T04:29:59.279+0000] {processor.py:186} INFO - Started process (PID=2230) to work on /home/ubuntu/airflow_snow/lib/python3.12/site-packages/airflow/example_dags/example_outlet_event_extra.py
[2024-09-01T04:29:59.281+0000] {processor.py:914} INFO - Processing file /home/ubuntu/airflow_snow/lib/python3.12/site-packages/airflow/example_dags/example_outlet_event_extra.py for tasks to queue
[2024-09-01T04:29:59.283+0000] {logging_mixin.py:190} INFO - [2024-09-01T04:29:59.282+0000] {dagbag.py:587} INFO - Filling up the DagBag from /home/ubuntu/airflow_snow/lib/python3.12/site-packages/airflow/example_dags/example_outlet_event_extra.py
[2024-09-01T04:29:59.295+0000] {processor.py:925} INFO - DAG(s) 'dataset_with_extra_from_classic_operator', 'dataset_with_extra_by_yield', 'dataset_with_extra_by_context' retrieved from /home/ubuntu/airflow_snow/lib/python3.12/site-packages/airflow/example_dags/example_outlet_event_extra.py
[2024-09-01T04:29:59.314+0000] {logging_mixin.py:190} INFO - [2024-09-01T04:29:59.314+0000] {dag.py:3211} INFO - Sync 3 DAGs
[2024-09-01T04:29:59.333+0000] {logging_mixin.py:190} INFO - [2024-09-01T04:29:59.333+0000] {dag.py:4138} INFO - Setting next_dagrun for dataset_with_extra_by_context to 2024-08-31 00:00:00+00:00, run_after=2024-09-01 00:00:00+00:00
[2024-09-01T04:29:59.337+0000] {logging_mixin.py:190} INFO - [2024-09-01T04:29:59.337+0000] {dag.py:4138} INFO - Setting next_dagrun for dataset_with_extra_by_yield to 2024-08-31 00:00:00+00:00, run_after=2024-09-01 00:00:00+00:00
[2024-09-01T04:29:59.339+0000] {logging_mixin.py:190} INFO - [2024-09-01T04:29:59.339+0000] {dag.py:4138} INFO - Setting next_dagrun for dataset_with_extra_from_classic_operator to 2024-08-31 00:00:00+00:00, run_after=2024-09-01 00:00:00+00:00
[2024-09-01T04:29:59.362+0000] {processor.py:208} INFO - Processing /home/ubuntu/airflow_snow/lib/python3.12/site-packages/airflow/example_dags/example_outlet_event_extra.py took 0.088 seconds
[2024-09-01T04:30:55.816+0000] {processor.py:186} INFO - Started process (PID=2293) to work on /home/ubuntu/airflow_snow/lib/python3.12/site-packages/airflow/example_dags/example_outlet_event_extra.py
[2024-09-01T04:30:55.818+0000] {processor.py:914} INFO - Processing file /home/ubuntu/airflow_snow/lib/python3.12/site-packages/airflow/example_dags/example_outlet_event_extra.py for tasks to queue
[2024-09-01T04:30:55.819+0000] {logging_mixin.py:190} INFO - [2024-09-01T04:30:55.819+0000] {dagbag.py:587} INFO - Filling up the DagBag from /home/ubuntu/airflow_snow/lib/python3.12/site-packages/airflow/example_dags/example_outlet_event_extra.py
[2024-09-01T04:30:55.833+0000] {processor.py:925} INFO - DAG(s) 'dataset_with_extra_by_yield', 'dataset_with_extra_from_classic_operator', 'dataset_with_extra_by_context' retrieved from /home/ubuntu/airflow_snow/lib/python3.12/site-packages/airflow/example_dags/example_outlet_event_extra.py
[2024-09-01T04:30:55.850+0000] {logging_mixin.py:190} INFO - [2024-09-01T04:30:55.850+0000] {dag.py:3211} INFO - Sync 3 DAGs
[2024-09-01T04:30:55.870+0000] {logging_mixin.py:190} INFO - [2024-09-01T04:30:55.870+0000] {dag.py:4138} INFO - Setting next_dagrun for dataset_with_extra_by_context to 2024-08-31 00:00:00+00:00, run_after=2024-09-01 00:00:00+00:00
[2024-09-01T04:30:55.873+0000] {logging_mixin.py:190} INFO - [2024-09-01T04:30:55.873+0000] {dag.py:4138} INFO - Setting next_dagrun for dataset_with_extra_by_yield to 2024-08-31 00:00:00+00:00, run_after=2024-09-01 00:00:00+00:00
[2024-09-01T04:30:55.874+0000] {logging_mixin.py:190} INFO - [2024-09-01T04:30:55.874+0000] {dag.py:4138} INFO - Setting next_dagrun for dataset_with_extra_from_classic_operator to 2024-08-31 00:00:00+00:00, run_after=2024-09-01 00:00:00+00:00
[2024-09-01T04:30:55.952+0000] {processor.py:208} INFO - Processing /home/ubuntu/airflow_snow/lib/python3.12/site-packages/airflow/example_dags/example_outlet_event_extra.py took 0.141 seconds
[2024-09-01T04:31:49.510+0000] {processor.py:186} INFO - Started process (PID=2349) to work on /home/ubuntu/airflow_snow/lib/python3.12/site-packages/airflow/example_dags/example_outlet_event_extra.py
[2024-09-01T04:31:49.513+0000] {processor.py:914} INFO - Processing file /home/ubuntu/airflow_snow/lib/python3.12/site-packages/airflow/example_dags/example_outlet_event_extra.py for tasks to queue
[2024-09-01T04:31:49.514+0000] {logging_mixin.py:190} INFO - [2024-09-01T04:31:49.514+0000] {dagbag.py:587} INFO - Filling up the DagBag from /home/ubuntu/airflow_snow/lib/python3.12/site-packages/airflow/example_dags/example_outlet_event_extra.py
[2024-09-01T04:31:49.527+0000] {processor.py:925} INFO - DAG(s) 'dataset_with_extra_by_context', 'dataset_with_extra_from_classic_operator', 'dataset_with_extra_by_yield' retrieved from /home/ubuntu/airflow_snow/lib/python3.12/site-packages/airflow/example_dags/example_outlet_event_extra.py
[2024-09-01T04:31:49.545+0000] {logging_mixin.py:190} INFO - [2024-09-01T04:31:49.545+0000] {dag.py:3211} INFO - Sync 3 DAGs
[2024-09-01T04:31:49.565+0000] {logging_mixin.py:190} INFO - [2024-09-01T04:31:49.565+0000] {dag.py:4138} INFO - Setting next_dagrun for dataset_with_extra_by_context to 2024-08-31 00:00:00+00:00, run_after=2024-09-01 00:00:00+00:00
[2024-09-01T04:31:49.569+0000] {logging_mixin.py:190} INFO - [2024-09-01T04:31:49.568+0000] {dag.py:4138} INFO - Setting next_dagrun for dataset_with_extra_by_yield to 2024-08-31 00:00:00+00:00, run_after=2024-09-01 00:00:00+00:00
[2024-09-01T04:31:49.570+0000] {logging_mixin.py:190} INFO - [2024-09-01T04:31:49.570+0000] {dag.py:4138} INFO - Setting next_dagrun for dataset_with_extra_from_classic_operator to 2024-08-31 00:00:00+00:00, run_after=2024-09-01 00:00:00+00:00
[2024-09-01T04:31:49.593+0000] {processor.py:208} INFO - Processing /home/ubuntu/airflow_snow/lib/python3.12/site-packages/airflow/example_dags/example_outlet_event_extra.py took 0.088 seconds
[2024-09-01T04:32:36.491+0000] {processor.py:186} INFO - Started process (PID=2400) to work on /home/ubuntu/airflow_snow/lib/python3.12/site-packages/airflow/example_dags/example_outlet_event_extra.py
[2024-09-01T04:32:36.493+0000] {processor.py:914} INFO - Processing file /home/ubuntu/airflow_snow/lib/python3.12/site-packages/airflow/example_dags/example_outlet_event_extra.py for tasks to queue
[2024-09-01T04:32:36.495+0000] {logging_mixin.py:190} INFO - [2024-09-01T04:32:36.495+0000] {dagbag.py:587} INFO - Filling up the DagBag from /home/ubuntu/airflow_snow/lib/python3.12/site-packages/airflow/example_dags/example_outlet_event_extra.py
[2024-09-01T04:32:36.507+0000] {processor.py:925} INFO - DAG(s) 'dataset_with_extra_by_yield', 'dataset_with_extra_by_context', 'dataset_with_extra_from_classic_operator' retrieved from /home/ubuntu/airflow_snow/lib/python3.12/site-packages/airflow/example_dags/example_outlet_event_extra.py
[2024-09-01T04:32:36.526+0000] {logging_mixin.py:190} INFO - [2024-09-01T04:32:36.525+0000] {dag.py:3211} INFO - Sync 3 DAGs
[2024-09-01T04:32:36.544+0000] {logging_mixin.py:190} INFO - [2024-09-01T04:32:36.544+0000] {dag.py:4138} INFO - Setting next_dagrun for dataset_with_extra_by_context to 2024-08-31 00:00:00+00:00, run_after=2024-09-01 00:00:00+00:00
[2024-09-01T04:32:36.549+0000] {logging_mixin.py:190} INFO - [2024-09-01T04:32:36.549+0000] {dag.py:4138} INFO - Setting next_dagrun for dataset_with_extra_by_yield to 2024-08-31 00:00:00+00:00, run_after=2024-09-01 00:00:00+00:00
[2024-09-01T04:32:36.551+0000] {logging_mixin.py:190} INFO - [2024-09-01T04:32:36.551+0000] {dag.py:4138} INFO - Setting next_dagrun for dataset_with_extra_from_classic_operator to 2024-08-31 00:00:00+00:00, run_after=2024-09-01 00:00:00+00:00
[2024-09-01T04:32:36.574+0000] {processor.py:208} INFO - Processing /home/ubuntu/airflow_snow/lib/python3.12/site-packages/airflow/example_dags/example_outlet_event_extra.py took 0.087 seconds
[2024-09-01T04:33:26.687+0000] {processor.py:186} INFO - Started process (PID=2450) to work on /home/ubuntu/airflow_snow/lib/python3.12/site-packages/airflow/example_dags/example_outlet_event_extra.py
[2024-09-01T04:33:26.688+0000] {processor.py:914} INFO - Processing file /home/ubuntu/airflow_snow/lib/python3.12/site-packages/airflow/example_dags/example_outlet_event_extra.py for tasks to queue
[2024-09-01T04:33:26.691+0000] {logging_mixin.py:190} INFO - [2024-09-01T04:33:26.691+0000] {dagbag.py:587} INFO - Filling up the DagBag from /home/ubuntu/airflow_snow/lib/python3.12/site-packages/airflow/example_dags/example_outlet_event_extra.py
[2024-09-01T04:33:26.704+0000] {processor.py:925} INFO - DAG(s) 'dataset_with_extra_by_context', 'dataset_with_extra_from_classic_operator', 'dataset_with_extra_by_yield' retrieved from /home/ubuntu/airflow_snow/lib/python3.12/site-packages/airflow/example_dags/example_outlet_event_extra.py
[2024-09-01T04:33:26.722+0000] {logging_mixin.py:190} INFO - [2024-09-01T04:33:26.722+0000] {dag.py:3211} INFO - Sync 3 DAGs
[2024-09-01T04:33:26.741+0000] {logging_mixin.py:190} INFO - [2024-09-01T04:33:26.740+0000] {dag.py:4138} INFO - Setting next_dagrun for dataset_with_extra_by_context to 2024-08-31 00:00:00+00:00, run_after=2024-09-01 00:00:00+00:00
[2024-09-01T04:33:26.745+0000] {logging_mixin.py:190} INFO - [2024-09-01T04:33:26.744+0000] {dag.py:4138} INFO - Setting next_dagrun for dataset_with_extra_by_yield to 2024-08-31 00:00:00+00:00, run_after=2024-09-01 00:00:00+00:00
[2024-09-01T04:33:26.747+0000] {logging_mixin.py:190} INFO - [2024-09-01T04:33:26.747+0000] {dag.py:4138} INFO - Setting next_dagrun for dataset_with_extra_from_classic_operator to 2024-08-31 00:00:00+00:00, run_after=2024-09-01 00:00:00+00:00
[2024-09-01T04:33:26.771+0000] {processor.py:208} INFO - Processing /home/ubuntu/airflow_snow/lib/python3.12/site-packages/airflow/example_dags/example_outlet_event_extra.py took 0.088 seconds
[2024-09-01T04:34:17.583+0000] {processor.py:186} INFO - Started process (PID=2504) to work on /home/ubuntu/airflow_snow/lib/python3.12/site-packages/airflow/example_dags/example_outlet_event_extra.py
[2024-09-01T04:34:17.585+0000] {processor.py:914} INFO - Processing file /home/ubuntu/airflow_snow/lib/python3.12/site-packages/airflow/example_dags/example_outlet_event_extra.py for tasks to queue
[2024-09-01T04:34:17.587+0000] {logging_mixin.py:190} INFO - [2024-09-01T04:34:17.586+0000] {dagbag.py:587} INFO - Filling up the DagBag from /home/ubuntu/airflow_snow/lib/python3.12/site-packages/airflow/example_dags/example_outlet_event_extra.py
[2024-09-01T04:34:17.599+0000] {processor.py:925} INFO - DAG(s) 'dataset_with_extra_from_classic_operator', 'dataset_with_extra_by_context', 'dataset_with_extra_by_yield' retrieved from /home/ubuntu/airflow_snow/lib/python3.12/site-packages/airflow/example_dags/example_outlet_event_extra.py
[2024-09-01T04:34:17.617+0000] {logging_mixin.py:190} INFO - [2024-09-01T04:34:17.617+0000] {dag.py:3211} INFO - Sync 3 DAGs
[2024-09-01T04:34:17.635+0000] {logging_mixin.py:190} INFO - [2024-09-01T04:34:17.635+0000] {dag.py:4138} INFO - Setting next_dagrun for dataset_with_extra_by_context to 2024-08-31 00:00:00+00:00, run_after=2024-09-01 00:00:00+00:00
[2024-09-01T04:34:17.639+0000] {logging_mixin.py:190} INFO - [2024-09-01T04:34:17.639+0000] {dag.py:4138} INFO - Setting next_dagrun for dataset_with_extra_by_yield to 2024-08-31 00:00:00+00:00, run_after=2024-09-01 00:00:00+00:00
[2024-09-01T04:34:17.641+0000] {logging_mixin.py:190} INFO - [2024-09-01T04:34:17.641+0000] {dag.py:4138} INFO - Setting next_dagrun for dataset_with_extra_from_classic_operator to 2024-08-31 00:00:00+00:00, run_after=2024-09-01 00:00:00+00:00
[2024-09-01T04:34:17.667+0000] {processor.py:208} INFO - Processing /home/ubuntu/airflow_snow/lib/python3.12/site-packages/airflow/example_dags/example_outlet_event_extra.py took 0.089 seconds
[2024-09-01T04:35:06.505+0000] {processor.py:186} INFO - Started process (PID=2559) to work on /home/ubuntu/airflow_snow/lib/python3.12/site-packages/airflow/example_dags/example_outlet_event_extra.py
[2024-09-01T04:35:06.507+0000] {processor.py:914} INFO - Processing file /home/ubuntu/airflow_snow/lib/python3.12/site-packages/airflow/example_dags/example_outlet_event_extra.py for tasks to queue
[2024-09-01T04:35:06.509+0000] {logging_mixin.py:190} INFO - [2024-09-01T04:35:06.509+0000] {dagbag.py:587} INFO - Filling up the DagBag from /home/ubuntu/airflow_snow/lib/python3.12/site-packages/airflow/example_dags/example_outlet_event_extra.py
[2024-09-01T04:35:06.522+0000] {processor.py:925} INFO - DAG(s) 'dataset_with_extra_by_context', 'dataset_with_extra_by_yield', 'dataset_with_extra_from_classic_operator' retrieved from /home/ubuntu/airflow_snow/lib/python3.12/site-packages/airflow/example_dags/example_outlet_event_extra.py
[2024-09-01T04:35:06.541+0000] {logging_mixin.py:190} INFO - [2024-09-01T04:35:06.541+0000] {dag.py:3211} INFO - Sync 3 DAGs
[2024-09-01T04:35:06.562+0000] {logging_mixin.py:190} INFO - [2024-09-01T04:35:06.562+0000] {dag.py:4138} INFO - Setting next_dagrun for dataset_with_extra_by_context to 2024-08-31 00:00:00+00:00, run_after=2024-09-01 00:00:00+00:00
[2024-09-01T04:35:06.566+0000] {logging_mixin.py:190} INFO - [2024-09-01T04:35:06.566+0000] {dag.py:4138} INFO - Setting next_dagrun for dataset_with_extra_by_yield to 2024-08-31 00:00:00+00:00, run_after=2024-09-01 00:00:00+00:00
[2024-09-01T04:35:06.568+0000] {logging_mixin.py:190} INFO - [2024-09-01T04:35:06.567+0000] {dag.py:4138} INFO - Setting next_dagrun for dataset_with_extra_from_classic_operator to 2024-08-31 00:00:00+00:00, run_after=2024-09-01 00:00:00+00:00
[2024-09-01T04:35:06.590+0000] {processor.py:208} INFO - Processing /home/ubuntu/airflow_snow/lib/python3.12/site-packages/airflow/example_dags/example_outlet_event_extra.py took 0.090 seconds
[2024-09-01T04:35:55.314+0000] {processor.py:186} INFO - Started process (PID=2608) to work on /home/ubuntu/airflow_snow/lib/python3.12/site-packages/airflow/example_dags/example_outlet_event_extra.py
[2024-09-01T04:35:55.316+0000] {processor.py:914} INFO - Processing file /home/ubuntu/airflow_snow/lib/python3.12/site-packages/airflow/example_dags/example_outlet_event_extra.py for tasks to queue
[2024-09-01T04:35:55.318+0000] {logging_mixin.py:190} INFO - [2024-09-01T04:35:55.318+0000] {dagbag.py:587} INFO - Filling up the DagBag from /home/ubuntu/airflow_snow/lib/python3.12/site-packages/airflow/example_dags/example_outlet_event_extra.py
[2024-09-01T04:35:55.330+0000] {processor.py:925} INFO - DAG(s) 'dataset_with_extra_from_classic_operator', 'dataset_with_extra_by_context', 'dataset_with_extra_by_yield' retrieved from /home/ubuntu/airflow_snow/lib/python3.12/site-packages/airflow/example_dags/example_outlet_event_extra.py
[2024-09-01T04:35:55.350+0000] {logging_mixin.py:190} INFO - [2024-09-01T04:35:55.349+0000] {dag.py:3211} INFO - Sync 3 DAGs
[2024-09-01T04:35:55.367+0000] {logging_mixin.py:190} INFO - [2024-09-01T04:35:55.367+0000] {dag.py:4138} INFO - Setting next_dagrun for dataset_with_extra_by_context to 2024-08-31 00:00:00+00:00, run_after=2024-09-01 00:00:00+00:00
[2024-09-01T04:35:55.372+0000] {logging_mixin.py:190} INFO - [2024-09-01T04:35:55.372+0000] {dag.py:4138} INFO - Setting next_dagrun for dataset_with_extra_by_yield to 2024-08-31 00:00:00+00:00, run_after=2024-09-01 00:00:00+00:00
[2024-09-01T04:35:55.374+0000] {logging_mixin.py:190} INFO - [2024-09-01T04:35:55.374+0000] {dag.py:4138} INFO - Setting next_dagrun for dataset_with_extra_from_classic_operator to 2024-08-31 00:00:00+00:00, run_after=2024-09-01 00:00:00+00:00
[2024-09-01T04:35:55.397+0000] {processor.py:208} INFO - Processing /home/ubuntu/airflow_snow/lib/python3.12/site-packages/airflow/example_dags/example_outlet_event_extra.py took 0.087 seconds
[2024-09-01T04:36:48.138+0000] {processor.py:186} INFO - Started process (PID=2661) to work on /home/ubuntu/airflow_snow/lib/python3.12/site-packages/airflow/example_dags/example_outlet_event_extra.py
[2024-09-01T04:36:48.141+0000] {processor.py:914} INFO - Processing file /home/ubuntu/airflow_snow/lib/python3.12/site-packages/airflow/example_dags/example_outlet_event_extra.py for tasks to queue
[2024-09-01T04:36:48.142+0000] {logging_mixin.py:190} INFO - [2024-09-01T04:36:48.142+0000] {dagbag.py:587} INFO - Filling up the DagBag from /home/ubuntu/airflow_snow/lib/python3.12/site-packages/airflow/example_dags/example_outlet_event_extra.py
[2024-09-01T04:36:48.155+0000] {processor.py:925} INFO - DAG(s) 'dataset_with_extra_by_yield', 'dataset_with_extra_by_context', 'dataset_with_extra_from_classic_operator' retrieved from /home/ubuntu/airflow_snow/lib/python3.12/site-packages/airflow/example_dags/example_outlet_event_extra.py
[2024-09-01T04:36:48.174+0000] {logging_mixin.py:190} INFO - [2024-09-01T04:36:48.173+0000] {dag.py:3211} INFO - Sync 3 DAGs
[2024-09-01T04:36:48.193+0000] {logging_mixin.py:190} INFO - [2024-09-01T04:36:48.193+0000] {dag.py:4138} INFO - Setting next_dagrun for dataset_with_extra_by_context to 2024-08-31 00:00:00+00:00, run_after=2024-09-01 00:00:00+00:00
[2024-09-01T04:36:48.197+0000] {logging_mixin.py:190} INFO - [2024-09-01T04:36:48.197+0000] {dag.py:4138} INFO - Setting next_dagrun for dataset_with_extra_by_yield to 2024-08-31 00:00:00+00:00, run_after=2024-09-01 00:00:00+00:00
[2024-09-01T04:36:48.198+0000] {logging_mixin.py:190} INFO - [2024-09-01T04:36:48.198+0000] {dag.py:4138} INFO - Setting next_dagrun for dataset_with_extra_from_classic_operator to 2024-08-31 00:00:00+00:00, run_after=2024-09-01 00:00:00+00:00
[2024-09-01T04:36:48.225+0000] {processor.py:208} INFO - Processing /home/ubuntu/airflow_snow/lib/python3.12/site-packages/airflow/example_dags/example_outlet_event_extra.py took 0.092 seconds
[2024-09-01T04:37:39.617+0000] {processor.py:186} INFO - Started process (PID=2714) to work on /home/ubuntu/airflow_snow/lib/python3.12/site-packages/airflow/example_dags/example_outlet_event_extra.py
[2024-09-01T04:37:39.619+0000] {processor.py:914} INFO - Processing file /home/ubuntu/airflow_snow/lib/python3.12/site-packages/airflow/example_dags/example_outlet_event_extra.py for tasks to queue
[2024-09-01T04:37:39.622+0000] {logging_mixin.py:190} INFO - [2024-09-01T04:37:39.621+0000] {dagbag.py:587} INFO - Filling up the DagBag from /home/ubuntu/airflow_snow/lib/python3.12/site-packages/airflow/example_dags/example_outlet_event_extra.py
[2024-09-01T04:37:39.635+0000] {processor.py:925} INFO - DAG(s) 'dataset_with_extra_by_context', 'dataset_with_extra_by_yield', 'dataset_with_extra_from_classic_operator' retrieved from /home/ubuntu/airflow_snow/lib/python3.12/site-packages/airflow/example_dags/example_outlet_event_extra.py
[2024-09-01T04:37:39.652+0000] {logging_mixin.py:190} INFO - [2024-09-01T04:37:39.652+0000] {dag.py:3211} INFO - Sync 3 DAGs
[2024-09-01T04:37:39.672+0000] {logging_mixin.py:190} INFO - [2024-09-01T04:37:39.672+0000] {dag.py:4138} INFO - Setting next_dagrun for dataset_with_extra_by_context to 2024-08-31 00:00:00+00:00, run_after=2024-09-01 00:00:00+00:00
[2024-09-01T04:37:39.676+0000] {logging_mixin.py:190} INFO - [2024-09-01T04:37:39.676+0000] {dag.py:4138} INFO - Setting next_dagrun for dataset_with_extra_by_yield to 2024-08-31 00:00:00+00:00, run_after=2024-09-01 00:00:00+00:00
[2024-09-01T04:37:39.678+0000] {logging_mixin.py:190} INFO - [2024-09-01T04:37:39.678+0000] {dag.py:4138} INFO - Setting next_dagrun for dataset_with_extra_from_classic_operator to 2024-08-31 00:00:00+00:00, run_after=2024-09-01 00:00:00+00:00
[2024-09-01T04:37:39.702+0000] {processor.py:208} INFO - Processing /home/ubuntu/airflow_snow/lib/python3.12/site-packages/airflow/example_dags/example_outlet_event_extra.py took 0.090 seconds
[2024-09-01T04:38:30.518+0000] {processor.py:186} INFO - Started process (PID=2765) to work on /home/ubuntu/airflow_snow/lib/python3.12/site-packages/airflow/example_dags/example_outlet_event_extra.py
[2024-09-01T04:38:30.519+0000] {processor.py:914} INFO - Processing file /home/ubuntu/airflow_snow/lib/python3.12/site-packages/airflow/example_dags/example_outlet_event_extra.py for tasks to queue
[2024-09-01T04:38:30.520+0000] {logging_mixin.py:190} INFO - [2024-09-01T04:38:30.520+0000] {dagbag.py:587} INFO - Filling up the DagBag from /home/ubuntu/airflow_snow/lib/python3.12/site-packages/airflow/example_dags/example_outlet_event_extra.py
[2024-09-01T04:38:30.533+0000] {processor.py:925} INFO - DAG(s) 'dataset_with_extra_by_yield', 'dataset_with_extra_from_classic_operator', 'dataset_with_extra_by_context' retrieved from /home/ubuntu/airflow_snow/lib/python3.12/site-packages/airflow/example_dags/example_outlet_event_extra.py
[2024-09-01T04:38:30.553+0000] {logging_mixin.py:190} INFO - [2024-09-01T04:38:30.553+0000] {dag.py:3211} INFO - Sync 3 DAGs
[2024-09-01T04:38:30.571+0000] {logging_mixin.py:190} INFO - [2024-09-01T04:38:30.571+0000] {dag.py:4138} INFO - Setting next_dagrun for dataset_with_extra_by_context to 2024-08-31 00:00:00+00:00, run_after=2024-09-01 00:00:00+00:00
[2024-09-01T04:38:30.575+0000] {logging_mixin.py:190} INFO - [2024-09-01T04:38:30.575+0000] {dag.py:4138} INFO - Setting next_dagrun for dataset_with_extra_by_yield to 2024-08-31 00:00:00+00:00, run_after=2024-09-01 00:00:00+00:00
[2024-09-01T04:38:30.578+0000] {logging_mixin.py:190} INFO - [2024-09-01T04:38:30.578+0000] {dag.py:4138} INFO - Setting next_dagrun for dataset_with_extra_from_classic_operator to 2024-08-31 00:00:00+00:00, run_after=2024-09-01 00:00:00+00:00
[2024-09-01T04:38:30.602+0000] {processor.py:208} INFO - Processing /home/ubuntu/airflow_snow/lib/python3.12/site-packages/airflow/example_dags/example_outlet_event_extra.py took 0.089 seconds
[2024-09-01T04:39:21.047+0000] {processor.py:186} INFO - Started process (PID=2816) to work on /home/ubuntu/airflow_snow/lib/python3.12/site-packages/airflow/example_dags/example_outlet_event_extra.py
[2024-09-01T04:39:21.050+0000] {processor.py:914} INFO - Processing file /home/ubuntu/airflow_snow/lib/python3.12/site-packages/airflow/example_dags/example_outlet_event_extra.py for tasks to queue
[2024-09-01T04:39:21.052+0000] {logging_mixin.py:190} INFO - [2024-09-01T04:39:21.052+0000] {dagbag.py:587} INFO - Filling up the DagBag from /home/ubuntu/airflow_snow/lib/python3.12/site-packages/airflow/example_dags/example_outlet_event_extra.py
[2024-09-01T04:39:21.065+0000] {processor.py:925} INFO - DAG(s) 'dataset_with_extra_from_classic_operator', 'dataset_with_extra_by_context', 'dataset_with_extra_by_yield' retrieved from /home/ubuntu/airflow_snow/lib/python3.12/site-packages/airflow/example_dags/example_outlet_event_extra.py
[2024-09-01T04:39:21.085+0000] {logging_mixin.py:190} INFO - [2024-09-01T04:39:21.084+0000] {dag.py:3211} INFO - Sync 3 DAGs
[2024-09-01T04:39:21.103+0000] {logging_mixin.py:190} INFO - [2024-09-01T04:39:21.103+0000] {dag.py:4138} INFO - Setting next_dagrun for dataset_with_extra_by_context to 2024-08-31 00:00:00+00:00, run_after=2024-09-01 00:00:00+00:00
[2024-09-01T04:39:21.109+0000] {logging_mixin.py:190} INFO - [2024-09-01T04:39:21.109+0000] {dag.py:4138} INFO - Setting next_dagrun for dataset_with_extra_by_yield to 2024-08-31 00:00:00+00:00, run_after=2024-09-01 00:00:00+00:00
[2024-09-01T04:39:21.111+0000] {logging_mixin.py:190} INFO - [2024-09-01T04:39:21.110+0000] {dag.py:4138} INFO - Setting next_dagrun for dataset_with_extra_from_classic_operator to 2024-08-31 00:00:00+00:00, run_after=2024-09-01 00:00:00+00:00
[2024-09-01T04:39:21.133+0000] {processor.py:208} INFO - Processing /home/ubuntu/airflow_snow/lib/python3.12/site-packages/airflow/example_dags/example_outlet_event_extra.py took 0.091 seconds
[2024-09-01T04:40:13.682+0000] {processor.py:186} INFO - Started process (PID=2870) to work on /home/ubuntu/airflow_snow/lib/python3.12/site-packages/airflow/example_dags/example_outlet_event_extra.py
[2024-09-01T04:40:13.683+0000] {processor.py:914} INFO - Processing file /home/ubuntu/airflow_snow/lib/python3.12/site-packages/airflow/example_dags/example_outlet_event_extra.py for tasks to queue
[2024-09-01T04:40:13.685+0000] {logging_mixin.py:190} INFO - [2024-09-01T04:40:13.685+0000] {dagbag.py:587} INFO - Filling up the DagBag from /home/ubuntu/airflow_snow/lib/python3.12/site-packages/airflow/example_dags/example_outlet_event_extra.py
[2024-09-01T04:40:13.699+0000] {processor.py:925} INFO - DAG(s) 'dataset_with_extra_by_context', 'dataset_with_extra_from_classic_operator', 'dataset_with_extra_by_yield' retrieved from /home/ubuntu/airflow_snow/lib/python3.12/site-packages/airflow/example_dags/example_outlet_event_extra.py
[2024-09-01T04:40:13.717+0000] {logging_mixin.py:190} INFO - [2024-09-01T04:40:13.717+0000] {dag.py:3211} INFO - Sync 3 DAGs
[2024-09-01T04:40:13.737+0000] {logging_mixin.py:190} INFO - [2024-09-01T04:40:13.737+0000] {dag.py:4138} INFO - Setting next_dagrun for dataset_with_extra_by_context to 2024-08-31 00:00:00+00:00, run_after=2024-09-01 00:00:00+00:00
[2024-09-01T04:40:13.741+0000] {logging_mixin.py:190} INFO - [2024-09-01T04:40:13.741+0000] {dag.py:4138} INFO - Setting next_dagrun for dataset_with_extra_by_yield to 2024-08-31 00:00:00+00:00, run_after=2024-09-01 00:00:00+00:00
[2024-09-01T04:40:13.743+0000] {logging_mixin.py:190} INFO - [2024-09-01T04:40:13.742+0000] {dag.py:4138} INFO - Setting next_dagrun for dataset_with_extra_from_classic_operator to 2024-08-31 00:00:00+00:00, run_after=2024-09-01 00:00:00+00:00
[2024-09-01T04:40:13.767+0000] {processor.py:208} INFO - Processing /home/ubuntu/airflow_snow/lib/python3.12/site-packages/airflow/example_dags/example_outlet_event_extra.py took 0.091 seconds
[2024-09-01T04:41:05.678+0000] {processor.py:186} INFO - Started process (PID=2926) to work on /home/ubuntu/airflow_snow/lib/python3.12/site-packages/airflow/example_dags/example_outlet_event_extra.py
[2024-09-01T04:41:05.680+0000] {processor.py:914} INFO - Processing file /home/ubuntu/airflow_snow/lib/python3.12/site-packages/airflow/example_dags/example_outlet_event_extra.py for tasks to queue
[2024-09-01T04:41:05.682+0000] {logging_mixin.py:190} INFO - [2024-09-01T04:41:05.682+0000] {dagbag.py:587} INFO - Filling up the DagBag from /home/ubuntu/airflow_snow/lib/python3.12/site-packages/airflow/example_dags/example_outlet_event_extra.py
[2024-09-01T04:41:05.695+0000] {processor.py:925} INFO - DAG(s) 'dataset_with_extra_by_context', 'dataset_with_extra_from_classic_operator', 'dataset_with_extra_by_yield' retrieved from /home/ubuntu/airflow_snow/lib/python3.12/site-packages/airflow/example_dags/example_outlet_event_extra.py
[2024-09-01T04:41:05.715+0000] {logging_mixin.py:190} INFO - [2024-09-01T04:41:05.714+0000] {dag.py:3211} INFO - Sync 3 DAGs
[2024-09-01T04:41:05.735+0000] {logging_mixin.py:190} INFO - [2024-09-01T04:41:05.735+0000] {dag.py:4138} INFO - Setting next_dagrun for dataset_with_extra_by_context to 2024-08-31 00:00:00+00:00, run_after=2024-09-01 00:00:00+00:00
[2024-09-01T04:41:05.738+0000] {logging_mixin.py:190} INFO - [2024-09-01T04:41:05.738+0000] {dag.py:4138} INFO - Setting next_dagrun for dataset_with_extra_by_yield to 2024-08-31 00:00:00+00:00, run_after=2024-09-01 00:00:00+00:00
[2024-09-01T04:41:05.740+0000] {logging_mixin.py:190} INFO - [2024-09-01T04:41:05.739+0000] {dag.py:4138} INFO - Setting next_dagrun for dataset_with_extra_from_classic_operator to 2024-08-31 00:00:00+00:00, run_after=2024-09-01 00:00:00+00:00
[2024-09-01T04:41:05.763+0000] {processor.py:208} INFO - Processing /home/ubuntu/airflow_snow/lib/python3.12/site-packages/airflow/example_dags/example_outlet_event_extra.py took 0.090 seconds
[2024-09-01T04:41:56.255+0000] {processor.py:186} INFO - Started process (PID=2978) to work on /home/ubuntu/airflow_snow/lib/python3.12/site-packages/airflow/example_dags/example_outlet_event_extra.py
[2024-09-01T04:41:56.257+0000] {processor.py:914} INFO - Processing file /home/ubuntu/airflow_snow/lib/python3.12/site-packages/airflow/example_dags/example_outlet_event_extra.py for tasks to queue
[2024-09-01T04:41:56.259+0000] {logging_mixin.py:190} INFO - [2024-09-01T04:41:56.258+0000] {dagbag.py:587} INFO - Filling up the DagBag from /home/ubuntu/airflow_snow/lib/python3.12/site-packages/airflow/example_dags/example_outlet_event_extra.py
[2024-09-01T04:41:56.271+0000] {processor.py:925} INFO - DAG(s) 'dataset_with_extra_by_context', 'dataset_with_extra_by_yield', 'dataset_with_extra_from_classic_operator' retrieved from /home/ubuntu/airflow_snow/lib/python3.12/site-packages/airflow/example_dags/example_outlet_event_extra.py
[2024-09-01T04:41:56.290+0000] {logging_mixin.py:190} INFO - [2024-09-01T04:41:56.290+0000] {dag.py:3211} INFO - Sync 3 DAGs
[2024-09-01T04:41:56.309+0000] {logging_mixin.py:190} INFO - [2024-09-01T04:41:56.309+0000] {dag.py:4138} INFO - Setting next_dagrun for dataset_with_extra_by_context to 2024-08-31 00:00:00+00:00, run_after=2024-09-01 00:00:00+00:00
[2024-09-01T04:41:56.314+0000] {logging_mixin.py:190} INFO - [2024-09-01T04:41:56.314+0000] {dag.py:4138} INFO - Setting next_dagrun for dataset_with_extra_by_yield to 2024-08-31 00:00:00+00:00, run_after=2024-09-01 00:00:00+00:00
[2024-09-01T04:41:56.315+0000] {logging_mixin.py:190} INFO - [2024-09-01T04:41:56.315+0000] {dag.py:4138} INFO - Setting next_dagrun for dataset_with_extra_from_classic_operator to 2024-08-31 00:00:00+00:00, run_after=2024-09-01 00:00:00+00:00
[2024-09-01T04:41:56.337+0000] {processor.py:208} INFO - Processing /home/ubuntu/airflow_snow/lib/python3.12/site-packages/airflow/example_dags/example_outlet_event_extra.py took 0.088 seconds
[2024-09-01T04:42:46.939+0000] {processor.py:186} INFO - Started process (PID=3029) to work on /home/ubuntu/airflow_snow/lib/python3.12/site-packages/airflow/example_dags/example_outlet_event_extra.py
[2024-09-01T04:42:46.942+0000] {processor.py:914} INFO - Processing file /home/ubuntu/airflow_snow/lib/python3.12/site-packages/airflow/example_dags/example_outlet_event_extra.py for tasks to queue
[2024-09-01T04:42:46.943+0000] {logging_mixin.py:190} INFO - [2024-09-01T04:42:46.943+0000] {dagbag.py:587} INFO - Filling up the DagBag from /home/ubuntu/airflow_snow/lib/python3.12/site-packages/airflow/example_dags/example_outlet_event_extra.py
[2024-09-01T04:42:46.956+0000] {processor.py:925} INFO - DAG(s) 'dataset_with_extra_from_classic_operator', 'dataset_with_extra_by_yield', 'dataset_with_extra_by_context' retrieved from /home/ubuntu/airflow_snow/lib/python3.12/site-packages/airflow/example_dags/example_outlet_event_extra.py
[2024-09-01T04:42:46.974+0000] {logging_mixin.py:190} INFO - [2024-09-01T04:42:46.973+0000] {dag.py:3211} INFO - Sync 3 DAGs
[2024-09-01T04:42:46.993+0000] {logging_mixin.py:190} INFO - [2024-09-01T04:42:46.993+0000] {dag.py:4138} INFO - Setting next_dagrun for dataset_with_extra_by_context to 2024-08-31 00:00:00+00:00, run_after=2024-09-01 00:00:00+00:00
[2024-09-01T04:42:46.997+0000] {logging_mixin.py:190} INFO - [2024-09-01T04:42:46.996+0000] {dag.py:4138} INFO - Setting next_dagrun for dataset_with_extra_by_yield to 2024-08-31 00:00:00+00:00, run_after=2024-09-01 00:00:00+00:00
[2024-09-01T04:42:46.999+0000] {logging_mixin.py:190} INFO - [2024-09-01T04:42:46.999+0000] {dag.py:4138} INFO - Setting next_dagrun for dataset_with_extra_from_classic_operator to 2024-08-31 00:00:00+00:00, run_after=2024-09-01 00:00:00+00:00
[2024-09-01T04:42:47.023+0000] {processor.py:208} INFO - Processing /home/ubuntu/airflow_snow/lib/python3.12/site-packages/airflow/example_dags/example_outlet_event_extra.py took 0.090 seconds
[2024-09-01T04:43:34.949+0000] {processor.py:186} INFO - Started process (PID=3080) to work on /home/ubuntu/airflow_snow/lib/python3.12/site-packages/airflow/example_dags/example_outlet_event_extra.py
[2024-09-01T04:43:34.952+0000] {processor.py:914} INFO - Processing file /home/ubuntu/airflow_snow/lib/python3.12/site-packages/airflow/example_dags/example_outlet_event_extra.py for tasks to queue
[2024-09-01T04:43:34.953+0000] {logging_mixin.py:190} INFO - [2024-09-01T04:43:34.953+0000] {dagbag.py:587} INFO - Filling up the DagBag from /home/ubuntu/airflow_snow/lib/python3.12/site-packages/airflow/example_dags/example_outlet_event_extra.py
[2024-09-01T04:43:34.966+0000] {processor.py:925} INFO - DAG(s) 'dataset_with_extra_by_context', 'dataset_with_extra_by_yield', 'dataset_with_extra_from_classic_operator' retrieved from /home/ubuntu/airflow_snow/lib/python3.12/site-packages/airflow/example_dags/example_outlet_event_extra.py
[2024-09-01T04:43:34.984+0000] {logging_mixin.py:190} INFO - [2024-09-01T04:43:34.984+0000] {dag.py:3211} INFO - Sync 3 DAGs
[2024-09-01T04:43:35.003+0000] {logging_mixin.py:190} INFO - [2024-09-01T04:43:35.003+0000] {dag.py:4138} INFO - Setting next_dagrun for dataset_with_extra_by_context to 2024-08-31 00:00:00+00:00, run_after=2024-09-01 00:00:00+00:00
[2024-09-01T04:43:35.007+0000] {logging_mixin.py:190} INFO - [2024-09-01T04:43:35.007+0000] {dag.py:4138} INFO - Setting next_dagrun for dataset_with_extra_by_yield to 2024-08-31 00:00:00+00:00, run_after=2024-09-01 00:00:00+00:00
[2024-09-01T04:43:35.009+0000] {logging_mixin.py:190} INFO - [2024-09-01T04:43:35.009+0000] {dag.py:4138} INFO - Setting next_dagrun for dataset_with_extra_from_classic_operator to 2024-08-31 00:00:00+00:00, run_after=2024-09-01 00:00:00+00:00
[2024-09-01T04:43:35.036+0000] {processor.py:208} INFO - Processing /home/ubuntu/airflow_snow/lib/python3.12/site-packages/airflow/example_dags/example_outlet_event_extra.py took 0.093 seconds
[2024-09-01T04:44:24.075+0000] {processor.py:186} INFO - Started process (PID=3133) to work on /home/ubuntu/airflow_snow/lib/python3.12/site-packages/airflow/example_dags/example_outlet_event_extra.py
[2024-09-01T04:44:24.077+0000] {processor.py:914} INFO - Processing file /home/ubuntu/airflow_snow/lib/python3.12/site-packages/airflow/example_dags/example_outlet_event_extra.py for tasks to queue
[2024-09-01T04:44:24.078+0000] {logging_mixin.py:190} INFO - [2024-09-01T04:44:24.078+0000] {dagbag.py:587} INFO - Filling up the DagBag from /home/ubuntu/airflow_snow/lib/python3.12/site-packages/airflow/example_dags/example_outlet_event_extra.py
[2024-09-01T04:44:24.091+0000] {processor.py:925} INFO - DAG(s) 'dataset_with_extra_from_classic_operator', 'dataset_with_extra_by_yield', 'dataset_with_extra_by_context' retrieved from /home/ubuntu/airflow_snow/lib/python3.12/site-packages/airflow/example_dags/example_outlet_event_extra.py
[2024-09-01T04:44:24.109+0000] {logging_mixin.py:190} INFO - [2024-09-01T04:44:24.109+0000] {dag.py:3211} INFO - Sync 3 DAGs
[2024-09-01T04:44:24.128+0000] {logging_mixin.py:190} INFO - [2024-09-01T04:44:24.127+0000] {dag.py:4138} INFO - Setting next_dagrun for dataset_with_extra_by_context to 2024-08-31 00:00:00+00:00, run_after=2024-09-01 00:00:00+00:00
[2024-09-01T04:44:24.131+0000] {logging_mixin.py:190} INFO - [2024-09-01T04:44:24.131+0000] {dag.py:4138} INFO - Setting next_dagrun for dataset_with_extra_by_yield to 2024-08-31 00:00:00+00:00, run_after=2024-09-01 00:00:00+00:00
[2024-09-01T04:44:24.134+0000] {logging_mixin.py:190} INFO - [2024-09-01T04:44:24.134+0000] {dag.py:4138} INFO - Setting next_dagrun for dataset_with_extra_from_classic_operator to 2024-08-31 00:00:00+00:00, run_after=2024-09-01 00:00:00+00:00
[2024-09-01T04:44:24.157+0000] {processor.py:208} INFO - Processing /home/ubuntu/airflow_snow/lib/python3.12/site-packages/airflow/example_dags/example_outlet_event_extra.py took 0.086 seconds
[2024-09-01T04:45:12.385+0000] {processor.py:186} INFO - Started process (PID=3187) to work on /home/ubuntu/airflow_snow/lib/python3.12/site-packages/airflow/example_dags/example_outlet_event_extra.py
[2024-09-01T04:45:12.387+0000] {processor.py:914} INFO - Processing file /home/ubuntu/airflow_snow/lib/python3.12/site-packages/airflow/example_dags/example_outlet_event_extra.py for tasks to queue
[2024-09-01T04:45:12.389+0000] {logging_mixin.py:190} INFO - [2024-09-01T04:45:12.388+0000] {dagbag.py:587} INFO - Filling up the DagBag from /home/ubuntu/airflow_snow/lib/python3.12/site-packages/airflow/example_dags/example_outlet_event_extra.py
[2024-09-01T04:45:12.402+0000] {processor.py:925} INFO - DAG(s) 'dataset_with_extra_from_classic_operator', 'dataset_with_extra_by_context', 'dataset_with_extra_by_yield' retrieved from /home/ubuntu/airflow_snow/lib/python3.12/site-packages/airflow/example_dags/example_outlet_event_extra.py
[2024-09-01T04:45:12.419+0000] {logging_mixin.py:190} INFO - [2024-09-01T04:45:12.419+0000] {dag.py:3211} INFO - Sync 3 DAGs
[2024-09-01T04:45:12.438+0000] {logging_mixin.py:190} INFO - [2024-09-01T04:45:12.438+0000] {dag.py:4138} INFO - Setting next_dagrun for dataset_with_extra_by_context to 2024-08-31 00:00:00+00:00, run_after=2024-09-01 00:00:00+00:00
[2024-09-01T04:45:12.442+0000] {logging_mixin.py:190} INFO - [2024-09-01T04:45:12.442+0000] {dag.py:4138} INFO - Setting next_dagrun for dataset_with_extra_by_yield to 2024-08-31 00:00:00+00:00, run_after=2024-09-01 00:00:00+00:00
[2024-09-01T04:45:12.445+0000] {logging_mixin.py:190} INFO - [2024-09-01T04:45:12.445+0000] {dag.py:4138} INFO - Setting next_dagrun for dataset_with_extra_from_classic_operator to 2024-08-31 00:00:00+00:00, run_after=2024-09-01 00:00:00+00:00
[2024-09-01T04:45:12.467+0000] {processor.py:208} INFO - Processing /home/ubuntu/airflow_snow/lib/python3.12/site-packages/airflow/example_dags/example_outlet_event_extra.py took 0.087 seconds
[2024-09-01T04:46:01.443+0000] {processor.py:186} INFO - Started process (PID=3240) to work on /home/ubuntu/airflow_snow/lib/python3.12/site-packages/airflow/example_dags/example_outlet_event_extra.py
[2024-09-01T04:46:01.446+0000] {processor.py:914} INFO - Processing file /home/ubuntu/airflow_snow/lib/python3.12/site-packages/airflow/example_dags/example_outlet_event_extra.py for tasks to queue
[2024-09-01T04:46:01.447+0000] {logging_mixin.py:190} INFO - [2024-09-01T04:46:01.447+0000] {dagbag.py:587} INFO - Filling up the DagBag from /home/ubuntu/airflow_snow/lib/python3.12/site-packages/airflow/example_dags/example_outlet_event_extra.py
[2024-09-01T04:46:01.461+0000] {processor.py:925} INFO - DAG(s) 'dataset_with_extra_from_classic_operator', 'dataset_with_extra_by_context', 'dataset_with_extra_by_yield' retrieved from /home/ubuntu/airflow_snow/lib/python3.12/site-packages/airflow/example_dags/example_outlet_event_extra.py
[2024-09-01T04:46:01.481+0000] {logging_mixin.py:190} INFO - [2024-09-01T04:46:01.481+0000] {dag.py:3211} INFO - Sync 3 DAGs
[2024-09-01T04:46:01.503+0000] {logging_mixin.py:190} INFO - [2024-09-01T04:46:01.503+0000] {dag.py:4138} INFO - Setting next_dagrun for dataset_with_extra_by_context to 2024-08-31 00:00:00+00:00, run_after=2024-09-01 00:00:00+00:00
[2024-09-01T04:46:01.507+0000] {logging_mixin.py:190} INFO - [2024-09-01T04:46:01.507+0000] {dag.py:4138} INFO - Setting next_dagrun for dataset_with_extra_by_yield to 2024-08-31 00:00:00+00:00, run_after=2024-09-01 00:00:00+00:00
[2024-09-01T04:46:01.510+0000] {logging_mixin.py:190} INFO - [2024-09-01T04:46:01.509+0000] {dag.py:4138} INFO - Setting next_dagrun for dataset_with_extra_from_classic_operator to 2024-08-31 00:00:00+00:00, run_after=2024-09-01 00:00:00+00:00
[2024-09-01T04:46:01.533+0000] {processor.py:208} INFO - Processing /home/ubuntu/airflow_snow/lib/python3.12/site-packages/airflow/example_dags/example_outlet_event_extra.py took 0.095 seconds
[2024-09-01T04:46:49.886+0000] {processor.py:186} INFO - Started process (PID=3291) to work on /home/ubuntu/airflow_snow/lib/python3.12/site-packages/airflow/example_dags/example_outlet_event_extra.py
[2024-09-01T04:46:49.889+0000] {processor.py:914} INFO - Processing file /home/ubuntu/airflow_snow/lib/python3.12/site-packages/airflow/example_dags/example_outlet_event_extra.py for tasks to queue
[2024-09-01T04:46:49.890+0000] {logging_mixin.py:190} INFO - [2024-09-01T04:46:49.890+0000] {dagbag.py:587} INFO - Filling up the DagBag from /home/ubuntu/airflow_snow/lib/python3.12/site-packages/airflow/example_dags/example_outlet_event_extra.py
[2024-09-01T04:46:49.904+0000] {processor.py:925} INFO - DAG(s) 'dataset_with_extra_by_context', 'dataset_with_extra_by_yield', 'dataset_with_extra_from_classic_operator' retrieved from /home/ubuntu/airflow_snow/lib/python3.12/site-packages/airflow/example_dags/example_outlet_event_extra.py
[2024-09-01T04:46:49.921+0000] {logging_mixin.py:190} INFO - [2024-09-01T04:46:49.921+0000] {dag.py:3211} INFO - Sync 3 DAGs
[2024-09-01T04:46:49.941+0000] {logging_mixin.py:190} INFO - [2024-09-01T04:46:49.941+0000] {dag.py:4138} INFO - Setting next_dagrun for dataset_with_extra_by_context to 2024-08-31 00:00:00+00:00, run_after=2024-09-01 00:00:00+00:00
[2024-09-01T04:46:49.945+0000] {logging_mixin.py:190} INFO - [2024-09-01T04:46:49.945+0000] {dag.py:4138} INFO - Setting next_dagrun for dataset_with_extra_by_yield to 2024-08-31 00:00:00+00:00, run_after=2024-09-01 00:00:00+00:00
[2024-09-01T04:46:49.946+0000] {logging_mixin.py:190} INFO - [2024-09-01T04:46:49.946+0000] {dag.py:4138} INFO - Setting next_dagrun for dataset_with_extra_from_classic_operator to 2024-08-31 00:00:00+00:00, run_after=2024-09-01 00:00:00+00:00
[2024-09-01T04:46:49.970+0000] {processor.py:208} INFO - Processing /home/ubuntu/airflow_snow/lib/python3.12/site-packages/airflow/example_dags/example_outlet_event_extra.py took 0.088 seconds
[2024-09-01T04:47:36.559+0000] {processor.py:186} INFO - Started process (PID=3340) to work on /home/ubuntu/airflow_snow/lib/python3.12/site-packages/airflow/example_dags/example_outlet_event_extra.py
[2024-09-01T04:47:36.562+0000] {processor.py:914} INFO - Processing file /home/ubuntu/airflow_snow/lib/python3.12/site-packages/airflow/example_dags/example_outlet_event_extra.py for tasks to queue
[2024-09-01T04:47:36.563+0000] {logging_mixin.py:190} INFO - [2024-09-01T04:47:36.563+0000] {dagbag.py:587} INFO - Filling up the DagBag from /home/ubuntu/airflow_snow/lib/python3.12/site-packages/airflow/example_dags/example_outlet_event_extra.py
[2024-09-01T04:47:36.577+0000] {processor.py:925} INFO - DAG(s) 'dataset_with_extra_by_yield', 'dataset_with_extra_by_context', 'dataset_with_extra_from_classic_operator' retrieved from /home/ubuntu/airflow_snow/lib/python3.12/site-packages/airflow/example_dags/example_outlet_event_extra.py
[2024-09-01T04:47:36.595+0000] {logging_mixin.py:190} INFO - [2024-09-01T04:47:36.595+0000] {dag.py:3211} INFO - Sync 3 DAGs
[2024-09-01T04:47:36.614+0000] {logging_mixin.py:190} INFO - [2024-09-01T04:47:36.614+0000] {dag.py:4138} INFO - Setting next_dagrun for dataset_with_extra_by_context to 2024-08-31 00:00:00+00:00, run_after=2024-09-01 00:00:00+00:00
[2024-09-01T04:47:36.618+0000] {logging_mixin.py:190} INFO - [2024-09-01T04:47:36.618+0000] {dag.py:4138} INFO - Setting next_dagrun for dataset_with_extra_by_yield to 2024-08-31 00:00:00+00:00, run_after=2024-09-01 00:00:00+00:00
[2024-09-01T04:47:36.619+0000] {logging_mixin.py:190} INFO - [2024-09-01T04:47:36.619+0000] {dag.py:4138} INFO - Setting next_dagrun for dataset_with_extra_from_classic_operator to 2024-08-31 00:00:00+00:00, run_after=2024-09-01 00:00:00+00:00
[2024-09-01T04:47:36.643+0000] {processor.py:208} INFO - Processing /home/ubuntu/airflow_snow/lib/python3.12/site-packages/airflow/example_dags/example_outlet_event_extra.py took 0.089 seconds
[2024-09-01T04:48:26.082+0000] {processor.py:186} INFO - Started process (PID=3390) to work on /home/ubuntu/airflow_snow/lib/python3.12/site-packages/airflow/example_dags/example_outlet_event_extra.py
[2024-09-01T04:48:26.084+0000] {processor.py:914} INFO - Processing file /home/ubuntu/airflow_snow/lib/python3.12/site-packages/airflow/example_dags/example_outlet_event_extra.py for tasks to queue
[2024-09-01T04:48:26.086+0000] {logging_mixin.py:190} INFO - [2024-09-01T04:48:26.086+0000] {dagbag.py:587} INFO - Filling up the DagBag from /home/ubuntu/airflow_snow/lib/python3.12/site-packages/airflow/example_dags/example_outlet_event_extra.py
[2024-09-01T04:48:26.098+0000] {processor.py:925} INFO - DAG(s) 'dataset_with_extra_by_context', 'dataset_with_extra_from_classic_operator', 'dataset_with_extra_by_yield' retrieved from /home/ubuntu/airflow_snow/lib/python3.12/site-packages/airflow/example_dags/example_outlet_event_extra.py
[2024-09-01T04:48:26.117+0000] {logging_mixin.py:190} INFO - [2024-09-01T04:48:26.117+0000] {dag.py:3211} INFO - Sync 3 DAGs
[2024-09-01T04:48:26.137+0000] {logging_mixin.py:190} INFO - [2024-09-01T04:48:26.136+0000] {dag.py:4138} INFO - Setting next_dagrun for dataset_with_extra_by_context to 2024-08-31 00:00:00+00:00, run_after=2024-09-01 00:00:00+00:00
[2024-09-01T04:48:26.141+0000] {logging_mixin.py:190} INFO - [2024-09-01T04:48:26.141+0000] {dag.py:4138} INFO - Setting next_dagrun for dataset_with_extra_by_yield to 2024-08-31 00:00:00+00:00, run_after=2024-09-01 00:00:00+00:00
[2024-09-01T04:48:26.143+0000] {logging_mixin.py:190} INFO - [2024-09-01T04:48:26.143+0000] {dag.py:4138} INFO - Setting next_dagrun for dataset_with_extra_from_classic_operator to 2024-08-31 00:00:00+00:00, run_after=2024-09-01 00:00:00+00:00
[2024-09-01T04:48:26.165+0000] {processor.py:208} INFO - Processing /home/ubuntu/airflow_snow/lib/python3.12/site-packages/airflow/example_dags/example_outlet_event_extra.py took 0.087 seconds
[2024-09-01T04:49:15.360+0000] {processor.py:186} INFO - Started process (PID=3441) to work on /home/ubuntu/airflow_snow/lib/python3.12/site-packages/airflow/example_dags/example_outlet_event_extra.py
[2024-09-01T04:49:15.362+0000] {processor.py:914} INFO - Processing file /home/ubuntu/airflow_snow/lib/python3.12/site-packages/airflow/example_dags/example_outlet_event_extra.py for tasks to queue
[2024-09-01T04:49:15.365+0000] {logging_mixin.py:190} INFO - [2024-09-01T04:49:15.364+0000] {dagbag.py:587} INFO - Filling up the DagBag from /home/ubuntu/airflow_snow/lib/python3.12/site-packages/airflow/example_dags/example_outlet_event_extra.py
[2024-09-01T04:49:15.378+0000] {processor.py:925} INFO - DAG(s) 'dataset_with_extra_from_classic_operator', 'dataset_with_extra_by_context', 'dataset_with_extra_by_yield' retrieved from /home/ubuntu/airflow_snow/lib/python3.12/site-packages/airflow/example_dags/example_outlet_event_extra.py
[2024-09-01T04:49:15.395+0000] {logging_mixin.py:190} INFO - [2024-09-01T04:49:15.395+0000] {dag.py:3211} INFO - Sync 3 DAGs
[2024-09-01T04:49:15.414+0000] {logging_mixin.py:190} INFO - [2024-09-01T04:49:15.414+0000] {dag.py:4138} INFO - Setting next_dagrun for dataset_with_extra_by_context to 2024-08-31 00:00:00+00:00, run_after=2024-09-01 00:00:00+00:00
[2024-09-01T04:49:15.419+0000] {logging_mixin.py:190} INFO - [2024-09-01T04:49:15.419+0000] {dag.py:4138} INFO - Setting next_dagrun for dataset_with_extra_by_yield to 2024-08-31 00:00:00+00:00, run_after=2024-09-01 00:00:00+00:00
[2024-09-01T04:49:15.420+0000] {logging_mixin.py:190} INFO - [2024-09-01T04:49:15.420+0000] {dag.py:4138} INFO - Setting next_dagrun for dataset_with_extra_from_classic_operator to 2024-08-31 00:00:00+00:00, run_after=2024-09-01 00:00:00+00:00
[2024-09-01T04:49:15.443+0000] {processor.py:208} INFO - Processing /home/ubuntu/airflow_snow/lib/python3.12/site-packages/airflow/example_dags/example_outlet_event_extra.py took 0.088 seconds
[2024-09-01T04:50:03.372+0000] {processor.py:186} INFO - Started process (PID=3493) to work on /home/ubuntu/airflow_snow/lib/python3.12/site-packages/airflow/example_dags/example_outlet_event_extra.py
[2024-09-01T04:50:03.374+0000] {processor.py:914} INFO - Processing file /home/ubuntu/airflow_snow/lib/python3.12/site-packages/airflow/example_dags/example_outlet_event_extra.py for tasks to queue
[2024-09-01T04:50:03.375+0000] {logging_mixin.py:190} INFO - [2024-09-01T04:50:03.375+0000] {dagbag.py:587} INFO - Filling up the DagBag from /home/ubuntu/airflow_snow/lib/python3.12/site-packages/airflow/example_dags/example_outlet_event_extra.py
[2024-09-01T04:50:03.389+0000] {processor.py:925} INFO - DAG(s) 'dataset_with_extra_by_yield', 'dataset_with_extra_by_context', 'dataset_with_extra_from_classic_operator' retrieved from /home/ubuntu/airflow_snow/lib/python3.12/site-packages/airflow/example_dags/example_outlet_event_extra.py
[2024-09-01T04:50:03.418+0000] {logging_mixin.py:190} INFO - [2024-09-01T04:50:03.416+0000] {dag.py:3211} INFO - Sync 3 DAGs
[2024-09-01T04:50:03.436+0000] {logging_mixin.py:190} INFO - [2024-09-01T04:50:03.435+0000] {dag.py:4138} INFO - Setting next_dagrun for dataset_with_extra_by_context to 2024-08-31 00:00:00+00:00, run_after=2024-09-01 00:00:00+00:00
[2024-09-01T04:50:03.441+0000] {logging_mixin.py:190} INFO - [2024-09-01T04:50:03.440+0000] {dag.py:4138} INFO - Setting next_dagrun for dataset_with_extra_by_yield to 2024-08-31 00:00:00+00:00, run_after=2024-09-01 00:00:00+00:00
[2024-09-01T04:50:03.442+0000] {logging_mixin.py:190} INFO - [2024-09-01T04:50:03.442+0000] {dag.py:4138} INFO - Setting next_dagrun for dataset_with_extra_from_classic_operator to 2024-08-31 00:00:00+00:00, run_after=2024-09-01 00:00:00+00:00
[2024-09-01T04:50:03.469+0000] {processor.py:208} INFO - Processing /home/ubuntu/airflow_snow/lib/python3.12/site-packages/airflow/example_dags/example_outlet_event_extra.py took 0.103 seconds
[2024-09-01T04:50:46.539+0000] {processor.py:186} INFO - Started process (PID=3544) to work on /home/ubuntu/airflow_snow/lib/python3.12/site-packages/airflow/example_dags/example_outlet_event_extra.py
[2024-09-01T04:50:46.542+0000] {processor.py:914} INFO - Processing file /home/ubuntu/airflow_snow/lib/python3.12/site-packages/airflow/example_dags/example_outlet_event_extra.py for tasks to queue
[2024-09-01T04:50:46.543+0000] {logging_mixin.py:190} INFO - [2024-09-01T04:50:46.543+0000] {dagbag.py:587} INFO - Filling up the DagBag from /home/ubuntu/airflow_snow/lib/python3.12/site-packages/airflow/example_dags/example_outlet_event_extra.py
[2024-09-01T04:50:46.556+0000] {processor.py:925} INFO - DAG(s) 'dataset_with_extra_by_yield', 'dataset_with_extra_from_classic_operator', 'dataset_with_extra_by_context' retrieved from /home/ubuntu/airflow_snow/lib/python3.12/site-packages/airflow/example_dags/example_outlet_event_extra.py
[2024-09-01T04:50:46.575+0000] {logging_mixin.py:190} INFO - [2024-09-01T04:50:46.575+0000] {dag.py:3211} INFO - Sync 3 DAGs
[2024-09-01T04:50:46.594+0000] {logging_mixin.py:190} INFO - [2024-09-01T04:50:46.594+0000] {dag.py:4138} INFO - Setting next_dagrun for dataset_with_extra_by_context to 2024-08-31 00:00:00+00:00, run_after=2024-09-01 00:00:00+00:00
[2024-09-01T04:50:46.598+0000] {logging_mixin.py:190} INFO - [2024-09-01T04:50:46.598+0000] {dag.py:4138} INFO - Setting next_dagrun for dataset_with_extra_by_yield to 2024-08-31 00:00:00+00:00, run_after=2024-09-01 00:00:00+00:00
[2024-09-01T04:50:46.600+0000] {logging_mixin.py:190} INFO - [2024-09-01T04:50:46.599+0000] {dag.py:4138} INFO - Setting next_dagrun for dataset_with_extra_from_classic_operator to 2024-08-31 00:00:00+00:00, run_after=2024-09-01 00:00:00+00:00
[2024-09-01T04:50:46.624+0000] {processor.py:208} INFO - Processing /home/ubuntu/airflow_snow/lib/python3.12/site-packages/airflow/example_dags/example_outlet_event_extra.py took 0.090 seconds
[2024-09-01T04:51:34.686+0000] {processor.py:186} INFO - Started process (PID=3593) to work on /home/ubuntu/airflow_snow/lib/python3.12/site-packages/airflow/example_dags/example_outlet_event_extra.py
[2024-09-01T04:51:34.688+0000] {processor.py:914} INFO - Processing file /home/ubuntu/airflow_snow/lib/python3.12/site-packages/airflow/example_dags/example_outlet_event_extra.py for tasks to queue
[2024-09-01T04:51:34.691+0000] {logging_mixin.py:190} INFO - [2024-09-01T04:51:34.690+0000] {dagbag.py:587} INFO - Filling up the DagBag from /home/ubuntu/airflow_snow/lib/python3.12/site-packages/airflow/example_dags/example_outlet_event_extra.py
[2024-09-01T04:51:34.704+0000] {processor.py:925} INFO - DAG(s) 'dataset_with_extra_by_context', 'dataset_with_extra_from_classic_operator', 'dataset_with_extra_by_yield' retrieved from /home/ubuntu/airflow_snow/lib/python3.12/site-packages/airflow/example_dags/example_outlet_event_extra.py
[2024-09-01T04:51:34.722+0000] {logging_mixin.py:190} INFO - [2024-09-01T04:51:34.722+0000] {dag.py:3211} INFO - Sync 3 DAGs
[2024-09-01T04:51:34.741+0000] {logging_mixin.py:190} INFO - [2024-09-01T04:51:34.741+0000] {dag.py:4138} INFO - Setting next_dagrun for dataset_with_extra_by_context to 2024-08-31 00:00:00+00:00, run_after=2024-09-01 00:00:00+00:00
[2024-09-01T04:51:34.745+0000] {logging_mixin.py:190} INFO - [2024-09-01T04:51:34.745+0000] {dag.py:4138} INFO - Setting next_dagrun for dataset_with_extra_by_yield to 2024-08-31 00:00:00+00:00, run_after=2024-09-01 00:00:00+00:00
[2024-09-01T04:51:34.747+0000] {logging_mixin.py:190} INFO - [2024-09-01T04:51:34.747+0000] {dag.py:4138} INFO - Setting next_dagrun for dataset_with_extra_from_classic_operator to 2024-08-31 00:00:00+00:00, run_after=2024-09-01 00:00:00+00:00
[2024-09-01T04:51:34.771+0000] {processor.py:208} INFO - Processing /home/ubuntu/airflow_snow/lib/python3.12/site-packages/airflow/example_dags/example_outlet_event_extra.py took 0.091 seconds
[2024-09-01T04:52:23.919+0000] {processor.py:186} INFO - Started process (PID=3645) to work on /home/ubuntu/airflow_snow/lib/python3.12/site-packages/airflow/example_dags/example_outlet_event_extra.py
[2024-09-01T04:52:23.922+0000] {processor.py:914} INFO - Processing file /home/ubuntu/airflow_snow/lib/python3.12/site-packages/airflow/example_dags/example_outlet_event_extra.py for tasks to queue
[2024-09-01T04:52:23.924+0000] {logging_mixin.py:190} INFO - [2024-09-01T04:52:23.923+0000] {dagbag.py:587} INFO - Filling up the DagBag from /home/ubuntu/airflow_snow/lib/python3.12/site-packages/airflow/example_dags/example_outlet_event_extra.py
[2024-09-01T04:52:23.937+0000] {processor.py:925} INFO - DAG(s) 'dataset_with_extra_by_yield', 'dataset_with_extra_by_context', 'dataset_with_extra_from_classic_operator' retrieved from /home/ubuntu/airflow_snow/lib/python3.12/site-packages/airflow/example_dags/example_outlet_event_extra.py
[2024-09-01T04:52:23.954+0000] {logging_mixin.py:190} INFO - [2024-09-01T04:52:23.954+0000] {dag.py:3211} INFO - Sync 3 DAGs
[2024-09-01T04:52:23.974+0000] {logging_mixin.py:190} INFO - [2024-09-01T04:52:23.974+0000] {dag.py:4138} INFO - Setting next_dagrun for dataset_with_extra_by_context to 2024-08-31 00:00:00+00:00, run_after=2024-09-01 00:00:00+00:00
[2024-09-01T04:52:23.979+0000] {logging_mixin.py:190} INFO - [2024-09-01T04:52:23.979+0000] {dag.py:4138} INFO - Setting next_dagrun for dataset_with_extra_by_yield to 2024-08-31 00:00:00+00:00, run_after=2024-09-01 00:00:00+00:00
[2024-09-01T04:52:23.980+0000] {logging_mixin.py:190} INFO - [2024-09-01T04:52:23.980+0000] {dag.py:4138} INFO - Setting next_dagrun for dataset_with_extra_from_classic_operator to 2024-08-31 00:00:00+00:00, run_after=2024-09-01 00:00:00+00:00
[2024-09-01T04:52:24.007+0000] {processor.py:208} INFO - Processing /home/ubuntu/airflow_snow/lib/python3.12/site-packages/airflow/example_dags/example_outlet_event_extra.py took 0.092 seconds
