[2024-09-01T04:28:48.545+0000] {processor.py:186} INFO - Started process (PID=2167) to work on /home/ubuntu/airflow_snow/lib/python3.12/site-packages/airflow/example_dags/example_task_group.py
[2024-09-01T04:28:48.545+0000] {processor.py:914} INFO - Processing file /home/ubuntu/airflow_snow/lib/python3.12/site-packages/airflow/example_dags/example_task_group.py for tasks to queue
[2024-09-01T04:28:48.547+0000] {logging_mixin.py:190} INFO - [2024-09-01T04:28:48.546+0000] {dagbag.py:587} INFO - Filling up the DagBag from /home/ubuntu/airflow_snow/lib/python3.12/site-packages/airflow/example_dags/example_task_group.py
[2024-09-01T04:28:48.556+0000] {processor.py:925} INFO - DAG(s) 'example_task_group' retrieved from /home/ubuntu/airflow_snow/lib/python3.12/site-packages/airflow/example_dags/example_task_group.py
[2024-09-01T04:28:48.666+0000] {logging_mixin.py:190} INFO - [2024-09-01T04:28:48.665+0000] {override.py:1900} INFO - Created Permission View: can delete on DAG:example_task_group
[2024-09-01T04:28:48.681+0000] {logging_mixin.py:190} INFO - [2024-09-01T04:28:48.681+0000] {override.py:1900} INFO - Created Permission View: can read on DAG:example_task_group
[2024-09-01T04:28:48.695+0000] {logging_mixin.py:190} INFO - [2024-09-01T04:28:48.694+0000] {override.py:1900} INFO - Created Permission View: can edit on DAG:example_task_group
[2024-09-01T04:28:48.715+0000] {logging_mixin.py:190} INFO - [2024-09-01T04:28:48.715+0000] {override.py:1900} INFO - Created Permission View: menu access on DAG Run:example_task_group
[2024-09-01T04:28:48.727+0000] {logging_mixin.py:190} INFO - [2024-09-01T04:28:48.727+0000] {override.py:1900} INFO - Created Permission View: can create on DAG Run:example_task_group
[2024-09-01T04:28:48.742+0000] {logging_mixin.py:190} INFO - [2024-09-01T04:28:48.741+0000] {override.py:1900} INFO - Created Permission View: can read on DAG Run:example_task_group
[2024-09-01T04:28:48.754+0000] {logging_mixin.py:190} INFO - [2024-09-01T04:28:48.754+0000] {override.py:1900} INFO - Created Permission View: can delete on DAG Run:example_task_group
[2024-09-01T04:28:48.755+0000] {logging_mixin.py:190} INFO - [2024-09-01T04:28:48.755+0000] {dag.py:3211} INFO - Sync 1 DAGs
[2024-09-01T04:28:48.764+0000] {logging_mixin.py:190} INFO - [2024-09-01T04:28:48.763+0000] {dag.py:3234} INFO - Creating ORM DAG for example_task_group
[2024-09-01T04:28:48.771+0000] {logging_mixin.py:190} INFO - [2024-09-01T04:28:48.771+0000] {dag.py:4138} INFO - Setting next_dagrun for example_task_group to 2024-08-31 00:00:00+00:00, run_after=2024-09-01 00:00:00+00:00
[2024-09-01T04:28:48.799+0000] {processor.py:208} INFO - Processing /home/ubuntu/airflow_snow/lib/python3.12/site-packages/airflow/example_dags/example_task_group.py took 0.260 seconds
[2024-09-01T04:29:51.848+0000] {processor.py:186} INFO - Started process (PID=2223) to work on /home/ubuntu/airflow_snow/lib/python3.12/site-packages/airflow/example_dags/example_task_group.py
[2024-09-01T04:29:51.851+0000] {processor.py:914} INFO - Processing file /home/ubuntu/airflow_snow/lib/python3.12/site-packages/airflow/example_dags/example_task_group.py for tasks to queue
[2024-09-01T04:29:51.852+0000] {logging_mixin.py:190} INFO - [2024-09-01T04:29:51.852+0000] {dagbag.py:587} INFO - Filling up the DagBag from /home/ubuntu/airflow_snow/lib/python3.12/site-packages/airflow/example_dags/example_task_group.py
[2024-09-01T04:29:51.860+0000] {processor.py:925} INFO - DAG(s) 'example_task_group' retrieved from /home/ubuntu/airflow_snow/lib/python3.12/site-packages/airflow/example_dags/example_task_group.py
[2024-09-01T04:29:51.875+0000] {logging_mixin.py:190} INFO - [2024-09-01T04:29:51.875+0000] {dag.py:3211} INFO - Sync 1 DAGs
[2024-09-01T04:29:51.894+0000] {logging_mixin.py:190} INFO - [2024-09-01T04:29:51.894+0000] {dag.py:4138} INFO - Setting next_dagrun for example_task_group to 2024-08-31 00:00:00+00:00, run_after=2024-09-01 00:00:00+00:00
[2024-09-01T04:29:51.914+0000] {processor.py:208} INFO - Processing /home/ubuntu/airflow_snow/lib/python3.12/site-packages/airflow/example_dags/example_task_group.py took 0.072 seconds
[2024-09-01T04:30:46.743+0000] {processor.py:186} INFO - Started process (PID=2284) to work on /home/ubuntu/airflow_snow/lib/python3.12/site-packages/airflow/example_dags/example_task_group.py
[2024-09-01T04:30:46.745+0000] {processor.py:914} INFO - Processing file /home/ubuntu/airflow_snow/lib/python3.12/site-packages/airflow/example_dags/example_task_group.py for tasks to queue
[2024-09-01T04:30:46.746+0000] {logging_mixin.py:190} INFO - [2024-09-01T04:30:46.746+0000] {dagbag.py:587} INFO - Filling up the DagBag from /home/ubuntu/airflow_snow/lib/python3.12/site-packages/airflow/example_dags/example_task_group.py
[2024-09-01T04:30:46.754+0000] {processor.py:925} INFO - DAG(s) 'example_task_group' retrieved from /home/ubuntu/airflow_snow/lib/python3.12/site-packages/airflow/example_dags/example_task_group.py
[2024-09-01T04:30:46.770+0000] {logging_mixin.py:190} INFO - [2024-09-01T04:30:46.770+0000] {dag.py:3211} INFO - Sync 1 DAGs
[2024-09-01T04:30:46.788+0000] {logging_mixin.py:190} INFO - [2024-09-01T04:30:46.788+0000] {dag.py:4138} INFO - Setting next_dagrun for example_task_group to 2024-08-31 00:00:00+00:00, run_after=2024-09-01 00:00:00+00:00
[2024-09-01T04:30:46.810+0000] {processor.py:208} INFO - Processing /home/ubuntu/airflow_snow/lib/python3.12/site-packages/airflow/example_dags/example_task_group.py took 0.072 seconds
[2024-09-01T04:31:41.935+0000] {processor.py:186} INFO - Started process (PID=2342) to work on /home/ubuntu/airflow_snow/lib/python3.12/site-packages/airflow/example_dags/example_task_group.py
[2024-09-01T04:31:41.938+0000] {processor.py:914} INFO - Processing file /home/ubuntu/airflow_snow/lib/python3.12/site-packages/airflow/example_dags/example_task_group.py for tasks to queue
[2024-09-01T04:31:41.940+0000] {logging_mixin.py:190} INFO - [2024-09-01T04:31:41.939+0000] {dagbag.py:587} INFO - Filling up the DagBag from /home/ubuntu/airflow_snow/lib/python3.12/site-packages/airflow/example_dags/example_task_group.py
[2024-09-01T04:31:41.949+0000] {processor.py:925} INFO - DAG(s) 'example_task_group' retrieved from /home/ubuntu/airflow_snow/lib/python3.12/site-packages/airflow/example_dags/example_task_group.py
[2024-09-01T04:31:41.963+0000] {logging_mixin.py:190} INFO - [2024-09-01T04:31:41.963+0000] {dag.py:3211} INFO - Sync 1 DAGs
[2024-09-01T04:31:41.981+0000] {logging_mixin.py:190} INFO - [2024-09-01T04:31:41.981+0000] {dag.py:4138} INFO - Setting next_dagrun for example_task_group to 2024-08-31 00:00:00+00:00, run_after=2024-09-01 00:00:00+00:00
[2024-09-01T04:31:42.002+0000] {processor.py:208} INFO - Processing /home/ubuntu/airflow_snow/lib/python3.12/site-packages/airflow/example_dags/example_task_group.py took 0.072 seconds
[2024-09-01T04:32:30.748+0000] {processor.py:186} INFO - Started process (PID=2393) to work on /home/ubuntu/airflow_snow/lib/python3.12/site-packages/airflow/example_dags/example_task_group.py
[2024-09-01T04:32:30.749+0000] {processor.py:914} INFO - Processing file /home/ubuntu/airflow_snow/lib/python3.12/site-packages/airflow/example_dags/example_task_group.py for tasks to queue
[2024-09-01T04:32:30.751+0000] {logging_mixin.py:190} INFO - [2024-09-01T04:32:30.751+0000] {dagbag.py:587} INFO - Filling up the DagBag from /home/ubuntu/airflow_snow/lib/python3.12/site-packages/airflow/example_dags/example_task_group.py
[2024-09-01T04:32:30.759+0000] {processor.py:925} INFO - DAG(s) 'example_task_group' retrieved from /home/ubuntu/airflow_snow/lib/python3.12/site-packages/airflow/example_dags/example_task_group.py
[2024-09-01T04:32:30.774+0000] {logging_mixin.py:190} INFO - [2024-09-01T04:32:30.774+0000] {dag.py:3211} INFO - Sync 1 DAGs
[2024-09-01T04:32:30.792+0000] {logging_mixin.py:190} INFO - [2024-09-01T04:32:30.792+0000] {dag.py:4138} INFO - Setting next_dagrun for example_task_group to 2024-08-31 00:00:00+00:00, run_after=2024-09-01 00:00:00+00:00
[2024-09-01T04:32:30.815+0000] {processor.py:208} INFO - Processing /home/ubuntu/airflow_snow/lib/python3.12/site-packages/airflow/example_dags/example_task_group.py took 0.073 seconds
[2024-09-01T04:33:20.200+0000] {processor.py:186} INFO - Started process (PID=2443) to work on /home/ubuntu/airflow_snow/lib/python3.12/site-packages/airflow/example_dags/example_task_group.py
[2024-09-01T04:33:20.204+0000] {processor.py:914} INFO - Processing file /home/ubuntu/airflow_snow/lib/python3.12/site-packages/airflow/example_dags/example_task_group.py for tasks to queue
[2024-09-01T04:33:20.206+0000] {logging_mixin.py:190} INFO - [2024-09-01T04:33:20.206+0000] {dagbag.py:587} INFO - Filling up the DagBag from /home/ubuntu/airflow_snow/lib/python3.12/site-packages/airflow/example_dags/example_task_group.py
[2024-09-01T04:33:20.214+0000] {processor.py:925} INFO - DAG(s) 'example_task_group' retrieved from /home/ubuntu/airflow_snow/lib/python3.12/site-packages/airflow/example_dags/example_task_group.py
[2024-09-01T04:33:20.229+0000] {logging_mixin.py:190} INFO - [2024-09-01T04:33:20.229+0000] {dag.py:3211} INFO - Sync 1 DAGs
[2024-09-01T04:33:20.247+0000] {logging_mixin.py:190} INFO - [2024-09-01T04:33:20.246+0000] {dag.py:4138} INFO - Setting next_dagrun for example_task_group to 2024-08-31 00:00:00+00:00, run_after=2024-09-01 00:00:00+00:00
[2024-09-01T04:33:20.267+0000] {processor.py:208} INFO - Processing /home/ubuntu/airflow_snow/lib/python3.12/site-packages/airflow/example_dags/example_task_group.py took 0.072 seconds
[2024-09-01T04:34:11.295+0000] {processor.py:186} INFO - Started process (PID=2496) to work on /home/ubuntu/airflow_snow/lib/python3.12/site-packages/airflow/example_dags/example_task_group.py
[2024-09-01T04:34:11.297+0000] {processor.py:914} INFO - Processing file /home/ubuntu/airflow_snow/lib/python3.12/site-packages/airflow/example_dags/example_task_group.py for tasks to queue
[2024-09-01T04:34:11.298+0000] {logging_mixin.py:190} INFO - [2024-09-01T04:34:11.298+0000] {dagbag.py:587} INFO - Filling up the DagBag from /home/ubuntu/airflow_snow/lib/python3.12/site-packages/airflow/example_dags/example_task_group.py
[2024-09-01T04:34:11.307+0000] {processor.py:925} INFO - DAG(s) 'example_task_group' retrieved from /home/ubuntu/airflow_snow/lib/python3.12/site-packages/airflow/example_dags/example_task_group.py
[2024-09-01T04:34:11.322+0000] {logging_mixin.py:190} INFO - [2024-09-01T04:34:11.322+0000] {dag.py:3211} INFO - Sync 1 DAGs
[2024-09-01T04:34:11.340+0000] {logging_mixin.py:190} INFO - [2024-09-01T04:34:11.339+0000] {dag.py:4138} INFO - Setting next_dagrun for example_task_group to 2024-08-31 00:00:00+00:00, run_after=2024-09-01 00:00:00+00:00
[2024-09-01T04:34:11.361+0000] {processor.py:208} INFO - Processing /home/ubuntu/airflow_snow/lib/python3.12/site-packages/airflow/example_dags/example_task_group.py took 0.071 seconds
[2024-09-01T04:34:59.619+0000] {processor.py:186} INFO - Started process (PID=2549) to work on /home/ubuntu/airflow_snow/lib/python3.12/site-packages/airflow/example_dags/example_task_group.py
[2024-09-01T04:34:59.622+0000] {processor.py:914} INFO - Processing file /home/ubuntu/airflow_snow/lib/python3.12/site-packages/airflow/example_dags/example_task_group.py for tasks to queue
[2024-09-01T04:34:59.623+0000] {logging_mixin.py:190} INFO - [2024-09-01T04:34:59.623+0000] {dagbag.py:587} INFO - Filling up the DagBag from /home/ubuntu/airflow_snow/lib/python3.12/site-packages/airflow/example_dags/example_task_group.py
[2024-09-01T04:34:59.631+0000] {processor.py:925} INFO - DAG(s) 'example_task_group' retrieved from /home/ubuntu/airflow_snow/lib/python3.12/site-packages/airflow/example_dags/example_task_group.py
[2024-09-01T04:34:59.647+0000] {logging_mixin.py:190} INFO - [2024-09-01T04:34:59.646+0000] {dag.py:3211} INFO - Sync 1 DAGs
[2024-09-01T04:34:59.665+0000] {logging_mixin.py:190} INFO - [2024-09-01T04:34:59.664+0000] {dag.py:4138} INFO - Setting next_dagrun for example_task_group to 2024-08-31 00:00:00+00:00, run_after=2024-09-01 00:00:00+00:00
[2024-09-01T04:34:59.685+0000] {processor.py:208} INFO - Processing /home/ubuntu/airflow_snow/lib/python3.12/site-packages/airflow/example_dags/example_task_group.py took 0.071 seconds
[2024-09-01T04:35:48.731+0000] {processor.py:186} INFO - Started process (PID=2601) to work on /home/ubuntu/airflow_snow/lib/python3.12/site-packages/airflow/example_dags/example_task_group.py
[2024-09-01T04:35:48.733+0000] {processor.py:914} INFO - Processing file /home/ubuntu/airflow_snow/lib/python3.12/site-packages/airflow/example_dags/example_task_group.py for tasks to queue
[2024-09-01T04:35:48.735+0000] {logging_mixin.py:190} INFO - [2024-09-01T04:35:48.734+0000] {dagbag.py:587} INFO - Filling up the DagBag from /home/ubuntu/airflow_snow/lib/python3.12/site-packages/airflow/example_dags/example_task_group.py
[2024-09-01T04:35:48.743+0000] {processor.py:925} INFO - DAG(s) 'example_task_group' retrieved from /home/ubuntu/airflow_snow/lib/python3.12/site-packages/airflow/example_dags/example_task_group.py
[2024-09-01T04:35:48.758+0000] {logging_mixin.py:190} INFO - [2024-09-01T04:35:48.758+0000] {dag.py:3211} INFO - Sync 1 DAGs
[2024-09-01T04:35:48.775+0000] {logging_mixin.py:190} INFO - [2024-09-01T04:35:48.775+0000] {dag.py:4138} INFO - Setting next_dagrun for example_task_group to 2024-08-31 00:00:00+00:00, run_after=2024-09-01 00:00:00+00:00
[2024-09-01T04:35:48.805+0000] {processor.py:208} INFO - Processing /home/ubuntu/airflow_snow/lib/python3.12/site-packages/airflow/example_dags/example_task_group.py took 0.079 seconds
[2024-09-01T04:36:41.866+0000] {processor.py:186} INFO - Started process (PID=2654) to work on /home/ubuntu/airflow_snow/lib/python3.12/site-packages/airflow/example_dags/example_task_group.py
[2024-09-01T04:36:41.868+0000] {processor.py:914} INFO - Processing file /home/ubuntu/airflow_snow/lib/python3.12/site-packages/airflow/example_dags/example_task_group.py for tasks to queue
[2024-09-01T04:36:41.869+0000] {logging_mixin.py:190} INFO - [2024-09-01T04:36:41.869+0000] {dagbag.py:587} INFO - Filling up the DagBag from /home/ubuntu/airflow_snow/lib/python3.12/site-packages/airflow/example_dags/example_task_group.py
[2024-09-01T04:36:41.878+0000] {processor.py:925} INFO - DAG(s) 'example_task_group' retrieved from /home/ubuntu/airflow_snow/lib/python3.12/site-packages/airflow/example_dags/example_task_group.py
[2024-09-01T04:36:41.893+0000] {logging_mixin.py:190} INFO - [2024-09-01T04:36:41.893+0000] {dag.py:3211} INFO - Sync 1 DAGs
[2024-09-01T04:36:41.911+0000] {logging_mixin.py:190} INFO - [2024-09-01T04:36:41.910+0000] {dag.py:4138} INFO - Setting next_dagrun for example_task_group to 2024-08-31 00:00:00+00:00, run_after=2024-09-01 00:00:00+00:00
[2024-09-01T04:36:41.934+0000] {processor.py:208} INFO - Processing /home/ubuntu/airflow_snow/lib/python3.12/site-packages/airflow/example_dags/example_task_group.py took 0.073 seconds
[2024-09-01T04:37:33.878+0000] {processor.py:186} INFO - Started process (PID=2707) to work on /home/ubuntu/airflow_snow/lib/python3.12/site-packages/airflow/example_dags/example_task_group.py
[2024-09-01T04:37:33.880+0000] {processor.py:914} INFO - Processing file /home/ubuntu/airflow_snow/lib/python3.12/site-packages/airflow/example_dags/example_task_group.py for tasks to queue
[2024-09-01T04:37:33.883+0000] {logging_mixin.py:190} INFO - [2024-09-01T04:37:33.883+0000] {dagbag.py:587} INFO - Filling up the DagBag from /home/ubuntu/airflow_snow/lib/python3.12/site-packages/airflow/example_dags/example_task_group.py
[2024-09-01T04:37:33.891+0000] {processor.py:925} INFO - DAG(s) 'example_task_group' retrieved from /home/ubuntu/airflow_snow/lib/python3.12/site-packages/airflow/example_dags/example_task_group.py
[2024-09-01T04:37:33.907+0000] {logging_mixin.py:190} INFO - [2024-09-01T04:37:33.907+0000] {dag.py:3211} INFO - Sync 1 DAGs
[2024-09-01T04:37:33.924+0000] {logging_mixin.py:190} INFO - [2024-09-01T04:37:33.924+0000] {dag.py:4138} INFO - Setting next_dagrun for example_task_group to 2024-08-31 00:00:00+00:00, run_after=2024-09-01 00:00:00+00:00
[2024-09-01T04:37:33.944+0000] {processor.py:208} INFO - Processing /home/ubuntu/airflow_snow/lib/python3.12/site-packages/airflow/example_dags/example_task_group.py took 0.071 seconds
[2024-09-01T04:38:23.094+0000] {processor.py:186} INFO - Started process (PID=2758) to work on /home/ubuntu/airflow_snow/lib/python3.12/site-packages/airflow/example_dags/example_task_group.py
[2024-09-01T04:38:23.096+0000] {processor.py:914} INFO - Processing file /home/ubuntu/airflow_snow/lib/python3.12/site-packages/airflow/example_dags/example_task_group.py for tasks to queue
[2024-09-01T04:38:23.098+0000] {logging_mixin.py:190} INFO - [2024-09-01T04:38:23.098+0000] {dagbag.py:587} INFO - Filling up the DagBag from /home/ubuntu/airflow_snow/lib/python3.12/site-packages/airflow/example_dags/example_task_group.py
[2024-09-01T04:38:23.107+0000] {processor.py:925} INFO - DAG(s) 'example_task_group' retrieved from /home/ubuntu/airflow_snow/lib/python3.12/site-packages/airflow/example_dags/example_task_group.py
[2024-09-01T04:38:23.123+0000] {logging_mixin.py:190} INFO - [2024-09-01T04:38:23.122+0000] {dag.py:3211} INFO - Sync 1 DAGs
[2024-09-01T04:38:23.141+0000] {logging_mixin.py:190} INFO - [2024-09-01T04:38:23.141+0000] {dag.py:4138} INFO - Setting next_dagrun for example_task_group to 2024-08-31 00:00:00+00:00, run_after=2024-09-01 00:00:00+00:00
[2024-09-01T04:38:23.165+0000] {processor.py:208} INFO - Processing /home/ubuntu/airflow_snow/lib/python3.12/site-packages/airflow/example_dags/example_task_group.py took 0.076 seconds
[2024-09-01T04:39:14.718+0000] {processor.py:186} INFO - Started process (PID=2809) to work on /home/ubuntu/airflow_snow/lib/python3.12/site-packages/airflow/example_dags/example_task_group.py
[2024-09-01T04:39:14.720+0000] {processor.py:914} INFO - Processing file /home/ubuntu/airflow_snow/lib/python3.12/site-packages/airflow/example_dags/example_task_group.py for tasks to queue
[2024-09-01T04:39:14.722+0000] {logging_mixin.py:190} INFO - [2024-09-01T04:39:14.721+0000] {dagbag.py:587} INFO - Filling up the DagBag from /home/ubuntu/airflow_snow/lib/python3.12/site-packages/airflow/example_dags/example_task_group.py
[2024-09-01T04:39:14.730+0000] {processor.py:925} INFO - DAG(s) 'example_task_group' retrieved from /home/ubuntu/airflow_snow/lib/python3.12/site-packages/airflow/example_dags/example_task_group.py
[2024-09-01T04:39:14.746+0000] {logging_mixin.py:190} INFO - [2024-09-01T04:39:14.746+0000] {dag.py:3211} INFO - Sync 1 DAGs
[2024-09-01T04:39:14.764+0000] {logging_mixin.py:190} INFO - [2024-09-01T04:39:14.763+0000] {dag.py:4138} INFO - Setting next_dagrun for example_task_group to 2024-08-31 00:00:00+00:00, run_after=2024-09-01 00:00:00+00:00
[2024-09-01T04:39:14.787+0000] {processor.py:208} INFO - Processing /home/ubuntu/airflow_snow/lib/python3.12/site-packages/airflow/example_dags/example_task_group.py took 0.074 seconds
[2024-09-01T04:40:06.255+0000] {processor.py:186} INFO - Started process (PID=2863) to work on /home/ubuntu/airflow_snow/lib/python3.12/site-packages/airflow/example_dags/example_task_group.py
[2024-09-01T04:40:06.257+0000] {processor.py:914} INFO - Processing file /home/ubuntu/airflow_snow/lib/python3.12/site-packages/airflow/example_dags/example_task_group.py for tasks to queue
[2024-09-01T04:40:06.258+0000] {logging_mixin.py:190} INFO - [2024-09-01T04:40:06.258+0000] {dagbag.py:587} INFO - Filling up the DagBag from /home/ubuntu/airflow_snow/lib/python3.12/site-packages/airflow/example_dags/example_task_group.py
[2024-09-01T04:40:06.266+0000] {processor.py:925} INFO - DAG(s) 'example_task_group' retrieved from /home/ubuntu/airflow_snow/lib/python3.12/site-packages/airflow/example_dags/example_task_group.py
[2024-09-01T04:40:06.282+0000] {logging_mixin.py:190} INFO - [2024-09-01T04:40:06.282+0000] {dag.py:3211} INFO - Sync 1 DAGs
[2024-09-01T04:40:06.302+0000] {logging_mixin.py:190} INFO - [2024-09-01T04:40:06.302+0000] {dag.py:4138} INFO - Setting next_dagrun for example_task_group to 2024-08-31 00:00:00+00:00, run_after=2024-09-01 00:00:00+00:00
[2024-09-01T04:40:06.323+0000] {processor.py:208} INFO - Processing /home/ubuntu/airflow_snow/lib/python3.12/site-packages/airflow/example_dags/example_task_group.py took 0.074 seconds
[2024-09-01T04:40:59.196+0000] {processor.py:186} INFO - Started process (PID=2919) to work on /home/ubuntu/airflow_snow/lib/python3.12/site-packages/airflow/example_dags/example_task_group.py
[2024-09-01T04:40:59.198+0000] {processor.py:914} INFO - Processing file /home/ubuntu/airflow_snow/lib/python3.12/site-packages/airflow/example_dags/example_task_group.py for tasks to queue
[2024-09-01T04:40:59.199+0000] {logging_mixin.py:190} INFO - [2024-09-01T04:40:59.199+0000] {dagbag.py:587} INFO - Filling up the DagBag from /home/ubuntu/airflow_snow/lib/python3.12/site-packages/airflow/example_dags/example_task_group.py
[2024-09-01T04:40:59.208+0000] {processor.py:925} INFO - DAG(s) 'example_task_group' retrieved from /home/ubuntu/airflow_snow/lib/python3.12/site-packages/airflow/example_dags/example_task_group.py
[2024-09-01T04:40:59.224+0000] {logging_mixin.py:190} INFO - [2024-09-01T04:40:59.224+0000] {dag.py:3211} INFO - Sync 1 DAGs
[2024-09-01T04:40:59.242+0000] {logging_mixin.py:190} INFO - [2024-09-01T04:40:59.242+0000] {dag.py:4138} INFO - Setting next_dagrun for example_task_group to 2024-08-31 00:00:00+00:00, run_after=2024-09-01 00:00:00+00:00
[2024-09-01T04:40:59.266+0000] {processor.py:208} INFO - Processing /home/ubuntu/airflow_snow/lib/python3.12/site-packages/airflow/example_dags/example_task_group.py took 0.075 seconds
[2024-09-01T04:41:49.145+0000] {processor.py:186} INFO - Started process (PID=2971) to work on /home/ubuntu/airflow_snow/lib/python3.12/site-packages/airflow/example_dags/example_task_group.py
[2024-09-01T04:41:49.146+0000] {processor.py:914} INFO - Processing file /home/ubuntu/airflow_snow/lib/python3.12/site-packages/airflow/example_dags/example_task_group.py for tasks to queue
[2024-09-01T04:41:49.149+0000] {logging_mixin.py:190} INFO - [2024-09-01T04:41:49.147+0000] {dagbag.py:587} INFO - Filling up the DagBag from /home/ubuntu/airflow_snow/lib/python3.12/site-packages/airflow/example_dags/example_task_group.py
[2024-09-01T04:41:49.157+0000] {processor.py:925} INFO - DAG(s) 'example_task_group' retrieved from /home/ubuntu/airflow_snow/lib/python3.12/site-packages/airflow/example_dags/example_task_group.py
[2024-09-01T04:41:49.171+0000] {logging_mixin.py:190} INFO - [2024-09-01T04:41:49.171+0000] {dag.py:3211} INFO - Sync 1 DAGs
[2024-09-01T04:41:49.190+0000] {logging_mixin.py:190} INFO - [2024-09-01T04:41:49.189+0000] {dag.py:4138} INFO - Setting next_dagrun for example_task_group to 2024-08-31 00:00:00+00:00, run_after=2024-09-01 00:00:00+00:00
[2024-09-01T04:41:49.214+0000] {processor.py:208} INFO - Processing /home/ubuntu/airflow_snow/lib/python3.12/site-packages/airflow/example_dags/example_task_group.py took 0.075 seconds
[2024-09-01T04:42:39.520+0000] {processor.py:186} INFO - Started process (PID=3022) to work on /home/ubuntu/airflow_snow/lib/python3.12/site-packages/airflow/example_dags/example_task_group.py
[2024-09-01T04:42:39.521+0000] {processor.py:914} INFO - Processing file /home/ubuntu/airflow_snow/lib/python3.12/site-packages/airflow/example_dags/example_task_group.py for tasks to queue
[2024-09-01T04:42:39.523+0000] {logging_mixin.py:190} INFO - [2024-09-01T04:42:39.523+0000] {dagbag.py:587} INFO - Filling up the DagBag from /home/ubuntu/airflow_snow/lib/python3.12/site-packages/airflow/example_dags/example_task_group.py
[2024-09-01T04:42:39.531+0000] {processor.py:925} INFO - DAG(s) 'example_task_group' retrieved from /home/ubuntu/airflow_snow/lib/python3.12/site-packages/airflow/example_dags/example_task_group.py
[2024-09-01T04:42:39.547+0000] {logging_mixin.py:190} INFO - [2024-09-01T04:42:39.546+0000] {dag.py:3211} INFO - Sync 1 DAGs
[2024-09-01T04:42:39.564+0000] {logging_mixin.py:190} INFO - [2024-09-01T04:42:39.564+0000] {dag.py:4138} INFO - Setting next_dagrun for example_task_group to 2024-08-31 00:00:00+00:00, run_after=2024-09-01 00:00:00+00:00
[2024-09-01T04:42:39.586+0000] {processor.py:208} INFO - Processing /home/ubuntu/airflow_snow/lib/python3.12/site-packages/airflow/example_dags/example_task_group.py took 0.072 seconds
[2024-09-01T04:43:29.148+0000] {processor.py:186} INFO - Started process (PID=3073) to work on /home/ubuntu/airflow_snow/lib/python3.12/site-packages/airflow/example_dags/example_task_group.py
[2024-09-01T04:43:29.150+0000] {processor.py:914} INFO - Processing file /home/ubuntu/airflow_snow/lib/python3.12/site-packages/airflow/example_dags/example_task_group.py for tasks to queue
[2024-09-01T04:43:29.152+0000] {logging_mixin.py:190} INFO - [2024-09-01T04:43:29.152+0000] {dagbag.py:587} INFO - Filling up the DagBag from /home/ubuntu/airflow_snow/lib/python3.12/site-packages/airflow/example_dags/example_task_group.py
[2024-09-01T04:43:29.161+0000] {processor.py:925} INFO - DAG(s) 'example_task_group' retrieved from /home/ubuntu/airflow_snow/lib/python3.12/site-packages/airflow/example_dags/example_task_group.py
[2024-09-01T04:43:29.175+0000] {logging_mixin.py:190} INFO - [2024-09-01T04:43:29.175+0000] {dag.py:3211} INFO - Sync 1 DAGs
[2024-09-01T04:43:29.194+0000] {logging_mixin.py:190} INFO - [2024-09-01T04:43:29.194+0000] {dag.py:4138} INFO - Setting next_dagrun for example_task_group to 2024-08-31 00:00:00+00:00, run_after=2024-09-01 00:00:00+00:00
[2024-09-01T04:43:29.215+0000] {processor.py:208} INFO - Processing /home/ubuntu/airflow_snow/lib/python3.12/site-packages/airflow/example_dags/example_task_group.py took 0.073 seconds
[2024-09-01T04:44:18.488+0000] {processor.py:186} INFO - Started process (PID=3125) to work on /home/ubuntu/airflow_snow/lib/python3.12/site-packages/airflow/example_dags/example_task_group.py
[2024-09-01T04:44:18.490+0000] {processor.py:914} INFO - Processing file /home/ubuntu/airflow_snow/lib/python3.12/site-packages/airflow/example_dags/example_task_group.py for tasks to queue
[2024-09-01T04:44:18.491+0000] {logging_mixin.py:190} INFO - [2024-09-01T04:44:18.491+0000] {dagbag.py:587} INFO - Filling up the DagBag from /home/ubuntu/airflow_snow/lib/python3.12/site-packages/airflow/example_dags/example_task_group.py
[2024-09-01T04:44:18.500+0000] {processor.py:925} INFO - DAG(s) 'example_task_group' retrieved from /home/ubuntu/airflow_snow/lib/python3.12/site-packages/airflow/example_dags/example_task_group.py
[2024-09-01T04:44:18.515+0000] {logging_mixin.py:190} INFO - [2024-09-01T04:44:18.515+0000] {dag.py:3211} INFO - Sync 1 DAGs
[2024-09-01T04:44:18.533+0000] {logging_mixin.py:190} INFO - [2024-09-01T04:44:18.533+0000] {dag.py:4138} INFO - Setting next_dagrun for example_task_group to 2024-08-31 00:00:00+00:00, run_after=2024-09-01 00:00:00+00:00
[2024-09-01T04:44:18.554+0000] {processor.py:208} INFO - Processing /home/ubuntu/airflow_snow/lib/python3.12/site-packages/airflow/example_dags/example_task_group.py took 0.071 seconds
[2024-09-01T04:45:05.831+0000] {processor.py:186} INFO - Started process (PID=3179) to work on /home/ubuntu/airflow_snow/lib/python3.12/site-packages/airflow/example_dags/example_task_group.py
[2024-09-01T04:45:05.833+0000] {processor.py:914} INFO - Processing file /home/ubuntu/airflow_snow/lib/python3.12/site-packages/airflow/example_dags/example_task_group.py for tasks to queue
[2024-09-01T04:45:05.834+0000] {logging_mixin.py:190} INFO - [2024-09-01T04:45:05.834+0000] {dagbag.py:587} INFO - Filling up the DagBag from /home/ubuntu/airflow_snow/lib/python3.12/site-packages/airflow/example_dags/example_task_group.py
[2024-09-01T04:45:05.843+0000] {processor.py:925} INFO - DAG(s) 'example_task_group' retrieved from /home/ubuntu/airflow_snow/lib/python3.12/site-packages/airflow/example_dags/example_task_group.py
[2024-09-01T04:45:05.858+0000] {logging_mixin.py:190} INFO - [2024-09-01T04:45:05.858+0000] {dag.py:3211} INFO - Sync 1 DAGs
[2024-09-01T04:45:05.876+0000] {logging_mixin.py:190} INFO - [2024-09-01T04:45:05.876+0000] {dag.py:4138} INFO - Setting next_dagrun for example_task_group to 2024-08-31 00:00:00+00:00, run_after=2024-09-01 00:00:00+00:00
[2024-09-01T04:45:05.898+0000] {processor.py:208} INFO - Processing /home/ubuntu/airflow_snow/lib/python3.12/site-packages/airflow/example_dags/example_task_group.py took 0.084 seconds
[2024-09-01T04:45:54.011+0000] {processor.py:186} INFO - Started process (PID=3233) to work on /home/ubuntu/airflow_snow/lib/python3.12/site-packages/airflow/example_dags/example_task_group.py
[2024-09-01T04:45:54.014+0000] {processor.py:914} INFO - Processing file /home/ubuntu/airflow_snow/lib/python3.12/site-packages/airflow/example_dags/example_task_group.py for tasks to queue
[2024-09-01T04:45:54.015+0000] {logging_mixin.py:190} INFO - [2024-09-01T04:45:54.015+0000] {dagbag.py:587} INFO - Filling up the DagBag from /home/ubuntu/airflow_snow/lib/python3.12/site-packages/airflow/example_dags/example_task_group.py
[2024-09-01T04:45:54.025+0000] {processor.py:925} INFO - DAG(s) 'example_task_group' retrieved from /home/ubuntu/airflow_snow/lib/python3.12/site-packages/airflow/example_dags/example_task_group.py
[2024-09-01T04:45:54.041+0000] {logging_mixin.py:190} INFO - [2024-09-01T04:45:54.040+0000] {dag.py:3211} INFO - Sync 1 DAGs
[2024-09-01T04:45:54.060+0000] {logging_mixin.py:190} INFO - [2024-09-01T04:45:54.060+0000] {dag.py:4138} INFO - Setting next_dagrun for example_task_group to 2024-08-31 00:00:00+00:00, run_after=2024-09-01 00:00:00+00:00
[2024-09-01T04:45:54.081+0000] {processor.py:208} INFO - Processing /home/ubuntu/airflow_snow/lib/python3.12/site-packages/airflow/example_dags/example_task_group.py took 0.075 seconds
[2024-09-01T04:46:43.603+0000] {processor.py:186} INFO - Started process (PID=3284) to work on /home/ubuntu/airflow_snow/lib/python3.12/site-packages/airflow/example_dags/example_task_group.py
[2024-09-01T04:46:43.604+0000] {processor.py:914} INFO - Processing file /home/ubuntu/airflow_snow/lib/python3.12/site-packages/airflow/example_dags/example_task_group.py for tasks to queue
[2024-09-01T04:46:43.606+0000] {logging_mixin.py:190} INFO - [2024-09-01T04:46:43.606+0000] {dagbag.py:587} INFO - Filling up the DagBag from /home/ubuntu/airflow_snow/lib/python3.12/site-packages/airflow/example_dags/example_task_group.py
[2024-09-01T04:46:43.615+0000] {processor.py:925} INFO - DAG(s) 'example_task_group' retrieved from /home/ubuntu/airflow_snow/lib/python3.12/site-packages/airflow/example_dags/example_task_group.py
[2024-09-01T04:46:43.631+0000] {logging_mixin.py:190} INFO - [2024-09-01T04:46:43.631+0000] {dag.py:3211} INFO - Sync 1 DAGs
[2024-09-01T04:46:43.648+0000] {logging_mixin.py:190} INFO - [2024-09-01T04:46:43.648+0000] {dag.py:4138} INFO - Setting next_dagrun for example_task_group to 2024-08-31 00:00:00+00:00, run_after=2024-09-01 00:00:00+00:00
[2024-09-01T04:46:43.668+0000] {processor.py:208} INFO - Processing /home/ubuntu/airflow_snow/lib/python3.12/site-packages/airflow/example_dags/example_task_group.py took 0.070 seconds
[2024-09-01T04:47:30.438+0000] {processor.py:186} INFO - Started process (PID=3333) to work on /home/ubuntu/airflow_snow/lib/python3.12/site-packages/airflow/example_dags/example_task_group.py
[2024-09-01T04:47:30.440+0000] {processor.py:914} INFO - Processing file /home/ubuntu/airflow_snow/lib/python3.12/site-packages/airflow/example_dags/example_task_group.py for tasks to queue
[2024-09-01T04:47:30.442+0000] {logging_mixin.py:190} INFO - [2024-09-01T04:47:30.441+0000] {dagbag.py:587} INFO - Filling up the DagBag from /home/ubuntu/airflow_snow/lib/python3.12/site-packages/airflow/example_dags/example_task_group.py
[2024-09-01T04:47:30.451+0000] {processor.py:925} INFO - DAG(s) 'example_task_group' retrieved from /home/ubuntu/airflow_snow/lib/python3.12/site-packages/airflow/example_dags/example_task_group.py
[2024-09-01T04:47:30.467+0000] {logging_mixin.py:190} INFO - [2024-09-01T04:47:30.467+0000] {dag.py:3211} INFO - Sync 1 DAGs
[2024-09-01T04:47:30.485+0000] {logging_mixin.py:190} INFO - [2024-09-01T04:47:30.485+0000] {dag.py:4138} INFO - Setting next_dagrun for example_task_group to 2024-08-31 00:00:00+00:00, run_after=2024-09-01 00:00:00+00:00
[2024-09-01T04:47:30.507+0000] {processor.py:208} INFO - Processing /home/ubuntu/airflow_snow/lib/python3.12/site-packages/airflow/example_dags/example_task_group.py took 0.076 seconds
[2024-09-01T04:48:19.199+0000] {processor.py:186} INFO - Started process (PID=3383) to work on /home/ubuntu/airflow_snow/lib/python3.12/site-packages/airflow/example_dags/example_task_group.py
[2024-09-01T04:48:19.200+0000] {processor.py:914} INFO - Processing file /home/ubuntu/airflow_snow/lib/python3.12/site-packages/airflow/example_dags/example_task_group.py for tasks to queue
[2024-09-01T04:48:19.202+0000] {logging_mixin.py:190} INFO - [2024-09-01T04:48:19.202+0000] {dagbag.py:587} INFO - Filling up the DagBag from /home/ubuntu/airflow_snow/lib/python3.12/site-packages/airflow/example_dags/example_task_group.py
[2024-09-01T04:48:19.210+0000] {processor.py:925} INFO - DAG(s) 'example_task_group' retrieved from /home/ubuntu/airflow_snow/lib/python3.12/site-packages/airflow/example_dags/example_task_group.py
[2024-09-01T04:48:19.226+0000] {logging_mixin.py:190} INFO - [2024-09-01T04:48:19.226+0000] {dag.py:3211} INFO - Sync 1 DAGs
[2024-09-01T04:48:19.245+0000] {logging_mixin.py:190} INFO - [2024-09-01T04:48:19.244+0000] {dag.py:4138} INFO - Setting next_dagrun for example_task_group to 2024-08-31 00:00:00+00:00, run_after=2024-09-01 00:00:00+00:00
[2024-09-01T04:48:19.267+0000] {processor.py:208} INFO - Processing /home/ubuntu/airflow_snow/lib/python3.12/site-packages/airflow/example_dags/example_task_group.py took 0.072 seconds
[2024-09-01T04:49:08.767+0000] {processor.py:186} INFO - Started process (PID=3434) to work on /home/ubuntu/airflow_snow/lib/python3.12/site-packages/airflow/example_dags/example_task_group.py
[2024-09-01T04:49:08.770+0000] {processor.py:914} INFO - Processing file /home/ubuntu/airflow_snow/lib/python3.12/site-packages/airflow/example_dags/example_task_group.py for tasks to queue
[2024-09-01T04:49:08.771+0000] {logging_mixin.py:190} INFO - [2024-09-01T04:49:08.771+0000] {dagbag.py:587} INFO - Filling up the DagBag from /home/ubuntu/airflow_snow/lib/python3.12/site-packages/airflow/example_dags/example_task_group.py
[2024-09-01T04:49:08.780+0000] {processor.py:925} INFO - DAG(s) 'example_task_group' retrieved from /home/ubuntu/airflow_snow/lib/python3.12/site-packages/airflow/example_dags/example_task_group.py
[2024-09-01T04:49:08.796+0000] {logging_mixin.py:190} INFO - [2024-09-01T04:49:08.796+0000] {dag.py:3211} INFO - Sync 1 DAGs
[2024-09-01T04:49:08.814+0000] {logging_mixin.py:190} INFO - [2024-09-01T04:49:08.814+0000] {dag.py:4138} INFO - Setting next_dagrun for example_task_group to 2024-08-31 00:00:00+00:00, run_after=2024-09-01 00:00:00+00:00
[2024-09-01T04:49:08.841+0000] {processor.py:208} INFO - Processing /home/ubuntu/airflow_snow/lib/python3.12/site-packages/airflow/example_dags/example_task_group.py took 0.079 seconds
[2024-09-01T04:49:57.090+0000] {processor.py:186} INFO - Started process (PID=3486) to work on /home/ubuntu/airflow_snow/lib/python3.12/site-packages/airflow/example_dags/example_task_group.py
[2024-09-01T04:49:57.091+0000] {processor.py:914} INFO - Processing file /home/ubuntu/airflow_snow/lib/python3.12/site-packages/airflow/example_dags/example_task_group.py for tasks to queue
[2024-09-01T04:49:57.094+0000] {logging_mixin.py:190} INFO - [2024-09-01T04:49:57.093+0000] {dagbag.py:587} INFO - Filling up the DagBag from /home/ubuntu/airflow_snow/lib/python3.12/site-packages/airflow/example_dags/example_task_group.py
[2024-09-01T04:49:57.102+0000] {processor.py:925} INFO - DAG(s) 'example_task_group' retrieved from /home/ubuntu/airflow_snow/lib/python3.12/site-packages/airflow/example_dags/example_task_group.py
[2024-09-01T04:49:57.117+0000] {logging_mixin.py:190} INFO - [2024-09-01T04:49:57.117+0000] {dag.py:3211} INFO - Sync 1 DAGs
[2024-09-01T04:49:57.134+0000] {logging_mixin.py:190} INFO - [2024-09-01T04:49:57.134+0000] {dag.py:4138} INFO - Setting next_dagrun for example_task_group to 2024-08-31 00:00:00+00:00, run_after=2024-09-01 00:00:00+00:00
[2024-09-01T04:49:57.160+0000] {processor.py:208} INFO - Processing /home/ubuntu/airflow_snow/lib/python3.12/site-packages/airflow/example_dags/example_task_group.py took 0.075 seconds
[2024-09-01T04:50:40.414+0000] {processor.py:186} INFO - Started process (PID=3537) to work on /home/ubuntu/airflow_snow/lib/python3.12/site-packages/airflow/example_dags/example_task_group.py
[2024-09-01T04:50:40.416+0000] {processor.py:914} INFO - Processing file /home/ubuntu/airflow_snow/lib/python3.12/site-packages/airflow/example_dags/example_task_group.py for tasks to queue
[2024-09-01T04:50:40.418+0000] {logging_mixin.py:190} INFO - [2024-09-01T04:50:40.418+0000] {dagbag.py:587} INFO - Filling up the DagBag from /home/ubuntu/airflow_snow/lib/python3.12/site-packages/airflow/example_dags/example_task_group.py
[2024-09-01T04:50:40.427+0000] {processor.py:925} INFO - DAG(s) 'example_task_group' retrieved from /home/ubuntu/airflow_snow/lib/python3.12/site-packages/airflow/example_dags/example_task_group.py
[2024-09-01T04:50:40.443+0000] {logging_mixin.py:190} INFO - [2024-09-01T04:50:40.443+0000] {dag.py:3211} INFO - Sync 1 DAGs
[2024-09-01T04:50:40.463+0000] {logging_mixin.py:190} INFO - [2024-09-01T04:50:40.463+0000] {dag.py:4138} INFO - Setting next_dagrun for example_task_group to 2024-08-31 00:00:00+00:00, run_after=2024-09-01 00:00:00+00:00
[2024-09-01T04:50:40.491+0000] {processor.py:208} INFO - Processing /home/ubuntu/airflow_snow/lib/python3.12/site-packages/airflow/example_dags/example_task_group.py took 0.081 seconds
[2024-09-01T04:51:28.227+0000] {processor.py:186} INFO - Started process (PID=3586) to work on /home/ubuntu/airflow_snow/lib/python3.12/site-packages/airflow/example_dags/example_task_group.py
[2024-09-01T04:51:28.230+0000] {processor.py:914} INFO - Processing file /home/ubuntu/airflow_snow/lib/python3.12/site-packages/airflow/example_dags/example_task_group.py for tasks to queue
[2024-09-01T04:51:28.231+0000] {logging_mixin.py:190} INFO - [2024-09-01T04:51:28.231+0000] {dagbag.py:587} INFO - Filling up the DagBag from /home/ubuntu/airflow_snow/lib/python3.12/site-packages/airflow/example_dags/example_task_group.py
[2024-09-01T04:51:28.240+0000] {processor.py:925} INFO - DAG(s) 'example_task_group' retrieved from /home/ubuntu/airflow_snow/lib/python3.12/site-packages/airflow/example_dags/example_task_group.py
[2024-09-01T04:51:28.255+0000] {logging_mixin.py:190} INFO - [2024-09-01T04:51:28.255+0000] {dag.py:3211} INFO - Sync 1 DAGs
[2024-09-01T04:51:28.273+0000] {logging_mixin.py:190} INFO - [2024-09-01T04:51:28.272+0000] {dag.py:4138} INFO - Setting next_dagrun for example_task_group to 2024-08-31 00:00:00+00:00, run_after=2024-09-01 00:00:00+00:00
[2024-09-01T04:51:28.295+0000] {processor.py:208} INFO - Processing /home/ubuntu/airflow_snow/lib/python3.12/site-packages/airflow/example_dags/example_task_group.py took 0.073 seconds
[2024-09-01T04:52:17.876+0000] {processor.py:186} INFO - Started process (PID=3638) to work on /home/ubuntu/airflow_snow/lib/python3.12/site-packages/airflow/example_dags/example_task_group.py
[2024-09-01T04:52:17.879+0000] {processor.py:914} INFO - Processing file /home/ubuntu/airflow_snow/lib/python3.12/site-packages/airflow/example_dags/example_task_group.py for tasks to queue
[2024-09-01T04:52:17.881+0000] {logging_mixin.py:190} INFO - [2024-09-01T04:52:17.880+0000] {dagbag.py:587} INFO - Filling up the DagBag from /home/ubuntu/airflow_snow/lib/python3.12/site-packages/airflow/example_dags/example_task_group.py
[2024-09-01T04:52:17.890+0000] {processor.py:925} INFO - DAG(s) 'example_task_group' retrieved from /home/ubuntu/airflow_snow/lib/python3.12/site-packages/airflow/example_dags/example_task_group.py
[2024-09-01T04:52:17.906+0000] {logging_mixin.py:190} INFO - [2024-09-01T04:52:17.906+0000] {dag.py:3211} INFO - Sync 1 DAGs
[2024-09-01T04:52:17.923+0000] {logging_mixin.py:190} INFO - [2024-09-01T04:52:17.923+0000] {dag.py:4138} INFO - Setting next_dagrun for example_task_group to 2024-08-31 00:00:00+00:00, run_after=2024-09-01 00:00:00+00:00
[2024-09-01T04:52:17.944+0000] {processor.py:208} INFO - Processing /home/ubuntu/airflow_snow/lib/python3.12/site-packages/airflow/example_dags/example_task_group.py took 0.073 seconds
[2024-09-01T04:53:06.168+0000] {processor.py:186} INFO - Started process (PID=3689) to work on /home/ubuntu/airflow_snow/lib/python3.12/site-packages/airflow/example_dags/example_task_group.py
[2024-09-01T04:53:06.169+0000] {processor.py:914} INFO - Processing file /home/ubuntu/airflow_snow/lib/python3.12/site-packages/airflow/example_dags/example_task_group.py for tasks to queue
[2024-09-01T04:53:06.171+0000] {logging_mixin.py:190} INFO - [2024-09-01T04:53:06.170+0000] {dagbag.py:587} INFO - Filling up the DagBag from /home/ubuntu/airflow_snow/lib/python3.12/site-packages/airflow/example_dags/example_task_group.py
[2024-09-01T04:53:06.179+0000] {processor.py:925} INFO - DAG(s) 'example_task_group' retrieved from /home/ubuntu/airflow_snow/lib/python3.12/site-packages/airflow/example_dags/example_task_group.py
[2024-09-01T04:53:06.194+0000] {logging_mixin.py:190} INFO - [2024-09-01T04:53:06.194+0000] {dag.py:3211} INFO - Sync 1 DAGs
[2024-09-01T04:53:06.212+0000] {logging_mixin.py:190} INFO - [2024-09-01T04:53:06.212+0000] {dag.py:4138} INFO - Setting next_dagrun for example_task_group to 2024-08-31 00:00:00+00:00, run_after=2024-09-01 00:00:00+00:00
[2024-09-01T04:53:06.234+0000] {processor.py:208} INFO - Processing /home/ubuntu/airflow_snow/lib/python3.12/site-packages/airflow/example_dags/example_task_group.py took 0.072 seconds
