[2024-09-01T04:29:18.186+0000] {processor.py:186} INFO - Started process (PID=2190) to work on /home/ubuntu/airflow_snow/lib/python3.12/site-packages/airflow/example_dags/example_inlet_event_extra.py
[2024-09-01T04:29:18.187+0000] {processor.py:914} INFO - Processing file /home/ubuntu/airflow_snow/lib/python3.12/site-packages/airflow/example_dags/example_inlet_event_extra.py for tasks to queue
[2024-09-01T04:29:18.189+0000] {logging_mixin.py:190} INFO - [2024-09-01T04:29:18.188+0000] {dagbag.py:587} INFO - Filling up the DagBag from /home/ubuntu/airflow_snow/lib/python3.12/site-packages/airflow/example_dags/example_inlet_event_extra.py
[2024-09-01T04:29:18.199+0000] {processor.py:925} INFO - DAG(s) 'read_dataset_event_from_classic', 'read_dataset_event' retrieved from /home/ubuntu/airflow_snow/lib/python3.12/site-packages/airflow/example_dags/example_inlet_event_extra.py
[2024-09-01T04:29:18.302+0000] {logging_mixin.py:190} INFO - [2024-09-01T04:29:18.301+0000] {override.py:1900} INFO - Created Permission View: can delete on DAG:read_dataset_event_from_classic
[2024-09-01T04:29:18.314+0000] {logging_mixin.py:190} INFO - [2024-09-01T04:29:18.314+0000] {override.py:1900} INFO - Created Permission View: can read on DAG:read_dataset_event_from_classic
[2024-09-01T04:29:18.326+0000] {logging_mixin.py:190} INFO - [2024-09-01T04:29:18.326+0000] {override.py:1900} INFO - Created Permission View: can edit on DAG:read_dataset_event_from_classic
[2024-09-01T04:29:18.344+0000] {logging_mixin.py:190} INFO - [2024-09-01T04:29:18.344+0000] {override.py:1900} INFO - Created Permission View: menu access on DAG Run:read_dataset_event_from_classic
[2024-09-01T04:29:18.354+0000] {logging_mixin.py:190} INFO - [2024-09-01T04:29:18.354+0000] {override.py:1900} INFO - Created Permission View: can create on DAG Run:read_dataset_event_from_classic
[2024-09-01T04:29:18.365+0000] {logging_mixin.py:190} INFO - [2024-09-01T04:29:18.365+0000] {override.py:1900} INFO - Created Permission View: can read on DAG Run:read_dataset_event_from_classic
[2024-09-01T04:29:18.375+0000] {logging_mixin.py:190} INFO - [2024-09-01T04:29:18.375+0000] {override.py:1900} INFO - Created Permission View: can delete on DAG Run:read_dataset_event_from_classic
[2024-09-01T04:29:18.397+0000] {logging_mixin.py:190} INFO - [2024-09-01T04:29:18.397+0000] {override.py:1900} INFO - Created Permission View: can delete on DAG:read_dataset_event
[2024-09-01T04:29:18.407+0000] {logging_mixin.py:190} INFO - [2024-09-01T04:29:18.407+0000] {override.py:1900} INFO - Created Permission View: can read on DAG:read_dataset_event
[2024-09-01T04:29:18.417+0000] {logging_mixin.py:190} INFO - [2024-09-01T04:29:18.417+0000] {override.py:1900} INFO - Created Permission View: can edit on DAG:read_dataset_event
[2024-09-01T04:29:18.432+0000] {logging_mixin.py:190} INFO - [2024-09-01T04:29:18.432+0000] {override.py:1900} INFO - Created Permission View: menu access on DAG Run:read_dataset_event
[2024-09-01T04:29:18.441+0000] {logging_mixin.py:190} INFO - [2024-09-01T04:29:18.441+0000] {override.py:1900} INFO - Created Permission View: can create on DAG Run:read_dataset_event
[2024-09-01T04:29:18.450+0000] {logging_mixin.py:190} INFO - [2024-09-01T04:29:18.450+0000] {override.py:1900} INFO - Created Permission View: can read on DAG Run:read_dataset_event
[2024-09-01T04:29:18.461+0000] {logging_mixin.py:190} INFO - [2024-09-01T04:29:18.461+0000] {override.py:1900} INFO - Created Permission View: can delete on DAG Run:read_dataset_event
[2024-09-01T04:29:18.461+0000] {logging_mixin.py:190} INFO - [2024-09-01T04:29:18.461+0000] {dag.py:3211} INFO - Sync 2 DAGs
[2024-09-01T04:29:18.470+0000] {logging_mixin.py:190} INFO - [2024-09-01T04:29:18.469+0000] {dag.py:3234} INFO - Creating ORM DAG for read_dataset_event_from_classic
[2024-09-01T04:29:18.470+0000] {logging_mixin.py:190} INFO - [2024-09-01T04:29:18.470+0000] {dag.py:3234} INFO - Creating ORM DAG for read_dataset_event
[2024-09-01T04:29:18.479+0000] {logging_mixin.py:190} INFO - [2024-09-01T04:29:18.479+0000] {dag.py:4138} INFO - Setting next_dagrun for read_dataset_event to 2024-08-31 00:00:00+00:00, run_after=2024-09-01 00:00:00+00:00
[2024-09-01T04:29:18.481+0000] {logging_mixin.py:190} INFO - [2024-09-01T04:29:18.481+0000] {dag.py:4138} INFO - Setting next_dagrun for read_dataset_event_from_classic to 2024-08-31 00:00:00+00:00, run_after=2024-09-01 00:00:00+00:00
[2024-09-01T04:29:18.506+0000] {processor.py:208} INFO - Processing /home/ubuntu/airflow_snow/lib/python3.12/site-packages/airflow/example_dags/example_inlet_event_extra.py took 0.326 seconds
[2024-09-01T04:30:15.962+0000] {processor.py:186} INFO - Started process (PID=2248) to work on /home/ubuntu/airflow_snow/lib/python3.12/site-packages/airflow/example_dags/example_inlet_event_extra.py
[2024-09-01T04:30:15.965+0000] {processor.py:914} INFO - Processing file /home/ubuntu/airflow_snow/lib/python3.12/site-packages/airflow/example_dags/example_inlet_event_extra.py for tasks to queue
[2024-09-01T04:30:15.967+0000] {logging_mixin.py:190} INFO - [2024-09-01T04:30:15.967+0000] {dagbag.py:587} INFO - Filling up the DagBag from /home/ubuntu/airflow_snow/lib/python3.12/site-packages/airflow/example_dags/example_inlet_event_extra.py
[2024-09-01T04:30:15.979+0000] {processor.py:925} INFO - DAG(s) 'read_dataset_event', 'read_dataset_event_from_classic' retrieved from /home/ubuntu/airflow_snow/lib/python3.12/site-packages/airflow/example_dags/example_inlet_event_extra.py
[2024-09-01T04:30:15.995+0000] {logging_mixin.py:190} INFO - [2024-09-01T04:30:15.995+0000] {dag.py:3211} INFO - Sync 2 DAGs
[2024-09-01T04:30:16.014+0000] {logging_mixin.py:190} INFO - [2024-09-01T04:30:16.014+0000] {dag.py:4138} INFO - Setting next_dagrun for read_dataset_event to 2024-08-31 00:00:00+00:00, run_after=2024-09-01 00:00:00+00:00
[2024-09-01T04:30:16.018+0000] {logging_mixin.py:190} INFO - [2024-09-01T04:30:16.018+0000] {dag.py:4138} INFO - Setting next_dagrun for read_dataset_event_from_classic to 2024-08-31 00:00:00+00:00, run_after=2024-09-01 00:00:00+00:00
[2024-09-01T04:30:16.038+0000] {processor.py:208} INFO - Processing /home/ubuntu/airflow_snow/lib/python3.12/site-packages/airflow/example_dags/example_inlet_event_extra.py took 0.081 seconds
[2024-09-01T04:31:11.305+0000] {processor.py:186} INFO - Started process (PID=2309) to work on /home/ubuntu/airflow_snow/lib/python3.12/site-packages/airflow/example_dags/example_inlet_event_extra.py
[2024-09-01T04:31:11.307+0000] {processor.py:914} INFO - Processing file /home/ubuntu/airflow_snow/lib/python3.12/site-packages/airflow/example_dags/example_inlet_event_extra.py for tasks to queue
[2024-09-01T04:31:11.309+0000] {logging_mixin.py:190} INFO - [2024-09-01T04:31:11.308+0000] {dagbag.py:587} INFO - Filling up the DagBag from /home/ubuntu/airflow_snow/lib/python3.12/site-packages/airflow/example_dags/example_inlet_event_extra.py
[2024-09-01T04:31:11.320+0000] {processor.py:925} INFO - DAG(s) 'read_dataset_event_from_classic', 'read_dataset_event' retrieved from /home/ubuntu/airflow_snow/lib/python3.12/site-packages/airflow/example_dags/example_inlet_event_extra.py
[2024-09-01T04:31:11.335+0000] {logging_mixin.py:190} INFO - [2024-09-01T04:31:11.335+0000] {dag.py:3211} INFO - Sync 2 DAGs
[2024-09-01T04:31:11.354+0000] {logging_mixin.py:190} INFO - [2024-09-01T04:31:11.354+0000] {dag.py:4138} INFO - Setting next_dagrun for read_dataset_event to 2024-08-31 00:00:00+00:00, run_after=2024-09-01 00:00:00+00:00
[2024-09-01T04:31:11.358+0000] {logging_mixin.py:190} INFO - [2024-09-01T04:31:11.358+0000] {dag.py:4138} INFO - Setting next_dagrun for read_dataset_event_from_classic to 2024-08-31 00:00:00+00:00, run_after=2024-09-01 00:00:00+00:00
[2024-09-01T04:31:11.379+0000] {processor.py:208} INFO - Processing /home/ubuntu/airflow_snow/lib/python3.12/site-packages/airflow/example_dags/example_inlet_event_extra.py took 0.079 seconds
[2024-09-01T04:32:22.195+0000] {processor.py:186} INFO - Started process (PID=2384) to work on /home/ubuntu/airflow_snow/lib/python3.12/site-packages/airflow/example_dags/example_inlet_event_extra.py
[2024-09-01T04:32:22.197+0000] {processor.py:914} INFO - Processing file /home/ubuntu/airflow_snow/lib/python3.12/site-packages/airflow/example_dags/example_inlet_event_extra.py for tasks to queue
[2024-09-01T04:32:22.199+0000] {logging_mixin.py:190} INFO - [2024-09-01T04:32:22.198+0000] {dagbag.py:587} INFO - Filling up the DagBag from /home/ubuntu/airflow_snow/lib/python3.12/site-packages/airflow/example_dags/example_inlet_event_extra.py
[2024-09-01T04:32:22.211+0000] {processor.py:925} INFO - DAG(s) 'read_dataset_event', 'read_dataset_event_from_classic' retrieved from /home/ubuntu/airflow_snow/lib/python3.12/site-packages/airflow/example_dags/example_inlet_event_extra.py
[2024-09-01T04:32:22.226+0000] {logging_mixin.py:190} INFO - [2024-09-01T04:32:22.226+0000] {dag.py:3211} INFO - Sync 2 DAGs
[2024-09-01T04:32:22.244+0000] {logging_mixin.py:190} INFO - [2024-09-01T04:32:22.244+0000] {dag.py:4138} INFO - Setting next_dagrun for read_dataset_event to 2024-08-31 00:00:00+00:00, run_after=2024-09-01 00:00:00+00:00
[2024-09-01T04:32:22.247+0000] {logging_mixin.py:190} INFO - [2024-09-01T04:32:22.247+0000] {dag.py:4138} INFO - Setting next_dagrun for read_dataset_event_from_classic to 2024-08-31 00:00:00+00:00, run_after=2024-09-01 00:00:00+00:00
[2024-09-01T04:32:22.266+0000] {processor.py:208} INFO - Processing /home/ubuntu/airflow_snow/lib/python3.12/site-packages/airflow/example_dags/example_inlet_event_extra.py took 0.077 seconds
[2024-09-01T04:33:35.892+0000] {processor.py:186} INFO - Started process (PID=2459) to work on /home/ubuntu/airflow_snow/lib/python3.12/site-packages/airflow/example_dags/example_inlet_event_extra.py
[2024-09-01T04:33:35.894+0000] {processor.py:914} INFO - Processing file /home/ubuntu/airflow_snow/lib/python3.12/site-packages/airflow/example_dags/example_inlet_event_extra.py for tasks to queue
[2024-09-01T04:33:35.896+0000] {logging_mixin.py:190} INFO - [2024-09-01T04:33:35.896+0000] {dagbag.py:587} INFO - Filling up the DagBag from /home/ubuntu/airflow_snow/lib/python3.12/site-packages/airflow/example_dags/example_inlet_event_extra.py
[2024-09-01T04:33:35.908+0000] {processor.py:925} INFO - DAG(s) 'read_dataset_event_from_classic', 'read_dataset_event' retrieved from /home/ubuntu/airflow_snow/lib/python3.12/site-packages/airflow/example_dags/example_inlet_event_extra.py
[2024-09-01T04:33:35.923+0000] {logging_mixin.py:190} INFO - [2024-09-01T04:33:35.923+0000] {dag.py:3211} INFO - Sync 2 DAGs
[2024-09-01T04:33:35.942+0000] {logging_mixin.py:190} INFO - [2024-09-01T04:33:35.942+0000] {dag.py:4138} INFO - Setting next_dagrun for read_dataset_event to 2024-08-31 00:00:00+00:00, run_after=2024-09-01 00:00:00+00:00
[2024-09-01T04:33:35.946+0000] {logging_mixin.py:190} INFO - [2024-09-01T04:33:35.946+0000] {dag.py:4138} INFO - Setting next_dagrun for read_dataset_event_from_classic to 2024-08-31 00:00:00+00:00, run_after=2024-09-01 00:00:00+00:00
[2024-09-01T04:33:35.966+0000] {processor.py:208} INFO - Processing /home/ubuntu/airflow_snow/lib/python3.12/site-packages/airflow/example_dags/example_inlet_event_extra.py took 0.079 seconds
[2024-09-01T04:34:29.403+0000] {processor.py:186} INFO - Started process (PID=2516) to work on /home/ubuntu/airflow_snow/lib/python3.12/site-packages/airflow/example_dags/example_inlet_event_extra.py
[2024-09-01T04:34:29.406+0000] {processor.py:914} INFO - Processing file /home/ubuntu/airflow_snow/lib/python3.12/site-packages/airflow/example_dags/example_inlet_event_extra.py for tasks to queue
[2024-09-01T04:34:29.407+0000] {logging_mixin.py:190} INFO - [2024-09-01T04:34:29.407+0000] {dagbag.py:587} INFO - Filling up the DagBag from /home/ubuntu/airflow_snow/lib/python3.12/site-packages/airflow/example_dags/example_inlet_event_extra.py
[2024-09-01T04:34:29.419+0000] {processor.py:925} INFO - DAG(s) 'read_dataset_event', 'read_dataset_event_from_classic' retrieved from /home/ubuntu/airflow_snow/lib/python3.12/site-packages/airflow/example_dags/example_inlet_event_extra.py
[2024-09-01T04:34:29.434+0000] {logging_mixin.py:190} INFO - [2024-09-01T04:34:29.434+0000] {dag.py:3211} INFO - Sync 2 DAGs
[2024-09-01T04:34:29.452+0000] {logging_mixin.py:190} INFO - [2024-09-01T04:34:29.452+0000] {dag.py:4138} INFO - Setting next_dagrun for read_dataset_event to 2024-08-31 00:00:00+00:00, run_after=2024-09-01 00:00:00+00:00
[2024-09-01T04:34:29.457+0000] {logging_mixin.py:190} INFO - [2024-09-01T04:34:29.457+0000] {dag.py:4138} INFO - Setting next_dagrun for read_dataset_event_from_classic to 2024-08-31 00:00:00+00:00, run_after=2024-09-01 00:00:00+00:00
[2024-09-01T04:34:29.475+0000] {processor.py:208} INFO - Processing /home/ubuntu/airflow_snow/lib/python3.12/site-packages/airflow/example_dags/example_inlet_event_extra.py took 0.077 seconds
[2024-09-01T04:35:42.555+0000] {processor.py:186} INFO - Started process (PID=2595) to work on /home/ubuntu/airflow_snow/lib/python3.12/site-packages/airflow/example_dags/example_inlet_event_extra.py
[2024-09-01T04:35:42.557+0000] {processor.py:914} INFO - Processing file /home/ubuntu/airflow_snow/lib/python3.12/site-packages/airflow/example_dags/example_inlet_event_extra.py for tasks to queue
[2024-09-01T04:35:42.558+0000] {logging_mixin.py:190} INFO - [2024-09-01T04:35:42.558+0000] {dagbag.py:587} INFO - Filling up the DagBag from /home/ubuntu/airflow_snow/lib/python3.12/site-packages/airflow/example_dags/example_inlet_event_extra.py
[2024-09-01T04:35:42.570+0000] {processor.py:925} INFO - DAG(s) 'read_dataset_event_from_classic', 'read_dataset_event' retrieved from /home/ubuntu/airflow_snow/lib/python3.12/site-packages/airflow/example_dags/example_inlet_event_extra.py
[2024-09-01T04:35:42.585+0000] {logging_mixin.py:190} INFO - [2024-09-01T04:35:42.585+0000] {dag.py:3211} INFO - Sync 2 DAGs
[2024-09-01T04:35:42.603+0000] {logging_mixin.py:190} INFO - [2024-09-01T04:35:42.603+0000] {dag.py:4138} INFO - Setting next_dagrun for read_dataset_event to 2024-08-31 00:00:00+00:00, run_after=2024-09-01 00:00:00+00:00
[2024-09-01T04:35:42.607+0000] {logging_mixin.py:190} INFO - [2024-09-01T04:35:42.607+0000] {dag.py:4138} INFO - Setting next_dagrun for read_dataset_event_from_classic to 2024-08-31 00:00:00+00:00, run_after=2024-09-01 00:00:00+00:00
[2024-09-01T04:35:42.626+0000] {processor.py:208} INFO - Processing /home/ubuntu/airflow_snow/lib/python3.12/site-packages/airflow/example_dags/example_inlet_event_extra.py took 0.076 seconds
[2024-09-01T04:36:59.487+0000] {processor.py:186} INFO - Started process (PID=2672) to work on /home/ubuntu/airflow_snow/lib/python3.12/site-packages/airflow/example_dags/example_inlet_event_extra.py
[2024-09-01T04:36:59.489+0000] {processor.py:914} INFO - Processing file /home/ubuntu/airflow_snow/lib/python3.12/site-packages/airflow/example_dags/example_inlet_event_extra.py for tasks to queue
[2024-09-01T04:36:59.491+0000] {logging_mixin.py:190} INFO - [2024-09-01T04:36:59.491+0000] {dagbag.py:587} INFO - Filling up the DagBag from /home/ubuntu/airflow_snow/lib/python3.12/site-packages/airflow/example_dags/example_inlet_event_extra.py
[2024-09-01T04:36:59.503+0000] {processor.py:925} INFO - DAG(s) 'read_dataset_event', 'read_dataset_event_from_classic' retrieved from /home/ubuntu/airflow_snow/lib/python3.12/site-packages/airflow/example_dags/example_inlet_event_extra.py
[2024-09-01T04:36:59.518+0000] {logging_mixin.py:190} INFO - [2024-09-01T04:36:59.518+0000] {dag.py:3211} INFO - Sync 2 DAGs
[2024-09-01T04:36:59.537+0000] {logging_mixin.py:190} INFO - [2024-09-01T04:36:59.537+0000] {dag.py:4138} INFO - Setting next_dagrun for read_dataset_event to 2024-08-31 00:00:00+00:00, run_after=2024-09-01 00:00:00+00:00
[2024-09-01T04:36:59.541+0000] {logging_mixin.py:190} INFO - [2024-09-01T04:36:59.541+0000] {dag.py:4138} INFO - Setting next_dagrun for read_dataset_event_from_classic to 2024-08-31 00:00:00+00:00, run_after=2024-09-01 00:00:00+00:00
[2024-09-01T04:36:59.562+0000] {processor.py:208} INFO - Processing /home/ubuntu/airflow_snow/lib/python3.12/site-packages/airflow/example_dags/example_inlet_event_extra.py took 0.081 seconds
[2024-09-01T04:38:15.063+0000] {processor.py:186} INFO - Started process (PID=2749) to work on /home/ubuntu/airflow_snow/lib/python3.12/site-packages/airflow/example_dags/example_inlet_event_extra.py
[2024-09-01T04:38:15.065+0000] {processor.py:914} INFO - Processing file /home/ubuntu/airflow_snow/lib/python3.12/site-packages/airflow/example_dags/example_inlet_event_extra.py for tasks to queue
[2024-09-01T04:38:15.067+0000] {logging_mixin.py:190} INFO - [2024-09-01T04:38:15.066+0000] {dagbag.py:587} INFO - Filling up the DagBag from /home/ubuntu/airflow_snow/lib/python3.12/site-packages/airflow/example_dags/example_inlet_event_extra.py
[2024-09-01T04:38:15.078+0000] {processor.py:925} INFO - DAG(s) 'read_dataset_event_from_classic', 'read_dataset_event' retrieved from /home/ubuntu/airflow_snow/lib/python3.12/site-packages/airflow/example_dags/example_inlet_event_extra.py
[2024-09-01T04:38:15.094+0000] {logging_mixin.py:190} INFO - [2024-09-01T04:38:15.094+0000] {dag.py:3211} INFO - Sync 2 DAGs
[2024-09-01T04:38:15.113+0000] {logging_mixin.py:190} INFO - [2024-09-01T04:38:15.113+0000] {dag.py:4138} INFO - Setting next_dagrun for read_dataset_event to 2024-08-31 00:00:00+00:00, run_after=2024-09-01 00:00:00+00:00
[2024-09-01T04:38:15.117+0000] {logging_mixin.py:190} INFO - [2024-09-01T04:38:15.117+0000] {dag.py:4138} INFO - Setting next_dagrun for read_dataset_event_from_classic to 2024-08-31 00:00:00+00:00, run_after=2024-09-01 00:00:00+00:00
[2024-09-01T04:38:15.138+0000] {processor.py:208} INFO - Processing /home/ubuntu/airflow_snow/lib/python3.12/site-packages/airflow/example_dags/example_inlet_event_extra.py took 0.080 seconds
[2024-09-01T04:39:32.526+0000] {processor.py:186} INFO - Started process (PID=2827) to work on /home/ubuntu/airflow_snow/lib/python3.12/site-packages/airflow/example_dags/example_inlet_event_extra.py
[2024-09-01T04:39:32.528+0000] {processor.py:914} INFO - Processing file /home/ubuntu/airflow_snow/lib/python3.12/site-packages/airflow/example_dags/example_inlet_event_extra.py for tasks to queue
[2024-09-01T04:39:32.530+0000] {logging_mixin.py:190} INFO - [2024-09-01T04:39:32.530+0000] {dagbag.py:587} INFO - Filling up the DagBag from /home/ubuntu/airflow_snow/lib/python3.12/site-packages/airflow/example_dags/example_inlet_event_extra.py
[2024-09-01T04:39:32.542+0000] {processor.py:925} INFO - DAG(s) 'read_dataset_event_from_classic', 'read_dataset_event' retrieved from /home/ubuntu/airflow_snow/lib/python3.12/site-packages/airflow/example_dags/example_inlet_event_extra.py
[2024-09-01T04:39:32.557+0000] {logging_mixin.py:190} INFO - [2024-09-01T04:39:32.557+0000] {dag.py:3211} INFO - Sync 2 DAGs
[2024-09-01T04:39:32.577+0000] {logging_mixin.py:190} INFO - [2024-09-01T04:39:32.576+0000] {dag.py:4138} INFO - Setting next_dagrun for read_dataset_event to 2024-08-31 00:00:00+00:00, run_after=2024-09-01 00:00:00+00:00
[2024-09-01T04:39:32.580+0000] {logging_mixin.py:190} INFO - [2024-09-01T04:39:32.580+0000] {dag.py:4138} INFO - Setting next_dagrun for read_dataset_event_from_classic to 2024-08-31 00:00:00+00:00, run_after=2024-09-01 00:00:00+00:00
[2024-09-01T04:39:32.602+0000] {processor.py:208} INFO - Processing /home/ubuntu/airflow_snow/lib/python3.12/site-packages/airflow/example_dags/example_inlet_event_extra.py took 0.081 seconds
[2024-09-01T04:40:50.218+0000] {processor.py:186} INFO - Started process (PID=2910) to work on /home/ubuntu/airflow_snow/lib/python3.12/site-packages/airflow/example_dags/example_inlet_event_extra.py
[2024-09-01T04:40:50.221+0000] {processor.py:914} INFO - Processing file /home/ubuntu/airflow_snow/lib/python3.12/site-packages/airflow/example_dags/example_inlet_event_extra.py for tasks to queue
[2024-09-01T04:40:50.222+0000] {logging_mixin.py:190} INFO - [2024-09-01T04:40:50.222+0000] {dagbag.py:587} INFO - Filling up the DagBag from /home/ubuntu/airflow_snow/lib/python3.12/site-packages/airflow/example_dags/example_inlet_event_extra.py
[2024-09-01T04:40:50.234+0000] {processor.py:925} INFO - DAG(s) 'read_dataset_event_from_classic', 'read_dataset_event' retrieved from /home/ubuntu/airflow_snow/lib/python3.12/site-packages/airflow/example_dags/example_inlet_event_extra.py
[2024-09-01T04:40:50.250+0000] {logging_mixin.py:190} INFO - [2024-09-01T04:40:50.250+0000] {dag.py:3211} INFO - Sync 2 DAGs
[2024-09-01T04:40:50.270+0000] {logging_mixin.py:190} INFO - [2024-09-01T04:40:50.270+0000] {dag.py:4138} INFO - Setting next_dagrun for read_dataset_event to 2024-08-31 00:00:00+00:00, run_after=2024-09-01 00:00:00+00:00
[2024-09-01T04:40:50.274+0000] {logging_mixin.py:190} INFO - [2024-09-01T04:40:50.274+0000] {dag.py:4138} INFO - Setting next_dagrun for read_dataset_event_from_classic to 2024-08-31 00:00:00+00:00, run_after=2024-09-01 00:00:00+00:00
[2024-09-01T04:40:50.294+0000] {processor.py:208} INFO - Processing /home/ubuntu/airflow_snow/lib/python3.12/site-packages/airflow/example_dags/example_inlet_event_extra.py took 0.082 seconds
[2024-09-01T04:41:41.716+0000] {processor.py:186} INFO - Started process (PID=2964) to work on /home/ubuntu/airflow_snow/lib/python3.12/site-packages/airflow/example_dags/example_inlet_event_extra.py
[2024-09-01T04:41:41.718+0000] {processor.py:914} INFO - Processing file /home/ubuntu/airflow_snow/lib/python3.12/site-packages/airflow/example_dags/example_inlet_event_extra.py for tasks to queue
[2024-09-01T04:41:41.720+0000] {logging_mixin.py:190} INFO - [2024-09-01T04:41:41.719+0000] {dagbag.py:587} INFO - Filling up the DagBag from /home/ubuntu/airflow_snow/lib/python3.12/site-packages/airflow/example_dags/example_inlet_event_extra.py
[2024-09-01T04:41:41.730+0000] {processor.py:925} INFO - DAG(s) 'read_dataset_event', 'read_dataset_event_from_classic' retrieved from /home/ubuntu/airflow_snow/lib/python3.12/site-packages/airflow/example_dags/example_inlet_event_extra.py
[2024-09-01T04:41:41.747+0000] {logging_mixin.py:190} INFO - [2024-09-01T04:41:41.746+0000] {dag.py:3211} INFO - Sync 2 DAGs
[2024-09-01T04:41:41.766+0000] {logging_mixin.py:190} INFO - [2024-09-01T04:41:41.766+0000] {dag.py:4138} INFO - Setting next_dagrun for read_dataset_event to 2024-08-31 00:00:00+00:00, run_after=2024-09-01 00:00:00+00:00
[2024-09-01T04:41:41.770+0000] {logging_mixin.py:190} INFO - [2024-09-01T04:41:41.770+0000] {dag.py:4138} INFO - Setting next_dagrun for read_dataset_event_from_classic to 2024-08-31 00:00:00+00:00, run_after=2024-09-01 00:00:00+00:00
[2024-09-01T04:41:41.791+0000] {processor.py:208} INFO - Processing /home/ubuntu/airflow_snow/lib/python3.12/site-packages/airflow/example_dags/example_inlet_event_extra.py took 0.080 seconds
[2024-09-01T04:42:57.734+0000] {processor.py:186} INFO - Started process (PID=3040) to work on /home/ubuntu/airflow_snow/lib/python3.12/site-packages/airflow/example_dags/example_inlet_event_extra.py
[2024-09-01T04:42:57.736+0000] {processor.py:914} INFO - Processing file /home/ubuntu/airflow_snow/lib/python3.12/site-packages/airflow/example_dags/example_inlet_event_extra.py for tasks to queue
[2024-09-01T04:42:57.738+0000] {logging_mixin.py:190} INFO - [2024-09-01T04:42:57.738+0000] {dagbag.py:587} INFO - Filling up the DagBag from /home/ubuntu/airflow_snow/lib/python3.12/site-packages/airflow/example_dags/example_inlet_event_extra.py
[2024-09-01T04:42:57.750+0000] {processor.py:925} INFO - DAG(s) 'read_dataset_event_from_classic', 'read_dataset_event' retrieved from /home/ubuntu/airflow_snow/lib/python3.12/site-packages/airflow/example_dags/example_inlet_event_extra.py
[2024-09-01T04:42:57.766+0000] {logging_mixin.py:190} INFO - [2024-09-01T04:42:57.766+0000] {dag.py:3211} INFO - Sync 2 DAGs
[2024-09-01T04:42:57.785+0000] {logging_mixin.py:190} INFO - [2024-09-01T04:42:57.784+0000] {dag.py:4138} INFO - Setting next_dagrun for read_dataset_event to 2024-08-31 00:00:00+00:00, run_after=2024-09-01 00:00:00+00:00
[2024-09-01T04:42:57.788+0000] {logging_mixin.py:190} INFO - [2024-09-01T04:42:57.788+0000] {dag.py:4138} INFO - Setting next_dagrun for read_dataset_event_from_classic to 2024-08-31 00:00:00+00:00, run_after=2024-09-01 00:00:00+00:00
[2024-09-01T04:42:57.810+0000] {processor.py:208} INFO - Processing /home/ubuntu/airflow_snow/lib/python3.12/site-packages/airflow/example_dags/example_inlet_event_extra.py took 0.081 seconds
[2024-09-01T04:44:11.666+0000] {processor.py:186} INFO - Started process (PID=3116) to work on /home/ubuntu/airflow_snow/lib/python3.12/site-packages/airflow/example_dags/example_inlet_event_extra.py
[2024-09-01T04:44:11.668+0000] {processor.py:914} INFO - Processing file /home/ubuntu/airflow_snow/lib/python3.12/site-packages/airflow/example_dags/example_inlet_event_extra.py for tasks to queue
[2024-09-01T04:44:11.670+0000] {logging_mixin.py:190} INFO - [2024-09-01T04:44:11.670+0000] {dagbag.py:587} INFO - Filling up the DagBag from /home/ubuntu/airflow_snow/lib/python3.12/site-packages/airflow/example_dags/example_inlet_event_extra.py
[2024-09-01T04:44:11.682+0000] {processor.py:925} INFO - DAG(s) 'read_dataset_event', 'read_dataset_event_from_classic' retrieved from /home/ubuntu/airflow_snow/lib/python3.12/site-packages/airflow/example_dags/example_inlet_event_extra.py
[2024-09-01T04:44:11.697+0000] {logging_mixin.py:190} INFO - [2024-09-01T04:44:11.697+0000] {dag.py:3211} INFO - Sync 2 DAGs
[2024-09-01T04:44:11.717+0000] {logging_mixin.py:190} INFO - [2024-09-01T04:44:11.716+0000] {dag.py:4138} INFO - Setting next_dagrun for read_dataset_event to 2024-08-31 00:00:00+00:00, run_after=2024-09-01 00:00:00+00:00
[2024-09-01T04:44:11.721+0000] {logging_mixin.py:190} INFO - [2024-09-01T04:44:11.720+0000] {dag.py:4138} INFO - Setting next_dagrun for read_dataset_event_from_classic to 2024-08-31 00:00:00+00:00, run_after=2024-09-01 00:00:00+00:00
[2024-09-01T04:44:11.740+0000] {processor.py:208} INFO - Processing /home/ubuntu/airflow_snow/lib/python3.12/site-packages/airflow/example_dags/example_inlet_event_extra.py took 0.078 seconds
[2024-09-01T04:45:23.087+0000] {processor.py:186} INFO - Started process (PID=3200) to work on /home/ubuntu/airflow_snow/lib/python3.12/site-packages/airflow/example_dags/example_inlet_event_extra.py
[2024-09-01T04:45:23.088+0000] {processor.py:914} INFO - Processing file /home/ubuntu/airflow_snow/lib/python3.12/site-packages/airflow/example_dags/example_inlet_event_extra.py for tasks to queue
[2024-09-01T04:45:23.090+0000] {logging_mixin.py:190} INFO - [2024-09-01T04:45:23.090+0000] {dagbag.py:587} INFO - Filling up the DagBag from /home/ubuntu/airflow_snow/lib/python3.12/site-packages/airflow/example_dags/example_inlet_event_extra.py
[2024-09-01T04:45:23.102+0000] {processor.py:925} INFO - DAG(s) 'read_dataset_event_from_classic', 'read_dataset_event' retrieved from /home/ubuntu/airflow_snow/lib/python3.12/site-packages/airflow/example_dags/example_inlet_event_extra.py
[2024-09-01T04:45:23.118+0000] {logging_mixin.py:190} INFO - [2024-09-01T04:45:23.118+0000] {dag.py:3211} INFO - Sync 2 DAGs
[2024-09-01T04:45:23.137+0000] {logging_mixin.py:190} INFO - [2024-09-01T04:45:23.137+0000] {dag.py:4138} INFO - Setting next_dagrun for read_dataset_event to 2024-08-31 00:00:00+00:00, run_after=2024-09-01 00:00:00+00:00
[2024-09-01T04:45:23.142+0000] {logging_mixin.py:190} INFO - [2024-09-01T04:45:23.141+0000] {dag.py:4138} INFO - Setting next_dagrun for read_dataset_event_from_classic to 2024-08-31 00:00:00+00:00, run_after=2024-09-01 00:00:00+00:00
[2024-09-01T04:45:23.163+0000] {processor.py:208} INFO - Processing /home/ubuntu/airflow_snow/lib/python3.12/site-packages/airflow/example_dags/example_inlet_event_extra.py took 0.082 seconds
[2024-09-01T04:46:34.627+0000] {processor.py:186} INFO - Started process (PID=3275) to work on /home/ubuntu/airflow_snow/lib/python3.12/site-packages/airflow/example_dags/example_inlet_event_extra.py
[2024-09-01T04:46:34.629+0000] {processor.py:914} INFO - Processing file /home/ubuntu/airflow_snow/lib/python3.12/site-packages/airflow/example_dags/example_inlet_event_extra.py for tasks to queue
[2024-09-01T04:46:34.630+0000] {logging_mixin.py:190} INFO - [2024-09-01T04:46:34.630+0000] {dagbag.py:587} INFO - Filling up the DagBag from /home/ubuntu/airflow_snow/lib/python3.12/site-packages/airflow/example_dags/example_inlet_event_extra.py
[2024-09-01T04:46:34.642+0000] {processor.py:925} INFO - DAG(s) 'read_dataset_event_from_classic', 'read_dataset_event' retrieved from /home/ubuntu/airflow_snow/lib/python3.12/site-packages/airflow/example_dags/example_inlet_event_extra.py
[2024-09-01T04:46:34.658+0000] {logging_mixin.py:190} INFO - [2024-09-01T04:46:34.658+0000] {dag.py:3211} INFO - Sync 2 DAGs
[2024-09-01T04:46:34.677+0000] {logging_mixin.py:190} INFO - [2024-09-01T04:46:34.677+0000] {dag.py:4138} INFO - Setting next_dagrun for read_dataset_event to 2024-08-31 00:00:00+00:00, run_after=2024-09-01 00:00:00+00:00
[2024-09-01T04:46:34.681+0000] {logging_mixin.py:190} INFO - [2024-09-01T04:46:34.681+0000] {dag.py:4138} INFO - Setting next_dagrun for read_dataset_event_from_classic to 2024-08-31 00:00:00+00:00, run_after=2024-09-01 00:00:00+00:00
[2024-09-01T04:46:34.701+0000] {processor.py:208} INFO - Processing /home/ubuntu/airflow_snow/lib/python3.12/site-packages/airflow/example_dags/example_inlet_event_extra.py took 0.079 seconds
[2024-09-01T04:47:46.699+0000] {processor.py:186} INFO - Started process (PID=3350) to work on /home/ubuntu/airflow_snow/lib/python3.12/site-packages/airflow/example_dags/example_inlet_event_extra.py
[2024-09-01T04:47:46.702+0000] {processor.py:914} INFO - Processing file /home/ubuntu/airflow_snow/lib/python3.12/site-packages/airflow/example_dags/example_inlet_event_extra.py for tasks to queue
[2024-09-01T04:47:46.703+0000] {logging_mixin.py:190} INFO - [2024-09-01T04:47:46.703+0000] {dagbag.py:587} INFO - Filling up the DagBag from /home/ubuntu/airflow_snow/lib/python3.12/site-packages/airflow/example_dags/example_inlet_event_extra.py
[2024-09-01T04:47:46.714+0000] {processor.py:925} INFO - DAG(s) 'read_dataset_event_from_classic', 'read_dataset_event' retrieved from /home/ubuntu/airflow_snow/lib/python3.12/site-packages/airflow/example_dags/example_inlet_event_extra.py
[2024-09-01T04:47:46.730+0000] {logging_mixin.py:190} INFO - [2024-09-01T04:47:46.729+0000] {dag.py:3211} INFO - Sync 2 DAGs
[2024-09-01T04:47:46.749+0000] {logging_mixin.py:190} INFO - [2024-09-01T04:47:46.748+0000] {dag.py:4138} INFO - Setting next_dagrun for read_dataset_event to 2024-08-31 00:00:00+00:00, run_after=2024-09-01 00:00:00+00:00
[2024-09-01T04:47:46.753+0000] {logging_mixin.py:190} INFO - [2024-09-01T04:47:46.751+0000] {dag.py:4138} INFO - Setting next_dagrun for read_dataset_event_from_classic to 2024-08-31 00:00:00+00:00, run_after=2024-09-01 00:00:00+00:00
[2024-09-01T04:47:46.772+0000] {processor.py:208} INFO - Processing /home/ubuntu/airflow_snow/lib/python3.12/site-packages/airflow/example_dags/example_inlet_event_extra.py took 0.078 seconds
[2024-09-01T04:48:59.463+0000] {processor.py:186} INFO - Started process (PID=3425) to work on /home/ubuntu/airflow_snow/lib/python3.12/site-packages/airflow/example_dags/example_inlet_event_extra.py
[2024-09-01T04:48:59.466+0000] {processor.py:914} INFO - Processing file /home/ubuntu/airflow_snow/lib/python3.12/site-packages/airflow/example_dags/example_inlet_event_extra.py for tasks to queue
[2024-09-01T04:48:59.467+0000] {logging_mixin.py:190} INFO - [2024-09-01T04:48:59.467+0000] {dagbag.py:587} INFO - Filling up the DagBag from /home/ubuntu/airflow_snow/lib/python3.12/site-packages/airflow/example_dags/example_inlet_event_extra.py
[2024-09-01T04:48:59.479+0000] {processor.py:925} INFO - DAG(s) 'read_dataset_event', 'read_dataset_event_from_classic' retrieved from /home/ubuntu/airflow_snow/lib/python3.12/site-packages/airflow/example_dags/example_inlet_event_extra.py
[2024-09-01T04:48:59.494+0000] {logging_mixin.py:190} INFO - [2024-09-01T04:48:59.494+0000] {dag.py:3211} INFO - Sync 2 DAGs
[2024-09-01T04:48:59.514+0000] {logging_mixin.py:190} INFO - [2024-09-01T04:48:59.513+0000] {dag.py:4138} INFO - Setting next_dagrun for read_dataset_event to 2024-08-31 00:00:00+00:00, run_after=2024-09-01 00:00:00+00:00
[2024-09-01T04:48:59.518+0000] {logging_mixin.py:190} INFO - [2024-09-01T04:48:59.517+0000] {dag.py:4138} INFO - Setting next_dagrun for read_dataset_event_from_classic to 2024-08-31 00:00:00+00:00, run_after=2024-09-01 00:00:00+00:00
[2024-09-01T04:48:59.538+0000] {processor.py:208} INFO - Processing /home/ubuntu/airflow_snow/lib/python3.12/site-packages/airflow/example_dags/example_inlet_event_extra.py took 0.080 seconds
[2024-09-01T04:50:09.515+0000] {processor.py:186} INFO - Started process (PID=3499) to work on /home/ubuntu/airflow_snow/lib/python3.12/site-packages/airflow/example_dags/example_inlet_event_extra.py
[2024-09-01T04:50:09.517+0000] {processor.py:914} INFO - Processing file /home/ubuntu/airflow_snow/lib/python3.12/site-packages/airflow/example_dags/example_inlet_event_extra.py for tasks to queue
[2024-09-01T04:50:09.518+0000] {logging_mixin.py:190} INFO - [2024-09-01T04:50:09.518+0000] {dagbag.py:587} INFO - Filling up the DagBag from /home/ubuntu/airflow_snow/lib/python3.12/site-packages/airflow/example_dags/example_inlet_event_extra.py
[2024-09-01T04:50:09.530+0000] {processor.py:925} INFO - DAG(s) 'read_dataset_event', 'read_dataset_event_from_classic' retrieved from /home/ubuntu/airflow_snow/lib/python3.12/site-packages/airflow/example_dags/example_inlet_event_extra.py
[2024-09-01T04:50:09.545+0000] {logging_mixin.py:190} INFO - [2024-09-01T04:50:09.545+0000] {dag.py:3211} INFO - Sync 2 DAGs
[2024-09-01T04:50:09.563+0000] {logging_mixin.py:190} INFO - [2024-09-01T04:50:09.563+0000] {dag.py:4138} INFO - Setting next_dagrun for read_dataset_event to 2024-08-31 00:00:00+00:00, run_after=2024-09-01 00:00:00+00:00
[2024-09-01T04:50:09.567+0000] {logging_mixin.py:190} INFO - [2024-09-01T04:50:09.567+0000] {dag.py:4138} INFO - Setting next_dagrun for read_dataset_event_from_classic to 2024-08-31 00:00:00+00:00, run_after=2024-09-01 00:00:00+00:00
[2024-09-01T04:50:09.593+0000] {processor.py:208} INFO - Processing /home/ubuntu/airflow_snow/lib/python3.12/site-packages/airflow/example_dags/example_inlet_event_extra.py took 0.083 seconds
[2024-09-01T04:51:19.238+0000] {processor.py:186} INFO - Started process (PID=3577) to work on /home/ubuntu/airflow_snow/lib/python3.12/site-packages/airflow/example_dags/example_inlet_event_extra.py
[2024-09-01T04:51:19.240+0000] {processor.py:914} INFO - Processing file /home/ubuntu/airflow_snow/lib/python3.12/site-packages/airflow/example_dags/example_inlet_event_extra.py for tasks to queue
[2024-09-01T04:51:19.242+0000] {logging_mixin.py:190} INFO - [2024-09-01T04:51:19.242+0000] {dagbag.py:587} INFO - Filling up the DagBag from /home/ubuntu/airflow_snow/lib/python3.12/site-packages/airflow/example_dags/example_inlet_event_extra.py
[2024-09-01T04:51:19.254+0000] {processor.py:925} INFO - DAG(s) 'read_dataset_event_from_classic', 'read_dataset_event' retrieved from /home/ubuntu/airflow_snow/lib/python3.12/site-packages/airflow/example_dags/example_inlet_event_extra.py
[2024-09-01T04:51:19.270+0000] {logging_mixin.py:190} INFO - [2024-09-01T04:51:19.270+0000] {dag.py:3211} INFO - Sync 2 DAGs
[2024-09-01T04:51:19.292+0000] {logging_mixin.py:190} INFO - [2024-09-01T04:51:19.292+0000] {dag.py:4138} INFO - Setting next_dagrun for read_dataset_event to 2024-08-31 00:00:00+00:00, run_after=2024-09-01 00:00:00+00:00
[2024-09-01T04:51:19.296+0000] {logging_mixin.py:190} INFO - [2024-09-01T04:51:19.296+0000] {dag.py:4138} INFO - Setting next_dagrun for read_dataset_event_from_classic to 2024-08-31 00:00:00+00:00, run_after=2024-09-01 00:00:00+00:00
[2024-09-01T04:51:19.316+0000] {processor.py:208} INFO - Processing /home/ubuntu/airflow_snow/lib/python3.12/site-packages/airflow/example_dags/example_inlet_event_extra.py took 0.083 seconds
[2024-09-01T04:52:33.282+0000] {processor.py:186} INFO - Started process (PID=3654) to work on /home/ubuntu/airflow_snow/lib/python3.12/site-packages/airflow/example_dags/example_inlet_event_extra.py
[2024-09-01T04:52:33.284+0000] {processor.py:914} INFO - Processing file /home/ubuntu/airflow_snow/lib/python3.12/site-packages/airflow/example_dags/example_inlet_event_extra.py for tasks to queue
[2024-09-01T04:52:33.287+0000] {logging_mixin.py:190} INFO - [2024-09-01T04:52:33.287+0000] {dagbag.py:587} INFO - Filling up the DagBag from /home/ubuntu/airflow_snow/lib/python3.12/site-packages/airflow/example_dags/example_inlet_event_extra.py
[2024-09-01T04:52:33.299+0000] {processor.py:925} INFO - DAG(s) 'read_dataset_event_from_classic', 'read_dataset_event' retrieved from /home/ubuntu/airflow_snow/lib/python3.12/site-packages/airflow/example_dags/example_inlet_event_extra.py
[2024-09-01T04:52:33.315+0000] {logging_mixin.py:190} INFO - [2024-09-01T04:52:33.314+0000] {dag.py:3211} INFO - Sync 2 DAGs
[2024-09-01T04:52:33.332+0000] {logging_mixin.py:190} INFO - [2024-09-01T04:52:33.332+0000] {dag.py:4138} INFO - Setting next_dagrun for read_dataset_event to 2024-08-31 00:00:00+00:00, run_after=2024-09-01 00:00:00+00:00
[2024-09-01T04:52:33.336+0000] {logging_mixin.py:190} INFO - [2024-09-01T04:52:33.336+0000] {dag.py:4138} INFO - Setting next_dagrun for read_dataset_event_from_classic to 2024-08-31 00:00:00+00:00, run_after=2024-09-01 00:00:00+00:00
[2024-09-01T04:52:33.357+0000] {processor.py:208} INFO - Processing /home/ubuntu/airflow_snow/lib/python3.12/site-packages/airflow/example_dags/example_inlet_event_extra.py took 0.078 seconds
