[2024-09-01T04:29:02.567+0000] {processor.py:186} INFO - Started process (PID=2178) to work on /home/ubuntu/airflow_snow/lib/python3.12/site-packages/airflow/example_dags/example_python_operator.py
[2024-09-01T04:29:02.569+0000] {processor.py:914} INFO - Processing file /home/ubuntu/airflow_snow/lib/python3.12/site-packages/airflow/example_dags/example_python_operator.py for tasks to queue
[2024-09-01T04:29:02.570+0000] {logging_mixin.py:190} INFO - [2024-09-01T04:29:02.570+0000] {dagbag.py:587} INFO - Filling up the DagBag from /home/ubuntu/airflow_snow/lib/python3.12/site-packages/airflow/example_dags/example_python_operator.py
[2024-09-01T04:29:02.577+0000] {logging_mixin.py:190} INFO - [2024-09-01T04:29:02.577+0000] {example_python_operator.py:93} WARNING - The virtalenv_python example task requires virtualenv, please install it.
[2024-09-01T04:29:02.579+0000] {processor.py:925} INFO - DAG(s) 'example_python_operator' retrieved from /home/ubuntu/airflow_snow/lib/python3.12/site-packages/airflow/example_dags/example_python_operator.py
[2024-09-01T04:29:02.689+0000] {logging_mixin.py:190} INFO - [2024-09-01T04:29:02.689+0000] {override.py:1900} INFO - Created Permission View: can delete on DAG:example_python_operator
[2024-09-01T04:29:02.704+0000] {logging_mixin.py:190} INFO - [2024-09-01T04:29:02.704+0000] {override.py:1900} INFO - Created Permission View: can read on DAG:example_python_operator
[2024-09-01T04:29:02.716+0000] {logging_mixin.py:190} INFO - [2024-09-01T04:29:02.715+0000] {override.py:1900} INFO - Created Permission View: can edit on DAG:example_python_operator
[2024-09-01T04:29:02.735+0000] {logging_mixin.py:190} INFO - [2024-09-01T04:29:02.735+0000] {override.py:1900} INFO - Created Permission View: menu access on DAG Run:example_python_operator
[2024-09-01T04:29:02.747+0000] {logging_mixin.py:190} INFO - [2024-09-01T04:29:02.747+0000] {override.py:1900} INFO - Created Permission View: can create on DAG Run:example_python_operator
[2024-09-01T04:29:02.758+0000] {logging_mixin.py:190} INFO - [2024-09-01T04:29:02.758+0000] {override.py:1900} INFO - Created Permission View: can read on DAG Run:example_python_operator
[2024-09-01T04:29:02.774+0000] {logging_mixin.py:190} INFO - [2024-09-01T04:29:02.774+0000] {override.py:1900} INFO - Created Permission View: can delete on DAG Run:example_python_operator
[2024-09-01T04:29:02.775+0000] {logging_mixin.py:190} INFO - [2024-09-01T04:29:02.775+0000] {dag.py:3211} INFO - Sync 1 DAGs
[2024-09-01T04:29:02.786+0000] {logging_mixin.py:190} INFO - [2024-09-01T04:29:02.786+0000] {dag.py:3234} INFO - Creating ORM DAG for example_python_operator
[2024-09-01T04:29:02.786+0000] {logging_mixin.py:190} INFO - [2024-09-01T04:29:02.786+0000] {dag.py:4138} INFO - Setting next_dagrun for example_python_operator to None, run_after=None
[2024-09-01T04:29:02.811+0000] {processor.py:208} INFO - Processing /home/ubuntu/airflow_snow/lib/python3.12/site-packages/airflow/example_dags/example_python_operator.py took 0.248 seconds
[2024-09-01T04:30:04.430+0000] {processor.py:186} INFO - Started process (PID=2236) to work on /home/ubuntu/airflow_snow/lib/python3.12/site-packages/airflow/example_dags/example_python_operator.py
[2024-09-01T04:30:04.433+0000] {processor.py:914} INFO - Processing file /home/ubuntu/airflow_snow/lib/python3.12/site-packages/airflow/example_dags/example_python_operator.py for tasks to queue
[2024-09-01T04:30:04.435+0000] {logging_mixin.py:190} INFO - [2024-09-01T04:30:04.434+0000] {dagbag.py:587} INFO - Filling up the DagBag from /home/ubuntu/airflow_snow/lib/python3.12/site-packages/airflow/example_dags/example_python_operator.py
[2024-09-01T04:30:04.440+0000] {logging_mixin.py:190} INFO - [2024-09-01T04:30:04.440+0000] {example_python_operator.py:93} WARNING - The virtalenv_python example task requires virtualenv, please install it.
[2024-09-01T04:30:04.442+0000] {processor.py:925} INFO - DAG(s) 'example_python_operator' retrieved from /home/ubuntu/airflow_snow/lib/python3.12/site-packages/airflow/example_dags/example_python_operator.py
[2024-09-01T04:30:04.459+0000] {logging_mixin.py:190} INFO - [2024-09-01T04:30:04.459+0000] {dag.py:3211} INFO - Sync 1 DAGs
[2024-09-01T04:30:04.471+0000] {logging_mixin.py:190} INFO - [2024-09-01T04:30:04.470+0000] {dag.py:4138} INFO - Setting next_dagrun for example_python_operator to None, run_after=None
[2024-09-01T04:30:04.495+0000] {processor.py:208} INFO - Processing /home/ubuntu/airflow_snow/lib/python3.12/site-packages/airflow/example_dags/example_python_operator.py took 0.069 seconds
[2024-09-01T04:30:59.827+0000] {processor.py:186} INFO - Started process (PID=2297) to work on /home/ubuntu/airflow_snow/lib/python3.12/site-packages/airflow/example_dags/example_python_operator.py
[2024-09-01T04:30:59.829+0000] {processor.py:914} INFO - Processing file /home/ubuntu/airflow_snow/lib/python3.12/site-packages/airflow/example_dags/example_python_operator.py for tasks to queue
[2024-09-01T04:30:59.831+0000] {logging_mixin.py:190} INFO - [2024-09-01T04:30:59.831+0000] {dagbag.py:587} INFO - Filling up the DagBag from /home/ubuntu/airflow_snow/lib/python3.12/site-packages/airflow/example_dags/example_python_operator.py
[2024-09-01T04:30:59.837+0000] {logging_mixin.py:190} INFO - [2024-09-01T04:30:59.837+0000] {example_python_operator.py:93} WARNING - The virtalenv_python example task requires virtualenv, please install it.
[2024-09-01T04:30:59.839+0000] {processor.py:925} INFO - DAG(s) 'example_python_operator' retrieved from /home/ubuntu/airflow_snow/lib/python3.12/site-packages/airflow/example_dags/example_python_operator.py
[2024-09-01T04:30:59.855+0000] {logging_mixin.py:190} INFO - [2024-09-01T04:30:59.855+0000] {dag.py:3211} INFO - Sync 1 DAGs
[2024-09-01T04:30:59.866+0000] {logging_mixin.py:190} INFO - [2024-09-01T04:30:59.865+0000] {dag.py:4138} INFO - Setting next_dagrun for example_python_operator to None, run_after=None
[2024-09-01T04:30:59.888+0000] {processor.py:208} INFO - Processing /home/ubuntu/airflow_snow/lib/python3.12/site-packages/airflow/example_dags/example_python_operator.py took 0.065 seconds
[2024-09-01T04:31:52.074+0000] {processor.py:186} INFO - Started process (PID=2353) to work on /home/ubuntu/airflow_snow/lib/python3.12/site-packages/airflow/example_dags/example_python_operator.py
[2024-09-01T04:31:52.076+0000] {processor.py:914} INFO - Processing file /home/ubuntu/airflow_snow/lib/python3.12/site-packages/airflow/example_dags/example_python_operator.py for tasks to queue
[2024-09-01T04:31:52.077+0000] {logging_mixin.py:190} INFO - [2024-09-01T04:31:52.077+0000] {dagbag.py:587} INFO - Filling up the DagBag from /home/ubuntu/airflow_snow/lib/python3.12/site-packages/airflow/example_dags/example_python_operator.py
[2024-09-01T04:31:52.084+0000] {logging_mixin.py:190} INFO - [2024-09-01T04:31:52.083+0000] {example_python_operator.py:93} WARNING - The virtalenv_python example task requires virtualenv, please install it.
[2024-09-01T04:31:52.085+0000] {processor.py:925} INFO - DAG(s) 'example_python_operator' retrieved from /home/ubuntu/airflow_snow/lib/python3.12/site-packages/airflow/example_dags/example_python_operator.py
[2024-09-01T04:31:52.101+0000] {logging_mixin.py:190} INFO - [2024-09-01T04:31:52.100+0000] {dag.py:3211} INFO - Sync 1 DAGs
[2024-09-01T04:31:52.111+0000] {logging_mixin.py:190} INFO - [2024-09-01T04:31:52.111+0000] {dag.py:4138} INFO - Setting next_dagrun for example_python_operator to None, run_after=None
[2024-09-01T04:31:52.133+0000] {processor.py:208} INFO - Processing /home/ubuntu/airflow_snow/lib/python3.12/site-packages/airflow/example_dags/example_python_operator.py took 0.065 seconds
[2024-09-01T04:32:41.045+0000] {processor.py:186} INFO - Started process (PID=2404) to work on /home/ubuntu/airflow_snow/lib/python3.12/site-packages/airflow/example_dags/example_python_operator.py
[2024-09-01T04:32:41.048+0000] {processor.py:914} INFO - Processing file /home/ubuntu/airflow_snow/lib/python3.12/site-packages/airflow/example_dags/example_python_operator.py for tasks to queue
[2024-09-01T04:32:41.049+0000] {logging_mixin.py:190} INFO - [2024-09-01T04:32:41.049+0000] {dagbag.py:587} INFO - Filling up the DagBag from /home/ubuntu/airflow_snow/lib/python3.12/site-packages/airflow/example_dags/example_python_operator.py
[2024-09-01T04:32:41.055+0000] {logging_mixin.py:190} INFO - [2024-09-01T04:32:41.055+0000] {example_python_operator.py:93} WARNING - The virtalenv_python example task requires virtualenv, please install it.
[2024-09-01T04:32:41.057+0000] {processor.py:925} INFO - DAG(s) 'example_python_operator' retrieved from /home/ubuntu/airflow_snow/lib/python3.12/site-packages/airflow/example_dags/example_python_operator.py
[2024-09-01T04:32:41.073+0000] {logging_mixin.py:190} INFO - [2024-09-01T04:32:41.072+0000] {dag.py:3211} INFO - Sync 1 DAGs
[2024-09-01T04:32:41.083+0000] {logging_mixin.py:190} INFO - [2024-09-01T04:32:41.082+0000] {dag.py:4138} INFO - Setting next_dagrun for example_python_operator to None, run_after=None
[2024-09-01T04:32:41.107+0000] {processor.py:208} INFO - Processing /home/ubuntu/airflow_snow/lib/python3.12/site-packages/airflow/example_dags/example_python_operator.py took 0.067 seconds
[2024-09-01T04:33:31.244+0000] {processor.py:186} INFO - Started process (PID=2454) to work on /home/ubuntu/airflow_snow/lib/python3.12/site-packages/airflow/example_dags/example_python_operator.py
[2024-09-01T04:33:31.246+0000] {processor.py:914} INFO - Processing file /home/ubuntu/airflow_snow/lib/python3.12/site-packages/airflow/example_dags/example_python_operator.py for tasks to queue
[2024-09-01T04:33:31.247+0000] {logging_mixin.py:190} INFO - [2024-09-01T04:33:31.247+0000] {dagbag.py:587} INFO - Filling up the DagBag from /home/ubuntu/airflow_snow/lib/python3.12/site-packages/airflow/example_dags/example_python_operator.py
[2024-09-01T04:33:31.252+0000] {logging_mixin.py:190} INFO - [2024-09-01T04:33:31.252+0000] {example_python_operator.py:93} WARNING - The virtalenv_python example task requires virtualenv, please install it.
[2024-09-01T04:33:31.255+0000] {processor.py:925} INFO - DAG(s) 'example_python_operator' retrieved from /home/ubuntu/airflow_snow/lib/python3.12/site-packages/airflow/example_dags/example_python_operator.py
[2024-09-01T04:33:31.272+0000] {logging_mixin.py:190} INFO - [2024-09-01T04:33:31.272+0000] {dag.py:3211} INFO - Sync 1 DAGs
[2024-09-01T04:33:31.283+0000] {logging_mixin.py:190} INFO - [2024-09-01T04:33:31.283+0000] {dag.py:4138} INFO - Setting next_dagrun for example_python_operator to None, run_after=None
[2024-09-01T04:33:31.306+0000] {processor.py:208} INFO - Processing /home/ubuntu/airflow_snow/lib/python3.12/site-packages/airflow/example_dags/example_python_operator.py took 0.068 seconds
[2024-09-01T04:34:21.491+0000] {processor.py:186} INFO - Started process (PID=2508) to work on /home/ubuntu/airflow_snow/lib/python3.12/site-packages/airflow/example_dags/example_python_operator.py
[2024-09-01T04:34:21.493+0000] {processor.py:914} INFO - Processing file /home/ubuntu/airflow_snow/lib/python3.12/site-packages/airflow/example_dags/example_python_operator.py for tasks to queue
[2024-09-01T04:34:21.494+0000] {logging_mixin.py:190} INFO - [2024-09-01T04:34:21.494+0000] {dagbag.py:587} INFO - Filling up the DagBag from /home/ubuntu/airflow_snow/lib/python3.12/site-packages/airflow/example_dags/example_python_operator.py
[2024-09-01T04:34:21.502+0000] {logging_mixin.py:190} INFO - [2024-09-01T04:34:21.502+0000] {example_python_operator.py:93} WARNING - The virtalenv_python example task requires virtualenv, please install it.
[2024-09-01T04:34:21.504+0000] {processor.py:925} INFO - DAG(s) 'example_python_operator' retrieved from /home/ubuntu/airflow_snow/lib/python3.12/site-packages/airflow/example_dags/example_python_operator.py
[2024-09-01T04:34:21.519+0000] {logging_mixin.py:190} INFO - [2024-09-01T04:34:21.519+0000] {dag.py:3211} INFO - Sync 1 DAGs
[2024-09-01T04:34:21.530+0000] {logging_mixin.py:190} INFO - [2024-09-01T04:34:21.530+0000] {dag.py:4138} INFO - Setting next_dagrun for example_python_operator to None, run_after=None
[2024-09-01T04:34:21.553+0000] {processor.py:208} INFO - Processing /home/ubuntu/airflow_snow/lib/python3.12/site-packages/airflow/example_dags/example_python_operator.py took 0.068 seconds
[2024-09-01T04:35:10.506+0000] {processor.py:186} INFO - Started process (PID=2563) to work on /home/ubuntu/airflow_snow/lib/python3.12/site-packages/airflow/example_dags/example_python_operator.py
[2024-09-01T04:35:10.508+0000] {processor.py:914} INFO - Processing file /home/ubuntu/airflow_snow/lib/python3.12/site-packages/airflow/example_dags/example_python_operator.py for tasks to queue
[2024-09-01T04:35:10.509+0000] {logging_mixin.py:190} INFO - [2024-09-01T04:35:10.509+0000] {dagbag.py:587} INFO - Filling up the DagBag from /home/ubuntu/airflow_snow/lib/python3.12/site-packages/airflow/example_dags/example_python_operator.py
[2024-09-01T04:35:10.515+0000] {logging_mixin.py:190} INFO - [2024-09-01T04:35:10.515+0000] {example_python_operator.py:93} WARNING - The virtalenv_python example task requires virtualenv, please install it.
[2024-09-01T04:35:10.518+0000] {processor.py:925} INFO - DAG(s) 'example_python_operator' retrieved from /home/ubuntu/airflow_snow/lib/python3.12/site-packages/airflow/example_dags/example_python_operator.py
[2024-09-01T04:35:10.533+0000] {logging_mixin.py:190} INFO - [2024-09-01T04:35:10.533+0000] {dag.py:3211} INFO - Sync 1 DAGs
[2024-09-01T04:35:10.545+0000] {logging_mixin.py:190} INFO - [2024-09-01T04:35:10.545+0000] {dag.py:4138} INFO - Setting next_dagrun for example_python_operator to None, run_after=None
[2024-09-01T04:35:10.567+0000] {processor.py:208} INFO - Processing /home/ubuntu/airflow_snow/lib/python3.12/site-packages/airflow/example_dags/example_python_operator.py took 0.067 seconds
[2024-09-01T04:35:59.027+0000] {processor.py:186} INFO - Started process (PID=2612) to work on /home/ubuntu/airflow_snow/lib/python3.12/site-packages/airflow/example_dags/example_python_operator.py
[2024-09-01T04:35:59.029+0000] {processor.py:914} INFO - Processing file /home/ubuntu/airflow_snow/lib/python3.12/site-packages/airflow/example_dags/example_python_operator.py for tasks to queue
[2024-09-01T04:35:59.030+0000] {logging_mixin.py:190} INFO - [2024-09-01T04:35:59.030+0000] {dagbag.py:587} INFO - Filling up the DagBag from /home/ubuntu/airflow_snow/lib/python3.12/site-packages/airflow/example_dags/example_python_operator.py
[2024-09-01T04:35:59.037+0000] {logging_mixin.py:190} INFO - [2024-09-01T04:35:59.036+0000] {example_python_operator.py:93} WARNING - The virtalenv_python example task requires virtualenv, please install it.
[2024-09-01T04:35:59.039+0000] {processor.py:925} INFO - DAG(s) 'example_python_operator' retrieved from /home/ubuntu/airflow_snow/lib/python3.12/site-packages/airflow/example_dags/example_python_operator.py
[2024-09-01T04:35:59.054+0000] {logging_mixin.py:190} INFO - [2024-09-01T04:35:59.054+0000] {dag.py:3211} INFO - Sync 1 DAGs
[2024-09-01T04:35:59.065+0000] {logging_mixin.py:190} INFO - [2024-09-01T04:35:59.065+0000] {dag.py:4138} INFO - Setting next_dagrun for example_python_operator to None, run_after=None
[2024-09-01T04:35:59.086+0000] {processor.py:208} INFO - Processing /home/ubuntu/airflow_snow/lib/python3.12/site-packages/airflow/example_dags/example_python_operator.py took 0.063 seconds
[2024-09-01T04:36:52.693+0000] {processor.py:186} INFO - Started process (PID=2665) to work on /home/ubuntu/airflow_snow/lib/python3.12/site-packages/airflow/example_dags/example_python_operator.py
[2024-09-01T04:36:52.695+0000] {processor.py:914} INFO - Processing file /home/ubuntu/airflow_snow/lib/python3.12/site-packages/airflow/example_dags/example_python_operator.py for tasks to queue
[2024-09-01T04:36:52.697+0000] {logging_mixin.py:190} INFO - [2024-09-01T04:36:52.696+0000] {dagbag.py:587} INFO - Filling up the DagBag from /home/ubuntu/airflow_snow/lib/python3.12/site-packages/airflow/example_dags/example_python_operator.py
[2024-09-01T04:36:52.703+0000] {logging_mixin.py:190} INFO - [2024-09-01T04:36:52.702+0000] {example_python_operator.py:93} WARNING - The virtalenv_python example task requires virtualenv, please install it.
[2024-09-01T04:36:52.704+0000] {processor.py:925} INFO - DAG(s) 'example_python_operator' retrieved from /home/ubuntu/airflow_snow/lib/python3.12/site-packages/airflow/example_dags/example_python_operator.py
[2024-09-01T04:36:52.719+0000] {logging_mixin.py:190} INFO - [2024-09-01T04:36:52.719+0000] {dag.py:3211} INFO - Sync 1 DAGs
[2024-09-01T04:36:52.731+0000] {logging_mixin.py:190} INFO - [2024-09-01T04:36:52.731+0000] {dag.py:4138} INFO - Setting next_dagrun for example_python_operator to None, run_after=None
[2024-09-01T04:36:52.755+0000] {processor.py:208} INFO - Processing /home/ubuntu/airflow_snow/lib/python3.12/site-packages/airflow/example_dags/example_python_operator.py took 0.068 seconds
[2024-09-01T04:37:44.171+0000] {processor.py:186} INFO - Started process (PID=2718) to work on /home/ubuntu/airflow_snow/lib/python3.12/site-packages/airflow/example_dags/example_python_operator.py
[2024-09-01T04:37:44.173+0000] {processor.py:914} INFO - Processing file /home/ubuntu/airflow_snow/lib/python3.12/site-packages/airflow/example_dags/example_python_operator.py for tasks to queue
[2024-09-01T04:37:44.175+0000] {logging_mixin.py:190} INFO - [2024-09-01T04:37:44.175+0000] {dagbag.py:587} INFO - Filling up the DagBag from /home/ubuntu/airflow_snow/lib/python3.12/site-packages/airflow/example_dags/example_python_operator.py
[2024-09-01T04:37:44.182+0000] {logging_mixin.py:190} INFO - [2024-09-01T04:37:44.182+0000] {example_python_operator.py:93} WARNING - The virtalenv_python example task requires virtualenv, please install it.
[2024-09-01T04:37:44.184+0000] {processor.py:925} INFO - DAG(s) 'example_python_operator' retrieved from /home/ubuntu/airflow_snow/lib/python3.12/site-packages/airflow/example_dags/example_python_operator.py
[2024-09-01T04:37:44.199+0000] {logging_mixin.py:190} INFO - [2024-09-01T04:37:44.199+0000] {dag.py:3211} INFO - Sync 1 DAGs
[2024-09-01T04:37:44.210+0000] {logging_mixin.py:190} INFO - [2024-09-01T04:37:44.210+0000] {dag.py:4138} INFO - Setting next_dagrun for example_python_operator to None, run_after=None
[2024-09-01T04:37:44.233+0000] {processor.py:208} INFO - Processing /home/ubuntu/airflow_snow/lib/python3.12/site-packages/airflow/example_dags/example_python_operator.py took 0.067 seconds
[2024-09-01T04:38:34.522+0000] {processor.py:186} INFO - Started process (PID=2769) to work on /home/ubuntu/airflow_snow/lib/python3.12/site-packages/airflow/example_dags/example_python_operator.py
[2024-09-01T04:38:34.525+0000] {processor.py:914} INFO - Processing file /home/ubuntu/airflow_snow/lib/python3.12/site-packages/airflow/example_dags/example_python_operator.py for tasks to queue
[2024-09-01T04:38:34.526+0000] {logging_mixin.py:190} INFO - [2024-09-01T04:38:34.526+0000] {dagbag.py:587} INFO - Filling up the DagBag from /home/ubuntu/airflow_snow/lib/python3.12/site-packages/airflow/example_dags/example_python_operator.py
[2024-09-01T04:38:34.531+0000] {logging_mixin.py:190} INFO - [2024-09-01T04:38:34.531+0000] {example_python_operator.py:93} WARNING - The virtalenv_python example task requires virtualenv, please install it.
[2024-09-01T04:38:34.535+0000] {processor.py:925} INFO - DAG(s) 'example_python_operator' retrieved from /home/ubuntu/airflow_snow/lib/python3.12/site-packages/airflow/example_dags/example_python_operator.py
[2024-09-01T04:38:34.550+0000] {logging_mixin.py:190} INFO - [2024-09-01T04:38:34.550+0000] {dag.py:3211} INFO - Sync 1 DAGs
[2024-09-01T04:38:34.561+0000] {logging_mixin.py:190} INFO - [2024-09-01T04:38:34.561+0000] {dag.py:4138} INFO - Setting next_dagrun for example_python_operator to None, run_after=None
[2024-09-01T04:38:34.589+0000] {processor.py:208} INFO - Processing /home/ubuntu/airflow_snow/lib/python3.12/site-packages/airflow/example_dags/example_python_operator.py took 0.072 seconds
[2024-09-01T04:39:24.887+0000] {processor.py:186} INFO - Started process (PID=2820) to work on /home/ubuntu/airflow_snow/lib/python3.12/site-packages/airflow/example_dags/example_python_operator.py
[2024-09-01T04:39:24.890+0000] {processor.py:914} INFO - Processing file /home/ubuntu/airflow_snow/lib/python3.12/site-packages/airflow/example_dags/example_python_operator.py for tasks to queue
[2024-09-01T04:39:24.891+0000] {logging_mixin.py:190} INFO - [2024-09-01T04:39:24.891+0000] {dagbag.py:587} INFO - Filling up the DagBag from /home/ubuntu/airflow_snow/lib/python3.12/site-packages/airflow/example_dags/example_python_operator.py
[2024-09-01T04:39:24.898+0000] {logging_mixin.py:190} INFO - [2024-09-01T04:39:24.898+0000] {example_python_operator.py:93} WARNING - The virtalenv_python example task requires virtualenv, please install it.
[2024-09-01T04:39:24.901+0000] {processor.py:925} INFO - DAG(s) 'example_python_operator' retrieved from /home/ubuntu/airflow_snow/lib/python3.12/site-packages/airflow/example_dags/example_python_operator.py
[2024-09-01T04:39:24.915+0000] {logging_mixin.py:190} INFO - [2024-09-01T04:39:24.915+0000] {dag.py:3211} INFO - Sync 1 DAGs
[2024-09-01T04:39:24.926+0000] {logging_mixin.py:190} INFO - [2024-09-01T04:39:24.926+0000] {dag.py:4138} INFO - Setting next_dagrun for example_python_operator to None, run_after=None
[2024-09-01T04:39:24.949+0000] {processor.py:208} INFO - Processing /home/ubuntu/airflow_snow/lib/python3.12/site-packages/airflow/example_dags/example_python_operator.py took 0.067 seconds
[2024-09-01T04:40:17.693+0000] {processor.py:186} INFO - Started process (PID=2874) to work on /home/ubuntu/airflow_snow/lib/python3.12/site-packages/airflow/example_dags/example_python_operator.py
[2024-09-01T04:40:17.694+0000] {processor.py:914} INFO - Processing file /home/ubuntu/airflow_snow/lib/python3.12/site-packages/airflow/example_dags/example_python_operator.py for tasks to queue
[2024-09-01T04:40:17.696+0000] {logging_mixin.py:190} INFO - [2024-09-01T04:40:17.696+0000] {dagbag.py:587} INFO - Filling up the DagBag from /home/ubuntu/airflow_snow/lib/python3.12/site-packages/airflow/example_dags/example_python_operator.py
[2024-09-01T04:40:17.702+0000] {logging_mixin.py:190} INFO - [2024-09-01T04:40:17.702+0000] {example_python_operator.py:93} WARNING - The virtalenv_python example task requires virtualenv, please install it.
[2024-09-01T04:40:17.705+0000] {processor.py:925} INFO - DAG(s) 'example_python_operator' retrieved from /home/ubuntu/airflow_snow/lib/python3.12/site-packages/airflow/example_dags/example_python_operator.py
[2024-09-01T04:40:17.720+0000] {logging_mixin.py:190} INFO - [2024-09-01T04:40:17.720+0000] {dag.py:3211} INFO - Sync 1 DAGs
[2024-09-01T04:40:17.731+0000] {logging_mixin.py:190} INFO - [2024-09-01T04:40:17.731+0000] {dag.py:4138} INFO - Setting next_dagrun for example_python_operator to None, run_after=None
[2024-09-01T04:40:17.754+0000] {processor.py:208} INFO - Processing /home/ubuntu/airflow_snow/lib/python3.12/site-packages/airflow/example_dags/example_python_operator.py took 0.067 seconds
[2024-09-01T04:41:09.335+0000] {processor.py:186} INFO - Started process (PID=2930) to work on /home/ubuntu/airflow_snow/lib/python3.12/site-packages/airflow/example_dags/example_python_operator.py
[2024-09-01T04:41:09.338+0000] {processor.py:914} INFO - Processing file /home/ubuntu/airflow_snow/lib/python3.12/site-packages/airflow/example_dags/example_python_operator.py for tasks to queue
[2024-09-01T04:41:09.340+0000] {logging_mixin.py:190} INFO - [2024-09-01T04:41:09.340+0000] {dagbag.py:587} INFO - Filling up the DagBag from /home/ubuntu/airflow_snow/lib/python3.12/site-packages/airflow/example_dags/example_python_operator.py
[2024-09-01T04:41:09.346+0000] {logging_mixin.py:190} INFO - [2024-09-01T04:41:09.345+0000] {example_python_operator.py:93} WARNING - The virtalenv_python example task requires virtualenv, please install it.
[2024-09-01T04:41:09.347+0000] {processor.py:925} INFO - DAG(s) 'example_python_operator' retrieved from /home/ubuntu/airflow_snow/lib/python3.12/site-packages/airflow/example_dags/example_python_operator.py
[2024-09-01T04:41:09.363+0000] {logging_mixin.py:190} INFO - [2024-09-01T04:41:09.363+0000] {dag.py:3211} INFO - Sync 1 DAGs
[2024-09-01T04:41:09.375+0000] {logging_mixin.py:190} INFO - [2024-09-01T04:41:09.375+0000] {dag.py:4138} INFO - Setting next_dagrun for example_python_operator to None, run_after=None
[2024-09-01T04:41:09.396+0000] {processor.py:208} INFO - Processing /home/ubuntu/airflow_snow/lib/python3.12/site-packages/airflow/example_dags/example_python_operator.py took 0.066 seconds
[2024-09-01T04:42:00.024+0000] {processor.py:186} INFO - Started process (PID=2982) to work on /home/ubuntu/airflow_snow/lib/python3.12/site-packages/airflow/example_dags/example_python_operator.py
[2024-09-01T04:42:00.026+0000] {processor.py:914} INFO - Processing file /home/ubuntu/airflow_snow/lib/python3.12/site-packages/airflow/example_dags/example_python_operator.py for tasks to queue
[2024-09-01T04:42:00.028+0000] {logging_mixin.py:190} INFO - [2024-09-01T04:42:00.027+0000] {dagbag.py:587} INFO - Filling up the DagBag from /home/ubuntu/airflow_snow/lib/python3.12/site-packages/airflow/example_dags/example_python_operator.py
[2024-09-01T04:42:00.035+0000] {logging_mixin.py:190} INFO - [2024-09-01T04:42:00.035+0000] {example_python_operator.py:93} WARNING - The virtalenv_python example task requires virtualenv, please install it.
[2024-09-01T04:42:00.037+0000] {processor.py:925} INFO - DAG(s) 'example_python_operator' retrieved from /home/ubuntu/airflow_snow/lib/python3.12/site-packages/airflow/example_dags/example_python_operator.py
[2024-09-01T04:42:00.053+0000] {logging_mixin.py:190} INFO - [2024-09-01T04:42:00.053+0000] {dag.py:3211} INFO - Sync 1 DAGs
[2024-09-01T04:42:00.064+0000] {logging_mixin.py:190} INFO - [2024-09-01T04:42:00.063+0000] {dag.py:4138} INFO - Setting next_dagrun for example_python_operator to None, run_after=None
[2024-09-01T04:42:00.091+0000] {processor.py:208} INFO - Processing /home/ubuntu/airflow_snow/lib/python3.12/site-packages/airflow/example_dags/example_python_operator.py took 0.073 seconds
[2024-09-01T04:42:50.627+0000] {processor.py:186} INFO - Started process (PID=3033) to work on /home/ubuntu/airflow_snow/lib/python3.12/site-packages/airflow/example_dags/example_python_operator.py
[2024-09-01T04:42:50.630+0000] {processor.py:914} INFO - Processing file /home/ubuntu/airflow_snow/lib/python3.12/site-packages/airflow/example_dags/example_python_operator.py for tasks to queue
[2024-09-01T04:42:50.631+0000] {logging_mixin.py:190} INFO - [2024-09-01T04:42:50.631+0000] {dagbag.py:587} INFO - Filling up the DagBag from /home/ubuntu/airflow_snow/lib/python3.12/site-packages/airflow/example_dags/example_python_operator.py
[2024-09-01T04:42:50.636+0000] {logging_mixin.py:190} INFO - [2024-09-01T04:42:50.636+0000] {example_python_operator.py:93} WARNING - The virtalenv_python example task requires virtualenv, please install it.
[2024-09-01T04:42:50.640+0000] {processor.py:925} INFO - DAG(s) 'example_python_operator' retrieved from /home/ubuntu/airflow_snow/lib/python3.12/site-packages/airflow/example_dags/example_python_operator.py
[2024-09-01T04:42:50.654+0000] {logging_mixin.py:190} INFO - [2024-09-01T04:42:50.654+0000] {dag.py:3211} INFO - Sync 1 DAGs
[2024-09-01T04:42:50.665+0000] {logging_mixin.py:190} INFO - [2024-09-01T04:42:50.665+0000] {dag.py:4138} INFO - Setting next_dagrun for example_python_operator to None, run_after=None
[2024-09-01T04:42:50.690+0000] {processor.py:208} INFO - Processing /home/ubuntu/airflow_snow/lib/python3.12/site-packages/airflow/example_dags/example_python_operator.py took 0.068 seconds
[2024-09-01T04:43:39.508+0000] {processor.py:186} INFO - Started process (PID=3084) to work on /home/ubuntu/airflow_snow/lib/python3.12/site-packages/airflow/example_dags/example_python_operator.py
[2024-09-01T04:43:39.510+0000] {processor.py:914} INFO - Processing file /home/ubuntu/airflow_snow/lib/python3.12/site-packages/airflow/example_dags/example_python_operator.py for tasks to queue
[2024-09-01T04:43:39.512+0000] {logging_mixin.py:190} INFO - [2024-09-01T04:43:39.512+0000] {dagbag.py:587} INFO - Filling up the DagBag from /home/ubuntu/airflow_snow/lib/python3.12/site-packages/airflow/example_dags/example_python_operator.py
[2024-09-01T04:43:39.517+0000] {logging_mixin.py:190} INFO - [2024-09-01T04:43:39.517+0000] {example_python_operator.py:93} WARNING - The virtalenv_python example task requires virtualenv, please install it.
[2024-09-01T04:43:39.520+0000] {processor.py:925} INFO - DAG(s) 'example_python_operator' retrieved from /home/ubuntu/airflow_snow/lib/python3.12/site-packages/airflow/example_dags/example_python_operator.py
[2024-09-01T04:43:39.536+0000] {logging_mixin.py:190} INFO - [2024-09-01T04:43:39.535+0000] {dag.py:3211} INFO - Sync 1 DAGs
[2024-09-01T04:43:39.546+0000] {logging_mixin.py:190} INFO - [2024-09-01T04:43:39.546+0000] {dag.py:4138} INFO - Setting next_dagrun for example_python_operator to None, run_after=None
[2024-09-01T04:43:39.569+0000] {processor.py:208} INFO - Processing /home/ubuntu/airflow_snow/lib/python3.12/site-packages/airflow/example_dags/example_python_operator.py took 0.067 seconds
[2024-09-01T04:44:27.531+0000] {processor.py:186} INFO - Started process (PID=3137) to work on /home/ubuntu/airflow_snow/lib/python3.12/site-packages/airflow/example_dags/example_python_operator.py
[2024-09-01T04:44:27.533+0000] {processor.py:914} INFO - Processing file /home/ubuntu/airflow_snow/lib/python3.12/site-packages/airflow/example_dags/example_python_operator.py for tasks to queue
[2024-09-01T04:44:27.534+0000] {logging_mixin.py:190} INFO - [2024-09-01T04:44:27.534+0000] {dagbag.py:587} INFO - Filling up the DagBag from /home/ubuntu/airflow_snow/lib/python3.12/site-packages/airflow/example_dags/example_python_operator.py
[2024-09-01T04:44:27.541+0000] {logging_mixin.py:190} INFO - [2024-09-01T04:44:27.541+0000] {example_python_operator.py:93} WARNING - The virtalenv_python example task requires virtualenv, please install it.
[2024-09-01T04:44:27.543+0000] {processor.py:925} INFO - DAG(s) 'example_python_operator' retrieved from /home/ubuntu/airflow_snow/lib/python3.12/site-packages/airflow/example_dags/example_python_operator.py
[2024-09-01T04:44:27.558+0000] {logging_mixin.py:190} INFO - [2024-09-01T04:44:27.558+0000] {dag.py:3211} INFO - Sync 1 DAGs
[2024-09-01T04:44:27.569+0000] {logging_mixin.py:190} INFO - [2024-09-01T04:44:27.569+0000] {dag.py:4138} INFO - Setting next_dagrun for example_python_operator to None, run_after=None
[2024-09-01T04:44:27.594+0000] {processor.py:208} INFO - Processing /home/ubuntu/airflow_snow/lib/python3.12/site-packages/airflow/example_dags/example_python_operator.py took 0.069 seconds
[2024-09-01T04:45:15.221+0000] {processor.py:186} INFO - Started process (PID=3191) to work on /home/ubuntu/airflow_snow/lib/python3.12/site-packages/airflow/example_dags/example_python_operator.py
[2024-09-01T04:45:15.222+0000] {processor.py:914} INFO - Processing file /home/ubuntu/airflow_snow/lib/python3.12/site-packages/airflow/example_dags/example_python_operator.py for tasks to queue
[2024-09-01T04:45:15.225+0000] {logging_mixin.py:190} INFO - [2024-09-01T04:45:15.224+0000] {dagbag.py:587} INFO - Filling up the DagBag from /home/ubuntu/airflow_snow/lib/python3.12/site-packages/airflow/example_dags/example_python_operator.py
[2024-09-01T04:45:15.230+0000] {logging_mixin.py:190} INFO - [2024-09-01T04:45:15.230+0000] {example_python_operator.py:93} WARNING - The virtalenv_python example task requires virtualenv, please install it.
[2024-09-01T04:45:15.233+0000] {processor.py:925} INFO - DAG(s) 'example_python_operator' retrieved from /home/ubuntu/airflow_snow/lib/python3.12/site-packages/airflow/example_dags/example_python_operator.py
[2024-09-01T04:45:15.249+0000] {logging_mixin.py:190} INFO - [2024-09-01T04:45:15.248+0000] {dag.py:3211} INFO - Sync 1 DAGs
[2024-09-01T04:45:15.259+0000] {logging_mixin.py:190} INFO - [2024-09-01T04:45:15.259+0000] {dag.py:4138} INFO - Setting next_dagrun for example_python_operator to None, run_after=None
[2024-09-01T04:45:15.280+0000] {processor.py:208} INFO - Processing /home/ubuntu/airflow_snow/lib/python3.12/site-packages/airflow/example_dags/example_python_operator.py took 0.065 seconds
[2024-09-01T04:46:05.359+0000] {processor.py:186} INFO - Started process (PID=3244) to work on /home/ubuntu/airflow_snow/lib/python3.12/site-packages/airflow/example_dags/example_python_operator.py
[2024-09-01T04:46:05.362+0000] {processor.py:914} INFO - Processing file /home/ubuntu/airflow_snow/lib/python3.12/site-packages/airflow/example_dags/example_python_operator.py for tasks to queue
[2024-09-01T04:46:05.364+0000] {logging_mixin.py:190} INFO - [2024-09-01T04:46:05.363+0000] {dagbag.py:587} INFO - Filling up the DagBag from /home/ubuntu/airflow_snow/lib/python3.12/site-packages/airflow/example_dags/example_python_operator.py
[2024-09-01T04:46:05.370+0000] {logging_mixin.py:190} INFO - [2024-09-01T04:46:05.370+0000] {example_python_operator.py:93} WARNING - The virtalenv_python example task requires virtualenv, please install it.
[2024-09-01T04:46:05.372+0000] {processor.py:925} INFO - DAG(s) 'example_python_operator' retrieved from /home/ubuntu/airflow_snow/lib/python3.12/site-packages/airflow/example_dags/example_python_operator.py
[2024-09-01T04:46:05.387+0000] {logging_mixin.py:190} INFO - [2024-09-01T04:46:05.387+0000] {dag.py:3211} INFO - Sync 1 DAGs
[2024-09-01T04:46:05.399+0000] {logging_mixin.py:190} INFO - [2024-09-01T04:46:05.399+0000] {dag.py:4138} INFO - Setting next_dagrun for example_python_operator to None, run_after=None
[2024-09-01T04:46:05.424+0000] {processor.py:208} INFO - Processing /home/ubuntu/airflow_snow/lib/python3.12/site-packages/airflow/example_dags/example_python_operator.py took 0.069 seconds
[2024-09-01T04:46:53.743+0000] {processor.py:186} INFO - Started process (PID=3295) to work on /home/ubuntu/airflow_snow/lib/python3.12/site-packages/airflow/example_dags/example_python_operator.py
[2024-09-01T04:46:53.744+0000] {processor.py:914} INFO - Processing file /home/ubuntu/airflow_snow/lib/python3.12/site-packages/airflow/example_dags/example_python_operator.py for tasks to queue
[2024-09-01T04:46:53.746+0000] {logging_mixin.py:190} INFO - [2024-09-01T04:46:53.746+0000] {dagbag.py:587} INFO - Filling up the DagBag from /home/ubuntu/airflow_snow/lib/python3.12/site-packages/airflow/example_dags/example_python_operator.py
[2024-09-01T04:46:53.752+0000] {logging_mixin.py:190} INFO - [2024-09-01T04:46:53.751+0000] {example_python_operator.py:93} WARNING - The virtalenv_python example task requires virtualenv, please install it.
[2024-09-01T04:46:53.754+0000] {processor.py:925} INFO - DAG(s) 'example_python_operator' retrieved from /home/ubuntu/airflow_snow/lib/python3.12/site-packages/airflow/example_dags/example_python_operator.py
[2024-09-01T04:46:53.770+0000] {logging_mixin.py:190} INFO - [2024-09-01T04:46:53.770+0000] {dag.py:3211} INFO - Sync 1 DAGs
[2024-09-01T04:46:53.781+0000] {logging_mixin.py:190} INFO - [2024-09-01T04:46:53.781+0000] {dag.py:4138} INFO - Setting next_dagrun for example_python_operator to None, run_after=None
[2024-09-01T04:46:53.802+0000] {processor.py:208} INFO - Processing /home/ubuntu/airflow_snow/lib/python3.12/site-packages/airflow/example_dags/example_python_operator.py took 0.064 seconds
[2024-09-01T04:47:40.430+0000] {processor.py:186} INFO - Started process (PID=3344) to work on /home/ubuntu/airflow_snow/lib/python3.12/site-packages/airflow/example_dags/example_python_operator.py
[2024-09-01T04:47:40.433+0000] {processor.py:914} INFO - Processing file /home/ubuntu/airflow_snow/lib/python3.12/site-packages/airflow/example_dags/example_python_operator.py for tasks to queue
[2024-09-01T04:47:40.434+0000] {logging_mixin.py:190} INFO - [2024-09-01T04:47:40.434+0000] {dagbag.py:587} INFO - Filling up the DagBag from /home/ubuntu/airflow_snow/lib/python3.12/site-packages/airflow/example_dags/example_python_operator.py
[2024-09-01T04:47:40.441+0000] {logging_mixin.py:190} INFO - [2024-09-01T04:47:40.441+0000] {example_python_operator.py:93} WARNING - The virtalenv_python example task requires virtualenv, please install it.
[2024-09-01T04:47:40.443+0000] {processor.py:925} INFO - DAG(s) 'example_python_operator' retrieved from /home/ubuntu/airflow_snow/lib/python3.12/site-packages/airflow/example_dags/example_python_operator.py
[2024-09-01T04:47:40.459+0000] {logging_mixin.py:190} INFO - [2024-09-01T04:47:40.459+0000] {dag.py:3211} INFO - Sync 1 DAGs
[2024-09-01T04:47:40.471+0000] {logging_mixin.py:190} INFO - [2024-09-01T04:47:40.471+0000] {dag.py:4138} INFO - Setting next_dagrun for example_python_operator to None, run_after=None
[2024-09-01T04:47:40.492+0000] {processor.py:208} INFO - Processing /home/ubuntu/airflow_snow/lib/python3.12/site-packages/airflow/example_dags/example_python_operator.py took 0.067 seconds
[2024-09-01T04:48:29.663+0000] {processor.py:186} INFO - Started process (PID=3394) to work on /home/ubuntu/airflow_snow/lib/python3.12/site-packages/airflow/example_dags/example_python_operator.py
[2024-09-01T04:48:29.665+0000] {processor.py:914} INFO - Processing file /home/ubuntu/airflow_snow/lib/python3.12/site-packages/airflow/example_dags/example_python_operator.py for tasks to queue
[2024-09-01T04:48:29.667+0000] {logging_mixin.py:190} INFO - [2024-09-01T04:48:29.667+0000] {dagbag.py:587} INFO - Filling up the DagBag from /home/ubuntu/airflow_snow/lib/python3.12/site-packages/airflow/example_dags/example_python_operator.py
[2024-09-01T04:48:29.673+0000] {logging_mixin.py:190} INFO - [2024-09-01T04:48:29.673+0000] {example_python_operator.py:93} WARNING - The virtalenv_python example task requires virtualenv, please install it.
[2024-09-01T04:48:29.675+0000] {processor.py:925} INFO - DAG(s) 'example_python_operator' retrieved from /home/ubuntu/airflow_snow/lib/python3.12/site-packages/airflow/example_dags/example_python_operator.py
[2024-09-01T04:48:29.691+0000] {logging_mixin.py:190} INFO - [2024-09-01T04:48:29.691+0000] {dag.py:3211} INFO - Sync 1 DAGs
[2024-09-01T04:48:29.702+0000] {logging_mixin.py:190} INFO - [2024-09-01T04:48:29.702+0000] {dag.py:4138} INFO - Setting next_dagrun for example_python_operator to None, run_after=None
[2024-09-01T04:48:29.724+0000] {processor.py:208} INFO - Processing /home/ubuntu/airflow_snow/lib/python3.12/site-packages/airflow/example_dags/example_python_operator.py took 0.066 seconds
[2024-09-01T04:49:19.907+0000] {processor.py:186} INFO - Started process (PID=3445) to work on /home/ubuntu/airflow_snow/lib/python3.12/site-packages/airflow/example_dags/example_python_operator.py
[2024-09-01T04:49:19.909+0000] {processor.py:914} INFO - Processing file /home/ubuntu/airflow_snow/lib/python3.12/site-packages/airflow/example_dags/example_python_operator.py for tasks to queue
[2024-09-01T04:49:19.910+0000] {logging_mixin.py:190} INFO - [2024-09-01T04:49:19.910+0000] {dagbag.py:587} INFO - Filling up the DagBag from /home/ubuntu/airflow_snow/lib/python3.12/site-packages/airflow/example_dags/example_python_operator.py
[2024-09-01T04:49:19.918+0000] {logging_mixin.py:190} INFO - [2024-09-01T04:49:19.917+0000] {example_python_operator.py:93} WARNING - The virtalenv_python example task requires virtualenv, please install it.
[2024-09-01T04:49:19.919+0000] {processor.py:925} INFO - DAG(s) 'example_python_operator' retrieved from /home/ubuntu/airflow_snow/lib/python3.12/site-packages/airflow/example_dags/example_python_operator.py
[2024-09-01T04:49:19.935+0000] {logging_mixin.py:190} INFO - [2024-09-01T04:49:19.934+0000] {dag.py:3211} INFO - Sync 1 DAGs
[2024-09-01T04:49:19.947+0000] {logging_mixin.py:190} INFO - [2024-09-01T04:49:19.946+0000] {dag.py:4138} INFO - Setting next_dagrun for example_python_operator to None, run_after=None
[2024-09-01T04:49:19.969+0000] {processor.py:208} INFO - Processing /home/ubuntu/airflow_snow/lib/python3.12/site-packages/airflow/example_dags/example_python_operator.py took 0.067 seconds
[2024-09-01T04:50:07.243+0000] {processor.py:186} INFO - Started process (PID=3497) to work on /home/ubuntu/airflow_snow/lib/python3.12/site-packages/airflow/example_dags/example_python_operator.py
[2024-09-01T04:50:07.246+0000] {processor.py:914} INFO - Processing file /home/ubuntu/airflow_snow/lib/python3.12/site-packages/airflow/example_dags/example_python_operator.py for tasks to queue
[2024-09-01T04:50:07.247+0000] {logging_mixin.py:190} INFO - [2024-09-01T04:50:07.247+0000] {dagbag.py:587} INFO - Filling up the DagBag from /home/ubuntu/airflow_snow/lib/python3.12/site-packages/airflow/example_dags/example_python_operator.py
[2024-09-01T04:50:07.254+0000] {logging_mixin.py:190} INFO - [2024-09-01T04:50:07.253+0000] {example_python_operator.py:93} WARNING - The virtalenv_python example task requires virtualenv, please install it.
[2024-09-01T04:50:07.255+0000] {processor.py:925} INFO - DAG(s) 'example_python_operator' retrieved from /home/ubuntu/airflow_snow/lib/python3.12/site-packages/airflow/example_dags/example_python_operator.py
[2024-09-01T04:50:07.274+0000] {logging_mixin.py:190} INFO - [2024-09-01T04:50:07.274+0000] {dag.py:3211} INFO - Sync 1 DAGs
[2024-09-01T04:50:07.285+0000] {logging_mixin.py:190} INFO - [2024-09-01T04:50:07.285+0000] {dag.py:4138} INFO - Setting next_dagrun for example_python_operator to None, run_after=None
[2024-09-01T04:50:07.308+0000] {processor.py:208} INFO - Processing /home/ubuntu/airflow_snow/lib/python3.12/site-packages/airflow/example_dags/example_python_operator.py took 0.070 seconds
[2024-09-01T04:51:16.454+0000] {processor.py:186} INFO - Started process (PID=3574) to work on /home/ubuntu/airflow_snow/lib/python3.12/site-packages/airflow/example_dags/example_python_operator.py
[2024-09-01T04:51:16.457+0000] {processor.py:914} INFO - Processing file /home/ubuntu/airflow_snow/lib/python3.12/site-packages/airflow/example_dags/example_python_operator.py for tasks to queue
[2024-09-01T04:51:16.460+0000] {logging_mixin.py:190} INFO - [2024-09-01T04:51:16.459+0000] {dagbag.py:587} INFO - Filling up the DagBag from /home/ubuntu/airflow_snow/lib/python3.12/site-packages/airflow/example_dags/example_python_operator.py
[2024-09-01T04:51:16.466+0000] {logging_mixin.py:190} INFO - [2024-09-01T04:51:16.466+0000] {example_python_operator.py:93} WARNING - The virtalenv_python example task requires virtualenv, please install it.
[2024-09-01T04:51:16.468+0000] {processor.py:925} INFO - DAG(s) 'example_python_operator' retrieved from /home/ubuntu/airflow_snow/lib/python3.12/site-packages/airflow/example_dags/example_python_operator.py
[2024-09-01T04:51:16.484+0000] {logging_mixin.py:190} INFO - [2024-09-01T04:51:16.483+0000] {dag.py:3211} INFO - Sync 1 DAGs
[2024-09-01T04:51:16.495+0000] {logging_mixin.py:190} INFO - [2024-09-01T04:51:16.495+0000] {dag.py:4138} INFO - Setting next_dagrun for example_python_operator to None, run_after=None
[2024-09-01T04:51:16.517+0000] {processor.py:208} INFO - Processing /home/ubuntu/airflow_snow/lib/python3.12/site-packages/airflow/example_dags/example_python_operator.py took 0.067 seconds
[2024-09-01T04:52:06.712+0000] {processor.py:186} INFO - Started process (PID=3627) to work on /home/ubuntu/airflow_snow/lib/python3.12/site-packages/airflow/example_dags/example_python_operator.py
[2024-09-01T04:52:06.715+0000] {processor.py:914} INFO - Processing file /home/ubuntu/airflow_snow/lib/python3.12/site-packages/airflow/example_dags/example_python_operator.py for tasks to queue
[2024-09-01T04:52:06.717+0000] {logging_mixin.py:190} INFO - [2024-09-01T04:52:06.716+0000] {dagbag.py:587} INFO - Filling up the DagBag from /home/ubuntu/airflow_snow/lib/python3.12/site-packages/airflow/example_dags/example_python_operator.py
[2024-09-01T04:52:06.722+0000] {logging_mixin.py:190} INFO - [2024-09-01T04:52:06.722+0000] {example_python_operator.py:93} WARNING - The virtalenv_python example task requires virtualenv, please install it.
[2024-09-01T04:52:06.725+0000] {processor.py:925} INFO - DAG(s) 'example_python_operator' retrieved from /home/ubuntu/airflow_snow/lib/python3.12/site-packages/airflow/example_dags/example_python_operator.py
[2024-09-01T04:52:06.741+0000] {logging_mixin.py:190} INFO - [2024-09-01T04:52:06.740+0000] {dag.py:3211} INFO - Sync 1 DAGs
[2024-09-01T04:52:06.752+0000] {logging_mixin.py:190} INFO - [2024-09-01T04:52:06.751+0000] {dag.py:4138} INFO - Setting next_dagrun for example_python_operator to None, run_after=None
[2024-09-01T04:52:06.773+0000] {processor.py:208} INFO - Processing /home/ubuntu/airflow_snow/lib/python3.12/site-packages/airflow/example_dags/example_python_operator.py took 0.066 seconds
