[2024-09-01T04:29:24.686+0000] {processor.py:186} INFO - Started process (PID=2196) to work on /home/ubuntu/airflow_snow/lib/python3.12/site-packages/airflow/example_dags/example_branch_datetime_operator.py
[2024-09-01T04:29:24.687+0000] {processor.py:914} INFO - Processing file /home/ubuntu/airflow_snow/lib/python3.12/site-packages/airflow/example_dags/example_branch_datetime_operator.py for tasks to queue
[2024-09-01T04:29:24.689+0000] {logging_mixin.py:190} INFO - [2024-09-01T04:29:24.688+0000] {dagbag.py:587} INFO - Filling up the DagBag from /home/ubuntu/airflow_snow/lib/python3.12/site-packages/airflow/example_dags/example_branch_datetime_operator.py
[2024-09-01T04:29:24.700+0000] {processor.py:925} INFO - DAG(s) 'example_branch_datetime_operator_2', 'example_branch_datetime_operator', 'example_branch_datetime_operator_3' retrieved from /home/ubuntu/airflow_snow/lib/python3.12/site-packages/airflow/example_dags/example_branch_datetime_operator.py
[2024-09-01T04:29:24.798+0000] {logging_mixin.py:190} INFO - [2024-09-01T04:29:24.798+0000] {override.py:1900} INFO - Created Permission View: can delete on DAG:example_branch_datetime_operator_2
[2024-09-01T04:29:24.810+0000] {logging_mixin.py:190} INFO - [2024-09-01T04:29:24.809+0000] {override.py:1900} INFO - Created Permission View: can read on DAG:example_branch_datetime_operator_2
[2024-09-01T04:29:24.820+0000] {logging_mixin.py:190} INFO - [2024-09-01T04:29:24.820+0000] {override.py:1900} INFO - Created Permission View: can edit on DAG:example_branch_datetime_operator_2
[2024-09-01T04:29:24.837+0000] {logging_mixin.py:190} INFO - [2024-09-01T04:29:24.837+0000] {override.py:1900} INFO - Created Permission View: menu access on DAG Run:example_branch_datetime_operator_2
[2024-09-01T04:29:24.846+0000] {logging_mixin.py:190} INFO - [2024-09-01T04:29:24.846+0000] {override.py:1900} INFO - Created Permission View: can create on DAG Run:example_branch_datetime_operator_2
[2024-09-01T04:29:24.858+0000] {logging_mixin.py:190} INFO - [2024-09-01T04:29:24.857+0000] {override.py:1900} INFO - Created Permission View: can read on DAG Run:example_branch_datetime_operator_2
[2024-09-01T04:29:24.868+0000] {logging_mixin.py:190} INFO - [2024-09-01T04:29:24.868+0000] {override.py:1900} INFO - Created Permission View: can delete on DAG Run:example_branch_datetime_operator_2
[2024-09-01T04:29:24.892+0000] {logging_mixin.py:190} INFO - [2024-09-01T04:29:24.892+0000] {override.py:1900} INFO - Created Permission View: can delete on DAG:example_branch_datetime_operator
[2024-09-01T04:29:24.904+0000] {logging_mixin.py:190} INFO - [2024-09-01T04:29:24.904+0000] {override.py:1900} INFO - Created Permission View: can read on DAG:example_branch_datetime_operator
[2024-09-01T04:29:24.914+0000] {logging_mixin.py:190} INFO - [2024-09-01T04:29:24.914+0000] {override.py:1900} INFO - Created Permission View: can edit on DAG:example_branch_datetime_operator
[2024-09-01T04:29:24.933+0000] {logging_mixin.py:190} INFO - [2024-09-01T04:29:24.933+0000] {override.py:1900} INFO - Created Permission View: menu access on DAG Run:example_branch_datetime_operator
[2024-09-01T04:29:24.942+0000] {logging_mixin.py:190} INFO - [2024-09-01T04:29:24.942+0000] {override.py:1900} INFO - Created Permission View: can create on DAG Run:example_branch_datetime_operator
[2024-09-01T04:29:24.953+0000] {logging_mixin.py:190} INFO - [2024-09-01T04:29:24.953+0000] {override.py:1900} INFO - Created Permission View: can read on DAG Run:example_branch_datetime_operator
[2024-09-01T04:29:24.963+0000] {logging_mixin.py:190} INFO - [2024-09-01T04:29:24.963+0000] {override.py:1900} INFO - Created Permission View: can delete on DAG Run:example_branch_datetime_operator
[2024-09-01T04:29:24.991+0000] {logging_mixin.py:190} INFO - [2024-09-01T04:29:24.991+0000] {override.py:1900} INFO - Created Permission View: can delete on DAG:example_branch_datetime_operator_3
[2024-09-01T04:29:25.002+0000] {logging_mixin.py:190} INFO - [2024-09-01T04:29:25.002+0000] {override.py:1900} INFO - Created Permission View: can read on DAG:example_branch_datetime_operator_3
[2024-09-01T04:29:25.013+0000] {logging_mixin.py:190} INFO - [2024-09-01T04:29:25.013+0000] {override.py:1900} INFO - Created Permission View: can edit on DAG:example_branch_datetime_operator_3
[2024-09-01T04:29:25.031+0000] {logging_mixin.py:190} INFO - [2024-09-01T04:29:25.031+0000] {override.py:1900} INFO - Created Permission View: menu access on DAG Run:example_branch_datetime_operator_3
[2024-09-01T04:29:25.041+0000] {logging_mixin.py:190} INFO - [2024-09-01T04:29:25.041+0000] {override.py:1900} INFO - Created Permission View: can create on DAG Run:example_branch_datetime_operator_3
[2024-09-01T04:29:25.051+0000] {logging_mixin.py:190} INFO - [2024-09-01T04:29:25.051+0000] {override.py:1900} INFO - Created Permission View: can read on DAG Run:example_branch_datetime_operator_3
[2024-09-01T04:29:25.061+0000] {logging_mixin.py:190} INFO - [2024-09-01T04:29:25.061+0000] {override.py:1900} INFO - Created Permission View: can delete on DAG Run:example_branch_datetime_operator_3
[2024-09-01T04:29:25.061+0000] {logging_mixin.py:190} INFO - [2024-09-01T04:29:25.061+0000] {dag.py:3211} INFO - Sync 3 DAGs
[2024-09-01T04:29:25.072+0000] {logging_mixin.py:190} INFO - [2024-09-01T04:29:25.072+0000] {dag.py:3234} INFO - Creating ORM DAG for example_branch_datetime_operator_3
[2024-09-01T04:29:25.073+0000] {logging_mixin.py:190} INFO - [2024-09-01T04:29:25.073+0000] {dag.py:3234} INFO - Creating ORM DAG for example_branch_datetime_operator_2
[2024-09-01T04:29:25.073+0000] {logging_mixin.py:190} INFO - [2024-09-01T04:29:25.073+0000] {dag.py:3234} INFO - Creating ORM DAG for example_branch_datetime_operator
[2024-09-01T04:29:25.081+0000] {logging_mixin.py:190} INFO - [2024-09-01T04:29:25.081+0000] {dag.py:4138} INFO - Setting next_dagrun for example_branch_datetime_operator to 2024-08-31 00:00:00+00:00, run_after=2024-09-01 00:00:00+00:00
[2024-09-01T04:29:25.083+0000] {logging_mixin.py:190} INFO - [2024-09-01T04:29:25.082+0000] {dag.py:4138} INFO - Setting next_dagrun for example_branch_datetime_operator_2 to 2024-08-31 00:00:00+00:00, run_after=2024-09-01 00:00:00+00:00
[2024-09-01T04:29:25.084+0000] {logging_mixin.py:190} INFO - [2024-09-01T04:29:25.083+0000] {dag.py:4138} INFO - Setting next_dagrun for example_branch_datetime_operator_3 to 2024-08-31 00:00:00+00:00, run_after=2024-09-01 00:00:00+00:00
[2024-09-01T04:29:25.106+0000] {processor.py:208} INFO - Processing /home/ubuntu/airflow_snow/lib/python3.12/site-packages/airflow/example_dags/example_branch_datetime_operator.py took 0.425 seconds
[2024-09-01T04:30:20.850+0000] {processor.py:186} INFO - Started process (PID=2254) to work on /home/ubuntu/airflow_snow/lib/python3.12/site-packages/airflow/example_dags/example_branch_datetime_operator.py
[2024-09-01T04:30:20.852+0000] {processor.py:914} INFO - Processing file /home/ubuntu/airflow_snow/lib/python3.12/site-packages/airflow/example_dags/example_branch_datetime_operator.py for tasks to queue
[2024-09-01T04:30:20.854+0000] {logging_mixin.py:190} INFO - [2024-09-01T04:30:20.854+0000] {dagbag.py:587} INFO - Filling up the DagBag from /home/ubuntu/airflow_snow/lib/python3.12/site-packages/airflow/example_dags/example_branch_datetime_operator.py
[2024-09-01T04:30:20.865+0000] {processor.py:925} INFO - DAG(s) 'example_branch_datetime_operator_3', 'example_branch_datetime_operator_2', 'example_branch_datetime_operator' retrieved from /home/ubuntu/airflow_snow/lib/python3.12/site-packages/airflow/example_dags/example_branch_datetime_operator.py
[2024-09-01T04:30:20.884+0000] {logging_mixin.py:190} INFO - [2024-09-01T04:30:20.884+0000] {dag.py:3211} INFO - Sync 3 DAGs
[2024-09-01T04:30:20.903+0000] {logging_mixin.py:190} INFO - [2024-09-01T04:30:20.903+0000] {dag.py:4138} INFO - Setting next_dagrun for example_branch_datetime_operator to 2024-08-31 00:00:00+00:00, run_after=2024-09-01 00:00:00+00:00
[2024-09-01T04:30:20.906+0000] {logging_mixin.py:190} INFO - [2024-09-01T04:30:20.905+0000] {dag.py:4138} INFO - Setting next_dagrun for example_branch_datetime_operator_2 to 2024-08-31 00:00:00+00:00, run_after=2024-09-01 00:00:00+00:00
[2024-09-01T04:30:20.907+0000] {logging_mixin.py:190} INFO - [2024-09-01T04:30:20.907+0000] {dag.py:4138} INFO - Setting next_dagrun for example_branch_datetime_operator_3 to 2024-08-31 00:00:00+00:00, run_after=2024-09-01 00:00:00+00:00
[2024-09-01T04:30:20.926+0000] {processor.py:208} INFO - Processing /home/ubuntu/airflow_snow/lib/python3.12/site-packages/airflow/example_dags/example_branch_datetime_operator.py took 0.081 seconds
[2024-09-01T04:31:34.663+0000] {processor.py:186} INFO - Started process (PID=2335) to work on /home/ubuntu/airflow_snow/lib/python3.12/site-packages/airflow/example_dags/example_branch_datetime_operator.py
[2024-09-01T04:31:34.668+0000] {processor.py:914} INFO - Processing file /home/ubuntu/airflow_snow/lib/python3.12/site-packages/airflow/example_dags/example_branch_datetime_operator.py for tasks to queue
[2024-09-01T04:31:34.669+0000] {logging_mixin.py:190} INFO - [2024-09-01T04:31:34.669+0000] {dagbag.py:587} INFO - Filling up the DagBag from /home/ubuntu/airflow_snow/lib/python3.12/site-packages/airflow/example_dags/example_branch_datetime_operator.py
[2024-09-01T04:31:34.681+0000] {processor.py:925} INFO - DAG(s) 'example_branch_datetime_operator_2', 'example_branch_datetime_operator_3', 'example_branch_datetime_operator' retrieved from /home/ubuntu/airflow_snow/lib/python3.12/site-packages/airflow/example_dags/example_branch_datetime_operator.py
[2024-09-01T04:31:34.701+0000] {logging_mixin.py:190} INFO - [2024-09-01T04:31:34.701+0000] {dag.py:3211} INFO - Sync 3 DAGs
[2024-09-01T04:31:34.722+0000] {logging_mixin.py:190} INFO - [2024-09-01T04:31:34.722+0000] {dag.py:4138} INFO - Setting next_dagrun for example_branch_datetime_operator to 2024-08-31 00:00:00+00:00, run_after=2024-09-01 00:00:00+00:00
[2024-09-01T04:31:34.726+0000] {logging_mixin.py:190} INFO - [2024-09-01T04:31:34.725+0000] {dag.py:4138} INFO - Setting next_dagrun for example_branch_datetime_operator_2 to 2024-08-31 00:00:00+00:00, run_after=2024-09-01 00:00:00+00:00
[2024-09-01T04:31:34.727+0000] {logging_mixin.py:190} INFO - [2024-09-01T04:31:34.727+0000] {dag.py:4138} INFO - Setting next_dagrun for example_branch_datetime_operator_3 to 2024-08-31 00:00:00+00:00, run_after=2024-09-01 00:00:00+00:00
[2024-09-01T04:31:34.752+0000] {processor.py:208} INFO - Processing /home/ubuntu/airflow_snow/lib/python3.12/site-packages/airflow/example_dags/example_branch_datetime_operator.py took 0.093 seconds
[2024-09-01T04:32:46.236+0000] {processor.py:186} INFO - Started process (PID=2409) to work on /home/ubuntu/airflow_snow/lib/python3.12/site-packages/airflow/example_dags/example_branch_datetime_operator.py
[2024-09-01T04:32:46.239+0000] {processor.py:914} INFO - Processing file /home/ubuntu/airflow_snow/lib/python3.12/site-packages/airflow/example_dags/example_branch_datetime_operator.py for tasks to queue
[2024-09-01T04:32:46.241+0000] {logging_mixin.py:190} INFO - [2024-09-01T04:32:46.241+0000] {dagbag.py:587} INFO - Filling up the DagBag from /home/ubuntu/airflow_snow/lib/python3.12/site-packages/airflow/example_dags/example_branch_datetime_operator.py
[2024-09-01T04:32:46.252+0000] {processor.py:925} INFO - DAG(s) 'example_branch_datetime_operator', 'example_branch_datetime_operator_3', 'example_branch_datetime_operator_2' retrieved from /home/ubuntu/airflow_snow/lib/python3.12/site-packages/airflow/example_dags/example_branch_datetime_operator.py
[2024-09-01T04:32:46.272+0000] {logging_mixin.py:190} INFO - [2024-09-01T04:32:46.272+0000] {dag.py:3211} INFO - Sync 3 DAGs
[2024-09-01T04:32:46.291+0000] {logging_mixin.py:190} INFO - [2024-09-01T04:32:46.291+0000] {dag.py:4138} INFO - Setting next_dagrun for example_branch_datetime_operator to 2024-08-31 00:00:00+00:00, run_after=2024-09-01 00:00:00+00:00
[2024-09-01T04:32:46.295+0000] {logging_mixin.py:190} INFO - [2024-09-01T04:32:46.295+0000] {dag.py:4138} INFO - Setting next_dagrun for example_branch_datetime_operator_2 to 2024-08-31 00:00:00+00:00, run_after=2024-09-01 00:00:00+00:00
[2024-09-01T04:32:46.298+0000] {logging_mixin.py:190} INFO - [2024-09-01T04:32:46.298+0000] {dag.py:4138} INFO - Setting next_dagrun for example_branch_datetime_operator_3 to 2024-08-31 00:00:00+00:00, run_after=2024-09-01 00:00:00+00:00
[2024-09-01T04:32:46.318+0000] {processor.py:208} INFO - Processing /home/ubuntu/airflow_snow/lib/python3.12/site-packages/airflow/example_dags/example_branch_datetime_operator.py took 0.087 seconds
[2024-09-01T04:33:41.539+0000] {processor.py:186} INFO - Started process (PID=2465) to work on /home/ubuntu/airflow_snow/lib/python3.12/site-packages/airflow/example_dags/example_branch_datetime_operator.py
[2024-09-01T04:33:41.541+0000] {processor.py:914} INFO - Processing file /home/ubuntu/airflow_snow/lib/python3.12/site-packages/airflow/example_dags/example_branch_datetime_operator.py for tasks to queue
[2024-09-01T04:33:41.543+0000] {logging_mixin.py:190} INFO - [2024-09-01T04:33:41.542+0000] {dagbag.py:587} INFO - Filling up the DagBag from /home/ubuntu/airflow_snow/lib/python3.12/site-packages/airflow/example_dags/example_branch_datetime_operator.py
[2024-09-01T04:33:41.554+0000] {processor.py:925} INFO - DAG(s) 'example_branch_datetime_operator_2', 'example_branch_datetime_operator', 'example_branch_datetime_operator_3' retrieved from /home/ubuntu/airflow_snow/lib/python3.12/site-packages/airflow/example_dags/example_branch_datetime_operator.py
[2024-09-01T04:33:41.574+0000] {logging_mixin.py:190} INFO - [2024-09-01T04:33:41.574+0000] {dag.py:3211} INFO - Sync 3 DAGs
[2024-09-01T04:33:41.595+0000] {logging_mixin.py:190} INFO - [2024-09-01T04:33:41.595+0000] {dag.py:4138} INFO - Setting next_dagrun for example_branch_datetime_operator to 2024-08-31 00:00:00+00:00, run_after=2024-09-01 00:00:00+00:00
[2024-09-01T04:33:41.598+0000] {logging_mixin.py:190} INFO - [2024-09-01T04:33:41.598+0000] {dag.py:4138} INFO - Setting next_dagrun for example_branch_datetime_operator_2 to 2024-08-31 00:00:00+00:00, run_after=2024-09-01 00:00:00+00:00
[2024-09-01T04:33:41.599+0000] {logging_mixin.py:190} INFO - [2024-09-01T04:33:41.599+0000] {dag.py:4138} INFO - Setting next_dagrun for example_branch_datetime_operator_3 to 2024-08-31 00:00:00+00:00, run_after=2024-09-01 00:00:00+00:00
[2024-09-01T04:33:41.621+0000] {processor.py:208} INFO - Processing /home/ubuntu/airflow_snow/lib/python3.12/site-packages/airflow/example_dags/example_branch_datetime_operator.py took 0.088 seconds
[2024-09-01T04:34:54.679+0000] {processor.py:186} INFO - Started process (PID=2544) to work on /home/ubuntu/airflow_snow/lib/python3.12/site-packages/airflow/example_dags/example_branch_datetime_operator.py
[2024-09-01T04:34:54.681+0000] {processor.py:914} INFO - Processing file /home/ubuntu/airflow_snow/lib/python3.12/site-packages/airflow/example_dags/example_branch_datetime_operator.py for tasks to queue
[2024-09-01T04:34:54.682+0000] {logging_mixin.py:190} INFO - [2024-09-01T04:34:54.682+0000] {dagbag.py:587} INFO - Filling up the DagBag from /home/ubuntu/airflow_snow/lib/python3.12/site-packages/airflow/example_dags/example_branch_datetime_operator.py
[2024-09-01T04:34:54.694+0000] {processor.py:925} INFO - DAG(s) 'example_branch_datetime_operator_3', 'example_branch_datetime_operator', 'example_branch_datetime_operator_2' retrieved from /home/ubuntu/airflow_snow/lib/python3.12/site-packages/airflow/example_dags/example_branch_datetime_operator.py
[2024-09-01T04:34:54.714+0000] {logging_mixin.py:190} INFO - [2024-09-01T04:34:54.714+0000] {dag.py:3211} INFO - Sync 3 DAGs
[2024-09-01T04:34:54.734+0000] {logging_mixin.py:190} INFO - [2024-09-01T04:34:54.734+0000] {dag.py:4138} INFO - Setting next_dagrun for example_branch_datetime_operator to 2024-08-31 00:00:00+00:00, run_after=2024-09-01 00:00:00+00:00
[2024-09-01T04:34:54.738+0000] {logging_mixin.py:190} INFO - [2024-09-01T04:34:54.738+0000] {dag.py:4138} INFO - Setting next_dagrun for example_branch_datetime_operator_2 to 2024-08-31 00:00:00+00:00, run_after=2024-09-01 00:00:00+00:00
[2024-09-01T04:34:54.739+0000] {logging_mixin.py:190} INFO - [2024-09-01T04:34:54.739+0000] {dag.py:4138} INFO - Setting next_dagrun for example_branch_datetime_operator_3 to 2024-08-31 00:00:00+00:00, run_after=2024-09-01 00:00:00+00:00
[2024-09-01T04:34:54.761+0000] {processor.py:208} INFO - Processing /home/ubuntu/airflow_snow/lib/python3.12/site-packages/airflow/example_dags/example_branch_datetime_operator.py took 0.088 seconds
[2024-09-01T04:36:09.315+0000] {processor.py:186} INFO - Started process (PID=2622) to work on /home/ubuntu/airflow_snow/lib/python3.12/site-packages/airflow/example_dags/example_branch_datetime_operator.py
[2024-09-01T04:36:09.317+0000] {processor.py:914} INFO - Processing file /home/ubuntu/airflow_snow/lib/python3.12/site-packages/airflow/example_dags/example_branch_datetime_operator.py for tasks to queue
[2024-09-01T04:36:09.318+0000] {logging_mixin.py:190} INFO - [2024-09-01T04:36:09.318+0000] {dagbag.py:587} INFO - Filling up the DagBag from /home/ubuntu/airflow_snow/lib/python3.12/site-packages/airflow/example_dags/example_branch_datetime_operator.py
[2024-09-01T04:36:09.330+0000] {processor.py:925} INFO - DAG(s) 'example_branch_datetime_operator_3', 'example_branch_datetime_operator', 'example_branch_datetime_operator_2' retrieved from /home/ubuntu/airflow_snow/lib/python3.12/site-packages/airflow/example_dags/example_branch_datetime_operator.py
[2024-09-01T04:36:09.350+0000] {logging_mixin.py:190} INFO - [2024-09-01T04:36:09.350+0000] {dag.py:3211} INFO - Sync 3 DAGs
[2024-09-01T04:36:09.369+0000] {logging_mixin.py:190} INFO - [2024-09-01T04:36:09.369+0000] {dag.py:4138} INFO - Setting next_dagrun for example_branch_datetime_operator to 2024-08-31 00:00:00+00:00, run_after=2024-09-01 00:00:00+00:00
[2024-09-01T04:36:09.372+0000] {logging_mixin.py:190} INFO - [2024-09-01T04:36:09.372+0000] {dag.py:4138} INFO - Setting next_dagrun for example_branch_datetime_operator_2 to 2024-08-31 00:00:00+00:00, run_after=2024-09-01 00:00:00+00:00
[2024-09-01T04:36:09.375+0000] {logging_mixin.py:190} INFO - [2024-09-01T04:36:09.375+0000] {dag.py:4138} INFO - Setting next_dagrun for example_branch_datetime_operator_3 to 2024-08-31 00:00:00+00:00, run_after=2024-09-01 00:00:00+00:00
[2024-09-01T04:36:09.395+0000] {processor.py:208} INFO - Processing /home/ubuntu/airflow_snow/lib/python3.12/site-packages/airflow/example_dags/example_branch_datetime_operator.py took 0.086 seconds
[2024-09-01T04:37:28.573+0000] {processor.py:186} INFO - Started process (PID=2702) to work on /home/ubuntu/airflow_snow/lib/python3.12/site-packages/airflow/example_dags/example_branch_datetime_operator.py
[2024-09-01T04:37:28.576+0000] {processor.py:914} INFO - Processing file /home/ubuntu/airflow_snow/lib/python3.12/site-packages/airflow/example_dags/example_branch_datetime_operator.py for tasks to queue
[2024-09-01T04:37:28.577+0000] {logging_mixin.py:190} INFO - [2024-09-01T04:37:28.577+0000] {dagbag.py:587} INFO - Filling up the DagBag from /home/ubuntu/airflow_snow/lib/python3.12/site-packages/airflow/example_dags/example_branch_datetime_operator.py
[2024-09-01T04:37:28.588+0000] {processor.py:925} INFO - DAG(s) 'example_branch_datetime_operator_2', 'example_branch_datetime_operator_3', 'example_branch_datetime_operator' retrieved from /home/ubuntu/airflow_snow/lib/python3.12/site-packages/airflow/example_dags/example_branch_datetime_operator.py
[2024-09-01T04:37:28.607+0000] {logging_mixin.py:190} INFO - [2024-09-01T04:37:28.607+0000] {dag.py:3211} INFO - Sync 3 DAGs
[2024-09-01T04:37:28.626+0000] {logging_mixin.py:190} INFO - [2024-09-01T04:37:28.626+0000] {dag.py:4138} INFO - Setting next_dagrun for example_branch_datetime_operator to 2024-08-31 00:00:00+00:00, run_after=2024-09-01 00:00:00+00:00
[2024-09-01T04:37:28.630+0000] {logging_mixin.py:190} INFO - [2024-09-01T04:37:28.630+0000] {dag.py:4138} INFO - Setting next_dagrun for example_branch_datetime_operator_2 to 2024-08-31 00:00:00+00:00, run_after=2024-09-01 00:00:00+00:00
[2024-09-01T04:37:28.631+0000] {logging_mixin.py:190} INFO - [2024-09-01T04:37:28.631+0000] {dag.py:4138} INFO - Setting next_dagrun for example_branch_datetime_operator_3 to 2024-08-31 00:00:00+00:00, run_after=2024-09-01 00:00:00+00:00
[2024-09-01T04:37:28.650+0000] {processor.py:208} INFO - Processing /home/ubuntu/airflow_snow/lib/python3.12/site-packages/airflow/example_dags/example_branch_datetime_operator.py took 0.082 seconds
[2024-09-01T04:38:43.802+0000] {processor.py:186} INFO - Started process (PID=2778) to work on /home/ubuntu/airflow_snow/lib/python3.12/site-packages/airflow/example_dags/example_branch_datetime_operator.py
[2024-09-01T04:38:43.803+0000] {processor.py:914} INFO - Processing file /home/ubuntu/airflow_snow/lib/python3.12/site-packages/airflow/example_dags/example_branch_datetime_operator.py for tasks to queue
[2024-09-01T04:38:43.806+0000] {logging_mixin.py:190} INFO - [2024-09-01T04:38:43.806+0000] {dagbag.py:587} INFO - Filling up the DagBag from /home/ubuntu/airflow_snow/lib/python3.12/site-packages/airflow/example_dags/example_branch_datetime_operator.py
[2024-09-01T04:38:43.819+0000] {processor.py:925} INFO - DAG(s) 'example_branch_datetime_operator', 'example_branch_datetime_operator_3', 'example_branch_datetime_operator_2' retrieved from /home/ubuntu/airflow_snow/lib/python3.12/site-packages/airflow/example_dags/example_branch_datetime_operator.py
[2024-09-01T04:38:43.838+0000] {logging_mixin.py:190} INFO - [2024-09-01T04:38:43.838+0000] {dag.py:3211} INFO - Sync 3 DAGs
[2024-09-01T04:38:43.858+0000] {logging_mixin.py:190} INFO - [2024-09-01T04:38:43.857+0000] {dag.py:4138} INFO - Setting next_dagrun for example_branch_datetime_operator to 2024-08-31 00:00:00+00:00, run_after=2024-09-01 00:00:00+00:00
[2024-09-01T04:38:43.862+0000] {logging_mixin.py:190} INFO - [2024-09-01T04:38:43.862+0000] {dag.py:4138} INFO - Setting next_dagrun for example_branch_datetime_operator_2 to 2024-08-31 00:00:00+00:00, run_after=2024-09-01 00:00:00+00:00
[2024-09-01T04:38:43.863+0000] {logging_mixin.py:190} INFO - [2024-09-01T04:38:43.863+0000] {dag.py:4138} INFO - Setting next_dagrun for example_branch_datetime_operator_3 to 2024-08-31 00:00:00+00:00, run_after=2024-09-01 00:00:00+00:00
[2024-09-01T04:38:43.885+0000] {processor.py:208} INFO - Processing /home/ubuntu/airflow_snow/lib/python3.12/site-packages/airflow/example_dags/example_branch_datetime_operator.py took 0.087 seconds
[2024-09-01T04:40:01.103+0000] {processor.py:186} INFO - Started process (PID=2857) to work on /home/ubuntu/airflow_snow/lib/python3.12/site-packages/airflow/example_dags/example_branch_datetime_operator.py
[2024-09-01T04:40:01.106+0000] {processor.py:914} INFO - Processing file /home/ubuntu/airflow_snow/lib/python3.12/site-packages/airflow/example_dags/example_branch_datetime_operator.py for tasks to queue
[2024-09-01T04:40:01.107+0000] {logging_mixin.py:190} INFO - [2024-09-01T04:40:01.107+0000] {dagbag.py:587} INFO - Filling up the DagBag from /home/ubuntu/airflow_snow/lib/python3.12/site-packages/airflow/example_dags/example_branch_datetime_operator.py
[2024-09-01T04:40:01.119+0000] {processor.py:925} INFO - DAG(s) 'example_branch_datetime_operator_3', 'example_branch_datetime_operator_2', 'example_branch_datetime_operator' retrieved from /home/ubuntu/airflow_snow/lib/python3.12/site-packages/airflow/example_dags/example_branch_datetime_operator.py
[2024-09-01T04:40:01.139+0000] {logging_mixin.py:190} INFO - [2024-09-01T04:40:01.139+0000] {dag.py:3211} INFO - Sync 3 DAGs
[2024-09-01T04:40:01.159+0000] {logging_mixin.py:190} INFO - [2024-09-01T04:40:01.159+0000] {dag.py:4138} INFO - Setting next_dagrun for example_branch_datetime_operator to 2024-08-31 00:00:00+00:00, run_after=2024-09-01 00:00:00+00:00
[2024-09-01T04:40:01.163+0000] {logging_mixin.py:190} INFO - [2024-09-01T04:40:01.163+0000] {dag.py:4138} INFO - Setting next_dagrun for example_branch_datetime_operator_2 to 2024-08-31 00:00:00+00:00, run_after=2024-09-01 00:00:00+00:00
[2024-09-01T04:40:01.166+0000] {logging_mixin.py:190} INFO - [2024-09-01T04:40:01.165+0000] {dag.py:4138} INFO - Setting next_dagrun for example_branch_datetime_operator_3 to 2024-08-31 00:00:00+00:00, run_after=2024-09-01 00:00:00+00:00
[2024-09-01T04:40:01.186+0000] {processor.py:208} INFO - Processing /home/ubuntu/airflow_snow/lib/python3.12/site-packages/airflow/example_dags/example_branch_datetime_operator.py took 0.089 seconds
[2024-09-01T04:41:19.474+0000] {processor.py:186} INFO - Started process (PID=2940) to work on /home/ubuntu/airflow_snow/lib/python3.12/site-packages/airflow/example_dags/example_branch_datetime_operator.py
[2024-09-01T04:41:19.476+0000] {processor.py:914} INFO - Processing file /home/ubuntu/airflow_snow/lib/python3.12/site-packages/airflow/example_dags/example_branch_datetime_operator.py for tasks to queue
[2024-09-01T04:41:19.478+0000] {logging_mixin.py:190} INFO - [2024-09-01T04:41:19.478+0000] {dagbag.py:587} INFO - Filling up the DagBag from /home/ubuntu/airflow_snow/lib/python3.12/site-packages/airflow/example_dags/example_branch_datetime_operator.py
[2024-09-01T04:41:19.489+0000] {processor.py:925} INFO - DAG(s) 'example_branch_datetime_operator_3', 'example_branch_datetime_operator_2', 'example_branch_datetime_operator' retrieved from /home/ubuntu/airflow_snow/lib/python3.12/site-packages/airflow/example_dags/example_branch_datetime_operator.py
[2024-09-01T04:41:19.508+0000] {logging_mixin.py:190} INFO - [2024-09-01T04:41:19.508+0000] {dag.py:3211} INFO - Sync 3 DAGs
[2024-09-01T04:41:19.527+0000] {logging_mixin.py:190} INFO - [2024-09-01T04:41:19.527+0000] {dag.py:4138} INFO - Setting next_dagrun for example_branch_datetime_operator to 2024-08-31 00:00:00+00:00, run_after=2024-09-01 00:00:00+00:00
[2024-09-01T04:41:19.533+0000] {logging_mixin.py:190} INFO - [2024-09-01T04:41:19.532+0000] {dag.py:4138} INFO - Setting next_dagrun for example_branch_datetime_operator_2 to 2024-08-31 00:00:00+00:00, run_after=2024-09-01 00:00:00+00:00
[2024-09-01T04:41:19.534+0000] {logging_mixin.py:190} INFO - [2024-09-01T04:41:19.534+0000] {dag.py:4138} INFO - Setting next_dagrun for example_branch_datetime_operator_3 to 2024-08-31 00:00:00+00:00, run_after=2024-09-01 00:00:00+00:00
[2024-09-01T04:41:19.558+0000] {processor.py:208} INFO - Processing /home/ubuntu/airflow_snow/lib/python3.12/site-packages/airflow/example_dags/example_branch_datetime_operator.py took 0.090 seconds
[2024-09-01T04:42:33.223+0000] {processor.py:186} INFO - Started process (PID=3016) to work on /home/ubuntu/airflow_snow/lib/python3.12/site-packages/airflow/example_dags/example_branch_datetime_operator.py
[2024-09-01T04:42:33.225+0000] {processor.py:914} INFO - Processing file /home/ubuntu/airflow_snow/lib/python3.12/site-packages/airflow/example_dags/example_branch_datetime_operator.py for tasks to queue
[2024-09-01T04:42:33.227+0000] {logging_mixin.py:190} INFO - [2024-09-01T04:42:33.226+0000] {dagbag.py:587} INFO - Filling up the DagBag from /home/ubuntu/airflow_snow/lib/python3.12/site-packages/airflow/example_dags/example_branch_datetime_operator.py
[2024-09-01T04:42:33.238+0000] {processor.py:925} INFO - DAG(s) 'example_branch_datetime_operator', 'example_branch_datetime_operator_2', 'example_branch_datetime_operator_3' retrieved from /home/ubuntu/airflow_snow/lib/python3.12/site-packages/airflow/example_dags/example_branch_datetime_operator.py
[2024-09-01T04:42:33.256+0000] {logging_mixin.py:190} INFO - [2024-09-01T04:42:33.256+0000] {dag.py:3211} INFO - Sync 3 DAGs
[2024-09-01T04:42:33.275+0000] {logging_mixin.py:190} INFO - [2024-09-01T04:42:33.275+0000] {dag.py:4138} INFO - Setting next_dagrun for example_branch_datetime_operator to 2024-08-31 00:00:00+00:00, run_after=2024-09-01 00:00:00+00:00
[2024-09-01T04:42:33.279+0000] {logging_mixin.py:190} INFO - [2024-09-01T04:42:33.279+0000] {dag.py:4138} INFO - Setting next_dagrun for example_branch_datetime_operator_2 to 2024-08-31 00:00:00+00:00, run_after=2024-09-01 00:00:00+00:00
[2024-09-01T04:42:33.282+0000] {logging_mixin.py:190} INFO - [2024-09-01T04:42:33.282+0000] {dag.py:4138} INFO - Setting next_dagrun for example_branch_datetime_operator_3 to 2024-08-31 00:00:00+00:00, run_after=2024-09-01 00:00:00+00:00
[2024-09-01T04:42:33.304+0000] {processor.py:208} INFO - Processing /home/ubuntu/airflow_snow/lib/python3.12/site-packages/airflow/example_dags/example_branch_datetime_operator.py took 0.086 seconds
[2024-09-01T04:43:46.456+0000] {processor.py:186} INFO - Started process (PID=3091) to work on /home/ubuntu/airflow_snow/lib/python3.12/site-packages/airflow/example_dags/example_branch_datetime_operator.py
[2024-09-01T04:43:46.458+0000] {processor.py:914} INFO - Processing file /home/ubuntu/airflow_snow/lib/python3.12/site-packages/airflow/example_dags/example_branch_datetime_operator.py for tasks to queue
[2024-09-01T04:43:46.460+0000] {logging_mixin.py:190} INFO - [2024-09-01T04:43:46.460+0000] {dagbag.py:587} INFO - Filling up the DagBag from /home/ubuntu/airflow_snow/lib/python3.12/site-packages/airflow/example_dags/example_branch_datetime_operator.py
[2024-09-01T04:43:46.471+0000] {processor.py:925} INFO - DAG(s) 'example_branch_datetime_operator_2', 'example_branch_datetime_operator', 'example_branch_datetime_operator_3' retrieved from /home/ubuntu/airflow_snow/lib/python3.12/site-packages/airflow/example_dags/example_branch_datetime_operator.py
[2024-09-01T04:43:46.491+0000] {logging_mixin.py:190} INFO - [2024-09-01T04:43:46.490+0000] {dag.py:3211} INFO - Sync 3 DAGs
[2024-09-01T04:43:46.510+0000] {logging_mixin.py:190} INFO - [2024-09-01T04:43:46.510+0000] {dag.py:4138} INFO - Setting next_dagrun for example_branch_datetime_operator to 2024-08-31 00:00:00+00:00, run_after=2024-09-01 00:00:00+00:00
[2024-09-01T04:43:46.514+0000] {logging_mixin.py:190} INFO - [2024-09-01T04:43:46.514+0000] {dag.py:4138} INFO - Setting next_dagrun for example_branch_datetime_operator_2 to 2024-08-31 00:00:00+00:00, run_after=2024-09-01 00:00:00+00:00
[2024-09-01T04:43:46.515+0000] {logging_mixin.py:190} INFO - [2024-09-01T04:43:46.515+0000] {dag.py:4138} INFO - Setting next_dagrun for example_branch_datetime_operator_3 to 2024-08-31 00:00:00+00:00, run_after=2024-09-01 00:00:00+00:00
[2024-09-01T04:43:46.533+0000] {processor.py:208} INFO - Processing /home/ubuntu/airflow_snow/lib/python3.12/site-packages/airflow/example_dags/example_branch_datetime_operator.py took 0.082 seconds
[2024-09-01T04:45:00.083+0000] {processor.py:186} INFO - Started process (PID=3170) to work on /home/ubuntu/airflow_snow/lib/python3.12/site-packages/airflow/example_dags/example_branch_datetime_operator.py
[2024-09-01T04:45:00.085+0000] {processor.py:914} INFO - Processing file /home/ubuntu/airflow_snow/lib/python3.12/site-packages/airflow/example_dags/example_branch_datetime_operator.py for tasks to queue
[2024-09-01T04:45:00.087+0000] {logging_mixin.py:190} INFO - [2024-09-01T04:45:00.087+0000] {dagbag.py:587} INFO - Filling up the DagBag from /home/ubuntu/airflow_snow/lib/python3.12/site-packages/airflow/example_dags/example_branch_datetime_operator.py
[2024-09-01T04:45:00.099+0000] {processor.py:925} INFO - DAG(s) 'example_branch_datetime_operator_3', 'example_branch_datetime_operator_2', 'example_branch_datetime_operator' retrieved from /home/ubuntu/airflow_snow/lib/python3.12/site-packages/airflow/example_dags/example_branch_datetime_operator.py
[2024-09-01T04:45:00.118+0000] {logging_mixin.py:190} INFO - [2024-09-01T04:45:00.118+0000] {dag.py:3211} INFO - Sync 3 DAGs
[2024-09-01T04:45:00.139+0000] {logging_mixin.py:190} INFO - [2024-09-01T04:45:00.139+0000] {dag.py:4138} INFO - Setting next_dagrun for example_branch_datetime_operator to 2024-08-31 00:00:00+00:00, run_after=2024-09-01 00:00:00+00:00
[2024-09-01T04:45:00.143+0000] {logging_mixin.py:190} INFO - [2024-09-01T04:45:00.143+0000] {dag.py:4138} INFO - Setting next_dagrun for example_branch_datetime_operator_2 to 2024-08-31 00:00:00+00:00, run_after=2024-09-01 00:00:00+00:00
[2024-09-01T04:45:00.145+0000] {logging_mixin.py:190} INFO - [2024-09-01T04:45:00.145+0000] {dag.py:4138} INFO - Setting next_dagrun for example_branch_datetime_operator_3 to 2024-08-31 00:00:00+00:00, run_after=2024-09-01 00:00:00+00:00
[2024-09-01T04:45:00.166+0000] {processor.py:208} INFO - Processing /home/ubuntu/airflow_snow/lib/python3.12/site-packages/airflow/example_dags/example_branch_datetime_operator.py took 0.087 seconds
[2024-09-01T04:46:11.639+0000] {processor.py:186} INFO - Started process (PID=3250) to work on /home/ubuntu/airflow_snow/lib/python3.12/site-packages/airflow/example_dags/example_branch_datetime_operator.py
[2024-09-01T04:46:11.643+0000] {processor.py:914} INFO - Processing file /home/ubuntu/airflow_snow/lib/python3.12/site-packages/airflow/example_dags/example_branch_datetime_operator.py for tasks to queue
[2024-09-01T04:46:11.645+0000] {logging_mixin.py:190} INFO - [2024-09-01T04:46:11.644+0000] {dagbag.py:587} INFO - Filling up the DagBag from /home/ubuntu/airflow_snow/lib/python3.12/site-packages/airflow/example_dags/example_branch_datetime_operator.py
[2024-09-01T04:46:11.655+0000] {processor.py:925} INFO - DAG(s) 'example_branch_datetime_operator', 'example_branch_datetime_operator_2', 'example_branch_datetime_operator_3' retrieved from /home/ubuntu/airflow_snow/lib/python3.12/site-packages/airflow/example_dags/example_branch_datetime_operator.py
[2024-09-01T04:46:11.677+0000] {logging_mixin.py:190} INFO - [2024-09-01T04:46:11.676+0000] {dag.py:3211} INFO - Sync 3 DAGs
[2024-09-01T04:46:11.695+0000] {logging_mixin.py:190} INFO - [2024-09-01T04:46:11.695+0000] {dag.py:4138} INFO - Setting next_dagrun for example_branch_datetime_operator to 2024-08-31 00:00:00+00:00, run_after=2024-09-01 00:00:00+00:00
[2024-09-01T04:46:11.699+0000] {logging_mixin.py:190} INFO - [2024-09-01T04:46:11.699+0000] {dag.py:4138} INFO - Setting next_dagrun for example_branch_datetime_operator_2 to 2024-08-31 00:00:00+00:00, run_after=2024-09-01 00:00:00+00:00
[2024-09-01T04:46:11.702+0000] {logging_mixin.py:190} INFO - [2024-09-01T04:46:11.702+0000] {dag.py:4138} INFO - Setting next_dagrun for example_branch_datetime_operator_3 to 2024-08-31 00:00:00+00:00, run_after=2024-09-01 00:00:00+00:00
[2024-09-01T04:46:11.722+0000] {processor.py:208} INFO - Processing /home/ubuntu/airflow_snow/lib/python3.12/site-packages/airflow/example_dags/example_branch_datetime_operator.py took 0.087 seconds
[2024-09-01T04:47:23.855+0000] {processor.py:186} INFO - Started process (PID=3325) to work on /home/ubuntu/airflow_snow/lib/python3.12/site-packages/airflow/example_dags/example_branch_datetime_operator.py
[2024-09-01T04:47:23.856+0000] {processor.py:914} INFO - Processing file /home/ubuntu/airflow_snow/lib/python3.12/site-packages/airflow/example_dags/example_branch_datetime_operator.py for tasks to queue
[2024-09-01T04:47:23.858+0000] {logging_mixin.py:190} INFO - [2024-09-01T04:47:23.858+0000] {dagbag.py:587} INFO - Filling up the DagBag from /home/ubuntu/airflow_snow/lib/python3.12/site-packages/airflow/example_dags/example_branch_datetime_operator.py
[2024-09-01T04:47:23.869+0000] {processor.py:925} INFO - DAG(s) 'example_branch_datetime_operator_2', 'example_branch_datetime_operator_3', 'example_branch_datetime_operator' retrieved from /home/ubuntu/airflow_snow/lib/python3.12/site-packages/airflow/example_dags/example_branch_datetime_operator.py
[2024-09-01T04:47:23.889+0000] {logging_mixin.py:190} INFO - [2024-09-01T04:47:23.888+0000] {dag.py:3211} INFO - Sync 3 DAGs
[2024-09-01T04:47:23.907+0000] {logging_mixin.py:190} INFO - [2024-09-01T04:47:23.907+0000] {dag.py:4138} INFO - Setting next_dagrun for example_branch_datetime_operator to 2024-08-31 00:00:00+00:00, run_after=2024-09-01 00:00:00+00:00
[2024-09-01T04:47:23.911+0000] {logging_mixin.py:190} INFO - [2024-09-01T04:47:23.911+0000] {dag.py:4138} INFO - Setting next_dagrun for example_branch_datetime_operator_2 to 2024-08-31 00:00:00+00:00, run_after=2024-09-01 00:00:00+00:00
[2024-09-01T04:47:23.913+0000] {logging_mixin.py:190} INFO - [2024-09-01T04:47:23.913+0000] {dag.py:4138} INFO - Setting next_dagrun for example_branch_datetime_operator_3 to 2024-08-31 00:00:00+00:00, run_after=2024-09-01 00:00:00+00:00
[2024-09-01T04:47:23.932+0000] {processor.py:208} INFO - Processing /home/ubuntu/airflow_snow/lib/python3.12/site-packages/airflow/example_dags/example_branch_datetime_operator.py took 0.082 seconds
[2024-09-01T04:48:36.221+0000] {processor.py:186} INFO - Started process (PID=3402) to work on /home/ubuntu/airflow_snow/lib/python3.12/site-packages/airflow/example_dags/example_branch_datetime_operator.py
[2024-09-01T04:48:36.222+0000] {processor.py:914} INFO - Processing file /home/ubuntu/airflow_snow/lib/python3.12/site-packages/airflow/example_dags/example_branch_datetime_operator.py for tasks to queue
[2024-09-01T04:48:36.224+0000] {logging_mixin.py:190} INFO - [2024-09-01T04:48:36.224+0000] {dagbag.py:587} INFO - Filling up the DagBag from /home/ubuntu/airflow_snow/lib/python3.12/site-packages/airflow/example_dags/example_branch_datetime_operator.py
[2024-09-01T04:48:36.235+0000] {processor.py:925} INFO - DAG(s) 'example_branch_datetime_operator', 'example_branch_datetime_operator_3', 'example_branch_datetime_operator_2' retrieved from /home/ubuntu/airflow_snow/lib/python3.12/site-packages/airflow/example_dags/example_branch_datetime_operator.py
[2024-09-01T04:48:36.255+0000] {logging_mixin.py:190} INFO - [2024-09-01T04:48:36.255+0000] {dag.py:3211} INFO - Sync 3 DAGs
[2024-09-01T04:48:36.275+0000] {logging_mixin.py:190} INFO - [2024-09-01T04:48:36.274+0000] {dag.py:4138} INFO - Setting next_dagrun for example_branch_datetime_operator to 2024-08-31 00:00:00+00:00, run_after=2024-09-01 00:00:00+00:00
[2024-09-01T04:48:36.278+0000] {logging_mixin.py:190} INFO - [2024-09-01T04:48:36.278+0000] {dag.py:4138} INFO - Setting next_dagrun for example_branch_datetime_operator_2 to 2024-08-31 00:00:00+00:00, run_after=2024-09-01 00:00:00+00:00
[2024-09-01T04:48:36.281+0000] {logging_mixin.py:190} INFO - [2024-09-01T04:48:36.281+0000] {dag.py:4138} INFO - Setting next_dagrun for example_branch_datetime_operator_3 to 2024-08-31 00:00:00+00:00, run_after=2024-09-01 00:00:00+00:00
[2024-09-01T04:48:36.300+0000] {processor.py:208} INFO - Processing /home/ubuntu/airflow_snow/lib/python3.12/site-packages/airflow/example_dags/example_branch_datetime_operator.py took 0.086 seconds
[2024-09-01T04:49:49.287+0000] {processor.py:186} INFO - Started process (PID=3478) to work on /home/ubuntu/airflow_snow/lib/python3.12/site-packages/airflow/example_dags/example_branch_datetime_operator.py
[2024-09-01T04:49:49.289+0000] {processor.py:914} INFO - Processing file /home/ubuntu/airflow_snow/lib/python3.12/site-packages/airflow/example_dags/example_branch_datetime_operator.py for tasks to queue
[2024-09-01T04:49:49.291+0000] {logging_mixin.py:190} INFO - [2024-09-01T04:49:49.290+0000] {dagbag.py:587} INFO - Filling up the DagBag from /home/ubuntu/airflow_snow/lib/python3.12/site-packages/airflow/example_dags/example_branch_datetime_operator.py
[2024-09-01T04:49:49.302+0000] {processor.py:925} INFO - DAG(s) 'example_branch_datetime_operator_3', 'example_branch_datetime_operator_2', 'example_branch_datetime_operator' retrieved from /home/ubuntu/airflow_snow/lib/python3.12/site-packages/airflow/example_dags/example_branch_datetime_operator.py
[2024-09-01T04:49:49.321+0000] {logging_mixin.py:190} INFO - [2024-09-01T04:49:49.321+0000] {dag.py:3211} INFO - Sync 3 DAGs
[2024-09-01T04:49:49.340+0000] {logging_mixin.py:190} INFO - [2024-09-01T04:49:49.340+0000] {dag.py:4138} INFO - Setting next_dagrun for example_branch_datetime_operator to 2024-08-31 00:00:00+00:00, run_after=2024-09-01 00:00:00+00:00
[2024-09-01T04:49:49.344+0000] {logging_mixin.py:190} INFO - [2024-09-01T04:49:49.344+0000] {dag.py:4138} INFO - Setting next_dagrun for example_branch_datetime_operator_2 to 2024-08-31 00:00:00+00:00, run_after=2024-09-01 00:00:00+00:00
[2024-09-01T04:49:49.346+0000] {logging_mixin.py:190} INFO - [2024-09-01T04:49:49.346+0000] {dag.py:4138} INFO - Setting next_dagrun for example_branch_datetime_operator_3 to 2024-08-31 00:00:00+00:00, run_after=2024-09-01 00:00:00+00:00
[2024-09-01T04:49:49.368+0000] {processor.py:208} INFO - Processing /home/ubuntu/airflow_snow/lib/python3.12/site-packages/airflow/example_dags/example_branch_datetime_operator.py took 0.086 seconds
[2024-09-01T04:50:54.726+0000] {processor.py:186} INFO - Started process (PID=3552) to work on /home/ubuntu/airflow_snow/lib/python3.12/site-packages/airflow/example_dags/example_branch_datetime_operator.py
[2024-09-01T04:50:54.728+0000] {processor.py:914} INFO - Processing file /home/ubuntu/airflow_snow/lib/python3.12/site-packages/airflow/example_dags/example_branch_datetime_operator.py for tasks to queue
[2024-09-01T04:50:54.730+0000] {logging_mixin.py:190} INFO - [2024-09-01T04:50:54.730+0000] {dagbag.py:587} INFO - Filling up the DagBag from /home/ubuntu/airflow_snow/lib/python3.12/site-packages/airflow/example_dags/example_branch_datetime_operator.py
[2024-09-01T04:50:54.742+0000] {processor.py:925} INFO - DAG(s) 'example_branch_datetime_operator_3', 'example_branch_datetime_operator_2', 'example_branch_datetime_operator' retrieved from /home/ubuntu/airflow_snow/lib/python3.12/site-packages/airflow/example_dags/example_branch_datetime_operator.py
[2024-09-01T04:50:54.761+0000] {logging_mixin.py:190} INFO - [2024-09-01T04:50:54.760+0000] {dag.py:3211} INFO - Sync 3 DAGs
[2024-09-01T04:50:54.779+0000] {logging_mixin.py:190} INFO - [2024-09-01T04:50:54.779+0000] {dag.py:4138} INFO - Setting next_dagrun for example_branch_datetime_operator to 2024-08-31 00:00:00+00:00, run_after=2024-09-01 00:00:00+00:00
[2024-09-01T04:50:54.783+0000] {logging_mixin.py:190} INFO - [2024-09-01T04:50:54.783+0000] {dag.py:4138} INFO - Setting next_dagrun for example_branch_datetime_operator_2 to 2024-08-31 00:00:00+00:00, run_after=2024-09-01 00:00:00+00:00
[2024-09-01T04:50:54.786+0000] {logging_mixin.py:190} INFO - [2024-09-01T04:50:54.785+0000] {dag.py:4138} INFO - Setting next_dagrun for example_branch_datetime_operator_3 to 2024-08-31 00:00:00+00:00, run_after=2024-09-01 00:00:00+00:00
[2024-09-01T04:50:54.806+0000] {processor.py:208} INFO - Processing /home/ubuntu/airflow_snow/lib/python3.12/site-packages/airflow/example_dags/example_branch_datetime_operator.py took 0.087 seconds
[2024-09-01T04:52:09.576+0000] {processor.py:186} INFO - Started process (PID=3630) to work on /home/ubuntu/airflow_snow/lib/python3.12/site-packages/airflow/example_dags/example_branch_datetime_operator.py
[2024-09-01T04:52:09.577+0000] {processor.py:914} INFO - Processing file /home/ubuntu/airflow_snow/lib/python3.12/site-packages/airflow/example_dags/example_branch_datetime_operator.py for tasks to queue
[2024-09-01T04:52:09.580+0000] {logging_mixin.py:190} INFO - [2024-09-01T04:52:09.579+0000] {dagbag.py:587} INFO - Filling up the DagBag from /home/ubuntu/airflow_snow/lib/python3.12/site-packages/airflow/example_dags/example_branch_datetime_operator.py
[2024-09-01T04:52:09.591+0000] {processor.py:925} INFO - DAG(s) 'example_branch_datetime_operator', 'example_branch_datetime_operator_3', 'example_branch_datetime_operator_2' retrieved from /home/ubuntu/airflow_snow/lib/python3.12/site-packages/airflow/example_dags/example_branch_datetime_operator.py
[2024-09-01T04:52:09.611+0000] {logging_mixin.py:190} INFO - [2024-09-01T04:52:09.611+0000] {dag.py:3211} INFO - Sync 3 DAGs
[2024-09-01T04:52:09.630+0000] {logging_mixin.py:190} INFO - [2024-09-01T04:52:09.630+0000] {dag.py:4138} INFO - Setting next_dagrun for example_branch_datetime_operator to 2024-08-31 00:00:00+00:00, run_after=2024-09-01 00:00:00+00:00
[2024-09-01T04:52:09.634+0000] {logging_mixin.py:190} INFO - [2024-09-01T04:52:09.634+0000] {dag.py:4138} INFO - Setting next_dagrun for example_branch_datetime_operator_2 to 2024-08-31 00:00:00+00:00, run_after=2024-09-01 00:00:00+00:00
[2024-09-01T04:52:09.636+0000] {logging_mixin.py:190} INFO - [2024-09-01T04:52:09.635+0000] {dag.py:4138} INFO - Setting next_dagrun for example_branch_datetime_operator_3 to 2024-08-31 00:00:00+00:00, run_after=2024-09-01 00:00:00+00:00
[2024-09-01T04:52:09.655+0000] {processor.py:208} INFO - Processing /home/ubuntu/airflow_snow/lib/python3.12/site-packages/airflow/example_dags/example_branch_datetime_operator.py took 0.084 seconds
