[2024-09-01T04:28:43.830+0000] {processor.py:186} INFO - Started process (PID=2163) to work on /home/ubuntu/airflow_snow/lib/python3.12/site-packages/airflow/example_dags/example_sla_dag.py
[2024-09-01T04:28:43.830+0000] {processor.py:914} INFO - Processing file /home/ubuntu/airflow_snow/lib/python3.12/site-packages/airflow/example_dags/example_sla_dag.py for tasks to queue
[2024-09-01T04:28:43.833+0000] {logging_mixin.py:190} INFO - [2024-09-01T04:28:43.832+0000] {dagbag.py:587} INFO - Filling up the DagBag from /home/ubuntu/airflow_snow/lib/python3.12/site-packages/airflow/example_dags/example_sla_dag.py
[2024-09-01T04:28:43.842+0000] {processor.py:925} INFO - DAG(s) 'example_sla_dag' retrieved from /home/ubuntu/airflow_snow/lib/python3.12/site-packages/airflow/example_dags/example_sla_dag.py
[2024-09-01T04:28:43.943+0000] {logging_mixin.py:190} INFO - [2024-09-01T04:28:43.942+0000] {override.py:1900} INFO - Created Permission View: can delete on DAG:example_sla_dag
[2024-09-01T04:28:43.959+0000] {logging_mixin.py:190} INFO - [2024-09-01T04:28:43.958+0000] {override.py:1900} INFO - Created Permission View: can read on DAG:example_sla_dag
[2024-09-01T04:28:43.969+0000] {logging_mixin.py:190} INFO - [2024-09-01T04:28:43.969+0000] {override.py:1900} INFO - Created Permission View: can edit on DAG:example_sla_dag
[2024-09-01T04:28:43.989+0000] {logging_mixin.py:190} INFO - [2024-09-01T04:28:43.988+0000] {override.py:1900} INFO - Created Permission View: menu access on DAG Run:example_sla_dag
[2024-09-01T04:28:44.000+0000] {logging_mixin.py:190} INFO - [2024-09-01T04:28:44.000+0000] {override.py:1900} INFO - Created Permission View: can create on DAG Run:example_sla_dag
[2024-09-01T04:28:44.011+0000] {logging_mixin.py:190} INFO - [2024-09-01T04:28:44.011+0000] {override.py:1900} INFO - Created Permission View: can read on DAG Run:example_sla_dag
[2024-09-01T04:28:44.035+0000] {logging_mixin.py:190} INFO - [2024-09-01T04:28:44.035+0000] {override.py:1900} INFO - Created Permission View: can delete on DAG Run:example_sla_dag
[2024-09-01T04:28:44.035+0000] {logging_mixin.py:190} INFO - [2024-09-01T04:28:44.035+0000] {dag.py:3211} INFO - Sync 1 DAGs
[2024-09-01T04:28:44.045+0000] {logging_mixin.py:190} INFO - [2024-09-01T04:28:44.044+0000] {dag.py:3234} INFO - Creating ORM DAG for example_sla_dag
[2024-09-01T04:28:44.055+0000] {logging_mixin.py:190} INFO - [2024-09-01T04:28:44.055+0000] {dag.py:4138} INFO - Setting next_dagrun for example_sla_dag to 2024-09-01 04:26:00+00:00, run_after=2024-09-01 04:28:00+00:00
[2024-09-01T04:28:44.079+0000] {processor.py:208} INFO - Processing /home/ubuntu/airflow_snow/lib/python3.12/site-packages/airflow/example_dags/example_sla_dag.py took 0.254 seconds
[2024-09-01T04:29:48.978+0000] {processor.py:186} INFO - Started process (PID=2219) to work on /home/ubuntu/airflow_snow/lib/python3.12/site-packages/airflow/example_dags/example_sla_dag.py
[2024-09-01T04:29:48.980+0000] {processor.py:914} INFO - Processing file /home/ubuntu/airflow_snow/lib/python3.12/site-packages/airflow/example_dags/example_sla_dag.py for tasks to queue
[2024-09-01T04:29:48.982+0000] {logging_mixin.py:190} INFO - [2024-09-01T04:29:48.982+0000] {dagbag.py:587} INFO - Filling up the DagBag from /home/ubuntu/airflow_snow/lib/python3.12/site-packages/airflow/example_dags/example_sla_dag.py
[2024-09-01T04:29:48.989+0000] {processor.py:925} INFO - DAG(s) 'example_sla_dag' retrieved from /home/ubuntu/airflow_snow/lib/python3.12/site-packages/airflow/example_dags/example_sla_dag.py
[2024-09-01T04:29:49.000+0000] {logging_mixin.py:190} INFO - [2024-09-01T04:29:48.999+0000] {dag.py:3211} INFO - Sync 1 DAGs
[2024-09-01T04:29:49.015+0000] {logging_mixin.py:190} INFO - [2024-09-01T04:29:49.015+0000] {dag.py:4138} INFO - Setting next_dagrun for example_sla_dag to 2024-09-01 04:26:00+00:00, run_after=2024-09-01 04:28:00+00:00
[2024-09-01T04:29:49.033+0000] {processor.py:208} INFO - Processing /home/ubuntu/airflow_snow/lib/python3.12/site-packages/airflow/example_dags/example_sla_dag.py took 0.059 seconds
[2024-09-01T04:30:42.262+0000] {processor.py:186} INFO - Started process (PID=2280) to work on /home/ubuntu/airflow_snow/lib/python3.12/site-packages/airflow/example_dags/example_sla_dag.py
[2024-09-01T04:30:42.263+0000] {processor.py:914} INFO - Processing file /home/ubuntu/airflow_snow/lib/python3.12/site-packages/airflow/example_dags/example_sla_dag.py for tasks to queue
[2024-09-01T04:30:42.265+0000] {logging_mixin.py:190} INFO - [2024-09-01T04:30:42.265+0000] {dagbag.py:587} INFO - Filling up the DagBag from /home/ubuntu/airflow_snow/lib/python3.12/site-packages/airflow/example_dags/example_sla_dag.py
[2024-09-01T04:30:42.274+0000] {processor.py:925} INFO - DAG(s) 'example_sla_dag' retrieved from /home/ubuntu/airflow_snow/lib/python3.12/site-packages/airflow/example_dags/example_sla_dag.py
[2024-09-01T04:30:42.288+0000] {logging_mixin.py:190} INFO - [2024-09-01T04:30:42.288+0000] {dag.py:3211} INFO - Sync 1 DAGs
[2024-09-01T04:30:42.310+0000] {logging_mixin.py:190} INFO - [2024-09-01T04:30:42.310+0000] {dag.py:4138} INFO - Setting next_dagrun for example_sla_dag to 2024-09-01 04:28:00+00:00, run_after=2024-09-01 04:30:00+00:00
[2024-09-01T04:30:42.333+0000] {processor.py:208} INFO - Processing /home/ubuntu/airflow_snow/lib/python3.12/site-packages/airflow/example_dags/example_sla_dag.py took 0.077 seconds
[2024-09-01T04:31:30.663+0000] {processor.py:186} INFO - Started process (PID=2331) to work on /home/ubuntu/airflow_snow/lib/python3.12/site-packages/airflow/example_dags/example_sla_dag.py
[2024-09-01T04:31:30.666+0000] {processor.py:914} INFO - Processing file /home/ubuntu/airflow_snow/lib/python3.12/site-packages/airflow/example_dags/example_sla_dag.py for tasks to queue
[2024-09-01T04:31:30.667+0000] {logging_mixin.py:190} INFO - [2024-09-01T04:31:30.667+0000] {dagbag.py:587} INFO - Filling up the DagBag from /home/ubuntu/airflow_snow/lib/python3.12/site-packages/airflow/example_dags/example_sla_dag.py
[2024-09-01T04:31:30.678+0000] {processor.py:925} INFO - DAG(s) 'example_sla_dag' retrieved from /home/ubuntu/airflow_snow/lib/python3.12/site-packages/airflow/example_dags/example_sla_dag.py
[2024-09-01T04:31:30.691+0000] {logging_mixin.py:190} INFO - [2024-09-01T04:31:30.691+0000] {dag.py:3211} INFO - Sync 1 DAGs
[2024-09-01T04:31:30.711+0000] {logging_mixin.py:190} INFO - [2024-09-01T04:31:30.711+0000] {dag.py:4138} INFO - Setting next_dagrun for example_sla_dag to 2024-09-01 04:28:00+00:00, run_after=2024-09-01 04:30:00+00:00
[2024-09-01T04:31:30.734+0000] {processor.py:208} INFO - Processing /home/ubuntu/airflow_snow/lib/python3.12/site-packages/airflow/example_dags/example_sla_dag.py took 0.076 seconds
[2024-09-01T04:32:18.200+0000] {processor.py:186} INFO - Started process (PID=2380) to work on /home/ubuntu/airflow_snow/lib/python3.12/site-packages/airflow/example_dags/example_sla_dag.py
[2024-09-01T04:32:18.203+0000] {processor.py:914} INFO - Processing file /home/ubuntu/airflow_snow/lib/python3.12/site-packages/airflow/example_dags/example_sla_dag.py for tasks to queue
[2024-09-01T04:32:18.205+0000] {logging_mixin.py:190} INFO - [2024-09-01T04:32:18.204+0000] {dagbag.py:587} INFO - Filling up the DagBag from /home/ubuntu/airflow_snow/lib/python3.12/site-packages/airflow/example_dags/example_sla_dag.py
[2024-09-01T04:32:18.215+0000] {processor.py:925} INFO - DAG(s) 'example_sla_dag' retrieved from /home/ubuntu/airflow_snow/lib/python3.12/site-packages/airflow/example_dags/example_sla_dag.py
[2024-09-01T04:32:18.228+0000] {logging_mixin.py:190} INFO - [2024-09-01T04:32:18.228+0000] {dag.py:3211} INFO - Sync 1 DAGs
[2024-09-01T04:32:18.247+0000] {logging_mixin.py:190} INFO - [2024-09-01T04:32:18.247+0000] {dag.py:4138} INFO - Setting next_dagrun for example_sla_dag to 2024-09-01 04:30:00+00:00, run_after=2024-09-01 04:32:00+00:00
[2024-09-01T04:32:18.270+0000] {processor.py:208} INFO - Processing /home/ubuntu/airflow_snow/lib/python3.12/site-packages/airflow/example_dags/example_sla_dag.py took 0.076 seconds
[2024-09-01T04:33:07.376+0000] {processor.py:186} INFO - Started process (PID=2430) to work on /home/ubuntu/airflow_snow/lib/python3.12/site-packages/airflow/example_dags/example_sla_dag.py
[2024-09-01T04:33:07.379+0000] {processor.py:914} INFO - Processing file /home/ubuntu/airflow_snow/lib/python3.12/site-packages/airflow/example_dags/example_sla_dag.py for tasks to queue
[2024-09-01T04:33:07.381+0000] {logging_mixin.py:190} INFO - [2024-09-01T04:33:07.381+0000] {dagbag.py:587} INFO - Filling up the DagBag from /home/ubuntu/airflow_snow/lib/python3.12/site-packages/airflow/example_dags/example_sla_dag.py
[2024-09-01T04:33:07.390+0000] {processor.py:925} INFO - DAG(s) 'example_sla_dag' retrieved from /home/ubuntu/airflow_snow/lib/python3.12/site-packages/airflow/example_dags/example_sla_dag.py
[2024-09-01T04:33:07.403+0000] {logging_mixin.py:190} INFO - [2024-09-01T04:33:07.403+0000] {dag.py:3211} INFO - Sync 1 DAGs
[2024-09-01T04:33:07.423+0000] {logging_mixin.py:190} INFO - [2024-09-01T04:33:07.423+0000] {dag.py:4138} INFO - Setting next_dagrun for example_sla_dag to 2024-09-01 04:30:00+00:00, run_after=2024-09-01 04:32:00+00:00
[2024-09-01T04:33:07.444+0000] {processor.py:208} INFO - Processing /home/ubuntu/airflow_snow/lib/python3.12/site-packages/airflow/example_dags/example_sla_dag.py took 0.074 seconds
[2024-09-01T04:33:58.339+0000] {processor.py:186} INFO - Started process (PID=2483) to work on /home/ubuntu/airflow_snow/lib/python3.12/site-packages/airflow/example_dags/example_sla_dag.py
[2024-09-01T04:33:58.341+0000] {processor.py:914} INFO - Processing file /home/ubuntu/airflow_snow/lib/python3.12/site-packages/airflow/example_dags/example_sla_dag.py for tasks to queue
[2024-09-01T04:33:58.342+0000] {logging_mixin.py:190} INFO - [2024-09-01T04:33:58.342+0000] {dagbag.py:587} INFO - Filling up the DagBag from /home/ubuntu/airflow_snow/lib/python3.12/site-packages/airflow/example_dags/example_sla_dag.py
[2024-09-01T04:33:58.351+0000] {processor.py:925} INFO - DAG(s) 'example_sla_dag' retrieved from /home/ubuntu/airflow_snow/lib/python3.12/site-packages/airflow/example_dags/example_sla_dag.py
[2024-09-01T04:33:58.365+0000] {logging_mixin.py:190} INFO - [2024-09-01T04:33:58.365+0000] {dag.py:3211} INFO - Sync 1 DAGs
[2024-09-01T04:33:58.385+0000] {logging_mixin.py:190} INFO - [2024-09-01T04:33:58.385+0000] {dag.py:4138} INFO - Setting next_dagrun for example_sla_dag to 2024-09-01 04:30:00+00:00, run_after=2024-09-01 04:32:00+00:00
[2024-09-01T04:33:58.406+0000] {processor.py:208} INFO - Processing /home/ubuntu/airflow_snow/lib/python3.12/site-packages/airflow/example_dags/example_sla_dag.py took 0.072 seconds
[2024-09-01T04:34:47.046+0000] {processor.py:186} INFO - Started process (PID=2535) to work on /home/ubuntu/airflow_snow/lib/python3.12/site-packages/airflow/example_dags/example_sla_dag.py
[2024-09-01T04:34:47.048+0000] {processor.py:914} INFO - Processing file /home/ubuntu/airflow_snow/lib/python3.12/site-packages/airflow/example_dags/example_sla_dag.py for tasks to queue
[2024-09-01T04:34:47.050+0000] {logging_mixin.py:190} INFO - [2024-09-01T04:34:47.050+0000] {dagbag.py:587} INFO - Filling up the DagBag from /home/ubuntu/airflow_snow/lib/python3.12/site-packages/airflow/example_dags/example_sla_dag.py
[2024-09-01T04:34:47.058+0000] {processor.py:925} INFO - DAG(s) 'example_sla_dag' retrieved from /home/ubuntu/airflow_snow/lib/python3.12/site-packages/airflow/example_dags/example_sla_dag.py
[2024-09-01T04:34:47.072+0000] {logging_mixin.py:190} INFO - [2024-09-01T04:34:47.071+0000] {dag.py:3211} INFO - Sync 1 DAGs
[2024-09-01T04:34:47.091+0000] {logging_mixin.py:190} INFO - [2024-09-01T04:34:47.091+0000] {dag.py:4138} INFO - Setting next_dagrun for example_sla_dag to 2024-09-01 04:32:00+00:00, run_after=2024-09-01 04:34:00+00:00
[2024-09-01T04:34:47.116+0000] {processor.py:208} INFO - Processing /home/ubuntu/airflow_snow/lib/python3.12/site-packages/airflow/example_dags/example_sla_dag.py took 0.074 seconds
[2024-09-01T04:35:36.239+0000] {processor.py:186} INFO - Started process (PID=2589) to work on /home/ubuntu/airflow_snow/lib/python3.12/site-packages/airflow/example_dags/example_sla_dag.py
[2024-09-01T04:35:36.241+0000] {processor.py:914} INFO - Processing file /home/ubuntu/airflow_snow/lib/python3.12/site-packages/airflow/example_dags/example_sla_dag.py for tasks to queue
[2024-09-01T04:35:36.242+0000] {logging_mixin.py:190} INFO - [2024-09-01T04:35:36.242+0000] {dagbag.py:587} INFO - Filling up the DagBag from /home/ubuntu/airflow_snow/lib/python3.12/site-packages/airflow/example_dags/example_sla_dag.py
[2024-09-01T04:35:36.251+0000] {processor.py:925} INFO - DAG(s) 'example_sla_dag' retrieved from /home/ubuntu/airflow_snow/lib/python3.12/site-packages/airflow/example_dags/example_sla_dag.py
[2024-09-01T04:35:36.266+0000] {logging_mixin.py:190} INFO - [2024-09-01T04:35:36.266+0000] {dag.py:3211} INFO - Sync 1 DAGs
[2024-09-01T04:35:36.284+0000] {logging_mixin.py:190} INFO - [2024-09-01T04:35:36.284+0000] {dag.py:4138} INFO - Setting next_dagrun for example_sla_dag to 2024-09-01 04:32:00+00:00, run_after=2024-09-01 04:34:00+00:00
[2024-09-01T04:35:36.306+0000] {processor.py:208} INFO - Processing /home/ubuntu/airflow_snow/lib/python3.12/site-packages/airflow/example_dags/example_sla_dag.py took 0.071 seconds
[2024-09-01T04:36:27.731+0000] {processor.py:186} INFO - Started process (PID=2640) to work on /home/ubuntu/airflow_snow/lib/python3.12/site-packages/airflow/example_dags/example_sla_dag.py
[2024-09-01T04:36:27.733+0000] {processor.py:914} INFO - Processing file /home/ubuntu/airflow_snow/lib/python3.12/site-packages/airflow/example_dags/example_sla_dag.py for tasks to queue
[2024-09-01T04:36:27.734+0000] {logging_mixin.py:190} INFO - [2024-09-01T04:36:27.734+0000] {dagbag.py:587} INFO - Filling up the DagBag from /home/ubuntu/airflow_snow/lib/python3.12/site-packages/airflow/example_dags/example_sla_dag.py
[2024-09-01T04:36:27.744+0000] {processor.py:925} INFO - DAG(s) 'example_sla_dag' retrieved from /home/ubuntu/airflow_snow/lib/python3.12/site-packages/airflow/example_dags/example_sla_dag.py
[2024-09-01T04:36:27.758+0000] {logging_mixin.py:190} INFO - [2024-09-01T04:36:27.758+0000] {dag.py:3211} INFO - Sync 1 DAGs
[2024-09-01T04:36:27.778+0000] {logging_mixin.py:190} INFO - [2024-09-01T04:36:27.778+0000] {dag.py:4138} INFO - Setting next_dagrun for example_sla_dag to 2024-09-01 04:34:00+00:00, run_after=2024-09-01 04:36:00+00:00
[2024-09-01T04:36:27.798+0000] {processor.py:208} INFO - Processing /home/ubuntu/airflow_snow/lib/python3.12/site-packages/airflow/example_dags/example_sla_dag.py took 0.073 seconds
[2024-09-01T04:37:20.761+0000] {processor.py:186} INFO - Started process (PID=2694) to work on /home/ubuntu/airflow_snow/lib/python3.12/site-packages/airflow/example_dags/example_sla_dag.py
[2024-09-01T04:37:20.764+0000] {processor.py:914} INFO - Processing file /home/ubuntu/airflow_snow/lib/python3.12/site-packages/airflow/example_dags/example_sla_dag.py for tasks to queue
[2024-09-01T04:37:20.766+0000] {logging_mixin.py:190} INFO - [2024-09-01T04:37:20.765+0000] {dagbag.py:587} INFO - Filling up the DagBag from /home/ubuntu/airflow_snow/lib/python3.12/site-packages/airflow/example_dags/example_sla_dag.py
[2024-09-01T04:37:20.775+0000] {processor.py:925} INFO - DAG(s) 'example_sla_dag' retrieved from /home/ubuntu/airflow_snow/lib/python3.12/site-packages/airflow/example_dags/example_sla_dag.py
[2024-09-01T04:37:20.789+0000] {logging_mixin.py:190} INFO - [2024-09-01T04:37:20.789+0000] {dag.py:3211} INFO - Sync 1 DAGs
[2024-09-01T04:37:20.808+0000] {logging_mixin.py:190} INFO - [2024-09-01T04:37:20.808+0000] {dag.py:4138} INFO - Setting next_dagrun for example_sla_dag to 2024-09-01 04:34:00+00:00, run_after=2024-09-01 04:36:00+00:00
[2024-09-01T04:37:20.831+0000] {processor.py:208} INFO - Processing /home/ubuntu/airflow_snow/lib/python3.12/site-packages/airflow/example_dags/example_sla_dag.py took 0.075 seconds
[2024-09-01T04:38:10.511+0000] {processor.py:186} INFO - Started process (PID=2745) to work on /home/ubuntu/airflow_snow/lib/python3.12/site-packages/airflow/example_dags/example_sla_dag.py
[2024-09-01T04:38:10.513+0000] {processor.py:914} INFO - Processing file /home/ubuntu/airflow_snow/lib/python3.12/site-packages/airflow/example_dags/example_sla_dag.py for tasks to queue
[2024-09-01T04:38:10.514+0000] {logging_mixin.py:190} INFO - [2024-09-01T04:38:10.514+0000] {dagbag.py:587} INFO - Filling up the DagBag from /home/ubuntu/airflow_snow/lib/python3.12/site-packages/airflow/example_dags/example_sla_dag.py
[2024-09-01T04:38:10.523+0000] {processor.py:925} INFO - DAG(s) 'example_sla_dag' retrieved from /home/ubuntu/airflow_snow/lib/python3.12/site-packages/airflow/example_dags/example_sla_dag.py
[2024-09-01T04:38:10.538+0000] {logging_mixin.py:190} INFO - [2024-09-01T04:38:10.538+0000] {dag.py:3211} INFO - Sync 1 DAGs
[2024-09-01T04:38:10.557+0000] {logging_mixin.py:190} INFO - [2024-09-01T04:38:10.557+0000] {dag.py:4138} INFO - Setting next_dagrun for example_sla_dag to 2024-09-01 04:36:00+00:00, run_after=2024-09-01 04:38:00+00:00
[2024-09-01T04:38:10.579+0000] {processor.py:208} INFO - Processing /home/ubuntu/airflow_snow/lib/python3.12/site-packages/airflow/example_dags/example_sla_dag.py took 0.074 seconds
[2024-09-01T04:39:02.032+0000] {processor.py:186} INFO - Started process (PID=2796) to work on /home/ubuntu/airflow_snow/lib/python3.12/site-packages/airflow/example_dags/example_sla_dag.py
[2024-09-01T04:39:02.034+0000] {processor.py:914} INFO - Processing file /home/ubuntu/airflow_snow/lib/python3.12/site-packages/airflow/example_dags/example_sla_dag.py for tasks to queue
[2024-09-01T04:39:02.036+0000] {logging_mixin.py:190} INFO - [2024-09-01T04:39:02.035+0000] {dagbag.py:587} INFO - Filling up the DagBag from /home/ubuntu/airflow_snow/lib/python3.12/site-packages/airflow/example_dags/example_sla_dag.py
[2024-09-01T04:39:02.046+0000] {processor.py:925} INFO - DAG(s) 'example_sla_dag' retrieved from /home/ubuntu/airflow_snow/lib/python3.12/site-packages/airflow/example_dags/example_sla_dag.py
[2024-09-01T04:39:02.061+0000] {logging_mixin.py:190} INFO - [2024-09-01T04:39:02.061+0000] {dag.py:3211} INFO - Sync 1 DAGs
[2024-09-01T04:39:02.082+0000] {logging_mixin.py:190} INFO - [2024-09-01T04:39:02.082+0000] {dag.py:4138} INFO - Setting next_dagrun for example_sla_dag to 2024-09-01 04:36:00+00:00, run_after=2024-09-01 04:38:00+00:00
[2024-09-01T04:39:02.105+0000] {processor.py:208} INFO - Processing /home/ubuntu/airflow_snow/lib/python3.12/site-packages/airflow/example_dags/example_sla_dag.py took 0.080 seconds
[2024-09-01T04:39:53.570+0000] {processor.py:186} INFO - Started process (PID=2849) to work on /home/ubuntu/airflow_snow/lib/python3.12/site-packages/airflow/example_dags/example_sla_dag.py
[2024-09-01T04:39:53.572+0000] {processor.py:914} INFO - Processing file /home/ubuntu/airflow_snow/lib/python3.12/site-packages/airflow/example_dags/example_sla_dag.py for tasks to queue
[2024-09-01T04:39:53.574+0000] {logging_mixin.py:190} INFO - [2024-09-01T04:39:53.573+0000] {dagbag.py:587} INFO - Filling up the DagBag from /home/ubuntu/airflow_snow/lib/python3.12/site-packages/airflow/example_dags/example_sla_dag.py
[2024-09-01T04:39:53.583+0000] {processor.py:925} INFO - DAG(s) 'example_sla_dag' retrieved from /home/ubuntu/airflow_snow/lib/python3.12/site-packages/airflow/example_dags/example_sla_dag.py
[2024-09-01T04:39:53.598+0000] {logging_mixin.py:190} INFO - [2024-09-01T04:39:53.598+0000] {dag.py:3211} INFO - Sync 1 DAGs
[2024-09-01T04:39:53.616+0000] {logging_mixin.py:190} INFO - [2024-09-01T04:39:53.616+0000] {dag.py:4138} INFO - Setting next_dagrun for example_sla_dag to 2024-09-01 04:36:00+00:00, run_after=2024-09-01 04:38:00+00:00
[2024-09-01T04:39:53.636+0000] {processor.py:208} INFO - Processing /home/ubuntu/airflow_snow/lib/python3.12/site-packages/airflow/example_dags/example_sla_dag.py took 0.071 seconds
[2024-09-01T04:40:45.167+0000] {processor.py:186} INFO - Started process (PID=2905) to work on /home/ubuntu/airflow_snow/lib/python3.12/site-packages/airflow/example_dags/example_sla_dag.py
[2024-09-01T04:40:45.169+0000] {processor.py:914} INFO - Processing file /home/ubuntu/airflow_snow/lib/python3.12/site-packages/airflow/example_dags/example_sla_dag.py for tasks to queue
[2024-09-01T04:40:45.171+0000] {logging_mixin.py:190} INFO - [2024-09-01T04:40:45.170+0000] {dagbag.py:587} INFO - Filling up the DagBag from /home/ubuntu/airflow_snow/lib/python3.12/site-packages/airflow/example_dags/example_sla_dag.py
[2024-09-01T04:40:45.182+0000] {processor.py:925} INFO - DAG(s) 'example_sla_dag' retrieved from /home/ubuntu/airflow_snow/lib/python3.12/site-packages/airflow/example_dags/example_sla_dag.py
[2024-09-01T04:40:45.195+0000] {logging_mixin.py:190} INFO - [2024-09-01T04:40:45.195+0000] {dag.py:3211} INFO - Sync 1 DAGs
[2024-09-01T04:40:45.216+0000] {logging_mixin.py:190} INFO - [2024-09-01T04:40:45.215+0000] {dag.py:4138} INFO - Setting next_dagrun for example_sla_dag to 2024-09-01 04:38:00+00:00, run_after=2024-09-01 04:40:00+00:00
[2024-09-01T04:40:45.237+0000] {processor.py:208} INFO - Processing /home/ubuntu/airflow_snow/lib/python3.12/site-packages/airflow/example_dags/example_sla_dag.py took 0.076 seconds
[2024-09-01T04:41:37.718+0000] {processor.py:186} INFO - Started process (PID=2959) to work on /home/ubuntu/airflow_snow/lib/python3.12/site-packages/airflow/example_dags/example_sla_dag.py
[2024-09-01T04:41:37.720+0000] {processor.py:914} INFO - Processing file /home/ubuntu/airflow_snow/lib/python3.12/site-packages/airflow/example_dags/example_sla_dag.py for tasks to queue
[2024-09-01T04:41:37.722+0000] {logging_mixin.py:190} INFO - [2024-09-01T04:41:37.722+0000] {dagbag.py:587} INFO - Filling up the DagBag from /home/ubuntu/airflow_snow/lib/python3.12/site-packages/airflow/example_dags/example_sla_dag.py
[2024-09-01T04:41:37.731+0000] {processor.py:925} INFO - DAG(s) 'example_sla_dag' retrieved from /home/ubuntu/airflow_snow/lib/python3.12/site-packages/airflow/example_dags/example_sla_dag.py
[2024-09-01T04:41:37.747+0000] {logging_mixin.py:190} INFO - [2024-09-01T04:41:37.747+0000] {dag.py:3211} INFO - Sync 1 DAGs
[2024-09-01T04:41:37.766+0000] {logging_mixin.py:190} INFO - [2024-09-01T04:41:37.766+0000] {dag.py:4138} INFO - Setting next_dagrun for example_sla_dag to 2024-09-01 04:38:00+00:00, run_after=2024-09-01 04:40:00+00:00
[2024-09-01T04:41:37.787+0000] {processor.py:208} INFO - Processing /home/ubuntu/airflow_snow/lib/python3.12/site-packages/airflow/example_dags/example_sla_dag.py took 0.075 seconds
[2024-09-01T04:42:26.316+0000] {processor.py:186} INFO - Started process (PID=3009) to work on /home/ubuntu/airflow_snow/lib/python3.12/site-packages/airflow/example_dags/example_sla_dag.py
[2024-09-01T04:42:26.319+0000] {processor.py:914} INFO - Processing file /home/ubuntu/airflow_snow/lib/python3.12/site-packages/airflow/example_dags/example_sla_dag.py for tasks to queue
[2024-09-01T04:42:26.321+0000] {logging_mixin.py:190} INFO - [2024-09-01T04:42:26.321+0000] {dagbag.py:587} INFO - Filling up the DagBag from /home/ubuntu/airflow_snow/lib/python3.12/site-packages/airflow/example_dags/example_sla_dag.py
[2024-09-01T04:42:26.330+0000] {processor.py:925} INFO - DAG(s) 'example_sla_dag' retrieved from /home/ubuntu/airflow_snow/lib/python3.12/site-packages/airflow/example_dags/example_sla_dag.py
[2024-09-01T04:42:26.343+0000] {logging_mixin.py:190} INFO - [2024-09-01T04:42:26.343+0000] {dag.py:3211} INFO - Sync 1 DAGs
[2024-09-01T04:42:26.362+0000] {logging_mixin.py:190} INFO - [2024-09-01T04:42:26.362+0000] {dag.py:4138} INFO - Setting next_dagrun for example_sla_dag to 2024-09-01 04:40:00+00:00, run_after=2024-09-01 04:42:00+00:00
[2024-09-01T04:42:26.384+0000] {processor.py:208} INFO - Processing /home/ubuntu/airflow_snow/lib/python3.12/site-packages/airflow/example_dags/example_sla_dag.py took 0.073 seconds
[2024-09-01T04:43:16.756+0000] {processor.py:186} INFO - Started process (PID=3060) to work on /home/ubuntu/airflow_snow/lib/python3.12/site-packages/airflow/example_dags/example_sla_dag.py
[2024-09-01T04:43:16.759+0000] {processor.py:914} INFO - Processing file /home/ubuntu/airflow_snow/lib/python3.12/site-packages/airflow/example_dags/example_sla_dag.py for tasks to queue
[2024-09-01T04:43:16.761+0000] {logging_mixin.py:190} INFO - [2024-09-01T04:43:16.761+0000] {dagbag.py:587} INFO - Filling up the DagBag from /home/ubuntu/airflow_snow/lib/python3.12/site-packages/airflow/example_dags/example_sla_dag.py
[2024-09-01T04:43:16.770+0000] {processor.py:925} INFO - DAG(s) 'example_sla_dag' retrieved from /home/ubuntu/airflow_snow/lib/python3.12/site-packages/airflow/example_dags/example_sla_dag.py
[2024-09-01T04:43:16.783+0000] {logging_mixin.py:190} INFO - [2024-09-01T04:43:16.783+0000] {dag.py:3211} INFO - Sync 1 DAGs
[2024-09-01T04:43:16.803+0000] {logging_mixin.py:190} INFO - [2024-09-01T04:43:16.802+0000] {dag.py:4138} INFO - Setting next_dagrun for example_sla_dag to 2024-09-01 04:40:00+00:00, run_after=2024-09-01 04:42:00+00:00
[2024-09-01T04:43:16.822+0000] {processor.py:208} INFO - Processing /home/ubuntu/airflow_snow/lib/python3.12/site-packages/airflow/example_dags/example_sla_dag.py took 0.072 seconds
[2024-09-01T04:44:05.912+0000] {processor.py:186} INFO - Started process (PID=3110) to work on /home/ubuntu/airflow_snow/lib/python3.12/site-packages/airflow/example_dags/example_sla_dag.py
[2024-09-01T04:44:05.914+0000] {processor.py:914} INFO - Processing file /home/ubuntu/airflow_snow/lib/python3.12/site-packages/airflow/example_dags/example_sla_dag.py for tasks to queue
[2024-09-01T04:44:05.916+0000] {logging_mixin.py:190} INFO - [2024-09-01T04:44:05.915+0000] {dagbag.py:587} INFO - Filling up the DagBag from /home/ubuntu/airflow_snow/lib/python3.12/site-packages/airflow/example_dags/example_sla_dag.py
[2024-09-01T04:44:05.925+0000] {processor.py:925} INFO - DAG(s) 'example_sla_dag' retrieved from /home/ubuntu/airflow_snow/lib/python3.12/site-packages/airflow/example_dags/example_sla_dag.py
[2024-09-01T04:44:05.939+0000] {logging_mixin.py:190} INFO - [2024-09-01T04:44:05.939+0000] {dag.py:3211} INFO - Sync 1 DAGs
[2024-09-01T04:44:05.958+0000] {logging_mixin.py:190} INFO - [2024-09-01T04:44:05.958+0000] {dag.py:4138} INFO - Setting next_dagrun for example_sla_dag to 2024-09-01 04:42:00+00:00, run_after=2024-09-01 04:44:00+00:00
[2024-09-01T04:44:05.980+0000] {processor.py:208} INFO - Processing /home/ubuntu/airflow_snow/lib/python3.12/site-packages/airflow/example_dags/example_sla_dag.py took 0.074 seconds
[2024-09-01T04:44:56.654+0000] {processor.py:186} INFO - Started process (PID=3166) to work on /home/ubuntu/airflow_snow/lib/python3.12/site-packages/airflow/example_dags/example_sla_dag.py
[2024-09-01T04:44:56.657+0000] {processor.py:914} INFO - Processing file /home/ubuntu/airflow_snow/lib/python3.12/site-packages/airflow/example_dags/example_sla_dag.py for tasks to queue
[2024-09-01T04:44:56.659+0000] {logging_mixin.py:190} INFO - [2024-09-01T04:44:56.659+0000] {dagbag.py:587} INFO - Filling up the DagBag from /home/ubuntu/airflow_snow/lib/python3.12/site-packages/airflow/example_dags/example_sla_dag.py
[2024-09-01T04:44:56.668+0000] {processor.py:925} INFO - DAG(s) 'example_sla_dag' retrieved from /home/ubuntu/airflow_snow/lib/python3.12/site-packages/airflow/example_dags/example_sla_dag.py
[2024-09-01T04:44:56.682+0000] {logging_mixin.py:190} INFO - [2024-09-01T04:44:56.680+0000] {dag.py:3211} INFO - Sync 1 DAGs
[2024-09-01T04:44:56.702+0000] {logging_mixin.py:190} INFO - [2024-09-01T04:44:56.701+0000] {dag.py:4138} INFO - Setting next_dagrun for example_sla_dag to 2024-09-01 04:42:00+00:00, run_after=2024-09-01 04:44:00+00:00
[2024-09-01T04:44:56.724+0000] {processor.py:208} INFO - Processing /home/ubuntu/airflow_snow/lib/python3.12/site-packages/airflow/example_dags/example_sla_dag.py took 0.075 seconds
[2024-09-01T04:45:50.011+0000] {processor.py:186} INFO - Started process (PID=3229) to work on /home/ubuntu/airflow_snow/lib/python3.12/site-packages/airflow/example_dags/example_sla_dag.py
[2024-09-01T04:45:50.013+0000] {processor.py:914} INFO - Processing file /home/ubuntu/airflow_snow/lib/python3.12/site-packages/airflow/example_dags/example_sla_dag.py for tasks to queue
[2024-09-01T04:45:50.015+0000] {logging_mixin.py:190} INFO - [2024-09-01T04:45:50.014+0000] {dagbag.py:587} INFO - Filling up the DagBag from /home/ubuntu/airflow_snow/lib/python3.12/site-packages/airflow/example_dags/example_sla_dag.py
[2024-09-01T04:45:50.025+0000] {processor.py:925} INFO - DAG(s) 'example_sla_dag' retrieved from /home/ubuntu/airflow_snow/lib/python3.12/site-packages/airflow/example_dags/example_sla_dag.py
[2024-09-01T04:45:50.038+0000] {logging_mixin.py:190} INFO - [2024-09-01T04:45:50.038+0000] {dag.py:3211} INFO - Sync 1 DAGs
[2024-09-01T04:45:50.063+0000] {logging_mixin.py:190} INFO - [2024-09-01T04:45:50.063+0000] {dag.py:4138} INFO - Setting next_dagrun for example_sla_dag to 2024-09-01 04:42:00+00:00, run_after=2024-09-01 04:44:00+00:00
[2024-09-01T04:45:50.083+0000] {processor.py:208} INFO - Processing /home/ubuntu/airflow_snow/lib/python3.12/site-packages/airflow/example_dags/example_sla_dag.py took 0.077 seconds
[2024-09-01T04:46:39.591+0000] {processor.py:186} INFO - Started process (PID=3280) to work on /home/ubuntu/airflow_snow/lib/python3.12/site-packages/airflow/example_dags/example_sla_dag.py
[2024-09-01T04:46:39.593+0000] {processor.py:914} INFO - Processing file /home/ubuntu/airflow_snow/lib/python3.12/site-packages/airflow/example_dags/example_sla_dag.py for tasks to queue
[2024-09-01T04:46:39.594+0000] {logging_mixin.py:190} INFO - [2024-09-01T04:46:39.594+0000] {dagbag.py:587} INFO - Filling up the DagBag from /home/ubuntu/airflow_snow/lib/python3.12/site-packages/airflow/example_dags/example_sla_dag.py
[2024-09-01T04:46:39.605+0000] {processor.py:925} INFO - DAG(s) 'example_sla_dag' retrieved from /home/ubuntu/airflow_snow/lib/python3.12/site-packages/airflow/example_dags/example_sla_dag.py
[2024-09-01T04:46:39.618+0000] {logging_mixin.py:190} INFO - [2024-09-01T04:46:39.618+0000] {dag.py:3211} INFO - Sync 1 DAGs
[2024-09-01T04:46:39.637+0000] {logging_mixin.py:190} INFO - [2024-09-01T04:46:39.637+0000] {dag.py:4138} INFO - Setting next_dagrun for example_sla_dag to 2024-09-01 04:44:00+00:00, run_after=2024-09-01 04:46:00+00:00
[2024-09-01T04:46:39.660+0000] {processor.py:208} INFO - Processing /home/ubuntu/airflow_snow/lib/python3.12/site-packages/airflow/example_dags/example_sla_dag.py took 0.075 seconds
[2024-09-01T04:47:26.718+0000] {processor.py:186} INFO - Started process (PID=3329) to work on /home/ubuntu/airflow_snow/lib/python3.12/site-packages/airflow/example_dags/example_sla_dag.py
[2024-09-01T04:47:26.721+0000] {processor.py:914} INFO - Processing file /home/ubuntu/airflow_snow/lib/python3.12/site-packages/airflow/example_dags/example_sla_dag.py for tasks to queue
[2024-09-01T04:47:26.722+0000] {logging_mixin.py:190} INFO - [2024-09-01T04:47:26.722+0000] {dagbag.py:587} INFO - Filling up the DagBag from /home/ubuntu/airflow_snow/lib/python3.12/site-packages/airflow/example_dags/example_sla_dag.py
[2024-09-01T04:47:26.731+0000] {processor.py:925} INFO - DAG(s) 'example_sla_dag' retrieved from /home/ubuntu/airflow_snow/lib/python3.12/site-packages/airflow/example_dags/example_sla_dag.py
[2024-09-01T04:47:26.745+0000] {logging_mixin.py:190} INFO - [2024-09-01T04:47:26.745+0000] {dag.py:3211} INFO - Sync 1 DAGs
[2024-09-01T04:47:26.766+0000] {logging_mixin.py:190} INFO - [2024-09-01T04:47:26.766+0000] {dag.py:4138} INFO - Setting next_dagrun for example_sla_dag to 2024-09-01 04:44:00+00:00, run_after=2024-09-01 04:46:00+00:00
[2024-09-01T04:47:26.787+0000] {processor.py:208} INFO - Processing /home/ubuntu/airflow_snow/lib/python3.12/site-packages/airflow/example_dags/example_sla_dag.py took 0.074 seconds
[2024-09-01T04:48:15.945+0000] {processor.py:186} INFO - Started process (PID=3379) to work on /home/ubuntu/airflow_snow/lib/python3.12/site-packages/airflow/example_dags/example_sla_dag.py
[2024-09-01T04:48:15.946+0000] {processor.py:914} INFO - Processing file /home/ubuntu/airflow_snow/lib/python3.12/site-packages/airflow/example_dags/example_sla_dag.py for tasks to queue
[2024-09-01T04:48:15.949+0000] {logging_mixin.py:190} INFO - [2024-09-01T04:48:15.947+0000] {dagbag.py:587} INFO - Filling up the DagBag from /home/ubuntu/airflow_snow/lib/python3.12/site-packages/airflow/example_dags/example_sla_dag.py
[2024-09-01T04:48:15.958+0000] {processor.py:925} INFO - DAG(s) 'example_sla_dag' retrieved from /home/ubuntu/airflow_snow/lib/python3.12/site-packages/airflow/example_dags/example_sla_dag.py
[2024-09-01T04:48:15.971+0000] {logging_mixin.py:190} INFO - [2024-09-01T04:48:15.971+0000] {dag.py:3211} INFO - Sync 1 DAGs
[2024-09-01T04:48:15.993+0000] {logging_mixin.py:190} INFO - [2024-09-01T04:48:15.993+0000] {dag.py:4138} INFO - Setting next_dagrun for example_sla_dag to 2024-09-01 04:46:00+00:00, run_after=2024-09-01 04:48:00+00:00
[2024-09-01T04:48:16.012+0000] {processor.py:208} INFO - Processing /home/ubuntu/airflow_snow/lib/python3.12/site-packages/airflow/example_dags/example_sla_dag.py took 0.072 seconds
[2024-09-01T04:49:04.611+0000] {processor.py:186} INFO - Started process (PID=3430) to work on /home/ubuntu/airflow_snow/lib/python3.12/site-packages/airflow/example_dags/example_sla_dag.py
[2024-09-01T04:49:04.613+0000] {processor.py:914} INFO - Processing file /home/ubuntu/airflow_snow/lib/python3.12/site-packages/airflow/example_dags/example_sla_dag.py for tasks to queue
[2024-09-01T04:49:04.614+0000] {logging_mixin.py:190} INFO - [2024-09-01T04:49:04.614+0000] {dagbag.py:587} INFO - Filling up the DagBag from /home/ubuntu/airflow_snow/lib/python3.12/site-packages/airflow/example_dags/example_sla_dag.py
[2024-09-01T04:49:04.625+0000] {processor.py:925} INFO - DAG(s) 'example_sla_dag' retrieved from /home/ubuntu/airflow_snow/lib/python3.12/site-packages/airflow/example_dags/example_sla_dag.py
[2024-09-01T04:49:04.639+0000] {logging_mixin.py:190} INFO - [2024-09-01T04:49:04.638+0000] {dag.py:3211} INFO - Sync 1 DAGs
[2024-09-01T04:49:04.658+0000] {logging_mixin.py:190} INFO - [2024-09-01T04:49:04.658+0000] {dag.py:4138} INFO - Setting next_dagrun for example_sla_dag to 2024-09-01 04:46:00+00:00, run_after=2024-09-01 04:48:00+00:00
[2024-09-01T04:49:04.679+0000] {processor.py:208} INFO - Processing /home/ubuntu/airflow_snow/lib/python3.12/site-packages/airflow/example_dags/example_sla_dag.py took 0.073 seconds
[2024-09-01T04:49:53.073+0000] {processor.py:186} INFO - Started process (PID=3482) to work on /home/ubuntu/airflow_snow/lib/python3.12/site-packages/airflow/example_dags/example_sla_dag.py
[2024-09-01T04:49:53.075+0000] {processor.py:914} INFO - Processing file /home/ubuntu/airflow_snow/lib/python3.12/site-packages/airflow/example_dags/example_sla_dag.py for tasks to queue
[2024-09-01T04:49:53.077+0000] {logging_mixin.py:190} INFO - [2024-09-01T04:49:53.076+0000] {dagbag.py:587} INFO - Filling up the DagBag from /home/ubuntu/airflow_snow/lib/python3.12/site-packages/airflow/example_dags/example_sla_dag.py
[2024-09-01T04:49:53.086+0000] {processor.py:925} INFO - DAG(s) 'example_sla_dag' retrieved from /home/ubuntu/airflow_snow/lib/python3.12/site-packages/airflow/example_dags/example_sla_dag.py
[2024-09-01T04:49:53.099+0000] {logging_mixin.py:190} INFO - [2024-09-01T04:49:53.099+0000] {dag.py:3211} INFO - Sync 1 DAGs
[2024-09-01T04:49:53.119+0000] {logging_mixin.py:190} INFO - [2024-09-01T04:49:53.119+0000] {dag.py:4138} INFO - Setting next_dagrun for example_sla_dag to 2024-09-01 04:46:00+00:00, run_after=2024-09-01 04:48:00+00:00
[2024-09-01T04:49:53.140+0000] {processor.py:208} INFO - Processing /home/ubuntu/airflow_snow/lib/python3.12/site-packages/airflow/example_dags/example_sla_dag.py took 0.073 seconds
[2024-09-01T04:50:36.403+0000] {processor.py:186} INFO - Started process (PID=3533) to work on /home/ubuntu/airflow_snow/lib/python3.12/site-packages/airflow/example_dags/example_sla_dag.py
[2024-09-01T04:50:36.405+0000] {processor.py:914} INFO - Processing file /home/ubuntu/airflow_snow/lib/python3.12/site-packages/airflow/example_dags/example_sla_dag.py for tasks to queue
[2024-09-01T04:50:36.406+0000] {logging_mixin.py:190} INFO - [2024-09-01T04:50:36.406+0000] {dagbag.py:587} INFO - Filling up the DagBag from /home/ubuntu/airflow_snow/lib/python3.12/site-packages/airflow/example_dags/example_sla_dag.py
[2024-09-01T04:50:36.416+0000] {processor.py:925} INFO - DAG(s) 'example_sla_dag' retrieved from /home/ubuntu/airflow_snow/lib/python3.12/site-packages/airflow/example_dags/example_sla_dag.py
[2024-09-01T04:50:36.430+0000] {logging_mixin.py:190} INFO - [2024-09-01T04:50:36.430+0000] {dag.py:3211} INFO - Sync 1 DAGs
[2024-09-01T04:50:36.451+0000] {logging_mixin.py:190} INFO - [2024-09-01T04:50:36.451+0000] {dag.py:4138} INFO - Setting next_dagrun for example_sla_dag to 2024-09-01 04:48:00+00:00, run_after=2024-09-01 04:50:00+00:00
[2024-09-01T04:50:36.472+0000] {processor.py:208} INFO - Processing /home/ubuntu/airflow_snow/lib/python3.12/site-packages/airflow/example_dags/example_sla_dag.py took 0.074 seconds
[2024-09-01T04:51:24.389+0000] {processor.py:186} INFO - Started process (PID=3582) to work on /home/ubuntu/airflow_snow/lib/python3.12/site-packages/airflow/example_dags/example_sla_dag.py
[2024-09-01T04:51:24.391+0000] {processor.py:914} INFO - Processing file /home/ubuntu/airflow_snow/lib/python3.12/site-packages/airflow/example_dags/example_sla_dag.py for tasks to queue
[2024-09-01T04:51:24.393+0000] {logging_mixin.py:190} INFO - [2024-09-01T04:51:24.392+0000] {dagbag.py:587} INFO - Filling up the DagBag from /home/ubuntu/airflow_snow/lib/python3.12/site-packages/airflow/example_dags/example_sla_dag.py
[2024-09-01T04:51:24.403+0000] {processor.py:925} INFO - DAG(s) 'example_sla_dag' retrieved from /home/ubuntu/airflow_snow/lib/python3.12/site-packages/airflow/example_dags/example_sla_dag.py
[2024-09-01T04:51:24.416+0000] {logging_mixin.py:190} INFO - [2024-09-01T04:51:24.416+0000] {dag.py:3211} INFO - Sync 1 DAGs
[2024-09-01T04:51:24.436+0000] {logging_mixin.py:190} INFO - [2024-09-01T04:51:24.436+0000] {dag.py:4138} INFO - Setting next_dagrun for example_sla_dag to 2024-09-01 04:48:00+00:00, run_after=2024-09-01 04:50:00+00:00
[2024-09-01T04:51:24.459+0000] {processor.py:208} INFO - Processing /home/ubuntu/airflow_snow/lib/python3.12/site-packages/airflow/example_dags/example_sla_dag.py took 0.076 seconds
[2024-09-01T04:52:14.131+0000] {processor.py:186} INFO - Started process (PID=3634) to work on /home/ubuntu/airflow_snow/lib/python3.12/site-packages/airflow/example_dags/example_sla_dag.py
[2024-09-01T04:52:14.133+0000] {processor.py:914} INFO - Processing file /home/ubuntu/airflow_snow/lib/python3.12/site-packages/airflow/example_dags/example_sla_dag.py for tasks to queue
[2024-09-01T04:52:14.134+0000] {logging_mixin.py:190} INFO - [2024-09-01T04:52:14.134+0000] {dagbag.py:587} INFO - Filling up the DagBag from /home/ubuntu/airflow_snow/lib/python3.12/site-packages/airflow/example_dags/example_sla_dag.py
[2024-09-01T04:52:14.144+0000] {processor.py:925} INFO - DAG(s) 'example_sla_dag' retrieved from /home/ubuntu/airflow_snow/lib/python3.12/site-packages/airflow/example_dags/example_sla_dag.py
[2024-09-01T04:52:14.159+0000] {logging_mixin.py:190} INFO - [2024-09-01T04:52:14.159+0000] {dag.py:3211} INFO - Sync 1 DAGs
[2024-09-01T04:52:14.179+0000] {logging_mixin.py:190} INFO - [2024-09-01T04:52:14.179+0000] {dag.py:4138} INFO - Setting next_dagrun for example_sla_dag to 2024-09-01 04:50:00+00:00, run_after=2024-09-01 04:52:00+00:00
[2024-09-01T04:52:14.203+0000] {processor.py:208} INFO - Processing /home/ubuntu/airflow_snow/lib/python3.12/site-packages/airflow/example_dags/example_sla_dag.py took 0.078 seconds
[2024-09-01T04:53:02.420+0000] {processor.py:186} INFO - Started process (PID=3685) to work on /home/ubuntu/airflow_snow/lib/python3.12/site-packages/airflow/example_dags/example_sla_dag.py
[2024-09-01T04:53:02.422+0000] {processor.py:914} INFO - Processing file /home/ubuntu/airflow_snow/lib/python3.12/site-packages/airflow/example_dags/example_sla_dag.py for tasks to queue
[2024-09-01T04:53:02.424+0000] {logging_mixin.py:190} INFO - [2024-09-01T04:53:02.424+0000] {dagbag.py:587} INFO - Filling up the DagBag from /home/ubuntu/airflow_snow/lib/python3.12/site-packages/airflow/example_dags/example_sla_dag.py
[2024-09-01T04:53:02.434+0000] {processor.py:925} INFO - DAG(s) 'example_sla_dag' retrieved from /home/ubuntu/airflow_snow/lib/python3.12/site-packages/airflow/example_dags/example_sla_dag.py
[2024-09-01T04:53:02.448+0000] {logging_mixin.py:190} INFO - [2024-09-01T04:53:02.448+0000] {dag.py:3211} INFO - Sync 1 DAGs
[2024-09-01T04:53:02.471+0000] {logging_mixin.py:190} INFO - [2024-09-01T04:53:02.471+0000] {dag.py:4138} INFO - Setting next_dagrun for example_sla_dag to 2024-09-01 04:50:00+00:00, run_after=2024-09-01 04:52:00+00:00
[2024-09-01T04:53:02.496+0000] {processor.py:208} INFO - Processing /home/ubuntu/airflow_snow/lib/python3.12/site-packages/airflow/example_dags/example_sla_dag.py took 0.081 seconds
