[2024-09-01T04:28:30.515+0000] {processor.py:186} INFO - Started process (PID=2153) to work on /home/ubuntu/airflow_snow/lib/python3.12/site-packages/airflow/example_dags/example_time_delta_sensor_async.py
[2024-09-01T04:28:30.517+0000] {processor.py:914} INFO - Processing file /home/ubuntu/airflow_snow/lib/python3.12/site-packages/airflow/example_dags/example_time_delta_sensor_async.py for tasks to queue
[2024-09-01T04:28:30.518+0000] {logging_mixin.py:190} INFO - [2024-09-01T04:28:30.518+0000] {dagbag.py:587} INFO - Filling up the DagBag from /home/ubuntu/airflow_snow/lib/python3.12/site-packages/airflow/example_dags/example_time_delta_sensor_async.py
[2024-09-01T04:28:30.525+0000] {processor.py:925} INFO - DAG(s) 'example_time_delta_sensor_async' retrieved from /home/ubuntu/airflow_snow/lib/python3.12/site-packages/airflow/example_dags/example_time_delta_sensor_async.py
[2024-09-01T04:28:30.629+0000] {logging_mixin.py:190} INFO - [2024-09-01T04:28:30.628+0000] {override.py:1900} INFO - Created Permission View: can delete on DAG:example_time_delta_sensor_async
[2024-09-01T04:28:30.643+0000] {logging_mixin.py:190} INFO - [2024-09-01T04:28:30.643+0000] {override.py:1900} INFO - Created Permission View: can read on DAG:example_time_delta_sensor_async
[2024-09-01T04:28:30.655+0000] {logging_mixin.py:190} INFO - [2024-09-01T04:28:30.655+0000] {override.py:1900} INFO - Created Permission View: can edit on DAG:example_time_delta_sensor_async
[2024-09-01T04:28:30.673+0000] {logging_mixin.py:190} INFO - [2024-09-01T04:28:30.673+0000] {override.py:1900} INFO - Created Permission View: menu access on DAG Run:example_time_delta_sensor_async
[2024-09-01T04:28:30.684+0000] {logging_mixin.py:190} INFO - [2024-09-01T04:28:30.684+0000] {override.py:1900} INFO - Created Permission View: can create on DAG Run:example_time_delta_sensor_async
[2024-09-01T04:28:30.696+0000] {logging_mixin.py:190} INFO - [2024-09-01T04:28:30.696+0000] {override.py:1900} INFO - Created Permission View: can read on DAG Run:example_time_delta_sensor_async
[2024-09-01T04:28:30.711+0000] {logging_mixin.py:190} INFO - [2024-09-01T04:28:30.711+0000] {override.py:1900} INFO - Created Permission View: can delete on DAG Run:example_time_delta_sensor_async
[2024-09-01T04:28:30.711+0000] {logging_mixin.py:190} INFO - [2024-09-01T04:28:30.711+0000] {dag.py:3211} INFO - Sync 1 DAGs
[2024-09-01T04:28:30.722+0000] {logging_mixin.py:190} INFO - [2024-09-01T04:28:30.722+0000] {dag.py:3234} INFO - Creating ORM DAG for example_time_delta_sensor_async
[2024-09-01T04:28:30.723+0000] {logging_mixin.py:190} INFO - [2024-09-01T04:28:30.723+0000] {dag.py:4138} INFO - Setting next_dagrun for example_time_delta_sensor_async to None, run_after=None
[2024-09-01T04:28:30.742+0000] {processor.py:208} INFO - Processing /home/ubuntu/airflow_snow/lib/python3.12/site-packages/airflow/example_dags/example_time_delta_sensor_async.py took 0.231 seconds
[2024-09-01T04:29:38.591+0000] {processor.py:186} INFO - Started process (PID=2209) to work on /home/ubuntu/airflow_snow/lib/python3.12/site-packages/airflow/example_dags/example_time_delta_sensor_async.py
[2024-09-01T04:29:38.592+0000] {processor.py:914} INFO - Processing file /home/ubuntu/airflow_snow/lib/python3.12/site-packages/airflow/example_dags/example_time_delta_sensor_async.py for tasks to queue
[2024-09-01T04:29:38.594+0000] {logging_mixin.py:190} INFO - [2024-09-01T04:29:38.594+0000] {dagbag.py:587} INFO - Filling up the DagBag from /home/ubuntu/airflow_snow/lib/python3.12/site-packages/airflow/example_dags/example_time_delta_sensor_async.py
[2024-09-01T04:29:38.602+0000] {processor.py:925} INFO - DAG(s) 'example_time_delta_sensor_async' retrieved from /home/ubuntu/airflow_snow/lib/python3.12/site-packages/airflow/example_dags/example_time_delta_sensor_async.py
[2024-09-01T04:29:38.614+0000] {logging_mixin.py:190} INFO - [2024-09-01T04:29:38.614+0000] {dag.py:3211} INFO - Sync 1 DAGs
[2024-09-01T04:29:38.627+0000] {logging_mixin.py:190} INFO - [2024-09-01T04:29:38.627+0000] {dag.py:4138} INFO - Setting next_dagrun for example_time_delta_sensor_async to None, run_after=None
[2024-09-01T04:29:38.650+0000] {processor.py:208} INFO - Processing /home/ubuntu/airflow_snow/lib/python3.12/site-packages/airflow/example_dags/example_time_delta_sensor_async.py took 0.064 seconds
[2024-09-01T04:30:32.126+0000] {processor.py:186} INFO - Started process (PID=2269) to work on /home/ubuntu/airflow_snow/lib/python3.12/site-packages/airflow/example_dags/example_time_delta_sensor_async.py
[2024-09-01T04:30:32.129+0000] {processor.py:914} INFO - Processing file /home/ubuntu/airflow_snow/lib/python3.12/site-packages/airflow/example_dags/example_time_delta_sensor_async.py for tasks to queue
[2024-09-01T04:30:32.131+0000] {logging_mixin.py:190} INFO - [2024-09-01T04:30:32.131+0000] {dagbag.py:587} INFO - Filling up the DagBag from /home/ubuntu/airflow_snow/lib/python3.12/site-packages/airflow/example_dags/example_time_delta_sensor_async.py
[2024-09-01T04:30:32.153+0000] {processor.py:925} INFO - DAG(s) 'example_time_delta_sensor_async' retrieved from /home/ubuntu/airflow_snow/lib/python3.12/site-packages/airflow/example_dags/example_time_delta_sensor_async.py
[2024-09-01T04:30:32.167+0000] {logging_mixin.py:190} INFO - [2024-09-01T04:30:32.167+0000] {dag.py:3211} INFO - Sync 1 DAGs
[2024-09-01T04:30:32.178+0000] {logging_mixin.py:190} INFO - [2024-09-01T04:30:32.178+0000] {dag.py:4138} INFO - Setting next_dagrun for example_time_delta_sensor_async to None, run_after=None
[2024-09-01T04:30:32.202+0000] {processor.py:208} INFO - Processing /home/ubuntu/airflow_snow/lib/python3.12/site-packages/airflow/example_dags/example_time_delta_sensor_async.py took 0.081 seconds
[2024-09-01T04:31:21.511+0000] {processor.py:186} INFO - Started process (PID=2321) to work on /home/ubuntu/airflow_snow/lib/python3.12/site-packages/airflow/example_dags/example_time_delta_sensor_async.py
[2024-09-01T04:31:21.513+0000] {processor.py:914} INFO - Processing file /home/ubuntu/airflow_snow/lib/python3.12/site-packages/airflow/example_dags/example_time_delta_sensor_async.py for tasks to queue
[2024-09-01T04:31:21.515+0000] {logging_mixin.py:190} INFO - [2024-09-01T04:31:21.514+0000] {dagbag.py:587} INFO - Filling up the DagBag from /home/ubuntu/airflow_snow/lib/python3.12/site-packages/airflow/example_dags/example_time_delta_sensor_async.py
[2024-09-01T04:31:21.520+0000] {processor.py:925} INFO - DAG(s) 'example_time_delta_sensor_async' retrieved from /home/ubuntu/airflow_snow/lib/python3.12/site-packages/airflow/example_dags/example_time_delta_sensor_async.py
[2024-09-01T04:31:21.535+0000] {logging_mixin.py:190} INFO - [2024-09-01T04:31:21.535+0000] {dag.py:3211} INFO - Sync 1 DAGs
[2024-09-01T04:31:21.547+0000] {logging_mixin.py:190} INFO - [2024-09-01T04:31:21.546+0000] {dag.py:4138} INFO - Setting next_dagrun for example_time_delta_sensor_async to None, run_after=None
[2024-09-01T04:31:21.570+0000] {processor.py:208} INFO - Processing /home/ubuntu/airflow_snow/lib/python3.12/site-packages/airflow/example_dags/example_time_delta_sensor_async.py took 0.064 seconds
[2024-09-01T04:32:09.206+0000] {processor.py:186} INFO - Started process (PID=2370) to work on /home/ubuntu/airflow_snow/lib/python3.12/site-packages/airflow/example_dags/example_time_delta_sensor_async.py
[2024-09-01T04:32:09.208+0000] {processor.py:914} INFO - Processing file /home/ubuntu/airflow_snow/lib/python3.12/site-packages/airflow/example_dags/example_time_delta_sensor_async.py for tasks to queue
[2024-09-01T04:32:09.210+0000] {logging_mixin.py:190} INFO - [2024-09-01T04:32:09.210+0000] {dagbag.py:587} INFO - Filling up the DagBag from /home/ubuntu/airflow_snow/lib/python3.12/site-packages/airflow/example_dags/example_time_delta_sensor_async.py
[2024-09-01T04:32:09.217+0000] {processor.py:925} INFO - DAG(s) 'example_time_delta_sensor_async' retrieved from /home/ubuntu/airflow_snow/lib/python3.12/site-packages/airflow/example_dags/example_time_delta_sensor_async.py
[2024-09-01T04:32:09.230+0000] {logging_mixin.py:190} INFO - [2024-09-01T04:32:09.230+0000] {dag.py:3211} INFO - Sync 1 DAGs
[2024-09-01T04:32:09.240+0000] {logging_mixin.py:190} INFO - [2024-09-01T04:32:09.240+0000] {dag.py:4138} INFO - Setting next_dagrun for example_time_delta_sensor_async to None, run_after=None
[2024-09-01T04:32:09.264+0000] {processor.py:208} INFO - Processing /home/ubuntu/airflow_snow/lib/python3.12/site-packages/airflow/example_dags/example_time_delta_sensor_async.py took 0.064 seconds
[2024-09-01T04:32:57.081+0000] {processor.py:186} INFO - Started process (PID=2420) to work on /home/ubuntu/airflow_snow/lib/python3.12/site-packages/airflow/example_dags/example_time_delta_sensor_async.py
[2024-09-01T04:32:57.083+0000] {processor.py:914} INFO - Processing file /home/ubuntu/airflow_snow/lib/python3.12/site-packages/airflow/example_dags/example_time_delta_sensor_async.py for tasks to queue
[2024-09-01T04:32:57.085+0000] {logging_mixin.py:190} INFO - [2024-09-01T04:32:57.085+0000] {dagbag.py:587} INFO - Filling up the DagBag from /home/ubuntu/airflow_snow/lib/python3.12/site-packages/airflow/example_dags/example_time_delta_sensor_async.py
[2024-09-01T04:32:57.091+0000] {processor.py:925} INFO - DAG(s) 'example_time_delta_sensor_async' retrieved from /home/ubuntu/airflow_snow/lib/python3.12/site-packages/airflow/example_dags/example_time_delta_sensor_async.py
[2024-09-01T04:32:57.106+0000] {logging_mixin.py:190} INFO - [2024-09-01T04:32:57.106+0000] {dag.py:3211} INFO - Sync 1 DAGs
[2024-09-01T04:32:57.118+0000] {logging_mixin.py:190} INFO - [2024-09-01T04:32:57.118+0000] {dag.py:4138} INFO - Setting next_dagrun for example_time_delta_sensor_async to None, run_after=None
[2024-09-01T04:32:57.143+0000] {processor.py:208} INFO - Processing /home/ubuntu/airflow_snow/lib/python3.12/site-packages/airflow/example_dags/example_time_delta_sensor_async.py took 0.066 seconds
[2024-09-01T04:33:48.416+0000] {processor.py:186} INFO - Started process (PID=2473) to work on /home/ubuntu/airflow_snow/lib/python3.12/site-packages/airflow/example_dags/example_time_delta_sensor_async.py
[2024-09-01T04:33:48.418+0000] {processor.py:914} INFO - Processing file /home/ubuntu/airflow_snow/lib/python3.12/site-packages/airflow/example_dags/example_time_delta_sensor_async.py for tasks to queue
[2024-09-01T04:33:48.419+0000] {logging_mixin.py:190} INFO - [2024-09-01T04:33:48.419+0000] {dagbag.py:587} INFO - Filling up the DagBag from /home/ubuntu/airflow_snow/lib/python3.12/site-packages/airflow/example_dags/example_time_delta_sensor_async.py
[2024-09-01T04:33:48.427+0000] {processor.py:925} INFO - DAG(s) 'example_time_delta_sensor_async' retrieved from /home/ubuntu/airflow_snow/lib/python3.12/site-packages/airflow/example_dags/example_time_delta_sensor_async.py
[2024-09-01T04:33:48.441+0000] {logging_mixin.py:190} INFO - [2024-09-01T04:33:48.441+0000] {dag.py:3211} INFO - Sync 1 DAGs
[2024-09-01T04:33:48.451+0000] {logging_mixin.py:190} INFO - [2024-09-01T04:33:48.451+0000] {dag.py:4138} INFO - Setting next_dagrun for example_time_delta_sensor_async to None, run_after=None
[2024-09-01T04:33:48.472+0000] {processor.py:208} INFO - Processing /home/ubuntu/airflow_snow/lib/python3.12/site-packages/airflow/example_dags/example_time_delta_sensor_async.py took 0.061 seconds
[2024-09-01T04:34:37.343+0000] {processor.py:186} INFO - Started process (PID=2525) to work on /home/ubuntu/airflow_snow/lib/python3.12/site-packages/airflow/example_dags/example_time_delta_sensor_async.py
[2024-09-01T04:34:37.346+0000] {processor.py:914} INFO - Processing file /home/ubuntu/airflow_snow/lib/python3.12/site-packages/airflow/example_dags/example_time_delta_sensor_async.py for tasks to queue
[2024-09-01T04:34:37.347+0000] {logging_mixin.py:190} INFO - [2024-09-01T04:34:37.347+0000] {dagbag.py:587} INFO - Filling up the DagBag from /home/ubuntu/airflow_snow/lib/python3.12/site-packages/airflow/example_dags/example_time_delta_sensor_async.py
[2024-09-01T04:34:37.354+0000] {processor.py:925} INFO - DAG(s) 'example_time_delta_sensor_async' retrieved from /home/ubuntu/airflow_snow/lib/python3.12/site-packages/airflow/example_dags/example_time_delta_sensor_async.py
[2024-09-01T04:34:37.367+0000] {logging_mixin.py:190} INFO - [2024-09-01T04:34:37.367+0000] {dag.py:3211} INFO - Sync 1 DAGs
[2024-09-01T04:34:37.378+0000] {logging_mixin.py:190} INFO - [2024-09-01T04:34:37.378+0000] {dag.py:4138} INFO - Setting next_dagrun for example_time_delta_sensor_async to None, run_after=None
[2024-09-01T04:34:37.402+0000] {processor.py:208} INFO - Processing /home/ubuntu/airflow_snow/lib/python3.12/site-packages/airflow/example_dags/example_time_delta_sensor_async.py took 0.064 seconds
[2024-09-01T04:35:25.940+0000] {processor.py:186} INFO - Started process (PID=2579) to work on /home/ubuntu/airflow_snow/lib/python3.12/site-packages/airflow/example_dags/example_time_delta_sensor_async.py
[2024-09-01T04:35:25.942+0000] {processor.py:914} INFO - Processing file /home/ubuntu/airflow_snow/lib/python3.12/site-packages/airflow/example_dags/example_time_delta_sensor_async.py for tasks to queue
[2024-09-01T04:35:25.944+0000] {logging_mixin.py:190} INFO - [2024-09-01T04:35:25.944+0000] {dagbag.py:587} INFO - Filling up the DagBag from /home/ubuntu/airflow_snow/lib/python3.12/site-packages/airflow/example_dags/example_time_delta_sensor_async.py
[2024-09-01T04:35:25.951+0000] {processor.py:925} INFO - DAG(s) 'example_time_delta_sensor_async' retrieved from /home/ubuntu/airflow_snow/lib/python3.12/site-packages/airflow/example_dags/example_time_delta_sensor_async.py
[2024-09-01T04:35:25.965+0000] {logging_mixin.py:190} INFO - [2024-09-01T04:35:25.965+0000] {dag.py:3211} INFO - Sync 1 DAGs
[2024-09-01T04:35:25.976+0000] {logging_mixin.py:190} INFO - [2024-09-01T04:35:25.975+0000] {dag.py:4138} INFO - Setting next_dagrun for example_time_delta_sensor_async to None, run_after=None
[2024-09-01T04:35:25.999+0000] {processor.py:208} INFO - Processing /home/ubuntu/airflow_snow/lib/python3.12/site-packages/airflow/example_dags/example_time_delta_sensor_async.py took 0.065 seconds
[2024-09-01T04:36:17.435+0000] {processor.py:186} INFO - Started process (PID=2630) to work on /home/ubuntu/airflow_snow/lib/python3.12/site-packages/airflow/example_dags/example_time_delta_sensor_async.py
[2024-09-01T04:36:17.437+0000] {processor.py:914} INFO - Processing file /home/ubuntu/airflow_snow/lib/python3.12/site-packages/airflow/example_dags/example_time_delta_sensor_async.py for tasks to queue
[2024-09-01T04:36:17.439+0000] {logging_mixin.py:190} INFO - [2024-09-01T04:36:17.439+0000] {dagbag.py:587} INFO - Filling up the DagBag from /home/ubuntu/airflow_snow/lib/python3.12/site-packages/airflow/example_dags/example_time_delta_sensor_async.py
[2024-09-01T04:36:17.446+0000] {processor.py:925} INFO - DAG(s) 'example_time_delta_sensor_async' retrieved from /home/ubuntu/airflow_snow/lib/python3.12/site-packages/airflow/example_dags/example_time_delta_sensor_async.py
[2024-09-01T04:36:17.459+0000] {logging_mixin.py:190} INFO - [2024-09-01T04:36:17.459+0000] {dag.py:3211} INFO - Sync 1 DAGs
[2024-09-01T04:36:17.470+0000] {logging_mixin.py:190} INFO - [2024-09-01T04:36:17.470+0000] {dag.py:4138} INFO - Setting next_dagrun for example_time_delta_sensor_async to None, run_after=None
[2024-09-01T04:36:17.492+0000] {processor.py:208} INFO - Processing /home/ubuntu/airflow_snow/lib/python3.12/site-packages/airflow/example_dags/example_time_delta_sensor_async.py took 0.062 seconds
[2024-09-01T04:37:10.920+0000] {processor.py:186} INFO - Started process (PID=2684) to work on /home/ubuntu/airflow_snow/lib/python3.12/site-packages/airflow/example_dags/example_time_delta_sensor_async.py
[2024-09-01T04:37:10.922+0000] {processor.py:914} INFO - Processing file /home/ubuntu/airflow_snow/lib/python3.12/site-packages/airflow/example_dags/example_time_delta_sensor_async.py for tasks to queue
[2024-09-01T04:37:10.924+0000] {logging_mixin.py:190} INFO - [2024-09-01T04:37:10.924+0000] {dagbag.py:587} INFO - Filling up the DagBag from /home/ubuntu/airflow_snow/lib/python3.12/site-packages/airflow/example_dags/example_time_delta_sensor_async.py
[2024-09-01T04:37:10.931+0000] {processor.py:925} INFO - DAG(s) 'example_time_delta_sensor_async' retrieved from /home/ubuntu/airflow_snow/lib/python3.12/site-packages/airflow/example_dags/example_time_delta_sensor_async.py
[2024-09-01T04:37:10.944+0000] {logging_mixin.py:190} INFO - [2024-09-01T04:37:10.944+0000] {dag.py:3211} INFO - Sync 1 DAGs
[2024-09-01T04:37:10.955+0000] {logging_mixin.py:190} INFO - [2024-09-01T04:37:10.955+0000] {dag.py:4138} INFO - Setting next_dagrun for example_time_delta_sensor_async to None, run_after=None
[2024-09-01T04:37:10.979+0000] {processor.py:208} INFO - Processing /home/ubuntu/airflow_snow/lib/python3.12/site-packages/airflow/example_dags/example_time_delta_sensor_async.py took 0.064 seconds
[2024-09-01T04:38:01.365+0000] {processor.py:186} INFO - Started process (PID=2735) to work on /home/ubuntu/airflow_snow/lib/python3.12/site-packages/airflow/example_dags/example_time_delta_sensor_async.py
[2024-09-01T04:38:01.367+0000] {processor.py:914} INFO - Processing file /home/ubuntu/airflow_snow/lib/python3.12/site-packages/airflow/example_dags/example_time_delta_sensor_async.py for tasks to queue
[2024-09-01T04:38:01.368+0000] {logging_mixin.py:190} INFO - [2024-09-01T04:38:01.368+0000] {dagbag.py:587} INFO - Filling up the DagBag from /home/ubuntu/airflow_snow/lib/python3.12/site-packages/airflow/example_dags/example_time_delta_sensor_async.py
[2024-09-01T04:38:01.375+0000] {processor.py:925} INFO - DAG(s) 'example_time_delta_sensor_async' retrieved from /home/ubuntu/airflow_snow/lib/python3.12/site-packages/airflow/example_dags/example_time_delta_sensor_async.py
[2024-09-01T04:38:01.389+0000] {logging_mixin.py:190} INFO - [2024-09-01T04:38:01.389+0000] {dag.py:3211} INFO - Sync 1 DAGs
[2024-09-01T04:38:01.401+0000] {logging_mixin.py:190} INFO - [2024-09-01T04:38:01.401+0000] {dag.py:4138} INFO - Setting next_dagrun for example_time_delta_sensor_async to None, run_after=None
[2024-09-01T04:38:01.421+0000] {processor.py:208} INFO - Processing /home/ubuntu/airflow_snow/lib/python3.12/site-packages/airflow/example_dags/example_time_delta_sensor_async.py took 0.063 seconds
[2024-09-01T04:38:51.814+0000] {processor.py:186} INFO - Started process (PID=2786) to work on /home/ubuntu/airflow_snow/lib/python3.12/site-packages/airflow/example_dags/example_time_delta_sensor_async.py
[2024-09-01T04:38:51.816+0000] {processor.py:914} INFO - Processing file /home/ubuntu/airflow_snow/lib/python3.12/site-packages/airflow/example_dags/example_time_delta_sensor_async.py for tasks to queue
[2024-09-01T04:38:51.819+0000] {logging_mixin.py:190} INFO - [2024-09-01T04:38:51.818+0000] {dagbag.py:587} INFO - Filling up the DagBag from /home/ubuntu/airflow_snow/lib/python3.12/site-packages/airflow/example_dags/example_time_delta_sensor_async.py
[2024-09-01T04:38:51.826+0000] {processor.py:925} INFO - DAG(s) 'example_time_delta_sensor_async' retrieved from /home/ubuntu/airflow_snow/lib/python3.12/site-packages/airflow/example_dags/example_time_delta_sensor_async.py
[2024-09-01T04:38:51.840+0000] {logging_mixin.py:190} INFO - [2024-09-01T04:38:51.839+0000] {dag.py:3211} INFO - Sync 1 DAGs
[2024-09-01T04:38:51.851+0000] {logging_mixin.py:190} INFO - [2024-09-01T04:38:51.851+0000] {dag.py:4138} INFO - Setting next_dagrun for example_time_delta_sensor_async to None, run_after=None
[2024-09-01T04:38:51.871+0000] {processor.py:208} INFO - Processing /home/ubuntu/airflow_snow/lib/python3.12/site-packages/airflow/example_dags/example_time_delta_sensor_async.py took 0.061 seconds
[2024-09-01T04:39:44.420+0000] {processor.py:186} INFO - Started process (PID=2839) to work on /home/ubuntu/airflow_snow/lib/python3.12/site-packages/airflow/example_dags/example_time_delta_sensor_async.py
[2024-09-01T04:39:44.423+0000] {processor.py:914} INFO - Processing file /home/ubuntu/airflow_snow/lib/python3.12/site-packages/airflow/example_dags/example_time_delta_sensor_async.py for tasks to queue
[2024-09-01T04:39:44.425+0000] {logging_mixin.py:190} INFO - [2024-09-01T04:39:44.424+0000] {dagbag.py:587} INFO - Filling up the DagBag from /home/ubuntu/airflow_snow/lib/python3.12/site-packages/airflow/example_dags/example_time_delta_sensor_async.py
[2024-09-01T04:39:44.431+0000] {processor.py:925} INFO - DAG(s) 'example_time_delta_sensor_async' retrieved from /home/ubuntu/airflow_snow/lib/python3.12/site-packages/airflow/example_dags/example_time_delta_sensor_async.py
[2024-09-01T04:39:44.446+0000] {logging_mixin.py:190} INFO - [2024-09-01T04:39:44.446+0000] {dag.py:3211} INFO - Sync 1 DAGs
[2024-09-01T04:39:44.456+0000] {logging_mixin.py:190} INFO - [2024-09-01T04:39:44.456+0000] {dag.py:4138} INFO - Setting next_dagrun for example_time_delta_sensor_async to None, run_after=None
[2024-09-01T04:39:44.479+0000] {processor.py:208} INFO - Processing /home/ubuntu/airflow_snow/lib/python3.12/site-packages/airflow/example_dags/example_time_delta_sensor_async.py took 0.064 seconds
[2024-09-01T04:40:34.867+0000] {processor.py:186} INFO - Started process (PID=2895) to work on /home/ubuntu/airflow_snow/lib/python3.12/site-packages/airflow/example_dags/example_time_delta_sensor_async.py
[2024-09-01T04:40:34.869+0000] {processor.py:914} INFO - Processing file /home/ubuntu/airflow_snow/lib/python3.12/site-packages/airflow/example_dags/example_time_delta_sensor_async.py for tasks to queue
[2024-09-01T04:40:34.871+0000] {logging_mixin.py:190} INFO - [2024-09-01T04:40:34.870+0000] {dagbag.py:587} INFO - Filling up the DagBag from /home/ubuntu/airflow_snow/lib/python3.12/site-packages/airflow/example_dags/example_time_delta_sensor_async.py
[2024-09-01T04:40:34.878+0000] {processor.py:925} INFO - DAG(s) 'example_time_delta_sensor_async' retrieved from /home/ubuntu/airflow_snow/lib/python3.12/site-packages/airflow/example_dags/example_time_delta_sensor_async.py
[2024-09-01T04:40:34.892+0000] {logging_mixin.py:190} INFO - [2024-09-01T04:40:34.892+0000] {dag.py:3211} INFO - Sync 1 DAGs
[2024-09-01T04:40:34.904+0000] {logging_mixin.py:190} INFO - [2024-09-01T04:40:34.904+0000] {dag.py:4138} INFO - Setting next_dagrun for example_time_delta_sensor_async to None, run_after=None
[2024-09-01T04:40:34.938+0000] {processor.py:208} INFO - Processing /home/ubuntu/airflow_snow/lib/python3.12/site-packages/airflow/example_dags/example_time_delta_sensor_async.py took 0.076 seconds
[2024-09-01T04:41:27.424+0000] {processor.py:186} INFO - Started process (PID=2949) to work on /home/ubuntu/airflow_snow/lib/python3.12/site-packages/airflow/example_dags/example_time_delta_sensor_async.py
[2024-09-01T04:41:27.426+0000] {processor.py:914} INFO - Processing file /home/ubuntu/airflow_snow/lib/python3.12/site-packages/airflow/example_dags/example_time_delta_sensor_async.py for tasks to queue
[2024-09-01T04:41:27.428+0000] {logging_mixin.py:190} INFO - [2024-09-01T04:41:27.428+0000] {dagbag.py:587} INFO - Filling up the DagBag from /home/ubuntu/airflow_snow/lib/python3.12/site-packages/airflow/example_dags/example_time_delta_sensor_async.py
[2024-09-01T04:41:27.435+0000] {processor.py:925} INFO - DAG(s) 'example_time_delta_sensor_async' retrieved from /home/ubuntu/airflow_snow/lib/python3.12/site-packages/airflow/example_dags/example_time_delta_sensor_async.py
[2024-09-01T04:41:27.449+0000] {logging_mixin.py:190} INFO - [2024-09-01T04:41:27.449+0000] {dag.py:3211} INFO - Sync 1 DAGs
[2024-09-01T04:41:27.461+0000] {logging_mixin.py:190} INFO - [2024-09-01T04:41:27.460+0000] {dag.py:4138} INFO - Setting next_dagrun for example_time_delta_sensor_async to None, run_after=None
[2024-09-01T04:41:27.483+0000] {processor.py:208} INFO - Processing /home/ubuntu/airflow_snow/lib/python3.12/site-packages/airflow/example_dags/example_time_delta_sensor_async.py took 0.065 seconds
[2024-09-01T04:42:17.151+0000] {processor.py:186} INFO - Started process (PID=2999) to work on /home/ubuntu/airflow_snow/lib/python3.12/site-packages/airflow/example_dags/example_time_delta_sensor_async.py
[2024-09-01T04:42:17.153+0000] {processor.py:914} INFO - Processing file /home/ubuntu/airflow_snow/lib/python3.12/site-packages/airflow/example_dags/example_time_delta_sensor_async.py for tasks to queue
[2024-09-01T04:42:17.154+0000] {logging_mixin.py:190} INFO - [2024-09-01T04:42:17.154+0000] {dagbag.py:587} INFO - Filling up the DagBag from /home/ubuntu/airflow_snow/lib/python3.12/site-packages/airflow/example_dags/example_time_delta_sensor_async.py
[2024-09-01T04:42:17.162+0000] {processor.py:925} INFO - DAG(s) 'example_time_delta_sensor_async' retrieved from /home/ubuntu/airflow_snow/lib/python3.12/site-packages/airflow/example_dags/example_time_delta_sensor_async.py
[2024-09-01T04:42:17.176+0000] {logging_mixin.py:190} INFO - [2024-09-01T04:42:17.176+0000] {dag.py:3211} INFO - Sync 1 DAGs
[2024-09-01T04:42:17.187+0000] {logging_mixin.py:190} INFO - [2024-09-01T04:42:17.187+0000] {dag.py:4138} INFO - Setting next_dagrun for example_time_delta_sensor_async to None, run_after=None
[2024-09-01T04:42:17.211+0000] {processor.py:208} INFO - Processing /home/ubuntu/airflow_snow/lib/python3.12/site-packages/airflow/example_dags/example_time_delta_sensor_async.py took 0.065 seconds
[2024-09-01T04:43:07.594+0000] {processor.py:186} INFO - Started process (PID=3050) to work on /home/ubuntu/airflow_snow/lib/python3.12/site-packages/airflow/example_dags/example_time_delta_sensor_async.py
[2024-09-01T04:43:07.596+0000] {processor.py:914} INFO - Processing file /home/ubuntu/airflow_snow/lib/python3.12/site-packages/airflow/example_dags/example_time_delta_sensor_async.py for tasks to queue
[2024-09-01T04:43:07.598+0000] {logging_mixin.py:190} INFO - [2024-09-01T04:43:07.597+0000] {dagbag.py:587} INFO - Filling up the DagBag from /home/ubuntu/airflow_snow/lib/python3.12/site-packages/airflow/example_dags/example_time_delta_sensor_async.py
[2024-09-01T04:43:07.605+0000] {processor.py:925} INFO - DAG(s) 'example_time_delta_sensor_async' retrieved from /home/ubuntu/airflow_snow/lib/python3.12/site-packages/airflow/example_dags/example_time_delta_sensor_async.py
[2024-09-01T04:43:07.618+0000] {logging_mixin.py:190} INFO - [2024-09-01T04:43:07.618+0000] {dag.py:3211} INFO - Sync 1 DAGs
[2024-09-01T04:43:07.630+0000] {logging_mixin.py:190} INFO - [2024-09-01T04:43:07.630+0000] {dag.py:4138} INFO - Setting next_dagrun for example_time_delta_sensor_async to None, run_after=None
[2024-09-01T04:43:07.651+0000] {processor.py:208} INFO - Processing /home/ubuntu/airflow_snow/lib/python3.12/site-packages/airflow/example_dags/example_time_delta_sensor_async.py took 0.062 seconds
[2024-09-01T04:43:55.669+0000] {processor.py:186} INFO - Started process (PID=3100) to work on /home/ubuntu/airflow_snow/lib/python3.12/site-packages/airflow/example_dags/example_time_delta_sensor_async.py
[2024-09-01T04:43:55.673+0000] {processor.py:914} INFO - Processing file /home/ubuntu/airflow_snow/lib/python3.12/site-packages/airflow/example_dags/example_time_delta_sensor_async.py for tasks to queue
[2024-09-01T04:43:55.675+0000] {logging_mixin.py:190} INFO - [2024-09-01T04:43:55.674+0000] {dagbag.py:587} INFO - Filling up the DagBag from /home/ubuntu/airflow_snow/lib/python3.12/site-packages/airflow/example_dags/example_time_delta_sensor_async.py
[2024-09-01T04:43:55.681+0000] {processor.py:925} INFO - DAG(s) 'example_time_delta_sensor_async' retrieved from /home/ubuntu/airflow_snow/lib/python3.12/site-packages/airflow/example_dags/example_time_delta_sensor_async.py
[2024-09-01T04:43:55.695+0000] {logging_mixin.py:190} INFO - [2024-09-01T04:43:55.695+0000] {dag.py:3211} INFO - Sync 1 DAGs
[2024-09-01T04:43:55.707+0000] {logging_mixin.py:190} INFO - [2024-09-01T04:43:55.707+0000] {dag.py:4138} INFO - Setting next_dagrun for example_time_delta_sensor_async to None, run_after=None
[2024-09-01T04:43:55.731+0000] {processor.py:208} INFO - Processing /home/ubuntu/airflow_snow/lib/python3.12/site-packages/airflow/example_dags/example_time_delta_sensor_async.py took 0.066 seconds
[2024-09-01T04:44:46.075+0000] {processor.py:186} INFO - Started process (PID=3156) to work on /home/ubuntu/airflow_snow/lib/python3.12/site-packages/airflow/example_dags/example_time_delta_sensor_async.py
[2024-09-01T04:44:46.077+0000] {processor.py:914} INFO - Processing file /home/ubuntu/airflow_snow/lib/python3.12/site-packages/airflow/example_dags/example_time_delta_sensor_async.py for tasks to queue
[2024-09-01T04:44:46.079+0000] {logging_mixin.py:190} INFO - [2024-09-01T04:44:46.078+0000] {dagbag.py:587} INFO - Filling up the DagBag from /home/ubuntu/airflow_snow/lib/python3.12/site-packages/airflow/example_dags/example_time_delta_sensor_async.py
[2024-09-01T04:44:46.086+0000] {processor.py:925} INFO - DAG(s) 'example_time_delta_sensor_async' retrieved from /home/ubuntu/airflow_snow/lib/python3.12/site-packages/airflow/example_dags/example_time_delta_sensor_async.py
[2024-09-01T04:44:46.099+0000] {logging_mixin.py:190} INFO - [2024-09-01T04:44:46.099+0000] {dag.py:3211} INFO - Sync 1 DAGs
[2024-09-01T04:44:46.110+0000] {logging_mixin.py:190} INFO - [2024-09-01T04:44:46.110+0000] {dag.py:4138} INFO - Setting next_dagrun for example_time_delta_sensor_async to None, run_after=None
[2024-09-01T04:44:46.133+0000] {processor.py:208} INFO - Processing /home/ubuntu/airflow_snow/lib/python3.12/site-packages/airflow/example_dags/example_time_delta_sensor_async.py took 0.064 seconds
[2024-09-01T04:45:32.656+0000] {processor.py:186} INFO - Started process (PID=3211) to work on /home/ubuntu/airflow_snow/lib/python3.12/site-packages/airflow/example_dags/example_time_delta_sensor_async.py
[2024-09-01T04:45:32.658+0000] {processor.py:914} INFO - Processing file /home/ubuntu/airflow_snow/lib/python3.12/site-packages/airflow/example_dags/example_time_delta_sensor_async.py for tasks to queue
[2024-09-01T04:45:32.660+0000] {logging_mixin.py:190} INFO - [2024-09-01T04:45:32.659+0000] {dagbag.py:587} INFO - Filling up the DagBag from /home/ubuntu/airflow_snow/lib/python3.12/site-packages/airflow/example_dags/example_time_delta_sensor_async.py
[2024-09-01T04:45:32.667+0000] {processor.py:925} INFO - DAG(s) 'example_time_delta_sensor_async' retrieved from /home/ubuntu/airflow_snow/lib/python3.12/site-packages/airflow/example_dags/example_time_delta_sensor_async.py
[2024-09-01T04:45:32.680+0000] {logging_mixin.py:190} INFO - [2024-09-01T04:45:32.679+0000] {dag.py:3211} INFO - Sync 1 DAGs
[2024-09-01T04:45:32.691+0000] {logging_mixin.py:190} INFO - [2024-09-01T04:45:32.691+0000] {dag.py:4138} INFO - Setting next_dagrun for example_time_delta_sensor_async to None, run_after=None
[2024-09-01T04:45:32.718+0000] {processor.py:208} INFO - Processing /home/ubuntu/airflow_snow/lib/python3.12/site-packages/airflow/example_dags/example_time_delta_sensor_async.py took 0.067 seconds
[2024-09-01T04:46:19.655+0000] {processor.py:186} INFO - Started process (PID=3259) to work on /home/ubuntu/airflow_snow/lib/python3.12/site-packages/airflow/example_dags/example_time_delta_sensor_async.py
[2024-09-01T04:46:19.656+0000] {processor.py:914} INFO - Processing file /home/ubuntu/airflow_snow/lib/python3.12/site-packages/airflow/example_dags/example_time_delta_sensor_async.py for tasks to queue
[2024-09-01T04:46:19.659+0000] {logging_mixin.py:190} INFO - [2024-09-01T04:46:19.658+0000] {dagbag.py:587} INFO - Filling up the DagBag from /home/ubuntu/airflow_snow/lib/python3.12/site-packages/airflow/example_dags/example_time_delta_sensor_async.py
[2024-09-01T04:46:19.665+0000] {processor.py:925} INFO - DAG(s) 'example_time_delta_sensor_async' retrieved from /home/ubuntu/airflow_snow/lib/python3.12/site-packages/airflow/example_dags/example_time_delta_sensor_async.py
[2024-09-01T04:46:19.679+0000] {logging_mixin.py:190} INFO - [2024-09-01T04:46:19.679+0000] {dag.py:3211} INFO - Sync 1 DAGs
[2024-09-01T04:46:19.691+0000] {logging_mixin.py:190} INFO - [2024-09-01T04:46:19.691+0000] {dag.py:4138} INFO - Setting next_dagrun for example_time_delta_sensor_async to None, run_after=None
[2024-09-01T04:46:19.716+0000] {processor.py:208} INFO - Processing /home/ubuntu/airflow_snow/lib/python3.12/site-packages/airflow/example_dags/example_time_delta_sensor_async.py took 0.067 seconds
[2024-09-01T04:47:08.310+0000] {processor.py:186} INFO - Started process (PID=3309) to work on /home/ubuntu/airflow_snow/lib/python3.12/site-packages/airflow/example_dags/example_time_delta_sensor_async.py
[2024-09-01T04:47:08.313+0000] {processor.py:914} INFO - Processing file /home/ubuntu/airflow_snow/lib/python3.12/site-packages/airflow/example_dags/example_time_delta_sensor_async.py for tasks to queue
[2024-09-01T04:47:08.314+0000] {logging_mixin.py:190} INFO - [2024-09-01T04:47:08.314+0000] {dagbag.py:587} INFO - Filling up the DagBag from /home/ubuntu/airflow_snow/lib/python3.12/site-packages/airflow/example_dags/example_time_delta_sensor_async.py
[2024-09-01T04:47:08.321+0000] {processor.py:925} INFO - DAG(s) 'example_time_delta_sensor_async' retrieved from /home/ubuntu/airflow_snow/lib/python3.12/site-packages/airflow/example_dags/example_time_delta_sensor_async.py
[2024-09-01T04:47:08.334+0000] {logging_mixin.py:190} INFO - [2024-09-01T04:47:08.334+0000] {dag.py:3211} INFO - Sync 1 DAGs
[2024-09-01T04:47:08.346+0000] {logging_mixin.py:190} INFO - [2024-09-01T04:47:08.346+0000] {dag.py:4138} INFO - Setting next_dagrun for example_time_delta_sensor_async to None, run_after=None
[2024-09-01T04:47:08.367+0000] {processor.py:208} INFO - Processing /home/ubuntu/airflow_snow/lib/python3.12/site-packages/airflow/example_dags/example_time_delta_sensor_async.py took 0.062 seconds
[2024-09-01T04:47:56.835+0000] {processor.py:186} INFO - Started process (PID=3360) to work on /home/ubuntu/airflow_snow/lib/python3.12/site-packages/airflow/example_dags/example_time_delta_sensor_async.py
[2024-09-01T04:47:56.837+0000] {processor.py:914} INFO - Processing file /home/ubuntu/airflow_snow/lib/python3.12/site-packages/airflow/example_dags/example_time_delta_sensor_async.py for tasks to queue
[2024-09-01T04:47:56.838+0000] {logging_mixin.py:190} INFO - [2024-09-01T04:47:56.838+0000] {dagbag.py:587} INFO - Filling up the DagBag from /home/ubuntu/airflow_snow/lib/python3.12/site-packages/airflow/example_dags/example_time_delta_sensor_async.py
[2024-09-01T04:47:56.845+0000] {processor.py:925} INFO - DAG(s) 'example_time_delta_sensor_async' retrieved from /home/ubuntu/airflow_snow/lib/python3.12/site-packages/airflow/example_dags/example_time_delta_sensor_async.py
[2024-09-01T04:47:56.859+0000] {logging_mixin.py:190} INFO - [2024-09-01T04:47:56.859+0000] {dag.py:3211} INFO - Sync 1 DAGs
[2024-09-01T04:47:56.869+0000] {logging_mixin.py:190} INFO - [2024-09-01T04:47:56.869+0000] {dag.py:4138} INFO - Setting next_dagrun for example_time_delta_sensor_async to None, run_after=None
[2024-09-01T04:47:56.894+0000] {processor.py:208} INFO - Processing /home/ubuntu/airflow_snow/lib/python3.12/site-packages/airflow/example_dags/example_time_delta_sensor_async.py took 0.065 seconds
[2024-09-01T04:48:45.083+0000] {processor.py:186} INFO - Started process (PID=3411) to work on /home/ubuntu/airflow_snow/lib/python3.12/site-packages/airflow/example_dags/example_time_delta_sensor_async.py
[2024-09-01T04:48:45.085+0000] {processor.py:914} INFO - Processing file /home/ubuntu/airflow_snow/lib/python3.12/site-packages/airflow/example_dags/example_time_delta_sensor_async.py for tasks to queue
[2024-09-01T04:48:45.086+0000] {logging_mixin.py:190} INFO - [2024-09-01T04:48:45.086+0000] {dagbag.py:587} INFO - Filling up the DagBag from /home/ubuntu/airflow_snow/lib/python3.12/site-packages/airflow/example_dags/example_time_delta_sensor_async.py
[2024-09-01T04:48:45.093+0000] {processor.py:925} INFO - DAG(s) 'example_time_delta_sensor_async' retrieved from /home/ubuntu/airflow_snow/lib/python3.12/site-packages/airflow/example_dags/example_time_delta_sensor_async.py
[2024-09-01T04:48:45.107+0000] {logging_mixin.py:190} INFO - [2024-09-01T04:48:45.107+0000] {dag.py:3211} INFO - Sync 1 DAGs
[2024-09-01T04:48:45.118+0000] {logging_mixin.py:190} INFO - [2024-09-01T04:48:45.118+0000] {dag.py:4138} INFO - Setting next_dagrun for example_time_delta_sensor_async to None, run_after=None
[2024-09-01T04:48:45.140+0000] {processor.py:208} INFO - Processing /home/ubuntu/airflow_snow/lib/python3.12/site-packages/airflow/example_dags/example_time_delta_sensor_async.py took 0.063 seconds
[2024-09-01T04:49:33.908+0000] {processor.py:186} INFO - Started process (PID=3461) to work on /home/ubuntu/airflow_snow/lib/python3.12/site-packages/airflow/example_dags/example_time_delta_sensor_async.py
[2024-09-01T04:49:33.910+0000] {processor.py:914} INFO - Processing file /home/ubuntu/airflow_snow/lib/python3.12/site-packages/airflow/example_dags/example_time_delta_sensor_async.py for tasks to queue
[2024-09-01T04:49:33.912+0000] {logging_mixin.py:190} INFO - [2024-09-01T04:49:33.911+0000] {dagbag.py:587} INFO - Filling up the DagBag from /home/ubuntu/airflow_snow/lib/python3.12/site-packages/airflow/example_dags/example_time_delta_sensor_async.py
[2024-09-01T04:49:33.919+0000] {processor.py:925} INFO - DAG(s) 'example_time_delta_sensor_async' retrieved from /home/ubuntu/airflow_snow/lib/python3.12/site-packages/airflow/example_dags/example_time_delta_sensor_async.py
[2024-09-01T04:49:33.932+0000] {logging_mixin.py:190} INFO - [2024-09-01T04:49:33.932+0000] {dag.py:3211} INFO - Sync 1 DAGs
[2024-09-01T04:49:33.943+0000] {logging_mixin.py:190} INFO - [2024-09-01T04:49:33.943+0000] {dag.py:4138} INFO - Setting next_dagrun for example_time_delta_sensor_async to None, run_after=None
[2024-09-01T04:49:33.965+0000] {processor.py:208} INFO - Processing /home/ubuntu/airflow_snow/lib/python3.12/site-packages/airflow/example_dags/example_time_delta_sensor_async.py took 0.062 seconds
[2024-09-01T04:50:17.542+0000] {processor.py:186} INFO - Started process (PID=3509) to work on /home/ubuntu/airflow_snow/lib/python3.12/site-packages/airflow/example_dags/example_time_delta_sensor_async.py
[2024-09-01T04:50:17.543+0000] {processor.py:914} INFO - Processing file /home/ubuntu/airflow_snow/lib/python3.12/site-packages/airflow/example_dags/example_time_delta_sensor_async.py for tasks to queue
[2024-09-01T04:50:17.545+0000] {logging_mixin.py:190} INFO - [2024-09-01T04:50:17.545+0000] {dagbag.py:587} INFO - Filling up the DagBag from /home/ubuntu/airflow_snow/lib/python3.12/site-packages/airflow/example_dags/example_time_delta_sensor_async.py
[2024-09-01T04:50:17.551+0000] {processor.py:925} INFO - DAG(s) 'example_time_delta_sensor_async' retrieved from /home/ubuntu/airflow_snow/lib/python3.12/site-packages/airflow/example_dags/example_time_delta_sensor_async.py
[2024-09-01T04:50:17.566+0000] {logging_mixin.py:190} INFO - [2024-09-01T04:50:17.566+0000] {dag.py:3211} INFO - Sync 1 DAGs
[2024-09-01T04:50:17.578+0000] {logging_mixin.py:190} INFO - [2024-09-01T04:50:17.578+0000] {dag.py:4138} INFO - Setting next_dagrun for example_time_delta_sensor_async to None, run_after=None
[2024-09-01T04:50:17.602+0000] {processor.py:208} INFO - Processing /home/ubuntu/airflow_snow/lib/python3.12/site-packages/airflow/example_dags/example_time_delta_sensor_async.py took 0.065 seconds
[2024-09-01T04:51:02.739+0000] {processor.py:186} INFO - Started process (PID=3561) to work on /home/ubuntu/airflow_snow/lib/python3.12/site-packages/airflow/example_dags/example_time_delta_sensor_async.py
[2024-09-01T04:51:02.741+0000] {processor.py:914} INFO - Processing file /home/ubuntu/airflow_snow/lib/python3.12/site-packages/airflow/example_dags/example_time_delta_sensor_async.py for tasks to queue
[2024-09-01T04:51:02.743+0000] {logging_mixin.py:190} INFO - [2024-09-01T04:51:02.742+0000] {dagbag.py:587} INFO - Filling up the DagBag from /home/ubuntu/airflow_snow/lib/python3.12/site-packages/airflow/example_dags/example_time_delta_sensor_async.py
[2024-09-01T04:51:02.750+0000] {processor.py:925} INFO - DAG(s) 'example_time_delta_sensor_async' retrieved from /home/ubuntu/airflow_snow/lib/python3.12/site-packages/airflow/example_dags/example_time_delta_sensor_async.py
[2024-09-01T04:51:02.763+0000] {logging_mixin.py:190} INFO - [2024-09-01T04:51:02.763+0000] {dag.py:3211} INFO - Sync 1 DAGs
[2024-09-01T04:51:02.775+0000] {logging_mixin.py:190} INFO - [2024-09-01T04:51:02.775+0000] {dag.py:4138} INFO - Setting next_dagrun for example_time_delta_sensor_async to None, run_after=None
[2024-09-01T04:51:02.799+0000] {processor.py:208} INFO - Processing /home/ubuntu/airflow_snow/lib/python3.12/site-packages/airflow/example_dags/example_time_delta_sensor_async.py took 0.065 seconds
[2024-09-01T04:51:54.129+0000] {processor.py:186} INFO - Started process (PID=3614) to work on /home/ubuntu/airflow_snow/lib/python3.12/site-packages/airflow/example_dags/example_time_delta_sensor_async.py
[2024-09-01T04:51:54.130+0000] {processor.py:914} INFO - Processing file /home/ubuntu/airflow_snow/lib/python3.12/site-packages/airflow/example_dags/example_time_delta_sensor_async.py for tasks to queue
[2024-09-01T04:51:54.132+0000] {logging_mixin.py:190} INFO - [2024-09-01T04:51:54.132+0000] {dagbag.py:587} INFO - Filling up the DagBag from /home/ubuntu/airflow_snow/lib/python3.12/site-packages/airflow/example_dags/example_time_delta_sensor_async.py
[2024-09-01T04:51:54.139+0000] {processor.py:925} INFO - DAG(s) 'example_time_delta_sensor_async' retrieved from /home/ubuntu/airflow_snow/lib/python3.12/site-packages/airflow/example_dags/example_time_delta_sensor_async.py
[2024-09-01T04:51:54.153+0000] {logging_mixin.py:190} INFO - [2024-09-01T04:51:54.153+0000] {dag.py:3211} INFO - Sync 1 DAGs
[2024-09-01T04:51:54.164+0000] {logging_mixin.py:190} INFO - [2024-09-01T04:51:54.164+0000] {dag.py:4138} INFO - Setting next_dagrun for example_time_delta_sensor_async to None, run_after=None
[2024-09-01T04:51:54.186+0000] {processor.py:208} INFO - Processing /home/ubuntu/airflow_snow/lib/python3.12/site-packages/airflow/example_dags/example_time_delta_sensor_async.py took 0.063 seconds
[2024-09-01T04:52:43.840+0000] {processor.py:186} INFO - Started process (PID=3664) to work on /home/ubuntu/airflow_snow/lib/python3.12/site-packages/airflow/example_dags/example_time_delta_sensor_async.py
[2024-09-01T04:52:43.842+0000] {processor.py:914} INFO - Processing file /home/ubuntu/airflow_snow/lib/python3.12/site-packages/airflow/example_dags/example_time_delta_sensor_async.py for tasks to queue
[2024-09-01T04:52:43.844+0000] {logging_mixin.py:190} INFO - [2024-09-01T04:52:43.844+0000] {dagbag.py:587} INFO - Filling up the DagBag from /home/ubuntu/airflow_snow/lib/python3.12/site-packages/airflow/example_dags/example_time_delta_sensor_async.py
[2024-09-01T04:52:43.849+0000] {processor.py:925} INFO - DAG(s) 'example_time_delta_sensor_async' retrieved from /home/ubuntu/airflow_snow/lib/python3.12/site-packages/airflow/example_dags/example_time_delta_sensor_async.py
[2024-09-01T04:52:43.864+0000] {logging_mixin.py:190} INFO - [2024-09-01T04:52:43.864+0000] {dag.py:3211} INFO - Sync 1 DAGs
[2024-09-01T04:52:43.874+0000] {logging_mixin.py:190} INFO - [2024-09-01T04:52:43.874+0000] {dag.py:4138} INFO - Setting next_dagrun for example_time_delta_sensor_async to None, run_after=None
[2024-09-01T04:52:43.896+0000] {processor.py:208} INFO - Processing /home/ubuntu/airflow_snow/lib/python3.12/site-packages/airflow/example_dags/example_time_delta_sensor_async.py took 0.061 seconds
