[2024-09-01T04:29:19.863+0000] {processor.py:186} INFO - Started process (PID=2192) to work on /home/ubuntu/airflow_snow/lib/python3.12/site-packages/airflow/example_dags/example_branch_labels.py
[2024-09-01T04:29:19.865+0000] {processor.py:914} INFO - Processing file /home/ubuntu/airflow_snow/lib/python3.12/site-packages/airflow/example_dags/example_branch_labels.py for tasks to queue
[2024-09-01T04:29:19.867+0000] {logging_mixin.py:190} INFO - [2024-09-01T04:29:19.866+0000] {dagbag.py:587} INFO - Filling up the DagBag from /home/ubuntu/airflow_snow/lib/python3.12/site-packages/airflow/example_dags/example_branch_labels.py
[2024-09-01T04:29:19.875+0000] {processor.py:925} INFO - DAG(s) 'example_branch_labels' retrieved from /home/ubuntu/airflow_snow/lib/python3.12/site-packages/airflow/example_dags/example_branch_labels.py
[2024-09-01T04:29:19.977+0000] {logging_mixin.py:190} INFO - [2024-09-01T04:29:19.976+0000] {override.py:1900} INFO - Created Permission View: can delete on DAG:example_branch_labels
[2024-09-01T04:29:19.991+0000] {logging_mixin.py:190} INFO - [2024-09-01T04:29:19.991+0000] {override.py:1900} INFO - Created Permission View: can read on DAG:example_branch_labels
[2024-09-01T04:29:20.001+0000] {logging_mixin.py:190} INFO - [2024-09-01T04:29:20.001+0000] {override.py:1900} INFO - Created Permission View: can edit on DAG:example_branch_labels
[2024-09-01T04:29:20.020+0000] {logging_mixin.py:190} INFO - [2024-09-01T04:29:20.019+0000] {override.py:1900} INFO - Created Permission View: menu access on DAG Run:example_branch_labels
[2024-09-01T04:29:20.030+0000] {logging_mixin.py:190} INFO - [2024-09-01T04:29:20.030+0000] {override.py:1900} INFO - Created Permission View: can create on DAG Run:example_branch_labels
[2024-09-01T04:29:20.041+0000] {logging_mixin.py:190} INFO - [2024-09-01T04:29:20.041+0000] {override.py:1900} INFO - Created Permission View: can read on DAG Run:example_branch_labels
[2024-09-01T04:29:20.050+0000] {logging_mixin.py:190} INFO - [2024-09-01T04:29:20.050+0000] {override.py:1900} INFO - Created Permission View: can delete on DAG Run:example_branch_labels
[2024-09-01T04:29:20.050+0000] {logging_mixin.py:190} INFO - [2024-09-01T04:29:20.050+0000] {dag.py:3211} INFO - Sync 1 DAGs
[2024-09-01T04:29:20.061+0000] {logging_mixin.py:190} INFO - [2024-09-01T04:29:20.061+0000] {dag.py:3234} INFO - Creating ORM DAG for example_branch_labels
[2024-09-01T04:29:20.070+0000] {logging_mixin.py:190} INFO - [2024-09-01T04:29:20.069+0000] {dag.py:4138} INFO - Setting next_dagrun for example_branch_labels to 2024-08-31 00:00:00+00:00, run_after=2024-09-01 00:00:00+00:00
[2024-09-01T04:29:20.092+0000] {processor.py:208} INFO - Processing /home/ubuntu/airflow_snow/lib/python3.12/site-packages/airflow/example_dags/example_branch_labels.py took 0.233 seconds
[2024-09-01T04:30:17.592+0000] {processor.py:186} INFO - Started process (PID=2250) to work on /home/ubuntu/airflow_snow/lib/python3.12/site-packages/airflow/example_dags/example_branch_labels.py
[2024-09-01T04:30:17.593+0000] {processor.py:914} INFO - Processing file /home/ubuntu/airflow_snow/lib/python3.12/site-packages/airflow/example_dags/example_branch_labels.py for tasks to queue
[2024-09-01T04:30:17.595+0000] {logging_mixin.py:190} INFO - [2024-09-01T04:30:17.595+0000] {dagbag.py:587} INFO - Filling up the DagBag from /home/ubuntu/airflow_snow/lib/python3.12/site-packages/airflow/example_dags/example_branch_labels.py
[2024-09-01T04:30:17.604+0000] {processor.py:925} INFO - DAG(s) 'example_branch_labels' retrieved from /home/ubuntu/airflow_snow/lib/python3.12/site-packages/airflow/example_dags/example_branch_labels.py
[2024-09-01T04:30:17.620+0000] {logging_mixin.py:190} INFO - [2024-09-01T04:30:17.619+0000] {dag.py:3211} INFO - Sync 1 DAGs
[2024-09-01T04:30:17.638+0000] {logging_mixin.py:190} INFO - [2024-09-01T04:30:17.638+0000] {dag.py:4138} INFO - Setting next_dagrun for example_branch_labels to 2024-08-31 00:00:00+00:00, run_after=2024-09-01 00:00:00+00:00
[2024-09-01T04:30:17.661+0000] {processor.py:208} INFO - Processing /home/ubuntu/airflow_snow/lib/python3.12/site-packages/airflow/example_dags/example_branch_labels.py took 0.074 seconds
[2024-09-01T04:31:12.674+0000] {processor.py:186} INFO - Started process (PID=2311) to work on /home/ubuntu/airflow_snow/lib/python3.12/site-packages/airflow/example_dags/example_branch_labels.py
[2024-09-01T04:31:12.676+0000] {processor.py:914} INFO - Processing file /home/ubuntu/airflow_snow/lib/python3.12/site-packages/airflow/example_dags/example_branch_labels.py for tasks to queue
[2024-09-01T04:31:12.677+0000] {logging_mixin.py:190} INFO - [2024-09-01T04:31:12.677+0000] {dagbag.py:587} INFO - Filling up the DagBag from /home/ubuntu/airflow_snow/lib/python3.12/site-packages/airflow/example_dags/example_branch_labels.py
[2024-09-01T04:31:12.687+0000] {processor.py:925} INFO - DAG(s) 'example_branch_labels' retrieved from /home/ubuntu/airflow_snow/lib/python3.12/site-packages/airflow/example_dags/example_branch_labels.py
[2024-09-01T04:31:12.701+0000] {logging_mixin.py:190} INFO - [2024-09-01T04:31:12.701+0000] {dag.py:3211} INFO - Sync 1 DAGs
[2024-09-01T04:31:12.719+0000] {logging_mixin.py:190} INFO - [2024-09-01T04:31:12.719+0000] {dag.py:4138} INFO - Setting next_dagrun for example_branch_labels to 2024-08-31 00:00:00+00:00, run_after=2024-09-01 00:00:00+00:00
[2024-09-01T04:31:12.740+0000] {processor.py:208} INFO - Processing /home/ubuntu/airflow_snow/lib/python3.12/site-packages/airflow/example_dags/example_branch_labels.py took 0.070 seconds
[2024-09-01T04:32:23.620+0000] {processor.py:186} INFO - Started process (PID=2386) to work on /home/ubuntu/airflow_snow/lib/python3.12/site-packages/airflow/example_dags/example_branch_labels.py
[2024-09-01T04:32:23.622+0000] {processor.py:914} INFO - Processing file /home/ubuntu/airflow_snow/lib/python3.12/site-packages/airflow/example_dags/example_branch_labels.py for tasks to queue
[2024-09-01T04:32:23.624+0000] {logging_mixin.py:190} INFO - [2024-09-01T04:32:23.624+0000] {dagbag.py:587} INFO - Filling up the DagBag from /home/ubuntu/airflow_snow/lib/python3.12/site-packages/airflow/example_dags/example_branch_labels.py
[2024-09-01T04:32:23.633+0000] {processor.py:925} INFO - DAG(s) 'example_branch_labels' retrieved from /home/ubuntu/airflow_snow/lib/python3.12/site-packages/airflow/example_dags/example_branch_labels.py
[2024-09-01T04:32:23.647+0000] {logging_mixin.py:190} INFO - [2024-09-01T04:32:23.647+0000] {dag.py:3211} INFO - Sync 1 DAGs
[2024-09-01T04:32:23.667+0000] {logging_mixin.py:190} INFO - [2024-09-01T04:32:23.667+0000] {dag.py:4138} INFO - Setting next_dagrun for example_branch_labels to 2024-08-31 00:00:00+00:00, run_after=2024-09-01 00:00:00+00:00
[2024-09-01T04:32:23.689+0000] {processor.py:208} INFO - Processing /home/ubuntu/airflow_snow/lib/python3.12/site-packages/airflow/example_dags/example_branch_labels.py took 0.075 seconds
[2024-09-01T04:33:37.823+0000] {processor.py:186} INFO - Started process (PID=2461) to work on /home/ubuntu/airflow_snow/lib/python3.12/site-packages/airflow/example_dags/example_branch_labels.py
[2024-09-01T04:33:37.825+0000] {processor.py:914} INFO - Processing file /home/ubuntu/airflow_snow/lib/python3.12/site-packages/airflow/example_dags/example_branch_labels.py for tasks to queue
[2024-09-01T04:33:37.827+0000] {logging_mixin.py:190} INFO - [2024-09-01T04:33:37.827+0000] {dagbag.py:587} INFO - Filling up the DagBag from /home/ubuntu/airflow_snow/lib/python3.12/site-packages/airflow/example_dags/example_branch_labels.py
[2024-09-01T04:33:37.836+0000] {processor.py:925} INFO - DAG(s) 'example_branch_labels' retrieved from /home/ubuntu/airflow_snow/lib/python3.12/site-packages/airflow/example_dags/example_branch_labels.py
[2024-09-01T04:33:37.851+0000] {logging_mixin.py:190} INFO - [2024-09-01T04:33:37.851+0000] {dag.py:3211} INFO - Sync 1 DAGs
[2024-09-01T04:33:37.870+0000] {logging_mixin.py:190} INFO - [2024-09-01T04:33:37.869+0000] {dag.py:4138} INFO - Setting next_dagrun for example_branch_labels to 2024-08-31 00:00:00+00:00, run_after=2024-09-01 00:00:00+00:00
[2024-09-01T04:33:37.891+0000] {processor.py:208} INFO - Processing /home/ubuntu/airflow_snow/lib/python3.12/site-packages/airflow/example_dags/example_branch_labels.py took 0.073 seconds
[2024-09-01T04:34:51.063+0000] {processor.py:186} INFO - Started process (PID=2539) to work on /home/ubuntu/airflow_snow/lib/python3.12/site-packages/airflow/example_dags/example_branch_labels.py
[2024-09-01T04:34:51.065+0000] {processor.py:914} INFO - Processing file /home/ubuntu/airflow_snow/lib/python3.12/site-packages/airflow/example_dags/example_branch_labels.py for tasks to queue
[2024-09-01T04:34:51.066+0000] {logging_mixin.py:190} INFO - [2024-09-01T04:34:51.066+0000] {dagbag.py:587} INFO - Filling up the DagBag from /home/ubuntu/airflow_snow/lib/python3.12/site-packages/airflow/example_dags/example_branch_labels.py
[2024-09-01T04:34:51.075+0000] {processor.py:925} INFO - DAG(s) 'example_branch_labels' retrieved from /home/ubuntu/airflow_snow/lib/python3.12/site-packages/airflow/example_dags/example_branch_labels.py
[2024-09-01T04:34:51.091+0000] {logging_mixin.py:190} INFO - [2024-09-01T04:34:51.090+0000] {dag.py:3211} INFO - Sync 1 DAGs
[2024-09-01T04:34:51.109+0000] {logging_mixin.py:190} INFO - [2024-09-01T04:34:51.109+0000] {dag.py:4138} INFO - Setting next_dagrun for example_branch_labels to 2024-08-31 00:00:00+00:00, run_after=2024-09-01 00:00:00+00:00
[2024-09-01T04:34:51.130+0000] {processor.py:208} INFO - Processing /home/ubuntu/airflow_snow/lib/python3.12/site-packages/airflow/example_dags/example_branch_labels.py took 0.072 seconds
[2024-09-01T04:36:05.411+0000] {processor.py:186} INFO - Started process (PID=2618) to work on /home/ubuntu/airflow_snow/lib/python3.12/site-packages/airflow/example_dags/example_branch_labels.py
[2024-09-01T04:36:05.413+0000] {processor.py:914} INFO - Processing file /home/ubuntu/airflow_snow/lib/python3.12/site-packages/airflow/example_dags/example_branch_labels.py for tasks to queue
[2024-09-01T04:36:05.415+0000] {logging_mixin.py:190} INFO - [2024-09-01T04:36:05.415+0000] {dagbag.py:587} INFO - Filling up the DagBag from /home/ubuntu/airflow_snow/lib/python3.12/site-packages/airflow/example_dags/example_branch_labels.py
[2024-09-01T04:36:05.424+0000] {processor.py:925} INFO - DAG(s) 'example_branch_labels' retrieved from /home/ubuntu/airflow_snow/lib/python3.12/site-packages/airflow/example_dags/example_branch_labels.py
[2024-09-01T04:36:05.439+0000] {logging_mixin.py:190} INFO - [2024-09-01T04:36:05.439+0000] {dag.py:3211} INFO - Sync 1 DAGs
[2024-09-01T04:36:05.458+0000] {logging_mixin.py:190} INFO - [2024-09-01T04:36:05.458+0000] {dag.py:4138} INFO - Setting next_dagrun for example_branch_labels to 2024-08-31 00:00:00+00:00, run_after=2024-09-01 00:00:00+00:00
[2024-09-01T04:36:05.478+0000] {processor.py:208} INFO - Processing /home/ubuntu/airflow_snow/lib/python3.12/site-packages/airflow/example_dags/example_branch_labels.py took 0.072 seconds
[2024-09-01T04:37:01.757+0000] {processor.py:186} INFO - Started process (PID=2674) to work on /home/ubuntu/airflow_snow/lib/python3.12/site-packages/airflow/example_dags/example_branch_labels.py
[2024-09-01T04:37:01.760+0000] {processor.py:914} INFO - Processing file /home/ubuntu/airflow_snow/lib/python3.12/site-packages/airflow/example_dags/example_branch_labels.py for tasks to queue
[2024-09-01T04:37:01.762+0000] {logging_mixin.py:190} INFO - [2024-09-01T04:37:01.762+0000] {dagbag.py:587} INFO - Filling up the DagBag from /home/ubuntu/airflow_snow/lib/python3.12/site-packages/airflow/example_dags/example_branch_labels.py
[2024-09-01T04:37:01.772+0000] {processor.py:925} INFO - DAG(s) 'example_branch_labels' retrieved from /home/ubuntu/airflow_snow/lib/python3.12/site-packages/airflow/example_dags/example_branch_labels.py
[2024-09-01T04:37:01.787+0000] {logging_mixin.py:190} INFO - [2024-09-01T04:37:01.787+0000] {dag.py:3211} INFO - Sync 1 DAGs
[2024-09-01T04:37:01.807+0000] {logging_mixin.py:190} INFO - [2024-09-01T04:37:01.807+0000] {dag.py:4138} INFO - Setting next_dagrun for example_branch_labels to 2024-08-31 00:00:00+00:00, run_after=2024-09-01 00:00:00+00:00
[2024-09-01T04:37:01.830+0000] {processor.py:208} INFO - Processing /home/ubuntu/airflow_snow/lib/python3.12/site-packages/airflow/example_dags/example_branch_labels.py took 0.077 seconds
[2024-09-01T04:38:16.805+0000] {processor.py:186} INFO - Started process (PID=2751) to work on /home/ubuntu/airflow_snow/lib/python3.12/site-packages/airflow/example_dags/example_branch_labels.py
[2024-09-01T04:38:16.807+0000] {processor.py:914} INFO - Processing file /home/ubuntu/airflow_snow/lib/python3.12/site-packages/airflow/example_dags/example_branch_labels.py for tasks to queue
[2024-09-01T04:38:16.810+0000] {logging_mixin.py:190} INFO - [2024-09-01T04:38:16.810+0000] {dagbag.py:587} INFO - Filling up the DagBag from /home/ubuntu/airflow_snow/lib/python3.12/site-packages/airflow/example_dags/example_branch_labels.py
[2024-09-01T04:38:16.819+0000] {processor.py:925} INFO - DAG(s) 'example_branch_labels' retrieved from /home/ubuntu/airflow_snow/lib/python3.12/site-packages/airflow/example_dags/example_branch_labels.py
[2024-09-01T04:38:16.835+0000] {logging_mixin.py:190} INFO - [2024-09-01T04:38:16.834+0000] {dag.py:3211} INFO - Sync 1 DAGs
[2024-09-01T04:38:16.853+0000] {logging_mixin.py:190} INFO - [2024-09-01T04:38:16.852+0000] {dag.py:4138} INFO - Setting next_dagrun for example_branch_labels to 2024-08-31 00:00:00+00:00, run_after=2024-09-01 00:00:00+00:00
[2024-09-01T04:38:16.875+0000] {processor.py:208} INFO - Processing /home/ubuntu/airflow_snow/lib/python3.12/site-packages/airflow/example_dags/example_branch_labels.py took 0.075 seconds
[2024-09-01T04:39:34.267+0000] {processor.py:186} INFO - Started process (PID=2829) to work on /home/ubuntu/airflow_snow/lib/python3.12/site-packages/airflow/example_dags/example_branch_labels.py
[2024-09-01T04:39:34.268+0000] {processor.py:914} INFO - Processing file /home/ubuntu/airflow_snow/lib/python3.12/site-packages/airflow/example_dags/example_branch_labels.py for tasks to queue
[2024-09-01T04:39:34.270+0000] {logging_mixin.py:190} INFO - [2024-09-01T04:39:34.270+0000] {dagbag.py:587} INFO - Filling up the DagBag from /home/ubuntu/airflow_snow/lib/python3.12/site-packages/airflow/example_dags/example_branch_labels.py
[2024-09-01T04:39:34.280+0000] {processor.py:925} INFO - DAG(s) 'example_branch_labels' retrieved from /home/ubuntu/airflow_snow/lib/python3.12/site-packages/airflow/example_dags/example_branch_labels.py
[2024-09-01T04:39:34.295+0000] {logging_mixin.py:190} INFO - [2024-09-01T04:39:34.295+0000] {dag.py:3211} INFO - Sync 1 DAGs
[2024-09-01T04:39:34.314+0000] {logging_mixin.py:190} INFO - [2024-09-01T04:39:34.314+0000] {dag.py:4138} INFO - Setting next_dagrun for example_branch_labels to 2024-08-31 00:00:00+00:00, run_after=2024-09-01 00:00:00+00:00
[2024-09-01T04:39:34.334+0000] {processor.py:208} INFO - Processing /home/ubuntu/airflow_snow/lib/python3.12/site-packages/airflow/example_dags/example_branch_labels.py took 0.072 seconds
[2024-09-01T04:40:52.518+0000] {processor.py:186} INFO - Started process (PID=2912) to work on /home/ubuntu/airflow_snow/lib/python3.12/site-packages/airflow/example_dags/example_branch_labels.py
[2024-09-01T04:40:52.519+0000] {processor.py:914} INFO - Processing file /home/ubuntu/airflow_snow/lib/python3.12/site-packages/airflow/example_dags/example_branch_labels.py for tasks to queue
[2024-09-01T04:40:52.521+0000] {logging_mixin.py:190} INFO - [2024-09-01T04:40:52.521+0000] {dagbag.py:587} INFO - Filling up the DagBag from /home/ubuntu/airflow_snow/lib/python3.12/site-packages/airflow/example_dags/example_branch_labels.py
[2024-09-01T04:40:52.531+0000] {processor.py:925} INFO - DAG(s) 'example_branch_labels' retrieved from /home/ubuntu/airflow_snow/lib/python3.12/site-packages/airflow/example_dags/example_branch_labels.py
[2024-09-01T04:40:52.547+0000] {logging_mixin.py:190} INFO - [2024-09-01T04:40:52.547+0000] {dag.py:3211} INFO - Sync 1 DAGs
[2024-09-01T04:40:52.565+0000] {logging_mixin.py:190} INFO - [2024-09-01T04:40:52.565+0000] {dag.py:4138} INFO - Setting next_dagrun for example_branch_labels to 2024-08-31 00:00:00+00:00, run_after=2024-09-01 00:00:00+00:00
[2024-09-01T04:40:52.586+0000] {processor.py:208} INFO - Processing /home/ubuntu/airflow_snow/lib/python3.12/site-packages/airflow/example_dags/example_branch_labels.py took 0.075 seconds
[2024-09-01T04:42:07.448+0000] {processor.py:186} INFO - Started process (PID=2989) to work on /home/ubuntu/airflow_snow/lib/python3.12/site-packages/airflow/example_dags/example_branch_labels.py
[2024-09-01T04:42:07.450+0000] {processor.py:914} INFO - Processing file /home/ubuntu/airflow_snow/lib/python3.12/site-packages/airflow/example_dags/example_branch_labels.py for tasks to queue
[2024-09-01T04:42:07.451+0000] {logging_mixin.py:190} INFO - [2024-09-01T04:42:07.451+0000] {dagbag.py:587} INFO - Filling up the DagBag from /home/ubuntu/airflow_snow/lib/python3.12/site-packages/airflow/example_dags/example_branch_labels.py
[2024-09-01T04:42:07.462+0000] {processor.py:925} INFO - DAG(s) 'example_branch_labels' retrieved from /home/ubuntu/airflow_snow/lib/python3.12/site-packages/airflow/example_dags/example_branch_labels.py
[2024-09-01T04:42:07.476+0000] {logging_mixin.py:190} INFO - [2024-09-01T04:42:07.476+0000] {dag.py:3211} INFO - Sync 1 DAGs
[2024-09-01T04:42:07.495+0000] {logging_mixin.py:190} INFO - [2024-09-01T04:42:07.495+0000] {dag.py:4138} INFO - Setting next_dagrun for example_branch_labels to 2024-08-31 00:00:00+00:00, run_after=2024-09-01 00:00:00+00:00
[2024-09-01T04:42:07.517+0000] {processor.py:208} INFO - Processing /home/ubuntu/airflow_snow/lib/python3.12/site-packages/airflow/example_dags/example_branch_labels.py took 0.074 seconds
[2024-09-01T04:43:22.174+0000] {processor.py:186} INFO - Started process (PID=3066) to work on /home/ubuntu/airflow_snow/lib/python3.12/site-packages/airflow/example_dags/example_branch_labels.py
[2024-09-01T04:43:22.176+0000] {processor.py:914} INFO - Processing file /home/ubuntu/airflow_snow/lib/python3.12/site-packages/airflow/example_dags/example_branch_labels.py for tasks to queue
[2024-09-01T04:43:22.178+0000] {logging_mixin.py:190} INFO - [2024-09-01T04:43:22.178+0000] {dagbag.py:587} INFO - Filling up the DagBag from /home/ubuntu/airflow_snow/lib/python3.12/site-packages/airflow/example_dags/example_branch_labels.py
[2024-09-01T04:43:22.187+0000] {processor.py:925} INFO - DAG(s) 'example_branch_labels' retrieved from /home/ubuntu/airflow_snow/lib/python3.12/site-packages/airflow/example_dags/example_branch_labels.py
[2024-09-01T04:43:22.202+0000] {logging_mixin.py:190} INFO - [2024-09-01T04:43:22.202+0000] {dag.py:3211} INFO - Sync 1 DAGs
[2024-09-01T04:43:22.221+0000] {logging_mixin.py:190} INFO - [2024-09-01T04:43:22.221+0000] {dag.py:4138} INFO - Setting next_dagrun for example_branch_labels to 2024-08-31 00:00:00+00:00, run_after=2024-09-01 00:00:00+00:00
[2024-09-01T04:43:22.241+0000] {processor.py:208} INFO - Processing /home/ubuntu/airflow_snow/lib/python3.12/site-packages/airflow/example_dags/example_branch_labels.py took 0.072 seconds
[2024-09-01T04:44:36.582+0000] {processor.py:186} INFO - Started process (PID=3146) to work on /home/ubuntu/airflow_snow/lib/python3.12/site-packages/airflow/example_dags/example_branch_labels.py
[2024-09-01T04:44:36.584+0000] {processor.py:914} INFO - Processing file /home/ubuntu/airflow_snow/lib/python3.12/site-packages/airflow/example_dags/example_branch_labels.py for tasks to queue
[2024-09-01T04:44:36.586+0000] {logging_mixin.py:190} INFO - [2024-09-01T04:44:36.586+0000] {dagbag.py:587} INFO - Filling up the DagBag from /home/ubuntu/airflow_snow/lib/python3.12/site-packages/airflow/example_dags/example_branch_labels.py
[2024-09-01T04:44:36.595+0000] {processor.py:925} INFO - DAG(s) 'example_branch_labels' retrieved from /home/ubuntu/airflow_snow/lib/python3.12/site-packages/airflow/example_dags/example_branch_labels.py
[2024-09-01T04:44:36.610+0000] {logging_mixin.py:190} INFO - [2024-09-01T04:44:36.610+0000] {dag.py:3211} INFO - Sync 1 DAGs
[2024-09-01T04:44:36.628+0000] {logging_mixin.py:190} INFO - [2024-09-01T04:44:36.628+0000] {dag.py:4138} INFO - Setting next_dagrun for example_branch_labels to 2024-08-31 00:00:00+00:00, run_after=2024-09-01 00:00:00+00:00
[2024-09-01T04:44:36.651+0000] {processor.py:208} INFO - Processing /home/ubuntu/airflow_snow/lib/python3.12/site-packages/airflow/example_dags/example_branch_labels.py took 0.074 seconds
[2024-09-01T04:45:44.865+0000] {processor.py:186} INFO - Started process (PID=3224) to work on /home/ubuntu/airflow_snow/lib/python3.12/site-packages/airflow/example_dags/example_branch_labels.py
[2024-09-01T04:45:44.866+0000] {processor.py:914} INFO - Processing file /home/ubuntu/airflow_snow/lib/python3.12/site-packages/airflow/example_dags/example_branch_labels.py for tasks to queue
[2024-09-01T04:45:44.868+0000] {logging_mixin.py:190} INFO - [2024-09-01T04:45:44.868+0000] {dagbag.py:587} INFO - Filling up the DagBag from /home/ubuntu/airflow_snow/lib/python3.12/site-packages/airflow/example_dags/example_branch_labels.py
[2024-09-01T04:45:44.878+0000] {processor.py:925} INFO - DAG(s) 'example_branch_labels' retrieved from /home/ubuntu/airflow_snow/lib/python3.12/site-packages/airflow/example_dags/example_branch_labels.py
[2024-09-01T04:45:44.892+0000] {logging_mixin.py:190} INFO - [2024-09-01T04:45:44.892+0000] {dag.py:3211} INFO - Sync 1 DAGs
[2024-09-01T04:45:44.911+0000] {logging_mixin.py:190} INFO - [2024-09-01T04:45:44.911+0000] {dag.py:4138} INFO - Setting next_dagrun for example_branch_labels to 2024-08-31 00:00:00+00:00, run_after=2024-09-01 00:00:00+00:00
[2024-09-01T04:45:44.930+0000] {processor.py:208} INFO - Processing /home/ubuntu/airflow_snow/lib/python3.12/site-packages/airflow/example_dags/example_branch_labels.py took 0.071 seconds
[2024-09-01T04:46:58.011+0000] {processor.py:186} INFO - Started process (PID=3299) to work on /home/ubuntu/airflow_snow/lib/python3.12/site-packages/airflow/example_dags/example_branch_labels.py
[2024-09-01T04:46:58.013+0000] {processor.py:914} INFO - Processing file /home/ubuntu/airflow_snow/lib/python3.12/site-packages/airflow/example_dags/example_branch_labels.py for tasks to queue
[2024-09-01T04:46:58.015+0000] {logging_mixin.py:190} INFO - [2024-09-01T04:46:58.014+0000] {dagbag.py:587} INFO - Filling up the DagBag from /home/ubuntu/airflow_snow/lib/python3.12/site-packages/airflow/example_dags/example_branch_labels.py
[2024-09-01T04:46:58.023+0000] {processor.py:925} INFO - DAG(s) 'example_branch_labels' retrieved from /home/ubuntu/airflow_snow/lib/python3.12/site-packages/airflow/example_dags/example_branch_labels.py
[2024-09-01T04:46:58.039+0000] {logging_mixin.py:190} INFO - [2024-09-01T04:46:58.039+0000] {dag.py:3211} INFO - Sync 1 DAGs
[2024-09-01T04:46:58.058+0000] {logging_mixin.py:190} INFO - [2024-09-01T04:46:58.058+0000] {dag.py:4138} INFO - Setting next_dagrun for example_branch_labels to 2024-08-31 00:00:00+00:00, run_after=2024-09-01 00:00:00+00:00
[2024-09-01T04:46:58.079+0000] {processor.py:208} INFO - Processing /home/ubuntu/airflow_snow/lib/python3.12/site-packages/airflow/example_dags/example_branch_labels.py took 0.073 seconds
[2024-09-01T04:48:11.517+0000] {processor.py:186} INFO - Started process (PID=3374) to work on /home/ubuntu/airflow_snow/lib/python3.12/site-packages/airflow/example_dags/example_branch_labels.py
[2024-09-01T04:48:11.519+0000] {processor.py:914} INFO - Processing file /home/ubuntu/airflow_snow/lib/python3.12/site-packages/airflow/example_dags/example_branch_labels.py for tasks to queue
[2024-09-01T04:48:11.520+0000] {logging_mixin.py:190} INFO - [2024-09-01T04:48:11.520+0000] {dagbag.py:587} INFO - Filling up the DagBag from /home/ubuntu/airflow_snow/lib/python3.12/site-packages/airflow/example_dags/example_branch_labels.py
[2024-09-01T04:48:11.530+0000] {processor.py:925} INFO - DAG(s) 'example_branch_labels' retrieved from /home/ubuntu/airflow_snow/lib/python3.12/site-packages/airflow/example_dags/example_branch_labels.py
[2024-09-01T04:48:11.546+0000] {logging_mixin.py:190} INFO - [2024-09-01T04:48:11.546+0000] {dag.py:3211} INFO - Sync 1 DAGs
[2024-09-01T04:48:11.563+0000] {logging_mixin.py:190} INFO - [2024-09-01T04:48:11.563+0000] {dag.py:4138} INFO - Setting next_dagrun for example_branch_labels to 2024-08-31 00:00:00+00:00, run_after=2024-09-01 00:00:00+00:00
[2024-09-01T04:48:11.587+0000] {processor.py:208} INFO - Processing /home/ubuntu/airflow_snow/lib/python3.12/site-packages/airflow/example_dags/example_branch_labels.py took 0.076 seconds
[2024-09-01T04:49:25.055+0000] {processor.py:186} INFO - Started process (PID=3451) to work on /home/ubuntu/airflow_snow/lib/python3.12/site-packages/airflow/example_dags/example_branch_labels.py
[2024-09-01T04:49:25.057+0000] {processor.py:914} INFO - Processing file /home/ubuntu/airflow_snow/lib/python3.12/site-packages/airflow/example_dags/example_branch_labels.py for tasks to queue
[2024-09-01T04:49:25.059+0000] {logging_mixin.py:190} INFO - [2024-09-01T04:49:25.059+0000] {dagbag.py:587} INFO - Filling up the DagBag from /home/ubuntu/airflow_snow/lib/python3.12/site-packages/airflow/example_dags/example_branch_labels.py
[2024-09-01T04:49:25.068+0000] {processor.py:925} INFO - DAG(s) 'example_branch_labels' retrieved from /home/ubuntu/airflow_snow/lib/python3.12/site-packages/airflow/example_dags/example_branch_labels.py
[2024-09-01T04:49:25.083+0000] {logging_mixin.py:190} INFO - [2024-09-01T04:49:25.082+0000] {dag.py:3211} INFO - Sync 1 DAGs
[2024-09-01T04:49:25.102+0000] {logging_mixin.py:190} INFO - [2024-09-01T04:49:25.102+0000] {dag.py:4138} INFO - Setting next_dagrun for example_branch_labels to 2024-08-31 00:00:00+00:00, run_after=2024-09-01 00:00:00+00:00
[2024-09-01T04:49:25.127+0000] {processor.py:208} INFO - Processing /home/ubuntu/airflow_snow/lib/python3.12/site-packages/airflow/example_dags/example_branch_labels.py took 0.077 seconds
[2024-09-01T04:50:31.168+0000] {processor.py:186} INFO - Started process (PID=3528) to work on /home/ubuntu/airflow_snow/lib/python3.12/site-packages/airflow/example_dags/example_branch_labels.py
[2024-09-01T04:50:31.171+0000] {processor.py:914} INFO - Processing file /home/ubuntu/airflow_snow/lib/python3.12/site-packages/airflow/example_dags/example_branch_labels.py for tasks to queue
[2024-09-01T04:50:31.173+0000] {logging_mixin.py:190} INFO - [2024-09-01T04:50:31.172+0000] {dagbag.py:587} INFO - Filling up the DagBag from /home/ubuntu/airflow_snow/lib/python3.12/site-packages/airflow/example_dags/example_branch_labels.py
[2024-09-01T04:50:31.182+0000] {processor.py:925} INFO - DAG(s) 'example_branch_labels' retrieved from /home/ubuntu/airflow_snow/lib/python3.12/site-packages/airflow/example_dags/example_branch_labels.py
[2024-09-01T04:50:31.197+0000] {logging_mixin.py:190} INFO - [2024-09-01T04:50:31.197+0000] {dag.py:3211} INFO - Sync 1 DAGs
[2024-09-01T04:50:31.215+0000] {logging_mixin.py:190} INFO - [2024-09-01T04:50:31.214+0000] {dag.py:4138} INFO - Setting next_dagrun for example_branch_labels to 2024-08-31 00:00:00+00:00, run_after=2024-09-01 00:00:00+00:00
[2024-09-01T04:50:31.239+0000] {processor.py:208} INFO - Processing /home/ubuntu/airflow_snow/lib/python3.12/site-packages/airflow/example_dags/example_branch_labels.py took 0.077 seconds
[2024-09-01T04:51:44.979+0000] {processor.py:186} INFO - Started process (PID=3604) to work on /home/ubuntu/airflow_snow/lib/python3.12/site-packages/airflow/example_dags/example_branch_labels.py
[2024-09-01T04:51:44.981+0000] {processor.py:914} INFO - Processing file /home/ubuntu/airflow_snow/lib/python3.12/site-packages/airflow/example_dags/example_branch_labels.py for tasks to queue
[2024-09-01T04:51:44.983+0000] {logging_mixin.py:190} INFO - [2024-09-01T04:51:44.982+0000] {dagbag.py:587} INFO - Filling up the DagBag from /home/ubuntu/airflow_snow/lib/python3.12/site-packages/airflow/example_dags/example_branch_labels.py
[2024-09-01T04:51:44.992+0000] {processor.py:925} INFO - DAG(s) 'example_branch_labels' retrieved from /home/ubuntu/airflow_snow/lib/python3.12/site-packages/airflow/example_dags/example_branch_labels.py
[2024-09-01T04:51:45.007+0000] {logging_mixin.py:190} INFO - [2024-09-01T04:51:45.007+0000] {dag.py:3211} INFO - Sync 1 DAGs
[2024-09-01T04:51:45.026+0000] {logging_mixin.py:190} INFO - [2024-09-01T04:51:45.026+0000] {dag.py:4138} INFO - Setting next_dagrun for example_branch_labels to 2024-08-31 00:00:00+00:00, run_after=2024-09-01 00:00:00+00:00
[2024-09-01T04:51:45.051+0000] {processor.py:208} INFO - Processing /home/ubuntu/airflow_snow/lib/python3.12/site-packages/airflow/example_dags/example_branch_labels.py took 0.077 seconds
[2024-09-01T04:52:58.426+0000] {processor.py:186} INFO - Started process (PID=3680) to work on /home/ubuntu/airflow_snow/lib/python3.12/site-packages/airflow/example_dags/example_branch_labels.py
[2024-09-01T04:52:58.428+0000] {processor.py:914} INFO - Processing file /home/ubuntu/airflow_snow/lib/python3.12/site-packages/airflow/example_dags/example_branch_labels.py for tasks to queue
[2024-09-01T04:52:58.430+0000] {logging_mixin.py:190} INFO - [2024-09-01T04:52:58.430+0000] {dagbag.py:587} INFO - Filling up the DagBag from /home/ubuntu/airflow_snow/lib/python3.12/site-packages/airflow/example_dags/example_branch_labels.py
[2024-09-01T04:52:58.439+0000] {processor.py:925} INFO - DAG(s) 'example_branch_labels' retrieved from /home/ubuntu/airflow_snow/lib/python3.12/site-packages/airflow/example_dags/example_branch_labels.py
[2024-09-01T04:52:58.454+0000] {logging_mixin.py:190} INFO - [2024-09-01T04:52:58.454+0000] {dag.py:3211} INFO - Sync 1 DAGs
[2024-09-01T04:52:58.472+0000] {logging_mixin.py:190} INFO - [2024-09-01T04:52:58.472+0000] {dag.py:4138} INFO - Setting next_dagrun for example_branch_labels to 2024-08-31 00:00:00+00:00, run_after=2024-09-01 00:00:00+00:00
[2024-09-01T04:52:58.495+0000] {processor.py:208} INFO - Processing /home/ubuntu/airflow_snow/lib/python3.12/site-packages/airflow/example_dags/example_branch_labels.py took 0.074 seconds
