[2024-09-01T04:28:38.375+0000] {processor.py:186} INFO - Started process (PID=2159) to work on /home/ubuntu/airflow_snow/lib/python3.12/site-packages/airflow/example_dags/example_xcomargs.py
[2024-09-01T04:28:38.376+0000] {processor.py:914} INFO - Processing file /home/ubuntu/airflow_snow/lib/python3.12/site-packages/airflow/example_dags/example_xcomargs.py for tasks to queue
[2024-09-01T04:28:38.379+0000] {logging_mixin.py:190} INFO - [2024-09-01T04:28:38.378+0000] {dagbag.py:587} INFO - Filling up the DagBag from /home/ubuntu/airflow_snow/lib/python3.12/site-packages/airflow/example_dags/example_xcomargs.py
[2024-09-01T04:28:38.389+0000] {processor.py:925} INFO - DAG(s) 'example_xcom_args', 'example_xcom_args_with_operators' retrieved from /home/ubuntu/airflow_snow/lib/python3.12/site-packages/airflow/example_dags/example_xcomargs.py
[2024-09-01T04:28:38.496+0000] {logging_mixin.py:190} INFO - [2024-09-01T04:28:38.495+0000] {override.py:1900} INFO - Created Permission View: can delete on DAG:example_xcom_args
[2024-09-01T04:28:38.511+0000] {logging_mixin.py:190} INFO - [2024-09-01T04:28:38.510+0000] {override.py:1900} INFO - Created Permission View: can read on DAG:example_xcom_args
[2024-09-01T04:28:38.522+0000] {logging_mixin.py:190} INFO - [2024-09-01T04:28:38.522+0000] {override.py:1900} INFO - Created Permission View: can edit on DAG:example_xcom_args
[2024-09-01T04:28:38.540+0000] {logging_mixin.py:190} INFO - [2024-09-01T04:28:38.540+0000] {override.py:1900} INFO - Created Permission View: menu access on DAG Run:example_xcom_args
[2024-09-01T04:28:38.553+0000] {logging_mixin.py:190} INFO - [2024-09-01T04:28:38.553+0000] {override.py:1900} INFO - Created Permission View: can create on DAG Run:example_xcom_args
[2024-09-01T04:28:38.567+0000] {logging_mixin.py:190} INFO - [2024-09-01T04:28:38.566+0000] {override.py:1900} INFO - Created Permission View: can read on DAG Run:example_xcom_args
[2024-09-01T04:28:38.578+0000] {logging_mixin.py:190} INFO - [2024-09-01T04:28:38.578+0000] {override.py:1900} INFO - Created Permission View: can delete on DAG Run:example_xcom_args
[2024-09-01T04:28:38.609+0000] {logging_mixin.py:190} INFO - [2024-09-01T04:28:38.609+0000] {override.py:1900} INFO - Created Permission View: can delete on DAG:example_xcom_args_with_operators
[2024-09-01T04:28:38.622+0000] {logging_mixin.py:190} INFO - [2024-09-01T04:28:38.621+0000] {override.py:1900} INFO - Created Permission View: can read on DAG:example_xcom_args_with_operators
[2024-09-01T04:28:38.632+0000] {logging_mixin.py:190} INFO - [2024-09-01T04:28:38.632+0000] {override.py:1900} INFO - Created Permission View: can edit on DAG:example_xcom_args_with_operators
[2024-09-01T04:28:38.653+0000] {logging_mixin.py:190} INFO - [2024-09-01T04:28:38.652+0000] {override.py:1900} INFO - Created Permission View: menu access on DAG Run:example_xcom_args_with_operators
[2024-09-01T04:28:38.666+0000] {logging_mixin.py:190} INFO - [2024-09-01T04:28:38.666+0000] {override.py:1900} INFO - Created Permission View: can create on DAG Run:example_xcom_args_with_operators
[2024-09-01T04:28:38.680+0000] {logging_mixin.py:190} INFO - [2024-09-01T04:28:38.680+0000] {override.py:1900} INFO - Created Permission View: can read on DAG Run:example_xcom_args_with_operators
[2024-09-01T04:28:38.695+0000] {logging_mixin.py:190} INFO - [2024-09-01T04:28:38.695+0000] {override.py:1900} INFO - Created Permission View: can delete on DAG Run:example_xcom_args_with_operators
[2024-09-01T04:28:38.695+0000] {logging_mixin.py:190} INFO - [2024-09-01T04:28:38.695+0000] {dag.py:3211} INFO - Sync 2 DAGs
[2024-09-01T04:28:38.705+0000] {logging_mixin.py:190} INFO - [2024-09-01T04:28:38.705+0000] {dag.py:3234} INFO - Creating ORM DAG for example_xcom_args
[2024-09-01T04:28:38.705+0000] {logging_mixin.py:190} INFO - [2024-09-01T04:28:38.705+0000] {dag.py:3234} INFO - Creating ORM DAG for example_xcom_args_with_operators
[2024-09-01T04:28:38.706+0000] {logging_mixin.py:190} INFO - [2024-09-01T04:28:38.706+0000] {dag.py:4138} INFO - Setting next_dagrun for example_xcom_args to None, run_after=None
[2024-09-01T04:28:38.706+0000] {logging_mixin.py:190} INFO - [2024-09-01T04:28:38.706+0000] {dag.py:4138} INFO - Setting next_dagrun for example_xcom_args_with_operators to None, run_after=None
[2024-09-01T04:28:38.731+0000] {processor.py:208} INFO - Processing /home/ubuntu/airflow_snow/lib/python3.12/site-packages/airflow/example_dags/example_xcomargs.py took 0.360 seconds
[2024-09-01T04:29:44.975+0000] {processor.py:186} INFO - Started process (PID=2215) to work on /home/ubuntu/airflow_snow/lib/python3.12/site-packages/airflow/example_dags/example_xcomargs.py
[2024-09-01T04:29:44.977+0000] {processor.py:914} INFO - Processing file /home/ubuntu/airflow_snow/lib/python3.12/site-packages/airflow/example_dags/example_xcomargs.py for tasks to queue
[2024-09-01T04:29:44.978+0000] {logging_mixin.py:190} INFO - [2024-09-01T04:29:44.978+0000] {dagbag.py:587} INFO - Filling up the DagBag from /home/ubuntu/airflow_snow/lib/python3.12/site-packages/airflow/example_dags/example_xcomargs.py
[2024-09-01T04:29:44.987+0000] {processor.py:925} INFO - DAG(s) 'example_xcom_args', 'example_xcom_args_with_operators' retrieved from /home/ubuntu/airflow_snow/lib/python3.12/site-packages/airflow/example_dags/example_xcomargs.py
[2024-09-01T04:29:45.004+0000] {logging_mixin.py:190} INFO - [2024-09-01T04:29:45.004+0000] {dag.py:3211} INFO - Sync 2 DAGs
[2024-09-01T04:29:45.016+0000] {logging_mixin.py:190} INFO - [2024-09-01T04:29:45.015+0000] {dag.py:4138} INFO - Setting next_dagrun for example_xcom_args to None, run_after=None
[2024-09-01T04:29:45.019+0000] {logging_mixin.py:190} INFO - [2024-09-01T04:29:45.019+0000] {dag.py:4138} INFO - Setting next_dagrun for example_xcom_args_with_operators to None, run_after=None
[2024-09-01T04:29:45.041+0000] {processor.py:208} INFO - Processing /home/ubuntu/airflow_snow/lib/python3.12/site-packages/airflow/example_dags/example_xcomargs.py took 0.072 seconds
[2024-09-01T04:30:38.180+0000] {processor.py:186} INFO - Started process (PID=2276) to work on /home/ubuntu/airflow_snow/lib/python3.12/site-packages/airflow/example_dags/example_xcomargs.py
[2024-09-01T04:30:38.182+0000] {processor.py:914} INFO - Processing file /home/ubuntu/airflow_snow/lib/python3.12/site-packages/airflow/example_dags/example_xcomargs.py for tasks to queue
[2024-09-01T04:30:38.183+0000] {logging_mixin.py:190} INFO - [2024-09-01T04:30:38.183+0000] {dagbag.py:587} INFO - Filling up the DagBag from /home/ubuntu/airflow_snow/lib/python3.12/site-packages/airflow/example_dags/example_xcomargs.py
[2024-09-01T04:30:38.191+0000] {processor.py:925} INFO - DAG(s) 'example_xcom_args', 'example_xcom_args_with_operators' retrieved from /home/ubuntu/airflow_snow/lib/python3.12/site-packages/airflow/example_dags/example_xcomargs.py
[2024-09-01T04:30:38.204+0000] {logging_mixin.py:190} INFO - [2024-09-01T04:30:38.203+0000] {dag.py:3211} INFO - Sync 2 DAGs
[2024-09-01T04:30:38.212+0000] {logging_mixin.py:190} INFO - [2024-09-01T04:30:38.212+0000] {dag.py:4138} INFO - Setting next_dagrun for example_xcom_args to None, run_after=None
[2024-09-01T04:30:38.215+0000] {logging_mixin.py:190} INFO - [2024-09-01T04:30:38.215+0000] {dag.py:4138} INFO - Setting next_dagrun for example_xcom_args_with_operators to None, run_after=None
[2024-09-01T04:30:38.234+0000] {processor.py:208} INFO - Processing /home/ubuntu/airflow_snow/lib/python3.12/site-packages/airflow/example_dags/example_xcomargs.py took 0.058 seconds
[2024-09-01T04:31:26.652+0000] {processor.py:186} INFO - Started process (PID=2327) to work on /home/ubuntu/airflow_snow/lib/python3.12/site-packages/airflow/example_dags/example_xcomargs.py
[2024-09-01T04:31:26.654+0000] {processor.py:914} INFO - Processing file /home/ubuntu/airflow_snow/lib/python3.12/site-packages/airflow/example_dags/example_xcomargs.py for tasks to queue
[2024-09-01T04:31:26.655+0000] {logging_mixin.py:190} INFO - [2024-09-01T04:31:26.655+0000] {dagbag.py:587} INFO - Filling up the DagBag from /home/ubuntu/airflow_snow/lib/python3.12/site-packages/airflow/example_dags/example_xcomargs.py
[2024-09-01T04:31:26.666+0000] {processor.py:925} INFO - DAG(s) 'example_xcom_args', 'example_xcom_args_with_operators' retrieved from /home/ubuntu/airflow_snow/lib/python3.12/site-packages/airflow/example_dags/example_xcomargs.py
[2024-09-01T04:31:26.682+0000] {logging_mixin.py:190} INFO - [2024-09-01T04:31:26.682+0000] {dag.py:3211} INFO - Sync 2 DAGs
[2024-09-01T04:31:26.693+0000] {logging_mixin.py:190} INFO - [2024-09-01T04:31:26.693+0000] {dag.py:4138} INFO - Setting next_dagrun for example_xcom_args to None, run_after=None
[2024-09-01T04:31:26.695+0000] {logging_mixin.py:190} INFO - [2024-09-01T04:31:26.695+0000] {dag.py:4138} INFO - Setting next_dagrun for example_xcom_args_with_operators to None, run_after=None
[2024-09-01T04:31:26.718+0000] {processor.py:208} INFO - Processing /home/ubuntu/airflow_snow/lib/python3.12/site-packages/airflow/example_dags/example_xcomargs.py took 0.072 seconds
[2024-09-01T04:32:14.621+0000] {processor.py:186} INFO - Started process (PID=2376) to work on /home/ubuntu/airflow_snow/lib/python3.12/site-packages/airflow/example_dags/example_xcomargs.py
[2024-09-01T04:32:14.623+0000] {processor.py:914} INFO - Processing file /home/ubuntu/airflow_snow/lib/python3.12/site-packages/airflow/example_dags/example_xcomargs.py for tasks to queue
[2024-09-01T04:32:14.625+0000] {logging_mixin.py:190} INFO - [2024-09-01T04:32:14.625+0000] {dagbag.py:587} INFO - Filling up the DagBag from /home/ubuntu/airflow_snow/lib/python3.12/site-packages/airflow/example_dags/example_xcomargs.py
[2024-09-01T04:32:14.634+0000] {processor.py:925} INFO - DAG(s) 'example_xcom_args_with_operators', 'example_xcom_args' retrieved from /home/ubuntu/airflow_snow/lib/python3.12/site-packages/airflow/example_dags/example_xcomargs.py
[2024-09-01T04:32:14.650+0000] {logging_mixin.py:190} INFO - [2024-09-01T04:32:14.650+0000] {dag.py:3211} INFO - Sync 2 DAGs
[2024-09-01T04:32:14.662+0000] {logging_mixin.py:190} INFO - [2024-09-01T04:32:14.661+0000] {dag.py:4138} INFO - Setting next_dagrun for example_xcom_args to None, run_after=None
[2024-09-01T04:32:14.664+0000] {logging_mixin.py:190} INFO - [2024-09-01T04:32:14.664+0000] {dag.py:4138} INFO - Setting next_dagrun for example_xcom_args_with_operators to None, run_after=None
[2024-09-01T04:32:14.686+0000] {processor.py:208} INFO - Processing /home/ubuntu/airflow_snow/lib/python3.12/site-packages/airflow/example_dags/example_xcomargs.py took 0.072 seconds
[2024-09-01T04:33:03.002+0000] {processor.py:186} INFO - Started process (PID=2426) to work on /home/ubuntu/airflow_snow/lib/python3.12/site-packages/airflow/example_dags/example_xcomargs.py
[2024-09-01T04:33:03.004+0000] {processor.py:914} INFO - Processing file /home/ubuntu/airflow_snow/lib/python3.12/site-packages/airflow/example_dags/example_xcomargs.py for tasks to queue
[2024-09-01T04:33:03.006+0000] {logging_mixin.py:190} INFO - [2024-09-01T04:33:03.006+0000] {dagbag.py:587} INFO - Filling up the DagBag from /home/ubuntu/airflow_snow/lib/python3.12/site-packages/airflow/example_dags/example_xcomargs.py
[2024-09-01T04:33:03.016+0000] {processor.py:925} INFO - DAG(s) 'example_xcom_args', 'example_xcom_args_with_operators' retrieved from /home/ubuntu/airflow_snow/lib/python3.12/site-packages/airflow/example_dags/example_xcomargs.py
[2024-09-01T04:33:03.034+0000] {logging_mixin.py:190} INFO - [2024-09-01T04:33:03.033+0000] {dag.py:3211} INFO - Sync 2 DAGs
[2024-09-01T04:33:03.045+0000] {logging_mixin.py:190} INFO - [2024-09-01T04:33:03.045+0000] {dag.py:4138} INFO - Setting next_dagrun for example_xcom_args to None, run_after=None
[2024-09-01T04:33:03.048+0000] {logging_mixin.py:190} INFO - [2024-09-01T04:33:03.048+0000] {dag.py:4138} INFO - Setting next_dagrun for example_xcom_args_with_operators to None, run_after=None
[2024-09-01T04:33:03.069+0000] {processor.py:208} INFO - Processing /home/ubuntu/airflow_snow/lib/python3.12/site-packages/airflow/example_dags/example_xcomargs.py took 0.072 seconds
[2024-09-01T04:33:53.794+0000] {processor.py:186} INFO - Started process (PID=2479) to work on /home/ubuntu/airflow_snow/lib/python3.12/site-packages/airflow/example_dags/example_xcomargs.py
[2024-09-01T04:33:53.796+0000] {processor.py:914} INFO - Processing file /home/ubuntu/airflow_snow/lib/python3.12/site-packages/airflow/example_dags/example_xcomargs.py for tasks to queue
[2024-09-01T04:33:53.798+0000] {logging_mixin.py:190} INFO - [2024-09-01T04:33:53.798+0000] {dagbag.py:587} INFO - Filling up the DagBag from /home/ubuntu/airflow_snow/lib/python3.12/site-packages/airflow/example_dags/example_xcomargs.py
[2024-09-01T04:33:53.808+0000] {processor.py:925} INFO - DAG(s) 'example_xcom_args', 'example_xcom_args_with_operators' retrieved from /home/ubuntu/airflow_snow/lib/python3.12/site-packages/airflow/example_dags/example_xcomargs.py
[2024-09-01T04:33:53.825+0000] {logging_mixin.py:190} INFO - [2024-09-01T04:33:53.825+0000] {dag.py:3211} INFO - Sync 2 DAGs
[2024-09-01T04:33:53.837+0000] {logging_mixin.py:190} INFO - [2024-09-01T04:33:53.836+0000] {dag.py:4138} INFO - Setting next_dagrun for example_xcom_args to None, run_after=None
[2024-09-01T04:33:53.839+0000] {logging_mixin.py:190} INFO - [2024-09-01T04:33:53.839+0000] {dag.py:4138} INFO - Setting next_dagrun for example_xcom_args_with_operators to None, run_after=None
[2024-09-01T04:33:53.859+0000] {processor.py:208} INFO - Processing /home/ubuntu/airflow_snow/lib/python3.12/site-packages/airflow/example_dags/example_xcomargs.py took 0.070 seconds
[2024-09-01T04:34:44.270+0000] {processor.py:186} INFO - Started process (PID=2531) to work on /home/ubuntu/airflow_snow/lib/python3.12/site-packages/airflow/example_dags/example_xcomargs.py
[2024-09-01T04:34:44.272+0000] {processor.py:914} INFO - Processing file /home/ubuntu/airflow_snow/lib/python3.12/site-packages/airflow/example_dags/example_xcomargs.py for tasks to queue
[2024-09-01T04:34:44.274+0000] {logging_mixin.py:190} INFO - [2024-09-01T04:34:44.274+0000] {dagbag.py:587} INFO - Filling up the DagBag from /home/ubuntu/airflow_snow/lib/python3.12/site-packages/airflow/example_dags/example_xcomargs.py
[2024-09-01T04:34:44.284+0000] {processor.py:925} INFO - DAG(s) 'example_xcom_args_with_operators', 'example_xcom_args' retrieved from /home/ubuntu/airflow_snow/lib/python3.12/site-packages/airflow/example_dags/example_xcomargs.py
[2024-09-01T04:34:44.301+0000] {logging_mixin.py:190} INFO - [2024-09-01T04:34:44.301+0000] {dag.py:3211} INFO - Sync 2 DAGs
[2024-09-01T04:34:44.311+0000] {logging_mixin.py:190} INFO - [2024-09-01T04:34:44.311+0000] {dag.py:4138} INFO - Setting next_dagrun for example_xcom_args to None, run_after=None
[2024-09-01T04:34:44.314+0000] {logging_mixin.py:190} INFO - [2024-09-01T04:34:44.314+0000] {dag.py:4138} INFO - Setting next_dagrun for example_xcom_args_with_operators to None, run_after=None
[2024-09-01T04:34:44.334+0000] {processor.py:208} INFO - Processing /home/ubuntu/airflow_snow/lib/python3.12/site-packages/airflow/example_dags/example_xcomargs.py took 0.069 seconds
[2024-09-01T04:35:32.241+0000] {processor.py:186} INFO - Started process (PID=2585) to work on /home/ubuntu/airflow_snow/lib/python3.12/site-packages/airflow/example_dags/example_xcomargs.py
[2024-09-01T04:35:32.243+0000] {processor.py:914} INFO - Processing file /home/ubuntu/airflow_snow/lib/python3.12/site-packages/airflow/example_dags/example_xcomargs.py for tasks to queue
[2024-09-01T04:35:32.246+0000] {logging_mixin.py:190} INFO - [2024-09-01T04:35:32.245+0000] {dagbag.py:587} INFO - Filling up the DagBag from /home/ubuntu/airflow_snow/lib/python3.12/site-packages/airflow/example_dags/example_xcomargs.py
[2024-09-01T04:35:32.255+0000] {processor.py:925} INFO - DAG(s) 'example_xcom_args', 'example_xcom_args_with_operators' retrieved from /home/ubuntu/airflow_snow/lib/python3.12/site-packages/airflow/example_dags/example_xcomargs.py
[2024-09-01T04:35:32.272+0000] {logging_mixin.py:190} INFO - [2024-09-01T04:35:32.272+0000] {dag.py:3211} INFO - Sync 2 DAGs
[2024-09-01T04:35:32.284+0000] {logging_mixin.py:190} INFO - [2024-09-01T04:35:32.284+0000] {dag.py:4138} INFO - Setting next_dagrun for example_xcom_args to None, run_after=None
[2024-09-01T04:35:32.287+0000] {logging_mixin.py:190} INFO - [2024-09-01T04:35:32.287+0000] {dag.py:4138} INFO - Setting next_dagrun for example_xcom_args_with_operators to None, run_after=None
[2024-09-01T04:35:32.311+0000] {processor.py:208} INFO - Processing /home/ubuntu/airflow_snow/lib/python3.12/site-packages/airflow/example_dags/example_xcomargs.py took 0.075 seconds
[2024-09-01T04:36:23.315+0000] {processor.py:186} INFO - Started process (PID=2636) to work on /home/ubuntu/airflow_snow/lib/python3.12/site-packages/airflow/example_dags/example_xcomargs.py
[2024-09-01T04:36:23.316+0000] {processor.py:914} INFO - Processing file /home/ubuntu/airflow_snow/lib/python3.12/site-packages/airflow/example_dags/example_xcomargs.py for tasks to queue
[2024-09-01T04:36:23.318+0000] {logging_mixin.py:190} INFO - [2024-09-01T04:36:23.318+0000] {dagbag.py:587} INFO - Filling up the DagBag from /home/ubuntu/airflow_snow/lib/python3.12/site-packages/airflow/example_dags/example_xcomargs.py
[2024-09-01T04:36:23.328+0000] {processor.py:925} INFO - DAG(s) 'example_xcom_args_with_operators', 'example_xcom_args' retrieved from /home/ubuntu/airflow_snow/lib/python3.12/site-packages/airflow/example_dags/example_xcomargs.py
[2024-09-01T04:36:23.351+0000] {logging_mixin.py:190} INFO - [2024-09-01T04:36:23.351+0000] {dag.py:3211} INFO - Sync 2 DAGs
[2024-09-01T04:36:23.361+0000] {logging_mixin.py:190} INFO - [2024-09-01T04:36:23.361+0000] {dag.py:4138} INFO - Setting next_dagrun for example_xcom_args to None, run_after=None
[2024-09-01T04:36:23.363+0000] {logging_mixin.py:190} INFO - [2024-09-01T04:36:23.363+0000] {dag.py:4138} INFO - Setting next_dagrun for example_xcom_args_with_operators to None, run_after=None
[2024-09-01T04:36:23.386+0000] {processor.py:208} INFO - Processing /home/ubuntu/airflow_snow/lib/python3.12/site-packages/airflow/example_dags/example_xcomargs.py took 0.076 seconds
[2024-09-01T04:37:17.300+0000] {processor.py:186} INFO - Started process (PID=2690) to work on /home/ubuntu/airflow_snow/lib/python3.12/site-packages/airflow/example_dags/example_xcomargs.py
[2024-09-01T04:37:17.302+0000] {processor.py:914} INFO - Processing file /home/ubuntu/airflow_snow/lib/python3.12/site-packages/airflow/example_dags/example_xcomargs.py for tasks to queue
[2024-09-01T04:37:17.304+0000] {logging_mixin.py:190} INFO - [2024-09-01T04:37:17.304+0000] {dagbag.py:587} INFO - Filling up the DagBag from /home/ubuntu/airflow_snow/lib/python3.12/site-packages/airflow/example_dags/example_xcomargs.py
[2024-09-01T04:37:17.314+0000] {processor.py:925} INFO - DAG(s) 'example_xcom_args_with_operators', 'example_xcom_args' retrieved from /home/ubuntu/airflow_snow/lib/python3.12/site-packages/airflow/example_dags/example_xcomargs.py
[2024-09-01T04:37:17.330+0000] {logging_mixin.py:190} INFO - [2024-09-01T04:37:17.330+0000] {dag.py:3211} INFO - Sync 2 DAGs
[2024-09-01T04:37:17.341+0000] {logging_mixin.py:190} INFO - [2024-09-01T04:37:17.341+0000] {dag.py:4138} INFO - Setting next_dagrun for example_xcom_args to None, run_after=None
[2024-09-01T04:37:17.343+0000] {logging_mixin.py:190} INFO - [2024-09-01T04:37:17.343+0000] {dag.py:4138} INFO - Setting next_dagrun for example_xcom_args_with_operators to None, run_after=None
[2024-09-01T04:37:17.362+0000] {processor.py:208} INFO - Processing /home/ubuntu/airflow_snow/lib/python3.12/site-packages/airflow/example_dags/example_xcomargs.py took 0.067 seconds
[2024-09-01T04:38:06.950+0000] {processor.py:186} INFO - Started process (PID=2741) to work on /home/ubuntu/airflow_snow/lib/python3.12/site-packages/airflow/example_dags/example_xcomargs.py
[2024-09-01T04:38:06.952+0000] {processor.py:914} INFO - Processing file /home/ubuntu/airflow_snow/lib/python3.12/site-packages/airflow/example_dags/example_xcomargs.py for tasks to queue
[2024-09-01T04:38:06.954+0000] {logging_mixin.py:190} INFO - [2024-09-01T04:38:06.954+0000] {dagbag.py:587} INFO - Filling up the DagBag from /home/ubuntu/airflow_snow/lib/python3.12/site-packages/airflow/example_dags/example_xcomargs.py
[2024-09-01T04:38:06.964+0000] {processor.py:925} INFO - DAG(s) 'example_xcom_args', 'example_xcom_args_with_operators' retrieved from /home/ubuntu/airflow_snow/lib/python3.12/site-packages/airflow/example_dags/example_xcomargs.py
[2024-09-01T04:38:06.981+0000] {logging_mixin.py:190} INFO - [2024-09-01T04:38:06.981+0000] {dag.py:3211} INFO - Sync 2 DAGs
[2024-09-01T04:38:06.993+0000] {logging_mixin.py:190} INFO - [2024-09-01T04:38:06.992+0000] {dag.py:4138} INFO - Setting next_dagrun for example_xcom_args to None, run_after=None
[2024-09-01T04:38:06.995+0000] {logging_mixin.py:190} INFO - [2024-09-01T04:38:06.995+0000] {dag.py:4138} INFO - Setting next_dagrun for example_xcom_args_with_operators to None, run_after=None
[2024-09-01T04:38:07.017+0000] {processor.py:208} INFO - Processing /home/ubuntu/airflow_snow/lib/python3.12/site-packages/airflow/example_dags/example_xcomargs.py took 0.072 seconds
[2024-09-01T04:38:57.622+0000] {processor.py:186} INFO - Started process (PID=2792) to work on /home/ubuntu/airflow_snow/lib/python3.12/site-packages/airflow/example_dags/example_xcomargs.py
[2024-09-01T04:38:57.624+0000] {processor.py:914} INFO - Processing file /home/ubuntu/airflow_snow/lib/python3.12/site-packages/airflow/example_dags/example_xcomargs.py for tasks to queue
[2024-09-01T04:38:57.626+0000] {logging_mixin.py:190} INFO - [2024-09-01T04:38:57.626+0000] {dagbag.py:587} INFO - Filling up the DagBag from /home/ubuntu/airflow_snow/lib/python3.12/site-packages/airflow/example_dags/example_xcomargs.py
[2024-09-01T04:38:57.636+0000] {processor.py:925} INFO - DAG(s) 'example_xcom_args_with_operators', 'example_xcom_args' retrieved from /home/ubuntu/airflow_snow/lib/python3.12/site-packages/airflow/example_dags/example_xcomargs.py
[2024-09-01T04:38:57.654+0000] {logging_mixin.py:190} INFO - [2024-09-01T04:38:57.653+0000] {dag.py:3211} INFO - Sync 2 DAGs
[2024-09-01T04:38:57.665+0000] {logging_mixin.py:190} INFO - [2024-09-01T04:38:57.665+0000] {dag.py:4138} INFO - Setting next_dagrun for example_xcom_args to None, run_after=None
[2024-09-01T04:38:57.668+0000] {logging_mixin.py:190} INFO - [2024-09-01T04:38:57.667+0000] {dag.py:4138} INFO - Setting next_dagrun for example_xcom_args_with_operators to None, run_after=None
[2024-09-01T04:38:57.690+0000] {processor.py:208} INFO - Processing /home/ubuntu/airflow_snow/lib/python3.12/site-packages/airflow/example_dags/example_xcomargs.py took 0.074 seconds
[2024-09-01T04:39:49.570+0000] {processor.py:186} INFO - Started process (PID=2845) to work on /home/ubuntu/airflow_snow/lib/python3.12/site-packages/airflow/example_dags/example_xcomargs.py
[2024-09-01T04:39:49.572+0000] {processor.py:914} INFO - Processing file /home/ubuntu/airflow_snow/lib/python3.12/site-packages/airflow/example_dags/example_xcomargs.py for tasks to queue
[2024-09-01T04:39:49.574+0000] {logging_mixin.py:190} INFO - [2024-09-01T04:39:49.574+0000] {dagbag.py:587} INFO - Filling up the DagBag from /home/ubuntu/airflow_snow/lib/python3.12/site-packages/airflow/example_dags/example_xcomargs.py
[2024-09-01T04:39:49.584+0000] {processor.py:925} INFO - DAG(s) 'example_xcom_args_with_operators', 'example_xcom_args' retrieved from /home/ubuntu/airflow_snow/lib/python3.12/site-packages/airflow/example_dags/example_xcomargs.py
[2024-09-01T04:39:49.601+0000] {logging_mixin.py:190} INFO - [2024-09-01T04:39:49.600+0000] {dag.py:3211} INFO - Sync 2 DAGs
[2024-09-01T04:39:49.611+0000] {logging_mixin.py:190} INFO - [2024-09-01T04:39:49.611+0000] {dag.py:4138} INFO - Setting next_dagrun for example_xcom_args to None, run_after=None
[2024-09-01T04:39:49.615+0000] {logging_mixin.py:190} INFO - [2024-09-01T04:39:49.615+0000] {dag.py:4138} INFO - Setting next_dagrun for example_xcom_args_with_operators to None, run_after=None
[2024-09-01T04:39:49.634+0000] {processor.py:208} INFO - Processing /home/ubuntu/airflow_snow/lib/python3.12/site-packages/airflow/example_dags/example_xcomargs.py took 0.069 seconds
[2024-09-01T04:40:40.647+0000] {processor.py:186} INFO - Started process (PID=2901) to work on /home/ubuntu/airflow_snow/lib/python3.12/site-packages/airflow/example_dags/example_xcomargs.py
[2024-09-01T04:40:40.649+0000] {processor.py:914} INFO - Processing file /home/ubuntu/airflow_snow/lib/python3.12/site-packages/airflow/example_dags/example_xcomargs.py for tasks to queue
[2024-09-01T04:40:40.651+0000] {logging_mixin.py:190} INFO - [2024-09-01T04:40:40.651+0000] {dagbag.py:587} INFO - Filling up the DagBag from /home/ubuntu/airflow_snow/lib/python3.12/site-packages/airflow/example_dags/example_xcomargs.py
[2024-09-01T04:40:40.660+0000] {processor.py:925} INFO - DAG(s) 'example_xcom_args_with_operators', 'example_xcom_args' retrieved from /home/ubuntu/airflow_snow/lib/python3.12/site-packages/airflow/example_dags/example_xcomargs.py
[2024-09-01T04:40:40.677+0000] {logging_mixin.py:190} INFO - [2024-09-01T04:40:40.677+0000] {dag.py:3211} INFO - Sync 2 DAGs
[2024-09-01T04:40:40.689+0000] {logging_mixin.py:190} INFO - [2024-09-01T04:40:40.688+0000] {dag.py:4138} INFO - Setting next_dagrun for example_xcom_args to None, run_after=None
[2024-09-01T04:40:40.691+0000] {logging_mixin.py:190} INFO - [2024-09-01T04:40:40.691+0000] {dag.py:4138} INFO - Setting next_dagrun for example_xcom_args_with_operators to None, run_after=None
[2024-09-01T04:40:40.712+0000] {processor.py:208} INFO - Processing /home/ubuntu/airflow_snow/lib/python3.12/site-packages/airflow/example_dags/example_xcomargs.py took 0.069 seconds
[2024-09-01T04:41:33.703+0000] {processor.py:186} INFO - Started process (PID=2955) to work on /home/ubuntu/airflow_snow/lib/python3.12/site-packages/airflow/example_dags/example_xcomargs.py
[2024-09-01T04:41:33.704+0000] {processor.py:914} INFO - Processing file /home/ubuntu/airflow_snow/lib/python3.12/site-packages/airflow/example_dags/example_xcomargs.py for tasks to queue
[2024-09-01T04:41:33.706+0000] {logging_mixin.py:190} INFO - [2024-09-01T04:41:33.706+0000] {dagbag.py:587} INFO - Filling up the DagBag from /home/ubuntu/airflow_snow/lib/python3.12/site-packages/airflow/example_dags/example_xcomargs.py
[2024-09-01T04:41:33.715+0000] {processor.py:925} INFO - DAG(s) 'example_xcom_args_with_operators', 'example_xcom_args' retrieved from /home/ubuntu/airflow_snow/lib/python3.12/site-packages/airflow/example_dags/example_xcomargs.py
[2024-09-01T04:41:33.733+0000] {logging_mixin.py:190} INFO - [2024-09-01T04:41:33.733+0000] {dag.py:3211} INFO - Sync 2 DAGs
[2024-09-01T04:41:33.745+0000] {logging_mixin.py:190} INFO - [2024-09-01T04:41:33.745+0000] {dag.py:4138} INFO - Setting next_dagrun for example_xcom_args to None, run_after=None
[2024-09-01T04:41:33.748+0000] {logging_mixin.py:190} INFO - [2024-09-01T04:41:33.747+0000] {dag.py:4138} INFO - Setting next_dagrun for example_xcom_args_with_operators to None, run_after=None
[2024-09-01T04:41:33.769+0000] {processor.py:208} INFO - Processing /home/ubuntu/airflow_snow/lib/python3.12/site-packages/airflow/example_dags/example_xcomargs.py took 0.071 seconds
[2024-09-01T04:42:22.578+0000] {processor.py:186} INFO - Started process (PID=3005) to work on /home/ubuntu/airflow_snow/lib/python3.12/site-packages/airflow/example_dags/example_xcomargs.py
[2024-09-01T04:42:22.581+0000] {processor.py:914} INFO - Processing file /home/ubuntu/airflow_snow/lib/python3.12/site-packages/airflow/example_dags/example_xcomargs.py for tasks to queue
[2024-09-01T04:42:22.583+0000] {logging_mixin.py:190} INFO - [2024-09-01T04:42:22.582+0000] {dagbag.py:587} INFO - Filling up the DagBag from /home/ubuntu/airflow_snow/lib/python3.12/site-packages/airflow/example_dags/example_xcomargs.py
[2024-09-01T04:42:22.592+0000] {processor.py:925} INFO - DAG(s) 'example_xcom_args_with_operators', 'example_xcom_args' retrieved from /home/ubuntu/airflow_snow/lib/python3.12/site-packages/airflow/example_dags/example_xcomargs.py
[2024-09-01T04:42:22.608+0000] {logging_mixin.py:190} INFO - [2024-09-01T04:42:22.608+0000] {dag.py:3211} INFO - Sync 2 DAGs
[2024-09-01T04:42:22.620+0000] {logging_mixin.py:190} INFO - [2024-09-01T04:42:22.619+0000] {dag.py:4138} INFO - Setting next_dagrun for example_xcom_args to None, run_after=None
[2024-09-01T04:42:22.623+0000] {logging_mixin.py:190} INFO - [2024-09-01T04:42:22.623+0000] {dag.py:4138} INFO - Setting next_dagrun for example_xcom_args_with_operators to None, run_after=None
[2024-09-01T04:42:22.647+0000] {processor.py:208} INFO - Processing /home/ubuntu/airflow_snow/lib/python3.12/site-packages/airflow/example_dags/example_xcomargs.py took 0.073 seconds
[2024-09-01T04:43:12.873+0000] {processor.py:186} INFO - Started process (PID=3056) to work on /home/ubuntu/airflow_snow/lib/python3.12/site-packages/airflow/example_dags/example_xcomargs.py
[2024-09-01T04:43:12.876+0000] {processor.py:914} INFO - Processing file /home/ubuntu/airflow_snow/lib/python3.12/site-packages/airflow/example_dags/example_xcomargs.py for tasks to queue
[2024-09-01T04:43:12.878+0000] {logging_mixin.py:190} INFO - [2024-09-01T04:43:12.878+0000] {dagbag.py:587} INFO - Filling up the DagBag from /home/ubuntu/airflow_snow/lib/python3.12/site-packages/airflow/example_dags/example_xcomargs.py
[2024-09-01T04:43:12.889+0000] {processor.py:925} INFO - DAG(s) 'example_xcom_args_with_operators', 'example_xcom_args' retrieved from /home/ubuntu/airflow_snow/lib/python3.12/site-packages/airflow/example_dags/example_xcomargs.py
[2024-09-01T04:43:12.905+0000] {logging_mixin.py:190} INFO - [2024-09-01T04:43:12.904+0000] {dag.py:3211} INFO - Sync 2 DAGs
[2024-09-01T04:43:12.915+0000] {logging_mixin.py:190} INFO - [2024-09-01T04:43:12.915+0000] {dag.py:4138} INFO - Setting next_dagrun for example_xcom_args to None, run_after=None
[2024-09-01T04:43:12.918+0000] {logging_mixin.py:190} INFO - [2024-09-01T04:43:12.918+0000] {dag.py:4138} INFO - Setting next_dagrun for example_xcom_args_with_operators to None, run_after=None
[2024-09-01T04:43:12.937+0000] {processor.py:208} INFO - Processing /home/ubuntu/airflow_snow/lib/python3.12/site-packages/airflow/example_dags/example_xcomargs.py took 0.070 seconds
[2024-09-01T04:44:01.529+0000] {processor.py:186} INFO - Started process (PID=3106) to work on /home/ubuntu/airflow_snow/lib/python3.12/site-packages/airflow/example_dags/example_xcomargs.py
[2024-09-01T04:44:01.530+0000] {processor.py:914} INFO - Processing file /home/ubuntu/airflow_snow/lib/python3.12/site-packages/airflow/example_dags/example_xcomargs.py for tasks to queue
[2024-09-01T04:44:01.533+0000] {logging_mixin.py:190} INFO - [2024-09-01T04:44:01.533+0000] {dagbag.py:587} INFO - Filling up the DagBag from /home/ubuntu/airflow_snow/lib/python3.12/site-packages/airflow/example_dags/example_xcomargs.py
[2024-09-01T04:44:01.542+0000] {processor.py:925} INFO - DAG(s) 'example_xcom_args', 'example_xcom_args_with_operators' retrieved from /home/ubuntu/airflow_snow/lib/python3.12/site-packages/airflow/example_dags/example_xcomargs.py
[2024-09-01T04:44:01.559+0000] {logging_mixin.py:190} INFO - [2024-09-01T04:44:01.559+0000] {dag.py:3211} INFO - Sync 2 DAGs
[2024-09-01T04:44:01.571+0000] {logging_mixin.py:190} INFO - [2024-09-01T04:44:01.570+0000] {dag.py:4138} INFO - Setting next_dagrun for example_xcom_args to None, run_after=None
[2024-09-01T04:44:01.574+0000] {logging_mixin.py:190} INFO - [2024-09-01T04:44:01.574+0000] {dag.py:4138} INFO - Setting next_dagrun for example_xcom_args_with_operators to None, run_after=None
[2024-09-01T04:44:01.597+0000] {processor.py:208} INFO - Processing /home/ubuntu/airflow_snow/lib/python3.12/site-packages/airflow/example_dags/example_xcomargs.py took 0.074 seconds
[2024-09-01T04:44:52.095+0000] {processor.py:186} INFO - Started process (PID=3162) to work on /home/ubuntu/airflow_snow/lib/python3.12/site-packages/airflow/example_dags/example_xcomargs.py
[2024-09-01T04:44:52.097+0000] {processor.py:914} INFO - Processing file /home/ubuntu/airflow_snow/lib/python3.12/site-packages/airflow/example_dags/example_xcomargs.py for tasks to queue
[2024-09-01T04:44:52.099+0000] {logging_mixin.py:190} INFO - [2024-09-01T04:44:52.099+0000] {dagbag.py:587} INFO - Filling up the DagBag from /home/ubuntu/airflow_snow/lib/python3.12/site-packages/airflow/example_dags/example_xcomargs.py
[2024-09-01T04:44:52.108+0000] {processor.py:925} INFO - DAG(s) 'example_xcom_args_with_operators', 'example_xcom_args' retrieved from /home/ubuntu/airflow_snow/lib/python3.12/site-packages/airflow/example_dags/example_xcomargs.py
[2024-09-01T04:44:52.125+0000] {logging_mixin.py:190} INFO - [2024-09-01T04:44:52.125+0000] {dag.py:3211} INFO - Sync 2 DAGs
[2024-09-01T04:44:52.136+0000] {logging_mixin.py:190} INFO - [2024-09-01T04:44:52.136+0000] {dag.py:4138} INFO - Setting next_dagrun for example_xcom_args to None, run_after=None
[2024-09-01T04:44:52.140+0000] {logging_mixin.py:190} INFO - [2024-09-01T04:44:52.140+0000] {dag.py:4138} INFO - Setting next_dagrun for example_xcom_args_with_operators to None, run_after=None
[2024-09-01T04:44:52.162+0000] {processor.py:208} INFO - Processing /home/ubuntu/airflow_snow/lib/python3.12/site-packages/airflow/example_dags/example_xcomargs.py took 0.072 seconds
[2024-09-01T04:45:38.570+0000] {processor.py:186} INFO - Started process (PID=3217) to work on /home/ubuntu/airflow_snow/lib/python3.12/site-packages/airflow/example_dags/example_xcomargs.py
[2024-09-01T04:45:38.572+0000] {processor.py:914} INFO - Processing file /home/ubuntu/airflow_snow/lib/python3.12/site-packages/airflow/example_dags/example_xcomargs.py for tasks to queue
[2024-09-01T04:45:38.574+0000] {logging_mixin.py:190} INFO - [2024-09-01T04:45:38.573+0000] {dagbag.py:587} INFO - Filling up the DagBag from /home/ubuntu/airflow_snow/lib/python3.12/site-packages/airflow/example_dags/example_xcomargs.py
[2024-09-01T04:45:38.583+0000] {processor.py:925} INFO - DAG(s) 'example_xcom_args_with_operators', 'example_xcom_args' retrieved from /home/ubuntu/airflow_snow/lib/python3.12/site-packages/airflow/example_dags/example_xcomargs.py
[2024-09-01T04:45:38.599+0000] {logging_mixin.py:190} INFO - [2024-09-01T04:45:38.599+0000] {dag.py:3211} INFO - Sync 2 DAGs
[2024-09-01T04:45:38.611+0000] {logging_mixin.py:190} INFO - [2024-09-01T04:45:38.611+0000] {dag.py:4138} INFO - Setting next_dagrun for example_xcom_args to None, run_after=None
[2024-09-01T04:45:38.613+0000] {logging_mixin.py:190} INFO - [2024-09-01T04:45:38.613+0000] {dag.py:4138} INFO - Setting next_dagrun for example_xcom_args_with_operators to None, run_after=None
[2024-09-01T04:45:38.637+0000] {processor.py:208} INFO - Processing /home/ubuntu/airflow_snow/lib/python3.12/site-packages/airflow/example_dags/example_xcomargs.py took 0.072 seconds
[2024-09-01T04:46:24.799+0000] {processor.py:186} INFO - Started process (PID=3265) to work on /home/ubuntu/airflow_snow/lib/python3.12/site-packages/airflow/example_dags/example_xcomargs.py
[2024-09-01T04:46:24.801+0000] {processor.py:914} INFO - Processing file /home/ubuntu/airflow_snow/lib/python3.12/site-packages/airflow/example_dags/example_xcomargs.py for tasks to queue
[2024-09-01T04:46:24.803+0000] {logging_mixin.py:190} INFO - [2024-09-01T04:46:24.803+0000] {dagbag.py:587} INFO - Filling up the DagBag from /home/ubuntu/airflow_snow/lib/python3.12/site-packages/airflow/example_dags/example_xcomargs.py
[2024-09-01T04:46:24.813+0000] {processor.py:925} INFO - DAG(s) 'example_xcom_args_with_operators', 'example_xcom_args' retrieved from /home/ubuntu/airflow_snow/lib/python3.12/site-packages/airflow/example_dags/example_xcomargs.py
[2024-09-01T04:46:24.829+0000] {logging_mixin.py:190} INFO - [2024-09-01T04:46:24.829+0000] {dag.py:3211} INFO - Sync 2 DAGs
[2024-09-01T04:46:24.840+0000] {logging_mixin.py:190} INFO - [2024-09-01T04:46:24.840+0000] {dag.py:4138} INFO - Setting next_dagrun for example_xcom_args to None, run_after=None
[2024-09-01T04:46:24.843+0000] {logging_mixin.py:190} INFO - [2024-09-01T04:46:24.843+0000] {dag.py:4138} INFO - Setting next_dagrun for example_xcom_args_with_operators to None, run_after=None
[2024-09-01T04:46:24.862+0000] {processor.py:208} INFO - Processing /home/ubuntu/airflow_snow/lib/python3.12/site-packages/airflow/example_dags/example_xcomargs.py took 0.068 seconds
[2024-09-01T04:47:14.016+0000] {processor.py:186} INFO - Started process (PID=3315) to work on /home/ubuntu/airflow_snow/lib/python3.12/site-packages/airflow/example_dags/example_xcomargs.py
[2024-09-01T04:47:14.019+0000] {processor.py:914} INFO - Processing file /home/ubuntu/airflow_snow/lib/python3.12/site-packages/airflow/example_dags/example_xcomargs.py for tasks to queue
[2024-09-01T04:47:14.021+0000] {logging_mixin.py:190} INFO - [2024-09-01T04:47:14.021+0000] {dagbag.py:587} INFO - Filling up the DagBag from /home/ubuntu/airflow_snow/lib/python3.12/site-packages/airflow/example_dags/example_xcomargs.py
[2024-09-01T04:47:14.030+0000] {processor.py:925} INFO - DAG(s) 'example_xcom_args_with_operators', 'example_xcom_args' retrieved from /home/ubuntu/airflow_snow/lib/python3.12/site-packages/airflow/example_dags/example_xcomargs.py
[2024-09-01T04:47:14.047+0000] {logging_mixin.py:190} INFO - [2024-09-01T04:47:14.047+0000] {dag.py:3211} INFO - Sync 2 DAGs
[2024-09-01T04:47:14.059+0000] {logging_mixin.py:190} INFO - [2024-09-01T04:47:14.059+0000] {dag.py:4138} INFO - Setting next_dagrun for example_xcom_args to None, run_after=None
[2024-09-01T04:47:14.062+0000] {logging_mixin.py:190} INFO - [2024-09-01T04:47:14.062+0000] {dag.py:4138} INFO - Setting next_dagrun for example_xcom_args_with_operators to None, run_after=None
[2024-09-01T04:47:14.085+0000] {processor.py:208} INFO - Processing /home/ubuntu/airflow_snow/lib/python3.12/site-packages/airflow/example_dags/example_xcomargs.py took 0.075 seconds
[2024-09-01T04:48:02.746+0000] {processor.py:186} INFO - Started process (PID=3366) to work on /home/ubuntu/airflow_snow/lib/python3.12/site-packages/airflow/example_dags/example_xcomargs.py
[2024-09-01T04:48:02.747+0000] {processor.py:914} INFO - Processing file /home/ubuntu/airflow_snow/lib/python3.12/site-packages/airflow/example_dags/example_xcomargs.py for tasks to queue
[2024-09-01T04:48:02.750+0000] {logging_mixin.py:190} INFO - [2024-09-01T04:48:02.750+0000] {dagbag.py:587} INFO - Filling up the DagBag from /home/ubuntu/airflow_snow/lib/python3.12/site-packages/airflow/example_dags/example_xcomargs.py
[2024-09-01T04:48:02.761+0000] {processor.py:925} INFO - DAG(s) 'example_xcom_args_with_operators', 'example_xcom_args' retrieved from /home/ubuntu/airflow_snow/lib/python3.12/site-packages/airflow/example_dags/example_xcomargs.py
[2024-09-01T04:48:02.778+0000] {logging_mixin.py:190} INFO - [2024-09-01T04:48:02.778+0000] {dag.py:3211} INFO - Sync 2 DAGs
[2024-09-01T04:48:02.790+0000] {logging_mixin.py:190} INFO - [2024-09-01T04:48:02.789+0000] {dag.py:4138} INFO - Setting next_dagrun for example_xcom_args to None, run_after=None
[2024-09-01T04:48:02.793+0000] {logging_mixin.py:190} INFO - [2024-09-01T04:48:02.793+0000] {dag.py:4138} INFO - Setting next_dagrun for example_xcom_args_with_operators to None, run_after=None
[2024-09-01T04:48:02.814+0000] {processor.py:208} INFO - Processing /home/ubuntu/airflow_snow/lib/python3.12/site-packages/airflow/example_dags/example_xcomargs.py took 0.073 seconds
[2024-09-01T04:48:51.450+0000] {processor.py:186} INFO - Started process (PID=3417) to work on /home/ubuntu/airflow_snow/lib/python3.12/site-packages/airflow/example_dags/example_xcomargs.py
[2024-09-01T04:48:51.452+0000] {processor.py:914} INFO - Processing file /home/ubuntu/airflow_snow/lib/python3.12/site-packages/airflow/example_dags/example_xcomargs.py for tasks to queue
[2024-09-01T04:48:51.454+0000] {logging_mixin.py:190} INFO - [2024-09-01T04:48:51.454+0000] {dagbag.py:587} INFO - Filling up the DagBag from /home/ubuntu/airflow_snow/lib/python3.12/site-packages/airflow/example_dags/example_xcomargs.py
[2024-09-01T04:48:51.464+0000] {processor.py:925} INFO - DAG(s) 'example_xcom_args', 'example_xcom_args_with_operators' retrieved from /home/ubuntu/airflow_snow/lib/python3.12/site-packages/airflow/example_dags/example_xcomargs.py
[2024-09-01T04:48:51.482+0000] {logging_mixin.py:190} INFO - [2024-09-01T04:48:51.481+0000] {dag.py:3211} INFO - Sync 2 DAGs
[2024-09-01T04:48:51.492+0000] {logging_mixin.py:190} INFO - [2024-09-01T04:48:51.492+0000] {dag.py:4138} INFO - Setting next_dagrun for example_xcom_args to None, run_after=None
[2024-09-01T04:48:51.495+0000] {logging_mixin.py:190} INFO - [2024-09-01T04:48:51.495+0000] {dag.py:4138} INFO - Setting next_dagrun for example_xcom_args_with_operators to None, run_after=None
[2024-09-01T04:48:51.515+0000] {processor.py:208} INFO - Processing /home/ubuntu/airflow_snow/lib/python3.12/site-packages/airflow/example_dags/example_xcomargs.py took 0.070 seconds
[2024-09-01T04:49:39.155+0000] {processor.py:186} INFO - Started process (PID=3467) to work on /home/ubuntu/airflow_snow/lib/python3.12/site-packages/airflow/example_dags/example_xcomargs.py
[2024-09-01T04:49:39.157+0000] {processor.py:914} INFO - Processing file /home/ubuntu/airflow_snow/lib/python3.12/site-packages/airflow/example_dags/example_xcomargs.py for tasks to queue
[2024-09-01T04:49:39.159+0000] {logging_mixin.py:190} INFO - [2024-09-01T04:49:39.159+0000] {dagbag.py:587} INFO - Filling up the DagBag from /home/ubuntu/airflow_snow/lib/python3.12/site-packages/airflow/example_dags/example_xcomargs.py
[2024-09-01T04:49:39.168+0000] {processor.py:925} INFO - DAG(s) 'example_xcom_args_with_operators', 'example_xcom_args' retrieved from /home/ubuntu/airflow_snow/lib/python3.12/site-packages/airflow/example_dags/example_xcomargs.py
[2024-09-01T04:49:39.186+0000] {logging_mixin.py:190} INFO - [2024-09-01T04:49:39.185+0000] {dag.py:3211} INFO - Sync 2 DAGs
[2024-09-01T04:49:39.196+0000] {logging_mixin.py:190} INFO - [2024-09-01T04:49:39.196+0000] {dag.py:4138} INFO - Setting next_dagrun for example_xcom_args to None, run_after=None
[2024-09-01T04:49:39.199+0000] {logging_mixin.py:190} INFO - [2024-09-01T04:49:39.199+0000] {dag.py:4138} INFO - Setting next_dagrun for example_xcom_args_with_operators to None, run_after=None
[2024-09-01T04:49:39.221+0000] {processor.py:208} INFO - Processing /home/ubuntu/airflow_snow/lib/python3.12/site-packages/airflow/example_dags/example_xcomargs.py took 0.072 seconds
[2024-09-01T04:50:22.690+0000] {processor.py:186} INFO - Started process (PID=3515) to work on /home/ubuntu/airflow_snow/lib/python3.12/site-packages/airflow/example_dags/example_xcomargs.py
[2024-09-01T04:50:22.693+0000] {processor.py:914} INFO - Processing file /home/ubuntu/airflow_snow/lib/python3.12/site-packages/airflow/example_dags/example_xcomargs.py for tasks to queue
[2024-09-01T04:50:22.695+0000] {logging_mixin.py:190} INFO - [2024-09-01T04:50:22.694+0000] {dagbag.py:587} INFO - Filling up the DagBag from /home/ubuntu/airflow_snow/lib/python3.12/site-packages/airflow/example_dags/example_xcomargs.py
[2024-09-01T04:50:22.705+0000] {processor.py:925} INFO - DAG(s) 'example_xcom_args_with_operators', 'example_xcom_args' retrieved from /home/ubuntu/airflow_snow/lib/python3.12/site-packages/airflow/example_dags/example_xcomargs.py
[2024-09-01T04:50:22.721+0000] {logging_mixin.py:190} INFO - [2024-09-01T04:50:22.721+0000] {dag.py:3211} INFO - Sync 2 DAGs
[2024-09-01T04:50:22.732+0000] {logging_mixin.py:190} INFO - [2024-09-01T04:50:22.732+0000] {dag.py:4138} INFO - Setting next_dagrun for example_xcom_args to None, run_after=None
[2024-09-01T04:50:22.735+0000] {logging_mixin.py:190} INFO - [2024-09-01T04:50:22.735+0000] {dag.py:4138} INFO - Setting next_dagrun for example_xcom_args_with_operators to None, run_after=None
[2024-09-01T04:50:22.757+0000] {processor.py:208} INFO - Processing /home/ubuntu/airflow_snow/lib/python3.12/site-packages/airflow/example_dags/example_xcomargs.py took 0.072 seconds
[2024-09-01T04:51:09.035+0000] {processor.py:186} INFO - Started process (PID=3567) to work on /home/ubuntu/airflow_snow/lib/python3.12/site-packages/airflow/example_dags/example_xcomargs.py
[2024-09-01T04:51:09.037+0000] {processor.py:914} INFO - Processing file /home/ubuntu/airflow_snow/lib/python3.12/site-packages/airflow/example_dags/example_xcomargs.py for tasks to queue
[2024-09-01T04:51:09.039+0000] {logging_mixin.py:190} INFO - [2024-09-01T04:51:09.039+0000] {dagbag.py:587} INFO - Filling up the DagBag from /home/ubuntu/airflow_snow/lib/python3.12/site-packages/airflow/example_dags/example_xcomargs.py
[2024-09-01T04:51:09.049+0000] {processor.py:925} INFO - DAG(s) 'example_xcom_args_with_operators', 'example_xcom_args' retrieved from /home/ubuntu/airflow_snow/lib/python3.12/site-packages/airflow/example_dags/example_xcomargs.py
[2024-09-01T04:51:09.066+0000] {logging_mixin.py:190} INFO - [2024-09-01T04:51:09.065+0000] {dag.py:3211} INFO - Sync 2 DAGs
[2024-09-01T04:51:09.077+0000] {logging_mixin.py:190} INFO - [2024-09-01T04:51:09.076+0000] {dag.py:4138} INFO - Setting next_dagrun for example_xcom_args to None, run_after=None
[2024-09-01T04:51:09.079+0000] {logging_mixin.py:190} INFO - [2024-09-01T04:51:09.079+0000] {dag.py:4138} INFO - Setting next_dagrun for example_xcom_args_with_operators to None, run_after=None
[2024-09-01T04:51:09.102+0000] {processor.py:208} INFO - Processing /home/ubuntu/airflow_snow/lib/python3.12/site-packages/airflow/example_dags/example_xcomargs.py took 0.072 seconds
[2024-09-01T04:52:00.427+0000] {processor.py:186} INFO - Started process (PID=3620) to work on /home/ubuntu/airflow_snow/lib/python3.12/site-packages/airflow/example_dags/example_xcomargs.py
[2024-09-01T04:52:00.429+0000] {processor.py:914} INFO - Processing file /home/ubuntu/airflow_snow/lib/python3.12/site-packages/airflow/example_dags/example_xcomargs.py for tasks to queue
[2024-09-01T04:52:00.431+0000] {logging_mixin.py:190} INFO - [2024-09-01T04:52:00.431+0000] {dagbag.py:587} INFO - Filling up the DagBag from /home/ubuntu/airflow_snow/lib/python3.12/site-packages/airflow/example_dags/example_xcomargs.py
[2024-09-01T04:52:00.441+0000] {processor.py:925} INFO - DAG(s) 'example_xcom_args', 'example_xcom_args_with_operators' retrieved from /home/ubuntu/airflow_snow/lib/python3.12/site-packages/airflow/example_dags/example_xcomargs.py
[2024-09-01T04:52:00.458+0000] {logging_mixin.py:190} INFO - [2024-09-01T04:52:00.458+0000] {dag.py:3211} INFO - Sync 2 DAGs
[2024-09-01T04:52:00.469+0000] {logging_mixin.py:190} INFO - [2024-09-01T04:52:00.468+0000] {dag.py:4138} INFO - Setting next_dagrun for example_xcom_args to None, run_after=None
[2024-09-01T04:52:00.471+0000] {logging_mixin.py:190} INFO - [2024-09-01T04:52:00.471+0000] {dag.py:4138} INFO - Setting next_dagrun for example_xcom_args_with_operators to None, run_after=None
[2024-09-01T04:52:00.491+0000] {processor.py:208} INFO - Processing /home/ubuntu/airflow_snow/lib/python3.12/site-packages/airflow/example_dags/example_xcomargs.py took 0.069 seconds
[2024-09-01T04:52:49.436+0000] {processor.py:186} INFO - Started process (PID=3670) to work on /home/ubuntu/airflow_snow/lib/python3.12/site-packages/airflow/example_dags/example_xcomargs.py
[2024-09-01T04:52:49.438+0000] {processor.py:914} INFO - Processing file /home/ubuntu/airflow_snow/lib/python3.12/site-packages/airflow/example_dags/example_xcomargs.py for tasks to queue
[2024-09-01T04:52:49.440+0000] {logging_mixin.py:190} INFO - [2024-09-01T04:52:49.440+0000] {dagbag.py:587} INFO - Filling up the DagBag from /home/ubuntu/airflow_snow/lib/python3.12/site-packages/airflow/example_dags/example_xcomargs.py
[2024-09-01T04:52:49.450+0000] {processor.py:925} INFO - DAG(s) 'example_xcom_args', 'example_xcom_args_with_operators' retrieved from /home/ubuntu/airflow_snow/lib/python3.12/site-packages/airflow/example_dags/example_xcomargs.py
[2024-09-01T04:52:49.467+0000] {logging_mixin.py:190} INFO - [2024-09-01T04:52:49.467+0000] {dag.py:3211} INFO - Sync 2 DAGs
[2024-09-01T04:52:49.478+0000] {logging_mixin.py:190} INFO - [2024-09-01T04:52:49.478+0000] {dag.py:4138} INFO - Setting next_dagrun for example_xcom_args to None, run_after=None
[2024-09-01T04:52:49.481+0000] {logging_mixin.py:190} INFO - [2024-09-01T04:52:49.481+0000] {dag.py:4138} INFO - Setting next_dagrun for example_xcom_args_with_operators to None, run_after=None
[2024-09-01T04:52:49.503+0000] {processor.py:208} INFO - Processing /home/ubuntu/airflow_snow/lib/python3.12/site-packages/airflow/example_dags/example_xcomargs.py took 0.082 seconds
