[2024-09-01T04:28:51.866+0000] {processor.py:186} INFO - Started process (PID=2170) to work on /home/ubuntu/airflow_snow/lib/python3.12/site-packages/airflow/example_dags/example_setup_teardown_taskflow.py
[2024-09-01T04:28:51.867+0000] {processor.py:914} INFO - Processing file /home/ubuntu/airflow_snow/lib/python3.12/site-packages/airflow/example_dags/example_setup_teardown_taskflow.py for tasks to queue
[2024-09-01T04:28:51.870+0000] {logging_mixin.py:190} INFO - [2024-09-01T04:28:51.869+0000] {dagbag.py:587} INFO - Filling up the DagBag from /home/ubuntu/airflow_snow/lib/python3.12/site-packages/airflow/example_dags/example_setup_teardown_taskflow.py
[2024-09-01T04:28:51.879+0000] {processor.py:925} INFO - DAG(s) 'example_setup_teardown_taskflow' retrieved from /home/ubuntu/airflow_snow/lib/python3.12/site-packages/airflow/example_dags/example_setup_teardown_taskflow.py
[2024-09-01T04:28:51.991+0000] {logging_mixin.py:190} INFO - [2024-09-01T04:28:51.990+0000] {override.py:1900} INFO - Created Permission View: can delete on DAG:example_setup_teardown_taskflow
[2024-09-01T04:28:52.003+0000] {logging_mixin.py:190} INFO - [2024-09-01T04:28:52.002+0000] {override.py:1900} INFO - Created Permission View: can read on DAG:example_setup_teardown_taskflow
[2024-09-01T04:28:52.011+0000] {logging_mixin.py:190} INFO - [2024-09-01T04:28:52.011+0000] {override.py:1900} INFO - Created Permission View: can edit on DAG:example_setup_teardown_taskflow
[2024-09-01T04:28:52.030+0000] {logging_mixin.py:190} INFO - [2024-09-01T04:28:52.030+0000] {override.py:1900} INFO - Created Permission View: menu access on DAG Run:example_setup_teardown_taskflow
[2024-09-01T04:28:52.042+0000] {logging_mixin.py:190} INFO - [2024-09-01T04:28:52.041+0000] {override.py:1900} INFO - Created Permission View: can create on DAG Run:example_setup_teardown_taskflow
[2024-09-01T04:28:52.053+0000] {logging_mixin.py:190} INFO - [2024-09-01T04:28:52.053+0000] {override.py:1900} INFO - Created Permission View: can read on DAG Run:example_setup_teardown_taskflow
[2024-09-01T04:28:52.064+0000] {logging_mixin.py:190} INFO - [2024-09-01T04:28:52.064+0000] {override.py:1900} INFO - Created Permission View: can delete on DAG Run:example_setup_teardown_taskflow
[2024-09-01T04:28:52.065+0000] {logging_mixin.py:190} INFO - [2024-09-01T04:28:52.064+0000] {dag.py:3211} INFO - Sync 1 DAGs
[2024-09-01T04:28:52.074+0000] {logging_mixin.py:190} INFO - [2024-09-01T04:28:52.074+0000] {dag.py:3234} INFO - Creating ORM DAG for example_setup_teardown_taskflow
[2024-09-01T04:28:52.082+0000] {logging_mixin.py:190} INFO - [2024-09-01T04:28:52.082+0000] {dag.py:4138} INFO - Setting next_dagrun for example_setup_teardown_taskflow to 2024-08-31 00:00:00+00:00, run_after=2024-09-01 00:00:00+00:00
[2024-09-01T04:28:52.103+0000] {processor.py:208} INFO - Processing /home/ubuntu/airflow_snow/lib/python3.12/site-packages/airflow/example_dags/example_setup_teardown_taskflow.py took 0.243 seconds
[2024-09-01T04:29:55.262+0000] {processor.py:186} INFO - Started process (PID=2226) to work on /home/ubuntu/airflow_snow/lib/python3.12/site-packages/airflow/example_dags/example_setup_teardown_taskflow.py
[2024-09-01T04:29:55.265+0000] {processor.py:914} INFO - Processing file /home/ubuntu/airflow_snow/lib/python3.12/site-packages/airflow/example_dags/example_setup_teardown_taskflow.py for tasks to queue
[2024-09-01T04:29:55.266+0000] {logging_mixin.py:190} INFO - [2024-09-01T04:29:55.266+0000] {dagbag.py:587} INFO - Filling up the DagBag from /home/ubuntu/airflow_snow/lib/python3.12/site-packages/airflow/example_dags/example_setup_teardown_taskflow.py
[2024-09-01T04:29:55.277+0000] {processor.py:925} INFO - DAG(s) 'example_setup_teardown_taskflow' retrieved from /home/ubuntu/airflow_snow/lib/python3.12/site-packages/airflow/example_dags/example_setup_teardown_taskflow.py
[2024-09-01T04:29:55.292+0000] {logging_mixin.py:190} INFO - [2024-09-01T04:29:55.292+0000] {dag.py:3211} INFO - Sync 1 DAGs
[2024-09-01T04:29:55.310+0000] {logging_mixin.py:190} INFO - [2024-09-01T04:29:55.310+0000] {dag.py:4138} INFO - Setting next_dagrun for example_setup_teardown_taskflow to 2024-08-31 00:00:00+00:00, run_after=2024-09-01 00:00:00+00:00
[2024-09-01T04:29:55.332+0000] {processor.py:208} INFO - Processing /home/ubuntu/airflow_snow/lib/python3.12/site-packages/airflow/example_dags/example_setup_teardown_taskflow.py took 0.075 seconds
[2024-09-01T04:30:51.261+0000] {processor.py:186} INFO - Started process (PID=2289) to work on /home/ubuntu/airflow_snow/lib/python3.12/site-packages/airflow/example_dags/example_setup_teardown_taskflow.py
[2024-09-01T04:30:51.264+0000] {processor.py:914} INFO - Processing file /home/ubuntu/airflow_snow/lib/python3.12/site-packages/airflow/example_dags/example_setup_teardown_taskflow.py for tasks to queue
[2024-09-01T04:30:51.265+0000] {logging_mixin.py:190} INFO - [2024-09-01T04:30:51.265+0000] {dagbag.py:587} INFO - Filling up the DagBag from /home/ubuntu/airflow_snow/lib/python3.12/site-packages/airflow/example_dags/example_setup_teardown_taskflow.py
[2024-09-01T04:30:51.275+0000] {processor.py:925} INFO - DAG(s) 'example_setup_teardown_taskflow' retrieved from /home/ubuntu/airflow_snow/lib/python3.12/site-packages/airflow/example_dags/example_setup_teardown_taskflow.py
[2024-09-01T04:30:51.291+0000] {logging_mixin.py:190} INFO - [2024-09-01T04:30:51.291+0000] {dag.py:3211} INFO - Sync 1 DAGs
[2024-09-01T04:30:51.309+0000] {logging_mixin.py:190} INFO - [2024-09-01T04:30:51.308+0000] {dag.py:4138} INFO - Setting next_dagrun for example_setup_teardown_taskflow to 2024-08-31 00:00:00+00:00, run_after=2024-09-01 00:00:00+00:00
[2024-09-01T04:30:51.331+0000] {processor.py:208} INFO - Processing /home/ubuntu/airflow_snow/lib/python3.12/site-packages/airflow/example_dags/example_setup_teardown_taskflow.py took 0.075 seconds
[2024-09-01T04:31:44.959+0000] {processor.py:186} INFO - Started process (PID=2345) to work on /home/ubuntu/airflow_snow/lib/python3.12/site-packages/airflow/example_dags/example_setup_teardown_taskflow.py
[2024-09-01T04:31:44.960+0000] {processor.py:914} INFO - Processing file /home/ubuntu/airflow_snow/lib/python3.12/site-packages/airflow/example_dags/example_setup_teardown_taskflow.py for tasks to queue
[2024-09-01T04:31:44.962+0000] {logging_mixin.py:190} INFO - [2024-09-01T04:31:44.962+0000] {dagbag.py:587} INFO - Filling up the DagBag from /home/ubuntu/airflow_snow/lib/python3.12/site-packages/airflow/example_dags/example_setup_teardown_taskflow.py
[2024-09-01T04:31:44.973+0000] {processor.py:925} INFO - DAG(s) 'example_setup_teardown_taskflow' retrieved from /home/ubuntu/airflow_snow/lib/python3.12/site-packages/airflow/example_dags/example_setup_teardown_taskflow.py
[2024-09-01T04:31:44.988+0000] {logging_mixin.py:190} INFO - [2024-09-01T04:31:44.987+0000] {dag.py:3211} INFO - Sync 1 DAGs
[2024-09-01T04:31:45.005+0000] {logging_mixin.py:190} INFO - [2024-09-01T04:31:45.005+0000] {dag.py:4138} INFO - Setting next_dagrun for example_setup_teardown_taskflow to 2024-08-31 00:00:00+00:00, run_after=2024-09-01 00:00:00+00:00
[2024-09-01T04:31:45.026+0000] {processor.py:208} INFO - Processing /home/ubuntu/airflow_snow/lib/python3.12/site-packages/airflow/example_dags/example_setup_teardown_taskflow.py took 0.073 seconds
[2024-09-01T04:32:33.728+0000] {processor.py:186} INFO - Started process (PID=2396) to work on /home/ubuntu/airflow_snow/lib/python3.12/site-packages/airflow/example_dags/example_setup_teardown_taskflow.py
[2024-09-01T04:32:33.729+0000] {processor.py:914} INFO - Processing file /home/ubuntu/airflow_snow/lib/python3.12/site-packages/airflow/example_dags/example_setup_teardown_taskflow.py for tasks to queue
[2024-09-01T04:32:33.731+0000] {logging_mixin.py:190} INFO - [2024-09-01T04:32:33.731+0000] {dagbag.py:587} INFO - Filling up the DagBag from /home/ubuntu/airflow_snow/lib/python3.12/site-packages/airflow/example_dags/example_setup_teardown_taskflow.py
[2024-09-01T04:32:33.741+0000] {processor.py:925} INFO - DAG(s) 'example_setup_teardown_taskflow' retrieved from /home/ubuntu/airflow_snow/lib/python3.12/site-packages/airflow/example_dags/example_setup_teardown_taskflow.py
[2024-09-01T04:32:33.757+0000] {logging_mixin.py:190} INFO - [2024-09-01T04:32:33.757+0000] {dag.py:3211} INFO - Sync 1 DAGs
[2024-09-01T04:32:33.775+0000] {logging_mixin.py:190} INFO - [2024-09-01T04:32:33.775+0000] {dag.py:4138} INFO - Setting next_dagrun for example_setup_teardown_taskflow to 2024-08-31 00:00:00+00:00, run_after=2024-09-01 00:00:00+00:00
[2024-09-01T04:32:33.800+0000] {processor.py:208} INFO - Processing /home/ubuntu/airflow_snow/lib/python3.12/site-packages/airflow/example_dags/example_setup_teardown_taskflow.py took 0.077 seconds
[2024-09-01T04:33:22.686+0000] {processor.py:186} INFO - Started process (PID=2446) to work on /home/ubuntu/airflow_snow/lib/python3.12/site-packages/airflow/example_dags/example_setup_teardown_taskflow.py
[2024-09-01T04:33:22.688+0000] {processor.py:914} INFO - Processing file /home/ubuntu/airflow_snow/lib/python3.12/site-packages/airflow/example_dags/example_setup_teardown_taskflow.py for tasks to queue
[2024-09-01T04:33:22.691+0000] {logging_mixin.py:190} INFO - [2024-09-01T04:33:22.691+0000] {dagbag.py:587} INFO - Filling up the DagBag from /home/ubuntu/airflow_snow/lib/python3.12/site-packages/airflow/example_dags/example_setup_teardown_taskflow.py
[2024-09-01T04:33:22.701+0000] {processor.py:925} INFO - DAG(s) 'example_setup_teardown_taskflow' retrieved from /home/ubuntu/airflow_snow/lib/python3.12/site-packages/airflow/example_dags/example_setup_teardown_taskflow.py
[2024-09-01T04:33:22.716+0000] {logging_mixin.py:190} INFO - [2024-09-01T04:33:22.716+0000] {dag.py:3211} INFO - Sync 1 DAGs
[2024-09-01T04:33:22.734+0000] {logging_mixin.py:190} INFO - [2024-09-01T04:33:22.734+0000] {dag.py:4138} INFO - Setting next_dagrun for example_setup_teardown_taskflow to 2024-08-31 00:00:00+00:00, run_after=2024-09-01 00:00:00+00:00
[2024-09-01T04:33:22.755+0000] {processor.py:208} INFO - Processing /home/ubuntu/airflow_snow/lib/python3.12/site-packages/airflow/example_dags/example_setup_teardown_taskflow.py took 0.073 seconds
[2024-09-01T04:34:14.015+0000] {processor.py:186} INFO - Started process (PID=2500) to work on /home/ubuntu/airflow_snow/lib/python3.12/site-packages/airflow/example_dags/example_setup_teardown_taskflow.py
[2024-09-01T04:34:14.017+0000] {processor.py:914} INFO - Processing file /home/ubuntu/airflow_snow/lib/python3.12/site-packages/airflow/example_dags/example_setup_teardown_taskflow.py for tasks to queue
[2024-09-01T04:34:14.019+0000] {logging_mixin.py:190} INFO - [2024-09-01T04:34:14.018+0000] {dagbag.py:587} INFO - Filling up the DagBag from /home/ubuntu/airflow_snow/lib/python3.12/site-packages/airflow/example_dags/example_setup_teardown_taskflow.py
[2024-09-01T04:34:14.029+0000] {processor.py:925} INFO - DAG(s) 'example_setup_teardown_taskflow' retrieved from /home/ubuntu/airflow_snow/lib/python3.12/site-packages/airflow/example_dags/example_setup_teardown_taskflow.py
[2024-09-01T04:34:14.046+0000] {logging_mixin.py:190} INFO - [2024-09-01T04:34:14.046+0000] {dag.py:3211} INFO - Sync 1 DAGs
[2024-09-01T04:34:14.063+0000] {logging_mixin.py:190} INFO - [2024-09-01T04:34:14.063+0000] {dag.py:4138} INFO - Setting next_dagrun for example_setup_teardown_taskflow to 2024-08-31 00:00:00+00:00, run_after=2024-09-01 00:00:00+00:00
[2024-09-01T04:34:14.086+0000] {processor.py:208} INFO - Processing /home/ubuntu/airflow_snow/lib/python3.12/site-packages/airflow/example_dags/example_setup_teardown_taskflow.py took 0.076 seconds
[2024-09-01T04:35:02.499+0000] {processor.py:186} INFO - Started process (PID=2555) to work on /home/ubuntu/airflow_snow/lib/python3.12/site-packages/airflow/example_dags/example_setup_teardown_taskflow.py
[2024-09-01T04:35:02.501+0000] {processor.py:914} INFO - Processing file /home/ubuntu/airflow_snow/lib/python3.12/site-packages/airflow/example_dags/example_setup_teardown_taskflow.py for tasks to queue
[2024-09-01T04:35:02.503+0000] {logging_mixin.py:190} INFO - [2024-09-01T04:35:02.503+0000] {dagbag.py:587} INFO - Filling up the DagBag from /home/ubuntu/airflow_snow/lib/python3.12/site-packages/airflow/example_dags/example_setup_teardown_taskflow.py
[2024-09-01T04:35:02.513+0000] {processor.py:925} INFO - DAG(s) 'example_setup_teardown_taskflow' retrieved from /home/ubuntu/airflow_snow/lib/python3.12/site-packages/airflow/example_dags/example_setup_teardown_taskflow.py
[2024-09-01T04:35:02.530+0000] {logging_mixin.py:190} INFO - [2024-09-01T04:35:02.530+0000] {dag.py:3211} INFO - Sync 1 DAGs
[2024-09-01T04:35:02.550+0000] {logging_mixin.py:190} INFO - [2024-09-01T04:35:02.550+0000] {dag.py:4138} INFO - Setting next_dagrun for example_setup_teardown_taskflow to 2024-08-31 00:00:00+00:00, run_after=2024-09-01 00:00:00+00:00
[2024-09-01T04:35:02.571+0000] {processor.py:208} INFO - Processing /home/ubuntu/airflow_snow/lib/python3.12/site-packages/airflow/example_dags/example_setup_teardown_taskflow.py took 0.078 seconds
[2024-09-01T04:35:51.595+0000] {processor.py:186} INFO - Started process (PID=2604) to work on /home/ubuntu/airflow_snow/lib/python3.12/site-packages/airflow/example_dags/example_setup_teardown_taskflow.py
[2024-09-01T04:35:51.597+0000] {processor.py:914} INFO - Processing file /home/ubuntu/airflow_snow/lib/python3.12/site-packages/airflow/example_dags/example_setup_teardown_taskflow.py for tasks to queue
[2024-09-01T04:35:51.599+0000] {logging_mixin.py:190} INFO - [2024-09-01T04:35:51.598+0000] {dagbag.py:587} INFO - Filling up the DagBag from /home/ubuntu/airflow_snow/lib/python3.12/site-packages/airflow/example_dags/example_setup_teardown_taskflow.py
[2024-09-01T04:35:51.609+0000] {processor.py:925} INFO - DAG(s) 'example_setup_teardown_taskflow' retrieved from /home/ubuntu/airflow_snow/lib/python3.12/site-packages/airflow/example_dags/example_setup_teardown_taskflow.py
[2024-09-01T04:35:51.624+0000] {logging_mixin.py:190} INFO - [2024-09-01T04:35:51.624+0000] {dag.py:3211} INFO - Sync 1 DAGs
[2024-09-01T04:35:51.642+0000] {logging_mixin.py:190} INFO - [2024-09-01T04:35:51.642+0000] {dag.py:4138} INFO - Setting next_dagrun for example_setup_teardown_taskflow to 2024-08-31 00:00:00+00:00, run_after=2024-09-01 00:00:00+00:00
[2024-09-01T04:35:51.666+0000] {processor.py:208} INFO - Processing /home/ubuntu/airflow_snow/lib/python3.12/site-packages/airflow/example_dags/example_setup_teardown_taskflow.py took 0.075 seconds
[2024-09-01T04:36:44.284+0000] {processor.py:186} INFO - Started process (PID=2657) to work on /home/ubuntu/airflow_snow/lib/python3.12/site-packages/airflow/example_dags/example_setup_teardown_taskflow.py
[2024-09-01T04:36:44.287+0000] {processor.py:914} INFO - Processing file /home/ubuntu/airflow_snow/lib/python3.12/site-packages/airflow/example_dags/example_setup_teardown_taskflow.py for tasks to queue
[2024-09-01T04:36:44.288+0000] {logging_mixin.py:190} INFO - [2024-09-01T04:36:44.288+0000] {dagbag.py:587} INFO - Filling up the DagBag from /home/ubuntu/airflow_snow/lib/python3.12/site-packages/airflow/example_dags/example_setup_teardown_taskflow.py
[2024-09-01T04:36:44.301+0000] {processor.py:925} INFO - DAG(s) 'example_setup_teardown_taskflow' retrieved from /home/ubuntu/airflow_snow/lib/python3.12/site-packages/airflow/example_dags/example_setup_teardown_taskflow.py
[2024-09-01T04:36:44.314+0000] {logging_mixin.py:190} INFO - [2024-09-01T04:36:44.314+0000] {dag.py:3211} INFO - Sync 1 DAGs
[2024-09-01T04:36:44.332+0000] {logging_mixin.py:190} INFO - [2024-09-01T04:36:44.332+0000] {dag.py:4138} INFO - Setting next_dagrun for example_setup_teardown_taskflow to 2024-08-31 00:00:00+00:00, run_after=2024-09-01 00:00:00+00:00
[2024-09-01T04:36:44.353+0000] {processor.py:208} INFO - Processing /home/ubuntu/airflow_snow/lib/python3.12/site-packages/airflow/example_dags/example_setup_teardown_taskflow.py took 0.075 seconds
[2024-09-01T04:37:36.438+0000] {processor.py:186} INFO - Started process (PID=2710) to work on /home/ubuntu/airflow_snow/lib/python3.12/site-packages/airflow/example_dags/example_setup_teardown_taskflow.py
[2024-09-01T04:37:36.441+0000] {processor.py:914} INFO - Processing file /home/ubuntu/airflow_snow/lib/python3.12/site-packages/airflow/example_dags/example_setup_teardown_taskflow.py for tasks to queue
[2024-09-01T04:37:36.442+0000] {logging_mixin.py:190} INFO - [2024-09-01T04:37:36.442+0000] {dagbag.py:587} INFO - Filling up the DagBag from /home/ubuntu/airflow_snow/lib/python3.12/site-packages/airflow/example_dags/example_setup_teardown_taskflow.py
[2024-09-01T04:37:36.452+0000] {processor.py:925} INFO - DAG(s) 'example_setup_teardown_taskflow' retrieved from /home/ubuntu/airflow_snow/lib/python3.12/site-packages/airflow/example_dags/example_setup_teardown_taskflow.py
[2024-09-01T04:37:36.468+0000] {logging_mixin.py:190} INFO - [2024-09-01T04:37:36.468+0000] {dag.py:3211} INFO - Sync 1 DAGs
[2024-09-01T04:37:36.486+0000] {logging_mixin.py:190} INFO - [2024-09-01T04:37:36.486+0000] {dag.py:4138} INFO - Setting next_dagrun for example_setup_teardown_taskflow to 2024-08-31 00:00:00+00:00, run_after=2024-09-01 00:00:00+00:00
[2024-09-01T04:37:36.506+0000] {processor.py:208} INFO - Processing /home/ubuntu/airflow_snow/lib/python3.12/site-packages/airflow/example_dags/example_setup_teardown_taskflow.py took 0.072 seconds
[2024-09-01T04:38:25.957+0000] {processor.py:186} INFO - Started process (PID=2761) to work on /home/ubuntu/airflow_snow/lib/python3.12/site-packages/airflow/example_dags/example_setup_teardown_taskflow.py
[2024-09-01T04:38:25.960+0000] {processor.py:914} INFO - Processing file /home/ubuntu/airflow_snow/lib/python3.12/site-packages/airflow/example_dags/example_setup_teardown_taskflow.py for tasks to queue
[2024-09-01T04:38:25.961+0000] {logging_mixin.py:190} INFO - [2024-09-01T04:38:25.961+0000] {dagbag.py:587} INFO - Filling up the DagBag from /home/ubuntu/airflow_snow/lib/python3.12/site-packages/airflow/example_dags/example_setup_teardown_taskflow.py
[2024-09-01T04:38:25.971+0000] {processor.py:925} INFO - DAG(s) 'example_setup_teardown_taskflow' retrieved from /home/ubuntu/airflow_snow/lib/python3.12/site-packages/airflow/example_dags/example_setup_teardown_taskflow.py
[2024-09-01T04:38:25.988+0000] {logging_mixin.py:190} INFO - [2024-09-01T04:38:25.987+0000] {dag.py:3211} INFO - Sync 1 DAGs
[2024-09-01T04:38:26.006+0000] {logging_mixin.py:190} INFO - [2024-09-01T04:38:26.006+0000] {dag.py:4138} INFO - Setting next_dagrun for example_setup_teardown_taskflow to 2024-08-31 00:00:00+00:00, run_after=2024-09-01 00:00:00+00:00
[2024-09-01T04:38:26.031+0000] {processor.py:208} INFO - Processing /home/ubuntu/airflow_snow/lib/python3.12/site-packages/airflow/example_dags/example_setup_teardown_taskflow.py took 0.079 seconds
[2024-09-01T04:39:17.581+0000] {processor.py:186} INFO - Started process (PID=2812) to work on /home/ubuntu/airflow_snow/lib/python3.12/site-packages/airflow/example_dags/example_setup_teardown_taskflow.py
[2024-09-01T04:39:17.583+0000] {processor.py:914} INFO - Processing file /home/ubuntu/airflow_snow/lib/python3.12/site-packages/airflow/example_dags/example_setup_teardown_taskflow.py for tasks to queue
[2024-09-01T04:39:17.585+0000] {logging_mixin.py:190} INFO - [2024-09-01T04:39:17.584+0000] {dagbag.py:587} INFO - Filling up the DagBag from /home/ubuntu/airflow_snow/lib/python3.12/site-packages/airflow/example_dags/example_setup_teardown_taskflow.py
[2024-09-01T04:39:17.594+0000] {processor.py:925} INFO - DAG(s) 'example_setup_teardown_taskflow' retrieved from /home/ubuntu/airflow_snow/lib/python3.12/site-packages/airflow/example_dags/example_setup_teardown_taskflow.py
[2024-09-01T04:39:17.610+0000] {logging_mixin.py:190} INFO - [2024-09-01T04:39:17.610+0000] {dag.py:3211} INFO - Sync 1 DAGs
[2024-09-01T04:39:17.627+0000] {logging_mixin.py:190} INFO - [2024-09-01T04:39:17.627+0000] {dag.py:4138} INFO - Setting next_dagrun for example_setup_teardown_taskflow to 2024-08-31 00:00:00+00:00, run_after=2024-09-01 00:00:00+00:00
[2024-09-01T04:39:17.651+0000] {processor.py:208} INFO - Processing /home/ubuntu/airflow_snow/lib/python3.12/site-packages/airflow/example_dags/example_setup_teardown_taskflow.py took 0.076 seconds
[2024-09-01T04:40:09.117+0000] {processor.py:186} INFO - Started process (PID=2866) to work on /home/ubuntu/airflow_snow/lib/python3.12/site-packages/airflow/example_dags/example_setup_teardown_taskflow.py
[2024-09-01T04:40:09.121+0000] {processor.py:914} INFO - Processing file /home/ubuntu/airflow_snow/lib/python3.12/site-packages/airflow/example_dags/example_setup_teardown_taskflow.py for tasks to queue
[2024-09-01T04:40:09.122+0000] {logging_mixin.py:190} INFO - [2024-09-01T04:40:09.122+0000] {dagbag.py:587} INFO - Filling up the DagBag from /home/ubuntu/airflow_snow/lib/python3.12/site-packages/airflow/example_dags/example_setup_teardown_taskflow.py
[2024-09-01T04:40:09.133+0000] {processor.py:925} INFO - DAG(s) 'example_setup_teardown_taskflow' retrieved from /home/ubuntu/airflow_snow/lib/python3.12/site-packages/airflow/example_dags/example_setup_teardown_taskflow.py
[2024-09-01T04:40:09.149+0000] {logging_mixin.py:190} INFO - [2024-09-01T04:40:09.149+0000] {dag.py:3211} INFO - Sync 1 DAGs
[2024-09-01T04:40:09.167+0000] {logging_mixin.py:190} INFO - [2024-09-01T04:40:09.167+0000] {dag.py:4138} INFO - Setting next_dagrun for example_setup_teardown_taskflow to 2024-08-31 00:00:00+00:00, run_after=2024-09-01 00:00:00+00:00
[2024-09-01T04:40:09.190+0000] {processor.py:208} INFO - Processing /home/ubuntu/airflow_snow/lib/python3.12/site-packages/airflow/example_dags/example_setup_teardown_taskflow.py took 0.078 seconds
[2024-09-01T04:41:01.679+0000] {processor.py:186} INFO - Started process (PID=2922) to work on /home/ubuntu/airflow_snow/lib/python3.12/site-packages/airflow/example_dags/example_setup_teardown_taskflow.py
[2024-09-01T04:41:01.681+0000] {processor.py:914} INFO - Processing file /home/ubuntu/airflow_snow/lib/python3.12/site-packages/airflow/example_dags/example_setup_teardown_taskflow.py for tasks to queue
[2024-09-01T04:41:01.683+0000] {logging_mixin.py:190} INFO - [2024-09-01T04:41:01.682+0000] {dagbag.py:587} INFO - Filling up the DagBag from /home/ubuntu/airflow_snow/lib/python3.12/site-packages/airflow/example_dags/example_setup_teardown_taskflow.py
[2024-09-01T04:41:01.694+0000] {processor.py:925} INFO - DAG(s) 'example_setup_teardown_taskflow' retrieved from /home/ubuntu/airflow_snow/lib/python3.12/site-packages/airflow/example_dags/example_setup_teardown_taskflow.py
[2024-09-01T04:41:01.710+0000] {logging_mixin.py:190} INFO - [2024-09-01T04:41:01.710+0000] {dag.py:3211} INFO - Sync 1 DAGs
[2024-09-01T04:41:01.730+0000] {logging_mixin.py:190} INFO - [2024-09-01T04:41:01.730+0000] {dag.py:4138} INFO - Setting next_dagrun for example_setup_teardown_taskflow to 2024-08-31 00:00:00+00:00, run_after=2024-09-01 00:00:00+00:00
[2024-09-01T04:41:01.754+0000] {processor.py:208} INFO - Processing /home/ubuntu/airflow_snow/lib/python3.12/site-packages/airflow/example_dags/example_setup_teardown_taskflow.py took 0.081 seconds
[2024-09-01T04:41:52.010+0000] {processor.py:186} INFO - Started process (PID=2974) to work on /home/ubuntu/airflow_snow/lib/python3.12/site-packages/airflow/example_dags/example_setup_teardown_taskflow.py
[2024-09-01T04:41:52.013+0000] {processor.py:914} INFO - Processing file /home/ubuntu/airflow_snow/lib/python3.12/site-packages/airflow/example_dags/example_setup_teardown_taskflow.py for tasks to queue
[2024-09-01T04:41:52.014+0000] {logging_mixin.py:190} INFO - [2024-09-01T04:41:52.014+0000] {dagbag.py:587} INFO - Filling up the DagBag from /home/ubuntu/airflow_snow/lib/python3.12/site-packages/airflow/example_dags/example_setup_teardown_taskflow.py
[2024-09-01T04:41:52.025+0000] {processor.py:925} INFO - DAG(s) 'example_setup_teardown_taskflow' retrieved from /home/ubuntu/airflow_snow/lib/python3.12/site-packages/airflow/example_dags/example_setup_teardown_taskflow.py
[2024-09-01T04:41:52.041+0000] {logging_mixin.py:190} INFO - [2024-09-01T04:41:52.040+0000] {dag.py:3211} INFO - Sync 1 DAGs
[2024-09-01T04:41:52.059+0000] {logging_mixin.py:190} INFO - [2024-09-01T04:41:52.058+0000] {dag.py:4138} INFO - Setting next_dagrun for example_setup_teardown_taskflow to 2024-08-31 00:00:00+00:00, run_after=2024-09-01 00:00:00+00:00
[2024-09-01T04:41:52.079+0000] {processor.py:208} INFO - Processing /home/ubuntu/airflow_snow/lib/python3.12/site-packages/airflow/example_dags/example_setup_teardown_taskflow.py took 0.075 seconds
[2024-09-01T04:42:42.592+0000] {processor.py:186} INFO - Started process (PID=3025) to work on /home/ubuntu/airflow_snow/lib/python3.12/site-packages/airflow/example_dags/example_setup_teardown_taskflow.py
[2024-09-01T04:42:42.594+0000] {processor.py:914} INFO - Processing file /home/ubuntu/airflow_snow/lib/python3.12/site-packages/airflow/example_dags/example_setup_teardown_taskflow.py for tasks to queue
[2024-09-01T04:42:42.595+0000] {logging_mixin.py:190} INFO - [2024-09-01T04:42:42.595+0000] {dagbag.py:587} INFO - Filling up the DagBag from /home/ubuntu/airflow_snow/lib/python3.12/site-packages/airflow/example_dags/example_setup_teardown_taskflow.py
[2024-09-01T04:42:42.606+0000] {processor.py:925} INFO - DAG(s) 'example_setup_teardown_taskflow' retrieved from /home/ubuntu/airflow_snow/lib/python3.12/site-packages/airflow/example_dags/example_setup_teardown_taskflow.py
[2024-09-01T04:42:42.622+0000] {logging_mixin.py:190} INFO - [2024-09-01T04:42:42.622+0000] {dag.py:3211} INFO - Sync 1 DAGs
[2024-09-01T04:42:42.640+0000] {logging_mixin.py:190} INFO - [2024-09-01T04:42:42.640+0000] {dag.py:4138} INFO - Setting next_dagrun for example_setup_teardown_taskflow to 2024-08-31 00:00:00+00:00, run_after=2024-09-01 00:00:00+00:00
[2024-09-01T04:42:42.662+0000] {processor.py:208} INFO - Processing /home/ubuntu/airflow_snow/lib/python3.12/site-packages/airflow/example_dags/example_setup_teardown_taskflow.py took 0.075 seconds
[2024-09-01T04:43:31.175+0000] {processor.py:186} INFO - Started process (PID=3076) to work on /home/ubuntu/airflow_snow/lib/python3.12/site-packages/airflow/example_dags/example_setup_teardown_taskflow.py
[2024-09-01T04:43:31.177+0000] {processor.py:914} INFO - Processing file /home/ubuntu/airflow_snow/lib/python3.12/site-packages/airflow/example_dags/example_setup_teardown_taskflow.py for tasks to queue
[2024-09-01T04:43:31.179+0000] {logging_mixin.py:190} INFO - [2024-09-01T04:43:31.178+0000] {dagbag.py:587} INFO - Filling up the DagBag from /home/ubuntu/airflow_snow/lib/python3.12/site-packages/airflow/example_dags/example_setup_teardown_taskflow.py
[2024-09-01T04:43:31.189+0000] {processor.py:925} INFO - DAG(s) 'example_setup_teardown_taskflow' retrieved from /home/ubuntu/airflow_snow/lib/python3.12/site-packages/airflow/example_dags/example_setup_teardown_taskflow.py
[2024-09-01T04:43:31.205+0000] {logging_mixin.py:190} INFO - [2024-09-01T04:43:31.205+0000] {dag.py:3211} INFO - Sync 1 DAGs
[2024-09-01T04:43:31.222+0000] {logging_mixin.py:190} INFO - [2024-09-01T04:43:31.222+0000] {dag.py:4138} INFO - Setting next_dagrun for example_setup_teardown_taskflow to 2024-08-31 00:00:00+00:00, run_after=2024-09-01 00:00:00+00:00
[2024-09-01T04:43:31.246+0000] {processor.py:208} INFO - Processing /home/ubuntu/airflow_snow/lib/python3.12/site-packages/airflow/example_dags/example_setup_teardown_taskflow.py took 0.076 seconds
[2024-09-01T04:44:20.602+0000] {processor.py:186} INFO - Started process (PID=3129) to work on /home/ubuntu/airflow_snow/lib/python3.12/site-packages/airflow/example_dags/example_setup_teardown_taskflow.py
[2024-09-01T04:44:20.604+0000] {processor.py:914} INFO - Processing file /home/ubuntu/airflow_snow/lib/python3.12/site-packages/airflow/example_dags/example_setup_teardown_taskflow.py for tasks to queue
[2024-09-01T04:44:20.605+0000] {logging_mixin.py:190} INFO - [2024-09-01T04:44:20.605+0000] {dagbag.py:587} INFO - Filling up the DagBag from /home/ubuntu/airflow_snow/lib/python3.12/site-packages/airflow/example_dags/example_setup_teardown_taskflow.py
[2024-09-01T04:44:20.615+0000] {processor.py:925} INFO - DAG(s) 'example_setup_teardown_taskflow' retrieved from /home/ubuntu/airflow_snow/lib/python3.12/site-packages/airflow/example_dags/example_setup_teardown_taskflow.py
[2024-09-01T04:44:20.632+0000] {logging_mixin.py:190} INFO - [2024-09-01T04:44:20.631+0000] {dag.py:3211} INFO - Sync 1 DAGs
[2024-09-01T04:44:20.648+0000] {logging_mixin.py:190} INFO - [2024-09-01T04:44:20.648+0000] {dag.py:4138} INFO - Setting next_dagrun for example_setup_teardown_taskflow to 2024-08-31 00:00:00+00:00, run_after=2024-09-01 00:00:00+00:00
[2024-09-01T04:44:20.669+0000] {processor.py:208} INFO - Processing /home/ubuntu/airflow_snow/lib/python3.12/site-packages/airflow/example_dags/example_setup_teardown_taskflow.py took 0.072 seconds
[2024-09-01T04:45:08.690+0000] {processor.py:186} INFO - Started process (PID=3183) to work on /home/ubuntu/airflow_snow/lib/python3.12/site-packages/airflow/example_dags/example_setup_teardown_taskflow.py
[2024-09-01T04:45:08.692+0000] {processor.py:914} INFO - Processing file /home/ubuntu/airflow_snow/lib/python3.12/site-packages/airflow/example_dags/example_setup_teardown_taskflow.py for tasks to queue
[2024-09-01T04:45:08.694+0000] {logging_mixin.py:190} INFO - [2024-09-01T04:45:08.693+0000] {dagbag.py:587} INFO - Filling up the DagBag from /home/ubuntu/airflow_snow/lib/python3.12/site-packages/airflow/example_dags/example_setup_teardown_taskflow.py
[2024-09-01T04:45:08.705+0000] {processor.py:925} INFO - DAG(s) 'example_setup_teardown_taskflow' retrieved from /home/ubuntu/airflow_snow/lib/python3.12/site-packages/airflow/example_dags/example_setup_teardown_taskflow.py
[2024-09-01T04:45:08.719+0000] {logging_mixin.py:190} INFO - [2024-09-01T04:45:08.719+0000] {dag.py:3211} INFO - Sync 1 DAGs
[2024-09-01T04:45:08.735+0000] {logging_mixin.py:190} INFO - [2024-09-01T04:45:08.735+0000] {dag.py:4138} INFO - Setting next_dagrun for example_setup_teardown_taskflow to 2024-08-31 00:00:00+00:00, run_after=2024-09-01 00:00:00+00:00
[2024-09-01T04:45:08.758+0000] {processor.py:208} INFO - Processing /home/ubuntu/airflow_snow/lib/python3.12/site-packages/airflow/example_dags/example_setup_teardown_taskflow.py took 0.073 seconds
[2024-09-01T04:45:57.427+0000] {processor.py:186} INFO - Started process (PID=3236) to work on /home/ubuntu/airflow_snow/lib/python3.12/site-packages/airflow/example_dags/example_setup_teardown_taskflow.py
[2024-09-01T04:45:57.429+0000] {processor.py:914} INFO - Processing file /home/ubuntu/airflow_snow/lib/python3.12/site-packages/airflow/example_dags/example_setup_teardown_taskflow.py for tasks to queue
[2024-09-01T04:45:57.431+0000] {logging_mixin.py:190} INFO - [2024-09-01T04:45:57.430+0000] {dagbag.py:587} INFO - Filling up the DagBag from /home/ubuntu/airflow_snow/lib/python3.12/site-packages/airflow/example_dags/example_setup_teardown_taskflow.py
[2024-09-01T04:45:57.442+0000] {processor.py:925} INFO - DAG(s) 'example_setup_teardown_taskflow' retrieved from /home/ubuntu/airflow_snow/lib/python3.12/site-packages/airflow/example_dags/example_setup_teardown_taskflow.py
[2024-09-01T04:45:57.457+0000] {logging_mixin.py:190} INFO - [2024-09-01T04:45:57.457+0000] {dag.py:3211} INFO - Sync 1 DAGs
[2024-09-01T04:45:57.475+0000] {logging_mixin.py:190} INFO - [2024-09-01T04:45:57.475+0000] {dag.py:4138} INFO - Setting next_dagrun for example_setup_teardown_taskflow to 2024-08-31 00:00:00+00:00, run_after=2024-09-01 00:00:00+00:00
[2024-09-01T04:45:57.498+0000] {processor.py:208} INFO - Processing /home/ubuntu/airflow_snow/lib/python3.12/site-packages/airflow/example_dags/example_setup_teardown_taskflow.py took 0.076 seconds
[2024-09-01T04:46:45.330+0000] {processor.py:186} INFO - Started process (PID=3287) to work on /home/ubuntu/airflow_snow/lib/python3.12/site-packages/airflow/example_dags/example_setup_teardown_taskflow.py
[2024-09-01T04:46:45.332+0000] {processor.py:914} INFO - Processing file /home/ubuntu/airflow_snow/lib/python3.12/site-packages/airflow/example_dags/example_setup_teardown_taskflow.py for tasks to queue
[2024-09-01T04:46:45.334+0000] {logging_mixin.py:190} INFO - [2024-09-01T04:46:45.333+0000] {dagbag.py:587} INFO - Filling up the DagBag from /home/ubuntu/airflow_snow/lib/python3.12/site-packages/airflow/example_dags/example_setup_teardown_taskflow.py
[2024-09-01T04:46:45.344+0000] {processor.py:925} INFO - DAG(s) 'example_setup_teardown_taskflow' retrieved from /home/ubuntu/airflow_snow/lib/python3.12/site-packages/airflow/example_dags/example_setup_teardown_taskflow.py
[2024-09-01T04:46:45.361+0000] {logging_mixin.py:190} INFO - [2024-09-01T04:46:45.360+0000] {dag.py:3211} INFO - Sync 1 DAGs
[2024-09-01T04:46:45.379+0000] {logging_mixin.py:190} INFO - [2024-09-01T04:46:45.379+0000] {dag.py:4138} INFO - Setting next_dagrun for example_setup_teardown_taskflow to 2024-08-31 00:00:00+00:00, run_after=2024-09-01 00:00:00+00:00
[2024-09-01T04:46:45.399+0000] {processor.py:208} INFO - Processing /home/ubuntu/airflow_snow/lib/python3.12/site-packages/airflow/example_dags/example_setup_teardown_taskflow.py took 0.074 seconds
[2024-09-01T04:47:33.013+0000] {processor.py:186} INFO - Started process (PID=3336) to work on /home/ubuntu/airflow_snow/lib/python3.12/site-packages/airflow/example_dags/example_setup_teardown_taskflow.py
[2024-09-01T04:47:33.014+0000] {processor.py:914} INFO - Processing file /home/ubuntu/airflow_snow/lib/python3.12/site-packages/airflow/example_dags/example_setup_teardown_taskflow.py for tasks to queue
[2024-09-01T04:47:33.017+0000] {logging_mixin.py:190} INFO - [2024-09-01T04:47:33.016+0000] {dagbag.py:587} INFO - Filling up the DagBag from /home/ubuntu/airflow_snow/lib/python3.12/site-packages/airflow/example_dags/example_setup_teardown_taskflow.py
[2024-09-01T04:47:33.027+0000] {processor.py:925} INFO - DAG(s) 'example_setup_teardown_taskflow' retrieved from /home/ubuntu/airflow_snow/lib/python3.12/site-packages/airflow/example_dags/example_setup_teardown_taskflow.py
[2024-09-01T04:47:33.043+0000] {logging_mixin.py:190} INFO - [2024-09-01T04:47:33.043+0000] {dag.py:3211} INFO - Sync 1 DAGs
[2024-09-01T04:47:33.062+0000] {logging_mixin.py:190} INFO - [2024-09-01T04:47:33.062+0000] {dag.py:4138} INFO - Setting next_dagrun for example_setup_teardown_taskflow to 2024-08-31 00:00:00+00:00, run_after=2024-09-01 00:00:00+00:00
[2024-09-01T04:47:33.084+0000] {processor.py:208} INFO - Processing /home/ubuntu/airflow_snow/lib/python3.12/site-packages/airflow/example_dags/example_setup_teardown_taskflow.py took 0.076 seconds
[2024-09-01T04:48:22.235+0000] {processor.py:186} INFO - Started process (PID=3386) to work on /home/ubuntu/airflow_snow/lib/python3.12/site-packages/airflow/example_dags/example_setup_teardown_taskflow.py
[2024-09-01T04:48:22.237+0000] {processor.py:914} INFO - Processing file /home/ubuntu/airflow_snow/lib/python3.12/site-packages/airflow/example_dags/example_setup_teardown_taskflow.py for tasks to queue
[2024-09-01T04:48:22.239+0000] {logging_mixin.py:190} INFO - [2024-09-01T04:48:22.239+0000] {dagbag.py:587} INFO - Filling up the DagBag from /home/ubuntu/airflow_snow/lib/python3.12/site-packages/airflow/example_dags/example_setup_teardown_taskflow.py
[2024-09-01T04:48:22.249+0000] {processor.py:925} INFO - DAG(s) 'example_setup_teardown_taskflow' retrieved from /home/ubuntu/airflow_snow/lib/python3.12/site-packages/airflow/example_dags/example_setup_teardown_taskflow.py
[2024-09-01T04:48:22.283+0000] {logging_mixin.py:190} INFO - [2024-09-01T04:48:22.283+0000] {dag.py:3211} INFO - Sync 1 DAGs
[2024-09-01T04:48:22.302+0000] {logging_mixin.py:190} INFO - [2024-09-01T04:48:22.302+0000] {dag.py:4138} INFO - Setting next_dagrun for example_setup_teardown_taskflow to 2024-08-31 00:00:00+00:00, run_after=2024-09-01 00:00:00+00:00
[2024-09-01T04:48:22.321+0000] {processor.py:208} INFO - Processing /home/ubuntu/airflow_snow/lib/python3.12/site-packages/airflow/example_dags/example_setup_teardown_taskflow.py took 0.091 seconds
[2024-09-01T04:49:12.042+0000] {processor.py:186} INFO - Started process (PID=3437) to work on /home/ubuntu/airflow_snow/lib/python3.12/site-packages/airflow/example_dags/example_setup_teardown_taskflow.py
[2024-09-01T04:49:12.043+0000] {processor.py:914} INFO - Processing file /home/ubuntu/airflow_snow/lib/python3.12/site-packages/airflow/example_dags/example_setup_teardown_taskflow.py for tasks to queue
[2024-09-01T04:49:12.046+0000] {logging_mixin.py:190} INFO - [2024-09-01T04:49:12.045+0000] {dagbag.py:587} INFO - Filling up the DagBag from /home/ubuntu/airflow_snow/lib/python3.12/site-packages/airflow/example_dags/example_setup_teardown_taskflow.py
[2024-09-01T04:49:12.055+0000] {processor.py:925} INFO - DAG(s) 'example_setup_teardown_taskflow' retrieved from /home/ubuntu/airflow_snow/lib/python3.12/site-packages/airflow/example_dags/example_setup_teardown_taskflow.py
[2024-09-01T04:49:12.071+0000] {logging_mixin.py:190} INFO - [2024-09-01T04:49:12.071+0000] {dag.py:3211} INFO - Sync 1 DAGs
[2024-09-01T04:49:12.090+0000] {logging_mixin.py:190} INFO - [2024-09-01T04:49:12.090+0000] {dag.py:4138} INFO - Setting next_dagrun for example_setup_teardown_taskflow to 2024-08-31 00:00:00+00:00, run_after=2024-09-01 00:00:00+00:00
[2024-09-01T04:49:12.114+0000] {processor.py:208} INFO - Processing /home/ubuntu/airflow_snow/lib/python3.12/site-packages/airflow/example_dags/example_setup_teardown_taskflow.py took 0.077 seconds
[2024-09-01T04:50:00.495+0000] {processor.py:186} INFO - Started process (PID=3489) to work on /home/ubuntu/airflow_snow/lib/python3.12/site-packages/airflow/example_dags/example_setup_teardown_taskflow.py
[2024-09-01T04:50:00.497+0000] {processor.py:914} INFO - Processing file /home/ubuntu/airflow_snow/lib/python3.12/site-packages/airflow/example_dags/example_setup_teardown_taskflow.py for tasks to queue
[2024-09-01T04:50:00.499+0000] {logging_mixin.py:190} INFO - [2024-09-01T04:50:00.498+0000] {dagbag.py:587} INFO - Filling up the DagBag from /home/ubuntu/airflow_snow/lib/python3.12/site-packages/airflow/example_dags/example_setup_teardown_taskflow.py
[2024-09-01T04:50:00.510+0000] {processor.py:925} INFO - DAG(s) 'example_setup_teardown_taskflow' retrieved from /home/ubuntu/airflow_snow/lib/python3.12/site-packages/airflow/example_dags/example_setup_teardown_taskflow.py
[2024-09-01T04:50:00.525+0000] {logging_mixin.py:190} INFO - [2024-09-01T04:50:00.525+0000] {dag.py:3211} INFO - Sync 1 DAGs
[2024-09-01T04:50:00.543+0000] {logging_mixin.py:190} INFO - [2024-09-01T04:50:00.543+0000] {dag.py:4138} INFO - Setting next_dagrun for example_setup_teardown_taskflow to 2024-08-31 00:00:00+00:00, run_after=2024-09-01 00:00:00+00:00
[2024-09-01T04:50:00.566+0000] {processor.py:208} INFO - Processing /home/ubuntu/airflow_snow/lib/python3.12/site-packages/airflow/example_dags/example_setup_teardown_taskflow.py took 0.076 seconds
[2024-09-01T04:50:43.290+0000] {processor.py:186} INFO - Started process (PID=3540) to work on /home/ubuntu/airflow_snow/lib/python3.12/site-packages/airflow/example_dags/example_setup_teardown_taskflow.py
[2024-09-01T04:50:43.292+0000] {processor.py:914} INFO - Processing file /home/ubuntu/airflow_snow/lib/python3.12/site-packages/airflow/example_dags/example_setup_teardown_taskflow.py for tasks to queue
[2024-09-01T04:50:43.294+0000] {logging_mixin.py:190} INFO - [2024-09-01T04:50:43.294+0000] {dagbag.py:587} INFO - Filling up the DagBag from /home/ubuntu/airflow_snow/lib/python3.12/site-packages/airflow/example_dags/example_setup_teardown_taskflow.py
[2024-09-01T04:50:43.305+0000] {processor.py:925} INFO - DAG(s) 'example_setup_teardown_taskflow' retrieved from /home/ubuntu/airflow_snow/lib/python3.12/site-packages/airflow/example_dags/example_setup_teardown_taskflow.py
[2024-09-01T04:50:43.321+0000] {logging_mixin.py:190} INFO - [2024-09-01T04:50:43.320+0000] {dag.py:3211} INFO - Sync 1 DAGs
[2024-09-01T04:50:43.338+0000] {logging_mixin.py:190} INFO - [2024-09-01T04:50:43.338+0000] {dag.py:4138} INFO - Setting next_dagrun for example_setup_teardown_taskflow to 2024-08-31 00:00:00+00:00, run_after=2024-09-01 00:00:00+00:00
[2024-09-01T04:50:43.365+0000] {processor.py:208} INFO - Processing /home/ubuntu/airflow_snow/lib/python3.12/site-packages/airflow/example_dags/example_setup_teardown_taskflow.py took 0.080 seconds
[2024-09-01T04:51:30.675+0000] {processor.py:186} INFO - Started process (PID=3589) to work on /home/ubuntu/airflow_snow/lib/python3.12/site-packages/airflow/example_dags/example_setup_teardown_taskflow.py
[2024-09-01T04:51:30.677+0000] {processor.py:914} INFO - Processing file /home/ubuntu/airflow_snow/lib/python3.12/site-packages/airflow/example_dags/example_setup_teardown_taskflow.py for tasks to queue
[2024-09-01T04:51:30.678+0000] {logging_mixin.py:190} INFO - [2024-09-01T04:51:30.678+0000] {dagbag.py:587} INFO - Filling up the DagBag from /home/ubuntu/airflow_snow/lib/python3.12/site-packages/airflow/example_dags/example_setup_teardown_taskflow.py
[2024-09-01T04:51:30.689+0000] {processor.py:925} INFO - DAG(s) 'example_setup_teardown_taskflow' retrieved from /home/ubuntu/airflow_snow/lib/python3.12/site-packages/airflow/example_dags/example_setup_teardown_taskflow.py
[2024-09-01T04:51:30.705+0000] {logging_mixin.py:190} INFO - [2024-09-01T04:51:30.705+0000] {dag.py:3211} INFO - Sync 1 DAGs
[2024-09-01T04:51:30.723+0000] {logging_mixin.py:190} INFO - [2024-09-01T04:51:30.723+0000] {dag.py:4138} INFO - Setting next_dagrun for example_setup_teardown_taskflow to 2024-08-31 00:00:00+00:00, run_after=2024-09-01 00:00:00+00:00
[2024-09-01T04:51:30.746+0000] {processor.py:208} INFO - Processing /home/ubuntu/airflow_snow/lib/python3.12/site-packages/airflow/example_dags/example_setup_teardown_taskflow.py took 0.076 seconds
[2024-09-01T04:52:19.870+0000] {processor.py:186} INFO - Started process (PID=3641) to work on /home/ubuntu/airflow_snow/lib/python3.12/site-packages/airflow/example_dags/example_setup_teardown_taskflow.py
[2024-09-01T04:52:19.872+0000] {processor.py:914} INFO - Processing file /home/ubuntu/airflow_snow/lib/python3.12/site-packages/airflow/example_dags/example_setup_teardown_taskflow.py for tasks to queue
[2024-09-01T04:52:19.874+0000] {logging_mixin.py:190} INFO - [2024-09-01T04:52:19.874+0000] {dagbag.py:587} INFO - Filling up the DagBag from /home/ubuntu/airflow_snow/lib/python3.12/site-packages/airflow/example_dags/example_setup_teardown_taskflow.py
[2024-09-01T04:52:19.884+0000] {processor.py:925} INFO - DAG(s) 'example_setup_teardown_taskflow' retrieved from /home/ubuntu/airflow_snow/lib/python3.12/site-packages/airflow/example_dags/example_setup_teardown_taskflow.py
[2024-09-01T04:52:19.899+0000] {logging_mixin.py:190} INFO - [2024-09-01T04:52:19.899+0000] {dag.py:3211} INFO - Sync 1 DAGs
[2024-09-01T04:52:19.918+0000] {logging_mixin.py:190} INFO - [2024-09-01T04:52:19.918+0000] {dag.py:4138} INFO - Setting next_dagrun for example_setup_teardown_taskflow to 2024-08-31 00:00:00+00:00, run_after=2024-09-01 00:00:00+00:00
[2024-09-01T04:52:19.938+0000] {processor.py:208} INFO - Processing /home/ubuntu/airflow_snow/lib/python3.12/site-packages/airflow/example_dags/example_setup_teardown_taskflow.py took 0.074 seconds
[2024-09-01T04:53:09.591+0000] {processor.py:186} INFO - Started process (PID=3692) to work on /home/ubuntu/airflow_snow/lib/python3.12/site-packages/airflow/example_dags/example_setup_teardown_taskflow.py
[2024-09-01T04:53:09.593+0000] {processor.py:914} INFO - Processing file /home/ubuntu/airflow_snow/lib/python3.12/site-packages/airflow/example_dags/example_setup_teardown_taskflow.py for tasks to queue
[2024-09-01T04:53:09.595+0000] {logging_mixin.py:190} INFO - [2024-09-01T04:53:09.595+0000] {dagbag.py:587} INFO - Filling up the DagBag from /home/ubuntu/airflow_snow/lib/python3.12/site-packages/airflow/example_dags/example_setup_teardown_taskflow.py
[2024-09-01T04:53:09.606+0000] {processor.py:925} INFO - DAG(s) 'example_setup_teardown_taskflow' retrieved from /home/ubuntu/airflow_snow/lib/python3.12/site-packages/airflow/example_dags/example_setup_teardown_taskflow.py
[2024-09-01T04:53:09.621+0000] {logging_mixin.py:190} INFO - [2024-09-01T04:53:09.620+0000] {dag.py:3211} INFO - Sync 1 DAGs
[2024-09-01T04:53:09.639+0000] {logging_mixin.py:190} INFO - [2024-09-01T04:53:09.638+0000] {dag.py:4138} INFO - Setting next_dagrun for example_setup_teardown_taskflow to 2024-08-31 00:00:00+00:00, run_after=2024-09-01 00:00:00+00:00
[2024-09-01T04:53:09.661+0000] {processor.py:208} INFO - Processing /home/ubuntu/airflow_snow/lib/python3.12/site-packages/airflow/example_dags/example_setup_teardown_taskflow.py took 0.075 seconds
