[2024-09-01T04:28:26.691+0000] {processor.py:186} INFO - Started process (PID=2150) to work on /home/ubuntu/airflow_snow/lib/python3.12/site-packages/airflow/example_dags/tutorial_taskflow_api.py
[2024-09-01T04:28:26.691+0000] {processor.py:914} INFO - Processing file /home/ubuntu/airflow_snow/lib/python3.12/site-packages/airflow/example_dags/tutorial_taskflow_api.py for tasks to queue
[2024-09-01T04:28:26.693+0000] {logging_mixin.py:190} INFO - [2024-09-01T04:28:26.693+0000] {dagbag.py:587} INFO - Filling up the DagBag from /home/ubuntu/airflow_snow/lib/python3.12/site-packages/airflow/example_dags/tutorial_taskflow_api.py
[2024-09-01T04:28:26.701+0000] {processor.py:925} INFO - DAG(s) 'tutorial_taskflow_api' retrieved from /home/ubuntu/airflow_snow/lib/python3.12/site-packages/airflow/example_dags/tutorial_taskflow_api.py
[2024-09-01T04:28:26.810+0000] {logging_mixin.py:190} INFO - [2024-09-01T04:28:26.810+0000] {override.py:1900} INFO - Created Permission View: can delete on DAG:tutorial_taskflow_api
[2024-09-01T04:28:26.824+0000] {logging_mixin.py:190} INFO - [2024-09-01T04:28:26.824+0000] {override.py:1900} INFO - Created Permission View: can read on DAG:tutorial_taskflow_api
[2024-09-01T04:28:26.836+0000] {logging_mixin.py:190} INFO - [2024-09-01T04:28:26.835+0000] {override.py:1900} INFO - Created Permission View: can edit on DAG:tutorial_taskflow_api
[2024-09-01T04:28:26.856+0000] {logging_mixin.py:190} INFO - [2024-09-01T04:28:26.856+0000] {override.py:1900} INFO - Created Permission View: menu access on DAG Run:tutorial_taskflow_api
[2024-09-01T04:28:26.868+0000] {logging_mixin.py:190} INFO - [2024-09-01T04:28:26.868+0000] {override.py:1900} INFO - Created Permission View: can create on DAG Run:tutorial_taskflow_api
[2024-09-01T04:28:26.879+0000] {logging_mixin.py:190} INFO - [2024-09-01T04:28:26.878+0000] {override.py:1900} INFO - Created Permission View: can read on DAG Run:tutorial_taskflow_api
[2024-09-01T04:28:26.889+0000] {logging_mixin.py:190} INFO - [2024-09-01T04:28:26.889+0000] {override.py:1900} INFO - Created Permission View: can delete on DAG Run:tutorial_taskflow_api
[2024-09-01T04:28:26.889+0000] {logging_mixin.py:190} INFO - [2024-09-01T04:28:26.889+0000] {dag.py:3211} INFO - Sync 1 DAGs
[2024-09-01T04:28:26.901+0000] {logging_mixin.py:190} INFO - [2024-09-01T04:28:26.900+0000] {dag.py:3234} INFO - Creating ORM DAG for tutorial_taskflow_api
[2024-09-01T04:28:26.901+0000] {logging_mixin.py:190} INFO - [2024-09-01T04:28:26.901+0000] {dag.py:4138} INFO - Setting next_dagrun for tutorial_taskflow_api to None, run_after=None
[2024-09-01T04:28:26.922+0000] {processor.py:208} INFO - Processing /home/ubuntu/airflow_snow/lib/python3.12/site-packages/airflow/example_dags/tutorial_taskflow_api.py took 0.237 seconds
[2024-09-01T04:29:35.499+0000] {processor.py:186} INFO - Started process (PID=2206) to work on /home/ubuntu/airflow_snow/lib/python3.12/site-packages/airflow/example_dags/tutorial_taskflow_api.py
[2024-09-01T04:29:35.501+0000] {processor.py:914} INFO - Processing file /home/ubuntu/airflow_snow/lib/python3.12/site-packages/airflow/example_dags/tutorial_taskflow_api.py for tasks to queue
[2024-09-01T04:29:35.503+0000] {logging_mixin.py:190} INFO - [2024-09-01T04:29:35.502+0000] {dagbag.py:587} INFO - Filling up the DagBag from /home/ubuntu/airflow_snow/lib/python3.12/site-packages/airflow/example_dags/tutorial_taskflow_api.py
[2024-09-01T04:29:35.510+0000] {processor.py:925} INFO - DAG(s) 'tutorial_taskflow_api' retrieved from /home/ubuntu/airflow_snow/lib/python3.12/site-packages/airflow/example_dags/tutorial_taskflow_api.py
[2024-09-01T04:29:35.525+0000] {logging_mixin.py:190} INFO - [2024-09-01T04:29:35.525+0000] {dag.py:3211} INFO - Sync 1 DAGs
[2024-09-01T04:29:35.537+0000] {logging_mixin.py:190} INFO - [2024-09-01T04:29:35.537+0000] {dag.py:4138} INFO - Setting next_dagrun for tutorial_taskflow_api to None, run_after=None
[2024-09-01T04:29:35.559+0000] {processor.py:208} INFO - Processing /home/ubuntu/airflow_snow/lib/python3.12/site-packages/airflow/example_dags/tutorial_taskflow_api.py took 0.064 seconds
[2024-09-01T04:30:29.035+0000] {processor.py:186} INFO - Started process (PID=2262) to work on /home/ubuntu/airflow_snow/lib/python3.12/site-packages/airflow/example_dags/tutorial_taskflow_api.py
[2024-09-01T04:30:29.037+0000] {processor.py:914} INFO - Processing file /home/ubuntu/airflow_snow/lib/python3.12/site-packages/airflow/example_dags/tutorial_taskflow_api.py for tasks to queue
[2024-09-01T04:30:29.039+0000] {logging_mixin.py:190} INFO - [2024-09-01T04:30:29.039+0000] {dagbag.py:587} INFO - Filling up the DagBag from /home/ubuntu/airflow_snow/lib/python3.12/site-packages/airflow/example_dags/tutorial_taskflow_api.py
[2024-09-01T04:30:29.046+0000] {processor.py:925} INFO - DAG(s) 'tutorial_taskflow_api' retrieved from /home/ubuntu/airflow_snow/lib/python3.12/site-packages/airflow/example_dags/tutorial_taskflow_api.py
[2024-09-01T04:30:29.060+0000] {logging_mixin.py:190} INFO - [2024-09-01T04:30:29.060+0000] {dag.py:3211} INFO - Sync 1 DAGs
[2024-09-01T04:30:29.071+0000] {logging_mixin.py:190} INFO - [2024-09-01T04:30:29.071+0000] {dag.py:4138} INFO - Setting next_dagrun for tutorial_taskflow_api to None, run_after=None
[2024-09-01T04:30:29.093+0000] {processor.py:208} INFO - Processing /home/ubuntu/airflow_snow/lib/python3.12/site-packages/airflow/example_dags/tutorial_taskflow_api.py took 0.063 seconds
[2024-09-01T04:31:18.763+0000] {processor.py:186} INFO - Started process (PID=2318) to work on /home/ubuntu/airflow_snow/lib/python3.12/site-packages/airflow/example_dags/tutorial_taskflow_api.py
[2024-09-01T04:31:18.767+0000] {processor.py:914} INFO - Processing file /home/ubuntu/airflow_snow/lib/python3.12/site-packages/airflow/example_dags/tutorial_taskflow_api.py for tasks to queue
[2024-09-01T04:31:18.769+0000] {logging_mixin.py:190} INFO - [2024-09-01T04:31:18.769+0000] {dagbag.py:587} INFO - Filling up the DagBag from /home/ubuntu/airflow_snow/lib/python3.12/site-packages/airflow/example_dags/tutorial_taskflow_api.py
[2024-09-01T04:31:18.777+0000] {processor.py:925} INFO - DAG(s) 'tutorial_taskflow_api' retrieved from /home/ubuntu/airflow_snow/lib/python3.12/site-packages/airflow/example_dags/tutorial_taskflow_api.py
[2024-09-01T04:31:18.791+0000] {logging_mixin.py:190} INFO - [2024-09-01T04:31:18.791+0000] {dag.py:3211} INFO - Sync 1 DAGs
[2024-09-01T04:31:18.803+0000] {logging_mixin.py:190} INFO - [2024-09-01T04:31:18.803+0000] {dag.py:4138} INFO - Setting next_dagrun for tutorial_taskflow_api to None, run_after=None
[2024-09-01T04:31:18.825+0000] {processor.py:208} INFO - Processing /home/ubuntu/airflow_snow/lib/python3.12/site-packages/airflow/example_dags/tutorial_taskflow_api.py took 0.067 seconds
[2024-09-01T04:32:05.799+0000] {processor.py:186} INFO - Started process (PID=2367) to work on /home/ubuntu/airflow_snow/lib/python3.12/site-packages/airflow/example_dags/tutorial_taskflow_api.py
[2024-09-01T04:32:05.802+0000] {processor.py:914} INFO - Processing file /home/ubuntu/airflow_snow/lib/python3.12/site-packages/airflow/example_dags/tutorial_taskflow_api.py for tasks to queue
[2024-09-01T04:32:05.804+0000] {logging_mixin.py:190} INFO - [2024-09-01T04:32:05.804+0000] {dagbag.py:587} INFO - Filling up the DagBag from /home/ubuntu/airflow_snow/lib/python3.12/site-packages/airflow/example_dags/tutorial_taskflow_api.py
[2024-09-01T04:32:05.811+0000] {processor.py:925} INFO - DAG(s) 'tutorial_taskflow_api' retrieved from /home/ubuntu/airflow_snow/lib/python3.12/site-packages/airflow/example_dags/tutorial_taskflow_api.py
[2024-09-01T04:32:05.826+0000] {logging_mixin.py:190} INFO - [2024-09-01T04:32:05.826+0000] {dag.py:3211} INFO - Sync 1 DAGs
[2024-09-01T04:32:05.837+0000] {logging_mixin.py:190} INFO - [2024-09-01T04:32:05.836+0000] {dag.py:4138} INFO - Setting next_dagrun for tutorial_taskflow_api to None, run_after=None
[2024-09-01T04:32:05.859+0000] {processor.py:208} INFO - Processing /home/ubuntu/airflow_snow/lib/python3.12/site-packages/airflow/example_dags/tutorial_taskflow_api.py took 0.064 seconds
[2024-09-01T04:32:54.002+0000] {processor.py:186} INFO - Started process (PID=2417) to work on /home/ubuntu/airflow_snow/lib/python3.12/site-packages/airflow/example_dags/tutorial_taskflow_api.py
[2024-09-01T04:32:54.005+0000] {processor.py:914} INFO - Processing file /home/ubuntu/airflow_snow/lib/python3.12/site-packages/airflow/example_dags/tutorial_taskflow_api.py for tasks to queue
[2024-09-01T04:32:54.007+0000] {logging_mixin.py:190} INFO - [2024-09-01T04:32:54.006+0000] {dagbag.py:587} INFO - Filling up the DagBag from /home/ubuntu/airflow_snow/lib/python3.12/site-packages/airflow/example_dags/tutorial_taskflow_api.py
[2024-09-01T04:32:54.015+0000] {processor.py:925} INFO - DAG(s) 'tutorial_taskflow_api' retrieved from /home/ubuntu/airflow_snow/lib/python3.12/site-packages/airflow/example_dags/tutorial_taskflow_api.py
[2024-09-01T04:32:54.029+0000] {logging_mixin.py:190} INFO - [2024-09-01T04:32:54.029+0000] {dag.py:3211} INFO - Sync 1 DAGs
[2024-09-01T04:32:54.041+0000] {logging_mixin.py:190} INFO - [2024-09-01T04:32:54.040+0000] {dag.py:4138} INFO - Setting next_dagrun for tutorial_taskflow_api to None, run_after=None
[2024-09-01T04:32:54.062+0000] {processor.py:208} INFO - Processing /home/ubuntu/airflow_snow/lib/python3.12/site-packages/airflow/example_dags/tutorial_taskflow_api.py took 0.066 seconds
[2024-09-01T04:33:45.934+0000] {processor.py:186} INFO - Started process (PID=2470) to work on /home/ubuntu/airflow_snow/lib/python3.12/site-packages/airflow/example_dags/tutorial_taskflow_api.py
[2024-09-01T04:33:45.936+0000] {processor.py:914} INFO - Processing file /home/ubuntu/airflow_snow/lib/python3.12/site-packages/airflow/example_dags/tutorial_taskflow_api.py for tasks to queue
[2024-09-01T04:33:45.938+0000] {logging_mixin.py:190} INFO - [2024-09-01T04:33:45.938+0000] {dagbag.py:587} INFO - Filling up the DagBag from /home/ubuntu/airflow_snow/lib/python3.12/site-packages/airflow/example_dags/tutorial_taskflow_api.py
[2024-09-01T04:33:45.946+0000] {processor.py:925} INFO - DAG(s) 'tutorial_taskflow_api' retrieved from /home/ubuntu/airflow_snow/lib/python3.12/site-packages/airflow/example_dags/tutorial_taskflow_api.py
[2024-09-01T04:33:45.960+0000] {logging_mixin.py:190} INFO - [2024-09-01T04:33:45.960+0000] {dag.py:3211} INFO - Sync 1 DAGs
[2024-09-01T04:33:45.971+0000] {logging_mixin.py:190} INFO - [2024-09-01T04:33:45.971+0000] {dag.py:4138} INFO - Setting next_dagrun for tutorial_taskflow_api to None, run_after=None
[2024-09-01T04:33:45.994+0000] {processor.py:208} INFO - Processing /home/ubuntu/airflow_snow/lib/python3.12/site-packages/airflow/example_dags/tutorial_taskflow_api.py took 0.066 seconds
[2024-09-01T04:34:34.550+0000] {processor.py:186} INFO - Started process (PID=2522) to work on /home/ubuntu/airflow_snow/lib/python3.12/site-packages/airflow/example_dags/tutorial_taskflow_api.py
[2024-09-01T04:34:34.553+0000] {processor.py:914} INFO - Processing file /home/ubuntu/airflow_snow/lib/python3.12/site-packages/airflow/example_dags/tutorial_taskflow_api.py for tasks to queue
[2024-09-01T04:34:34.554+0000] {logging_mixin.py:190} INFO - [2024-09-01T04:34:34.554+0000] {dagbag.py:587} INFO - Filling up the DagBag from /home/ubuntu/airflow_snow/lib/python3.12/site-packages/airflow/example_dags/tutorial_taskflow_api.py
[2024-09-01T04:34:34.562+0000] {processor.py:925} INFO - DAG(s) 'tutorial_taskflow_api' retrieved from /home/ubuntu/airflow_snow/lib/python3.12/site-packages/airflow/example_dags/tutorial_taskflow_api.py
[2024-09-01T04:34:34.577+0000] {logging_mixin.py:190} INFO - [2024-09-01T04:34:34.577+0000] {dag.py:3211} INFO - Sync 1 DAGs
[2024-09-01T04:34:34.588+0000] {logging_mixin.py:190} INFO - [2024-09-01T04:34:34.587+0000] {dag.py:4138} INFO - Setting next_dagrun for tutorial_taskflow_api to None, run_after=None
[2024-09-01T04:34:34.609+0000] {processor.py:208} INFO - Processing /home/ubuntu/airflow_snow/lib/python3.12/site-packages/airflow/example_dags/tutorial_taskflow_api.py took 0.064 seconds
[2024-09-01T04:35:22.759+0000] {processor.py:186} INFO - Started process (PID=2576) to work on /home/ubuntu/airflow_snow/lib/python3.12/site-packages/airflow/example_dags/tutorial_taskflow_api.py
[2024-09-01T04:35:22.762+0000] {processor.py:914} INFO - Processing file /home/ubuntu/airflow_snow/lib/python3.12/site-packages/airflow/example_dags/tutorial_taskflow_api.py for tasks to queue
[2024-09-01T04:35:22.764+0000] {logging_mixin.py:190} INFO - [2024-09-01T04:35:22.763+0000] {dagbag.py:587} INFO - Filling up the DagBag from /home/ubuntu/airflow_snow/lib/python3.12/site-packages/airflow/example_dags/tutorial_taskflow_api.py
[2024-09-01T04:35:22.771+0000] {processor.py:925} INFO - DAG(s) 'tutorial_taskflow_api' retrieved from /home/ubuntu/airflow_snow/lib/python3.12/site-packages/airflow/example_dags/tutorial_taskflow_api.py
[2024-09-01T04:35:22.786+0000] {logging_mixin.py:190} INFO - [2024-09-01T04:35:22.786+0000] {dag.py:3211} INFO - Sync 1 DAGs
[2024-09-01T04:35:22.797+0000] {logging_mixin.py:190} INFO - [2024-09-01T04:35:22.797+0000] {dag.py:4138} INFO - Setting next_dagrun for tutorial_taskflow_api to None, run_after=None
[2024-09-01T04:35:22.818+0000] {processor.py:208} INFO - Processing /home/ubuntu/airflow_snow/lib/python3.12/site-packages/airflow/example_dags/tutorial_taskflow_api.py took 0.064 seconds
[2024-09-01T04:36:14.570+0000] {processor.py:186} INFO - Started process (PID=2627) to work on /home/ubuntu/airflow_snow/lib/python3.12/site-packages/airflow/example_dags/tutorial_taskflow_api.py
[2024-09-01T04:36:14.573+0000] {processor.py:914} INFO - Processing file /home/ubuntu/airflow_snow/lib/python3.12/site-packages/airflow/example_dags/tutorial_taskflow_api.py for tasks to queue
[2024-09-01T04:36:14.574+0000] {logging_mixin.py:190} INFO - [2024-09-01T04:36:14.574+0000] {dagbag.py:587} INFO - Filling up the DagBag from /home/ubuntu/airflow_snow/lib/python3.12/site-packages/airflow/example_dags/tutorial_taskflow_api.py
[2024-09-01T04:36:14.582+0000] {processor.py:925} INFO - DAG(s) 'tutorial_taskflow_api' retrieved from /home/ubuntu/airflow_snow/lib/python3.12/site-packages/airflow/example_dags/tutorial_taskflow_api.py
[2024-09-01T04:36:14.596+0000] {logging_mixin.py:190} INFO - [2024-09-01T04:36:14.596+0000] {dag.py:3211} INFO - Sync 1 DAGs
[2024-09-01T04:36:14.607+0000] {logging_mixin.py:190} INFO - [2024-09-01T04:36:14.607+0000] {dag.py:4138} INFO - Setting next_dagrun for tutorial_taskflow_api to None, run_after=None
[2024-09-01T04:36:14.629+0000] {processor.py:208} INFO - Processing /home/ubuntu/airflow_snow/lib/python3.12/site-packages/airflow/example_dags/tutorial_taskflow_api.py took 0.066 seconds
[2024-09-01T04:37:08.379+0000] {processor.py:186} INFO - Started process (PID=2681) to work on /home/ubuntu/airflow_snow/lib/python3.12/site-packages/airflow/example_dags/tutorial_taskflow_api.py
[2024-09-01T04:37:08.381+0000] {processor.py:914} INFO - Processing file /home/ubuntu/airflow_snow/lib/python3.12/site-packages/airflow/example_dags/tutorial_taskflow_api.py for tasks to queue
[2024-09-01T04:37:08.382+0000] {logging_mixin.py:190} INFO - [2024-09-01T04:37:08.382+0000] {dagbag.py:587} INFO - Filling up the DagBag from /home/ubuntu/airflow_snow/lib/python3.12/site-packages/airflow/example_dags/tutorial_taskflow_api.py
[2024-09-01T04:37:08.390+0000] {processor.py:925} INFO - DAG(s) 'tutorial_taskflow_api' retrieved from /home/ubuntu/airflow_snow/lib/python3.12/site-packages/airflow/example_dags/tutorial_taskflow_api.py
[2024-09-01T04:37:08.404+0000] {logging_mixin.py:190} INFO - [2024-09-01T04:37:08.403+0000] {dag.py:3211} INFO - Sync 1 DAGs
[2024-09-01T04:37:08.415+0000] {logging_mixin.py:190} INFO - [2024-09-01T04:37:08.415+0000] {dag.py:4138} INFO - Setting next_dagrun for tutorial_taskflow_api to None, run_after=None
[2024-09-01T04:37:08.436+0000] {processor.py:208} INFO - Processing /home/ubuntu/airflow_snow/lib/python3.12/site-packages/airflow/example_dags/tutorial_taskflow_api.py took 0.062 seconds
[2024-09-01T04:37:57.951+0000] {processor.py:186} INFO - Started process (PID=2732) to work on /home/ubuntu/airflow_snow/lib/python3.12/site-packages/airflow/example_dags/tutorial_taskflow_api.py
[2024-09-01T04:37:57.953+0000] {processor.py:914} INFO - Processing file /home/ubuntu/airflow_snow/lib/python3.12/site-packages/airflow/example_dags/tutorial_taskflow_api.py for tasks to queue
[2024-09-01T04:37:57.954+0000] {logging_mixin.py:190} INFO - [2024-09-01T04:37:57.954+0000] {dagbag.py:587} INFO - Filling up the DagBag from /home/ubuntu/airflow_snow/lib/python3.12/site-packages/airflow/example_dags/tutorial_taskflow_api.py
[2024-09-01T04:37:57.963+0000] {processor.py:925} INFO - DAG(s) 'tutorial_taskflow_api' retrieved from /home/ubuntu/airflow_snow/lib/python3.12/site-packages/airflow/example_dags/tutorial_taskflow_api.py
[2024-09-01T04:37:57.977+0000] {logging_mixin.py:190} INFO - [2024-09-01T04:37:57.977+0000] {dag.py:3211} INFO - Sync 1 DAGs
[2024-09-01T04:37:57.989+0000] {logging_mixin.py:190} INFO - [2024-09-01T04:37:57.989+0000] {dag.py:4138} INFO - Setting next_dagrun for tutorial_taskflow_api to None, run_after=None
[2024-09-01T04:37:58.010+0000] {processor.py:208} INFO - Processing /home/ubuntu/airflow_snow/lib/python3.12/site-packages/airflow/example_dags/tutorial_taskflow_api.py took 0.064 seconds
[2024-09-01T04:38:48.621+0000] {processor.py:186} INFO - Started process (PID=2783) to work on /home/ubuntu/airflow_snow/lib/python3.12/site-packages/airflow/example_dags/tutorial_taskflow_api.py
[2024-09-01T04:38:48.623+0000] {processor.py:914} INFO - Processing file /home/ubuntu/airflow_snow/lib/python3.12/site-packages/airflow/example_dags/tutorial_taskflow_api.py for tasks to queue
[2024-09-01T04:38:48.625+0000] {logging_mixin.py:190} INFO - [2024-09-01T04:38:48.625+0000] {dagbag.py:587} INFO - Filling up the DagBag from /home/ubuntu/airflow_snow/lib/python3.12/site-packages/airflow/example_dags/tutorial_taskflow_api.py
[2024-09-01T04:38:48.632+0000] {processor.py:925} INFO - DAG(s) 'tutorial_taskflow_api' retrieved from /home/ubuntu/airflow_snow/lib/python3.12/site-packages/airflow/example_dags/tutorial_taskflow_api.py
[2024-09-01T04:38:48.647+0000] {logging_mixin.py:190} INFO - [2024-09-01T04:38:48.646+0000] {dag.py:3211} INFO - Sync 1 DAGs
[2024-09-01T04:38:48.658+0000] {logging_mixin.py:190} INFO - [2024-09-01T04:38:48.658+0000] {dag.py:4138} INFO - Setting next_dagrun for tutorial_taskflow_api to None, run_after=None
[2024-09-01T04:38:48.681+0000] {processor.py:208} INFO - Processing /home/ubuntu/airflow_snow/lib/python3.12/site-packages/airflow/example_dags/tutorial_taskflow_api.py took 0.066 seconds
[2024-09-01T04:39:41.168+0000] {processor.py:186} INFO - Started process (PID=2836) to work on /home/ubuntu/airflow_snow/lib/python3.12/site-packages/airflow/example_dags/tutorial_taskflow_api.py
[2024-09-01T04:39:41.171+0000] {processor.py:914} INFO - Processing file /home/ubuntu/airflow_snow/lib/python3.12/site-packages/airflow/example_dags/tutorial_taskflow_api.py for tasks to queue
[2024-09-01T04:39:41.173+0000] {logging_mixin.py:190} INFO - [2024-09-01T04:39:41.172+0000] {dagbag.py:587} INFO - Filling up the DagBag from /home/ubuntu/airflow_snow/lib/python3.12/site-packages/airflow/example_dags/tutorial_taskflow_api.py
[2024-09-01T04:39:41.182+0000] {processor.py:925} INFO - DAG(s) 'tutorial_taskflow_api' retrieved from /home/ubuntu/airflow_snow/lib/python3.12/site-packages/airflow/example_dags/tutorial_taskflow_api.py
[2024-09-01T04:39:41.206+0000] {logging_mixin.py:190} INFO - [2024-09-01T04:39:41.205+0000] {dag.py:3211} INFO - Sync 1 DAGs
[2024-09-01T04:39:41.217+0000] {logging_mixin.py:190} INFO - [2024-09-01T04:39:41.216+0000] {dag.py:4138} INFO - Setting next_dagrun for tutorial_taskflow_api to None, run_after=None
[2024-09-01T04:39:41.238+0000] {processor.py:208} INFO - Processing /home/ubuntu/airflow_snow/lib/python3.12/site-packages/airflow/example_dags/tutorial_taskflow_api.py took 0.075 seconds
[2024-09-01T04:40:32.005+0000] {processor.py:186} INFO - Started process (PID=2892) to work on /home/ubuntu/airflow_snow/lib/python3.12/site-packages/airflow/example_dags/tutorial_taskflow_api.py
[2024-09-01T04:40:32.007+0000] {processor.py:914} INFO - Processing file /home/ubuntu/airflow_snow/lib/python3.12/site-packages/airflow/example_dags/tutorial_taskflow_api.py for tasks to queue
[2024-09-01T04:40:32.009+0000] {logging_mixin.py:190} INFO - [2024-09-01T04:40:32.009+0000] {dagbag.py:587} INFO - Filling up the DagBag from /home/ubuntu/airflow_snow/lib/python3.12/site-packages/airflow/example_dags/tutorial_taskflow_api.py
[2024-09-01T04:40:32.017+0000] {processor.py:925} INFO - DAG(s) 'tutorial_taskflow_api' retrieved from /home/ubuntu/airflow_snow/lib/python3.12/site-packages/airflow/example_dags/tutorial_taskflow_api.py
[2024-09-01T04:40:32.032+0000] {logging_mixin.py:190} INFO - [2024-09-01T04:40:32.031+0000] {dag.py:3211} INFO - Sync 1 DAGs
[2024-09-01T04:40:32.044+0000] {logging_mixin.py:190} INFO - [2024-09-01T04:40:32.044+0000] {dag.py:4138} INFO - Setting next_dagrun for tutorial_taskflow_api to None, run_after=None
[2024-09-01T04:40:32.066+0000] {processor.py:208} INFO - Processing /home/ubuntu/airflow_snow/lib/python3.12/site-packages/airflow/example_dags/tutorial_taskflow_api.py took 0.068 seconds
[2024-09-01T04:41:25.686+0000] {processor.py:186} INFO - Started process (PID=2946) to work on /home/ubuntu/airflow_snow/lib/python3.12/site-packages/airflow/example_dags/tutorial_taskflow_api.py
[2024-09-01T04:41:25.688+0000] {processor.py:914} INFO - Processing file /home/ubuntu/airflow_snow/lib/python3.12/site-packages/airflow/example_dags/tutorial_taskflow_api.py for tasks to queue
[2024-09-01T04:41:25.690+0000] {logging_mixin.py:190} INFO - [2024-09-01T04:41:25.689+0000] {dagbag.py:587} INFO - Filling up the DagBag from /home/ubuntu/airflow_snow/lib/python3.12/site-packages/airflow/example_dags/tutorial_taskflow_api.py
[2024-09-01T04:41:25.698+0000] {processor.py:925} INFO - DAG(s) 'tutorial_taskflow_api' retrieved from /home/ubuntu/airflow_snow/lib/python3.12/site-packages/airflow/example_dags/tutorial_taskflow_api.py
[2024-09-01T04:41:25.711+0000] {logging_mixin.py:190} INFO - [2024-09-01T04:41:25.711+0000] {dag.py:3211} INFO - Sync 1 DAGs
[2024-09-01T04:41:25.723+0000] {logging_mixin.py:190} INFO - [2024-09-01T04:41:25.723+0000] {dag.py:4138} INFO - Setting next_dagrun for tutorial_taskflow_api to None, run_after=None
[2024-09-01T04:41:25.751+0000] {processor.py:208} INFO - Processing /home/ubuntu/airflow_snow/lib/python3.12/site-packages/airflow/example_dags/tutorial_taskflow_api.py took 0.070 seconds
[2024-09-01T04:42:13.747+0000] {processor.py:186} INFO - Started process (PID=2996) to work on /home/ubuntu/airflow_snow/lib/python3.12/site-packages/airflow/example_dags/tutorial_taskflow_api.py
[2024-09-01T04:42:13.750+0000] {processor.py:914} INFO - Processing file /home/ubuntu/airflow_snow/lib/python3.12/site-packages/airflow/example_dags/tutorial_taskflow_api.py for tasks to queue
[2024-09-01T04:42:13.752+0000] {logging_mixin.py:190} INFO - [2024-09-01T04:42:13.751+0000] {dagbag.py:587} INFO - Filling up the DagBag from /home/ubuntu/airflow_snow/lib/python3.12/site-packages/airflow/example_dags/tutorial_taskflow_api.py
[2024-09-01T04:42:13.759+0000] {processor.py:925} INFO - DAG(s) 'tutorial_taskflow_api' retrieved from /home/ubuntu/airflow_snow/lib/python3.12/site-packages/airflow/example_dags/tutorial_taskflow_api.py
[2024-09-01T04:42:13.773+0000] {logging_mixin.py:190} INFO - [2024-09-01T04:42:13.773+0000] {dag.py:3211} INFO - Sync 1 DAGs
[2024-09-01T04:42:13.784+0000] {logging_mixin.py:190} INFO - [2024-09-01T04:42:13.784+0000] {dag.py:4138} INFO - Setting next_dagrun for tutorial_taskflow_api to None, run_after=None
[2024-09-01T04:42:13.805+0000] {processor.py:208} INFO - Processing /home/ubuntu/airflow_snow/lib/python3.12/site-packages/airflow/example_dags/tutorial_taskflow_api.py took 0.063 seconds
[2024-09-01T04:43:04.174+0000] {processor.py:186} INFO - Started process (PID=3047) to work on /home/ubuntu/airflow_snow/lib/python3.12/site-packages/airflow/example_dags/tutorial_taskflow_api.py
[2024-09-01T04:43:04.176+0000] {processor.py:914} INFO - Processing file /home/ubuntu/airflow_snow/lib/python3.12/site-packages/airflow/example_dags/tutorial_taskflow_api.py for tasks to queue
[2024-09-01T04:43:04.178+0000] {logging_mixin.py:190} INFO - [2024-09-01T04:43:04.178+0000] {dagbag.py:587} INFO - Filling up the DagBag from /home/ubuntu/airflow_snow/lib/python3.12/site-packages/airflow/example_dags/tutorial_taskflow_api.py
[2024-09-01T04:43:04.186+0000] {processor.py:925} INFO - DAG(s) 'tutorial_taskflow_api' retrieved from /home/ubuntu/airflow_snow/lib/python3.12/site-packages/airflow/example_dags/tutorial_taskflow_api.py
[2024-09-01T04:43:04.199+0000] {logging_mixin.py:190} INFO - [2024-09-01T04:43:04.199+0000] {dag.py:3211} INFO - Sync 1 DAGs
[2024-09-01T04:43:04.210+0000] {logging_mixin.py:190} INFO - [2024-09-01T04:43:04.210+0000] {dag.py:4138} INFO - Setting next_dagrun for tutorial_taskflow_api to None, run_after=None
[2024-09-01T04:43:04.233+0000] {processor.py:208} INFO - Processing /home/ubuntu/airflow_snow/lib/python3.12/site-packages/airflow/example_dags/tutorial_taskflow_api.py took 0.064 seconds
[2024-09-01T04:43:52.528+0000] {processor.py:186} INFO - Started process (PID=3097) to work on /home/ubuntu/airflow_snow/lib/python3.12/site-packages/airflow/example_dags/tutorial_taskflow_api.py
[2024-09-01T04:43:52.530+0000] {processor.py:914} INFO - Processing file /home/ubuntu/airflow_snow/lib/python3.12/site-packages/airflow/example_dags/tutorial_taskflow_api.py for tasks to queue
[2024-09-01T04:43:52.533+0000] {logging_mixin.py:190} INFO - [2024-09-01T04:43:52.532+0000] {dagbag.py:587} INFO - Filling up the DagBag from /home/ubuntu/airflow_snow/lib/python3.12/site-packages/airflow/example_dags/tutorial_taskflow_api.py
[2024-09-01T04:43:52.540+0000] {processor.py:925} INFO - DAG(s) 'tutorial_taskflow_api' retrieved from /home/ubuntu/airflow_snow/lib/python3.12/site-packages/airflow/example_dags/tutorial_taskflow_api.py
[2024-09-01T04:43:52.555+0000] {logging_mixin.py:190} INFO - [2024-09-01T04:43:52.554+0000] {dag.py:3211} INFO - Sync 1 DAGs
[2024-09-01T04:43:52.565+0000] {logging_mixin.py:190} INFO - [2024-09-01T04:43:52.565+0000] {dag.py:4138} INFO - Setting next_dagrun for tutorial_taskflow_api to None, run_after=None
[2024-09-01T04:43:52.586+0000] {processor.py:208} INFO - Processing /home/ubuntu/airflow_snow/lib/python3.12/site-packages/airflow/example_dags/tutorial_taskflow_api.py took 0.063 seconds
[2024-09-01T04:44:42.669+0000] {processor.py:186} INFO - Started process (PID=3153) to work on /home/ubuntu/airflow_snow/lib/python3.12/site-packages/airflow/example_dags/tutorial_taskflow_api.py
[2024-09-01T04:44:42.672+0000] {processor.py:914} INFO - Processing file /home/ubuntu/airflow_snow/lib/python3.12/site-packages/airflow/example_dags/tutorial_taskflow_api.py for tasks to queue
[2024-09-01T04:44:42.674+0000] {logging_mixin.py:190} INFO - [2024-09-01T04:44:42.674+0000] {dagbag.py:587} INFO - Filling up the DagBag from /home/ubuntu/airflow_snow/lib/python3.12/site-packages/airflow/example_dags/tutorial_taskflow_api.py
[2024-09-01T04:44:42.682+0000] {processor.py:925} INFO - DAG(s) 'tutorial_taskflow_api' retrieved from /home/ubuntu/airflow_snow/lib/python3.12/site-packages/airflow/example_dags/tutorial_taskflow_api.py
[2024-09-01T04:44:42.696+0000] {logging_mixin.py:190} INFO - [2024-09-01T04:44:42.695+0000] {dag.py:3211} INFO - Sync 1 DAGs
[2024-09-01T04:44:42.707+0000] {logging_mixin.py:190} INFO - [2024-09-01T04:44:42.707+0000] {dag.py:4138} INFO - Setting next_dagrun for tutorial_taskflow_api to None, run_after=None
[2024-09-01T04:44:42.729+0000] {processor.py:208} INFO - Processing /home/ubuntu/airflow_snow/lib/python3.12/site-packages/airflow/example_dags/tutorial_taskflow_api.py took 0.065 seconds
[2024-09-01T04:45:29.418+0000] {processor.py:186} INFO - Started process (PID=3207) to work on /home/ubuntu/airflow_snow/lib/python3.12/site-packages/airflow/example_dags/tutorial_taskflow_api.py
[2024-09-01T04:45:29.420+0000] {processor.py:914} INFO - Processing file /home/ubuntu/airflow_snow/lib/python3.12/site-packages/airflow/example_dags/tutorial_taskflow_api.py for tasks to queue
[2024-09-01T04:45:29.422+0000] {logging_mixin.py:190} INFO - [2024-09-01T04:45:29.422+0000] {dagbag.py:587} INFO - Filling up the DagBag from /home/ubuntu/airflow_snow/lib/python3.12/site-packages/airflow/example_dags/tutorial_taskflow_api.py
[2024-09-01T04:45:29.430+0000] {processor.py:925} INFO - DAG(s) 'tutorial_taskflow_api' retrieved from /home/ubuntu/airflow_snow/lib/python3.12/site-packages/airflow/example_dags/tutorial_taskflow_api.py
[2024-09-01T04:45:29.444+0000] {logging_mixin.py:190} INFO - [2024-09-01T04:45:29.443+0000] {dag.py:3211} INFO - Sync 1 DAGs
[2024-09-01T04:45:29.455+0000] {logging_mixin.py:190} INFO - [2024-09-01T04:45:29.455+0000] {dag.py:4138} INFO - Setting next_dagrun for tutorial_taskflow_api to None, run_after=None
[2024-09-01T04:45:29.476+0000] {processor.py:208} INFO - Processing /home/ubuntu/airflow_snow/lib/python3.12/site-packages/airflow/example_dags/tutorial_taskflow_api.py took 0.064 seconds
[2024-09-01T04:46:16.791+0000] {processor.py:186} INFO - Started process (PID=3256) to work on /home/ubuntu/airflow_snow/lib/python3.12/site-packages/airflow/example_dags/tutorial_taskflow_api.py
[2024-09-01T04:46:16.793+0000] {processor.py:914} INFO - Processing file /home/ubuntu/airflow_snow/lib/python3.12/site-packages/airflow/example_dags/tutorial_taskflow_api.py for tasks to queue
[2024-09-01T04:46:16.795+0000] {logging_mixin.py:190} INFO - [2024-09-01T04:46:16.795+0000] {dagbag.py:587} INFO - Filling up the DagBag from /home/ubuntu/airflow_snow/lib/python3.12/site-packages/airflow/example_dags/tutorial_taskflow_api.py
[2024-09-01T04:46:16.803+0000] {processor.py:925} INFO - DAG(s) 'tutorial_taskflow_api' retrieved from /home/ubuntu/airflow_snow/lib/python3.12/site-packages/airflow/example_dags/tutorial_taskflow_api.py
[2024-09-01T04:46:16.818+0000] {logging_mixin.py:190} INFO - [2024-09-01T04:46:16.818+0000] {dag.py:3211} INFO - Sync 1 DAGs
[2024-09-01T04:46:16.829+0000] {logging_mixin.py:190} INFO - [2024-09-01T04:46:16.828+0000] {dag.py:4138} INFO - Setting next_dagrun for tutorial_taskflow_api to None, run_after=None
[2024-09-01T04:46:16.850+0000] {processor.py:208} INFO - Processing /home/ubuntu/airflow_snow/lib/python3.12/site-packages/airflow/example_dags/tutorial_taskflow_api.py took 0.064 seconds
[2024-09-01T04:47:05.017+0000] {processor.py:186} INFO - Started process (PID=3306) to work on /home/ubuntu/airflow_snow/lib/python3.12/site-packages/airflow/example_dags/tutorial_taskflow_api.py
[2024-09-01T04:47:05.019+0000] {processor.py:914} INFO - Processing file /home/ubuntu/airflow_snow/lib/python3.12/site-packages/airflow/example_dags/tutorial_taskflow_api.py for tasks to queue
[2024-09-01T04:47:05.021+0000] {logging_mixin.py:190} INFO - [2024-09-01T04:47:05.021+0000] {dagbag.py:587} INFO - Filling up the DagBag from /home/ubuntu/airflow_snow/lib/python3.12/site-packages/airflow/example_dags/tutorial_taskflow_api.py
[2024-09-01T04:47:05.029+0000] {processor.py:925} INFO - DAG(s) 'tutorial_taskflow_api' retrieved from /home/ubuntu/airflow_snow/lib/python3.12/site-packages/airflow/example_dags/tutorial_taskflow_api.py
[2024-09-01T04:47:05.042+0000] {logging_mixin.py:190} INFO - [2024-09-01T04:47:05.042+0000] {dag.py:3211} INFO - Sync 1 DAGs
[2024-09-01T04:47:05.055+0000] {logging_mixin.py:190} INFO - [2024-09-01T04:47:05.055+0000] {dag.py:4138} INFO - Setting next_dagrun for tutorial_taskflow_api to None, run_after=None
[2024-09-01T04:47:05.078+0000] {processor.py:208} INFO - Processing /home/ubuntu/airflow_snow/lib/python3.12/site-packages/airflow/example_dags/tutorial_taskflow_api.py took 0.067 seconds
[2024-09-01T04:47:53.601+0000] {processor.py:186} INFO - Started process (PID=3357) to work on /home/ubuntu/airflow_snow/lib/python3.12/site-packages/airflow/example_dags/tutorial_taskflow_api.py
[2024-09-01T04:47:53.603+0000] {processor.py:914} INFO - Processing file /home/ubuntu/airflow_snow/lib/python3.12/site-packages/airflow/example_dags/tutorial_taskflow_api.py for tasks to queue
[2024-09-01T04:47:53.604+0000] {logging_mixin.py:190} INFO - [2024-09-01T04:47:53.604+0000] {dagbag.py:587} INFO - Filling up the DagBag from /home/ubuntu/airflow_snow/lib/python3.12/site-packages/airflow/example_dags/tutorial_taskflow_api.py
[2024-09-01T04:47:53.613+0000] {processor.py:925} INFO - DAG(s) 'tutorial_taskflow_api' retrieved from /home/ubuntu/airflow_snow/lib/python3.12/site-packages/airflow/example_dags/tutorial_taskflow_api.py
[2024-09-01T04:47:53.626+0000] {logging_mixin.py:190} INFO - [2024-09-01T04:47:53.626+0000] {dag.py:3211} INFO - Sync 1 DAGs
[2024-09-01T04:47:53.637+0000] {logging_mixin.py:190} INFO - [2024-09-01T04:47:53.637+0000] {dag.py:4138} INFO - Setting next_dagrun for tutorial_taskflow_api to None, run_after=None
[2024-09-01T04:47:53.658+0000] {processor.py:208} INFO - Processing /home/ubuntu/airflow_snow/lib/python3.12/site-packages/airflow/example_dags/tutorial_taskflow_api.py took 0.063 seconds
[2024-09-01T04:48:42.230+0000] {processor.py:186} INFO - Started process (PID=3408) to work on /home/ubuntu/airflow_snow/lib/python3.12/site-packages/airflow/example_dags/tutorial_taskflow_api.py
[2024-09-01T04:48:42.232+0000] {processor.py:914} INFO - Processing file /home/ubuntu/airflow_snow/lib/python3.12/site-packages/airflow/example_dags/tutorial_taskflow_api.py for tasks to queue
[2024-09-01T04:48:42.233+0000] {logging_mixin.py:190} INFO - [2024-09-01T04:48:42.233+0000] {dagbag.py:587} INFO - Filling up the DagBag from /home/ubuntu/airflow_snow/lib/python3.12/site-packages/airflow/example_dags/tutorial_taskflow_api.py
[2024-09-01T04:48:42.241+0000] {processor.py:925} INFO - DAG(s) 'tutorial_taskflow_api' retrieved from /home/ubuntu/airflow_snow/lib/python3.12/site-packages/airflow/example_dags/tutorial_taskflow_api.py
[2024-09-01T04:48:42.256+0000] {logging_mixin.py:190} INFO - [2024-09-01T04:48:42.256+0000] {dag.py:3211} INFO - Sync 1 DAGs
[2024-09-01T04:48:42.268+0000] {logging_mixin.py:190} INFO - [2024-09-01T04:48:42.267+0000] {dag.py:4138} INFO - Setting next_dagrun for tutorial_taskflow_api to None, run_after=None
[2024-09-01T04:48:42.290+0000] {processor.py:208} INFO - Processing /home/ubuntu/airflow_snow/lib/python3.12/site-packages/airflow/example_dags/tutorial_taskflow_api.py took 0.067 seconds
[2024-09-01T04:49:30.497+0000] {processor.py:186} INFO - Started process (PID=3458) to work on /home/ubuntu/airflow_snow/lib/python3.12/site-packages/airflow/example_dags/tutorial_taskflow_api.py
[2024-09-01T04:49:30.499+0000] {processor.py:914} INFO - Processing file /home/ubuntu/airflow_snow/lib/python3.12/site-packages/airflow/example_dags/tutorial_taskflow_api.py for tasks to queue
[2024-09-01T04:49:30.501+0000] {logging_mixin.py:190} INFO - [2024-09-01T04:49:30.501+0000] {dagbag.py:587} INFO - Filling up the DagBag from /home/ubuntu/airflow_snow/lib/python3.12/site-packages/airflow/example_dags/tutorial_taskflow_api.py
[2024-09-01T04:49:30.509+0000] {processor.py:925} INFO - DAG(s) 'tutorial_taskflow_api' retrieved from /home/ubuntu/airflow_snow/lib/python3.12/site-packages/airflow/example_dags/tutorial_taskflow_api.py
[2024-09-01T04:49:30.523+0000] {logging_mixin.py:190} INFO - [2024-09-01T04:49:30.523+0000] {dag.py:3211} INFO - Sync 1 DAGs
[2024-09-01T04:49:30.535+0000] {logging_mixin.py:190} INFO - [2024-09-01T04:49:30.534+0000] {dag.py:4138} INFO - Setting next_dagrun for tutorial_taskflow_api to None, run_after=None
[2024-09-01T04:49:30.559+0000] {processor.py:208} INFO - Processing /home/ubuntu/airflow_snow/lib/python3.12/site-packages/airflow/example_dags/tutorial_taskflow_api.py took 0.066 seconds
[2024-09-01T04:50:16.030+0000] {processor.py:186} INFO - Started process (PID=3506) to work on /home/ubuntu/airflow_snow/lib/python3.12/site-packages/airflow/example_dags/tutorial_taskflow_api.py
[2024-09-01T04:50:16.032+0000] {processor.py:914} INFO - Processing file /home/ubuntu/airflow_snow/lib/python3.12/site-packages/airflow/example_dags/tutorial_taskflow_api.py for tasks to queue
[2024-09-01T04:50:16.034+0000] {logging_mixin.py:190} INFO - [2024-09-01T04:50:16.034+0000] {dagbag.py:587} INFO - Filling up the DagBag from /home/ubuntu/airflow_snow/lib/python3.12/site-packages/airflow/example_dags/tutorial_taskflow_api.py
[2024-09-01T04:50:16.043+0000] {processor.py:925} INFO - DAG(s) 'tutorial_taskflow_api' retrieved from /home/ubuntu/airflow_snow/lib/python3.12/site-packages/airflow/example_dags/tutorial_taskflow_api.py
[2024-09-01T04:50:16.058+0000] {logging_mixin.py:190} INFO - [2024-09-01T04:50:16.058+0000] {dag.py:3211} INFO - Sync 1 DAGs
[2024-09-01T04:50:16.069+0000] {logging_mixin.py:190} INFO - [2024-09-01T04:50:16.069+0000] {dag.py:4138} INFO - Setting next_dagrun for tutorial_taskflow_api to None, run_after=None
[2024-09-01T04:50:16.092+0000] {processor.py:208} INFO - Processing /home/ubuntu/airflow_snow/lib/python3.12/site-packages/airflow/example_dags/tutorial_taskflow_api.py took 0.067 seconds
[2024-09-01T04:51:01.010+0000] {processor.py:186} INFO - Started process (PID=3558) to work on /home/ubuntu/airflow_snow/lib/python3.12/site-packages/airflow/example_dags/tutorial_taskflow_api.py
[2024-09-01T04:51:01.012+0000] {processor.py:914} INFO - Processing file /home/ubuntu/airflow_snow/lib/python3.12/site-packages/airflow/example_dags/tutorial_taskflow_api.py for tasks to queue
[2024-09-01T04:51:01.014+0000] {logging_mixin.py:190} INFO - [2024-09-01T04:51:01.014+0000] {dagbag.py:587} INFO - Filling up the DagBag from /home/ubuntu/airflow_snow/lib/python3.12/site-packages/airflow/example_dags/tutorial_taskflow_api.py
[2024-09-01T04:51:01.023+0000] {processor.py:925} INFO - DAG(s) 'tutorial_taskflow_api' retrieved from /home/ubuntu/airflow_snow/lib/python3.12/site-packages/airflow/example_dags/tutorial_taskflow_api.py
[2024-09-01T04:51:01.036+0000] {logging_mixin.py:190} INFO - [2024-09-01T04:51:01.036+0000] {dag.py:3211} INFO - Sync 1 DAGs
[2024-09-01T04:51:01.047+0000] {logging_mixin.py:190} INFO - [2024-09-01T04:51:01.047+0000] {dag.py:4138} INFO - Setting next_dagrun for tutorial_taskflow_api to None, run_after=None
[2024-09-01T04:51:01.073+0000] {processor.py:208} INFO - Processing /home/ubuntu/airflow_snow/lib/python3.12/site-packages/airflow/example_dags/tutorial_taskflow_api.py took 0.068 seconds
[2024-09-01T04:51:51.266+0000] {processor.py:186} INFO - Started process (PID=3611) to work on /home/ubuntu/airflow_snow/lib/python3.12/site-packages/airflow/example_dags/tutorial_taskflow_api.py
[2024-09-01T04:51:51.268+0000] {processor.py:914} INFO - Processing file /home/ubuntu/airflow_snow/lib/python3.12/site-packages/airflow/example_dags/tutorial_taskflow_api.py for tasks to queue
[2024-09-01T04:51:51.270+0000] {logging_mixin.py:190} INFO - [2024-09-01T04:51:51.270+0000] {dagbag.py:587} INFO - Filling up the DagBag from /home/ubuntu/airflow_snow/lib/python3.12/site-packages/airflow/example_dags/tutorial_taskflow_api.py
[2024-09-01T04:51:51.278+0000] {processor.py:925} INFO - DAG(s) 'tutorial_taskflow_api' retrieved from /home/ubuntu/airflow_snow/lib/python3.12/site-packages/airflow/example_dags/tutorial_taskflow_api.py
[2024-09-01T04:51:51.292+0000] {logging_mixin.py:190} INFO - [2024-09-01T04:51:51.292+0000] {dag.py:3211} INFO - Sync 1 DAGs
[2024-09-01T04:51:51.303+0000] {logging_mixin.py:190} INFO - [2024-09-01T04:51:51.303+0000] {dag.py:4138} INFO - Setting next_dagrun for tutorial_taskflow_api to None, run_after=None
[2024-09-01T04:51:51.324+0000] {processor.py:208} INFO - Processing /home/ubuntu/airflow_snow/lib/python3.12/site-packages/airflow/example_dags/tutorial_taskflow_api.py took 0.064 seconds
[2024-09-01T04:52:40.424+0000] {processor.py:186} INFO - Started process (PID=3661) to work on /home/ubuntu/airflow_snow/lib/python3.12/site-packages/airflow/example_dags/tutorial_taskflow_api.py
[2024-09-01T04:52:40.426+0000] {processor.py:914} INFO - Processing file /home/ubuntu/airflow_snow/lib/python3.12/site-packages/airflow/example_dags/tutorial_taskflow_api.py for tasks to queue
[2024-09-01T04:52:40.428+0000] {logging_mixin.py:190} INFO - [2024-09-01T04:52:40.427+0000] {dagbag.py:587} INFO - Filling up the DagBag from /home/ubuntu/airflow_snow/lib/python3.12/site-packages/airflow/example_dags/tutorial_taskflow_api.py
[2024-09-01T04:52:40.435+0000] {processor.py:925} INFO - DAG(s) 'tutorial_taskflow_api' retrieved from /home/ubuntu/airflow_snow/lib/python3.12/site-packages/airflow/example_dags/tutorial_taskflow_api.py
[2024-09-01T04:52:40.450+0000] {logging_mixin.py:190} INFO - [2024-09-01T04:52:40.449+0000] {dag.py:3211} INFO - Sync 1 DAGs
[2024-09-01T04:52:40.462+0000] {logging_mixin.py:190} INFO - [2024-09-01T04:52:40.462+0000] {dag.py:4138} INFO - Setting next_dagrun for tutorial_taskflow_api to None, run_after=None
[2024-09-01T04:52:40.484+0000] {processor.py:208} INFO - Processing /home/ubuntu/airflow_snow/lib/python3.12/site-packages/airflow/example_dags/tutorial_taskflow_api.py took 0.065 seconds
