[2024-09-01T04:28:33.192+0000] {processor.py:186} INFO - Started process (PID=2155) to work on /home/ubuntu/airflow_snow/lib/python3.12/site-packages/airflow/example_dags/tutorial_objectstorage.py
[2024-09-01T04:28:33.193+0000] {processor.py:914} INFO - Processing file /home/ubuntu/airflow_snow/lib/python3.12/site-packages/airflow/example_dags/tutorial_objectstorage.py for tasks to queue
[2024-09-01T04:28:33.195+0000] {logging_mixin.py:190} INFO - [2024-09-01T04:28:33.195+0000] {dagbag.py:587} INFO - Filling up the DagBag from /home/ubuntu/airflow_snow/lib/python3.12/site-packages/airflow/example_dags/tutorial_objectstorage.py
[2024-09-01T04:28:33.204+0000] {processor.py:925} INFO - DAG(s) 'tutorial_objectstorage' retrieved from /home/ubuntu/airflow_snow/lib/python3.12/site-packages/airflow/example_dags/tutorial_objectstorage.py
[2024-09-01T04:28:33.316+0000] {logging_mixin.py:190} INFO - [2024-09-01T04:28:33.316+0000] {override.py:1900} INFO - Created Permission View: can delete on DAG:tutorial_objectstorage
[2024-09-01T04:28:33.332+0000] {logging_mixin.py:190} INFO - [2024-09-01T04:28:33.332+0000] {override.py:1900} INFO - Created Permission View: can read on DAG:tutorial_objectstorage
[2024-09-01T04:28:33.346+0000] {logging_mixin.py:190} INFO - [2024-09-01T04:28:33.345+0000] {override.py:1900} INFO - Created Permission View: can edit on DAG:tutorial_objectstorage
[2024-09-01T04:28:33.371+0000] {logging_mixin.py:190} INFO - [2024-09-01T04:28:33.371+0000] {override.py:1900} INFO - Created Permission View: menu access on DAG Run:tutorial_objectstorage
[2024-09-01T04:28:33.385+0000] {logging_mixin.py:190} INFO - [2024-09-01T04:28:33.384+0000] {override.py:1900} INFO - Created Permission View: can create on DAG Run:tutorial_objectstorage
[2024-09-01T04:28:33.401+0000] {logging_mixin.py:190} INFO - [2024-09-01T04:28:33.401+0000] {override.py:1900} INFO - Created Permission View: can read on DAG Run:tutorial_objectstorage
[2024-09-01T04:28:33.412+0000] {logging_mixin.py:190} INFO - [2024-09-01T04:28:33.412+0000] {override.py:1900} INFO - Created Permission View: can delete on DAG Run:tutorial_objectstorage
[2024-09-01T04:28:33.412+0000] {logging_mixin.py:190} INFO - [2024-09-01T04:28:33.412+0000] {dag.py:3211} INFO - Sync 1 DAGs
[2024-09-01T04:28:33.423+0000] {logging_mixin.py:190} INFO - [2024-09-01T04:28:33.422+0000] {dag.py:3234} INFO - Creating ORM DAG for tutorial_objectstorage
[2024-09-01T04:28:33.423+0000] {logging_mixin.py:190} INFO - [2024-09-01T04:28:33.423+0000] {dag.py:4138} INFO - Setting next_dagrun for tutorial_objectstorage to None, run_after=None
[2024-09-01T04:28:33.450+0000] {processor.py:208} INFO - Processing /home/ubuntu/airflow_snow/lib/python3.12/site-packages/airflow/example_dags/tutorial_objectstorage.py took 0.263 seconds
[2024-09-01T04:29:40.338+0000] {processor.py:186} INFO - Started process (PID=2211) to work on /home/ubuntu/airflow_snow/lib/python3.12/site-packages/airflow/example_dags/tutorial_objectstorage.py
[2024-09-01T04:29:40.341+0000] {processor.py:914} INFO - Processing file /home/ubuntu/airflow_snow/lib/python3.12/site-packages/airflow/example_dags/tutorial_objectstorage.py for tasks to queue
[2024-09-01T04:29:40.343+0000] {logging_mixin.py:190} INFO - [2024-09-01T04:29:40.342+0000] {dagbag.py:587} INFO - Filling up the DagBag from /home/ubuntu/airflow_snow/lib/python3.12/site-packages/airflow/example_dags/tutorial_objectstorage.py
[2024-09-01T04:29:40.351+0000] {processor.py:925} INFO - DAG(s) 'tutorial_objectstorage' retrieved from /home/ubuntu/airflow_snow/lib/python3.12/site-packages/airflow/example_dags/tutorial_objectstorage.py
[2024-09-01T04:29:40.366+0000] {logging_mixin.py:190} INFO - [2024-09-01T04:29:40.366+0000] {dag.py:3211} INFO - Sync 1 DAGs
[2024-09-01T04:29:40.379+0000] {logging_mixin.py:190} INFO - [2024-09-01T04:29:40.378+0000] {dag.py:4138} INFO - Setting next_dagrun for tutorial_objectstorage to None, run_after=None
[2024-09-01T04:29:40.399+0000] {processor.py:208} INFO - Processing /home/ubuntu/airflow_snow/lib/python3.12/site-packages/airflow/example_dags/tutorial_objectstorage.py took 0.067 seconds
[2024-09-01T04:30:34.182+0000] {processor.py:186} INFO - Started process (PID=2271) to work on /home/ubuntu/airflow_snow/lib/python3.12/site-packages/airflow/example_dags/tutorial_objectstorage.py
[2024-09-01T04:30:34.185+0000] {processor.py:914} INFO - Processing file /home/ubuntu/airflow_snow/lib/python3.12/site-packages/airflow/example_dags/tutorial_objectstorage.py for tasks to queue
[2024-09-01T04:30:34.186+0000] {logging_mixin.py:190} INFO - [2024-09-01T04:30:34.186+0000] {dagbag.py:587} INFO - Filling up the DagBag from /home/ubuntu/airflow_snow/lib/python3.12/site-packages/airflow/example_dags/tutorial_objectstorage.py
[2024-09-01T04:30:34.196+0000] {processor.py:925} INFO - DAG(s) 'tutorial_objectstorage' retrieved from /home/ubuntu/airflow_snow/lib/python3.12/site-packages/airflow/example_dags/tutorial_objectstorage.py
[2024-09-01T04:30:34.210+0000] {logging_mixin.py:190} INFO - [2024-09-01T04:30:34.210+0000] {dag.py:3211} INFO - Sync 1 DAGs
[2024-09-01T04:30:34.238+0000] {logging_mixin.py:190} INFO - [2024-09-01T04:30:34.238+0000] {dag.py:4138} INFO - Setting next_dagrun for tutorial_objectstorage to None, run_after=None
[2024-09-01T04:30:34.259+0000] {processor.py:208} INFO - Processing /home/ubuntu/airflow_snow/lib/python3.12/site-packages/airflow/example_dags/tutorial_objectstorage.py took 0.082 seconds
[2024-09-01T04:31:22.810+0000] {processor.py:186} INFO - Started process (PID=2323) to work on /home/ubuntu/airflow_snow/lib/python3.12/site-packages/airflow/example_dags/tutorial_objectstorage.py
[2024-09-01T04:31:22.813+0000] {processor.py:914} INFO - Processing file /home/ubuntu/airflow_snow/lib/python3.12/site-packages/airflow/example_dags/tutorial_objectstorage.py for tasks to queue
[2024-09-01T04:31:22.815+0000] {logging_mixin.py:190} INFO - [2024-09-01T04:31:22.815+0000] {dagbag.py:587} INFO - Filling up the DagBag from /home/ubuntu/airflow_snow/lib/python3.12/site-packages/airflow/example_dags/tutorial_objectstorage.py
[2024-09-01T04:31:22.823+0000] {processor.py:925} INFO - DAG(s) 'tutorial_objectstorage' retrieved from /home/ubuntu/airflow_snow/lib/python3.12/site-packages/airflow/example_dags/tutorial_objectstorage.py
[2024-09-01T04:31:22.837+0000] {logging_mixin.py:190} INFO - [2024-09-01T04:31:22.837+0000] {dag.py:3211} INFO - Sync 1 DAGs
[2024-09-01T04:31:22.847+0000] {logging_mixin.py:190} INFO - [2024-09-01T04:31:22.847+0000] {dag.py:4138} INFO - Setting next_dagrun for tutorial_objectstorage to None, run_after=None
[2024-09-01T04:31:22.870+0000] {processor.py:208} INFO - Processing /home/ubuntu/airflow_snow/lib/python3.12/site-packages/airflow/example_dags/tutorial_objectstorage.py took 0.065 seconds
[2024-09-01T04:32:10.767+0000] {processor.py:186} INFO - Started process (PID=2372) to work on /home/ubuntu/airflow_snow/lib/python3.12/site-packages/airflow/example_dags/tutorial_objectstorage.py
[2024-09-01T04:32:10.769+0000] {processor.py:914} INFO - Processing file /home/ubuntu/airflow_snow/lib/python3.12/site-packages/airflow/example_dags/tutorial_objectstorage.py for tasks to queue
[2024-09-01T04:32:10.771+0000] {logging_mixin.py:190} INFO - [2024-09-01T04:32:10.771+0000] {dagbag.py:587} INFO - Filling up the DagBag from /home/ubuntu/airflow_snow/lib/python3.12/site-packages/airflow/example_dags/tutorial_objectstorage.py
[2024-09-01T04:32:10.779+0000] {processor.py:925} INFO - DAG(s) 'tutorial_objectstorage' retrieved from /home/ubuntu/airflow_snow/lib/python3.12/site-packages/airflow/example_dags/tutorial_objectstorage.py
[2024-09-01T04:32:10.794+0000] {logging_mixin.py:190} INFO - [2024-09-01T04:32:10.794+0000] {dag.py:3211} INFO - Sync 1 DAGs
[2024-09-01T04:32:10.804+0000] {logging_mixin.py:190} INFO - [2024-09-01T04:32:10.804+0000] {dag.py:4138} INFO - Setting next_dagrun for tutorial_objectstorage to None, run_after=None
[2024-09-01T04:32:10.827+0000] {processor.py:208} INFO - Processing /home/ubuntu/airflow_snow/lib/python3.12/site-packages/airflow/example_dags/tutorial_objectstorage.py took 0.065 seconds
[2024-09-01T04:32:59.363+0000] {processor.py:186} INFO - Started process (PID=2422) to work on /home/ubuntu/airflow_snow/lib/python3.12/site-packages/airflow/example_dags/tutorial_objectstorage.py
[2024-09-01T04:32:59.365+0000] {processor.py:914} INFO - Processing file /home/ubuntu/airflow_snow/lib/python3.12/site-packages/airflow/example_dags/tutorial_objectstorage.py for tasks to queue
[2024-09-01T04:32:59.367+0000] {logging_mixin.py:190} INFO - [2024-09-01T04:32:59.367+0000] {dagbag.py:587} INFO - Filling up the DagBag from /home/ubuntu/airflow_snow/lib/python3.12/site-packages/airflow/example_dags/tutorial_objectstorage.py
[2024-09-01T04:32:59.374+0000] {processor.py:925} INFO - DAG(s) 'tutorial_objectstorage' retrieved from /home/ubuntu/airflow_snow/lib/python3.12/site-packages/airflow/example_dags/tutorial_objectstorage.py
[2024-09-01T04:32:59.389+0000] {logging_mixin.py:190} INFO - [2024-09-01T04:32:59.388+0000] {dag.py:3211} INFO - Sync 1 DAGs
[2024-09-01T04:32:59.399+0000] {logging_mixin.py:190} INFO - [2024-09-01T04:32:59.399+0000] {dag.py:4138} INFO - Setting next_dagrun for tutorial_objectstorage to None, run_after=None
[2024-09-01T04:32:59.422+0000] {processor.py:208} INFO - Processing /home/ubuntu/airflow_snow/lib/python3.12/site-packages/airflow/example_dags/tutorial_objectstorage.py took 0.065 seconds
[2024-09-01T04:33:50.701+0000] {processor.py:186} INFO - Started process (PID=2475) to work on /home/ubuntu/airflow_snow/lib/python3.12/site-packages/airflow/example_dags/tutorial_objectstorage.py
[2024-09-01T04:33:50.703+0000] {processor.py:914} INFO - Processing file /home/ubuntu/airflow_snow/lib/python3.12/site-packages/airflow/example_dags/tutorial_objectstorage.py for tasks to queue
[2024-09-01T04:33:50.705+0000] {logging_mixin.py:190} INFO - [2024-09-01T04:33:50.704+0000] {dagbag.py:587} INFO - Filling up the DagBag from /home/ubuntu/airflow_snow/lib/python3.12/site-packages/airflow/example_dags/tutorial_objectstorage.py
[2024-09-01T04:33:50.714+0000] {processor.py:925} INFO - DAG(s) 'tutorial_objectstorage' retrieved from /home/ubuntu/airflow_snow/lib/python3.12/site-packages/airflow/example_dags/tutorial_objectstorage.py
[2024-09-01T04:33:50.728+0000] {logging_mixin.py:190} INFO - [2024-09-01T04:33:50.728+0000] {dag.py:3211} INFO - Sync 1 DAGs
[2024-09-01T04:33:50.739+0000] {logging_mixin.py:190} INFO - [2024-09-01T04:33:50.738+0000] {dag.py:4138} INFO - Setting next_dagrun for tutorial_objectstorage to None, run_after=None
[2024-09-01T04:33:50.761+0000] {processor.py:208} INFO - Processing /home/ubuntu/airflow_snow/lib/python3.12/site-packages/airflow/example_dags/tutorial_objectstorage.py took 0.066 seconds
[2024-09-01T04:34:39.616+0000] {processor.py:186} INFO - Started process (PID=2527) to work on /home/ubuntu/airflow_snow/lib/python3.12/site-packages/airflow/example_dags/tutorial_objectstorage.py
[2024-09-01T04:34:39.618+0000] {processor.py:914} INFO - Processing file /home/ubuntu/airflow_snow/lib/python3.12/site-packages/airflow/example_dags/tutorial_objectstorage.py for tasks to queue
[2024-09-01T04:34:39.620+0000] {logging_mixin.py:190} INFO - [2024-09-01T04:34:39.619+0000] {dagbag.py:587} INFO - Filling up the DagBag from /home/ubuntu/airflow_snow/lib/python3.12/site-packages/airflow/example_dags/tutorial_objectstorage.py
[2024-09-01T04:34:39.629+0000] {processor.py:925} INFO - DAG(s) 'tutorial_objectstorage' retrieved from /home/ubuntu/airflow_snow/lib/python3.12/site-packages/airflow/example_dags/tutorial_objectstorage.py
[2024-09-01T04:34:39.642+0000] {logging_mixin.py:190} INFO - [2024-09-01T04:34:39.642+0000] {dag.py:3211} INFO - Sync 1 DAGs
[2024-09-01T04:34:39.653+0000] {logging_mixin.py:190} INFO - [2024-09-01T04:34:39.653+0000] {dag.py:4138} INFO - Setting next_dagrun for tutorial_objectstorage to None, run_after=None
[2024-09-01T04:34:39.674+0000] {processor.py:208} INFO - Processing /home/ubuntu/airflow_snow/lib/python3.12/site-packages/airflow/example_dags/tutorial_objectstorage.py took 0.064 seconds
[2024-09-01T04:35:28.226+0000] {processor.py:186} INFO - Started process (PID=2581) to work on /home/ubuntu/airflow_snow/lib/python3.12/site-packages/airflow/example_dags/tutorial_objectstorage.py
[2024-09-01T04:35:28.228+0000] {processor.py:914} INFO - Processing file /home/ubuntu/airflow_snow/lib/python3.12/site-packages/airflow/example_dags/tutorial_objectstorage.py for tasks to queue
[2024-09-01T04:35:28.229+0000] {logging_mixin.py:190} INFO - [2024-09-01T04:35:28.229+0000] {dagbag.py:587} INFO - Filling up the DagBag from /home/ubuntu/airflow_snow/lib/python3.12/site-packages/airflow/example_dags/tutorial_objectstorage.py
[2024-09-01T04:35:28.238+0000] {processor.py:925} INFO - DAG(s) 'tutorial_objectstorage' retrieved from /home/ubuntu/airflow_snow/lib/python3.12/site-packages/airflow/example_dags/tutorial_objectstorage.py
[2024-09-01T04:35:28.251+0000] {logging_mixin.py:190} INFO - [2024-09-01T04:35:28.251+0000] {dag.py:3211} INFO - Sync 1 DAGs
[2024-09-01T04:35:28.263+0000] {logging_mixin.py:190} INFO - [2024-09-01T04:35:28.263+0000] {dag.py:4138} INFO - Setting next_dagrun for tutorial_objectstorage to None, run_after=None
[2024-09-01T04:35:28.283+0000] {processor.py:208} INFO - Processing /home/ubuntu/airflow_snow/lib/python3.12/site-packages/airflow/example_dags/tutorial_objectstorage.py took 0.064 seconds
[2024-09-01T04:36:19.486+0000] {processor.py:186} INFO - Started process (PID=2632) to work on /home/ubuntu/airflow_snow/lib/python3.12/site-packages/airflow/example_dags/tutorial_objectstorage.py
[2024-09-01T04:36:19.488+0000] {processor.py:914} INFO - Processing file /home/ubuntu/airflow_snow/lib/python3.12/site-packages/airflow/example_dags/tutorial_objectstorage.py for tasks to queue
[2024-09-01T04:36:19.489+0000] {logging_mixin.py:190} INFO - [2024-09-01T04:36:19.489+0000] {dagbag.py:587} INFO - Filling up the DagBag from /home/ubuntu/airflow_snow/lib/python3.12/site-packages/airflow/example_dags/tutorial_objectstorage.py
[2024-09-01T04:36:19.499+0000] {processor.py:925} INFO - DAG(s) 'tutorial_objectstorage' retrieved from /home/ubuntu/airflow_snow/lib/python3.12/site-packages/airflow/example_dags/tutorial_objectstorage.py
[2024-09-01T04:36:19.513+0000] {logging_mixin.py:190} INFO - [2024-09-01T04:36:19.513+0000] {dag.py:3211} INFO - Sync 1 DAGs
[2024-09-01T04:36:19.523+0000] {logging_mixin.py:190} INFO - [2024-09-01T04:36:19.523+0000] {dag.py:4138} INFO - Setting next_dagrun for tutorial_objectstorage to None, run_after=None
[2024-09-01T04:36:19.543+0000] {processor.py:208} INFO - Processing /home/ubuntu/airflow_snow/lib/python3.12/site-packages/airflow/example_dags/tutorial_objectstorage.py took 0.062 seconds
[2024-09-01T04:37:13.191+0000] {processor.py:186} INFO - Started process (PID=2686) to work on /home/ubuntu/airflow_snow/lib/python3.12/site-packages/airflow/example_dags/tutorial_objectstorage.py
[2024-09-01T04:37:13.192+0000] {processor.py:914} INFO - Processing file /home/ubuntu/airflow_snow/lib/python3.12/site-packages/airflow/example_dags/tutorial_objectstorage.py for tasks to queue
[2024-09-01T04:37:13.194+0000] {logging_mixin.py:190} INFO - [2024-09-01T04:37:13.194+0000] {dagbag.py:587} INFO - Filling up the DagBag from /home/ubuntu/airflow_snow/lib/python3.12/site-packages/airflow/example_dags/tutorial_objectstorage.py
[2024-09-01T04:37:13.203+0000] {processor.py:925} INFO - DAG(s) 'tutorial_objectstorage' retrieved from /home/ubuntu/airflow_snow/lib/python3.12/site-packages/airflow/example_dags/tutorial_objectstorage.py
[2024-09-01T04:37:13.217+0000] {logging_mixin.py:190} INFO - [2024-09-01T04:37:13.217+0000] {dag.py:3211} INFO - Sync 1 DAGs
[2024-09-01T04:37:13.229+0000] {logging_mixin.py:190} INFO - [2024-09-01T04:37:13.229+0000] {dag.py:4138} INFO - Setting next_dagrun for tutorial_objectstorage to None, run_after=None
[2024-09-01T04:37:13.251+0000] {processor.py:208} INFO - Processing /home/ubuntu/airflow_snow/lib/python3.12/site-packages/airflow/example_dags/tutorial_objectstorage.py took 0.065 seconds
[2024-09-01T04:38:03.635+0000] {processor.py:186} INFO - Started process (PID=2737) to work on /home/ubuntu/airflow_snow/lib/python3.12/site-packages/airflow/example_dags/tutorial_objectstorage.py
[2024-09-01T04:38:03.637+0000] {processor.py:914} INFO - Processing file /home/ubuntu/airflow_snow/lib/python3.12/site-packages/airflow/example_dags/tutorial_objectstorage.py for tasks to queue
[2024-09-01T04:38:03.638+0000] {logging_mixin.py:190} INFO - [2024-09-01T04:38:03.638+0000] {dagbag.py:587} INFO - Filling up the DagBag from /home/ubuntu/airflow_snow/lib/python3.12/site-packages/airflow/example_dags/tutorial_objectstorage.py
[2024-09-01T04:38:03.647+0000] {processor.py:925} INFO - DAG(s) 'tutorial_objectstorage' retrieved from /home/ubuntu/airflow_snow/lib/python3.12/site-packages/airflow/example_dags/tutorial_objectstorage.py
[2024-09-01T04:38:03.661+0000] {logging_mixin.py:190} INFO - [2024-09-01T04:38:03.661+0000] {dag.py:3211} INFO - Sync 1 DAGs
[2024-09-01T04:38:03.671+0000] {logging_mixin.py:190} INFO - [2024-09-01T04:38:03.671+0000] {dag.py:4138} INFO - Setting next_dagrun for tutorial_objectstorage to None, run_after=None
[2024-09-01T04:38:03.693+0000] {processor.py:208} INFO - Processing /home/ubuntu/airflow_snow/lib/python3.12/site-packages/airflow/example_dags/tutorial_objectstorage.py took 0.062 seconds
[2024-09-01T04:38:54.096+0000] {processor.py:186} INFO - Started process (PID=2788) to work on /home/ubuntu/airflow_snow/lib/python3.12/site-packages/airflow/example_dags/tutorial_objectstorage.py
[2024-09-01T04:38:54.097+0000] {processor.py:914} INFO - Processing file /home/ubuntu/airflow_snow/lib/python3.12/site-packages/airflow/example_dags/tutorial_objectstorage.py for tasks to queue
[2024-09-01T04:38:54.098+0000] {logging_mixin.py:190} INFO - [2024-09-01T04:38:54.098+0000] {dagbag.py:587} INFO - Filling up the DagBag from /home/ubuntu/airflow_snow/lib/python3.12/site-packages/airflow/example_dags/tutorial_objectstorage.py
[2024-09-01T04:38:54.107+0000] {processor.py:925} INFO - DAG(s) 'tutorial_objectstorage' retrieved from /home/ubuntu/airflow_snow/lib/python3.12/site-packages/airflow/example_dags/tutorial_objectstorage.py
[2024-09-01T04:38:54.122+0000] {logging_mixin.py:190} INFO - [2024-09-01T04:38:54.122+0000] {dag.py:3211} INFO - Sync 1 DAGs
[2024-09-01T04:38:54.131+0000] {logging_mixin.py:190} INFO - [2024-09-01T04:38:54.131+0000] {dag.py:4138} INFO - Setting next_dagrun for tutorial_objectstorage to None, run_after=None
[2024-09-01T04:38:54.155+0000] {processor.py:208} INFO - Processing /home/ubuntu/airflow_snow/lib/python3.12/site-packages/airflow/example_dags/tutorial_objectstorage.py took 0.064 seconds
[2024-09-01T04:39:46.691+0000] {processor.py:186} INFO - Started process (PID=2841) to work on /home/ubuntu/airflow_snow/lib/python3.12/site-packages/airflow/example_dags/tutorial_objectstorage.py
[2024-09-01T04:39:46.693+0000] {processor.py:914} INFO - Processing file /home/ubuntu/airflow_snow/lib/python3.12/site-packages/airflow/example_dags/tutorial_objectstorage.py for tasks to queue
[2024-09-01T04:39:46.694+0000] {logging_mixin.py:190} INFO - [2024-09-01T04:39:46.694+0000] {dagbag.py:587} INFO - Filling up the DagBag from /home/ubuntu/airflow_snow/lib/python3.12/site-packages/airflow/example_dags/tutorial_objectstorage.py
[2024-09-01T04:39:46.704+0000] {processor.py:925} INFO - DAG(s) 'tutorial_objectstorage' retrieved from /home/ubuntu/airflow_snow/lib/python3.12/site-packages/airflow/example_dags/tutorial_objectstorage.py
[2024-09-01T04:39:46.718+0000] {logging_mixin.py:190} INFO - [2024-09-01T04:39:46.718+0000] {dag.py:3211} INFO - Sync 1 DAGs
[2024-09-01T04:39:46.729+0000] {logging_mixin.py:190} INFO - [2024-09-01T04:39:46.729+0000] {dag.py:4138} INFO - Setting next_dagrun for tutorial_objectstorage to None, run_after=None
[2024-09-01T04:39:46.750+0000] {processor.py:208} INFO - Processing /home/ubuntu/airflow_snow/lib/python3.12/site-packages/airflow/example_dags/tutorial_objectstorage.py took 0.065 seconds
[2024-09-01T04:40:37.155+0000] {processor.py:186} INFO - Started process (PID=2897) to work on /home/ubuntu/airflow_snow/lib/python3.12/site-packages/airflow/example_dags/tutorial_objectstorage.py
[2024-09-01T04:40:37.157+0000] {processor.py:914} INFO - Processing file /home/ubuntu/airflow_snow/lib/python3.12/site-packages/airflow/example_dags/tutorial_objectstorage.py for tasks to queue
[2024-09-01T04:40:37.159+0000] {logging_mixin.py:190} INFO - [2024-09-01T04:40:37.159+0000] {dagbag.py:587} INFO - Filling up the DagBag from /home/ubuntu/airflow_snow/lib/python3.12/site-packages/airflow/example_dags/tutorial_objectstorage.py
[2024-09-01T04:40:37.169+0000] {processor.py:925} INFO - DAG(s) 'tutorial_objectstorage' retrieved from /home/ubuntu/airflow_snow/lib/python3.12/site-packages/airflow/example_dags/tutorial_objectstorage.py
[2024-09-01T04:40:37.182+0000] {logging_mixin.py:190} INFO - [2024-09-01T04:40:37.182+0000] {dag.py:3211} INFO - Sync 1 DAGs
[2024-09-01T04:40:37.194+0000] {logging_mixin.py:190} INFO - [2024-09-01T04:40:37.194+0000] {dag.py:4138} INFO - Setting next_dagrun for tutorial_objectstorage to None, run_after=None
[2024-09-01T04:40:37.216+0000] {processor.py:208} INFO - Processing /home/ubuntu/airflow_snow/lib/python3.12/site-packages/airflow/example_dags/tutorial_objectstorage.py took 0.067 seconds
[2024-09-01T04:41:29.610+0000] {processor.py:186} INFO - Started process (PID=2951) to work on /home/ubuntu/airflow_snow/lib/python3.12/site-packages/airflow/example_dags/tutorial_objectstorage.py
[2024-09-01T04:41:29.613+0000] {processor.py:914} INFO - Processing file /home/ubuntu/airflow_snow/lib/python3.12/site-packages/airflow/example_dags/tutorial_objectstorage.py for tasks to queue
[2024-09-01T04:41:29.614+0000] {logging_mixin.py:190} INFO - [2024-09-01T04:41:29.614+0000] {dagbag.py:587} INFO - Filling up the DagBag from /home/ubuntu/airflow_snow/lib/python3.12/site-packages/airflow/example_dags/tutorial_objectstorage.py
[2024-09-01T04:41:29.623+0000] {processor.py:925} INFO - DAG(s) 'tutorial_objectstorage' retrieved from /home/ubuntu/airflow_snow/lib/python3.12/site-packages/airflow/example_dags/tutorial_objectstorage.py
[2024-09-01T04:41:29.638+0000] {logging_mixin.py:190} INFO - [2024-09-01T04:41:29.637+0000] {dag.py:3211} INFO - Sync 1 DAGs
[2024-09-01T04:41:29.649+0000] {logging_mixin.py:190} INFO - [2024-09-01T04:41:29.649+0000] {dag.py:4138} INFO - Setting next_dagrun for tutorial_objectstorage to None, run_after=None
[2024-09-01T04:41:29.673+0000] {processor.py:208} INFO - Processing /home/ubuntu/airflow_snow/lib/python3.12/site-packages/airflow/example_dags/tutorial_objectstorage.py took 0.066 seconds
[2024-09-01T04:42:18.804+0000] {processor.py:186} INFO - Started process (PID=3001) to work on /home/ubuntu/airflow_snow/lib/python3.12/site-packages/airflow/example_dags/tutorial_objectstorage.py
[2024-09-01T04:42:18.807+0000] {processor.py:914} INFO - Processing file /home/ubuntu/airflow_snow/lib/python3.12/site-packages/airflow/example_dags/tutorial_objectstorage.py for tasks to queue
[2024-09-01T04:42:18.810+0000] {logging_mixin.py:190} INFO - [2024-09-01T04:42:18.809+0000] {dagbag.py:587} INFO - Filling up the DagBag from /home/ubuntu/airflow_snow/lib/python3.12/site-packages/airflow/example_dags/tutorial_objectstorage.py
[2024-09-01T04:42:18.819+0000] {processor.py:925} INFO - DAG(s) 'tutorial_objectstorage' retrieved from /home/ubuntu/airflow_snow/lib/python3.12/site-packages/airflow/example_dags/tutorial_objectstorage.py
[2024-09-01T04:42:18.832+0000] {logging_mixin.py:190} INFO - [2024-09-01T04:42:18.832+0000] {dag.py:3211} INFO - Sync 1 DAGs
[2024-09-01T04:42:18.842+0000] {logging_mixin.py:190} INFO - [2024-09-01T04:42:18.842+0000] {dag.py:4138} INFO - Setting next_dagrun for tutorial_objectstorage to None, run_after=None
[2024-09-01T04:42:18.865+0000] {processor.py:208} INFO - Processing /home/ubuntu/airflow_snow/lib/python3.12/site-packages/airflow/example_dags/tutorial_objectstorage.py took 0.066 seconds
[2024-09-01T04:43:09.323+0000] {processor.py:186} INFO - Started process (PID=3052) to work on /home/ubuntu/airflow_snow/lib/python3.12/site-packages/airflow/example_dags/tutorial_objectstorage.py
[2024-09-01T04:43:09.324+0000] {processor.py:914} INFO - Processing file /home/ubuntu/airflow_snow/lib/python3.12/site-packages/airflow/example_dags/tutorial_objectstorage.py for tasks to queue
[2024-09-01T04:43:09.326+0000] {logging_mixin.py:190} INFO - [2024-09-01T04:43:09.326+0000] {dagbag.py:587} INFO - Filling up the DagBag from /home/ubuntu/airflow_snow/lib/python3.12/site-packages/airflow/example_dags/tutorial_objectstorage.py
[2024-09-01T04:43:09.334+0000] {processor.py:925} INFO - DAG(s) 'tutorial_objectstorage' retrieved from /home/ubuntu/airflow_snow/lib/python3.12/site-packages/airflow/example_dags/tutorial_objectstorage.py
[2024-09-01T04:43:09.348+0000] {logging_mixin.py:190} INFO - [2024-09-01T04:43:09.348+0000] {dag.py:3211} INFO - Sync 1 DAGs
[2024-09-01T04:43:09.358+0000] {logging_mixin.py:190} INFO - [2024-09-01T04:43:09.358+0000] {dag.py:4138} INFO - Setting next_dagrun for tutorial_objectstorage to None, run_after=None
[2024-09-01T04:43:09.383+0000] {processor.py:208} INFO - Processing /home/ubuntu/airflow_snow/lib/python3.12/site-packages/airflow/example_dags/tutorial_objectstorage.py took 0.065 seconds
[2024-09-01T04:43:57.251+0000] {processor.py:186} INFO - Started process (PID=3102) to work on /home/ubuntu/airflow_snow/lib/python3.12/site-packages/airflow/example_dags/tutorial_objectstorage.py
[2024-09-01T04:43:57.253+0000] {processor.py:914} INFO - Processing file /home/ubuntu/airflow_snow/lib/python3.12/site-packages/airflow/example_dags/tutorial_objectstorage.py for tasks to queue
[2024-09-01T04:43:57.254+0000] {logging_mixin.py:190} INFO - [2024-09-01T04:43:57.254+0000] {dagbag.py:587} INFO - Filling up the DagBag from /home/ubuntu/airflow_snow/lib/python3.12/site-packages/airflow/example_dags/tutorial_objectstorage.py
[2024-09-01T04:43:57.264+0000] {processor.py:925} INFO - DAG(s) 'tutorial_objectstorage' retrieved from /home/ubuntu/airflow_snow/lib/python3.12/site-packages/airflow/example_dags/tutorial_objectstorage.py
[2024-09-01T04:43:57.278+0000] {logging_mixin.py:190} INFO - [2024-09-01T04:43:57.277+0000] {dag.py:3211} INFO - Sync 1 DAGs
[2024-09-01T04:43:57.289+0000] {logging_mixin.py:190} INFO - [2024-09-01T04:43:57.289+0000] {dag.py:4138} INFO - Setting next_dagrun for tutorial_objectstorage to None, run_after=None
[2024-09-01T04:43:57.307+0000] {processor.py:208} INFO - Processing /home/ubuntu/airflow_snow/lib/python3.12/site-packages/airflow/example_dags/tutorial_objectstorage.py took 0.061 seconds
[2024-09-01T04:44:48.239+0000] {processor.py:186} INFO - Started process (PID=3158) to work on /home/ubuntu/airflow_snow/lib/python3.12/site-packages/airflow/example_dags/tutorial_objectstorage.py
[2024-09-01T04:44:48.241+0000] {processor.py:914} INFO - Processing file /home/ubuntu/airflow_snow/lib/python3.12/site-packages/airflow/example_dags/tutorial_objectstorage.py for tasks to queue
[2024-09-01T04:44:48.243+0000] {logging_mixin.py:190} INFO - [2024-09-01T04:44:48.242+0000] {dagbag.py:587} INFO - Filling up the DagBag from /home/ubuntu/airflow_snow/lib/python3.12/site-packages/airflow/example_dags/tutorial_objectstorage.py
[2024-09-01T04:44:48.252+0000] {processor.py:925} INFO - DAG(s) 'tutorial_objectstorage' retrieved from /home/ubuntu/airflow_snow/lib/python3.12/site-packages/airflow/example_dags/tutorial_objectstorage.py
[2024-09-01T04:44:48.266+0000] {logging_mixin.py:190} INFO - [2024-09-01T04:44:48.266+0000] {dag.py:3211} INFO - Sync 1 DAGs
[2024-09-01T04:44:48.278+0000] {logging_mixin.py:190} INFO - [2024-09-01T04:44:48.278+0000] {dag.py:4138} INFO - Setting next_dagrun for tutorial_objectstorage to None, run_after=None
[2024-09-01T04:44:48.300+0000] {processor.py:208} INFO - Processing /home/ubuntu/airflow_snow/lib/python3.12/site-packages/airflow/example_dags/tutorial_objectstorage.py took 0.065 seconds
[2024-09-01T04:45:34.570+0000] {processor.py:186} INFO - Started process (PID=3213) to work on /home/ubuntu/airflow_snow/lib/python3.12/site-packages/airflow/example_dags/tutorial_objectstorage.py
[2024-09-01T04:45:34.571+0000] {processor.py:914} INFO - Processing file /home/ubuntu/airflow_snow/lib/python3.12/site-packages/airflow/example_dags/tutorial_objectstorage.py for tasks to queue
[2024-09-01T04:45:34.574+0000] {logging_mixin.py:190} INFO - [2024-09-01T04:45:34.573+0000] {dagbag.py:587} INFO - Filling up the DagBag from /home/ubuntu/airflow_snow/lib/python3.12/site-packages/airflow/example_dags/tutorial_objectstorage.py
[2024-09-01T04:45:34.583+0000] {processor.py:925} INFO - DAG(s) 'tutorial_objectstorage' retrieved from /home/ubuntu/airflow_snow/lib/python3.12/site-packages/airflow/example_dags/tutorial_objectstorage.py
[2024-09-01T04:45:34.596+0000] {logging_mixin.py:190} INFO - [2024-09-01T04:45:34.596+0000] {dag.py:3211} INFO - Sync 1 DAGs
[2024-09-01T04:45:34.607+0000] {logging_mixin.py:190} INFO - [2024-09-01T04:45:34.607+0000] {dag.py:4138} INFO - Setting next_dagrun for tutorial_objectstorage to None, run_after=None
[2024-09-01T04:45:34.631+0000] {processor.py:208} INFO - Processing /home/ubuntu/airflow_snow/lib/python3.12/site-packages/airflow/example_dags/tutorial_objectstorage.py took 0.066 seconds
[2024-09-01T04:46:21.938+0000] {processor.py:186} INFO - Started process (PID=3261) to work on /home/ubuntu/airflow_snow/lib/python3.12/site-packages/airflow/example_dags/tutorial_objectstorage.py
[2024-09-01T04:46:21.940+0000] {processor.py:914} INFO - Processing file /home/ubuntu/airflow_snow/lib/python3.12/site-packages/airflow/example_dags/tutorial_objectstorage.py for tasks to queue
[2024-09-01T04:46:21.942+0000] {logging_mixin.py:190} INFO - [2024-09-01T04:46:21.942+0000] {dagbag.py:587} INFO - Filling up the DagBag from /home/ubuntu/airflow_snow/lib/python3.12/site-packages/airflow/example_dags/tutorial_objectstorage.py
[2024-09-01T04:46:21.951+0000] {processor.py:925} INFO - DAG(s) 'tutorial_objectstorage' retrieved from /home/ubuntu/airflow_snow/lib/python3.12/site-packages/airflow/example_dags/tutorial_objectstorage.py
[2024-09-01T04:46:21.966+0000] {logging_mixin.py:190} INFO - [2024-09-01T04:46:21.965+0000] {dag.py:3211} INFO - Sync 1 DAGs
[2024-09-01T04:46:21.977+0000] {logging_mixin.py:190} INFO - [2024-09-01T04:46:21.977+0000] {dag.py:4138} INFO - Setting next_dagrun for tutorial_objectstorage to None, run_after=None
[2024-09-01T04:46:21.999+0000] {processor.py:208} INFO - Processing /home/ubuntu/airflow_snow/lib/python3.12/site-packages/airflow/example_dags/tutorial_objectstorage.py took 0.065 seconds
[2024-09-01T04:47:10.582+0000] {processor.py:186} INFO - Started process (PID=3311) to work on /home/ubuntu/airflow_snow/lib/python3.12/site-packages/airflow/example_dags/tutorial_objectstorage.py
[2024-09-01T04:47:10.585+0000] {processor.py:914} INFO - Processing file /home/ubuntu/airflow_snow/lib/python3.12/site-packages/airflow/example_dags/tutorial_objectstorage.py for tasks to queue
[2024-09-01T04:47:10.586+0000] {logging_mixin.py:190} INFO - [2024-09-01T04:47:10.586+0000] {dagbag.py:587} INFO - Filling up the DagBag from /home/ubuntu/airflow_snow/lib/python3.12/site-packages/airflow/example_dags/tutorial_objectstorage.py
[2024-09-01T04:47:10.595+0000] {processor.py:925} INFO - DAG(s) 'tutorial_objectstorage' retrieved from /home/ubuntu/airflow_snow/lib/python3.12/site-packages/airflow/example_dags/tutorial_objectstorage.py
[2024-09-01T04:47:10.607+0000] {logging_mixin.py:190} INFO - [2024-09-01T04:47:10.607+0000] {dag.py:3211} INFO - Sync 1 DAGs
[2024-09-01T04:47:10.620+0000] {logging_mixin.py:190} INFO - [2024-09-01T04:47:10.620+0000] {dag.py:4138} INFO - Setting next_dagrun for tutorial_objectstorage to None, run_after=None
[2024-09-01T04:47:10.642+0000] {processor.py:208} INFO - Processing /home/ubuntu/airflow_snow/lib/python3.12/site-packages/airflow/example_dags/tutorial_objectstorage.py took 0.064 seconds
[2024-09-01T04:47:58.747+0000] {processor.py:186} INFO - Started process (PID=3362) to work on /home/ubuntu/airflow_snow/lib/python3.12/site-packages/airflow/example_dags/tutorial_objectstorage.py
[2024-09-01T04:47:58.748+0000] {processor.py:914} INFO - Processing file /home/ubuntu/airflow_snow/lib/python3.12/site-packages/airflow/example_dags/tutorial_objectstorage.py for tasks to queue
[2024-09-01T04:47:58.750+0000] {logging_mixin.py:190} INFO - [2024-09-01T04:47:58.749+0000] {dagbag.py:587} INFO - Filling up the DagBag from /home/ubuntu/airflow_snow/lib/python3.12/site-packages/airflow/example_dags/tutorial_objectstorage.py
[2024-09-01T04:47:58.759+0000] {processor.py:925} INFO - DAG(s) 'tutorial_objectstorage' retrieved from /home/ubuntu/airflow_snow/lib/python3.12/site-packages/airflow/example_dags/tutorial_objectstorage.py
[2024-09-01T04:47:58.772+0000] {logging_mixin.py:190} INFO - [2024-09-01T04:47:58.772+0000] {dag.py:3211} INFO - Sync 1 DAGs
[2024-09-01T04:47:58.785+0000] {logging_mixin.py:190} INFO - [2024-09-01T04:47:58.785+0000] {dag.py:4138} INFO - Setting next_dagrun for tutorial_objectstorage to None, run_after=None
[2024-09-01T04:47:58.805+0000] {processor.py:208} INFO - Processing /home/ubuntu/airflow_snow/lib/python3.12/site-packages/airflow/example_dags/tutorial_objectstorage.py took 0.063 seconds
[2024-09-01T04:48:47.359+0000] {processor.py:186} INFO - Started process (PID=3413) to work on /home/ubuntu/airflow_snow/lib/python3.12/site-packages/airflow/example_dags/tutorial_objectstorage.py
[2024-09-01T04:48:47.360+0000] {processor.py:914} INFO - Processing file /home/ubuntu/airflow_snow/lib/python3.12/site-packages/airflow/example_dags/tutorial_objectstorage.py for tasks to queue
[2024-09-01T04:48:47.362+0000] {logging_mixin.py:190} INFO - [2024-09-01T04:48:47.362+0000] {dagbag.py:587} INFO - Filling up the DagBag from /home/ubuntu/airflow_snow/lib/python3.12/site-packages/airflow/example_dags/tutorial_objectstorage.py
[2024-09-01T04:48:47.371+0000] {processor.py:925} INFO - DAG(s) 'tutorial_objectstorage' retrieved from /home/ubuntu/airflow_snow/lib/python3.12/site-packages/airflow/example_dags/tutorial_objectstorage.py
[2024-09-01T04:48:47.385+0000] {logging_mixin.py:190} INFO - [2024-09-01T04:48:47.384+0000] {dag.py:3211} INFO - Sync 1 DAGs
[2024-09-01T04:48:47.396+0000] {logging_mixin.py:190} INFO - [2024-09-01T04:48:47.396+0000] {dag.py:4138} INFO - Setting next_dagrun for tutorial_objectstorage to None, run_after=None
[2024-09-01T04:48:47.419+0000] {processor.py:208} INFO - Processing /home/ubuntu/airflow_snow/lib/python3.12/site-packages/airflow/example_dags/tutorial_objectstorage.py took 0.065 seconds
[2024-09-01T04:49:35.351+0000] {processor.py:186} INFO - Started process (PID=3463) to work on /home/ubuntu/airflow_snow/lib/python3.12/site-packages/airflow/example_dags/tutorial_objectstorage.py
[2024-09-01T04:49:35.353+0000] {processor.py:914} INFO - Processing file /home/ubuntu/airflow_snow/lib/python3.12/site-packages/airflow/example_dags/tutorial_objectstorage.py for tasks to queue
[2024-09-01T04:49:35.355+0000] {logging_mixin.py:190} INFO - [2024-09-01T04:49:35.354+0000] {dagbag.py:587} INFO - Filling up the DagBag from /home/ubuntu/airflow_snow/lib/python3.12/site-packages/airflow/example_dags/tutorial_objectstorage.py
[2024-09-01T04:49:35.363+0000] {processor.py:925} INFO - DAG(s) 'tutorial_objectstorage' retrieved from /home/ubuntu/airflow_snow/lib/python3.12/site-packages/airflow/example_dags/tutorial_objectstorage.py
[2024-09-01T04:49:35.376+0000] {logging_mixin.py:190} INFO - [2024-09-01T04:49:35.376+0000] {dag.py:3211} INFO - Sync 1 DAGs
[2024-09-01T04:49:35.387+0000] {logging_mixin.py:190} INFO - [2024-09-01T04:49:35.387+0000] {dag.py:4138} INFO - Setting next_dagrun for tutorial_objectstorage to None, run_after=None
[2024-09-01T04:49:35.410+0000] {processor.py:208} INFO - Processing /home/ubuntu/airflow_snow/lib/python3.12/site-packages/airflow/example_dags/tutorial_objectstorage.py took 0.064 seconds
[2024-09-01T04:50:19.337+0000] {processor.py:186} INFO - Started process (PID=3511) to work on /home/ubuntu/airflow_snow/lib/python3.12/site-packages/airflow/example_dags/tutorial_objectstorage.py
[2024-09-01T04:50:19.339+0000] {processor.py:914} INFO - Processing file /home/ubuntu/airflow_snow/lib/python3.12/site-packages/airflow/example_dags/tutorial_objectstorage.py for tasks to queue
[2024-09-01T04:50:19.341+0000] {logging_mixin.py:190} INFO - [2024-09-01T04:50:19.341+0000] {dagbag.py:587} INFO - Filling up the DagBag from /home/ubuntu/airflow_snow/lib/python3.12/site-packages/airflow/example_dags/tutorial_objectstorage.py
[2024-09-01T04:50:19.350+0000] {processor.py:925} INFO - DAG(s) 'tutorial_objectstorage' retrieved from /home/ubuntu/airflow_snow/lib/python3.12/site-packages/airflow/example_dags/tutorial_objectstorage.py
[2024-09-01T04:50:19.363+0000] {logging_mixin.py:190} INFO - [2024-09-01T04:50:19.362+0000] {dag.py:3211} INFO - Sync 1 DAGs
[2024-09-01T04:50:19.374+0000] {logging_mixin.py:190} INFO - [2024-09-01T04:50:19.373+0000] {dag.py:4138} INFO - Setting next_dagrun for tutorial_objectstorage to None, run_after=None
[2024-09-01T04:50:19.394+0000] {processor.py:208} INFO - Processing /home/ubuntu/airflow_snow/lib/python3.12/site-packages/airflow/example_dags/tutorial_objectstorage.py took 0.063 seconds
[2024-09-01T04:51:05.021+0000] {processor.py:186} INFO - Started process (PID=3563) to work on /home/ubuntu/airflow_snow/lib/python3.12/site-packages/airflow/example_dags/tutorial_objectstorage.py
[2024-09-01T04:51:05.023+0000] {processor.py:914} INFO - Processing file /home/ubuntu/airflow_snow/lib/python3.12/site-packages/airflow/example_dags/tutorial_objectstorage.py for tasks to queue
[2024-09-01T04:51:05.026+0000] {logging_mixin.py:190} INFO - [2024-09-01T04:51:05.026+0000] {dagbag.py:587} INFO - Filling up the DagBag from /home/ubuntu/airflow_snow/lib/python3.12/site-packages/airflow/example_dags/tutorial_objectstorage.py
[2024-09-01T04:51:05.035+0000] {processor.py:925} INFO - DAG(s) 'tutorial_objectstorage' retrieved from /home/ubuntu/airflow_snow/lib/python3.12/site-packages/airflow/example_dags/tutorial_objectstorage.py
[2024-09-01T04:51:05.050+0000] {logging_mixin.py:190} INFO - [2024-09-01T04:51:05.049+0000] {dag.py:3211} INFO - Sync 1 DAGs
[2024-09-01T04:51:05.060+0000] {logging_mixin.py:190} INFO - [2024-09-01T04:51:05.059+0000] {dag.py:4138} INFO - Setting next_dagrun for tutorial_objectstorage to None, run_after=None
[2024-09-01T04:51:05.083+0000] {processor.py:208} INFO - Processing /home/ubuntu/airflow_snow/lib/python3.12/site-packages/airflow/example_dags/tutorial_objectstorage.py took 0.067 seconds
[2024-09-01T04:51:56.412+0000] {processor.py:186} INFO - Started process (PID=3616) to work on /home/ubuntu/airflow_snow/lib/python3.12/site-packages/airflow/example_dags/tutorial_objectstorage.py
[2024-09-01T04:51:56.414+0000] {processor.py:914} INFO - Processing file /home/ubuntu/airflow_snow/lib/python3.12/site-packages/airflow/example_dags/tutorial_objectstorage.py for tasks to queue
[2024-09-01T04:51:56.416+0000] {logging_mixin.py:190} INFO - [2024-09-01T04:51:56.416+0000] {dagbag.py:587} INFO - Filling up the DagBag from /home/ubuntu/airflow_snow/lib/python3.12/site-packages/airflow/example_dags/tutorial_objectstorage.py
[2024-09-01T04:51:56.425+0000] {processor.py:925} INFO - DAG(s) 'tutorial_objectstorage' retrieved from /home/ubuntu/airflow_snow/lib/python3.12/site-packages/airflow/example_dags/tutorial_objectstorage.py
[2024-09-01T04:51:56.438+0000] {logging_mixin.py:190} INFO - [2024-09-01T04:51:56.438+0000] {dag.py:3211} INFO - Sync 1 DAGs
[2024-09-01T04:51:56.450+0000] {logging_mixin.py:190} INFO - [2024-09-01T04:51:56.450+0000] {dag.py:4138} INFO - Setting next_dagrun for tutorial_objectstorage to None, run_after=None
[2024-09-01T04:51:56.470+0000] {processor.py:208} INFO - Processing /home/ubuntu/airflow_snow/lib/python3.12/site-packages/airflow/example_dags/tutorial_objectstorage.py took 0.063 seconds
[2024-09-01T04:52:45.571+0000] {processor.py:186} INFO - Started process (PID=3666) to work on /home/ubuntu/airflow_snow/lib/python3.12/site-packages/airflow/example_dags/tutorial_objectstorage.py
[2024-09-01T04:52:45.573+0000] {processor.py:914} INFO - Processing file /home/ubuntu/airflow_snow/lib/python3.12/site-packages/airflow/example_dags/tutorial_objectstorage.py for tasks to queue
[2024-09-01T04:52:45.575+0000] {logging_mixin.py:190} INFO - [2024-09-01T04:52:45.575+0000] {dagbag.py:587} INFO - Filling up the DagBag from /home/ubuntu/airflow_snow/lib/python3.12/site-packages/airflow/example_dags/tutorial_objectstorage.py
[2024-09-01T04:52:45.585+0000] {processor.py:925} INFO - DAG(s) 'tutorial_objectstorage' retrieved from /home/ubuntu/airflow_snow/lib/python3.12/site-packages/airflow/example_dags/tutorial_objectstorage.py
[2024-09-01T04:52:45.597+0000] {logging_mixin.py:190} INFO - [2024-09-01T04:52:45.597+0000] {dag.py:3211} INFO - Sync 1 DAGs
[2024-09-01T04:52:45.609+0000] {logging_mixin.py:190} INFO - [2024-09-01T04:52:45.609+0000] {dag.py:4138} INFO - Setting next_dagrun for tutorial_objectstorage to None, run_after=None
[2024-09-01T04:52:45.632+0000] {processor.py:208} INFO - Processing /home/ubuntu/airflow_snow/lib/python3.12/site-packages/airflow/example_dags/tutorial_objectstorage.py took 0.066 seconds
