[2024-09-01T04:28:25.342+0000] {processor.py:186} INFO - Started process (PID=2149) to work on /home/ubuntu/airflow_snow/lib/python3.12/site-packages/airflow/example_dags/tutorial_dag.py
[2024-09-01T04:28:25.343+0000] {processor.py:914} INFO - Processing file /home/ubuntu/airflow_snow/lib/python3.12/site-packages/airflow/example_dags/tutorial_dag.py for tasks to queue
[2024-09-01T04:28:25.344+0000] {logging_mixin.py:190} INFO - [2024-09-01T04:28:25.344+0000] {dagbag.py:587} INFO - Filling up the DagBag from /home/ubuntu/airflow_snow/lib/python3.12/site-packages/airflow/example_dags/tutorial_dag.py
[2024-09-01T04:28:25.351+0000] {processor.py:925} INFO - DAG(s) 'tutorial_dag' retrieved from /home/ubuntu/airflow_snow/lib/python3.12/site-packages/airflow/example_dags/tutorial_dag.py
[2024-09-01T04:28:25.466+0000] {logging_mixin.py:190} INFO - [2024-09-01T04:28:25.466+0000] {override.py:1900} INFO - Created Permission View: can delete on DAG:tutorial_dag
[2024-09-01T04:28:25.481+0000] {logging_mixin.py:190} INFO - [2024-09-01T04:28:25.481+0000] {override.py:1900} INFO - Created Permission View: can read on DAG:tutorial_dag
[2024-09-01T04:28:25.494+0000] {logging_mixin.py:190} INFO - [2024-09-01T04:28:25.493+0000] {override.py:1900} INFO - Created Permission View: can edit on DAG:tutorial_dag
[2024-09-01T04:28:25.513+0000] {logging_mixin.py:190} INFO - [2024-09-01T04:28:25.513+0000] {override.py:1900} INFO - Created Permission View: menu access on DAG Run:tutorial_dag
[2024-09-01T04:28:25.527+0000] {logging_mixin.py:190} INFO - [2024-09-01T04:28:25.527+0000] {override.py:1900} INFO - Created Permission View: can create on DAG Run:tutorial_dag
[2024-09-01T04:28:25.539+0000] {logging_mixin.py:190} INFO - [2024-09-01T04:28:25.539+0000] {override.py:1900} INFO - Created Permission View: can read on DAG Run:tutorial_dag
[2024-09-01T04:28:25.550+0000] {logging_mixin.py:190} INFO - [2024-09-01T04:28:25.550+0000] {override.py:1900} INFO - Created Permission View: can delete on DAG Run:tutorial_dag
[2024-09-01T04:28:25.550+0000] {logging_mixin.py:190} INFO - [2024-09-01T04:28:25.550+0000] {dag.py:3211} INFO - Sync 1 DAGs
[2024-09-01T04:28:25.562+0000] {logging_mixin.py:190} INFO - [2024-09-01T04:28:25.561+0000] {dag.py:3234} INFO - Creating ORM DAG for tutorial_dag
[2024-09-01T04:28:25.562+0000] {logging_mixin.py:190} INFO - [2024-09-01T04:28:25.562+0000] {dag.py:4138} INFO - Setting next_dagrun for tutorial_dag to None, run_after=None
[2024-09-01T04:28:25.585+0000] {processor.py:208} INFO - Processing /home/ubuntu/airflow_snow/lib/python3.12/site-packages/airflow/example_dags/tutorial_dag.py took 0.247 seconds
[2024-09-01T04:29:34.362+0000] {processor.py:186} INFO - Started process (PID=2205) to work on /home/ubuntu/airflow_snow/lib/python3.12/site-packages/airflow/example_dags/tutorial_dag.py
[2024-09-01T04:29:34.364+0000] {processor.py:914} INFO - Processing file /home/ubuntu/airflow_snow/lib/python3.12/site-packages/airflow/example_dags/tutorial_dag.py for tasks to queue
[2024-09-01T04:29:34.366+0000] {logging_mixin.py:190} INFO - [2024-09-01T04:29:34.366+0000] {dagbag.py:587} INFO - Filling up the DagBag from /home/ubuntu/airflow_snow/lib/python3.12/site-packages/airflow/example_dags/tutorial_dag.py
[2024-09-01T04:29:34.373+0000] {processor.py:925} INFO - DAG(s) 'tutorial_dag' retrieved from /home/ubuntu/airflow_snow/lib/python3.12/site-packages/airflow/example_dags/tutorial_dag.py
[2024-09-01T04:29:34.387+0000] {logging_mixin.py:190} INFO - [2024-09-01T04:29:34.387+0000] {dag.py:3211} INFO - Sync 1 DAGs
[2024-09-01T04:29:34.398+0000] {logging_mixin.py:190} INFO - [2024-09-01T04:29:34.398+0000] {dag.py:4138} INFO - Setting next_dagrun for tutorial_dag to None, run_after=None
[2024-09-01T04:29:34.419+0000] {processor.py:208} INFO - Processing /home/ubuntu/airflow_snow/lib/python3.12/site-packages/airflow/example_dags/tutorial_dag.py took 0.062 seconds
[2024-09-01T04:30:27.887+0000] {processor.py:186} INFO - Started process (PID=2261) to work on /home/ubuntu/airflow_snow/lib/python3.12/site-packages/airflow/example_dags/tutorial_dag.py
[2024-09-01T04:30:27.889+0000] {processor.py:914} INFO - Processing file /home/ubuntu/airflow_snow/lib/python3.12/site-packages/airflow/example_dags/tutorial_dag.py for tasks to queue
[2024-09-01T04:30:27.890+0000] {logging_mixin.py:190} INFO - [2024-09-01T04:30:27.890+0000] {dagbag.py:587} INFO - Filling up the DagBag from /home/ubuntu/airflow_snow/lib/python3.12/site-packages/airflow/example_dags/tutorial_dag.py
[2024-09-01T04:30:27.898+0000] {processor.py:925} INFO - DAG(s) 'tutorial_dag' retrieved from /home/ubuntu/airflow_snow/lib/python3.12/site-packages/airflow/example_dags/tutorial_dag.py
[2024-09-01T04:30:27.912+0000] {logging_mixin.py:190} INFO - [2024-09-01T04:30:27.912+0000] {dag.py:3211} INFO - Sync 1 DAGs
[2024-09-01T04:30:27.923+0000] {logging_mixin.py:190} INFO - [2024-09-01T04:30:27.923+0000] {dag.py:4138} INFO - Setting next_dagrun for tutorial_dag to None, run_after=None
[2024-09-01T04:30:27.946+0000] {processor.py:208} INFO - Processing /home/ubuntu/airflow_snow/lib/python3.12/site-packages/airflow/example_dags/tutorial_dag.py took 0.064 seconds
[2024-09-01T04:31:18.627+0000] {processor.py:186} INFO - Started process (PID=2317) to work on /home/ubuntu/airflow_snow/lib/python3.12/site-packages/airflow/example_dags/tutorial_dag.py
[2024-09-01T04:31:18.629+0000] {processor.py:914} INFO - Processing file /home/ubuntu/airflow_snow/lib/python3.12/site-packages/airflow/example_dags/tutorial_dag.py for tasks to queue
[2024-09-01T04:31:18.631+0000] {logging_mixin.py:190} INFO - [2024-09-01T04:31:18.630+0000] {dagbag.py:587} INFO - Filling up the DagBag from /home/ubuntu/airflow_snow/lib/python3.12/site-packages/airflow/example_dags/tutorial_dag.py
[2024-09-01T04:31:18.638+0000] {processor.py:925} INFO - DAG(s) 'tutorial_dag' retrieved from /home/ubuntu/airflow_snow/lib/python3.12/site-packages/airflow/example_dags/tutorial_dag.py
[2024-09-01T04:31:18.652+0000] {logging_mixin.py:190} INFO - [2024-09-01T04:31:18.652+0000] {dag.py:3211} INFO - Sync 1 DAGs
[2024-09-01T04:31:18.663+0000] {logging_mixin.py:190} INFO - [2024-09-01T04:31:18.663+0000] {dag.py:4138} INFO - Setting next_dagrun for tutorial_dag to None, run_after=None
[2024-09-01T04:31:18.686+0000] {processor.py:208} INFO - Processing /home/ubuntu/airflow_snow/lib/python3.12/site-packages/airflow/example_dags/tutorial_dag.py took 0.064 seconds
[2024-09-01T04:32:05.620+0000] {processor.py:186} INFO - Started process (PID=2366) to work on /home/ubuntu/airflow_snow/lib/python3.12/site-packages/airflow/example_dags/tutorial_dag.py
[2024-09-01T04:32:05.622+0000] {processor.py:914} INFO - Processing file /home/ubuntu/airflow_snow/lib/python3.12/site-packages/airflow/example_dags/tutorial_dag.py for tasks to queue
[2024-09-01T04:32:05.624+0000] {logging_mixin.py:190} INFO - [2024-09-01T04:32:05.623+0000] {dagbag.py:587} INFO - Filling up the DagBag from /home/ubuntu/airflow_snow/lib/python3.12/site-packages/airflow/example_dags/tutorial_dag.py
[2024-09-01T04:32:05.631+0000] {processor.py:925} INFO - DAG(s) 'tutorial_dag' retrieved from /home/ubuntu/airflow_snow/lib/python3.12/site-packages/airflow/example_dags/tutorial_dag.py
[2024-09-01T04:32:05.645+0000] {logging_mixin.py:190} INFO - [2024-09-01T04:32:05.645+0000] {dag.py:3211} INFO - Sync 1 DAGs
[2024-09-01T04:32:05.656+0000] {logging_mixin.py:190} INFO - [2024-09-01T04:32:05.655+0000] {dag.py:4138} INFO - Setting next_dagrun for tutorial_dag to None, run_after=None
[2024-09-01T04:32:05.679+0000] {processor.py:208} INFO - Processing /home/ubuntu/airflow_snow/lib/python3.12/site-packages/airflow/example_dags/tutorial_dag.py took 0.064 seconds
[2024-09-01T04:32:52.867+0000] {processor.py:186} INFO - Started process (PID=2416) to work on /home/ubuntu/airflow_snow/lib/python3.12/site-packages/airflow/example_dags/tutorial_dag.py
[2024-09-01T04:32:52.868+0000] {processor.py:914} INFO - Processing file /home/ubuntu/airflow_snow/lib/python3.12/site-packages/airflow/example_dags/tutorial_dag.py for tasks to queue
[2024-09-01T04:32:52.870+0000] {logging_mixin.py:190} INFO - [2024-09-01T04:32:52.870+0000] {dagbag.py:587} INFO - Filling up the DagBag from /home/ubuntu/airflow_snow/lib/python3.12/site-packages/airflow/example_dags/tutorial_dag.py
[2024-09-01T04:32:52.876+0000] {processor.py:925} INFO - DAG(s) 'tutorial_dag' retrieved from /home/ubuntu/airflow_snow/lib/python3.12/site-packages/airflow/example_dags/tutorial_dag.py
[2024-09-01T04:32:52.891+0000] {logging_mixin.py:190} INFO - [2024-09-01T04:32:52.891+0000] {dag.py:3211} INFO - Sync 1 DAGs
[2024-09-01T04:32:52.902+0000] {logging_mixin.py:190} INFO - [2024-09-01T04:32:52.902+0000] {dag.py:4138} INFO - Setting next_dagrun for tutorial_dag to None, run_after=None
[2024-09-01T04:32:52.924+0000] {processor.py:208} INFO - Processing /home/ubuntu/airflow_snow/lib/python3.12/site-packages/airflow/example_dags/tutorial_dag.py took 0.062 seconds
[2024-09-01T04:33:44.799+0000] {processor.py:186} INFO - Started process (PID=2469) to work on /home/ubuntu/airflow_snow/lib/python3.12/site-packages/airflow/example_dags/tutorial_dag.py
[2024-09-01T04:33:44.801+0000] {processor.py:914} INFO - Processing file /home/ubuntu/airflow_snow/lib/python3.12/site-packages/airflow/example_dags/tutorial_dag.py for tasks to queue
[2024-09-01T04:33:44.803+0000] {logging_mixin.py:190} INFO - [2024-09-01T04:33:44.803+0000] {dagbag.py:587} INFO - Filling up the DagBag from /home/ubuntu/airflow_snow/lib/python3.12/site-packages/airflow/example_dags/tutorial_dag.py
[2024-09-01T04:33:44.810+0000] {processor.py:925} INFO - DAG(s) 'tutorial_dag' retrieved from /home/ubuntu/airflow_snow/lib/python3.12/site-packages/airflow/example_dags/tutorial_dag.py
[2024-09-01T04:33:44.823+0000] {logging_mixin.py:190} INFO - [2024-09-01T04:33:44.823+0000] {dag.py:3211} INFO - Sync 1 DAGs
[2024-09-01T04:33:44.836+0000] {logging_mixin.py:190} INFO - [2024-09-01T04:33:44.836+0000] {dag.py:4138} INFO - Setting next_dagrun for tutorial_dag to None, run_after=None
[2024-09-01T04:33:44.859+0000] {processor.py:208} INFO - Processing /home/ubuntu/airflow_snow/lib/python3.12/site-packages/airflow/example_dags/tutorial_dag.py took 0.065 seconds
[2024-09-01T04:34:34.402+0000] {processor.py:186} INFO - Started process (PID=2521) to work on /home/ubuntu/airflow_snow/lib/python3.12/site-packages/airflow/example_dags/tutorial_dag.py
[2024-09-01T04:34:34.405+0000] {processor.py:914} INFO - Processing file /home/ubuntu/airflow_snow/lib/python3.12/site-packages/airflow/example_dags/tutorial_dag.py for tasks to queue
[2024-09-01T04:34:34.406+0000] {logging_mixin.py:190} INFO - [2024-09-01T04:34:34.406+0000] {dagbag.py:587} INFO - Filling up the DagBag from /home/ubuntu/airflow_snow/lib/python3.12/site-packages/airflow/example_dags/tutorial_dag.py
[2024-09-01T04:34:34.413+0000] {processor.py:925} INFO - DAG(s) 'tutorial_dag' retrieved from /home/ubuntu/airflow_snow/lib/python3.12/site-packages/airflow/example_dags/tutorial_dag.py
[2024-09-01T04:34:34.427+0000] {logging_mixin.py:190} INFO - [2024-09-01T04:34:34.426+0000] {dag.py:3211} INFO - Sync 1 DAGs
[2024-09-01T04:34:34.438+0000] {logging_mixin.py:190} INFO - [2024-09-01T04:34:34.438+0000] {dag.py:4138} INFO - Setting next_dagrun for tutorial_dag to None, run_after=None
[2024-09-01T04:34:34.462+0000] {processor.py:208} INFO - Processing /home/ubuntu/airflow_snow/lib/python3.12/site-packages/airflow/example_dags/tutorial_dag.py took 0.065 seconds
[2024-09-01T04:35:21.943+0000] {processor.py:186} INFO - Started process (PID=2575) to work on /home/ubuntu/airflow_snow/lib/python3.12/site-packages/airflow/example_dags/tutorial_dag.py
[2024-09-01T04:35:21.946+0000] {processor.py:914} INFO - Processing file /home/ubuntu/airflow_snow/lib/python3.12/site-packages/airflow/example_dags/tutorial_dag.py for tasks to queue
[2024-09-01T04:35:21.947+0000] {logging_mixin.py:190} INFO - [2024-09-01T04:35:21.947+0000] {dagbag.py:587} INFO - Filling up the DagBag from /home/ubuntu/airflow_snow/lib/python3.12/site-packages/airflow/example_dags/tutorial_dag.py
[2024-09-01T04:35:21.954+0000] {processor.py:925} INFO - DAG(s) 'tutorial_dag' retrieved from /home/ubuntu/airflow_snow/lib/python3.12/site-packages/airflow/example_dags/tutorial_dag.py
[2024-09-01T04:35:21.967+0000] {logging_mixin.py:190} INFO - [2024-09-01T04:35:21.967+0000] {dag.py:3211} INFO - Sync 1 DAGs
[2024-09-01T04:35:21.978+0000] {logging_mixin.py:190} INFO - [2024-09-01T04:35:21.978+0000] {dag.py:4138} INFO - Setting next_dagrun for tutorial_dag to None, run_after=None
[2024-09-01T04:35:22.001+0000] {processor.py:208} INFO - Processing /home/ubuntu/airflow_snow/lib/python3.12/site-packages/airflow/example_dags/tutorial_dag.py took 0.062 seconds
[2024-09-01T04:36:13.434+0000] {processor.py:186} INFO - Started process (PID=2626) to work on /home/ubuntu/airflow_snow/lib/python3.12/site-packages/airflow/example_dags/tutorial_dag.py
[2024-09-01T04:36:13.436+0000] {processor.py:914} INFO - Processing file /home/ubuntu/airflow_snow/lib/python3.12/site-packages/airflow/example_dags/tutorial_dag.py for tasks to queue
[2024-09-01T04:36:13.438+0000] {logging_mixin.py:190} INFO - [2024-09-01T04:36:13.438+0000] {dagbag.py:587} INFO - Filling up the DagBag from /home/ubuntu/airflow_snow/lib/python3.12/site-packages/airflow/example_dags/tutorial_dag.py
[2024-09-01T04:36:13.445+0000] {processor.py:925} INFO - DAG(s) 'tutorial_dag' retrieved from /home/ubuntu/airflow_snow/lib/python3.12/site-packages/airflow/example_dags/tutorial_dag.py
[2024-09-01T04:36:13.458+0000] {logging_mixin.py:190} INFO - [2024-09-01T04:36:13.458+0000] {dag.py:3211} INFO - Sync 1 DAGs
[2024-09-01T04:36:13.469+0000] {logging_mixin.py:190} INFO - [2024-09-01T04:36:13.469+0000] {dag.py:4138} INFO - Setting next_dagrun for tutorial_dag to None, run_after=None
[2024-09-01T04:36:13.491+0000] {processor.py:208} INFO - Processing /home/ubuntu/airflow_snow/lib/python3.12/site-packages/airflow/example_dags/tutorial_dag.py took 0.061 seconds
[2024-09-01T04:37:07.243+0000] {processor.py:186} INFO - Started process (PID=2680) to work on /home/ubuntu/airflow_snow/lib/python3.12/site-packages/airflow/example_dags/tutorial_dag.py
[2024-09-01T04:37:07.245+0000] {processor.py:914} INFO - Processing file /home/ubuntu/airflow_snow/lib/python3.12/site-packages/airflow/example_dags/tutorial_dag.py for tasks to queue
[2024-09-01T04:37:07.247+0000] {logging_mixin.py:190} INFO - [2024-09-01T04:37:07.246+0000] {dagbag.py:587} INFO - Filling up the DagBag from /home/ubuntu/airflow_snow/lib/python3.12/site-packages/airflow/example_dags/tutorial_dag.py
[2024-09-01T04:37:07.254+0000] {processor.py:925} INFO - DAG(s) 'tutorial_dag' retrieved from /home/ubuntu/airflow_snow/lib/python3.12/site-packages/airflow/example_dags/tutorial_dag.py
[2024-09-01T04:37:07.267+0000] {logging_mixin.py:190} INFO - [2024-09-01T04:37:07.267+0000] {dag.py:3211} INFO - Sync 1 DAGs
[2024-09-01T04:37:07.279+0000] {logging_mixin.py:190} INFO - [2024-09-01T04:37:07.279+0000] {dag.py:4138} INFO - Setting next_dagrun for tutorial_dag to None, run_after=None
[2024-09-01T04:37:07.304+0000] {processor.py:208} INFO - Processing /home/ubuntu/airflow_snow/lib/python3.12/site-packages/airflow/example_dags/tutorial_dag.py took 0.065 seconds
[2024-09-01T04:37:56.813+0000] {processor.py:186} INFO - Started process (PID=2731) to work on /home/ubuntu/airflow_snow/lib/python3.12/site-packages/airflow/example_dags/tutorial_dag.py
[2024-09-01T04:37:56.815+0000] {processor.py:914} INFO - Processing file /home/ubuntu/airflow_snow/lib/python3.12/site-packages/airflow/example_dags/tutorial_dag.py for tasks to queue
[2024-09-01T04:37:56.818+0000] {logging_mixin.py:190} INFO - [2024-09-01T04:37:56.818+0000] {dagbag.py:587} INFO - Filling up the DagBag from /home/ubuntu/airflow_snow/lib/python3.12/site-packages/airflow/example_dags/tutorial_dag.py
[2024-09-01T04:37:56.826+0000] {processor.py:925} INFO - DAG(s) 'tutorial_dag' retrieved from /home/ubuntu/airflow_snow/lib/python3.12/site-packages/airflow/example_dags/tutorial_dag.py
[2024-09-01T04:37:56.839+0000] {logging_mixin.py:190} INFO - [2024-09-01T04:37:56.839+0000] {dag.py:3211} INFO - Sync 1 DAGs
[2024-09-01T04:37:56.850+0000] {logging_mixin.py:190} INFO - [2024-09-01T04:37:56.850+0000] {dag.py:4138} INFO - Setting next_dagrun for tutorial_dag to None, run_after=None
[2024-09-01T04:37:56.874+0000] {processor.py:208} INFO - Processing /home/ubuntu/airflow_snow/lib/python3.12/site-packages/airflow/example_dags/tutorial_dag.py took 0.064 seconds
[2024-09-01T04:38:47.483+0000] {processor.py:186} INFO - Started process (PID=2782) to work on /home/ubuntu/airflow_snow/lib/python3.12/site-packages/airflow/example_dags/tutorial_dag.py
[2024-09-01T04:38:47.486+0000] {processor.py:914} INFO - Processing file /home/ubuntu/airflow_snow/lib/python3.12/site-packages/airflow/example_dags/tutorial_dag.py for tasks to queue
[2024-09-01T04:38:47.487+0000] {logging_mixin.py:190} INFO - [2024-09-01T04:38:47.487+0000] {dagbag.py:587} INFO - Filling up the DagBag from /home/ubuntu/airflow_snow/lib/python3.12/site-packages/airflow/example_dags/tutorial_dag.py
[2024-09-01T04:38:47.494+0000] {processor.py:925} INFO - DAG(s) 'tutorial_dag' retrieved from /home/ubuntu/airflow_snow/lib/python3.12/site-packages/airflow/example_dags/tutorial_dag.py
[2024-09-01T04:38:47.508+0000] {logging_mixin.py:190} INFO - [2024-09-01T04:38:47.508+0000] {dag.py:3211} INFO - Sync 1 DAGs
[2024-09-01T04:38:47.519+0000] {logging_mixin.py:190} INFO - [2024-09-01T04:38:47.519+0000] {dag.py:4138} INFO - Setting next_dagrun for tutorial_dag to None, run_after=None
[2024-09-01T04:38:47.542+0000] {processor.py:208} INFO - Processing /home/ubuntu/airflow_snow/lib/python3.12/site-packages/airflow/example_dags/tutorial_dag.py took 0.064 seconds
[2024-09-01T04:39:40.032+0000] {processor.py:186} INFO - Started process (PID=2835) to work on /home/ubuntu/airflow_snow/lib/python3.12/site-packages/airflow/example_dags/tutorial_dag.py
[2024-09-01T04:39:40.034+0000] {processor.py:914} INFO - Processing file /home/ubuntu/airflow_snow/lib/python3.12/site-packages/airflow/example_dags/tutorial_dag.py for tasks to queue
[2024-09-01T04:39:40.036+0000] {logging_mixin.py:190} INFO - [2024-09-01T04:39:40.035+0000] {dagbag.py:587} INFO - Filling up the DagBag from /home/ubuntu/airflow_snow/lib/python3.12/site-packages/airflow/example_dags/tutorial_dag.py
[2024-09-01T04:39:40.043+0000] {processor.py:925} INFO - DAG(s) 'tutorial_dag' retrieved from /home/ubuntu/airflow_snow/lib/python3.12/site-packages/airflow/example_dags/tutorial_dag.py
[2024-09-01T04:39:40.058+0000] {logging_mixin.py:190} INFO - [2024-09-01T04:39:40.058+0000] {dag.py:3211} INFO - Sync 1 DAGs
[2024-09-01T04:39:40.069+0000] {logging_mixin.py:190} INFO - [2024-09-01T04:39:40.069+0000] {dag.py:4138} INFO - Setting next_dagrun for tutorial_dag to None, run_after=None
[2024-09-01T04:39:40.092+0000] {processor.py:208} INFO - Processing /home/ubuntu/airflow_snow/lib/python3.12/site-packages/airflow/example_dags/tutorial_dag.py took 0.065 seconds
[2024-09-01T04:40:30.868+0000] {processor.py:186} INFO - Started process (PID=2891) to work on /home/ubuntu/airflow_snow/lib/python3.12/site-packages/airflow/example_dags/tutorial_dag.py
[2024-09-01T04:40:30.869+0000] {processor.py:914} INFO - Processing file /home/ubuntu/airflow_snow/lib/python3.12/site-packages/airflow/example_dags/tutorial_dag.py for tasks to queue
[2024-09-01T04:40:30.871+0000] {logging_mixin.py:190} INFO - [2024-09-01T04:40:30.870+0000] {dagbag.py:587} INFO - Filling up the DagBag from /home/ubuntu/airflow_snow/lib/python3.12/site-packages/airflow/example_dags/tutorial_dag.py
[2024-09-01T04:40:30.879+0000] {processor.py:925} INFO - DAG(s) 'tutorial_dag' retrieved from /home/ubuntu/airflow_snow/lib/python3.12/site-packages/airflow/example_dags/tutorial_dag.py
[2024-09-01T04:40:30.893+0000] {logging_mixin.py:190} INFO - [2024-09-01T04:40:30.892+0000] {dag.py:3211} INFO - Sync 1 DAGs
[2024-09-01T04:40:30.904+0000] {logging_mixin.py:190} INFO - [2024-09-01T04:40:30.904+0000] {dag.py:4138} INFO - Setting next_dagrun for tutorial_dag to None, run_after=None
[2024-09-01T04:40:30.929+0000] {processor.py:208} INFO - Processing /home/ubuntu/airflow_snow/lib/python3.12/site-packages/airflow/example_dags/tutorial_dag.py took 0.065 seconds
[2024-09-01T04:41:24.548+0000] {processor.py:186} INFO - Started process (PID=2945) to work on /home/ubuntu/airflow_snow/lib/python3.12/site-packages/airflow/example_dags/tutorial_dag.py
[2024-09-01T04:41:24.551+0000] {processor.py:914} INFO - Processing file /home/ubuntu/airflow_snow/lib/python3.12/site-packages/airflow/example_dags/tutorial_dag.py for tasks to queue
[2024-09-01T04:41:24.553+0000] {logging_mixin.py:190} INFO - [2024-09-01T04:41:24.552+0000] {dagbag.py:587} INFO - Filling up the DagBag from /home/ubuntu/airflow_snow/lib/python3.12/site-packages/airflow/example_dags/tutorial_dag.py
[2024-09-01T04:41:24.560+0000] {processor.py:925} INFO - DAG(s) 'tutorial_dag' retrieved from /home/ubuntu/airflow_snow/lib/python3.12/site-packages/airflow/example_dags/tutorial_dag.py
[2024-09-01T04:41:24.574+0000] {logging_mixin.py:190} INFO - [2024-09-01T04:41:24.574+0000] {dag.py:3211} INFO - Sync 1 DAGs
[2024-09-01T04:41:24.585+0000] {logging_mixin.py:190} INFO - [2024-09-01T04:41:24.585+0000] {dag.py:4138} INFO - Setting next_dagrun for tutorial_dag to None, run_after=None
[2024-09-01T04:41:24.607+0000] {processor.py:208} INFO - Processing /home/ubuntu/airflow_snow/lib/python3.12/site-packages/airflow/example_dags/tutorial_dag.py took 0.065 seconds
[2024-09-01T04:42:12.595+0000] {processor.py:186} INFO - Started process (PID=2995) to work on /home/ubuntu/airflow_snow/lib/python3.12/site-packages/airflow/example_dags/tutorial_dag.py
[2024-09-01T04:42:12.597+0000] {processor.py:914} INFO - Processing file /home/ubuntu/airflow_snow/lib/python3.12/site-packages/airflow/example_dags/tutorial_dag.py for tasks to queue
[2024-09-01T04:42:12.598+0000] {logging_mixin.py:190} INFO - [2024-09-01T04:42:12.598+0000] {dagbag.py:587} INFO - Filling up the DagBag from /home/ubuntu/airflow_snow/lib/python3.12/site-packages/airflow/example_dags/tutorial_dag.py
[2024-09-01T04:42:12.605+0000] {processor.py:925} INFO - DAG(s) 'tutorial_dag' retrieved from /home/ubuntu/airflow_snow/lib/python3.12/site-packages/airflow/example_dags/tutorial_dag.py
[2024-09-01T04:42:12.620+0000] {logging_mixin.py:190} INFO - [2024-09-01T04:42:12.619+0000] {dag.py:3211} INFO - Sync 1 DAGs
[2024-09-01T04:42:12.632+0000] {logging_mixin.py:190} INFO - [2024-09-01T04:42:12.632+0000] {dag.py:4138} INFO - Setting next_dagrun for tutorial_dag to None, run_after=None
[2024-09-01T04:42:12.654+0000] {processor.py:208} INFO - Processing /home/ubuntu/airflow_snow/lib/python3.12/site-packages/airflow/example_dags/tutorial_dag.py took 0.064 seconds
[2024-09-01T04:43:03.038+0000] {processor.py:186} INFO - Started process (PID=3046) to work on /home/ubuntu/airflow_snow/lib/python3.12/site-packages/airflow/example_dags/tutorial_dag.py
[2024-09-01T04:43:03.041+0000] {processor.py:914} INFO - Processing file /home/ubuntu/airflow_snow/lib/python3.12/site-packages/airflow/example_dags/tutorial_dag.py for tasks to queue
[2024-09-01T04:43:03.042+0000] {logging_mixin.py:190} INFO - [2024-09-01T04:43:03.042+0000] {dagbag.py:587} INFO - Filling up the DagBag from /home/ubuntu/airflow_snow/lib/python3.12/site-packages/airflow/example_dags/tutorial_dag.py
[2024-09-01T04:43:03.050+0000] {processor.py:925} INFO - DAG(s) 'tutorial_dag' retrieved from /home/ubuntu/airflow_snow/lib/python3.12/site-packages/airflow/example_dags/tutorial_dag.py
[2024-09-01T04:43:03.064+0000] {logging_mixin.py:190} INFO - [2024-09-01T04:43:03.064+0000] {dag.py:3211} INFO - Sync 1 DAGs
[2024-09-01T04:43:03.076+0000] {logging_mixin.py:190} INFO - [2024-09-01T04:43:03.076+0000] {dag.py:4138} INFO - Setting next_dagrun for tutorial_dag to None, run_after=None
[2024-09-01T04:43:03.102+0000] {processor.py:208} INFO - Processing /home/ubuntu/airflow_snow/lib/python3.12/site-packages/airflow/example_dags/tutorial_dag.py took 0.069 seconds
[2024-09-01T04:43:51.391+0000] {processor.py:186} INFO - Started process (PID=3096) to work on /home/ubuntu/airflow_snow/lib/python3.12/site-packages/airflow/example_dags/tutorial_dag.py
[2024-09-01T04:43:51.393+0000] {processor.py:914} INFO - Processing file /home/ubuntu/airflow_snow/lib/python3.12/site-packages/airflow/example_dags/tutorial_dag.py for tasks to queue
[2024-09-01T04:43:51.395+0000] {logging_mixin.py:190} INFO - [2024-09-01T04:43:51.394+0000] {dagbag.py:587} INFO - Filling up the DagBag from /home/ubuntu/airflow_snow/lib/python3.12/site-packages/airflow/example_dags/tutorial_dag.py
[2024-09-01T04:43:51.402+0000] {processor.py:925} INFO - DAG(s) 'tutorial_dag' retrieved from /home/ubuntu/airflow_snow/lib/python3.12/site-packages/airflow/example_dags/tutorial_dag.py
[2024-09-01T04:43:51.415+0000] {logging_mixin.py:190} INFO - [2024-09-01T04:43:51.415+0000] {dag.py:3211} INFO - Sync 1 DAGs
[2024-09-01T04:43:51.427+0000] {logging_mixin.py:190} INFO - [2024-09-01T04:43:51.427+0000] {dag.py:4138} INFO - Setting next_dagrun for tutorial_dag to None, run_after=None
[2024-09-01T04:43:51.449+0000] {processor.py:208} INFO - Processing /home/ubuntu/airflow_snow/lib/python3.12/site-packages/airflow/example_dags/tutorial_dag.py took 0.064 seconds
[2024-09-01T04:44:41.943+0000] {processor.py:186} INFO - Started process (PID=3152) to work on /home/ubuntu/airflow_snow/lib/python3.12/site-packages/airflow/example_dags/tutorial_dag.py
[2024-09-01T04:44:41.945+0000] {processor.py:914} INFO - Processing file /home/ubuntu/airflow_snow/lib/python3.12/site-packages/airflow/example_dags/tutorial_dag.py for tasks to queue
[2024-09-01T04:44:41.947+0000] {logging_mixin.py:190} INFO - [2024-09-01T04:44:41.946+0000] {dagbag.py:587} INFO - Filling up the DagBag from /home/ubuntu/airflow_snow/lib/python3.12/site-packages/airflow/example_dags/tutorial_dag.py
[2024-09-01T04:44:41.954+0000] {processor.py:925} INFO - DAG(s) 'tutorial_dag' retrieved from /home/ubuntu/airflow_snow/lib/python3.12/site-packages/airflow/example_dags/tutorial_dag.py
[2024-09-01T04:44:41.968+0000] {logging_mixin.py:190} INFO - [2024-09-01T04:44:41.968+0000] {dag.py:3211} INFO - Sync 1 DAGs
[2024-09-01T04:44:41.982+0000] {logging_mixin.py:190} INFO - [2024-09-01T04:44:41.980+0000] {dag.py:4138} INFO - Setting next_dagrun for tutorial_dag to None, run_after=None
[2024-09-01T04:44:42.004+0000] {processor.py:208} INFO - Processing /home/ubuntu/airflow_snow/lib/python3.12/site-packages/airflow/example_dags/tutorial_dag.py took 0.066 seconds
[2024-09-01T04:45:28.237+0000] {processor.py:186} INFO - Started process (PID=3206) to work on /home/ubuntu/airflow_snow/lib/python3.12/site-packages/airflow/example_dags/tutorial_dag.py
[2024-09-01T04:45:28.238+0000] {processor.py:914} INFO - Processing file /home/ubuntu/airflow_snow/lib/python3.12/site-packages/airflow/example_dags/tutorial_dag.py for tasks to queue
[2024-09-01T04:45:28.241+0000] {logging_mixin.py:190} INFO - [2024-09-01T04:45:28.241+0000] {dagbag.py:587} INFO - Filling up the DagBag from /home/ubuntu/airflow_snow/lib/python3.12/site-packages/airflow/example_dags/tutorial_dag.py
[2024-09-01T04:45:28.249+0000] {processor.py:925} INFO - DAG(s) 'tutorial_dag' retrieved from /home/ubuntu/airflow_snow/lib/python3.12/site-packages/airflow/example_dags/tutorial_dag.py
[2024-09-01T04:45:28.263+0000] {logging_mixin.py:190} INFO - [2024-09-01T04:45:28.263+0000] {dag.py:3211} INFO - Sync 1 DAGs
[2024-09-01T04:45:28.274+0000] {logging_mixin.py:190} INFO - [2024-09-01T04:45:28.274+0000] {dag.py:4138} INFO - Setting next_dagrun for tutorial_dag to None, run_after=None
[2024-09-01T04:45:28.302+0000] {processor.py:208} INFO - Processing /home/ubuntu/airflow_snow/lib/python3.12/site-packages/airflow/example_dags/tutorial_dag.py took 0.071 seconds
[2024-09-01T04:46:15.657+0000] {processor.py:186} INFO - Started process (PID=3255) to work on /home/ubuntu/airflow_snow/lib/python3.12/site-packages/airflow/example_dags/tutorial_dag.py
[2024-09-01T04:46:15.659+0000] {processor.py:914} INFO - Processing file /home/ubuntu/airflow_snow/lib/python3.12/site-packages/airflow/example_dags/tutorial_dag.py for tasks to queue
[2024-09-01T04:46:15.661+0000] {logging_mixin.py:190} INFO - [2024-09-01T04:46:15.661+0000] {dagbag.py:587} INFO - Filling up the DagBag from /home/ubuntu/airflow_snow/lib/python3.12/site-packages/airflow/example_dags/tutorial_dag.py
[2024-09-01T04:46:15.669+0000] {processor.py:925} INFO - DAG(s) 'tutorial_dag' retrieved from /home/ubuntu/airflow_snow/lib/python3.12/site-packages/airflow/example_dags/tutorial_dag.py
[2024-09-01T04:46:15.683+0000] {logging_mixin.py:190} INFO - [2024-09-01T04:46:15.683+0000] {dag.py:3211} INFO - Sync 1 DAGs
[2024-09-01T04:46:15.695+0000] {logging_mixin.py:190} INFO - [2024-09-01T04:46:15.694+0000] {dag.py:4138} INFO - Setting next_dagrun for tutorial_dag to None, run_after=None
[2024-09-01T04:46:15.717+0000] {processor.py:208} INFO - Processing /home/ubuntu/airflow_snow/lib/python3.12/site-packages/airflow/example_dags/tutorial_dag.py took 0.067 seconds
[2024-09-01T04:47:03.879+0000] {processor.py:186} INFO - Started process (PID=3305) to work on /home/ubuntu/airflow_snow/lib/python3.12/site-packages/airflow/example_dags/tutorial_dag.py
[2024-09-01T04:47:03.881+0000] {processor.py:914} INFO - Processing file /home/ubuntu/airflow_snow/lib/python3.12/site-packages/airflow/example_dags/tutorial_dag.py for tasks to queue
[2024-09-01T04:47:03.882+0000] {logging_mixin.py:190} INFO - [2024-09-01T04:47:03.882+0000] {dagbag.py:587} INFO - Filling up the DagBag from /home/ubuntu/airflow_snow/lib/python3.12/site-packages/airflow/example_dags/tutorial_dag.py
[2024-09-01T04:47:03.889+0000] {processor.py:925} INFO - DAG(s) 'tutorial_dag' retrieved from /home/ubuntu/airflow_snow/lib/python3.12/site-packages/airflow/example_dags/tutorial_dag.py
[2024-09-01T04:47:03.905+0000] {logging_mixin.py:190} INFO - [2024-09-01T04:47:03.904+0000] {dag.py:3211} INFO - Sync 1 DAGs
[2024-09-01T04:47:03.916+0000] {logging_mixin.py:190} INFO - [2024-09-01T04:47:03.915+0000] {dag.py:4138} INFO - Setting next_dagrun for tutorial_dag to None, run_after=None
[2024-09-01T04:47:03.938+0000] {processor.py:208} INFO - Processing /home/ubuntu/airflow_snow/lib/python3.12/site-packages/airflow/example_dags/tutorial_dag.py took 0.064 seconds
[2024-09-01T04:47:52.452+0000] {processor.py:186} INFO - Started process (PID=3356) to work on /home/ubuntu/airflow_snow/lib/python3.12/site-packages/airflow/example_dags/tutorial_dag.py
[2024-09-01T04:47:52.454+0000] {processor.py:914} INFO - Processing file /home/ubuntu/airflow_snow/lib/python3.12/site-packages/airflow/example_dags/tutorial_dag.py for tasks to queue
[2024-09-01T04:47:52.457+0000] {logging_mixin.py:190} INFO - [2024-09-01T04:47:52.455+0000] {dagbag.py:587} INFO - Filling up the DagBag from /home/ubuntu/airflow_snow/lib/python3.12/site-packages/airflow/example_dags/tutorial_dag.py
[2024-09-01T04:47:52.464+0000] {processor.py:925} INFO - DAG(s) 'tutorial_dag' retrieved from /home/ubuntu/airflow_snow/lib/python3.12/site-packages/airflow/example_dags/tutorial_dag.py
[2024-09-01T04:47:52.478+0000] {logging_mixin.py:190} INFO - [2024-09-01T04:47:52.478+0000] {dag.py:3211} INFO - Sync 1 DAGs
[2024-09-01T04:47:52.489+0000] {logging_mixin.py:190} INFO - [2024-09-01T04:47:52.489+0000] {dag.py:4138} INFO - Setting next_dagrun for tutorial_dag to None, run_after=None
[2024-09-01T04:47:52.510+0000] {processor.py:208} INFO - Processing /home/ubuntu/airflow_snow/lib/python3.12/site-packages/airflow/example_dags/tutorial_dag.py took 0.064 seconds
[2024-09-01T04:48:41.094+0000] {processor.py:186} INFO - Started process (PID=3407) to work on /home/ubuntu/airflow_snow/lib/python3.12/site-packages/airflow/example_dags/tutorial_dag.py
[2024-09-01T04:48:41.096+0000] {processor.py:914} INFO - Processing file /home/ubuntu/airflow_snow/lib/python3.12/site-packages/airflow/example_dags/tutorial_dag.py for tasks to queue
[2024-09-01T04:48:41.098+0000] {logging_mixin.py:190} INFO - [2024-09-01T04:48:41.097+0000] {dagbag.py:587} INFO - Filling up the DagBag from /home/ubuntu/airflow_snow/lib/python3.12/site-packages/airflow/example_dags/tutorial_dag.py
[2024-09-01T04:48:41.105+0000] {processor.py:925} INFO - DAG(s) 'tutorial_dag' retrieved from /home/ubuntu/airflow_snow/lib/python3.12/site-packages/airflow/example_dags/tutorial_dag.py
[2024-09-01T04:48:41.118+0000] {logging_mixin.py:190} INFO - [2024-09-01T04:48:41.118+0000] {dag.py:3211} INFO - Sync 1 DAGs
[2024-09-01T04:48:41.130+0000] {logging_mixin.py:190} INFO - [2024-09-01T04:48:41.130+0000] {dag.py:4138} INFO - Setting next_dagrun for tutorial_dag to None, run_after=None
[2024-09-01T04:48:41.152+0000] {processor.py:208} INFO - Processing /home/ubuntu/airflow_snow/lib/python3.12/site-packages/airflow/example_dags/tutorial_dag.py took 0.064 seconds
[2024-09-01T04:49:30.203+0000] {processor.py:186} INFO - Started process (PID=3457) to work on /home/ubuntu/airflow_snow/lib/python3.12/site-packages/airflow/example_dags/tutorial_dag.py
[2024-09-01T04:49:30.205+0000] {processor.py:914} INFO - Processing file /home/ubuntu/airflow_snow/lib/python3.12/site-packages/airflow/example_dags/tutorial_dag.py for tasks to queue
[2024-09-01T04:49:30.206+0000] {logging_mixin.py:190} INFO - [2024-09-01T04:49:30.206+0000] {dagbag.py:587} INFO - Filling up the DagBag from /home/ubuntu/airflow_snow/lib/python3.12/site-packages/airflow/example_dags/tutorial_dag.py
[2024-09-01T04:49:30.214+0000] {processor.py:925} INFO - DAG(s) 'tutorial_dag' retrieved from /home/ubuntu/airflow_snow/lib/python3.12/site-packages/airflow/example_dags/tutorial_dag.py
[2024-09-01T04:49:30.227+0000] {logging_mixin.py:190} INFO - [2024-09-01T04:49:30.227+0000] {dag.py:3211} INFO - Sync 1 DAGs
[2024-09-01T04:49:30.238+0000] {logging_mixin.py:190} INFO - [2024-09-01T04:49:30.238+0000] {dag.py:4138} INFO - Setting next_dagrun for tutorial_dag to None, run_after=None
[2024-09-01T04:49:30.261+0000] {processor.py:208} INFO - Processing /home/ubuntu/airflow_snow/lib/python3.12/site-packages/airflow/example_dags/tutorial_dag.py took 0.063 seconds
[2024-09-01T04:50:15.819+0000] {processor.py:186} INFO - Started process (PID=3505) to work on /home/ubuntu/airflow_snow/lib/python3.12/site-packages/airflow/example_dags/tutorial_dag.py
[2024-09-01T04:50:15.821+0000] {processor.py:914} INFO - Processing file /home/ubuntu/airflow_snow/lib/python3.12/site-packages/airflow/example_dags/tutorial_dag.py for tasks to queue
[2024-09-01T04:50:15.823+0000] {logging_mixin.py:190} INFO - [2024-09-01T04:50:15.823+0000] {dagbag.py:587} INFO - Filling up the DagBag from /home/ubuntu/airflow_snow/lib/python3.12/site-packages/airflow/example_dags/tutorial_dag.py
[2024-09-01T04:50:15.830+0000] {processor.py:925} INFO - DAG(s) 'tutorial_dag' retrieved from /home/ubuntu/airflow_snow/lib/python3.12/site-packages/airflow/example_dags/tutorial_dag.py
[2024-09-01T04:50:15.844+0000] {logging_mixin.py:190} INFO - [2024-09-01T04:50:15.844+0000] {dag.py:3211} INFO - Sync 1 DAGs
[2024-09-01T04:50:15.855+0000] {logging_mixin.py:190} INFO - [2024-09-01T04:50:15.855+0000] {dag.py:4138} INFO - Setting next_dagrun for tutorial_dag to None, run_after=None
[2024-09-01T04:50:15.879+0000] {processor.py:208} INFO - Processing /home/ubuntu/airflow_snow/lib/python3.12/site-packages/airflow/example_dags/tutorial_dag.py took 0.066 seconds
[2024-09-01T04:50:59.875+0000] {processor.py:186} INFO - Started process (PID=3557) to work on /home/ubuntu/airflow_snow/lib/python3.12/site-packages/airflow/example_dags/tutorial_dag.py
[2024-09-01T04:50:59.877+0000] {processor.py:914} INFO - Processing file /home/ubuntu/airflow_snow/lib/python3.12/site-packages/airflow/example_dags/tutorial_dag.py for tasks to queue
[2024-09-01T04:50:59.878+0000] {logging_mixin.py:190} INFO - [2024-09-01T04:50:59.878+0000] {dagbag.py:587} INFO - Filling up the DagBag from /home/ubuntu/airflow_snow/lib/python3.12/site-packages/airflow/example_dags/tutorial_dag.py
[2024-09-01T04:50:59.885+0000] {processor.py:925} INFO - DAG(s) 'tutorial_dag' retrieved from /home/ubuntu/airflow_snow/lib/python3.12/site-packages/airflow/example_dags/tutorial_dag.py
[2024-09-01T04:50:59.899+0000] {logging_mixin.py:190} INFO - [2024-09-01T04:50:59.899+0000] {dag.py:3211} INFO - Sync 1 DAGs
[2024-09-01T04:50:59.910+0000] {logging_mixin.py:190} INFO - [2024-09-01T04:50:59.910+0000] {dag.py:4138} INFO - Setting next_dagrun for tutorial_dag to None, run_after=None
[2024-09-01T04:50:59.930+0000] {processor.py:208} INFO - Processing /home/ubuntu/airflow_snow/lib/python3.12/site-packages/airflow/example_dags/tutorial_dag.py took 0.061 seconds
[2024-09-01T04:51:50.129+0000] {processor.py:186} INFO - Started process (PID=3610) to work on /home/ubuntu/airflow_snow/lib/python3.12/site-packages/airflow/example_dags/tutorial_dag.py
[2024-09-01T04:51:50.132+0000] {processor.py:914} INFO - Processing file /home/ubuntu/airflow_snow/lib/python3.12/site-packages/airflow/example_dags/tutorial_dag.py for tasks to queue
[2024-09-01T04:51:50.134+0000] {logging_mixin.py:190} INFO - [2024-09-01T04:51:50.134+0000] {dagbag.py:587} INFO - Filling up the DagBag from /home/ubuntu/airflow_snow/lib/python3.12/site-packages/airflow/example_dags/tutorial_dag.py
[2024-09-01T04:51:50.140+0000] {processor.py:925} INFO - DAG(s) 'tutorial_dag' retrieved from /home/ubuntu/airflow_snow/lib/python3.12/site-packages/airflow/example_dags/tutorial_dag.py
[2024-09-01T04:51:50.155+0000] {logging_mixin.py:190} INFO - [2024-09-01T04:51:50.155+0000] {dag.py:3211} INFO - Sync 1 DAGs
[2024-09-01T04:51:50.167+0000] {logging_mixin.py:190} INFO - [2024-09-01T04:51:50.167+0000] {dag.py:4138} INFO - Setting next_dagrun for tutorial_dag to None, run_after=None
[2024-09-01T04:51:50.190+0000] {processor.py:208} INFO - Processing /home/ubuntu/airflow_snow/lib/python3.12/site-packages/airflow/example_dags/tutorial_dag.py took 0.065 seconds
[2024-09-01T04:52:39.288+0000] {processor.py:186} INFO - Started process (PID=3660) to work on /home/ubuntu/airflow_snow/lib/python3.12/site-packages/airflow/example_dags/tutorial_dag.py
[2024-09-01T04:52:39.290+0000] {processor.py:914} INFO - Processing file /home/ubuntu/airflow_snow/lib/python3.12/site-packages/airflow/example_dags/tutorial_dag.py for tasks to queue
[2024-09-01T04:52:39.292+0000] {logging_mixin.py:190} INFO - [2024-09-01T04:52:39.292+0000] {dagbag.py:587} INFO - Filling up the DagBag from /home/ubuntu/airflow_snow/lib/python3.12/site-packages/airflow/example_dags/tutorial_dag.py
[2024-09-01T04:52:39.299+0000] {processor.py:925} INFO - DAG(s) 'tutorial_dag' retrieved from /home/ubuntu/airflow_snow/lib/python3.12/site-packages/airflow/example_dags/tutorial_dag.py
[2024-09-01T04:52:39.312+0000] {logging_mixin.py:190} INFO - [2024-09-01T04:52:39.312+0000] {dag.py:3211} INFO - Sync 1 DAGs
[2024-09-01T04:52:39.323+0000] {logging_mixin.py:190} INFO - [2024-09-01T04:52:39.323+0000] {dag.py:4138} INFO - Setting next_dagrun for tutorial_dag to None, run_after=None
[2024-09-01T04:52:39.345+0000] {processor.py:208} INFO - Processing /home/ubuntu/airflow_snow/lib/python3.12/site-packages/airflow/example_dags/tutorial_dag.py took 0.061 seconds
