[2024-09-01T04:28:29.379+0000] {processor.py:186} INFO - Started process (PID=2152) to work on /home/ubuntu/airflow_snow/lib/python3.12/site-packages/airflow/example_dags/tutorial_taskflow_api_virtualenv.py
[2024-09-01T04:28:29.381+0000] {processor.py:914} INFO - Processing file /home/ubuntu/airflow_snow/lib/python3.12/site-packages/airflow/example_dags/tutorial_taskflow_api_virtualenv.py for tasks to queue
[2024-09-01T04:28:29.382+0000] {logging_mixin.py:190} INFO - [2024-09-01T04:28:29.382+0000] {dagbag.py:587} INFO - Filling up the DagBag from /home/ubuntu/airflow_snow/lib/python3.12/site-packages/airflow/example_dags/tutorial_taskflow_api_virtualenv.py
[2024-09-01T04:28:29.385+0000] {logging_mixin.py:190} INFO - [2024-09-01T04:28:29.385+0000] {tutorial_taskflow_api_virtualenv.py:29} WARNING - The tutorial_taskflow_api_virtualenv example DAG requires virtualenv, please install it.
[2024-09-01T04:28:29.386+0000] {processor.py:927} WARNING - No viable dags retrieved from /home/ubuntu/airflow_snow/lib/python3.12/site-packages/airflow/example_dags/tutorial_taskflow_api_virtualenv.py
[2024-09-01T04:28:29.394+0000] {processor.py:208} INFO - Processing /home/ubuntu/airflow_snow/lib/python3.12/site-packages/airflow/example_dags/tutorial_taskflow_api_virtualenv.py took 0.019 seconds
[2024-09-01T04:29:37.455+0000] {processor.py:186} INFO - Started process (PID=2208) to work on /home/ubuntu/airflow_snow/lib/python3.12/site-packages/airflow/example_dags/tutorial_taskflow_api_virtualenv.py
[2024-09-01T04:29:37.457+0000] {processor.py:914} INFO - Processing file /home/ubuntu/airflow_snow/lib/python3.12/site-packages/airflow/example_dags/tutorial_taskflow_api_virtualenv.py for tasks to queue
[2024-09-01T04:29:37.459+0000] {logging_mixin.py:190} INFO - [2024-09-01T04:29:37.458+0000] {dagbag.py:587} INFO - Filling up the DagBag from /home/ubuntu/airflow_snow/lib/python3.12/site-packages/airflow/example_dags/tutorial_taskflow_api_virtualenv.py
[2024-09-01T04:29:37.461+0000] {logging_mixin.py:190} INFO - [2024-09-01T04:29:37.461+0000] {tutorial_taskflow_api_virtualenv.py:29} WARNING - The tutorial_taskflow_api_virtualenv example DAG requires virtualenv, please install it.
[2024-09-01T04:29:37.461+0000] {processor.py:927} WARNING - No viable dags retrieved from /home/ubuntu/airflow_snow/lib/python3.12/site-packages/airflow/example_dags/tutorial_taskflow_api_virtualenv.py
[2024-09-01T04:29:37.470+0000] {processor.py:208} INFO - Processing /home/ubuntu/airflow_snow/lib/python3.12/site-packages/airflow/example_dags/tutorial_taskflow_api_virtualenv.py took 0.021 seconds
[2024-09-01T04:30:30.987+0000] {processor.py:186} INFO - Started process (PID=2268) to work on /home/ubuntu/airflow_snow/lib/python3.12/site-packages/airflow/example_dags/tutorial_taskflow_api_virtualenv.py
[2024-09-01T04:30:30.989+0000] {processor.py:914} INFO - Processing file /home/ubuntu/airflow_snow/lib/python3.12/site-packages/airflow/example_dags/tutorial_taskflow_api_virtualenv.py for tasks to queue
[2024-09-01T04:30:30.991+0000] {logging_mixin.py:190} INFO - [2024-09-01T04:30:30.990+0000] {dagbag.py:587} INFO - Filling up the DagBag from /home/ubuntu/airflow_snow/lib/python3.12/site-packages/airflow/example_dags/tutorial_taskflow_api_virtualenv.py
[2024-09-01T04:30:30.993+0000] {logging_mixin.py:190} INFO - [2024-09-01T04:30:30.993+0000] {tutorial_taskflow_api_virtualenv.py:29} WARNING - The tutorial_taskflow_api_virtualenv example DAG requires virtualenv, please install it.
[2024-09-01T04:30:30.994+0000] {processor.py:927} WARNING - No viable dags retrieved from /home/ubuntu/airflow_snow/lib/python3.12/site-packages/airflow/example_dags/tutorial_taskflow_api_virtualenv.py
[2024-09-01T04:30:31.002+0000] {processor.py:208} INFO - Processing /home/ubuntu/airflow_snow/lib/python3.12/site-packages/airflow/example_dags/tutorial_taskflow_api_virtualenv.py took 0.020 seconds
[2024-09-01T04:31:20.371+0000] {processor.py:186} INFO - Started process (PID=2320) to work on /home/ubuntu/airflow_snow/lib/python3.12/site-packages/airflow/example_dags/tutorial_taskflow_api_virtualenv.py
[2024-09-01T04:31:20.373+0000] {processor.py:914} INFO - Processing file /home/ubuntu/airflow_snow/lib/python3.12/site-packages/airflow/example_dags/tutorial_taskflow_api_virtualenv.py for tasks to queue
[2024-09-01T04:31:20.375+0000] {logging_mixin.py:190} INFO - [2024-09-01T04:31:20.375+0000] {dagbag.py:587} INFO - Filling up the DagBag from /home/ubuntu/airflow_snow/lib/python3.12/site-packages/airflow/example_dags/tutorial_taskflow_api_virtualenv.py
[2024-09-01T04:31:20.378+0000] {logging_mixin.py:190} INFO - [2024-09-01T04:31:20.378+0000] {tutorial_taskflow_api_virtualenv.py:29} WARNING - The tutorial_taskflow_api_virtualenv example DAG requires virtualenv, please install it.
[2024-09-01T04:31:20.378+0000] {processor.py:927} WARNING - No viable dags retrieved from /home/ubuntu/airflow_snow/lib/python3.12/site-packages/airflow/example_dags/tutorial_taskflow_api_virtualenv.py
[2024-09-01T04:31:20.387+0000] {processor.py:208} INFO - Processing /home/ubuntu/airflow_snow/lib/python3.12/site-packages/airflow/example_dags/tutorial_taskflow_api_virtualenv.py took 0.021 seconds
[2024-09-01T04:32:08.071+0000] {processor.py:186} INFO - Started process (PID=2369) to work on /home/ubuntu/airflow_snow/lib/python3.12/site-packages/airflow/example_dags/tutorial_taskflow_api_virtualenv.py
[2024-09-01T04:32:08.073+0000] {processor.py:914} INFO - Processing file /home/ubuntu/airflow_snow/lib/python3.12/site-packages/airflow/example_dags/tutorial_taskflow_api_virtualenv.py for tasks to queue
[2024-09-01T04:32:08.075+0000] {logging_mixin.py:190} INFO - [2024-09-01T04:32:08.075+0000] {dagbag.py:587} INFO - Filling up the DagBag from /home/ubuntu/airflow_snow/lib/python3.12/site-packages/airflow/example_dags/tutorial_taskflow_api_virtualenv.py
[2024-09-01T04:32:08.077+0000] {logging_mixin.py:190} INFO - [2024-09-01T04:32:08.077+0000] {tutorial_taskflow_api_virtualenv.py:29} WARNING - The tutorial_taskflow_api_virtualenv example DAG requires virtualenv, please install it.
[2024-09-01T04:32:08.077+0000] {processor.py:927} WARNING - No viable dags retrieved from /home/ubuntu/airflow_snow/lib/python3.12/site-packages/airflow/example_dags/tutorial_taskflow_api_virtualenv.py
[2024-09-01T04:32:08.086+0000] {processor.py:208} INFO - Processing /home/ubuntu/airflow_snow/lib/python3.12/site-packages/airflow/example_dags/tutorial_taskflow_api_virtualenv.py took 0.020 seconds
[2024-09-01T04:32:56.275+0000] {processor.py:186} INFO - Started process (PID=2419) to work on /home/ubuntu/airflow_snow/lib/python3.12/site-packages/airflow/example_dags/tutorial_taskflow_api_virtualenv.py
[2024-09-01T04:32:56.278+0000] {processor.py:914} INFO - Processing file /home/ubuntu/airflow_snow/lib/python3.12/site-packages/airflow/example_dags/tutorial_taskflow_api_virtualenv.py for tasks to queue
[2024-09-01T04:32:56.280+0000] {logging_mixin.py:190} INFO - [2024-09-01T04:32:56.279+0000] {dagbag.py:587} INFO - Filling up the DagBag from /home/ubuntu/airflow_snow/lib/python3.12/site-packages/airflow/example_dags/tutorial_taskflow_api_virtualenv.py
[2024-09-01T04:32:56.282+0000] {logging_mixin.py:190} INFO - [2024-09-01T04:32:56.282+0000] {tutorial_taskflow_api_virtualenv.py:29} WARNING - The tutorial_taskflow_api_virtualenv example DAG requires virtualenv, please install it.
[2024-09-01T04:32:56.283+0000] {processor.py:927} WARNING - No viable dags retrieved from /home/ubuntu/airflow_snow/lib/python3.12/site-packages/airflow/example_dags/tutorial_taskflow_api_virtualenv.py
[2024-09-01T04:32:56.291+0000] {processor.py:208} INFO - Processing /home/ubuntu/airflow_snow/lib/python3.12/site-packages/airflow/example_dags/tutorial_taskflow_api_virtualenv.py took 0.021 seconds
[2024-09-01T04:33:48.204+0000] {processor.py:186} INFO - Started process (PID=2472) to work on /home/ubuntu/airflow_snow/lib/python3.12/site-packages/airflow/example_dags/tutorial_taskflow_api_virtualenv.py
[2024-09-01T04:33:48.206+0000] {processor.py:914} INFO - Processing file /home/ubuntu/airflow_snow/lib/python3.12/site-packages/airflow/example_dags/tutorial_taskflow_api_virtualenv.py for tasks to queue
[2024-09-01T04:33:48.208+0000] {logging_mixin.py:190} INFO - [2024-09-01T04:33:48.207+0000] {dagbag.py:587} INFO - Filling up the DagBag from /home/ubuntu/airflow_snow/lib/python3.12/site-packages/airflow/example_dags/tutorial_taskflow_api_virtualenv.py
[2024-09-01T04:33:48.210+0000] {logging_mixin.py:190} INFO - [2024-09-01T04:33:48.210+0000] {tutorial_taskflow_api_virtualenv.py:29} WARNING - The tutorial_taskflow_api_virtualenv example DAG requires virtualenv, please install it.
[2024-09-01T04:33:48.211+0000] {processor.py:927} WARNING - No viable dags retrieved from /home/ubuntu/airflow_snow/lib/python3.12/site-packages/airflow/example_dags/tutorial_taskflow_api_virtualenv.py
[2024-09-01T04:33:48.221+0000] {processor.py:208} INFO - Processing /home/ubuntu/airflow_snow/lib/python3.12/site-packages/airflow/example_dags/tutorial_taskflow_api_virtualenv.py took 0.022 seconds
[2024-09-01T04:34:36.835+0000] {processor.py:186} INFO - Started process (PID=2524) to work on /home/ubuntu/airflow_snow/lib/python3.12/site-packages/airflow/example_dags/tutorial_taskflow_api_virtualenv.py
[2024-09-01T04:34:36.837+0000] {processor.py:914} INFO - Processing file /home/ubuntu/airflow_snow/lib/python3.12/site-packages/airflow/example_dags/tutorial_taskflow_api_virtualenv.py for tasks to queue
[2024-09-01T04:34:36.839+0000] {logging_mixin.py:190} INFO - [2024-09-01T04:34:36.838+0000] {dagbag.py:587} INFO - Filling up the DagBag from /home/ubuntu/airflow_snow/lib/python3.12/site-packages/airflow/example_dags/tutorial_taskflow_api_virtualenv.py
[2024-09-01T04:34:36.841+0000] {logging_mixin.py:190} INFO - [2024-09-01T04:34:36.841+0000] {tutorial_taskflow_api_virtualenv.py:29} WARNING - The tutorial_taskflow_api_virtualenv example DAG requires virtualenv, please install it.
[2024-09-01T04:34:36.842+0000] {processor.py:927} WARNING - No viable dags retrieved from /home/ubuntu/airflow_snow/lib/python3.12/site-packages/airflow/example_dags/tutorial_taskflow_api_virtualenv.py
[2024-09-01T04:34:36.850+0000] {processor.py:208} INFO - Processing /home/ubuntu/airflow_snow/lib/python3.12/site-packages/airflow/example_dags/tutorial_taskflow_api_virtualenv.py took 0.020 seconds
[2024-09-01T04:35:25.035+0000] {processor.py:186} INFO - Started process (PID=2578) to work on /home/ubuntu/airflow_snow/lib/python3.12/site-packages/airflow/example_dags/tutorial_taskflow_api_virtualenv.py
[2024-09-01T04:35:25.037+0000] {processor.py:914} INFO - Processing file /home/ubuntu/airflow_snow/lib/python3.12/site-packages/airflow/example_dags/tutorial_taskflow_api_virtualenv.py for tasks to queue
[2024-09-01T04:35:25.038+0000] {logging_mixin.py:190} INFO - [2024-09-01T04:35:25.038+0000] {dagbag.py:587} INFO - Filling up the DagBag from /home/ubuntu/airflow_snow/lib/python3.12/site-packages/airflow/example_dags/tutorial_taskflow_api_virtualenv.py
[2024-09-01T04:35:25.042+0000] {logging_mixin.py:190} INFO - [2024-09-01T04:35:25.042+0000] {tutorial_taskflow_api_virtualenv.py:29} WARNING - The tutorial_taskflow_api_virtualenv example DAG requires virtualenv, please install it.
[2024-09-01T04:35:25.042+0000] {processor.py:927} WARNING - No viable dags retrieved from /home/ubuntu/airflow_snow/lib/python3.12/site-packages/airflow/example_dags/tutorial_taskflow_api_virtualenv.py
[2024-09-01T04:35:25.051+0000] {processor.py:208} INFO - Processing /home/ubuntu/airflow_snow/lib/python3.12/site-packages/airflow/example_dags/tutorial_taskflow_api_virtualenv.py took 0.022 seconds
[2024-09-01T04:36:16.689+0000] {processor.py:186} INFO - Started process (PID=2629) to work on /home/ubuntu/airflow_snow/lib/python3.12/site-packages/airflow/example_dags/tutorial_taskflow_api_virtualenv.py
[2024-09-01T04:36:16.691+0000] {processor.py:914} INFO - Processing file /home/ubuntu/airflow_snow/lib/python3.12/site-packages/airflow/example_dags/tutorial_taskflow_api_virtualenv.py for tasks to queue
[2024-09-01T04:36:16.693+0000] {logging_mixin.py:190} INFO - [2024-09-01T04:36:16.693+0000] {dagbag.py:587} INFO - Filling up the DagBag from /home/ubuntu/airflow_snow/lib/python3.12/site-packages/airflow/example_dags/tutorial_taskflow_api_virtualenv.py
[2024-09-01T04:36:16.695+0000] {logging_mixin.py:190} INFO - [2024-09-01T04:36:16.695+0000] {tutorial_taskflow_api_virtualenv.py:29} WARNING - The tutorial_taskflow_api_virtualenv example DAG requires virtualenv, please install it.
[2024-09-01T04:36:16.696+0000] {processor.py:927} WARNING - No viable dags retrieved from /home/ubuntu/airflow_snow/lib/python3.12/site-packages/airflow/example_dags/tutorial_taskflow_api_virtualenv.py
[2024-09-01T04:36:16.706+0000] {processor.py:208} INFO - Processing /home/ubuntu/airflow_snow/lib/python3.12/site-packages/airflow/example_dags/tutorial_taskflow_api_virtualenv.py took 0.022 seconds
[2024-09-01T04:37:09.783+0000] {processor.py:186} INFO - Started process (PID=2683) to work on /home/ubuntu/airflow_snow/lib/python3.12/site-packages/airflow/example_dags/tutorial_taskflow_api_virtualenv.py
[2024-09-01T04:37:09.788+0000] {processor.py:914} INFO - Processing file /home/ubuntu/airflow_snow/lib/python3.12/site-packages/airflow/example_dags/tutorial_taskflow_api_virtualenv.py for tasks to queue
[2024-09-01T04:37:09.789+0000] {logging_mixin.py:190} INFO - [2024-09-01T04:37:09.789+0000] {dagbag.py:587} INFO - Filling up the DagBag from /home/ubuntu/airflow_snow/lib/python3.12/site-packages/airflow/example_dags/tutorial_taskflow_api_virtualenv.py
[2024-09-01T04:37:09.791+0000] {logging_mixin.py:190} INFO - [2024-09-01T04:37:09.791+0000] {tutorial_taskflow_api_virtualenv.py:29} WARNING - The tutorial_taskflow_api_virtualenv example DAG requires virtualenv, please install it.
[2024-09-01T04:37:09.792+0000] {processor.py:927} WARNING - No viable dags retrieved from /home/ubuntu/airflow_snow/lib/python3.12/site-packages/airflow/example_dags/tutorial_taskflow_api_virtualenv.py
[2024-09-01T04:37:09.802+0000] {processor.py:208} INFO - Processing /home/ubuntu/airflow_snow/lib/python3.12/site-packages/airflow/example_dags/tutorial_taskflow_api_virtualenv.py took 0.024 seconds
[2024-09-01T04:38:00.217+0000] {processor.py:186} INFO - Started process (PID=2734) to work on /home/ubuntu/airflow_snow/lib/python3.12/site-packages/airflow/example_dags/tutorial_taskflow_api_virtualenv.py
[2024-09-01T04:38:00.221+0000] {processor.py:914} INFO - Processing file /home/ubuntu/airflow_snow/lib/python3.12/site-packages/airflow/example_dags/tutorial_taskflow_api_virtualenv.py for tasks to queue
[2024-09-01T04:38:00.222+0000] {logging_mixin.py:190} INFO - [2024-09-01T04:38:00.222+0000] {dagbag.py:587} INFO - Filling up the DagBag from /home/ubuntu/airflow_snow/lib/python3.12/site-packages/airflow/example_dags/tutorial_taskflow_api_virtualenv.py
[2024-09-01T04:38:00.225+0000] {logging_mixin.py:190} INFO - [2024-09-01T04:38:00.225+0000] {tutorial_taskflow_api_virtualenv.py:29} WARNING - The tutorial_taskflow_api_virtualenv example DAG requires virtualenv, please install it.
[2024-09-01T04:38:00.225+0000] {processor.py:927} WARNING - No viable dags retrieved from /home/ubuntu/airflow_snow/lib/python3.12/site-packages/airflow/example_dags/tutorial_taskflow_api_virtualenv.py
[2024-09-01T04:38:00.235+0000] {processor.py:208} INFO - Processing /home/ubuntu/airflow_snow/lib/python3.12/site-packages/airflow/example_dags/tutorial_taskflow_api_virtualenv.py took 0.024 seconds
[2024-09-01T04:38:50.893+0000] {processor.py:186} INFO - Started process (PID=2785) to work on /home/ubuntu/airflow_snow/lib/python3.12/site-packages/airflow/example_dags/tutorial_taskflow_api_virtualenv.py
[2024-09-01T04:38:50.895+0000] {processor.py:914} INFO - Processing file /home/ubuntu/airflow_snow/lib/python3.12/site-packages/airflow/example_dags/tutorial_taskflow_api_virtualenv.py for tasks to queue
[2024-09-01T04:38:50.897+0000] {logging_mixin.py:190} INFO - [2024-09-01T04:38:50.897+0000] {dagbag.py:587} INFO - Filling up the DagBag from /home/ubuntu/airflow_snow/lib/python3.12/site-packages/airflow/example_dags/tutorial_taskflow_api_virtualenv.py
[2024-09-01T04:38:50.899+0000] {logging_mixin.py:190} INFO - [2024-09-01T04:38:50.899+0000] {tutorial_taskflow_api_virtualenv.py:29} WARNING - The tutorial_taskflow_api_virtualenv example DAG requires virtualenv, please install it.
[2024-09-01T04:38:50.899+0000] {processor.py:927} WARNING - No viable dags retrieved from /home/ubuntu/airflow_snow/lib/python3.12/site-packages/airflow/example_dags/tutorial_taskflow_api_virtualenv.py
[2024-09-01T04:38:50.909+0000] {processor.py:208} INFO - Processing /home/ubuntu/airflow_snow/lib/python3.12/site-packages/airflow/example_dags/tutorial_taskflow_api_virtualenv.py took 0.022 seconds
[2024-09-01T04:39:43.272+0000] {processor.py:186} INFO - Started process (PID=2838) to work on /home/ubuntu/airflow_snow/lib/python3.12/site-packages/airflow/example_dags/tutorial_taskflow_api_virtualenv.py
[2024-09-01T04:39:43.275+0000] {processor.py:914} INFO - Processing file /home/ubuntu/airflow_snow/lib/python3.12/site-packages/airflow/example_dags/tutorial_taskflow_api_virtualenv.py for tasks to queue
[2024-09-01T04:39:43.276+0000] {logging_mixin.py:190} INFO - [2024-09-01T04:39:43.276+0000] {dagbag.py:587} INFO - Filling up the DagBag from /home/ubuntu/airflow_snow/lib/python3.12/site-packages/airflow/example_dags/tutorial_taskflow_api_virtualenv.py
[2024-09-01T04:39:43.278+0000] {logging_mixin.py:190} INFO - [2024-09-01T04:39:43.278+0000] {tutorial_taskflow_api_virtualenv.py:29} WARNING - The tutorial_taskflow_api_virtualenv example DAG requires virtualenv, please install it.
[2024-09-01T04:39:43.279+0000] {processor.py:927} WARNING - No viable dags retrieved from /home/ubuntu/airflow_snow/lib/python3.12/site-packages/airflow/example_dags/tutorial_taskflow_api_virtualenv.py
[2024-09-01T04:39:43.288+0000] {processor.py:208} INFO - Processing /home/ubuntu/airflow_snow/lib/python3.12/site-packages/airflow/example_dags/tutorial_taskflow_api_virtualenv.py took 0.020 seconds
[2024-09-01T04:40:34.274+0000] {processor.py:186} INFO - Started process (PID=2894) to work on /home/ubuntu/airflow_snow/lib/python3.12/site-packages/airflow/example_dags/tutorial_taskflow_api_virtualenv.py
[2024-09-01T04:40:34.275+0000] {processor.py:914} INFO - Processing file /home/ubuntu/airflow_snow/lib/python3.12/site-packages/airflow/example_dags/tutorial_taskflow_api_virtualenv.py for tasks to queue
[2024-09-01T04:40:34.278+0000] {logging_mixin.py:190} INFO - [2024-09-01T04:40:34.278+0000] {dagbag.py:587} INFO - Filling up the DagBag from /home/ubuntu/airflow_snow/lib/python3.12/site-packages/airflow/example_dags/tutorial_taskflow_api_virtualenv.py
[2024-09-01T04:40:34.280+0000] {logging_mixin.py:190} INFO - [2024-09-01T04:40:34.280+0000] {tutorial_taskflow_api_virtualenv.py:29} WARNING - The tutorial_taskflow_api_virtualenv example DAG requires virtualenv, please install it.
[2024-09-01T04:40:34.280+0000] {processor.py:927} WARNING - No viable dags retrieved from /home/ubuntu/airflow_snow/lib/python3.12/site-packages/airflow/example_dags/tutorial_taskflow_api_virtualenv.py
[2024-09-01T04:40:34.290+0000] {processor.py:208} INFO - Processing /home/ubuntu/airflow_snow/lib/python3.12/site-packages/airflow/example_dags/tutorial_taskflow_api_virtualenv.py took 0.022 seconds
[2024-09-01T04:41:26.274+0000] {processor.py:186} INFO - Started process (PID=2948) to work on /home/ubuntu/airflow_snow/lib/python3.12/site-packages/airflow/example_dags/tutorial_taskflow_api_virtualenv.py
[2024-09-01T04:41:26.276+0000] {processor.py:914} INFO - Processing file /home/ubuntu/airflow_snow/lib/python3.12/site-packages/airflow/example_dags/tutorial_taskflow_api_virtualenv.py for tasks to queue
[2024-09-01T04:41:26.278+0000] {logging_mixin.py:190} INFO - [2024-09-01T04:41:26.277+0000] {dagbag.py:587} INFO - Filling up the DagBag from /home/ubuntu/airflow_snow/lib/python3.12/site-packages/airflow/example_dags/tutorial_taskflow_api_virtualenv.py
[2024-09-01T04:41:26.279+0000] {logging_mixin.py:190} INFO - [2024-09-01T04:41:26.279+0000] {tutorial_taskflow_api_virtualenv.py:29} WARNING - The tutorial_taskflow_api_virtualenv example DAG requires virtualenv, please install it.
[2024-09-01T04:41:26.280+0000] {processor.py:927} WARNING - No viable dags retrieved from /home/ubuntu/airflow_snow/lib/python3.12/site-packages/airflow/example_dags/tutorial_taskflow_api_virtualenv.py
[2024-09-01T04:41:26.290+0000] {processor.py:208} INFO - Processing /home/ubuntu/airflow_snow/lib/python3.12/site-packages/airflow/example_dags/tutorial_taskflow_api_virtualenv.py took 0.021 seconds
[2024-09-01T04:42:16.016+0000] {processor.py:186} INFO - Started process (PID=2998) to work on /home/ubuntu/airflow_snow/lib/python3.12/site-packages/airflow/example_dags/tutorial_taskflow_api_virtualenv.py
[2024-09-01T04:42:16.018+0000] {processor.py:914} INFO - Processing file /home/ubuntu/airflow_snow/lib/python3.12/site-packages/airflow/example_dags/tutorial_taskflow_api_virtualenv.py for tasks to queue
[2024-09-01T04:42:16.020+0000] {logging_mixin.py:190} INFO - [2024-09-01T04:42:16.020+0000] {dagbag.py:587} INFO - Filling up the DagBag from /home/ubuntu/airflow_snow/lib/python3.12/site-packages/airflow/example_dags/tutorial_taskflow_api_virtualenv.py
[2024-09-01T04:42:16.023+0000] {logging_mixin.py:190} INFO - [2024-09-01T04:42:16.022+0000] {tutorial_taskflow_api_virtualenv.py:29} WARNING - The tutorial_taskflow_api_virtualenv example DAG requires virtualenv, please install it.
[2024-09-01T04:42:16.023+0000] {processor.py:927} WARNING - No viable dags retrieved from /home/ubuntu/airflow_snow/lib/python3.12/site-packages/airflow/example_dags/tutorial_taskflow_api_virtualenv.py
[2024-09-01T04:42:16.032+0000] {processor.py:208} INFO - Processing /home/ubuntu/airflow_snow/lib/python3.12/site-packages/airflow/example_dags/tutorial_taskflow_api_virtualenv.py took 0.021 seconds
[2024-09-01T04:43:06.459+0000] {processor.py:186} INFO - Started process (PID=3049) to work on /home/ubuntu/airflow_snow/lib/python3.12/site-packages/airflow/example_dags/tutorial_taskflow_api_virtualenv.py
[2024-09-01T04:43:06.461+0000] {processor.py:914} INFO - Processing file /home/ubuntu/airflow_snow/lib/python3.12/site-packages/airflow/example_dags/tutorial_taskflow_api_virtualenv.py for tasks to queue
[2024-09-01T04:43:06.463+0000] {logging_mixin.py:190} INFO - [2024-09-01T04:43:06.462+0000] {dagbag.py:587} INFO - Filling up the DagBag from /home/ubuntu/airflow_snow/lib/python3.12/site-packages/airflow/example_dags/tutorial_taskflow_api_virtualenv.py
[2024-09-01T04:43:06.466+0000] {logging_mixin.py:190} INFO - [2024-09-01T04:43:06.465+0000] {tutorial_taskflow_api_virtualenv.py:29} WARNING - The tutorial_taskflow_api_virtualenv example DAG requires virtualenv, please install it.
[2024-09-01T04:43:06.466+0000] {processor.py:927} WARNING - No viable dags retrieved from /home/ubuntu/airflow_snow/lib/python3.12/site-packages/airflow/example_dags/tutorial_taskflow_api_virtualenv.py
[2024-09-01T04:43:06.475+0000] {processor.py:208} INFO - Processing /home/ubuntu/airflow_snow/lib/python3.12/site-packages/airflow/example_dags/tutorial_taskflow_api_virtualenv.py took 0.022 seconds
[2024-09-01T04:43:54.799+0000] {processor.py:186} INFO - Started process (PID=3099) to work on /home/ubuntu/airflow_snow/lib/python3.12/site-packages/airflow/example_dags/tutorial_taskflow_api_virtualenv.py
[2024-09-01T04:43:54.801+0000] {processor.py:914} INFO - Processing file /home/ubuntu/airflow_snow/lib/python3.12/site-packages/airflow/example_dags/tutorial_taskflow_api_virtualenv.py for tasks to queue
[2024-09-01T04:43:54.803+0000] {logging_mixin.py:190} INFO - [2024-09-01T04:43:54.802+0000] {dagbag.py:587} INFO - Filling up the DagBag from /home/ubuntu/airflow_snow/lib/python3.12/site-packages/airflow/example_dags/tutorial_taskflow_api_virtualenv.py
[2024-09-01T04:43:54.805+0000] {logging_mixin.py:190} INFO - [2024-09-01T04:43:54.805+0000] {tutorial_taskflow_api_virtualenv.py:29} WARNING - The tutorial_taskflow_api_virtualenv example DAG requires virtualenv, please install it.
[2024-09-01T04:43:54.806+0000] {processor.py:927} WARNING - No viable dags retrieved from /home/ubuntu/airflow_snow/lib/python3.12/site-packages/airflow/example_dags/tutorial_taskflow_api_virtualenv.py
[2024-09-01T04:43:54.814+0000] {processor.py:208} INFO - Processing /home/ubuntu/airflow_snow/lib/python3.12/site-packages/airflow/example_dags/tutorial_taskflow_api_virtualenv.py took 0.020 seconds
[2024-09-01T04:44:44.941+0000] {processor.py:186} INFO - Started process (PID=3155) to work on /home/ubuntu/airflow_snow/lib/python3.12/site-packages/airflow/example_dags/tutorial_taskflow_api_virtualenv.py
[2024-09-01T04:44:44.943+0000] {processor.py:914} INFO - Processing file /home/ubuntu/airflow_snow/lib/python3.12/site-packages/airflow/example_dags/tutorial_taskflow_api_virtualenv.py for tasks to queue
[2024-09-01T04:44:44.946+0000] {logging_mixin.py:190} INFO - [2024-09-01T04:44:44.946+0000] {dagbag.py:587} INFO - Filling up the DagBag from /home/ubuntu/airflow_snow/lib/python3.12/site-packages/airflow/example_dags/tutorial_taskflow_api_virtualenv.py
[2024-09-01T04:44:44.948+0000] {logging_mixin.py:190} INFO - [2024-09-01T04:44:44.948+0000] {tutorial_taskflow_api_virtualenv.py:29} WARNING - The tutorial_taskflow_api_virtualenv example DAG requires virtualenv, please install it.
[2024-09-01T04:44:44.948+0000] {processor.py:927} WARNING - No viable dags retrieved from /home/ubuntu/airflow_snow/lib/python3.12/site-packages/airflow/example_dags/tutorial_taskflow_api_virtualenv.py
[2024-09-01T04:44:44.958+0000] {processor.py:208} INFO - Processing /home/ubuntu/airflow_snow/lib/python3.12/site-packages/airflow/example_dags/tutorial_taskflow_api_virtualenv.py took 0.023 seconds
[2024-09-01T04:45:31.690+0000] {processor.py:186} INFO - Started process (PID=3210) to work on /home/ubuntu/airflow_snow/lib/python3.12/site-packages/airflow/example_dags/tutorial_taskflow_api_virtualenv.py
[2024-09-01T04:45:31.693+0000] {processor.py:914} INFO - Processing file /home/ubuntu/airflow_snow/lib/python3.12/site-packages/airflow/example_dags/tutorial_taskflow_api_virtualenv.py for tasks to queue
[2024-09-01T04:45:31.694+0000] {logging_mixin.py:190} INFO - [2024-09-01T04:45:31.694+0000] {dagbag.py:587} INFO - Filling up the DagBag from /home/ubuntu/airflow_snow/lib/python3.12/site-packages/airflow/example_dags/tutorial_taskflow_api_virtualenv.py
[2024-09-01T04:45:31.697+0000] {logging_mixin.py:190} INFO - [2024-09-01T04:45:31.697+0000] {tutorial_taskflow_api_virtualenv.py:29} WARNING - The tutorial_taskflow_api_virtualenv example DAG requires virtualenv, please install it.
[2024-09-01T04:45:31.697+0000] {processor.py:927} WARNING - No viable dags retrieved from /home/ubuntu/airflow_snow/lib/python3.12/site-packages/airflow/example_dags/tutorial_taskflow_api_virtualenv.py
[2024-09-01T04:45:31.707+0000] {processor.py:208} INFO - Processing /home/ubuntu/airflow_snow/lib/python3.12/site-packages/airflow/example_dags/tutorial_taskflow_api_virtualenv.py took 0.022 seconds
[2024-09-01T04:46:19.062+0000] {processor.py:186} INFO - Started process (PID=3258) to work on /home/ubuntu/airflow_snow/lib/python3.12/site-packages/airflow/example_dags/tutorial_taskflow_api_virtualenv.py
[2024-09-01T04:46:19.064+0000] {processor.py:914} INFO - Processing file /home/ubuntu/airflow_snow/lib/python3.12/site-packages/airflow/example_dags/tutorial_taskflow_api_virtualenv.py for tasks to queue
[2024-09-01T04:46:19.066+0000] {logging_mixin.py:190} INFO - [2024-09-01T04:46:19.065+0000] {dagbag.py:587} INFO - Filling up the DagBag from /home/ubuntu/airflow_snow/lib/python3.12/site-packages/airflow/example_dags/tutorial_taskflow_api_virtualenv.py
[2024-09-01T04:46:19.068+0000] {logging_mixin.py:190} INFO - [2024-09-01T04:46:19.068+0000] {tutorial_taskflow_api_virtualenv.py:29} WARNING - The tutorial_taskflow_api_virtualenv example DAG requires virtualenv, please install it.
[2024-09-01T04:46:19.068+0000] {processor.py:927} WARNING - No viable dags retrieved from /home/ubuntu/airflow_snow/lib/python3.12/site-packages/airflow/example_dags/tutorial_taskflow_api_virtualenv.py
[2024-09-01T04:46:19.078+0000] {processor.py:208} INFO - Processing /home/ubuntu/airflow_snow/lib/python3.12/site-packages/airflow/example_dags/tutorial_taskflow_api_virtualenv.py took 0.021 seconds
[2024-09-01T04:47:07.175+0000] {processor.py:186} INFO - Started process (PID=3308) to work on /home/ubuntu/airflow_snow/lib/python3.12/site-packages/airflow/example_dags/tutorial_taskflow_api_virtualenv.py
[2024-09-01T04:47:07.177+0000] {processor.py:914} INFO - Processing file /home/ubuntu/airflow_snow/lib/python3.12/site-packages/airflow/example_dags/tutorial_taskflow_api_virtualenv.py for tasks to queue
[2024-09-01T04:47:07.181+0000] {logging_mixin.py:190} INFO - [2024-09-01T04:47:07.181+0000] {dagbag.py:587} INFO - Filling up the DagBag from /home/ubuntu/airflow_snow/lib/python3.12/site-packages/airflow/example_dags/tutorial_taskflow_api_virtualenv.py
[2024-09-01T04:47:07.183+0000] {logging_mixin.py:190} INFO - [2024-09-01T04:47:07.183+0000] {tutorial_taskflow_api_virtualenv.py:29} WARNING - The tutorial_taskflow_api_virtualenv example DAG requires virtualenv, please install it.
[2024-09-01T04:47:07.183+0000] {processor.py:927} WARNING - No viable dags retrieved from /home/ubuntu/airflow_snow/lib/python3.12/site-packages/airflow/example_dags/tutorial_taskflow_api_virtualenv.py
[2024-09-01T04:47:07.193+0000] {processor.py:208} INFO - Processing /home/ubuntu/airflow_snow/lib/python3.12/site-packages/airflow/example_dags/tutorial_taskflow_api_virtualenv.py took 0.023 seconds
[2024-09-01T04:47:55.698+0000] {processor.py:186} INFO - Started process (PID=3359) to work on /home/ubuntu/airflow_snow/lib/python3.12/site-packages/airflow/example_dags/tutorial_taskflow_api_virtualenv.py
[2024-09-01T04:47:55.700+0000] {processor.py:914} INFO - Processing file /home/ubuntu/airflow_snow/lib/python3.12/site-packages/airflow/example_dags/tutorial_taskflow_api_virtualenv.py for tasks to queue
[2024-09-01T04:47:55.702+0000] {logging_mixin.py:190} INFO - [2024-09-01T04:47:55.702+0000] {dagbag.py:587} INFO - Filling up the DagBag from /home/ubuntu/airflow_snow/lib/python3.12/site-packages/airflow/example_dags/tutorial_taskflow_api_virtualenv.py
[2024-09-01T04:47:55.704+0000] {logging_mixin.py:190} INFO - [2024-09-01T04:47:55.704+0000] {tutorial_taskflow_api_virtualenv.py:29} WARNING - The tutorial_taskflow_api_virtualenv example DAG requires virtualenv, please install it.
[2024-09-01T04:47:55.704+0000] {processor.py:927} WARNING - No viable dags retrieved from /home/ubuntu/airflow_snow/lib/python3.12/site-packages/airflow/example_dags/tutorial_taskflow_api_virtualenv.py
[2024-09-01T04:47:55.714+0000] {processor.py:208} INFO - Processing /home/ubuntu/airflow_snow/lib/python3.12/site-packages/airflow/example_dags/tutorial_taskflow_api_virtualenv.py took 0.020 seconds
[2024-09-01T04:48:43.957+0000] {processor.py:186} INFO - Started process (PID=3410) to work on /home/ubuntu/airflow_snow/lib/python3.12/site-packages/airflow/example_dags/tutorial_taskflow_api_virtualenv.py
[2024-09-01T04:48:43.959+0000] {processor.py:914} INFO - Processing file /home/ubuntu/airflow_snow/lib/python3.12/site-packages/airflow/example_dags/tutorial_taskflow_api_virtualenv.py for tasks to queue
[2024-09-01T04:48:43.962+0000] {logging_mixin.py:190} INFO - [2024-09-01T04:48:43.962+0000] {dagbag.py:587} INFO - Filling up the DagBag from /home/ubuntu/airflow_snow/lib/python3.12/site-packages/airflow/example_dags/tutorial_taskflow_api_virtualenv.py
[2024-09-01T04:48:43.964+0000] {logging_mixin.py:190} INFO - [2024-09-01T04:48:43.964+0000] {tutorial_taskflow_api_virtualenv.py:29} WARNING - The tutorial_taskflow_api_virtualenv example DAG requires virtualenv, please install it.
[2024-09-01T04:48:43.965+0000] {processor.py:927} WARNING - No viable dags retrieved from /home/ubuntu/airflow_snow/lib/python3.12/site-packages/airflow/example_dags/tutorial_taskflow_api_virtualenv.py
[2024-09-01T04:48:43.974+0000] {processor.py:208} INFO - Processing /home/ubuntu/airflow_snow/lib/python3.12/site-packages/airflow/example_dags/tutorial_taskflow_api_virtualenv.py took 0.022 seconds
[2024-09-01T04:49:32.773+0000] {processor.py:186} INFO - Started process (PID=3460) to work on /home/ubuntu/airflow_snow/lib/python3.12/site-packages/airflow/example_dags/tutorial_taskflow_api_virtualenv.py
[2024-09-01T04:49:32.775+0000] {processor.py:914} INFO - Processing file /home/ubuntu/airflow_snow/lib/python3.12/site-packages/airflow/example_dags/tutorial_taskflow_api_virtualenv.py for tasks to queue
[2024-09-01T04:49:32.778+0000] {logging_mixin.py:190} INFO - [2024-09-01T04:49:32.777+0000] {dagbag.py:587} INFO - Filling up the DagBag from /home/ubuntu/airflow_snow/lib/python3.12/site-packages/airflow/example_dags/tutorial_taskflow_api_virtualenv.py
[2024-09-01T04:49:32.779+0000] {logging_mixin.py:190} INFO - [2024-09-01T04:49:32.779+0000] {tutorial_taskflow_api_virtualenv.py:29} WARNING - The tutorial_taskflow_api_virtualenv example DAG requires virtualenv, please install it.
[2024-09-01T04:49:32.780+0000] {processor.py:927} WARNING - No viable dags retrieved from /home/ubuntu/airflow_snow/lib/python3.12/site-packages/airflow/example_dags/tutorial_taskflow_api_virtualenv.py
[2024-09-01T04:49:32.790+0000] {processor.py:208} INFO - Processing /home/ubuntu/airflow_snow/lib/python3.12/site-packages/airflow/example_dags/tutorial_taskflow_api_virtualenv.py took 0.022 seconds
[2024-09-01T04:50:16.393+0000] {processor.py:186} INFO - Started process (PID=3508) to work on /home/ubuntu/airflow_snow/lib/python3.12/site-packages/airflow/example_dags/tutorial_taskflow_api_virtualenv.py
[2024-09-01T04:50:16.394+0000] {processor.py:914} INFO - Processing file /home/ubuntu/airflow_snow/lib/python3.12/site-packages/airflow/example_dags/tutorial_taskflow_api_virtualenv.py for tasks to queue
[2024-09-01T04:50:16.396+0000] {logging_mixin.py:190} INFO - [2024-09-01T04:50:16.395+0000] {dagbag.py:587} INFO - Filling up the DagBag from /home/ubuntu/airflow_snow/lib/python3.12/site-packages/airflow/example_dags/tutorial_taskflow_api_virtualenv.py
[2024-09-01T04:50:16.398+0000] {logging_mixin.py:190} INFO - [2024-09-01T04:50:16.398+0000] {tutorial_taskflow_api_virtualenv.py:29} WARNING - The tutorial_taskflow_api_virtualenv example DAG requires virtualenv, please install it.
[2024-09-01T04:50:16.398+0000] {processor.py:927} WARNING - No viable dags retrieved from /home/ubuntu/airflow_snow/lib/python3.12/site-packages/airflow/example_dags/tutorial_taskflow_api_virtualenv.py
[2024-09-01T04:50:16.407+0000] {processor.py:208} INFO - Processing /home/ubuntu/airflow_snow/lib/python3.12/site-packages/airflow/example_dags/tutorial_taskflow_api_virtualenv.py took 0.021 seconds
[2024-09-01T04:51:02.585+0000] {processor.py:186} INFO - Started process (PID=3560) to work on /home/ubuntu/airflow_snow/lib/python3.12/site-packages/airflow/example_dags/tutorial_taskflow_api_virtualenv.py
[2024-09-01T04:51:02.586+0000] {processor.py:914} INFO - Processing file /home/ubuntu/airflow_snow/lib/python3.12/site-packages/airflow/example_dags/tutorial_taskflow_api_virtualenv.py for tasks to queue
[2024-09-01T04:51:02.588+0000] {logging_mixin.py:190} INFO - [2024-09-01T04:51:02.588+0000] {dagbag.py:587} INFO - Filling up the DagBag from /home/ubuntu/airflow_snow/lib/python3.12/site-packages/airflow/example_dags/tutorial_taskflow_api_virtualenv.py
[2024-09-01T04:51:02.590+0000] {logging_mixin.py:190} INFO - [2024-09-01T04:51:02.590+0000] {tutorial_taskflow_api_virtualenv.py:29} WARNING - The tutorial_taskflow_api_virtualenv example DAG requires virtualenv, please install it.
[2024-09-01T04:51:02.590+0000] {processor.py:927} WARNING - No viable dags retrieved from /home/ubuntu/airflow_snow/lib/python3.12/site-packages/airflow/example_dags/tutorial_taskflow_api_virtualenv.py
[2024-09-01T04:51:02.600+0000] {processor.py:208} INFO - Processing /home/ubuntu/airflow_snow/lib/python3.12/site-packages/airflow/example_dags/tutorial_taskflow_api_virtualenv.py took 0.021 seconds
[2024-09-01T04:51:53.538+0000] {processor.py:186} INFO - Started process (PID=3613) to work on /home/ubuntu/airflow_snow/lib/python3.12/site-packages/airflow/example_dags/tutorial_taskflow_api_virtualenv.py
[2024-09-01T04:51:53.540+0000] {processor.py:914} INFO - Processing file /home/ubuntu/airflow_snow/lib/python3.12/site-packages/airflow/example_dags/tutorial_taskflow_api_virtualenv.py for tasks to queue
[2024-09-01T04:51:53.541+0000] {logging_mixin.py:190} INFO - [2024-09-01T04:51:53.541+0000] {dagbag.py:587} INFO - Filling up the DagBag from /home/ubuntu/airflow_snow/lib/python3.12/site-packages/airflow/example_dags/tutorial_taskflow_api_virtualenv.py
[2024-09-01T04:51:53.543+0000] {logging_mixin.py:190} INFO - [2024-09-01T04:51:53.543+0000] {tutorial_taskflow_api_virtualenv.py:29} WARNING - The tutorial_taskflow_api_virtualenv example DAG requires virtualenv, please install it.
[2024-09-01T04:51:53.543+0000] {processor.py:927} WARNING - No viable dags retrieved from /home/ubuntu/airflow_snow/lib/python3.12/site-packages/airflow/example_dags/tutorial_taskflow_api_virtualenv.py
[2024-09-01T04:51:53.553+0000] {processor.py:208} INFO - Processing /home/ubuntu/airflow_snow/lib/python3.12/site-packages/airflow/example_dags/tutorial_taskflow_api_virtualenv.py took 0.021 seconds
[2024-09-01T04:52:42.704+0000] {processor.py:186} INFO - Started process (PID=3663) to work on /home/ubuntu/airflow_snow/lib/python3.12/site-packages/airflow/example_dags/tutorial_taskflow_api_virtualenv.py
[2024-09-01T04:52:42.706+0000] {processor.py:914} INFO - Processing file /home/ubuntu/airflow_snow/lib/python3.12/site-packages/airflow/example_dags/tutorial_taskflow_api_virtualenv.py for tasks to queue
[2024-09-01T04:52:42.708+0000] {logging_mixin.py:190} INFO - [2024-09-01T04:52:42.708+0000] {dagbag.py:587} INFO - Filling up the DagBag from /home/ubuntu/airflow_snow/lib/python3.12/site-packages/airflow/example_dags/tutorial_taskflow_api_virtualenv.py
[2024-09-01T04:52:42.711+0000] {logging_mixin.py:190} INFO - [2024-09-01T04:52:42.711+0000] {tutorial_taskflow_api_virtualenv.py:29} WARNING - The tutorial_taskflow_api_virtualenv example DAG requires virtualenv, please install it.
[2024-09-01T04:52:42.711+0000] {processor.py:927} WARNING - No viable dags retrieved from /home/ubuntu/airflow_snow/lib/python3.12/site-packages/airflow/example_dags/tutorial_taskflow_api_virtualenv.py
[2024-09-01T04:52:42.720+0000] {processor.py:208} INFO - Processing /home/ubuntu/airflow_snow/lib/python3.12/site-packages/airflow/example_dags/tutorial_taskflow_api_virtualenv.py took 0.020 seconds
