[2024-09-01T04:28:19.450+0000] {processor.py:186} INFO - Started process (PID=2138) to work on /home/ubuntu/airflow_snow/lib/python3.12/site-packages/airflow/example_dags/plugins/decreasing_priority_weight_strategy.py
[2024-09-01T04:28:19.450+0000] {processor.py:914} INFO - Processing file /home/ubuntu/airflow_snow/lib/python3.12/site-packages/airflow/example_dags/plugins/decreasing_priority_weight_strategy.py for tasks to queue
[2024-09-01T04:28:19.453+0000] {logging_mixin.py:190} INFO - [2024-09-01T04:28:19.453+0000] {dagbag.py:587} INFO - Filling up the DagBag from /home/ubuntu/airflow_snow/lib/python3.12/site-packages/airflow/example_dags/plugins/decreasing_priority_weight_strategy.py
[2024-09-01T04:28:19.456+0000] {processor.py:927} WARNING - No viable dags retrieved from /home/ubuntu/airflow_snow/lib/python3.12/site-packages/airflow/example_dags/plugins/decreasing_priority_weight_strategy.py
[2024-09-01T04:28:19.466+0000] {processor.py:208} INFO - Processing /home/ubuntu/airflow_snow/lib/python3.12/site-packages/airflow/example_dags/plugins/decreasing_priority_weight_strategy.py took 0.021 seconds
[2024-09-01T04:29:30.200+0000] {processor.py:186} INFO - Started process (PID=2201) to work on /home/ubuntu/airflow_snow/lib/python3.12/site-packages/airflow/example_dags/plugins/decreasing_priority_weight_strategy.py
[2024-09-01T04:29:30.202+0000] {processor.py:914} INFO - Processing file /home/ubuntu/airflow_snow/lib/python3.12/site-packages/airflow/example_dags/plugins/decreasing_priority_weight_strategy.py for tasks to queue
[2024-09-01T04:29:30.204+0000] {logging_mixin.py:190} INFO - [2024-09-01T04:29:30.204+0000] {dagbag.py:587} INFO - Filling up the DagBag from /home/ubuntu/airflow_snow/lib/python3.12/site-packages/airflow/example_dags/plugins/decreasing_priority_weight_strategy.py
[2024-09-01T04:29:30.205+0000] {processor.py:927} WARNING - No viable dags retrieved from /home/ubuntu/airflow_snow/lib/python3.12/site-packages/airflow/example_dags/plugins/decreasing_priority_weight_strategy.py
[2024-09-01T04:29:30.215+0000] {processor.py:208} INFO - Processing /home/ubuntu/airflow_snow/lib/python3.12/site-packages/airflow/example_dags/plugins/decreasing_priority_weight_strategy.py took 0.021 seconds
[2024-09-01T04:30:01.751+0000] {processor.py:186} INFO - Started process (PID=2233) to work on /home/ubuntu/airflow_snow/lib/python3.12/site-packages/airflow/example_dags/plugins/decreasing_priority_weight_strategy.py
[2024-09-01T04:30:01.754+0000] {processor.py:914} INFO - Processing file /home/ubuntu/airflow_snow/lib/python3.12/site-packages/airflow/example_dags/plugins/decreasing_priority_weight_strategy.py for tasks to queue
[2024-09-01T04:30:01.755+0000] {logging_mixin.py:190} INFO - [2024-09-01T04:30:01.755+0000] {dagbag.py:587} INFO - Filling up the DagBag from /home/ubuntu/airflow_snow/lib/python3.12/site-packages/airflow/example_dags/plugins/decreasing_priority_weight_strategy.py
[2024-09-01T04:30:01.758+0000] {processor.py:927} WARNING - No viable dags retrieved from /home/ubuntu/airflow_snow/lib/python3.12/site-packages/airflow/example_dags/plugins/decreasing_priority_weight_strategy.py
[2024-09-01T04:30:01.767+0000] {processor.py:208} INFO - Processing /home/ubuntu/airflow_snow/lib/python3.12/site-packages/airflow/example_dags/plugins/decreasing_priority_weight_strategy.py took 0.021 seconds
[2024-09-01T04:30:50.144+0000] {processor.py:186} INFO - Started process (PID=2288) to work on /home/ubuntu/airflow_snow/lib/python3.12/site-packages/airflow/example_dags/plugins/decreasing_priority_weight_strategy.py
[2024-09-01T04:30:50.147+0000] {processor.py:914} INFO - Processing file /home/ubuntu/airflow_snow/lib/python3.12/site-packages/airflow/example_dags/plugins/decreasing_priority_weight_strategy.py for tasks to queue
[2024-09-01T04:30:50.149+0000] {logging_mixin.py:190} INFO - [2024-09-01T04:30:50.148+0000] {dagbag.py:587} INFO - Filling up the DagBag from /home/ubuntu/airflow_snow/lib/python3.12/site-packages/airflow/example_dags/plugins/decreasing_priority_weight_strategy.py
[2024-09-01T04:30:50.150+0000] {processor.py:927} WARNING - No viable dags retrieved from /home/ubuntu/airflow_snow/lib/python3.12/site-packages/airflow/example_dags/plugins/decreasing_priority_weight_strategy.py
[2024-09-01T04:30:50.159+0000] {processor.py:208} INFO - Processing /home/ubuntu/airflow_snow/lib/python3.12/site-packages/airflow/example_dags/plugins/decreasing_priority_weight_strategy.py took 0.020 seconds
[2024-09-01T04:31:39.813+0000] {processor.py:186} INFO - Started process (PID=2340) to work on /home/ubuntu/airflow_snow/lib/python3.12/site-packages/airflow/example_dags/plugins/decreasing_priority_weight_strategy.py
[2024-09-01T04:31:39.815+0000] {processor.py:914} INFO - Processing file /home/ubuntu/airflow_snow/lib/python3.12/site-packages/airflow/example_dags/plugins/decreasing_priority_weight_strategy.py for tasks to queue
[2024-09-01T04:31:39.817+0000] {logging_mixin.py:190} INFO - [2024-09-01T04:31:39.817+0000] {dagbag.py:587} INFO - Filling up the DagBag from /home/ubuntu/airflow_snow/lib/python3.12/site-packages/airflow/example_dags/plugins/decreasing_priority_weight_strategy.py
[2024-09-01T04:31:39.819+0000] {processor.py:927} WARNING - No viable dags retrieved from /home/ubuntu/airflow_snow/lib/python3.12/site-packages/airflow/example_dags/plugins/decreasing_priority_weight_strategy.py
[2024-09-01T04:31:39.829+0000] {processor.py:208} INFO - Processing /home/ubuntu/airflow_snow/lib/python3.12/site-packages/airflow/example_dags/plugins/decreasing_priority_weight_strategy.py took 0.021 seconds
[2024-09-01T04:32:27.343+0000] {processor.py:186} INFO - Started process (PID=2390) to work on /home/ubuntu/airflow_snow/lib/python3.12/site-packages/airflow/example_dags/plugins/decreasing_priority_weight_strategy.py
[2024-09-01T04:32:27.346+0000] {processor.py:914} INFO - Processing file /home/ubuntu/airflow_snow/lib/python3.12/site-packages/airflow/example_dags/plugins/decreasing_priority_weight_strategy.py for tasks to queue
[2024-09-01T04:32:27.348+0000] {logging_mixin.py:190} INFO - [2024-09-01T04:32:27.347+0000] {dagbag.py:587} INFO - Filling up the DagBag from /home/ubuntu/airflow_snow/lib/python3.12/site-packages/airflow/example_dags/plugins/decreasing_priority_weight_strategy.py
[2024-09-01T04:32:27.350+0000] {processor.py:927} WARNING - No viable dags retrieved from /home/ubuntu/airflow_snow/lib/python3.12/site-packages/airflow/example_dags/plugins/decreasing_priority_weight_strategy.py
[2024-09-01T04:32:27.358+0000] {processor.py:208} INFO - Processing /home/ubuntu/airflow_snow/lib/python3.12/site-packages/airflow/example_dags/plugins/decreasing_priority_weight_strategy.py took 0.019 seconds
[2024-09-01T04:33:17.672+0000] {processor.py:186} INFO - Started process (PID=2440) to work on /home/ubuntu/airflow_snow/lib/python3.12/site-packages/airflow/example_dags/plugins/decreasing_priority_weight_strategy.py
[2024-09-01T04:33:17.674+0000] {processor.py:914} INFO - Processing file /home/ubuntu/airflow_snow/lib/python3.12/site-packages/airflow/example_dags/plugins/decreasing_priority_weight_strategy.py for tasks to queue
[2024-09-01T04:33:17.676+0000] {logging_mixin.py:190} INFO - [2024-09-01T04:33:17.675+0000] {dagbag.py:587} INFO - Filling up the DagBag from /home/ubuntu/airflow_snow/lib/python3.12/site-packages/airflow/example_dags/plugins/decreasing_priority_weight_strategy.py
[2024-09-01T04:33:17.677+0000] {processor.py:927} WARNING - No viable dags retrieved from /home/ubuntu/airflow_snow/lib/python3.12/site-packages/airflow/example_dags/plugins/decreasing_priority_weight_strategy.py
[2024-09-01T04:33:17.687+0000] {processor.py:208} INFO - Processing /home/ubuntu/airflow_snow/lib/python3.12/site-packages/airflow/example_dags/plugins/decreasing_priority_weight_strategy.py took 0.020 seconds
[2024-09-01T04:34:08.199+0000] {processor.py:186} INFO - Started process (PID=2493) to work on /home/ubuntu/airflow_snow/lib/python3.12/site-packages/airflow/example_dags/plugins/decreasing_priority_weight_strategy.py
[2024-09-01T04:34:08.201+0000] {processor.py:914} INFO - Processing file /home/ubuntu/airflow_snow/lib/python3.12/site-packages/airflow/example_dags/plugins/decreasing_priority_weight_strategy.py for tasks to queue
[2024-09-01T04:34:08.203+0000] {logging_mixin.py:190} INFO - [2024-09-01T04:34:08.203+0000] {dagbag.py:587} INFO - Filling up the DagBag from /home/ubuntu/airflow_snow/lib/python3.12/site-packages/airflow/example_dags/plugins/decreasing_priority_weight_strategy.py
[2024-09-01T04:34:08.205+0000] {processor.py:927} WARNING - No viable dags retrieved from /home/ubuntu/airflow_snow/lib/python3.12/site-packages/airflow/example_dags/plugins/decreasing_priority_weight_strategy.py
[2024-09-01T04:34:08.213+0000] {processor.py:208} INFO - Processing /home/ubuntu/airflow_snow/lib/python3.12/site-packages/airflow/example_dags/plugins/decreasing_priority_weight_strategy.py took 0.019 seconds
[2024-09-01T04:34:56.213+0000] {processor.py:186} INFO - Started process (PID=2546) to work on /home/ubuntu/airflow_snow/lib/python3.12/site-packages/airflow/example_dags/plugins/decreasing_priority_weight_strategy.py
[2024-09-01T04:34:56.215+0000] {processor.py:914} INFO - Processing file /home/ubuntu/airflow_snow/lib/python3.12/site-packages/airflow/example_dags/plugins/decreasing_priority_weight_strategy.py for tasks to queue
[2024-09-01T04:34:56.218+0000] {logging_mixin.py:190} INFO - [2024-09-01T04:34:56.217+0000] {dagbag.py:587} INFO - Filling up the DagBag from /home/ubuntu/airflow_snow/lib/python3.12/site-packages/airflow/example_dags/plugins/decreasing_priority_weight_strategy.py
[2024-09-01T04:34:56.219+0000] {processor.py:927} WARNING - No viable dags retrieved from /home/ubuntu/airflow_snow/lib/python3.12/site-packages/airflow/example_dags/plugins/decreasing_priority_weight_strategy.py
[2024-09-01T04:34:56.229+0000] {processor.py:208} INFO - Processing /home/ubuntu/airflow_snow/lib/python3.12/site-packages/airflow/example_dags/plugins/decreasing_priority_weight_strategy.py took 0.022 seconds
[2024-09-01T04:35:45.308+0000] {processor.py:186} INFO - Started process (PID=2598) to work on /home/ubuntu/airflow_snow/lib/python3.12/site-packages/airflow/example_dags/plugins/decreasing_priority_weight_strategy.py
[2024-09-01T04:35:45.311+0000] {processor.py:914} INFO - Processing file /home/ubuntu/airflow_snow/lib/python3.12/site-packages/airflow/example_dags/plugins/decreasing_priority_weight_strategy.py for tasks to queue
[2024-09-01T04:35:45.312+0000] {logging_mixin.py:190} INFO - [2024-09-01T04:35:45.312+0000] {dagbag.py:587} INFO - Filling up the DagBag from /home/ubuntu/airflow_snow/lib/python3.12/site-packages/airflow/example_dags/plugins/decreasing_priority_weight_strategy.py
[2024-09-01T04:35:45.314+0000] {processor.py:927} WARNING - No viable dags retrieved from /home/ubuntu/airflow_snow/lib/python3.12/site-packages/airflow/example_dags/plugins/decreasing_priority_weight_strategy.py
[2024-09-01T04:35:45.323+0000] {processor.py:208} INFO - Processing /home/ubuntu/airflow_snow/lib/python3.12/site-packages/airflow/example_dags/plugins/decreasing_priority_weight_strategy.py took 0.020 seconds
[2024-09-01T04:36:38.455+0000] {processor.py:186} INFO - Started process (PID=2651) to work on /home/ubuntu/airflow_snow/lib/python3.12/site-packages/airflow/example_dags/plugins/decreasing_priority_weight_strategy.py
[2024-09-01T04:36:38.457+0000] {processor.py:914} INFO - Processing file /home/ubuntu/airflow_snow/lib/python3.12/site-packages/airflow/example_dags/plugins/decreasing_priority_weight_strategy.py for tasks to queue
[2024-09-01T04:36:38.459+0000] {logging_mixin.py:190} INFO - [2024-09-01T04:36:38.459+0000] {dagbag.py:587} INFO - Filling up the DagBag from /home/ubuntu/airflow_snow/lib/python3.12/site-packages/airflow/example_dags/plugins/decreasing_priority_weight_strategy.py
[2024-09-01T04:36:38.461+0000] {processor.py:927} WARNING - No viable dags retrieved from /home/ubuntu/airflow_snow/lib/python3.12/site-packages/airflow/example_dags/plugins/decreasing_priority_weight_strategy.py
[2024-09-01T04:36:38.470+0000] {processor.py:208} INFO - Processing /home/ubuntu/airflow_snow/lib/python3.12/site-packages/airflow/example_dags/plugins/decreasing_priority_weight_strategy.py took 0.020 seconds
[2024-09-01T04:37:30.472+0000] {processor.py:186} INFO - Started process (PID=2704) to work on /home/ubuntu/airflow_snow/lib/python3.12/site-packages/airflow/example_dags/plugins/decreasing_priority_weight_strategy.py
[2024-09-01T04:37:30.474+0000] {processor.py:914} INFO - Processing file /home/ubuntu/airflow_snow/lib/python3.12/site-packages/airflow/example_dags/plugins/decreasing_priority_weight_strategy.py for tasks to queue
[2024-09-01T04:37:30.475+0000] {logging_mixin.py:190} INFO - [2024-09-01T04:37:30.475+0000] {dagbag.py:587} INFO - Filling up the DagBag from /home/ubuntu/airflow_snow/lib/python3.12/site-packages/airflow/example_dags/plugins/decreasing_priority_weight_strategy.py
[2024-09-01T04:37:30.478+0000] {processor.py:927} WARNING - No viable dags retrieved from /home/ubuntu/airflow_snow/lib/python3.12/site-packages/airflow/example_dags/plugins/decreasing_priority_weight_strategy.py
[2024-09-01T04:37:30.486+0000] {processor.py:208} INFO - Processing /home/ubuntu/airflow_snow/lib/python3.12/site-packages/airflow/example_dags/plugins/decreasing_priority_weight_strategy.py took 0.020 seconds
[2024-09-01T04:38:19.771+0000] {processor.py:186} INFO - Started process (PID=2755) to work on /home/ubuntu/airflow_snow/lib/python3.12/site-packages/airflow/example_dags/plugins/decreasing_priority_weight_strategy.py
[2024-09-01T04:38:19.774+0000] {processor.py:914} INFO - Processing file /home/ubuntu/airflow_snow/lib/python3.12/site-packages/airflow/example_dags/plugins/decreasing_priority_weight_strategy.py for tasks to queue
[2024-09-01T04:38:19.776+0000] {logging_mixin.py:190} INFO - [2024-09-01T04:38:19.775+0000] {dagbag.py:587} INFO - Filling up the DagBag from /home/ubuntu/airflow_snow/lib/python3.12/site-packages/airflow/example_dags/plugins/decreasing_priority_weight_strategy.py
[2024-09-01T04:38:19.778+0000] {processor.py:927} WARNING - No viable dags retrieved from /home/ubuntu/airflow_snow/lib/python3.12/site-packages/airflow/example_dags/plugins/decreasing_priority_weight_strategy.py
[2024-09-01T04:38:19.787+0000] {processor.py:208} INFO - Processing /home/ubuntu/airflow_snow/lib/python3.12/site-packages/airflow/example_dags/plugins/decreasing_priority_weight_strategy.py took 0.022 seconds
[2024-09-01T04:39:12.023+0000] {processor.py:186} INFO - Started process (PID=2806) to work on /home/ubuntu/airflow_snow/lib/python3.12/site-packages/airflow/example_dags/plugins/decreasing_priority_weight_strategy.py
[2024-09-01T04:39:12.025+0000] {processor.py:914} INFO - Processing file /home/ubuntu/airflow_snow/lib/python3.12/site-packages/airflow/example_dags/plugins/decreasing_priority_weight_strategy.py for tasks to queue
[2024-09-01T04:39:12.026+0000] {logging_mixin.py:190} INFO - [2024-09-01T04:39:12.026+0000] {dagbag.py:587} INFO - Filling up the DagBag from /home/ubuntu/airflow_snow/lib/python3.12/site-packages/airflow/example_dags/plugins/decreasing_priority_weight_strategy.py
[2024-09-01T04:39:12.029+0000] {processor.py:927} WARNING - No viable dags retrieved from /home/ubuntu/airflow_snow/lib/python3.12/site-packages/airflow/example_dags/plugins/decreasing_priority_weight_strategy.py
[2024-09-01T04:39:12.038+0000] {processor.py:208} INFO - Processing /home/ubuntu/airflow_snow/lib/python3.12/site-packages/airflow/example_dags/plugins/decreasing_priority_weight_strategy.py took 0.021 seconds
[2024-09-01T04:40:03.377+0000] {processor.py:186} INFO - Started process (PID=2860) to work on /home/ubuntu/airflow_snow/lib/python3.12/site-packages/airflow/example_dags/plugins/decreasing_priority_weight_strategy.py
[2024-09-01T04:40:03.381+0000] {processor.py:914} INFO - Processing file /home/ubuntu/airflow_snow/lib/python3.12/site-packages/airflow/example_dags/plugins/decreasing_priority_weight_strategy.py for tasks to queue
[2024-09-01T04:40:03.383+0000] {logging_mixin.py:190} INFO - [2024-09-01T04:40:03.382+0000] {dagbag.py:587} INFO - Filling up the DagBag from /home/ubuntu/airflow_snow/lib/python3.12/site-packages/airflow/example_dags/plugins/decreasing_priority_weight_strategy.py
[2024-09-01T04:40:03.385+0000] {processor.py:927} WARNING - No viable dags retrieved from /home/ubuntu/airflow_snow/lib/python3.12/site-packages/airflow/example_dags/plugins/decreasing_priority_weight_strategy.py
[2024-09-01T04:40:03.395+0000] {processor.py:208} INFO - Processing /home/ubuntu/airflow_snow/lib/python3.12/site-packages/airflow/example_dags/plugins/decreasing_priority_weight_strategy.py took 0.022 seconds
[2024-09-01T04:40:55.786+0000] {processor.py:186} INFO - Started process (PID=2916) to work on /home/ubuntu/airflow_snow/lib/python3.12/site-packages/airflow/example_dags/plugins/decreasing_priority_weight_strategy.py
[2024-09-01T04:40:55.789+0000] {processor.py:914} INFO - Processing file /home/ubuntu/airflow_snow/lib/python3.12/site-packages/airflow/example_dags/plugins/decreasing_priority_weight_strategy.py for tasks to queue
[2024-09-01T04:40:55.790+0000] {logging_mixin.py:190} INFO - [2024-09-01T04:40:55.790+0000] {dagbag.py:587} INFO - Filling up the DagBag from /home/ubuntu/airflow_snow/lib/python3.12/site-packages/airflow/example_dags/plugins/decreasing_priority_weight_strategy.py
[2024-09-01T04:40:55.793+0000] {processor.py:927} WARNING - No viable dags retrieved from /home/ubuntu/airflow_snow/lib/python3.12/site-packages/airflow/example_dags/plugins/decreasing_priority_weight_strategy.py
[2024-09-01T04:40:55.802+0000] {processor.py:208} INFO - Processing /home/ubuntu/airflow_snow/lib/python3.12/site-packages/airflow/example_dags/plugins/decreasing_priority_weight_strategy.py took 0.022 seconds
[2024-09-01T04:41:46.273+0000] {processor.py:186} INFO - Started process (PID=2968) to work on /home/ubuntu/airflow_snow/lib/python3.12/site-packages/airflow/example_dags/plugins/decreasing_priority_weight_strategy.py
[2024-09-01T04:41:46.275+0000] {processor.py:914} INFO - Processing file /home/ubuntu/airflow_snow/lib/python3.12/site-packages/airflow/example_dags/plugins/decreasing_priority_weight_strategy.py for tasks to queue
[2024-09-01T04:41:46.277+0000] {logging_mixin.py:190} INFO - [2024-09-01T04:41:46.277+0000] {dagbag.py:587} INFO - Filling up the DagBag from /home/ubuntu/airflow_snow/lib/python3.12/site-packages/airflow/example_dags/plugins/decreasing_priority_weight_strategy.py
[2024-09-01T04:41:46.278+0000] {processor.py:927} WARNING - No viable dags retrieved from /home/ubuntu/airflow_snow/lib/python3.12/site-packages/airflow/example_dags/plugins/decreasing_priority_weight_strategy.py
[2024-09-01T04:41:46.287+0000] {processor.py:208} INFO - Processing /home/ubuntu/airflow_snow/lib/python3.12/site-packages/airflow/example_dags/plugins/decreasing_priority_weight_strategy.py took 0.020 seconds
[2024-09-01T04:42:36.645+0000] {processor.py:186} INFO - Started process (PID=3019) to work on /home/ubuntu/airflow_snow/lib/python3.12/site-packages/airflow/example_dags/plugins/decreasing_priority_weight_strategy.py
[2024-09-01T04:42:36.648+0000] {processor.py:914} INFO - Processing file /home/ubuntu/airflow_snow/lib/python3.12/site-packages/airflow/example_dags/plugins/decreasing_priority_weight_strategy.py for tasks to queue
[2024-09-01T04:42:36.650+0000] {logging_mixin.py:190} INFO - [2024-09-01T04:42:36.649+0000] {dagbag.py:587} INFO - Filling up the DagBag from /home/ubuntu/airflow_snow/lib/python3.12/site-packages/airflow/example_dags/plugins/decreasing_priority_weight_strategy.py
[2024-09-01T04:42:36.651+0000] {processor.py:927} WARNING - No viable dags retrieved from /home/ubuntu/airflow_snow/lib/python3.12/site-packages/airflow/example_dags/plugins/decreasing_priority_weight_strategy.py
[2024-09-01T04:42:36.660+0000] {processor.py:208} INFO - Processing /home/ubuntu/airflow_snow/lib/python3.12/site-packages/airflow/example_dags/plugins/decreasing_priority_weight_strategy.py took 0.021 seconds
[2024-09-01T04:43:25.802+0000] {processor.py:186} INFO - Started process (PID=3070) to work on /home/ubuntu/airflow_snow/lib/python3.12/site-packages/airflow/example_dags/plugins/decreasing_priority_weight_strategy.py
[2024-09-01T04:43:25.804+0000] {processor.py:914} INFO - Processing file /home/ubuntu/airflow_snow/lib/python3.12/site-packages/airflow/example_dags/plugins/decreasing_priority_weight_strategy.py for tasks to queue
[2024-09-01T04:43:25.805+0000] {logging_mixin.py:190} INFO - [2024-09-01T04:43:25.805+0000] {dagbag.py:587} INFO - Filling up the DagBag from /home/ubuntu/airflow_snow/lib/python3.12/site-packages/airflow/example_dags/plugins/decreasing_priority_weight_strategy.py
[2024-09-01T04:43:25.807+0000] {processor.py:927} WARNING - No viable dags retrieved from /home/ubuntu/airflow_snow/lib/python3.12/site-packages/airflow/example_dags/plugins/decreasing_priority_weight_strategy.py
[2024-09-01T04:43:25.817+0000] {processor.py:208} INFO - Processing /home/ubuntu/airflow_snow/lib/python3.12/site-packages/airflow/example_dags/plugins/decreasing_priority_weight_strategy.py took 0.020 seconds
[2024-09-01T04:44:15.798+0000] {processor.py:186} INFO - Started process (PID=3121) to work on /home/ubuntu/airflow_snow/lib/python3.12/site-packages/airflow/example_dags/plugins/decreasing_priority_weight_strategy.py
[2024-09-01T04:44:15.802+0000] {processor.py:914} INFO - Processing file /home/ubuntu/airflow_snow/lib/python3.12/site-packages/airflow/example_dags/plugins/decreasing_priority_weight_strategy.py for tasks to queue
[2024-09-01T04:44:15.803+0000] {logging_mixin.py:190} INFO - [2024-09-01T04:44:15.803+0000] {dagbag.py:587} INFO - Filling up the DagBag from /home/ubuntu/airflow_snow/lib/python3.12/site-packages/airflow/example_dags/plugins/decreasing_priority_weight_strategy.py
[2024-09-01T04:44:15.805+0000] {processor.py:927} WARNING - No viable dags retrieved from /home/ubuntu/airflow_snow/lib/python3.12/site-packages/airflow/example_dags/plugins/decreasing_priority_weight_strategy.py
[2024-09-01T04:44:15.814+0000] {processor.py:208} INFO - Processing /home/ubuntu/airflow_snow/lib/python3.12/site-packages/airflow/example_dags/plugins/decreasing_priority_weight_strategy.py took 0.020 seconds
[2024-09-01T04:45:02.396+0000] {processor.py:186} INFO - Started process (PID=3176) to work on /home/ubuntu/airflow_snow/lib/python3.12/site-packages/airflow/example_dags/plugins/decreasing_priority_weight_strategy.py
[2024-09-01T04:45:02.399+0000] {processor.py:914} INFO - Processing file /home/ubuntu/airflow_snow/lib/python3.12/site-packages/airflow/example_dags/plugins/decreasing_priority_weight_strategy.py for tasks to queue
[2024-09-01T04:45:02.401+0000] {logging_mixin.py:190} INFO - [2024-09-01T04:45:02.400+0000] {dagbag.py:587} INFO - Filling up the DagBag from /home/ubuntu/airflow_snow/lib/python3.12/site-packages/airflow/example_dags/plugins/decreasing_priority_weight_strategy.py
[2024-09-01T04:45:02.402+0000] {processor.py:927} WARNING - No viable dags retrieved from /home/ubuntu/airflow_snow/lib/python3.12/site-packages/airflow/example_dags/plugins/decreasing_priority_weight_strategy.py
[2024-09-01T04:45:02.413+0000] {processor.py:208} INFO - Processing /home/ubuntu/airflow_snow/lib/python3.12/site-packages/airflow/example_dags/plugins/decreasing_priority_weight_strategy.py took 0.022 seconds
[2024-09-01T04:45:48.863+0000] {processor.py:186} INFO - Started process (PID=3228) to work on /home/ubuntu/airflow_snow/lib/python3.12/site-packages/airflow/example_dags/plugins/decreasing_priority_weight_strategy.py
[2024-09-01T04:45:48.865+0000] {processor.py:914} INFO - Processing file /home/ubuntu/airflow_snow/lib/python3.12/site-packages/airflow/example_dags/plugins/decreasing_priority_weight_strategy.py for tasks to queue
[2024-09-01T04:45:48.867+0000] {logging_mixin.py:190} INFO - [2024-09-01T04:45:48.867+0000] {dagbag.py:587} INFO - Filling up the DagBag from /home/ubuntu/airflow_snow/lib/python3.12/site-packages/airflow/example_dags/plugins/decreasing_priority_weight_strategy.py
[2024-09-01T04:45:48.869+0000] {processor.py:927} WARNING - No viable dags retrieved from /home/ubuntu/airflow_snow/lib/python3.12/site-packages/airflow/example_dags/plugins/decreasing_priority_weight_strategy.py
[2024-09-01T04:45:48.878+0000] {processor.py:208} INFO - Processing /home/ubuntu/airflow_snow/lib/python3.12/site-packages/airflow/example_dags/plugins/decreasing_priority_weight_strategy.py took 0.020 seconds
[2024-09-01T04:46:38.454+0000] {processor.py:186} INFO - Started process (PID=3279) to work on /home/ubuntu/airflow_snow/lib/python3.12/site-packages/airflow/example_dags/plugins/decreasing_priority_weight_strategy.py
[2024-09-01T04:46:38.458+0000] {processor.py:914} INFO - Processing file /home/ubuntu/airflow_snow/lib/python3.12/site-packages/airflow/example_dags/plugins/decreasing_priority_weight_strategy.py for tasks to queue
[2024-09-01T04:46:38.459+0000] {logging_mixin.py:190} INFO - [2024-09-01T04:46:38.459+0000] {dagbag.py:587} INFO - Filling up the DagBag from /home/ubuntu/airflow_snow/lib/python3.12/site-packages/airflow/example_dags/plugins/decreasing_priority_weight_strategy.py
[2024-09-01T04:46:38.462+0000] {processor.py:927} WARNING - No viable dags retrieved from /home/ubuntu/airflow_snow/lib/python3.12/site-packages/airflow/example_dags/plugins/decreasing_priority_weight_strategy.py
[2024-09-01T04:46:38.471+0000] {processor.py:208} INFO - Processing /home/ubuntu/airflow_snow/lib/python3.12/site-packages/airflow/example_dags/plugins/decreasing_priority_weight_strategy.py took 0.022 seconds
[2024-09-01T04:47:26.426+0000] {processor.py:186} INFO - Started process (PID=3328) to work on /home/ubuntu/airflow_snow/lib/python3.12/site-packages/airflow/example_dags/plugins/decreasing_priority_weight_strategy.py
[2024-09-01T04:47:26.428+0000] {processor.py:914} INFO - Processing file /home/ubuntu/airflow_snow/lib/python3.12/site-packages/airflow/example_dags/plugins/decreasing_priority_weight_strategy.py for tasks to queue
[2024-09-01T04:47:26.430+0000] {logging_mixin.py:190} INFO - [2024-09-01T04:47:26.429+0000] {dagbag.py:587} INFO - Filling up the DagBag from /home/ubuntu/airflow_snow/lib/python3.12/site-packages/airflow/example_dags/plugins/decreasing_priority_weight_strategy.py
[2024-09-01T04:47:26.431+0000] {processor.py:927} WARNING - No viable dags retrieved from /home/ubuntu/airflow_snow/lib/python3.12/site-packages/airflow/example_dags/plugins/decreasing_priority_weight_strategy.py
[2024-09-01T04:47:26.441+0000] {processor.py:208} INFO - Processing /home/ubuntu/airflow_snow/lib/python3.12/site-packages/airflow/example_dags/plugins/decreasing_priority_weight_strategy.py took 0.020 seconds
[2024-09-01T04:48:14.803+0000] {processor.py:186} INFO - Started process (PID=3378) to work on /home/ubuntu/airflow_snow/lib/python3.12/site-packages/airflow/example_dags/plugins/decreasing_priority_weight_strategy.py
[2024-09-01T04:48:14.806+0000] {processor.py:914} INFO - Processing file /home/ubuntu/airflow_snow/lib/python3.12/site-packages/airflow/example_dags/plugins/decreasing_priority_weight_strategy.py for tasks to queue
[2024-09-01T04:48:14.807+0000] {logging_mixin.py:190} INFO - [2024-09-01T04:48:14.807+0000] {dagbag.py:587} INFO - Filling up the DagBag from /home/ubuntu/airflow_snow/lib/python3.12/site-packages/airflow/example_dags/plugins/decreasing_priority_weight_strategy.py
[2024-09-01T04:48:14.809+0000] {processor.py:927} WARNING - No viable dags retrieved from /home/ubuntu/airflow_snow/lib/python3.12/site-packages/airflow/example_dags/plugins/decreasing_priority_weight_strategy.py
[2024-09-01T04:48:14.818+0000] {processor.py:208} INFO - Processing /home/ubuntu/airflow_snow/lib/python3.12/site-packages/airflow/example_dags/plugins/decreasing_priority_weight_strategy.py took 0.020 seconds
[2024-09-01T04:49:03.635+0000] {processor.py:186} INFO - Started process (PID=3429) to work on /home/ubuntu/airflow_snow/lib/python3.12/site-packages/airflow/example_dags/plugins/decreasing_priority_weight_strategy.py
[2024-09-01T04:49:03.637+0000] {processor.py:914} INFO - Processing file /home/ubuntu/airflow_snow/lib/python3.12/site-packages/airflow/example_dags/plugins/decreasing_priority_weight_strategy.py for tasks to queue
[2024-09-01T04:49:03.639+0000] {logging_mixin.py:190} INFO - [2024-09-01T04:49:03.638+0000] {dagbag.py:587} INFO - Filling up the DagBag from /home/ubuntu/airflow_snow/lib/python3.12/site-packages/airflow/example_dags/plugins/decreasing_priority_weight_strategy.py
[2024-09-01T04:49:03.641+0000] {processor.py:927} WARNING - No viable dags retrieved from /home/ubuntu/airflow_snow/lib/python3.12/site-packages/airflow/example_dags/plugins/decreasing_priority_weight_strategy.py
[2024-09-01T04:49:03.650+0000] {processor.py:208} INFO - Processing /home/ubuntu/airflow_snow/lib/python3.12/site-packages/airflow/example_dags/plugins/decreasing_priority_weight_strategy.py took 0.020 seconds
[2024-09-01T04:49:51.938+0000] {processor.py:186} INFO - Started process (PID=3481) to work on /home/ubuntu/airflow_snow/lib/python3.12/site-packages/airflow/example_dags/plugins/decreasing_priority_weight_strategy.py
[2024-09-01T04:49:51.940+0000] {processor.py:914} INFO - Processing file /home/ubuntu/airflow_snow/lib/python3.12/site-packages/airflow/example_dags/plugins/decreasing_priority_weight_strategy.py for tasks to queue
[2024-09-01T04:49:51.942+0000] {logging_mixin.py:190} INFO - [2024-09-01T04:49:51.941+0000] {dagbag.py:587} INFO - Filling up the DagBag from /home/ubuntu/airflow_snow/lib/python3.12/site-packages/airflow/example_dags/plugins/decreasing_priority_weight_strategy.py
[2024-09-01T04:49:51.943+0000] {processor.py:927} WARNING - No viable dags retrieved from /home/ubuntu/airflow_snow/lib/python3.12/site-packages/airflow/example_dags/plugins/decreasing_priority_weight_strategy.py
[2024-09-01T04:49:51.953+0000] {processor.py:208} INFO - Processing /home/ubuntu/airflow_snow/lib/python3.12/site-packages/airflow/example_dags/plugins/decreasing_priority_weight_strategy.py took 0.020 seconds
[2024-09-01T04:50:35.267+0000] {processor.py:186} INFO - Started process (PID=3532) to work on /home/ubuntu/airflow_snow/lib/python3.12/site-packages/airflow/example_dags/plugins/decreasing_priority_weight_strategy.py
[2024-09-01T04:50:35.269+0000] {processor.py:914} INFO - Processing file /home/ubuntu/airflow_snow/lib/python3.12/site-packages/airflow/example_dags/plugins/decreasing_priority_weight_strategy.py for tasks to queue
[2024-09-01T04:50:35.271+0000] {logging_mixin.py:190} INFO - [2024-09-01T04:50:35.270+0000] {dagbag.py:587} INFO - Filling up the DagBag from /home/ubuntu/airflow_snow/lib/python3.12/site-packages/airflow/example_dags/plugins/decreasing_priority_weight_strategy.py
[2024-09-01T04:50:35.274+0000] {processor.py:927} WARNING - No viable dags retrieved from /home/ubuntu/airflow_snow/lib/python3.12/site-packages/airflow/example_dags/plugins/decreasing_priority_weight_strategy.py
[2024-09-01T04:50:35.283+0000] {processor.py:208} INFO - Processing /home/ubuntu/airflow_snow/lib/python3.12/site-packages/airflow/example_dags/plugins/decreasing_priority_weight_strategy.py took 0.021 seconds
[2024-09-01T04:51:23.237+0000] {processor.py:186} INFO - Started process (PID=3581) to work on /home/ubuntu/airflow_snow/lib/python3.12/site-packages/airflow/example_dags/plugins/decreasing_priority_weight_strategy.py
[2024-09-01T04:51:23.239+0000] {processor.py:914} INFO - Processing file /home/ubuntu/airflow_snow/lib/python3.12/site-packages/airflow/example_dags/plugins/decreasing_priority_weight_strategy.py for tasks to queue
[2024-09-01T04:51:23.241+0000] {logging_mixin.py:190} INFO - [2024-09-01T04:51:23.241+0000] {dagbag.py:587} INFO - Filling up the DagBag from /home/ubuntu/airflow_snow/lib/python3.12/site-packages/airflow/example_dags/plugins/decreasing_priority_weight_strategy.py
[2024-09-01T04:51:23.243+0000] {processor.py:927} WARNING - No viable dags retrieved from /home/ubuntu/airflow_snow/lib/python3.12/site-packages/airflow/example_dags/plugins/decreasing_priority_weight_strategy.py
[2024-09-01T04:51:23.252+0000] {processor.py:208} INFO - Processing /home/ubuntu/airflow_snow/lib/python3.12/site-packages/airflow/example_dags/plugins/decreasing_priority_weight_strategy.py took 0.021 seconds
[2024-09-01T04:52:12.995+0000] {processor.py:186} INFO - Started process (PID=3633) to work on /home/ubuntu/airflow_snow/lib/python3.12/site-packages/airflow/example_dags/plugins/decreasing_priority_weight_strategy.py
[2024-09-01T04:52:12.998+0000] {processor.py:914} INFO - Processing file /home/ubuntu/airflow_snow/lib/python3.12/site-packages/airflow/example_dags/plugins/decreasing_priority_weight_strategy.py for tasks to queue
[2024-09-01T04:52:13.000+0000] {logging_mixin.py:190} INFO - [2024-09-01T04:52:12.999+0000] {dagbag.py:587} INFO - Filling up the DagBag from /home/ubuntu/airflow_snow/lib/python3.12/site-packages/airflow/example_dags/plugins/decreasing_priority_weight_strategy.py
[2024-09-01T04:52:13.002+0000] {processor.py:927} WARNING - No viable dags retrieved from /home/ubuntu/airflow_snow/lib/python3.12/site-packages/airflow/example_dags/plugins/decreasing_priority_weight_strategy.py
[2024-09-01T04:52:13.011+0000] {processor.py:208} INFO - Processing /home/ubuntu/airflow_snow/lib/python3.12/site-packages/airflow/example_dags/plugins/decreasing_priority_weight_strategy.py took 0.021 seconds
[2024-09-01T04:53:02.167+0000] {processor.py:186} INFO - Started process (PID=3684) to work on /home/ubuntu/airflow_snow/lib/python3.12/site-packages/airflow/example_dags/plugins/decreasing_priority_weight_strategy.py
[2024-09-01T04:53:02.169+0000] {processor.py:914} INFO - Processing file /home/ubuntu/airflow_snow/lib/python3.12/site-packages/airflow/example_dags/plugins/decreasing_priority_weight_strategy.py for tasks to queue
[2024-09-01T04:53:02.171+0000] {logging_mixin.py:190} INFO - [2024-09-01T04:53:02.170+0000] {dagbag.py:587} INFO - Filling up the DagBag from /home/ubuntu/airflow_snow/lib/python3.12/site-packages/airflow/example_dags/plugins/decreasing_priority_weight_strategy.py
[2024-09-01T04:53:02.173+0000] {processor.py:927} WARNING - No viable dags retrieved from /home/ubuntu/airflow_snow/lib/python3.12/site-packages/airflow/example_dags/plugins/decreasing_priority_weight_strategy.py
[2024-09-01T04:53:02.183+0000] {processor.py:208} INFO - Processing /home/ubuntu/airflow_snow/lib/python3.12/site-packages/airflow/example_dags/plugins/decreasing_priority_weight_strategy.py took 0.021 seconds
