[2024-09-01T04:28:20.663+0000] {processor.py:186} INFO - Started process (PID=2139) to work on /home/ubuntu/airflow_snow/lib/python3.12/site-packages/airflow/example_dags/plugins/event_listener.py
[2024-09-01T04:28:20.665+0000] {processor.py:914} INFO - Processing file /home/ubuntu/airflow_snow/lib/python3.12/site-packages/airflow/example_dags/plugins/event_listener.py for tasks to queue
[2024-09-01T04:28:20.666+0000] {logging_mixin.py:190} INFO - [2024-09-01T04:28:20.666+0000] {dagbag.py:587} INFO - Filling up the DagBag from /home/ubuntu/airflow_snow/lib/python3.12/site-packages/airflow/example_dags/plugins/event_listener.py
[2024-09-01T04:28:20.669+0000] {processor.py:927} WARNING - No viable dags retrieved from /home/ubuntu/airflow_snow/lib/python3.12/site-packages/airflow/example_dags/plugins/event_listener.py
[2024-09-01T04:28:20.677+0000] {processor.py:208} INFO - Processing /home/ubuntu/airflow_snow/lib/python3.12/site-packages/airflow/example_dags/plugins/event_listener.py took 0.019 seconds
[2024-09-01T04:29:31.161+0000] {processor.py:186} INFO - Started process (PID=2202) to work on /home/ubuntu/airflow_snow/lib/python3.12/site-packages/airflow/example_dags/plugins/event_listener.py
[2024-09-01T04:29:31.163+0000] {processor.py:914} INFO - Processing file /home/ubuntu/airflow_snow/lib/python3.12/site-packages/airflow/example_dags/plugins/event_listener.py for tasks to queue
[2024-09-01T04:29:31.165+0000] {logging_mixin.py:190} INFO - [2024-09-01T04:29:31.165+0000] {dagbag.py:587} INFO - Filling up the DagBag from /home/ubuntu/airflow_snow/lib/python3.12/site-packages/airflow/example_dags/plugins/event_listener.py
[2024-09-01T04:29:31.167+0000] {processor.py:927} WARNING - No viable dags retrieved from /home/ubuntu/airflow_snow/lib/python3.12/site-packages/airflow/example_dags/plugins/event_listener.py
[2024-09-01T04:29:31.176+0000] {processor.py:208} INFO - Processing /home/ubuntu/airflow_snow/lib/python3.12/site-packages/airflow/example_dags/plugins/event_listener.py took 0.021 seconds
[2024-09-01T04:30:25.025+0000] {processor.py:186} INFO - Started process (PID=2258) to work on /home/ubuntu/airflow_snow/lib/python3.12/site-packages/airflow/example_dags/plugins/event_listener.py
[2024-09-01T04:30:25.027+0000] {processor.py:914} INFO - Processing file /home/ubuntu/airflow_snow/lib/python3.12/site-packages/airflow/example_dags/plugins/event_listener.py for tasks to queue
[2024-09-01T04:30:25.029+0000] {logging_mixin.py:190} INFO - [2024-09-01T04:30:25.028+0000] {dagbag.py:587} INFO - Filling up the DagBag from /home/ubuntu/airflow_snow/lib/python3.12/site-packages/airflow/example_dags/plugins/event_listener.py
[2024-09-01T04:30:25.030+0000] {processor.py:927} WARNING - No viable dags retrieved from /home/ubuntu/airflow_snow/lib/python3.12/site-packages/airflow/example_dags/plugins/event_listener.py
[2024-09-01T04:30:25.040+0000] {processor.py:208} INFO - Processing /home/ubuntu/airflow_snow/lib/python3.12/site-packages/airflow/example_dags/plugins/event_listener.py took 0.021 seconds
[2024-09-01T04:31:15.222+0000] {processor.py:186} INFO - Started process (PID=2314) to work on /home/ubuntu/airflow_snow/lib/python3.12/site-packages/airflow/example_dags/plugins/event_listener.py
[2024-09-01T04:31:15.225+0000] {processor.py:914} INFO - Processing file /home/ubuntu/airflow_snow/lib/python3.12/site-packages/airflow/example_dags/plugins/event_listener.py for tasks to queue
[2024-09-01T04:31:15.227+0000] {logging_mixin.py:190} INFO - [2024-09-01T04:31:15.226+0000] {dagbag.py:587} INFO - Filling up the DagBag from /home/ubuntu/airflow_snow/lib/python3.12/site-packages/airflow/example_dags/plugins/event_listener.py
[2024-09-01T04:31:15.229+0000] {processor.py:927} WARNING - No viable dags retrieved from /home/ubuntu/airflow_snow/lib/python3.12/site-packages/airflow/example_dags/plugins/event_listener.py
[2024-09-01T04:31:15.238+0000] {processor.py:208} INFO - Processing /home/ubuntu/airflow_snow/lib/python3.12/site-packages/airflow/example_dags/plugins/event_listener.py took 0.021 seconds
[2024-09-01T04:32:02.211+0000] {processor.py:186} INFO - Started process (PID=2363) to work on /home/ubuntu/airflow_snow/lib/python3.12/site-packages/airflow/example_dags/plugins/event_listener.py
[2024-09-01T04:32:02.213+0000] {processor.py:914} INFO - Processing file /home/ubuntu/airflow_snow/lib/python3.12/site-packages/airflow/example_dags/plugins/event_listener.py for tasks to queue
[2024-09-01T04:32:02.215+0000] {logging_mixin.py:190} INFO - [2024-09-01T04:32:02.214+0000] {dagbag.py:587} INFO - Filling up the DagBag from /home/ubuntu/airflow_snow/lib/python3.12/site-packages/airflow/example_dags/plugins/event_listener.py
[2024-09-01T04:32:02.217+0000] {processor.py:927} WARNING - No viable dags retrieved from /home/ubuntu/airflow_snow/lib/python3.12/site-packages/airflow/example_dags/plugins/event_listener.py
[2024-09-01T04:32:02.226+0000] {processor.py:208} INFO - Processing /home/ubuntu/airflow_snow/lib/python3.12/site-packages/airflow/example_dags/plugins/event_listener.py took 0.020 seconds
[2024-09-01T04:32:50.203+0000] {processor.py:186} INFO - Started process (PID=2413) to work on /home/ubuntu/airflow_snow/lib/python3.12/site-packages/airflow/example_dags/plugins/event_listener.py
[2024-09-01T04:32:50.206+0000] {processor.py:914} INFO - Processing file /home/ubuntu/airflow_snow/lib/python3.12/site-packages/airflow/example_dags/plugins/event_listener.py for tasks to queue
[2024-09-01T04:32:50.208+0000] {logging_mixin.py:190} INFO - [2024-09-01T04:32:50.207+0000] {dagbag.py:587} INFO - Filling up the DagBag from /home/ubuntu/airflow_snow/lib/python3.12/site-packages/airflow/example_dags/plugins/event_listener.py
[2024-09-01T04:32:50.210+0000] {processor.py:927} WARNING - No viable dags retrieved from /home/ubuntu/airflow_snow/lib/python3.12/site-packages/airflow/example_dags/plugins/event_listener.py
[2024-09-01T04:32:50.219+0000] {processor.py:208} INFO - Processing /home/ubuntu/airflow_snow/lib/python3.12/site-packages/airflow/example_dags/plugins/event_listener.py took 0.020 seconds
[2024-09-01T04:33:42.674+0000] {processor.py:186} INFO - Started process (PID=2466) to work on /home/ubuntu/airflow_snow/lib/python3.12/site-packages/airflow/example_dags/plugins/event_listener.py
[2024-09-01T04:33:42.677+0000] {processor.py:914} INFO - Processing file /home/ubuntu/airflow_snow/lib/python3.12/site-packages/airflow/example_dags/plugins/event_listener.py for tasks to queue
[2024-09-01T04:33:42.679+0000] {logging_mixin.py:190} INFO - [2024-09-01T04:33:42.678+0000] {dagbag.py:587} INFO - Filling up the DagBag from /home/ubuntu/airflow_snow/lib/python3.12/site-packages/airflow/example_dags/plugins/event_listener.py
[2024-09-01T04:33:42.680+0000] {processor.py:927} WARNING - No viable dags retrieved from /home/ubuntu/airflow_snow/lib/python3.12/site-packages/airflow/example_dags/plugins/event_listener.py
[2024-09-01T04:33:42.690+0000] {processor.py:208} INFO - Processing /home/ubuntu/airflow_snow/lib/python3.12/site-packages/airflow/example_dags/plugins/event_listener.py took 0.020 seconds
[2024-09-01T04:34:31.687+0000] {processor.py:186} INFO - Started process (PID=2518) to work on /home/ubuntu/airflow_snow/lib/python3.12/site-packages/airflow/example_dags/plugins/event_listener.py
[2024-09-01T04:34:31.689+0000] {processor.py:914} INFO - Processing file /home/ubuntu/airflow_snow/lib/python3.12/site-packages/airflow/example_dags/plugins/event_listener.py for tasks to queue
[2024-09-01T04:34:31.691+0000] {logging_mixin.py:190} INFO - [2024-09-01T04:34:31.690+0000] {dagbag.py:587} INFO - Filling up the DagBag from /home/ubuntu/airflow_snow/lib/python3.12/site-packages/airflow/example_dags/plugins/event_listener.py
[2024-09-01T04:34:31.693+0000] {processor.py:927} WARNING - No viable dags retrieved from /home/ubuntu/airflow_snow/lib/python3.12/site-packages/airflow/example_dags/plugins/event_listener.py
[2024-09-01T04:34:31.702+0000] {processor.py:208} INFO - Processing /home/ubuntu/airflow_snow/lib/python3.12/site-packages/airflow/example_dags/plugins/event_listener.py took 0.021 seconds
[2024-09-01T04:35:19.349+0000] {processor.py:186} INFO - Started process (PID=2572) to work on /home/ubuntu/airflow_snow/lib/python3.12/site-packages/airflow/example_dags/plugins/event_listener.py
[2024-09-01T04:35:19.351+0000] {processor.py:914} INFO - Processing file /home/ubuntu/airflow_snow/lib/python3.12/site-packages/airflow/example_dags/plugins/event_listener.py for tasks to queue
[2024-09-01T04:35:19.353+0000] {logging_mixin.py:190} INFO - [2024-09-01T04:35:19.352+0000] {dagbag.py:587} INFO - Filling up the DagBag from /home/ubuntu/airflow_snow/lib/python3.12/site-packages/airflow/example_dags/plugins/event_listener.py
[2024-09-01T04:35:19.355+0000] {processor.py:927} WARNING - No viable dags retrieved from /home/ubuntu/airflow_snow/lib/python3.12/site-packages/airflow/example_dags/plugins/event_listener.py
[2024-09-01T04:35:19.364+0000] {processor.py:208} INFO - Processing /home/ubuntu/airflow_snow/lib/python3.12/site-packages/airflow/example_dags/plugins/event_listener.py took 0.021 seconds
[2024-09-01T04:36:10.453+0000] {processor.py:186} INFO - Started process (PID=2623) to work on /home/ubuntu/airflow_snow/lib/python3.12/site-packages/airflow/example_dags/plugins/event_listener.py
[2024-09-01T04:36:10.455+0000] {processor.py:914} INFO - Processing file /home/ubuntu/airflow_snow/lib/python3.12/site-packages/airflow/example_dags/plugins/event_listener.py for tasks to queue
[2024-09-01T04:36:10.457+0000] {logging_mixin.py:190} INFO - [2024-09-01T04:36:10.457+0000] {dagbag.py:587} INFO - Filling up the DagBag from /home/ubuntu/airflow_snow/lib/python3.12/site-packages/airflow/example_dags/plugins/event_listener.py
[2024-09-01T04:36:10.459+0000] {processor.py:927} WARNING - No viable dags retrieved from /home/ubuntu/airflow_snow/lib/python3.12/site-packages/airflow/example_dags/plugins/event_listener.py
[2024-09-01T04:36:10.469+0000] {processor.py:208} INFO - Processing /home/ubuntu/airflow_snow/lib/python3.12/site-packages/airflow/example_dags/plugins/event_listener.py took 0.023 seconds
[2024-09-01T04:37:04.637+0000] {processor.py:186} INFO - Started process (PID=2677) to work on /home/ubuntu/airflow_snow/lib/python3.12/site-packages/airflow/example_dags/plugins/event_listener.py
[2024-09-01T04:37:04.639+0000] {processor.py:914} INFO - Processing file /home/ubuntu/airflow_snow/lib/python3.12/site-packages/airflow/example_dags/plugins/event_listener.py for tasks to queue
[2024-09-01T04:37:04.641+0000] {logging_mixin.py:190} INFO - [2024-09-01T04:37:04.641+0000] {dagbag.py:587} INFO - Filling up the DagBag from /home/ubuntu/airflow_snow/lib/python3.12/site-packages/airflow/example_dags/plugins/event_listener.py
[2024-09-01T04:37:04.643+0000] {processor.py:927} WARNING - No viable dags retrieved from /home/ubuntu/airflow_snow/lib/python3.12/site-packages/airflow/example_dags/plugins/event_listener.py
[2024-09-01T04:37:04.652+0000] {processor.py:208} INFO - Processing /home/ubuntu/airflow_snow/lib/python3.12/site-packages/airflow/example_dags/plugins/event_listener.py took 0.019 seconds
[2024-09-01T04:37:54.061+0000] {processor.py:186} INFO - Started process (PID=2728) to work on /home/ubuntu/airflow_snow/lib/python3.12/site-packages/airflow/example_dags/plugins/event_listener.py
[2024-09-01T04:37:54.064+0000] {processor.py:914} INFO - Processing file /home/ubuntu/airflow_snow/lib/python3.12/site-packages/airflow/example_dags/plugins/event_listener.py for tasks to queue
[2024-09-01T04:37:54.066+0000] {logging_mixin.py:190} INFO - [2024-09-01T04:37:54.066+0000] {dagbag.py:587} INFO - Filling up the DagBag from /home/ubuntu/airflow_snow/lib/python3.12/site-packages/airflow/example_dags/plugins/event_listener.py
[2024-09-01T04:37:54.068+0000] {processor.py:927} WARNING - No viable dags retrieved from /home/ubuntu/airflow_snow/lib/python3.12/site-packages/airflow/example_dags/plugins/event_listener.py
[2024-09-01T04:37:54.077+0000] {processor.py:208} INFO - Processing /home/ubuntu/airflow_snow/lib/python3.12/site-packages/airflow/example_dags/plugins/event_listener.py took 0.022 seconds
[2024-09-01T04:38:44.939+0000] {processor.py:186} INFO - Started process (PID=2779) to work on /home/ubuntu/airflow_snow/lib/python3.12/site-packages/airflow/example_dags/plugins/event_listener.py
[2024-09-01T04:38:44.941+0000] {processor.py:914} INFO - Processing file /home/ubuntu/airflow_snow/lib/python3.12/site-packages/airflow/example_dags/plugins/event_listener.py for tasks to queue
[2024-09-01T04:38:44.943+0000] {logging_mixin.py:190} INFO - [2024-09-01T04:38:44.943+0000] {dagbag.py:587} INFO - Filling up the DagBag from /home/ubuntu/airflow_snow/lib/python3.12/site-packages/airflow/example_dags/plugins/event_listener.py
[2024-09-01T04:38:44.946+0000] {processor.py:927} WARNING - No viable dags retrieved from /home/ubuntu/airflow_snow/lib/python3.12/site-packages/airflow/example_dags/plugins/event_listener.py
[2024-09-01T04:38:44.954+0000] {processor.py:208} INFO - Processing /home/ubuntu/airflow_snow/lib/python3.12/site-packages/airflow/example_dags/plugins/event_listener.py took 0.021 seconds
[2024-09-01T04:39:37.675+0000] {processor.py:186} INFO - Started process (PID=2832) to work on /home/ubuntu/airflow_snow/lib/python3.12/site-packages/airflow/example_dags/plugins/event_listener.py
[2024-09-01T04:39:37.677+0000] {processor.py:914} INFO - Processing file /home/ubuntu/airflow_snow/lib/python3.12/site-packages/airflow/example_dags/plugins/event_listener.py for tasks to queue
[2024-09-01T04:39:37.678+0000] {logging_mixin.py:190} INFO - [2024-09-01T04:39:37.678+0000] {dagbag.py:587} INFO - Filling up the DagBag from /home/ubuntu/airflow_snow/lib/python3.12/site-packages/airflow/example_dags/plugins/event_listener.py
[2024-09-01T04:39:37.680+0000] {processor.py:927} WARNING - No viable dags retrieved from /home/ubuntu/airflow_snow/lib/python3.12/site-packages/airflow/example_dags/plugins/event_listener.py
[2024-09-01T04:39:37.689+0000] {processor.py:208} INFO - Processing /home/ubuntu/airflow_snow/lib/python3.12/site-packages/airflow/example_dags/plugins/event_listener.py took 0.019 seconds
[2024-09-01T04:40:27.784+0000] {processor.py:186} INFO - Started process (PID=2884) to work on /home/ubuntu/airflow_snow/lib/python3.12/site-packages/airflow/example_dags/plugins/event_listener.py
[2024-09-01T04:40:27.787+0000] {processor.py:914} INFO - Processing file /home/ubuntu/airflow_snow/lib/python3.12/site-packages/airflow/example_dags/plugins/event_listener.py for tasks to queue
[2024-09-01T04:40:27.788+0000] {logging_mixin.py:190} INFO - [2024-09-01T04:40:27.788+0000] {dagbag.py:587} INFO - Filling up the DagBag from /home/ubuntu/airflow_snow/lib/python3.12/site-packages/airflow/example_dags/plugins/event_listener.py
[2024-09-01T04:40:27.790+0000] {processor.py:927} WARNING - No viable dags retrieved from /home/ubuntu/airflow_snow/lib/python3.12/site-packages/airflow/example_dags/plugins/event_listener.py
[2024-09-01T04:40:27.799+0000] {processor.py:208} INFO - Processing /home/ubuntu/airflow_snow/lib/python3.12/site-packages/airflow/example_dags/plugins/event_listener.py took 0.020 seconds
[2024-09-01T04:41:21.126+0000] {processor.py:186} INFO - Started process (PID=2942) to work on /home/ubuntu/airflow_snow/lib/python3.12/site-packages/airflow/example_dags/plugins/event_listener.py
[2024-09-01T04:41:21.129+0000] {processor.py:914} INFO - Processing file /home/ubuntu/airflow_snow/lib/python3.12/site-packages/airflow/example_dags/plugins/event_listener.py for tasks to queue
[2024-09-01T04:41:21.130+0000] {logging_mixin.py:190} INFO - [2024-09-01T04:41:21.130+0000] {dagbag.py:587} INFO - Filling up the DagBag from /home/ubuntu/airflow_snow/lib/python3.12/site-packages/airflow/example_dags/plugins/event_listener.py
[2024-09-01T04:41:21.133+0000] {processor.py:927} WARNING - No viable dags retrieved from /home/ubuntu/airflow_snow/lib/python3.12/site-packages/airflow/example_dags/plugins/event_listener.py
[2024-09-01T04:41:21.142+0000] {processor.py:208} INFO - Processing /home/ubuntu/airflow_snow/lib/python3.12/site-packages/airflow/example_dags/plugins/event_listener.py took 0.021 seconds
[2024-09-01T04:42:10.163+0000] {processor.py:186} INFO - Started process (PID=2992) to work on /home/ubuntu/airflow_snow/lib/python3.12/site-packages/airflow/example_dags/plugins/event_listener.py
[2024-09-01T04:42:10.165+0000] {processor.py:914} INFO - Processing file /home/ubuntu/airflow_snow/lib/python3.12/site-packages/airflow/example_dags/plugins/event_listener.py for tasks to queue
[2024-09-01T04:42:10.166+0000] {logging_mixin.py:190} INFO - [2024-09-01T04:42:10.166+0000] {dagbag.py:587} INFO - Filling up the DagBag from /home/ubuntu/airflow_snow/lib/python3.12/site-packages/airflow/example_dags/plugins/event_listener.py
[2024-09-01T04:42:10.168+0000] {processor.py:927} WARNING - No viable dags retrieved from /home/ubuntu/airflow_snow/lib/python3.12/site-packages/airflow/example_dags/plugins/event_listener.py
[2024-09-01T04:42:10.178+0000] {processor.py:208} INFO - Processing /home/ubuntu/airflow_snow/lib/python3.12/site-packages/airflow/example_dags/plugins/event_listener.py took 0.020 seconds
[2024-09-01T04:43:00.215+0000] {processor.py:186} INFO - Started process (PID=3043) to work on /home/ubuntu/airflow_snow/lib/python3.12/site-packages/airflow/example_dags/plugins/event_listener.py
[2024-09-01T04:43:00.218+0000] {processor.py:914} INFO - Processing file /home/ubuntu/airflow_snow/lib/python3.12/site-packages/airflow/example_dags/plugins/event_listener.py for tasks to queue
[2024-09-01T04:43:00.219+0000] {logging_mixin.py:190} INFO - [2024-09-01T04:43:00.219+0000] {dagbag.py:587} INFO - Filling up the DagBag from /home/ubuntu/airflow_snow/lib/python3.12/site-packages/airflow/example_dags/plugins/event_listener.py
[2024-09-01T04:43:00.221+0000] {processor.py:927} WARNING - No viable dags retrieved from /home/ubuntu/airflow_snow/lib/python3.12/site-packages/airflow/example_dags/plugins/event_listener.py
[2024-09-01T04:43:00.230+0000] {processor.py:208} INFO - Processing /home/ubuntu/airflow_snow/lib/python3.12/site-packages/airflow/example_dags/plugins/event_listener.py took 0.020 seconds
[2024-09-01T04:43:48.728+0000] {processor.py:186} INFO - Started process (PID=3093) to work on /home/ubuntu/airflow_snow/lib/python3.12/site-packages/airflow/example_dags/plugins/event_listener.py
[2024-09-01T04:43:48.731+0000] {processor.py:914} INFO - Processing file /home/ubuntu/airflow_snow/lib/python3.12/site-packages/airflow/example_dags/plugins/event_listener.py for tasks to queue
[2024-09-01T04:43:48.733+0000] {logging_mixin.py:190} INFO - [2024-09-01T04:43:48.733+0000] {dagbag.py:587} INFO - Filling up the DagBag from /home/ubuntu/airflow_snow/lib/python3.12/site-packages/airflow/example_dags/plugins/event_listener.py
[2024-09-01T04:43:48.735+0000] {processor.py:927} WARNING - No viable dags retrieved from /home/ubuntu/airflow_snow/lib/python3.12/site-packages/airflow/example_dags/plugins/event_listener.py
[2024-09-01T04:43:48.743+0000] {processor.py:208} INFO - Processing /home/ubuntu/airflow_snow/lib/python3.12/site-packages/airflow/example_dags/plugins/event_listener.py took 0.020 seconds
[2024-09-01T04:44:39.081+0000] {processor.py:186} INFO - Started process (PID=3149) to work on /home/ubuntu/airflow_snow/lib/python3.12/site-packages/airflow/example_dags/plugins/event_listener.py
[2024-09-01T04:44:39.083+0000] {processor.py:914} INFO - Processing file /home/ubuntu/airflow_snow/lib/python3.12/site-packages/airflow/example_dags/plugins/event_listener.py for tasks to queue
[2024-09-01T04:44:39.085+0000] {logging_mixin.py:190} INFO - [2024-09-01T04:44:39.084+0000] {dagbag.py:587} INFO - Filling up the DagBag from /home/ubuntu/airflow_snow/lib/python3.12/site-packages/airflow/example_dags/plugins/event_listener.py
[2024-09-01T04:44:39.087+0000] {processor.py:927} WARNING - No viable dags retrieved from /home/ubuntu/airflow_snow/lib/python3.12/site-packages/airflow/example_dags/plugins/event_listener.py
[2024-09-01T04:44:39.096+0000] {processor.py:208} INFO - Processing /home/ubuntu/airflow_snow/lib/python3.12/site-packages/airflow/example_dags/plugins/event_listener.py took 0.020 seconds
[2024-09-01T04:45:26.507+0000] {processor.py:186} INFO - Started process (PID=3203) to work on /home/ubuntu/airflow_snow/lib/python3.12/site-packages/airflow/example_dags/plugins/event_listener.py
[2024-09-01T04:45:26.509+0000] {processor.py:914} INFO - Processing file /home/ubuntu/airflow_snow/lib/python3.12/site-packages/airflow/example_dags/plugins/event_listener.py for tasks to queue
[2024-09-01T04:45:26.510+0000] {logging_mixin.py:190} INFO - [2024-09-01T04:45:26.510+0000] {dagbag.py:587} INFO - Filling up the DagBag from /home/ubuntu/airflow_snow/lib/python3.12/site-packages/airflow/example_dags/plugins/event_listener.py
[2024-09-01T04:45:26.513+0000] {processor.py:927} WARNING - No viable dags retrieved from /home/ubuntu/airflow_snow/lib/python3.12/site-packages/airflow/example_dags/plugins/event_listener.py
[2024-09-01T04:45:26.522+0000] {processor.py:208} INFO - Processing /home/ubuntu/airflow_snow/lib/python3.12/site-packages/airflow/example_dags/plugins/event_listener.py took 0.020 seconds
[2024-09-01T04:46:13.213+0000] {processor.py:186} INFO - Started process (PID=3252) to work on /home/ubuntu/airflow_snow/lib/python3.12/site-packages/airflow/example_dags/plugins/event_listener.py
[2024-09-01T04:46:13.215+0000] {processor.py:914} INFO - Processing file /home/ubuntu/airflow_snow/lib/python3.12/site-packages/airflow/example_dags/plugins/event_listener.py for tasks to queue
[2024-09-01T04:46:13.218+0000] {logging_mixin.py:190} INFO - [2024-09-01T04:46:13.217+0000] {dagbag.py:587} INFO - Filling up the DagBag from /home/ubuntu/airflow_snow/lib/python3.12/site-packages/airflow/example_dags/plugins/event_listener.py
[2024-09-01T04:46:13.219+0000] {processor.py:927} WARNING - No viable dags retrieved from /home/ubuntu/airflow_snow/lib/python3.12/site-packages/airflow/example_dags/plugins/event_listener.py
[2024-09-01T04:46:13.228+0000] {processor.py:208} INFO - Processing /home/ubuntu/airflow_snow/lib/python3.12/site-packages/airflow/example_dags/plugins/event_listener.py took 0.021 seconds
[2024-09-01T04:47:00.877+0000] {processor.py:186} INFO - Started process (PID=3302) to work on /home/ubuntu/airflow_snow/lib/python3.12/site-packages/airflow/example_dags/plugins/event_listener.py
[2024-09-01T04:47:00.879+0000] {processor.py:914} INFO - Processing file /home/ubuntu/airflow_snow/lib/python3.12/site-packages/airflow/example_dags/plugins/event_listener.py for tasks to queue
[2024-09-01T04:47:00.881+0000] {logging_mixin.py:190} INFO - [2024-09-01T04:47:00.881+0000] {dagbag.py:587} INFO - Filling up the DagBag from /home/ubuntu/airflow_snow/lib/python3.12/site-packages/airflow/example_dags/plugins/event_listener.py
[2024-09-01T04:47:00.883+0000] {processor.py:927} WARNING - No viable dags retrieved from /home/ubuntu/airflow_snow/lib/python3.12/site-packages/airflow/example_dags/plugins/event_listener.py
[2024-09-01T04:47:00.892+0000] {processor.py:208} INFO - Processing /home/ubuntu/airflow_snow/lib/python3.12/site-packages/airflow/example_dags/plugins/event_listener.py took 0.020 seconds
[2024-09-01T04:47:49.587+0000] {processor.py:186} INFO - Started process (PID=3353) to work on /home/ubuntu/airflow_snow/lib/python3.12/site-packages/airflow/example_dags/plugins/event_listener.py
[2024-09-01T04:47:49.591+0000] {processor.py:914} INFO - Processing file /home/ubuntu/airflow_snow/lib/python3.12/site-packages/airflow/example_dags/plugins/event_listener.py for tasks to queue
[2024-09-01T04:47:49.593+0000] {logging_mixin.py:190} INFO - [2024-09-01T04:47:49.593+0000] {dagbag.py:587} INFO - Filling up the DagBag from /home/ubuntu/airflow_snow/lib/python3.12/site-packages/airflow/example_dags/plugins/event_listener.py
[2024-09-01T04:47:49.595+0000] {processor.py:927} WARNING - No viable dags retrieved from /home/ubuntu/airflow_snow/lib/python3.12/site-packages/airflow/example_dags/plugins/event_listener.py
[2024-09-01T04:47:49.604+0000] {processor.py:208} INFO - Processing /home/ubuntu/airflow_snow/lib/python3.12/site-packages/airflow/example_dags/plugins/event_listener.py took 0.021 seconds
[2024-09-01T04:48:38.491+0000] {processor.py:186} INFO - Started process (PID=3404) to work on /home/ubuntu/airflow_snow/lib/python3.12/site-packages/airflow/example_dags/plugins/event_listener.py
[2024-09-01T04:48:38.494+0000] {processor.py:914} INFO - Processing file /home/ubuntu/airflow_snow/lib/python3.12/site-packages/airflow/example_dags/plugins/event_listener.py for tasks to queue
[2024-09-01T04:48:38.496+0000] {logging_mixin.py:190} INFO - [2024-09-01T04:48:38.495+0000] {dagbag.py:587} INFO - Filling up the DagBag from /home/ubuntu/airflow_snow/lib/python3.12/site-packages/airflow/example_dags/plugins/event_listener.py
[2024-09-01T04:48:38.497+0000] {processor.py:927} WARNING - No viable dags retrieved from /home/ubuntu/airflow_snow/lib/python3.12/site-packages/airflow/example_dags/plugins/event_listener.py
[2024-09-01T04:48:38.506+0000] {processor.py:208} INFO - Processing /home/ubuntu/airflow_snow/lib/python3.12/site-packages/airflow/example_dags/plugins/event_listener.py took 0.020 seconds
[2024-09-01T04:49:27.775+0000] {processor.py:186} INFO - Started process (PID=3454) to work on /home/ubuntu/airflow_snow/lib/python3.12/site-packages/airflow/example_dags/plugins/event_listener.py
[2024-09-01T04:49:27.776+0000] {processor.py:914} INFO - Processing file /home/ubuntu/airflow_snow/lib/python3.12/site-packages/airflow/example_dags/plugins/event_listener.py for tasks to queue
[2024-09-01T04:49:27.778+0000] {logging_mixin.py:190} INFO - [2024-09-01T04:49:27.778+0000] {dagbag.py:587} INFO - Filling up the DagBag from /home/ubuntu/airflow_snow/lib/python3.12/site-packages/airflow/example_dags/plugins/event_listener.py
[2024-09-01T04:49:27.779+0000] {processor.py:927} WARNING - No viable dags retrieved from /home/ubuntu/airflow_snow/lib/python3.12/site-packages/airflow/example_dags/plugins/event_listener.py
[2024-09-01T04:49:27.789+0000] {processor.py:208} INFO - Processing /home/ubuntu/airflow_snow/lib/python3.12/site-packages/airflow/example_dags/plugins/event_listener.py took 0.019 seconds
[2024-09-01T04:50:12.394+0000] {processor.py:186} INFO - Started process (PID=3502) to work on /home/ubuntu/airflow_snow/lib/python3.12/site-packages/airflow/example_dags/plugins/event_listener.py
[2024-09-01T04:50:12.396+0000] {processor.py:914} INFO - Processing file /home/ubuntu/airflow_snow/lib/python3.12/site-packages/airflow/example_dags/plugins/event_listener.py for tasks to queue
[2024-09-01T04:50:12.398+0000] {logging_mixin.py:190} INFO - [2024-09-01T04:50:12.398+0000] {dagbag.py:587} INFO - Filling up the DagBag from /home/ubuntu/airflow_snow/lib/python3.12/site-packages/airflow/example_dags/plugins/event_listener.py
[2024-09-01T04:50:12.400+0000] {processor.py:927} WARNING - No viable dags retrieved from /home/ubuntu/airflow_snow/lib/python3.12/site-packages/airflow/example_dags/plugins/event_listener.py
[2024-09-01T04:50:12.409+0000] {processor.py:208} INFO - Processing /home/ubuntu/airflow_snow/lib/python3.12/site-packages/airflow/example_dags/plugins/event_listener.py took 0.020 seconds
[2024-09-01T04:50:56.676+0000] {processor.py:186} INFO - Started process (PID=3554) to work on /home/ubuntu/airflow_snow/lib/python3.12/site-packages/airflow/example_dags/plugins/event_listener.py
[2024-09-01T04:50:56.678+0000] {processor.py:914} INFO - Processing file /home/ubuntu/airflow_snow/lib/python3.12/site-packages/airflow/example_dags/plugins/event_listener.py for tasks to queue
[2024-09-01T04:50:56.679+0000] {logging_mixin.py:190} INFO - [2024-09-01T04:50:56.679+0000] {dagbag.py:587} INFO - Filling up the DagBag from /home/ubuntu/airflow_snow/lib/python3.12/site-packages/airflow/example_dags/plugins/event_listener.py
[2024-09-01T04:50:56.682+0000] {processor.py:927} WARNING - No viable dags retrieved from /home/ubuntu/airflow_snow/lib/python3.12/site-packages/airflow/example_dags/plugins/event_listener.py
[2024-09-01T04:50:56.690+0000] {processor.py:208} INFO - Processing /home/ubuntu/airflow_snow/lib/python3.12/site-packages/airflow/example_dags/plugins/event_listener.py took 0.019 seconds
[2024-09-01T04:51:47.366+0000] {processor.py:186} INFO - Started process (PID=3607) to work on /home/ubuntu/airflow_snow/lib/python3.12/site-packages/airflow/example_dags/plugins/event_listener.py
[2024-09-01T04:51:47.368+0000] {processor.py:914} INFO - Processing file /home/ubuntu/airflow_snow/lib/python3.12/site-packages/airflow/example_dags/plugins/event_listener.py for tasks to queue
[2024-09-01T04:51:47.370+0000] {logging_mixin.py:190} INFO - [2024-09-01T04:51:47.370+0000] {dagbag.py:587} INFO - Filling up the DagBag from /home/ubuntu/airflow_snow/lib/python3.12/site-packages/airflow/example_dags/plugins/event_listener.py
[2024-09-01T04:51:47.372+0000] {processor.py:927} WARNING - No viable dags retrieved from /home/ubuntu/airflow_snow/lib/python3.12/site-packages/airflow/example_dags/plugins/event_listener.py
[2024-09-01T04:51:47.381+0000] {processor.py:208} INFO - Processing /home/ubuntu/airflow_snow/lib/python3.12/site-packages/airflow/example_dags/plugins/event_listener.py took 0.020 seconds
[2024-09-01T04:52:36.495+0000] {processor.py:186} INFO - Started process (PID=3657) to work on /home/ubuntu/airflow_snow/lib/python3.12/site-packages/airflow/example_dags/plugins/event_listener.py
[2024-09-01T04:52:36.496+0000] {processor.py:914} INFO - Processing file /home/ubuntu/airflow_snow/lib/python3.12/site-packages/airflow/example_dags/plugins/event_listener.py for tasks to queue
[2024-09-01T04:52:36.499+0000] {logging_mixin.py:190} INFO - [2024-09-01T04:52:36.498+0000] {dagbag.py:587} INFO - Filling up the DagBag from /home/ubuntu/airflow_snow/lib/python3.12/site-packages/airflow/example_dags/plugins/event_listener.py
[2024-09-01T04:52:36.500+0000] {processor.py:927} WARNING - No viable dags retrieved from /home/ubuntu/airflow_snow/lib/python3.12/site-packages/airflow/example_dags/plugins/event_listener.py
[2024-09-01T04:52:36.509+0000] {processor.py:208} INFO - Processing /home/ubuntu/airflow_snow/lib/python3.12/site-packages/airflow/example_dags/plugins/event_listener.py took 0.019 seconds
