[2024-09-01T04:28:21.846+0000] {processor.py:186} INFO - Started process (PID=2142) to work on /home/ubuntu/airflow_snow/lib/python3.12/site-packages/airflow/example_dags/plugins/listener_plugin.py
[2024-09-01T04:28:21.846+0000] {processor.py:914} INFO - Processing file /home/ubuntu/airflow_snow/lib/python3.12/site-packages/airflow/example_dags/plugins/listener_plugin.py for tasks to queue
[2024-09-01T04:28:21.849+0000] {logging_mixin.py:190} INFO - [2024-09-01T04:28:21.848+0000] {dagbag.py:587} INFO - Filling up the DagBag from /home/ubuntu/airflow_snow/lib/python3.12/site-packages/airflow/example_dags/plugins/listener_plugin.py
[2024-09-01T04:28:21.850+0000] {processor.py:927} WARNING - No viable dags retrieved from /home/ubuntu/airflow_snow/lib/python3.12/site-packages/airflow/example_dags/plugins/listener_plugin.py
[2024-09-01T04:28:21.862+0000] {processor.py:208} INFO - Processing /home/ubuntu/airflow_snow/lib/python3.12/site-packages/airflow/example_dags/plugins/listener_plugin.py took 0.022 seconds
[2024-09-01T04:29:32.308+0000] {processor.py:186} INFO - Started process (PID=2203) to work on /home/ubuntu/airflow_snow/lib/python3.12/site-packages/airflow/example_dags/plugins/listener_plugin.py
[2024-09-01T04:29:32.310+0000] {processor.py:914} INFO - Processing file /home/ubuntu/airflow_snow/lib/python3.12/site-packages/airflow/example_dags/plugins/listener_plugin.py for tasks to queue
[2024-09-01T04:29:32.312+0000] {logging_mixin.py:190} INFO - [2024-09-01T04:29:32.311+0000] {dagbag.py:587} INFO - Filling up the DagBag from /home/ubuntu/airflow_snow/lib/python3.12/site-packages/airflow/example_dags/plugins/listener_plugin.py
[2024-09-01T04:29:32.314+0000] {processor.py:927} WARNING - No viable dags retrieved from /home/ubuntu/airflow_snow/lib/python3.12/site-packages/airflow/example_dags/plugins/listener_plugin.py
[2024-09-01T04:29:32.323+0000] {processor.py:208} INFO - Processing /home/ubuntu/airflow_snow/lib/python3.12/site-packages/airflow/example_dags/plugins/listener_plugin.py took 0.021 seconds
[2024-09-01T04:30:26.158+0000] {processor.py:186} INFO - Started process (PID=2259) to work on /home/ubuntu/airflow_snow/lib/python3.12/site-packages/airflow/example_dags/plugins/listener_plugin.py
[2024-09-01T04:30:26.160+0000] {processor.py:914} INFO - Processing file /home/ubuntu/airflow_snow/lib/python3.12/site-packages/airflow/example_dags/plugins/listener_plugin.py for tasks to queue
[2024-09-01T04:30:26.162+0000] {logging_mixin.py:190} INFO - [2024-09-01T04:30:26.161+0000] {dagbag.py:587} INFO - Filling up the DagBag from /home/ubuntu/airflow_snow/lib/python3.12/site-packages/airflow/example_dags/plugins/listener_plugin.py
[2024-09-01T04:30:26.163+0000] {processor.py:927} WARNING - No viable dags retrieved from /home/ubuntu/airflow_snow/lib/python3.12/site-packages/airflow/example_dags/plugins/listener_plugin.py
[2024-09-01T04:30:26.173+0000] {processor.py:208} INFO - Processing /home/ubuntu/airflow_snow/lib/python3.12/site-packages/airflow/example_dags/plugins/listener_plugin.py took 0.020 seconds
[2024-09-01T04:31:16.355+0000] {processor.py:186} INFO - Started process (PID=2315) to work on /home/ubuntu/airflow_snow/lib/python3.12/site-packages/airflow/example_dags/plugins/listener_plugin.py
[2024-09-01T04:31:16.358+0000] {processor.py:914} INFO - Processing file /home/ubuntu/airflow_snow/lib/python3.12/site-packages/airflow/example_dags/plugins/listener_plugin.py for tasks to queue
[2024-09-01T04:31:16.360+0000] {logging_mixin.py:190} INFO - [2024-09-01T04:31:16.360+0000] {dagbag.py:587} INFO - Filling up the DagBag from /home/ubuntu/airflow_snow/lib/python3.12/site-packages/airflow/example_dags/plugins/listener_plugin.py
[2024-09-01T04:31:16.362+0000] {processor.py:927} WARNING - No viable dags retrieved from /home/ubuntu/airflow_snow/lib/python3.12/site-packages/airflow/example_dags/plugins/listener_plugin.py
[2024-09-01T04:31:16.371+0000] {processor.py:208} INFO - Processing /home/ubuntu/airflow_snow/lib/python3.12/site-packages/airflow/example_dags/plugins/listener_plugin.py took 0.020 seconds
[2024-09-01T04:32:03.350+0000] {processor.py:186} INFO - Started process (PID=2364) to work on /home/ubuntu/airflow_snow/lib/python3.12/site-packages/airflow/example_dags/plugins/listener_plugin.py
[2024-09-01T04:32:03.351+0000] {processor.py:914} INFO - Processing file /home/ubuntu/airflow_snow/lib/python3.12/site-packages/airflow/example_dags/plugins/listener_plugin.py for tasks to queue
[2024-09-01T04:32:03.353+0000] {logging_mixin.py:190} INFO - [2024-09-01T04:32:03.352+0000] {dagbag.py:587} INFO - Filling up the DagBag from /home/ubuntu/airflow_snow/lib/python3.12/site-packages/airflow/example_dags/plugins/listener_plugin.py
[2024-09-01T04:32:03.354+0000] {processor.py:927} WARNING - No viable dags retrieved from /home/ubuntu/airflow_snow/lib/python3.12/site-packages/airflow/example_dags/plugins/listener_plugin.py
[2024-09-01T04:32:03.365+0000] {processor.py:208} INFO - Processing /home/ubuntu/airflow_snow/lib/python3.12/site-packages/airflow/example_dags/plugins/listener_plugin.py took 0.019 seconds
[2024-09-01T04:32:51.336+0000] {processor.py:186} INFO - Started process (PID=2414) to work on /home/ubuntu/airflow_snow/lib/python3.12/site-packages/airflow/example_dags/plugins/listener_plugin.py
[2024-09-01T04:32:51.338+0000] {processor.py:914} INFO - Processing file /home/ubuntu/airflow_snow/lib/python3.12/site-packages/airflow/example_dags/plugins/listener_plugin.py for tasks to queue
[2024-09-01T04:32:51.339+0000] {logging_mixin.py:190} INFO - [2024-09-01T04:32:51.339+0000] {dagbag.py:587} INFO - Filling up the DagBag from /home/ubuntu/airflow_snow/lib/python3.12/site-packages/airflow/example_dags/plugins/listener_plugin.py
[2024-09-01T04:32:51.341+0000] {processor.py:927} WARNING - No viable dags retrieved from /home/ubuntu/airflow_snow/lib/python3.12/site-packages/airflow/example_dags/plugins/listener_plugin.py
[2024-09-01T04:32:51.350+0000] {processor.py:208} INFO - Processing /home/ubuntu/airflow_snow/lib/python3.12/site-packages/airflow/example_dags/plugins/listener_plugin.py took 0.019 seconds
[2024-09-01T04:33:43.268+0000] {processor.py:186} INFO - Started process (PID=2467) to work on /home/ubuntu/airflow_snow/lib/python3.12/site-packages/airflow/example_dags/plugins/listener_plugin.py
[2024-09-01T04:33:43.271+0000] {processor.py:914} INFO - Processing file /home/ubuntu/airflow_snow/lib/python3.12/site-packages/airflow/example_dags/plugins/listener_plugin.py for tasks to queue
[2024-09-01T04:33:43.273+0000] {logging_mixin.py:190} INFO - [2024-09-01T04:33:43.273+0000] {dagbag.py:587} INFO - Filling up the DagBag from /home/ubuntu/airflow_snow/lib/python3.12/site-packages/airflow/example_dags/plugins/listener_plugin.py
[2024-09-01T04:33:43.275+0000] {processor.py:927} WARNING - No viable dags retrieved from /home/ubuntu/airflow_snow/lib/python3.12/site-packages/airflow/example_dags/plugins/listener_plugin.py
[2024-09-01T04:33:43.283+0000] {processor.py:208} INFO - Processing /home/ubuntu/airflow_snow/lib/python3.12/site-packages/airflow/example_dags/plugins/listener_plugin.py took 0.021 seconds
[2024-09-01T04:34:32.822+0000] {processor.py:186} INFO - Started process (PID=2519) to work on /home/ubuntu/airflow_snow/lib/python3.12/site-packages/airflow/example_dags/plugins/listener_plugin.py
[2024-09-01T04:34:32.825+0000] {processor.py:914} INFO - Processing file /home/ubuntu/airflow_snow/lib/python3.12/site-packages/airflow/example_dags/plugins/listener_plugin.py for tasks to queue
[2024-09-01T04:34:32.826+0000] {logging_mixin.py:190} INFO - [2024-09-01T04:34:32.826+0000] {dagbag.py:587} INFO - Filling up the DagBag from /home/ubuntu/airflow_snow/lib/python3.12/site-packages/airflow/example_dags/plugins/listener_plugin.py
[2024-09-01T04:34:32.828+0000] {processor.py:927} WARNING - No viable dags retrieved from /home/ubuntu/airflow_snow/lib/python3.12/site-packages/airflow/example_dags/plugins/listener_plugin.py
[2024-09-01T04:34:32.836+0000] {processor.py:208} INFO - Processing /home/ubuntu/airflow_snow/lib/python3.12/site-packages/airflow/example_dags/plugins/listener_plugin.py took 0.019 seconds
[2024-09-01T04:35:20.487+0000] {processor.py:186} INFO - Started process (PID=2573) to work on /home/ubuntu/airflow_snow/lib/python3.12/site-packages/airflow/example_dags/plugins/listener_plugin.py
[2024-09-01T04:35:20.489+0000] {processor.py:914} INFO - Processing file /home/ubuntu/airflow_snow/lib/python3.12/site-packages/airflow/example_dags/plugins/listener_plugin.py for tasks to queue
[2024-09-01T04:35:20.491+0000] {logging_mixin.py:190} INFO - [2024-09-01T04:35:20.491+0000] {dagbag.py:587} INFO - Filling up the DagBag from /home/ubuntu/airflow_snow/lib/python3.12/site-packages/airflow/example_dags/plugins/listener_plugin.py
[2024-09-01T04:35:20.493+0000] {processor.py:927} WARNING - No viable dags retrieved from /home/ubuntu/airflow_snow/lib/python3.12/site-packages/airflow/example_dags/plugins/listener_plugin.py
[2024-09-01T04:35:20.501+0000] {processor.py:208} INFO - Processing /home/ubuntu/airflow_snow/lib/python3.12/site-packages/airflow/example_dags/plugins/listener_plugin.py took 0.019 seconds
[2024-09-01T04:36:11.587+0000] {processor.py:186} INFO - Started process (PID=2624) to work on /home/ubuntu/airflow_snow/lib/python3.12/site-packages/airflow/example_dags/plugins/listener_plugin.py
[2024-09-01T04:36:11.589+0000] {processor.py:914} INFO - Processing file /home/ubuntu/airflow_snow/lib/python3.12/site-packages/airflow/example_dags/plugins/listener_plugin.py for tasks to queue
[2024-09-01T04:36:11.591+0000] {logging_mixin.py:190} INFO - [2024-09-01T04:36:11.591+0000] {dagbag.py:587} INFO - Filling up the DagBag from /home/ubuntu/airflow_snow/lib/python3.12/site-packages/airflow/example_dags/plugins/listener_plugin.py
[2024-09-01T04:36:11.593+0000] {processor.py:927} WARNING - No viable dags retrieved from /home/ubuntu/airflow_snow/lib/python3.12/site-packages/airflow/example_dags/plugins/listener_plugin.py
[2024-09-01T04:36:11.602+0000] {processor.py:208} INFO - Processing /home/ubuntu/airflow_snow/lib/python3.12/site-packages/airflow/example_dags/plugins/listener_plugin.py took 0.019 seconds
[2024-09-01T04:37:05.771+0000] {processor.py:186} INFO - Started process (PID=2678) to work on /home/ubuntu/airflow_snow/lib/python3.12/site-packages/airflow/example_dags/plugins/listener_plugin.py
[2024-09-01T04:37:05.774+0000] {processor.py:914} INFO - Processing file /home/ubuntu/airflow_snow/lib/python3.12/site-packages/airflow/example_dags/plugins/listener_plugin.py for tasks to queue
[2024-09-01T04:37:05.776+0000] {logging_mixin.py:190} INFO - [2024-09-01T04:37:05.776+0000] {dagbag.py:587} INFO - Filling up the DagBag from /home/ubuntu/airflow_snow/lib/python3.12/site-packages/airflow/example_dags/plugins/listener_plugin.py
[2024-09-01T04:37:05.778+0000] {processor.py:927} WARNING - No viable dags retrieved from /home/ubuntu/airflow_snow/lib/python3.12/site-packages/airflow/example_dags/plugins/listener_plugin.py
[2024-09-01T04:37:05.787+0000] {processor.py:208} INFO - Processing /home/ubuntu/airflow_snow/lib/python3.12/site-packages/airflow/example_dags/plugins/listener_plugin.py took 0.021 seconds
[2024-09-01T04:37:55.062+0000] {processor.py:186} INFO - Started process (PID=2729) to work on /home/ubuntu/airflow_snow/lib/python3.12/site-packages/airflow/example_dags/plugins/listener_plugin.py
[2024-09-01T04:37:55.065+0000] {processor.py:914} INFO - Processing file /home/ubuntu/airflow_snow/lib/python3.12/site-packages/airflow/example_dags/plugins/listener_plugin.py for tasks to queue
[2024-09-01T04:37:55.066+0000] {logging_mixin.py:190} INFO - [2024-09-01T04:37:55.066+0000] {dagbag.py:587} INFO - Filling up the DagBag from /home/ubuntu/airflow_snow/lib/python3.12/site-packages/airflow/example_dags/plugins/listener_plugin.py
[2024-09-01T04:37:55.068+0000] {processor.py:927} WARNING - No viable dags retrieved from /home/ubuntu/airflow_snow/lib/python3.12/site-packages/airflow/example_dags/plugins/listener_plugin.py
[2024-09-01T04:37:55.077+0000] {processor.py:208} INFO - Processing /home/ubuntu/airflow_snow/lib/python3.12/site-packages/airflow/example_dags/plugins/listener_plugin.py took 0.020 seconds
[2024-09-01T04:38:46.075+0000] {processor.py:186} INFO - Started process (PID=2780) to work on /home/ubuntu/airflow_snow/lib/python3.12/site-packages/airflow/example_dags/plugins/listener_plugin.py
[2024-09-01T04:38:46.077+0000] {processor.py:914} INFO - Processing file /home/ubuntu/airflow_snow/lib/python3.12/site-packages/airflow/example_dags/plugins/listener_plugin.py for tasks to queue
[2024-09-01T04:38:46.078+0000] {logging_mixin.py:190} INFO - [2024-09-01T04:38:46.078+0000] {dagbag.py:587} INFO - Filling up the DagBag from /home/ubuntu/airflow_snow/lib/python3.12/site-packages/airflow/example_dags/plugins/listener_plugin.py
[2024-09-01T04:38:46.080+0000] {processor.py:927} WARNING - No viable dags retrieved from /home/ubuntu/airflow_snow/lib/python3.12/site-packages/airflow/example_dags/plugins/listener_plugin.py
[2024-09-01T04:38:46.090+0000] {processor.py:208} INFO - Processing /home/ubuntu/airflow_snow/lib/python3.12/site-packages/airflow/example_dags/plugins/listener_plugin.py took 0.020 seconds
[2024-09-01T04:39:38.122+0000] {processor.py:186} INFO - Started process (PID=2833) to work on /home/ubuntu/airflow_snow/lib/python3.12/site-packages/airflow/example_dags/plugins/listener_plugin.py
[2024-09-01T04:39:38.125+0000] {processor.py:914} INFO - Processing file /home/ubuntu/airflow_snow/lib/python3.12/site-packages/airflow/example_dags/plugins/listener_plugin.py for tasks to queue
[2024-09-01T04:39:38.127+0000] {logging_mixin.py:190} INFO - [2024-09-01T04:39:38.126+0000] {dagbag.py:587} INFO - Filling up the DagBag from /home/ubuntu/airflow_snow/lib/python3.12/site-packages/airflow/example_dags/plugins/listener_plugin.py
[2024-09-01T04:39:38.128+0000] {processor.py:927} WARNING - No viable dags retrieved from /home/ubuntu/airflow_snow/lib/python3.12/site-packages/airflow/example_dags/plugins/listener_plugin.py
[2024-09-01T04:39:38.138+0000] {processor.py:208} INFO - Processing /home/ubuntu/airflow_snow/lib/python3.12/site-packages/airflow/example_dags/plugins/listener_plugin.py took 0.021 seconds
[2024-09-01T04:40:28.803+0000] {processor.py:186} INFO - Started process (PID=2885) to work on /home/ubuntu/airflow_snow/lib/python3.12/site-packages/airflow/example_dags/plugins/listener_plugin.py
[2024-09-01T04:40:28.805+0000] {processor.py:914} INFO - Processing file /home/ubuntu/airflow_snow/lib/python3.12/site-packages/airflow/example_dags/plugins/listener_plugin.py for tasks to queue
[2024-09-01T04:40:28.806+0000] {logging_mixin.py:190} INFO - [2024-09-01T04:40:28.806+0000] {dagbag.py:587} INFO - Filling up the DagBag from /home/ubuntu/airflow_snow/lib/python3.12/site-packages/airflow/example_dags/plugins/listener_plugin.py
[2024-09-01T04:40:28.809+0000] {processor.py:927} WARNING - No viable dags retrieved from /home/ubuntu/airflow_snow/lib/python3.12/site-packages/airflow/example_dags/plugins/listener_plugin.py
[2024-09-01T04:40:28.818+0000] {processor.py:208} INFO - Processing /home/ubuntu/airflow_snow/lib/python3.12/site-packages/airflow/example_dags/plugins/listener_plugin.py took 0.020 seconds
[2024-09-01T04:41:22.273+0000] {processor.py:186} INFO - Started process (PID=2943) to work on /home/ubuntu/airflow_snow/lib/python3.12/site-packages/airflow/example_dags/plugins/listener_plugin.py
[2024-09-01T04:41:22.276+0000] {processor.py:914} INFO - Processing file /home/ubuntu/airflow_snow/lib/python3.12/site-packages/airflow/example_dags/plugins/listener_plugin.py for tasks to queue
[2024-09-01T04:41:22.278+0000] {logging_mixin.py:190} INFO - [2024-09-01T04:41:22.277+0000] {dagbag.py:587} INFO - Filling up the DagBag from /home/ubuntu/airflow_snow/lib/python3.12/site-packages/airflow/example_dags/plugins/listener_plugin.py
[2024-09-01T04:41:22.279+0000] {processor.py:927} WARNING - No viable dags retrieved from /home/ubuntu/airflow_snow/lib/python3.12/site-packages/airflow/example_dags/plugins/listener_plugin.py
[2024-09-01T04:41:22.289+0000] {processor.py:208} INFO - Processing /home/ubuntu/airflow_snow/lib/python3.12/site-packages/airflow/example_dags/plugins/listener_plugin.py took 0.020 seconds
[2024-09-01T04:42:11.302+0000] {processor.py:186} INFO - Started process (PID=2993) to work on /home/ubuntu/airflow_snow/lib/python3.12/site-packages/airflow/example_dags/plugins/listener_plugin.py
[2024-09-01T04:42:11.304+0000] {processor.py:914} INFO - Processing file /home/ubuntu/airflow_snow/lib/python3.12/site-packages/airflow/example_dags/plugins/listener_plugin.py for tasks to queue
[2024-09-01T04:42:11.307+0000] {logging_mixin.py:190} INFO - [2024-09-01T04:42:11.306+0000] {dagbag.py:587} INFO - Filling up the DagBag from /home/ubuntu/airflow_snow/lib/python3.12/site-packages/airflow/example_dags/plugins/listener_plugin.py
[2024-09-01T04:42:11.308+0000] {processor.py:927} WARNING - No viable dags retrieved from /home/ubuntu/airflow_snow/lib/python3.12/site-packages/airflow/example_dags/plugins/listener_plugin.py
[2024-09-01T04:42:11.317+0000] {processor.py:208} INFO - Processing /home/ubuntu/airflow_snow/lib/python3.12/site-packages/airflow/example_dags/plugins/listener_plugin.py took 0.020 seconds
[2024-09-01T04:43:00.765+0000] {processor.py:186} INFO - Started process (PID=3044) to work on /home/ubuntu/airflow_snow/lib/python3.12/site-packages/airflow/example_dags/plugins/listener_plugin.py
[2024-09-01T04:43:00.768+0000] {processor.py:914} INFO - Processing file /home/ubuntu/airflow_snow/lib/python3.12/site-packages/airflow/example_dags/plugins/listener_plugin.py for tasks to queue
[2024-09-01T04:43:00.770+0000] {logging_mixin.py:190} INFO - [2024-09-01T04:43:00.769+0000] {dagbag.py:587} INFO - Filling up the DagBag from /home/ubuntu/airflow_snow/lib/python3.12/site-packages/airflow/example_dags/plugins/listener_plugin.py
[2024-09-01T04:43:00.771+0000] {processor.py:927} WARNING - No viable dags retrieved from /home/ubuntu/airflow_snow/lib/python3.12/site-packages/airflow/example_dags/plugins/listener_plugin.py
[2024-09-01T04:43:00.782+0000] {processor.py:208} INFO - Processing /home/ubuntu/airflow_snow/lib/python3.12/site-packages/airflow/example_dags/plugins/listener_plugin.py took 0.023 seconds
[2024-09-01T04:43:49.862+0000] {processor.py:186} INFO - Started process (PID=3094) to work on /home/ubuntu/airflow_snow/lib/python3.12/site-packages/airflow/example_dags/plugins/listener_plugin.py
[2024-09-01T04:43:49.863+0000] {processor.py:914} INFO - Processing file /home/ubuntu/airflow_snow/lib/python3.12/site-packages/airflow/example_dags/plugins/listener_plugin.py for tasks to queue
[2024-09-01T04:43:49.865+0000] {logging_mixin.py:190} INFO - [2024-09-01T04:43:49.865+0000] {dagbag.py:587} INFO - Filling up the DagBag from /home/ubuntu/airflow_snow/lib/python3.12/site-packages/airflow/example_dags/plugins/listener_plugin.py
[2024-09-01T04:43:49.867+0000] {processor.py:927} WARNING - No viable dags retrieved from /home/ubuntu/airflow_snow/lib/python3.12/site-packages/airflow/example_dags/plugins/listener_plugin.py
[2024-09-01T04:43:49.875+0000] {processor.py:208} INFO - Processing /home/ubuntu/airflow_snow/lib/python3.12/site-packages/airflow/example_dags/plugins/listener_plugin.py took 0.017 seconds
[2024-09-01T04:44:40.218+0000] {processor.py:186} INFO - Started process (PID=3150) to work on /home/ubuntu/airflow_snow/lib/python3.12/site-packages/airflow/example_dags/plugins/listener_plugin.py
[2024-09-01T04:44:40.219+0000] {processor.py:914} INFO - Processing file /home/ubuntu/airflow_snow/lib/python3.12/site-packages/airflow/example_dags/plugins/listener_plugin.py for tasks to queue
[2024-09-01T04:44:40.222+0000] {logging_mixin.py:190} INFO - [2024-09-01T04:44:40.221+0000] {dagbag.py:587} INFO - Filling up the DagBag from /home/ubuntu/airflow_snow/lib/python3.12/site-packages/airflow/example_dags/plugins/listener_plugin.py
[2024-09-01T04:44:40.223+0000] {processor.py:927} WARNING - No viable dags retrieved from /home/ubuntu/airflow_snow/lib/python3.12/site-packages/airflow/example_dags/plugins/listener_plugin.py
[2024-09-01T04:44:40.232+0000] {processor.py:208} INFO - Processing /home/ubuntu/airflow_snow/lib/python3.12/site-packages/airflow/example_dags/plugins/listener_plugin.py took 0.020 seconds
[2024-09-01T04:45:27.643+0000] {processor.py:186} INFO - Started process (PID=3204) to work on /home/ubuntu/airflow_snow/lib/python3.12/site-packages/airflow/example_dags/plugins/listener_plugin.py
[2024-09-01T04:45:27.645+0000] {processor.py:914} INFO - Processing file /home/ubuntu/airflow_snow/lib/python3.12/site-packages/airflow/example_dags/plugins/listener_plugin.py for tasks to queue
[2024-09-01T04:45:27.646+0000] {logging_mixin.py:190} INFO - [2024-09-01T04:45:27.646+0000] {dagbag.py:587} INFO - Filling up the DagBag from /home/ubuntu/airflow_snow/lib/python3.12/site-packages/airflow/example_dags/plugins/listener_plugin.py
[2024-09-01T04:45:27.649+0000] {processor.py:927} WARNING - No viable dags retrieved from /home/ubuntu/airflow_snow/lib/python3.12/site-packages/airflow/example_dags/plugins/listener_plugin.py
[2024-09-01T04:45:27.658+0000] {processor.py:208} INFO - Processing /home/ubuntu/airflow_snow/lib/python3.12/site-packages/airflow/example_dags/plugins/listener_plugin.py took 0.020 seconds
[2024-09-01T04:46:13.606+0000] {processor.py:186} INFO - Started process (PID=3253) to work on /home/ubuntu/airflow_snow/lib/python3.12/site-packages/airflow/example_dags/plugins/listener_plugin.py
[2024-09-01T04:46:13.607+0000] {processor.py:914} INFO - Processing file /home/ubuntu/airflow_snow/lib/python3.12/site-packages/airflow/example_dags/plugins/listener_plugin.py for tasks to queue
[2024-09-01T04:46:13.610+0000] {logging_mixin.py:190} INFO - [2024-09-01T04:46:13.610+0000] {dagbag.py:587} INFO - Filling up the DagBag from /home/ubuntu/airflow_snow/lib/python3.12/site-packages/airflow/example_dags/plugins/listener_plugin.py
[2024-09-01T04:46:13.611+0000] {processor.py:927} WARNING - No viable dags retrieved from /home/ubuntu/airflow_snow/lib/python3.12/site-packages/airflow/example_dags/plugins/listener_plugin.py
[2024-09-01T04:46:13.621+0000] {processor.py:208} INFO - Processing /home/ubuntu/airflow_snow/lib/python3.12/site-packages/airflow/example_dags/plugins/listener_plugin.py took 0.021 seconds
[2024-09-01T04:47:02.029+0000] {processor.py:186} INFO - Started process (PID=3303) to work on /home/ubuntu/airflow_snow/lib/python3.12/site-packages/airflow/example_dags/plugins/listener_plugin.py
[2024-09-01T04:47:02.031+0000] {processor.py:914} INFO - Processing file /home/ubuntu/airflow_snow/lib/python3.12/site-packages/airflow/example_dags/plugins/listener_plugin.py for tasks to queue
[2024-09-01T04:47:02.033+0000] {logging_mixin.py:190} INFO - [2024-09-01T04:47:02.032+0000] {dagbag.py:587} INFO - Filling up the DagBag from /home/ubuntu/airflow_snow/lib/python3.12/site-packages/airflow/example_dags/plugins/listener_plugin.py
[2024-09-01T04:47:02.034+0000] {processor.py:927} WARNING - No viable dags retrieved from /home/ubuntu/airflow_snow/lib/python3.12/site-packages/airflow/example_dags/plugins/listener_plugin.py
[2024-09-01T04:47:02.044+0000] {processor.py:208} INFO - Processing /home/ubuntu/airflow_snow/lib/python3.12/site-packages/airflow/example_dags/plugins/listener_plugin.py took 0.021 seconds
[2024-09-01T04:47:50.723+0000] {processor.py:186} INFO - Started process (PID=3354) to work on /home/ubuntu/airflow_snow/lib/python3.12/site-packages/airflow/example_dags/plugins/listener_plugin.py
[2024-09-01T04:47:50.725+0000] {processor.py:914} INFO - Processing file /home/ubuntu/airflow_snow/lib/python3.12/site-packages/airflow/example_dags/plugins/listener_plugin.py for tasks to queue
[2024-09-01T04:47:50.726+0000] {logging_mixin.py:190} INFO - [2024-09-01T04:47:50.726+0000] {dagbag.py:587} INFO - Filling up the DagBag from /home/ubuntu/airflow_snow/lib/python3.12/site-packages/airflow/example_dags/plugins/listener_plugin.py
[2024-09-01T04:47:50.728+0000] {processor.py:927} WARNING - No viable dags retrieved from /home/ubuntu/airflow_snow/lib/python3.12/site-packages/airflow/example_dags/plugins/listener_plugin.py
[2024-09-01T04:47:50.737+0000] {processor.py:208} INFO - Processing /home/ubuntu/airflow_snow/lib/python3.12/site-packages/airflow/example_dags/plugins/listener_plugin.py took 0.019 seconds
[2024-09-01T04:48:38.809+0000] {processor.py:186} INFO - Started process (PID=3405) to work on /home/ubuntu/airflow_snow/lib/python3.12/site-packages/airflow/example_dags/plugins/listener_plugin.py
[2024-09-01T04:48:38.811+0000] {processor.py:914} INFO - Processing file /home/ubuntu/airflow_snow/lib/python3.12/site-packages/airflow/example_dags/plugins/listener_plugin.py for tasks to queue
[2024-09-01T04:48:38.812+0000] {logging_mixin.py:190} INFO - [2024-09-01T04:48:38.812+0000] {dagbag.py:587} INFO - Filling up the DagBag from /home/ubuntu/airflow_snow/lib/python3.12/site-packages/airflow/example_dags/plugins/listener_plugin.py
[2024-09-01T04:48:38.814+0000] {processor.py:927} WARNING - No viable dags retrieved from /home/ubuntu/airflow_snow/lib/python3.12/site-packages/airflow/example_dags/plugins/listener_plugin.py
[2024-09-01T04:48:38.822+0000] {processor.py:208} INFO - Processing /home/ubuntu/airflow_snow/lib/python3.12/site-packages/airflow/example_dags/plugins/listener_plugin.py took 0.019 seconds
[2024-09-01T04:49:28.910+0000] {processor.py:186} INFO - Started process (PID=3455) to work on /home/ubuntu/airflow_snow/lib/python3.12/site-packages/airflow/example_dags/plugins/listener_plugin.py
[2024-09-01T04:49:28.911+0000] {processor.py:914} INFO - Processing file /home/ubuntu/airflow_snow/lib/python3.12/site-packages/airflow/example_dags/plugins/listener_plugin.py for tasks to queue
[2024-09-01T04:49:28.913+0000] {logging_mixin.py:190} INFO - [2024-09-01T04:49:28.913+0000] {dagbag.py:587} INFO - Filling up the DagBag from /home/ubuntu/airflow_snow/lib/python3.12/site-packages/airflow/example_dags/plugins/listener_plugin.py
[2024-09-01T04:49:28.915+0000] {processor.py:927} WARNING - No viable dags retrieved from /home/ubuntu/airflow_snow/lib/python3.12/site-packages/airflow/example_dags/plugins/listener_plugin.py
[2024-09-01T04:49:28.924+0000] {processor.py:208} INFO - Processing /home/ubuntu/airflow_snow/lib/python3.12/site-packages/airflow/example_dags/plugins/listener_plugin.py took 0.019 seconds
[2024-09-01T04:50:13.549+0000] {processor.py:186} INFO - Started process (PID=3503) to work on /home/ubuntu/airflow_snow/lib/python3.12/site-packages/airflow/example_dags/plugins/listener_plugin.py
[2024-09-01T04:50:13.551+0000] {processor.py:914} INFO - Processing file /home/ubuntu/airflow_snow/lib/python3.12/site-packages/airflow/example_dags/plugins/listener_plugin.py for tasks to queue
[2024-09-01T04:50:13.553+0000] {logging_mixin.py:190} INFO - [2024-09-01T04:50:13.552+0000] {dagbag.py:587} INFO - Filling up the DagBag from /home/ubuntu/airflow_snow/lib/python3.12/site-packages/airflow/example_dags/plugins/listener_plugin.py
[2024-09-01T04:50:13.554+0000] {processor.py:927} WARNING - No viable dags retrieved from /home/ubuntu/airflow_snow/lib/python3.12/site-packages/airflow/example_dags/plugins/listener_plugin.py
[2024-09-01T04:50:13.563+0000] {processor.py:208} INFO - Processing /home/ubuntu/airflow_snow/lib/python3.12/site-packages/airflow/example_dags/plugins/listener_plugin.py took 0.021 seconds
[2024-09-01T04:50:57.590+0000] {processor.py:186} INFO - Started process (PID=3555) to work on /home/ubuntu/airflow_snow/lib/python3.12/site-packages/airflow/example_dags/plugins/listener_plugin.py
[2024-09-01T04:50:57.592+0000] {processor.py:914} INFO - Processing file /home/ubuntu/airflow_snow/lib/python3.12/site-packages/airflow/example_dags/plugins/listener_plugin.py for tasks to queue
[2024-09-01T04:50:57.594+0000] {logging_mixin.py:190} INFO - [2024-09-01T04:50:57.594+0000] {dagbag.py:587} INFO - Filling up the DagBag from /home/ubuntu/airflow_snow/lib/python3.12/site-packages/airflow/example_dags/plugins/listener_plugin.py
[2024-09-01T04:50:57.596+0000] {processor.py:927} WARNING - No viable dags retrieved from /home/ubuntu/airflow_snow/lib/python3.12/site-packages/airflow/example_dags/plugins/listener_plugin.py
[2024-09-01T04:50:57.604+0000] {processor.py:208} INFO - Processing /home/ubuntu/airflow_snow/lib/python3.12/site-packages/airflow/example_dags/plugins/listener_plugin.py took 0.019 seconds
[2024-09-01T04:51:48.503+0000] {processor.py:186} INFO - Started process (PID=3608) to work on /home/ubuntu/airflow_snow/lib/python3.12/site-packages/airflow/example_dags/plugins/listener_plugin.py
[2024-09-01T04:51:48.506+0000] {processor.py:914} INFO - Processing file /home/ubuntu/airflow_snow/lib/python3.12/site-packages/airflow/example_dags/plugins/listener_plugin.py for tasks to queue
[2024-09-01T04:51:48.507+0000] {logging_mixin.py:190} INFO - [2024-09-01T04:51:48.507+0000] {dagbag.py:587} INFO - Filling up the DagBag from /home/ubuntu/airflow_snow/lib/python3.12/site-packages/airflow/example_dags/plugins/listener_plugin.py
[2024-09-01T04:51:48.509+0000] {processor.py:927} WARNING - No viable dags retrieved from /home/ubuntu/airflow_snow/lib/python3.12/site-packages/airflow/example_dags/plugins/listener_plugin.py
[2024-09-01T04:51:48.518+0000] {processor.py:208} INFO - Processing /home/ubuntu/airflow_snow/lib/python3.12/site-packages/airflow/example_dags/plugins/listener_plugin.py took 0.020 seconds
[2024-09-01T04:52:37.633+0000] {processor.py:186} INFO - Started process (PID=3658) to work on /home/ubuntu/airflow_snow/lib/python3.12/site-packages/airflow/example_dags/plugins/listener_plugin.py
[2024-09-01T04:52:37.634+0000] {processor.py:914} INFO - Processing file /home/ubuntu/airflow_snow/lib/python3.12/site-packages/airflow/example_dags/plugins/listener_plugin.py for tasks to queue
[2024-09-01T04:52:37.636+0000] {logging_mixin.py:190} INFO - [2024-09-01T04:52:37.636+0000] {dagbag.py:587} INFO - Filling up the DagBag from /home/ubuntu/airflow_snow/lib/python3.12/site-packages/airflow/example_dags/plugins/listener_plugin.py
[2024-09-01T04:52:37.638+0000] {processor.py:927} WARNING - No viable dags retrieved from /home/ubuntu/airflow_snow/lib/python3.12/site-packages/airflow/example_dags/plugins/listener_plugin.py
[2024-09-01T04:52:37.647+0000] {processor.py:208} INFO - Processing /home/ubuntu/airflow_snow/lib/python3.12/site-packages/airflow/example_dags/plugins/listener_plugin.py took 0.019 seconds
