[2024-09-01T04:28:24.207+0000] {processor.py:186} INFO - Started process (PID=2148) to work on /home/ubuntu/airflow_snow/lib/python3.12/site-packages/airflow/example_dags/subdags/subdag.py
[2024-09-01T04:28:24.207+0000] {processor.py:914} INFO - Processing file /home/ubuntu/airflow_snow/lib/python3.12/site-packages/airflow/example_dags/subdags/subdag.py for tasks to queue
[2024-09-01T04:28:24.210+0000] {logging_mixin.py:190} INFO - [2024-09-01T04:28:24.210+0000] {dagbag.py:587} INFO - Filling up the DagBag from /home/ubuntu/airflow_snow/lib/python3.12/site-packages/airflow/example_dags/subdags/subdag.py
[2024-09-01T04:28:24.212+0000] {processor.py:927} WARNING - No viable dags retrieved from /home/ubuntu/airflow_snow/lib/python3.12/site-packages/airflow/example_dags/subdags/subdag.py
[2024-09-01T04:28:24.220+0000] {processor.py:208} INFO - Processing /home/ubuntu/airflow_snow/lib/python3.12/site-packages/airflow/example_dags/subdags/subdag.py took 0.019 seconds
[2024-09-01T04:29:33.441+0000] {processor.py:186} INFO - Started process (PID=2204) to work on /home/ubuntu/airflow_snow/lib/python3.12/site-packages/airflow/example_dags/subdags/subdag.py
[2024-09-01T04:29:33.443+0000] {processor.py:914} INFO - Processing file /home/ubuntu/airflow_snow/lib/python3.12/site-packages/airflow/example_dags/subdags/subdag.py for tasks to queue
[2024-09-01T04:29:33.446+0000] {logging_mixin.py:190} INFO - [2024-09-01T04:29:33.445+0000] {dagbag.py:587} INFO - Filling up the DagBag from /home/ubuntu/airflow_snow/lib/python3.12/site-packages/airflow/example_dags/subdags/subdag.py
[2024-09-01T04:29:33.447+0000] {processor.py:927} WARNING - No viable dags retrieved from /home/ubuntu/airflow_snow/lib/python3.12/site-packages/airflow/example_dags/subdags/subdag.py
[2024-09-01T04:29:33.456+0000] {processor.py:208} INFO - Processing /home/ubuntu/airflow_snow/lib/python3.12/site-packages/airflow/example_dags/subdags/subdag.py took 0.020 seconds
[2024-09-01T04:30:27.294+0000] {processor.py:186} INFO - Started process (PID=2260) to work on /home/ubuntu/airflow_snow/lib/python3.12/site-packages/airflow/example_dags/subdags/subdag.py
[2024-09-01T04:30:27.295+0000] {processor.py:914} INFO - Processing file /home/ubuntu/airflow_snow/lib/python3.12/site-packages/airflow/example_dags/subdags/subdag.py for tasks to queue
[2024-09-01T04:30:27.297+0000] {logging_mixin.py:190} INFO - [2024-09-01T04:30:27.297+0000] {dagbag.py:587} INFO - Filling up the DagBag from /home/ubuntu/airflow_snow/lib/python3.12/site-packages/airflow/example_dags/subdags/subdag.py
[2024-09-01T04:30:27.299+0000] {processor.py:927} WARNING - No viable dags retrieved from /home/ubuntu/airflow_snow/lib/python3.12/site-packages/airflow/example_dags/subdags/subdag.py
[2024-09-01T04:30:27.308+0000] {processor.py:208} INFO - Processing /home/ubuntu/airflow_snow/lib/python3.12/site-packages/airflow/example_dags/subdags/subdag.py took 0.019 seconds
[2024-09-01T04:31:17.491+0000] {processor.py:186} INFO - Started process (PID=2316) to work on /home/ubuntu/airflow_snow/lib/python3.12/site-packages/airflow/example_dags/subdags/subdag.py
[2024-09-01T04:31:17.493+0000] {processor.py:914} INFO - Processing file /home/ubuntu/airflow_snow/lib/python3.12/site-packages/airflow/example_dags/subdags/subdag.py for tasks to queue
[2024-09-01T04:31:17.494+0000] {logging_mixin.py:190} INFO - [2024-09-01T04:31:17.494+0000] {dagbag.py:587} INFO - Filling up the DagBag from /home/ubuntu/airflow_snow/lib/python3.12/site-packages/airflow/example_dags/subdags/subdag.py
[2024-09-01T04:31:17.497+0000] {processor.py:927} WARNING - No viable dags retrieved from /home/ubuntu/airflow_snow/lib/python3.12/site-packages/airflow/example_dags/subdags/subdag.py
[2024-09-01T04:31:17.506+0000] {processor.py:208} INFO - Processing /home/ubuntu/airflow_snow/lib/python3.12/site-packages/airflow/example_dags/subdags/subdag.py took 0.021 seconds
[2024-09-01T04:32:04.484+0000] {processor.py:186} INFO - Started process (PID=2365) to work on /home/ubuntu/airflow_snow/lib/python3.12/site-packages/airflow/example_dags/subdags/subdag.py
[2024-09-01T04:32:04.487+0000] {processor.py:914} INFO - Processing file /home/ubuntu/airflow_snow/lib/python3.12/site-packages/airflow/example_dags/subdags/subdag.py for tasks to queue
[2024-09-01T04:32:04.489+0000] {logging_mixin.py:190} INFO - [2024-09-01T04:32:04.489+0000] {dagbag.py:587} INFO - Filling up the DagBag from /home/ubuntu/airflow_snow/lib/python3.12/site-packages/airflow/example_dags/subdags/subdag.py
[2024-09-01T04:32:04.491+0000] {processor.py:927} WARNING - No viable dags retrieved from /home/ubuntu/airflow_snow/lib/python3.12/site-packages/airflow/example_dags/subdags/subdag.py
[2024-09-01T04:32:04.499+0000] {processor.py:208} INFO - Processing /home/ubuntu/airflow_snow/lib/python3.12/site-packages/airflow/example_dags/subdags/subdag.py took 0.020 seconds
[2024-09-01T04:32:51.932+0000] {processor.py:186} INFO - Started process (PID=2415) to work on /home/ubuntu/airflow_snow/lib/python3.12/site-packages/airflow/example_dags/subdags/subdag.py
[2024-09-01T04:32:51.935+0000] {processor.py:914} INFO - Processing file /home/ubuntu/airflow_snow/lib/python3.12/site-packages/airflow/example_dags/subdags/subdag.py for tasks to queue
[2024-09-01T04:32:51.936+0000] {logging_mixin.py:190} INFO - [2024-09-01T04:32:51.936+0000] {dagbag.py:587} INFO - Filling up the DagBag from /home/ubuntu/airflow_snow/lib/python3.12/site-packages/airflow/example_dags/subdags/subdag.py
[2024-09-01T04:32:51.939+0000] {processor.py:927} WARNING - No viable dags retrieved from /home/ubuntu/airflow_snow/lib/python3.12/site-packages/airflow/example_dags/subdags/subdag.py
[2024-09-01T04:32:51.947+0000] {processor.py:208} INFO - Processing /home/ubuntu/airflow_snow/lib/python3.12/site-packages/airflow/example_dags/subdags/subdag.py took 0.020 seconds
[2024-09-01T04:33:43.656+0000] {processor.py:186} INFO - Started process (PID=2468) to work on /home/ubuntu/airflow_snow/lib/python3.12/site-packages/airflow/example_dags/subdags/subdag.py
[2024-09-01T04:33:43.660+0000] {processor.py:914} INFO - Processing file /home/ubuntu/airflow_snow/lib/python3.12/site-packages/airflow/example_dags/subdags/subdag.py for tasks to queue
[2024-09-01T04:33:43.662+0000] {logging_mixin.py:190} INFO - [2024-09-01T04:33:43.661+0000] {dagbag.py:587} INFO - Filling up the DagBag from /home/ubuntu/airflow_snow/lib/python3.12/site-packages/airflow/example_dags/subdags/subdag.py
[2024-09-01T04:33:43.663+0000] {processor.py:927} WARNING - No viable dags retrieved from /home/ubuntu/airflow_snow/lib/python3.12/site-packages/airflow/example_dags/subdags/subdag.py
[2024-09-01T04:33:43.672+0000] {processor.py:208} INFO - Processing /home/ubuntu/airflow_snow/lib/python3.12/site-packages/airflow/example_dags/subdags/subdag.py took 0.021 seconds
[2024-09-01T04:34:33.958+0000] {processor.py:186} INFO - Started process (PID=2520) to work on /home/ubuntu/airflow_snow/lib/python3.12/site-packages/airflow/example_dags/subdags/subdag.py
[2024-09-01T04:34:33.960+0000] {processor.py:914} INFO - Processing file /home/ubuntu/airflow_snow/lib/python3.12/site-packages/airflow/example_dags/subdags/subdag.py for tasks to queue
[2024-09-01T04:34:33.962+0000] {logging_mixin.py:190} INFO - [2024-09-01T04:34:33.962+0000] {dagbag.py:587} INFO - Filling up the DagBag from /home/ubuntu/airflow_snow/lib/python3.12/site-packages/airflow/example_dags/subdags/subdag.py
[2024-09-01T04:34:33.963+0000] {processor.py:927} WARNING - No viable dags retrieved from /home/ubuntu/airflow_snow/lib/python3.12/site-packages/airflow/example_dags/subdags/subdag.py
[2024-09-01T04:34:33.973+0000] {processor.py:208} INFO - Processing /home/ubuntu/airflow_snow/lib/python3.12/site-packages/airflow/example_dags/subdags/subdag.py took 0.020 seconds
[2024-09-01T04:35:20.795+0000] {processor.py:186} INFO - Started process (PID=2574) to work on /home/ubuntu/airflow_snow/lib/python3.12/site-packages/airflow/example_dags/subdags/subdag.py
[2024-09-01T04:35:20.797+0000] {processor.py:914} INFO - Processing file /home/ubuntu/airflow_snow/lib/python3.12/site-packages/airflow/example_dags/subdags/subdag.py for tasks to queue
[2024-09-01T04:35:20.799+0000] {logging_mixin.py:190} INFO - [2024-09-01T04:35:20.798+0000] {dagbag.py:587} INFO - Filling up the DagBag from /home/ubuntu/airflow_snow/lib/python3.12/site-packages/airflow/example_dags/subdags/subdag.py
[2024-09-01T04:35:20.801+0000] {processor.py:927} WARNING - No viable dags retrieved from /home/ubuntu/airflow_snow/lib/python3.12/site-packages/airflow/example_dags/subdags/subdag.py
[2024-09-01T04:35:20.810+0000] {processor.py:208} INFO - Processing /home/ubuntu/airflow_snow/lib/python3.12/site-packages/airflow/example_dags/subdags/subdag.py took 0.020 seconds
[2024-09-01T04:36:12.286+0000] {processor.py:186} INFO - Started process (PID=2625) to work on /home/ubuntu/airflow_snow/lib/python3.12/site-packages/airflow/example_dags/subdags/subdag.py
[2024-09-01T04:36:12.290+0000] {processor.py:914} INFO - Processing file /home/ubuntu/airflow_snow/lib/python3.12/site-packages/airflow/example_dags/subdags/subdag.py for tasks to queue
[2024-09-01T04:36:12.291+0000] {logging_mixin.py:190} INFO - [2024-09-01T04:36:12.291+0000] {dagbag.py:587} INFO - Filling up the DagBag from /home/ubuntu/airflow_snow/lib/python3.12/site-packages/airflow/example_dags/subdags/subdag.py
[2024-09-01T04:36:12.294+0000] {processor.py:927} WARNING - No viable dags retrieved from /home/ubuntu/airflow_snow/lib/python3.12/site-packages/airflow/example_dags/subdags/subdag.py
[2024-09-01T04:36:12.303+0000] {processor.py:208} INFO - Processing /home/ubuntu/airflow_snow/lib/python3.12/site-packages/airflow/example_dags/subdags/subdag.py took 0.021 seconds
[2024-09-01T04:37:06.106+0000] {processor.py:186} INFO - Started process (PID=2679) to work on /home/ubuntu/airflow_snow/lib/python3.12/site-packages/airflow/example_dags/subdags/subdag.py
[2024-09-01T04:37:06.108+0000] {processor.py:914} INFO - Processing file /home/ubuntu/airflow_snow/lib/python3.12/site-packages/airflow/example_dags/subdags/subdag.py for tasks to queue
[2024-09-01T04:37:06.110+0000] {logging_mixin.py:190} INFO - [2024-09-01T04:37:06.110+0000] {dagbag.py:587} INFO - Filling up the DagBag from /home/ubuntu/airflow_snow/lib/python3.12/site-packages/airflow/example_dags/subdags/subdag.py
[2024-09-01T04:37:06.111+0000] {processor.py:927} WARNING - No viable dags retrieved from /home/ubuntu/airflow_snow/lib/python3.12/site-packages/airflow/example_dags/subdags/subdag.py
[2024-09-01T04:37:06.122+0000] {processor.py:208} INFO - Processing /home/ubuntu/airflow_snow/lib/python3.12/site-packages/airflow/example_dags/subdags/subdag.py took 0.021 seconds
[2024-09-01T04:37:56.215+0000] {processor.py:186} INFO - Started process (PID=2730) to work on /home/ubuntu/airflow_snow/lib/python3.12/site-packages/airflow/example_dags/subdags/subdag.py
[2024-09-01T04:37:56.217+0000] {processor.py:914} INFO - Processing file /home/ubuntu/airflow_snow/lib/python3.12/site-packages/airflow/example_dags/subdags/subdag.py for tasks to queue
[2024-09-01T04:37:56.219+0000] {logging_mixin.py:190} INFO - [2024-09-01T04:37:56.219+0000] {dagbag.py:587} INFO - Filling up the DagBag from /home/ubuntu/airflow_snow/lib/python3.12/site-packages/airflow/example_dags/subdags/subdag.py
[2024-09-01T04:37:56.221+0000] {processor.py:927} WARNING - No viable dags retrieved from /home/ubuntu/airflow_snow/lib/python3.12/site-packages/airflow/example_dags/subdags/subdag.py
[2024-09-01T04:37:56.231+0000] {processor.py:208} INFO - Processing /home/ubuntu/airflow_snow/lib/python3.12/site-packages/airflow/example_dags/subdags/subdag.py took 0.021 seconds
[2024-09-01T04:38:46.666+0000] {processor.py:186} INFO - Started process (PID=2781) to work on /home/ubuntu/airflow_snow/lib/python3.12/site-packages/airflow/example_dags/subdags/subdag.py
[2024-09-01T04:38:46.669+0000] {processor.py:914} INFO - Processing file /home/ubuntu/airflow_snow/lib/python3.12/site-packages/airflow/example_dags/subdags/subdag.py for tasks to queue
[2024-09-01T04:38:46.670+0000] {logging_mixin.py:190} INFO - [2024-09-01T04:38:46.670+0000] {dagbag.py:587} INFO - Filling up the DagBag from /home/ubuntu/airflow_snow/lib/python3.12/site-packages/airflow/example_dags/subdags/subdag.py
[2024-09-01T04:38:46.672+0000] {processor.py:927} WARNING - No viable dags retrieved from /home/ubuntu/airflow_snow/lib/python3.12/site-packages/airflow/example_dags/subdags/subdag.py
[2024-09-01T04:38:46.682+0000] {processor.py:208} INFO - Processing /home/ubuntu/airflow_snow/lib/python3.12/site-packages/airflow/example_dags/subdags/subdag.py took 0.020 seconds
[2024-09-01T04:39:39.272+0000] {processor.py:186} INFO - Started process (PID=2834) to work on /home/ubuntu/airflow_snow/lib/python3.12/site-packages/airflow/example_dags/subdags/subdag.py
[2024-09-01T04:39:39.274+0000] {processor.py:914} INFO - Processing file /home/ubuntu/airflow_snow/lib/python3.12/site-packages/airflow/example_dags/subdags/subdag.py for tasks to queue
[2024-09-01T04:39:39.276+0000] {logging_mixin.py:190} INFO - [2024-09-01T04:39:39.276+0000] {dagbag.py:587} INFO - Filling up the DagBag from /home/ubuntu/airflow_snow/lib/python3.12/site-packages/airflow/example_dags/subdags/subdag.py
[2024-09-01T04:39:39.278+0000] {processor.py:927} WARNING - No viable dags retrieved from /home/ubuntu/airflow_snow/lib/python3.12/site-packages/airflow/example_dags/subdags/subdag.py
[2024-09-01T04:39:39.287+0000] {processor.py:208} INFO - Processing /home/ubuntu/airflow_snow/lib/python3.12/site-packages/airflow/example_dags/subdags/subdag.py took 0.021 seconds
[2024-09-01T04:40:29.718+0000] {processor.py:186} INFO - Started process (PID=2886) to work on /home/ubuntu/airflow_snow/lib/python3.12/site-packages/airflow/example_dags/subdags/subdag.py
[2024-09-01T04:40:29.720+0000] {processor.py:914} INFO - Processing file /home/ubuntu/airflow_snow/lib/python3.12/site-packages/airflow/example_dags/subdags/subdag.py for tasks to queue
[2024-09-01T04:40:29.722+0000] {logging_mixin.py:190} INFO - [2024-09-01T04:40:29.722+0000] {dagbag.py:587} INFO - Filling up the DagBag from /home/ubuntu/airflow_snow/lib/python3.12/site-packages/airflow/example_dags/subdags/subdag.py
[2024-09-01T04:40:29.723+0000] {processor.py:927} WARNING - No viable dags retrieved from /home/ubuntu/airflow_snow/lib/python3.12/site-packages/airflow/example_dags/subdags/subdag.py
[2024-09-01T04:40:29.732+0000] {processor.py:208} INFO - Processing /home/ubuntu/airflow_snow/lib/python3.12/site-packages/airflow/example_dags/subdags/subdag.py took 0.019 seconds
[2024-09-01T04:41:23.411+0000] {processor.py:186} INFO - Started process (PID=2944) to work on /home/ubuntu/airflow_snow/lib/python3.12/site-packages/airflow/example_dags/subdags/subdag.py
[2024-09-01T04:41:23.414+0000] {processor.py:914} INFO - Processing file /home/ubuntu/airflow_snow/lib/python3.12/site-packages/airflow/example_dags/subdags/subdag.py for tasks to queue
[2024-09-01T04:41:23.416+0000] {logging_mixin.py:190} INFO - [2024-09-01T04:41:23.416+0000] {dagbag.py:587} INFO - Filling up the DagBag from /home/ubuntu/airflow_snow/lib/python3.12/site-packages/airflow/example_dags/subdags/subdag.py
[2024-09-01T04:41:23.418+0000] {processor.py:927} WARNING - No viable dags retrieved from /home/ubuntu/airflow_snow/lib/python3.12/site-packages/airflow/example_dags/subdags/subdag.py
[2024-09-01T04:41:23.427+0000] {processor.py:208} INFO - Processing /home/ubuntu/airflow_snow/lib/python3.12/site-packages/airflow/example_dags/subdags/subdag.py took 0.021 seconds
[2024-09-01T04:42:12.439+0000] {processor.py:186} INFO - Started process (PID=2994) to work on /home/ubuntu/airflow_snow/lib/python3.12/site-packages/airflow/example_dags/subdags/subdag.py
[2024-09-01T04:42:12.441+0000] {processor.py:914} INFO - Processing file /home/ubuntu/airflow_snow/lib/python3.12/site-packages/airflow/example_dags/subdags/subdag.py for tasks to queue
[2024-09-01T04:42:12.443+0000] {logging_mixin.py:190} INFO - [2024-09-01T04:42:12.442+0000] {dagbag.py:587} INFO - Filling up the DagBag from /home/ubuntu/airflow_snow/lib/python3.12/site-packages/airflow/example_dags/subdags/subdag.py
[2024-09-01T04:42:12.445+0000] {processor.py:927} WARNING - No viable dags retrieved from /home/ubuntu/airflow_snow/lib/python3.12/site-packages/airflow/example_dags/subdags/subdag.py
[2024-09-01T04:42:12.454+0000] {processor.py:208} INFO - Processing /home/ubuntu/airflow_snow/lib/python3.12/site-packages/airflow/example_dags/subdags/subdag.py took 0.020 seconds
[2024-09-01T04:43:01.903+0000] {processor.py:186} INFO - Started process (PID=3045) to work on /home/ubuntu/airflow_snow/lib/python3.12/site-packages/airflow/example_dags/subdags/subdag.py
[2024-09-01T04:43:01.905+0000] {processor.py:914} INFO - Processing file /home/ubuntu/airflow_snow/lib/python3.12/site-packages/airflow/example_dags/subdags/subdag.py for tasks to queue
[2024-09-01T04:43:01.907+0000] {logging_mixin.py:190} INFO - [2024-09-01T04:43:01.907+0000] {dagbag.py:587} INFO - Filling up the DagBag from /home/ubuntu/airflow_snow/lib/python3.12/site-packages/airflow/example_dags/subdags/subdag.py
[2024-09-01T04:43:01.909+0000] {processor.py:927} WARNING - No viable dags retrieved from /home/ubuntu/airflow_snow/lib/python3.12/site-packages/airflow/example_dags/subdags/subdag.py
[2024-09-01T04:43:01.919+0000] {processor.py:208} INFO - Processing /home/ubuntu/airflow_snow/lib/python3.12/site-packages/airflow/example_dags/subdags/subdag.py took 0.022 seconds
[2024-09-01T04:43:50.455+0000] {processor.py:186} INFO - Started process (PID=3095) to work on /home/ubuntu/airflow_snow/lib/python3.12/site-packages/airflow/example_dags/subdags/subdag.py
[2024-09-01T04:43:50.457+0000] {processor.py:914} INFO - Processing file /home/ubuntu/airflow_snow/lib/python3.12/site-packages/airflow/example_dags/subdags/subdag.py for tasks to queue
[2024-09-01T04:43:50.459+0000] {logging_mixin.py:190} INFO - [2024-09-01T04:43:50.459+0000] {dagbag.py:587} INFO - Filling up the DagBag from /home/ubuntu/airflow_snow/lib/python3.12/site-packages/airflow/example_dags/subdags/subdag.py
[2024-09-01T04:43:50.461+0000] {processor.py:927} WARNING - No viable dags retrieved from /home/ubuntu/airflow_snow/lib/python3.12/site-packages/airflow/example_dags/subdags/subdag.py
[2024-09-01T04:43:50.470+0000] {processor.py:208} INFO - Processing /home/ubuntu/airflow_snow/lib/python3.12/site-packages/airflow/example_dags/subdags/subdag.py took 0.020 seconds
[2024-09-01T04:44:41.353+0000] {processor.py:186} INFO - Started process (PID=3151) to work on /home/ubuntu/airflow_snow/lib/python3.12/site-packages/airflow/example_dags/subdags/subdag.py
[2024-09-01T04:44:41.355+0000] {processor.py:914} INFO - Processing file /home/ubuntu/airflow_snow/lib/python3.12/site-packages/airflow/example_dags/subdags/subdag.py for tasks to queue
[2024-09-01T04:44:41.357+0000] {logging_mixin.py:190} INFO - [2024-09-01T04:44:41.357+0000] {dagbag.py:587} INFO - Filling up the DagBag from /home/ubuntu/airflow_snow/lib/python3.12/site-packages/airflow/example_dags/subdags/subdag.py
[2024-09-01T04:44:41.359+0000] {processor.py:927} WARNING - No viable dags retrieved from /home/ubuntu/airflow_snow/lib/python3.12/site-packages/airflow/example_dags/subdags/subdag.py
[2024-09-01T04:44:41.368+0000] {processor.py:208} INFO - Processing /home/ubuntu/airflow_snow/lib/python3.12/site-packages/airflow/example_dags/subdags/subdag.py took 0.020 seconds
[2024-09-01T04:45:28.084+0000] {processor.py:186} INFO - Started process (PID=3205) to work on /home/ubuntu/airflow_snow/lib/python3.12/site-packages/airflow/example_dags/subdags/subdag.py
[2024-09-01T04:45:28.086+0000] {processor.py:914} INFO - Processing file /home/ubuntu/airflow_snow/lib/python3.12/site-packages/airflow/example_dags/subdags/subdag.py for tasks to queue
[2024-09-01T04:45:28.088+0000] {logging_mixin.py:190} INFO - [2024-09-01T04:45:28.088+0000] {dagbag.py:587} INFO - Filling up the DagBag from /home/ubuntu/airflow_snow/lib/python3.12/site-packages/airflow/example_dags/subdags/subdag.py
[2024-09-01T04:45:28.089+0000] {processor.py:927} WARNING - No viable dags retrieved from /home/ubuntu/airflow_snow/lib/python3.12/site-packages/airflow/example_dags/subdags/subdag.py
[2024-09-01T04:45:28.099+0000] {processor.py:208} INFO - Processing /home/ubuntu/airflow_snow/lib/python3.12/site-packages/airflow/example_dags/subdags/subdag.py took 0.020 seconds
[2024-09-01T04:46:14.506+0000] {processor.py:186} INFO - Started process (PID=3254) to work on /home/ubuntu/airflow_snow/lib/python3.12/site-packages/airflow/example_dags/subdags/subdag.py
[2024-09-01T04:46:14.507+0000] {processor.py:914} INFO - Processing file /home/ubuntu/airflow_snow/lib/python3.12/site-packages/airflow/example_dags/subdags/subdag.py for tasks to queue
[2024-09-01T04:46:14.510+0000] {logging_mixin.py:190} INFO - [2024-09-01T04:46:14.509+0000] {dagbag.py:587} INFO - Filling up the DagBag from /home/ubuntu/airflow_snow/lib/python3.12/site-packages/airflow/example_dags/subdags/subdag.py
[2024-09-01T04:46:14.511+0000] {processor.py:927} WARNING - No viable dags retrieved from /home/ubuntu/airflow_snow/lib/python3.12/site-packages/airflow/example_dags/subdags/subdag.py
[2024-09-01T04:46:14.521+0000] {processor.py:208} INFO - Processing /home/ubuntu/airflow_snow/lib/python3.12/site-packages/airflow/example_dags/subdags/subdag.py took 0.021 seconds
[2024-09-01T04:47:03.162+0000] {processor.py:186} INFO - Started process (PID=3304) to work on /home/ubuntu/airflow_snow/lib/python3.12/site-packages/airflow/example_dags/subdags/subdag.py
[2024-09-01T04:47:03.164+0000] {processor.py:914} INFO - Processing file /home/ubuntu/airflow_snow/lib/python3.12/site-packages/airflow/example_dags/subdags/subdag.py for tasks to queue
[2024-09-01T04:47:03.166+0000] {logging_mixin.py:190} INFO - [2024-09-01T04:47:03.165+0000] {dagbag.py:587} INFO - Filling up the DagBag from /home/ubuntu/airflow_snow/lib/python3.12/site-packages/airflow/example_dags/subdags/subdag.py
[2024-09-01T04:47:03.167+0000] {processor.py:927} WARNING - No viable dags retrieved from /home/ubuntu/airflow_snow/lib/python3.12/site-packages/airflow/example_dags/subdags/subdag.py
[2024-09-01T04:47:03.178+0000] {processor.py:208} INFO - Processing /home/ubuntu/airflow_snow/lib/python3.12/site-packages/airflow/example_dags/subdags/subdag.py took 0.022 seconds
[2024-09-01T04:47:51.861+0000] {processor.py:186} INFO - Started process (PID=3355) to work on /home/ubuntu/airflow_snow/lib/python3.12/site-packages/airflow/example_dags/subdags/subdag.py
[2024-09-01T04:47:51.862+0000] {processor.py:914} INFO - Processing file /home/ubuntu/airflow_snow/lib/python3.12/site-packages/airflow/example_dags/subdags/subdag.py for tasks to queue
[2024-09-01T04:47:51.865+0000] {logging_mixin.py:190} INFO - [2024-09-01T04:47:51.865+0000] {dagbag.py:587} INFO - Filling up the DagBag from /home/ubuntu/airflow_snow/lib/python3.12/site-packages/airflow/example_dags/subdags/subdag.py
[2024-09-01T04:47:51.866+0000] {processor.py:927} WARNING - No viable dags retrieved from /home/ubuntu/airflow_snow/lib/python3.12/site-packages/airflow/example_dags/subdags/subdag.py
[2024-09-01T04:47:51.878+0000] {processor.py:208} INFO - Processing /home/ubuntu/airflow_snow/lib/python3.12/site-packages/airflow/example_dags/subdags/subdag.py took 0.024 seconds
[2024-09-01T04:48:39.957+0000] {processor.py:186} INFO - Started process (PID=3406) to work on /home/ubuntu/airflow_snow/lib/python3.12/site-packages/airflow/example_dags/subdags/subdag.py
[2024-09-01T04:48:39.959+0000] {processor.py:914} INFO - Processing file /home/ubuntu/airflow_snow/lib/python3.12/site-packages/airflow/example_dags/subdags/subdag.py for tasks to queue
[2024-09-01T04:48:39.961+0000] {logging_mixin.py:190} INFO - [2024-09-01T04:48:39.960+0000] {dagbag.py:587} INFO - Filling up the DagBag from /home/ubuntu/airflow_snow/lib/python3.12/site-packages/airflow/example_dags/subdags/subdag.py
[2024-09-01T04:48:39.962+0000] {processor.py:927} WARNING - No viable dags retrieved from /home/ubuntu/airflow_snow/lib/python3.12/site-packages/airflow/example_dags/subdags/subdag.py
[2024-09-01T04:48:39.973+0000] {processor.py:208} INFO - Processing /home/ubuntu/airflow_snow/lib/python3.12/site-packages/airflow/example_dags/subdags/subdag.py took 0.021 seconds
[2024-09-01T04:49:30.047+0000] {processor.py:186} INFO - Started process (PID=3456) to work on /home/ubuntu/airflow_snow/lib/python3.12/site-packages/airflow/example_dags/subdags/subdag.py
[2024-09-01T04:49:30.048+0000] {processor.py:914} INFO - Processing file /home/ubuntu/airflow_snow/lib/python3.12/site-packages/airflow/example_dags/subdags/subdag.py for tasks to queue
[2024-09-01T04:49:30.050+0000] {logging_mixin.py:190} INFO - [2024-09-01T04:49:30.050+0000] {dagbag.py:587} INFO - Filling up the DagBag from /home/ubuntu/airflow_snow/lib/python3.12/site-packages/airflow/example_dags/subdags/subdag.py
[2024-09-01T04:49:30.052+0000] {processor.py:927} WARNING - No viable dags retrieved from /home/ubuntu/airflow_snow/lib/python3.12/site-packages/airflow/example_dags/subdags/subdag.py
[2024-09-01T04:49:30.062+0000] {processor.py:208} INFO - Processing /home/ubuntu/airflow_snow/lib/python3.12/site-packages/airflow/example_dags/subdags/subdag.py took 0.020 seconds
[2024-09-01T04:50:14.685+0000] {processor.py:186} INFO - Started process (PID=3504) to work on /home/ubuntu/airflow_snow/lib/python3.12/site-packages/airflow/example_dags/subdags/subdag.py
[2024-09-01T04:50:14.686+0000] {processor.py:914} INFO - Processing file /home/ubuntu/airflow_snow/lib/python3.12/site-packages/airflow/example_dags/subdags/subdag.py for tasks to queue
[2024-09-01T04:50:14.688+0000] {logging_mixin.py:190} INFO - [2024-09-01T04:50:14.688+0000] {dagbag.py:587} INFO - Filling up the DagBag from /home/ubuntu/airflow_snow/lib/python3.12/site-packages/airflow/example_dags/subdags/subdag.py
[2024-09-01T04:50:14.690+0000] {processor.py:927} WARNING - No viable dags retrieved from /home/ubuntu/airflow_snow/lib/python3.12/site-packages/airflow/example_dags/subdags/subdag.py
[2024-09-01T04:50:14.700+0000] {processor.py:208} INFO - Processing /home/ubuntu/airflow_snow/lib/python3.12/site-packages/airflow/example_dags/subdags/subdag.py took 0.022 seconds
[2024-09-01T04:50:58.739+0000] {processor.py:186} INFO - Started process (PID=3556) to work on /home/ubuntu/airflow_snow/lib/python3.12/site-packages/airflow/example_dags/subdags/subdag.py
[2024-09-01T04:50:58.741+0000] {processor.py:914} INFO - Processing file /home/ubuntu/airflow_snow/lib/python3.12/site-packages/airflow/example_dags/subdags/subdag.py for tasks to queue
[2024-09-01T04:50:58.743+0000] {logging_mixin.py:190} INFO - [2024-09-01T04:50:58.742+0000] {dagbag.py:587} INFO - Filling up the DagBag from /home/ubuntu/airflow_snow/lib/python3.12/site-packages/airflow/example_dags/subdags/subdag.py
[2024-09-01T04:50:58.744+0000] {processor.py:927} WARNING - No viable dags retrieved from /home/ubuntu/airflow_snow/lib/python3.12/site-packages/airflow/example_dags/subdags/subdag.py
[2024-09-01T04:50:58.753+0000] {processor.py:208} INFO - Processing /home/ubuntu/airflow_snow/lib/python3.12/site-packages/airflow/example_dags/subdags/subdag.py took 0.019 seconds
[2024-09-01T04:51:48.979+0000] {processor.py:186} INFO - Started process (PID=3609) to work on /home/ubuntu/airflow_snow/lib/python3.12/site-packages/airflow/example_dags/subdags/subdag.py
[2024-09-01T04:51:48.981+0000] {processor.py:914} INFO - Processing file /home/ubuntu/airflow_snow/lib/python3.12/site-packages/airflow/example_dags/subdags/subdag.py for tasks to queue
[2024-09-01T04:51:48.983+0000] {logging_mixin.py:190} INFO - [2024-09-01T04:51:48.982+0000] {dagbag.py:587} INFO - Filling up the DagBag from /home/ubuntu/airflow_snow/lib/python3.12/site-packages/airflow/example_dags/subdags/subdag.py
[2024-09-01T04:51:48.984+0000] {processor.py:927} WARNING - No viable dags retrieved from /home/ubuntu/airflow_snow/lib/python3.12/site-packages/airflow/example_dags/subdags/subdag.py
[2024-09-01T04:51:48.994+0000] {processor.py:208} INFO - Processing /home/ubuntu/airflow_snow/lib/python3.12/site-packages/airflow/example_dags/subdags/subdag.py took 0.020 seconds
[2024-09-01T04:52:38.152+0000] {processor.py:186} INFO - Started process (PID=3659) to work on /home/ubuntu/airflow_snow/lib/python3.12/site-packages/airflow/example_dags/subdags/subdag.py
[2024-09-01T04:52:38.154+0000] {processor.py:914} INFO - Processing file /home/ubuntu/airflow_snow/lib/python3.12/site-packages/airflow/example_dags/subdags/subdag.py for tasks to queue
[2024-09-01T04:52:38.156+0000] {logging_mixin.py:190} INFO - [2024-09-01T04:52:38.155+0000] {dagbag.py:587} INFO - Filling up the DagBag from /home/ubuntu/airflow_snow/lib/python3.12/site-packages/airflow/example_dags/subdags/subdag.py
[2024-09-01T04:52:38.158+0000] {processor.py:927} WARNING - No viable dags retrieved from /home/ubuntu/airflow_snow/lib/python3.12/site-packages/airflow/example_dags/subdags/subdag.py
[2024-09-01T04:52:38.167+0000] {processor.py:208} INFO - Processing /home/ubuntu/airflow_snow/lib/python3.12/site-packages/airflow/example_dags/subdags/subdag.py took 0.020 seconds
